2011.06.20 18:30 B F:\xampp\htdocs\zf-tutorial\library\Zend\Acl\Resource\Interface.php --> ftp.portalridgid.com.br /public_html/zf-tutorial/library/Zend/Acl/Resource Interface.php
2011.06.30 03:46 B F:\xampp\htdocs\zendLibrary\Zend\Acl\Resource\WS_FTP.LOG --> ftp.sbrafh.org.br /sbrafh/Web/zendLibrary/Zend/Acl/Resource WS_FTP.LOG
2011.06.30 03:46 B F:\xampp\htdocs\zendLibrary\Zend\Acl\Resource\Interface.php --> ftp.sbrafh.org.br /sbrafh/Web/zendLibrary/Zend/Acl/Resource Interface.php
2011.07.08 23:42 B F:\xampp\htdocs\zendLibrary\Zend\Acl\Resource\Interface.php --> ftp.radiofone.com.br /public_html/radiofone/zendLibrary/Zend/Acl/Resource Interface.php
2011.07.08 23:42 B F:\xampp\htdocs\zendLibrary\Zend\Acl\Resource\WS_FTP.LOG --> ftp.radiofone.com.br /public_html/radiofone/zendLibrary/Zend/Acl/Resource WS_FTP.LOG
2011.07.26 22:43 B F:\xampp\htdocs\zendLibrary\Zend\Acl\Resource\Interface.php --> ftp.sobrafo.org.br /public_html/zendLibrary/Zend/Acl/Resource Interface.php
2011.07.26 22:43 B F:\xampp\htdocs\zendLibrary\Zend\Acl\Resource\WS_FTP.LOG --> ftp.sobrafo.org.br /public_html/zendLibrary/Zend/Acl/Resource WS_FTP.LOG
2011.08.05 00:57 B F:\xampp\htdocs\ZendLibrary\Zend\Acl\Resource\WS_FTP.LOG --> ftp.portalridgid.com.br /public_html/zendLibrary/Zend/Acl/Resource WS_FTP.LOG
2011.08.09 16:53 B F:\xampp\htdocs\ZendLibrary\Zend\Acl\Resource\Interface.php --> ftp.amfar.com.br /public_html/ZendLibrary/Zend/Acl/Resource Interface.php
2011.08.09 16:53 B F:\xampp\htdocs\ZendLibrary\Zend\Acl\Resource\WS_FTP.LOG --> ftp.amfar.com.br /public_html/ZendLibrary/Zend/Acl/Resource WS_FTP.LOG
2011.08.22 20:55 B X:\xampp\htdocs\ZendLibrary\Zend\Acl\Resource\Interface.php --> ftp.jairodepaula.com.br /jairodepaula/web/ZendLibrary/Zend/Acl/Resource Interface.php
2011.08.22 20:55 B X:\xampp\htdocs\ZendLibrary\Zend\Acl\Resource\WS_FTP.LOG --> ftp.jairodepaula.com.br /jairodepaula/web/ZendLibrary/Zend/Acl/Resource WS_FTP.LOG
2011.12.31 14:46 B F:\xampp\htdocs\ZendLibrary\Zend\Acl\Resource\Interface.php --> ftp.sbrafh.org.br /public_html/ZendLibrary/Zend/Acl/Resource Interface.php
2011.12.31 14:46 B F:\xampp\htdocs\ZendLibrary\Zend\Acl\Resource\WS_FTP.LOG --> ftp.sbrafh.org.br /public_html/ZendLibrary/Zend/Acl/Resource WS_FTP.LOG
2012.01.06 03:14 B F:\xampp\htdocs\ZendLibrary\Zend\Acl\Resource\Interface.php --> ftp461.locaweb.com.br /ridgid/web/ZendLibrary/Zend/Acl/Resource Interface.php
2012.01.06 03:14 B F:\xampp\htdocs\ZendLibrary\Zend\Acl\Resource\WS_FTP.LOG --> ftp461.locaweb.com.br /ridgid/web/ZendLibrary/Zend/Acl/Resource WS_FTP.LOG
2012.01.24 17:26 B F:\xampp\htdocs\ZendLibrary\Zend\Acl\Resource\Interface.php --> graficamarmar.com.br /htdocs/ZendLibrary/Zend/Acl/Resource Interface.php
2012.01.24 17:26 B F:\xampp\htdocs\ZendLibrary\Zend\Acl\Resource\WS_FTP.LOG --> graficamarmar.com.br /htdocs/ZendLibrary/Zend/Acl/Resource WS_FTP.LOG
2012.02.08 17:02 B F:\xampp\htdocs\ZendLibrary\Zend\Acl\Resource\Interface.php --> graficamarmar.hospedagemdesites.ws /public_html/ZendLibrary/Zend/Acl/Resource Interface.php
2012.02.08 17:02 B F:\xampp\htdocs\ZendLibrary\Zend\Acl\Resource\WS_FTP.LOG --> graficamarmar.hospedagemdesites.ws /public_html/ZendLibrary/Zend/Acl/Resource WS_FTP.LOG
2012.10.29 14:39 B F:\xampp\htdocs\ZendLibrary\Zend\Acl\Resource\Interface.php --> 186.202.153.85 /public_html/ZendLibrary/Zend/Acl/Resource Interface.php
2012.10.29 14:39 B F:\xampp\htdocs\ZendLibrary\Zend\Acl\Resource\WS_FTP.LOG --> 186.202.153.85 /public_html/ZendLibrary/Zend/Acl/Resource WS_FTP.LOG
