2011.06.20 18:47 B F:\xampp\htdocs\zf-tutorial\library\Zend\Mail\Storage\Abstract.php --> ftp.portalridgid.com.br /public_html/zf-tutorial/library/Zend/Mail/Storage Abstract.php
2011.06.20 18:47 B F:\xampp\htdocs\zf-tutorial\library\Zend\Mail\Storage\Exception.php --> ftp.portalridgid.com.br /public_html/zf-tutorial/library/Zend/Mail/Storage Exception.php
2011.06.20 18:47 B F:\xampp\htdocs\zf-tutorial\library\Zend\Mail\Storage\Folder.php --> ftp.portalridgid.com.br /public_html/zf-tutorial/library/Zend/Mail/Storage Folder.php
2011.06.20 18:47 B F:\xampp\htdocs\zf-tutorial\library\Zend\Mail\Storage\Imap.php --> ftp.portalridgid.com.br /public_html/zf-tutorial/library/Zend/Mail/Storage Imap.php
2011.06.20 18:47 B F:\xampp\htdocs\zf-tutorial\library\Zend\Mail\Storage\Maildir.php --> ftp.portalridgid.com.br /public_html/zf-tutorial/library/Zend/Mail/Storage Maildir.php
2011.06.20 18:47 B F:\xampp\htdocs\zf-tutorial\library\Zend\Mail\Storage\Mbox.php --> ftp.portalridgid.com.br /public_html/zf-tutorial/library/Zend/Mail/Storage Mbox.php
2011.06.20 18:47 B F:\xampp\htdocs\zf-tutorial\library\Zend\Mail\Storage\Pop3.php --> ftp.portalridgid.com.br /public_html/zf-tutorial/library/Zend/Mail/Storage Pop3.php
2011.06.30 03:23 B F:\xampp\htdocs\zendLibrary\Zend\Mail\Storage\WS_FTP.LOG --> ftp.sbrafh.org.br /sbrafh/Web/zendLibrary/Zend/Mail/Storage WS_FTP.LOG
2011.06.30 03:23 B F:\xampp\htdocs\zendLibrary\Zend\Mail\Storage\Pop3.php --> ftp.sbrafh.org.br /sbrafh/Web/zendLibrary/Zend/Mail/Storage Pop3.php
2011.06.30 03:23 B F:\xampp\htdocs\zendLibrary\Zend\Mail\Storage\Mbox.php --> ftp.sbrafh.org.br /sbrafh/Web/zendLibrary/Zend/Mail/Storage Mbox.php
2011.06.30 03:23 B F:\xampp\htdocs\zendLibrary\Zend\Mail\Storage\Maildir.php --> ftp.sbrafh.org.br /sbrafh/Web/zendLibrary/Zend/Mail/Storage Maildir.php
2011.06.30 03:23 B F:\xampp\htdocs\zendLibrary\Zend\Mail\Storage\Imap.php --> ftp.sbrafh.org.br /sbrafh/Web/zendLibrary/Zend/Mail/Storage Imap.php
2011.06.30 03:23 B F:\xampp\htdocs\zendLibrary\Zend\Mail\Storage\Folder.php --> ftp.sbrafh.org.br /sbrafh/Web/zendLibrary/Zend/Mail/Storage Folder.php
2011.06.30 03:23 B F:\xampp\htdocs\zendLibrary\Zend\Mail\Storage\Exception.php --> ftp.sbrafh.org.br /sbrafh/Web/zendLibrary/Zend/Mail/Storage Exception.php
2011.06.30 03:23 B F:\xampp\htdocs\zendLibrary\Zend\Mail\Storage\Abstract.php --> ftp.sbrafh.org.br /sbrafh/Web/zendLibrary/Zend/Mail/Storage Abstract.php
2011.07.09 00:12 B F:\xampp\htdocs\zendLibrary\Zend\Mail\Storage\Abstract.php --> ftp.radiofone.com.br /public_html/radiofone/zendLibrary/Zend/Mail/Storage Abstract.php
2011.07.09 00:12 B F:\xampp\htdocs\zendLibrary\Zend\Mail\Storage\Exception.php --> ftp.radiofone.com.br /public_html/radiofone/zendLibrary/Zend/Mail/Storage Exception.php
2011.07.09 00:12 B F:\xampp\htdocs\zendLibrary\Zend\Mail\Storage\Folder.php --> ftp.radiofone.com.br /public_html/radiofone/zendLibrary/Zend/Mail/Storage Folder.php
2011.07.09 00:12 B F:\xampp\htdocs\zendLibrary\Zend\Mail\Storage\Imap.php --> ftp.radiofone.com.br /public_html/radiofone/zendLibrary/Zend/Mail/Storage Imap.php
2011.07.09 00:12 B F:\xampp\htdocs\zendLibrary\Zend\Mail\Storage\Maildir.php --> ftp.radiofone.com.br /public_html/radiofone/zendLibrary/Zend/Mail/Storage Maildir.php
2011.07.09 00:12 B F:\xampp\htdocs\zendLibrary\Zend\Mail\Storage\Mbox.php --> ftp.radiofone.com.br /public_html/radiofone/zendLibrary/Zend/Mail/Storage Mbox.php
2011.07.09 00:12 B F:\xampp\htdocs\zendLibrary\Zend\Mail\Storage\Pop3.php --> ftp.radiofone.com.br /public_html/radiofone/zendLibrary/Zend/Mail/Storage Pop3.php
2011.07.09 00:12 B F:\xampp\htdocs\zendLibrary\Zend\Mail\Storage\WS_FTP.LOG --> ftp.radiofone.com.br /public_html/radiofone/zendLibrary/Zend/Mail/Storage WS_FTP.LOG
2011.07.26 23:01 B F:\xampp\htdocs\zendLibrary\Zend\Mail\Storage\Abstract.php --> ftp.sobrafo.org.br /public_html/zendLibrary/Zend/Mail/Storage Abstract.php
2011.07.26 23:01 B F:\xampp\htdocs\zendLibrary\Zend\Mail\Storage\Exception.php --> ftp.sobrafo.org.br /public_html/zendLibrary/Zend/Mail/Storage Exception.php
2011.07.26 23:01 B F:\xampp\htdocs\zendLibrary\Zend\Mail\Storage\Folder.php --> ftp.sobrafo.org.br /public_html/zendLibrary/Zend/Mail/Storage Folder.php
2011.07.26 23:01 B F:\xampp\htdocs\zendLibrary\Zend\Mail\Storage\Imap.php --> ftp.sobrafo.org.br /public_html/zendLibrary/Zend/Mail/Storage Imap.php
2011.07.26 23:01 B F:\xampp\htdocs\zendLibrary\Zend\Mail\Storage\Maildir.php --> ftp.sobrafo.org.br /public_html/zendLibrary/Zend/Mail/Storage Maildir.php
2011.07.26 23:01 B F:\xampp\htdocs\zendLibrary\Zend\Mail\Storage\Mbox.php --> ftp.sobrafo.org.br /public_html/zendLibrary/Zend/Mail/Storage Mbox.php
2011.07.26 23:01 B F:\xampp\htdocs\zendLibrary\Zend\Mail\Storage\Pop3.php --> ftp.sobrafo.org.br /public_html/zendLibrary/Zend/Mail/Storage Pop3.php
2011.07.26 23:01 B F:\xampp\htdocs\zendLibrary\Zend\Mail\Storage\WS_FTP.LOG --> ftp.sobrafo.org.br /public_html/zendLibrary/Zend/Mail/Storage WS_FTP.LOG
2011.08.09 17:22 B F:\xampp\htdocs\ZendLibrary\Zend\Mail\Storage\Abstract.php --> ftp.amfar.com.br /public_html/ZendLibrary/Zend/Mail/Storage Abstract.php
2011.08.09 17:22 B F:\xampp\htdocs\ZendLibrary\Zend\Mail\Storage\Exception.php --> ftp.amfar.com.br /public_html/ZendLibrary/Zend/Mail/Storage Exception.php
2011.08.09 17:22 B F:\xampp\htdocs\ZendLibrary\Zend\Mail\Storage\Folder.php --> ftp.amfar.com.br /public_html/ZendLibrary/Zend/Mail/Storage Folder.php
2011.08.09 17:22 B F:\xampp\htdocs\ZendLibrary\Zend\Mail\Storage\Imap.php --> ftp.amfar.com.br /public_html/ZendLibrary/Zend/Mail/Storage Imap.php
2011.08.09 17:22 B F:\xampp\htdocs\ZendLibrary\Zend\Mail\Storage\Maildir.php --> ftp.amfar.com.br /public_html/ZendLibrary/Zend/Mail/Storage Maildir.php
2011.08.09 17:22 B F:\xampp\htdocs\ZendLibrary\Zend\Mail\Storage\Mbox.php --> ftp.amfar.com.br /public_html/ZendLibrary/Zend/Mail/Storage Mbox.php
2011.08.09 17:22 B F:\xampp\htdocs\ZendLibrary\Zend\Mail\Storage\Pop3.php --> ftp.amfar.com.br /public_html/ZendLibrary/Zend/Mail/Storage Pop3.php
