2007.07.25 03:54 B Z:\amfar\css\background.png --> ftp635.locaweb.com.br /public_html/css background.png
2007.07.25 03:54 B Z:\amfar\css\blank.png --> ftp635.locaweb.com.br /public_html/css blank.png
2007.07.25 03:54 B Z:\amfar\css\calendar.css --> ftp635.locaweb.com.br /public_html/css calendar.css
2007.07.25 03:54 B Z:\amfar\css\dotsGray.png --> ftp635.locaweb.com.br /public_html/css dotsGray.png
2007.07.25 03:54 B Z:\amfar\css\fundoMenu.png --> ftp635.locaweb.com.br /public_html/css fundoMenu.png
2007.07.25 03:54 B Z:\amfar\css\fundotopo.gif --> ftp635.locaweb.com.br /public_html/css fundotopo.gif
2007.07.25 03:54 B Z:\amfar\css\fundoTopo.png --> ftp635.locaweb.com.br /public_html/css fundoTopo.png
2007.07.25 03:54 B Z:\amfar\css\h_arrow.gif --> ftp635.locaweb.com.br /public_html/css h_arrow.gif
2007.07.25 03:54 B Z:\amfar\css\seta.jpg --> ftp635.locaweb.com.br /public_html/css seta.jpg
2007.07.25 03:54 B Z:\amfar\css\setalaranja.gif --> ftp635.locaweb.com.br /public_html/css setalaranja.gif
2007.07.25 03:54 B Z:\amfar\css\style.css --> ftp635.locaweb.com.br /public_html/css style.css
2007.07.25 03:54 B Z:\amfar\css\tri.png --> ftp635.locaweb.com.br /public_html/css tri.png
2007.07.25 03:54 B Z:\amfar\css\tridown.png --> ftp635.locaweb.com.br /public_html/css tridown.png
2007.07.25 03:54 B Z:\amfar\css\tridown_white.png --> ftp635.locaweb.com.br /public_html/css tridown_white.png
2007.07.26 03:57 B Z:\amfar\css\noticias.css --> ftp635.locaweb.com.br /public_html/css noticias.css
2007.07.26 04:09 B Z:\amfar\css\eventos.css --> ftp635.locaweb.com.br /public_html/css eventos.css
2007.07.26 04:28 B Z:\amfar\css\eventos.css --> ftp635.locaweb.com.br /public_html/css eventos.css
2007.07.26 04:50 B Z:\amfar\css\cursos.css --> ftp635.locaweb.com.br /public_html/css cursos.css
2007.07.26 04:51 B Z:\amfar\css\cursos.css --> ftp635.locaweb.com.br /public_html cursos.css
2007.07.26 23:57 B Z:\amfar\css\style.css --> ftp635.locaweb.com.br /public_html/css style.css
2007.07.26 23:58 B Z:\amfar\css\style.css --> ftp635.locaweb.com.br /public_html/css style.css
2007.07.27 01:17 B Z:\amfar\css\title_bg.jpg --> ftp635.locaweb.com.br /public_html/css title_bg.jpg
2007.07.27 01:44 B Z:\amfar\css\cursos.css --> ftp635.locaweb.com.br /public_html/css cursos.css
2007.07.27 01:45 B Z:\amfar\css\cursos.css --> ftp635.locaweb.com.br /public_html/css cursos.css
2007.08.06 19:24 B Z:\amfar\css\eventos.css --> ftp635.locaweb.com.br /public_html/css eventos.css
2007.08.06 19:24 B Z:\amfar\css\Thumbs.db --> ftp635.locaweb.com.br /public_html/css Thumbs.db
