2011.06.20 18:39 B F:\xampp\htdocs\zf-tutorial\library\Zend\InfoCard\Xml\Security\Transform\EnvelopedSignature.php --> ftp.portalridgid.com.br /public_html/zf-tutorial/library/Zend/InfoCard/Xml/Security/Transform EnvelopedSignature.php
2011.06.20 18:39 B F:\xampp\htdocs\zf-tutorial\library\Zend\InfoCard\Xml\Security\Transform\Exception.php --> ftp.portalridgid.com.br /public_html/zf-tutorial/library/Zend/InfoCard/Xml/Security/Transform Exception.php
2011.06.20 18:39 B F:\xampp\htdocs\zf-tutorial\library\Zend\InfoCard\Xml\Security\Transform\Interface.php --> ftp.portalridgid.com.br /public_html/zf-tutorial/library/Zend/InfoCard/Xml/Security/Transform Interface.php
2011.06.20 18:39 B F:\xampp\htdocs\zf-tutorial\library\Zend\InfoCard\Xml\Security\Transform\XmlExcC14N.php --> ftp.portalridgid.com.br /public_html/zf-tutorial/library/Zend/InfoCard/Xml/Security/Transform XmlExcC14N.php
2011.06.30 03:32 B F:\xampp\htdocs\zendLibrary\Zend\InfoCard\Xml\Security\Transform\WS_FTP.LOG --> ftp.sbrafh.org.br /sbrafh/Web/zendLibrary/Zend/InfoCard/Xml/Security/Transform WS_FTP.LOG
2011.06.30 03:32 B F:\xampp\htdocs\zendLibrary\Zend\InfoCard\Xml\Security\Transform\XmlExcC14N.php --> ftp.sbrafh.org.br /sbrafh/Web/zendLibrary/Zend/InfoCard/Xml/Security/Transform XmlExcC14N.php
2011.06.30 03:32 B F:\xampp\htdocs\zendLibrary\Zend\InfoCard\Xml\Security\Transform\Interface.php --> ftp.sbrafh.org.br /sbrafh/Web/zendLibrary/Zend/InfoCard/Xml/Security/Transform Interface.php
2011.06.30 03:32 B F:\xampp\htdocs\zendLibrary\Zend\InfoCard\Xml\Security\Transform\Exception.php --> ftp.sbrafh.org.br /sbrafh/Web/zendLibrary/Zend/InfoCard/Xml/Security/Transform Exception.php
2011.06.30 03:32 B F:\xampp\htdocs\zendLibrary\Zend\InfoCard\Xml\Security\Transform\EnvelopedSignature.php --> ftp.sbrafh.org.br /sbrafh/Web/zendLibrary/Zend/InfoCard/Xml/Security/Transform EnvelopedSignature.php
2011.07.08 23:53 B F:\xampp\htdocs\zendLibrary\Zend\InfoCard\Xml\Security\Transform\EnvelopedSignature.php --> ftp.radiofone.com.br /public_html/radiofone/zendLibrary/Zend/InfoCard/Xml/Security/Transform EnvelopedSignature.php
2011.07.08 23:53 B F:\xampp\htdocs\zendLibrary\Zend\InfoCard\Xml\Security\Transform\Exception.php --> ftp.radiofone.com.br /public_html/radiofone/zendLibrary/Zend/InfoCard/Xml/Security/Transform Exception.php
2011.07.08 23:53 B F:\xampp\htdocs\zendLibrary\Zend\InfoCard\Xml\Security\Transform\Interface.php --> ftp.radiofone.com.br /public_html/radiofone/zendLibrary/Zend/InfoCard/Xml/Security/Transform Interface.php
2011.07.08 23:53 B F:\xampp\htdocs\zendLibrary\Zend\InfoCard\Xml\Security\Transform\WS_FTP.LOG --> ftp.radiofone.com.br /public_html/radiofone/zendLibrary/Zend/InfoCard/Xml/Security/Transform WS_FTP.LOG
2011.07.08 23:53 B F:\xampp\htdocs\zendLibrary\Zend\InfoCard\Xml\Security\Transform\XmlExcC14N.php --> ftp.radiofone.com.br /public_html/radiofone/zendLibrary/Zend/InfoCard/Xml/Security/Transform XmlExcC14N.php
2011.07.26 22:54 B F:\xampp\htdocs\zendLibrary\Zend\InfoCard\Xml\Security\Transform\EnvelopedSignature.php --> ftp.sobrafo.org.br /public_html/zendLibrary/Zend/InfoCard/Xml/Security/Transform EnvelopedSignature.php
2011.07.26 22:54 B F:\xampp\htdocs\zendLibrary\Zend\InfoCard\Xml\Security\Transform\Exception.php --> ftp.sobrafo.org.br /public_html/zendLibrary/Zend/InfoCard/Xml/Security/Transform Exception.php
2011.07.26 22:54 B F:\xampp\htdocs\zendLibrary\Zend\InfoCard\Xml\Security\Transform\Interface.php --> ftp.sobrafo.org.br /public_html/zendLibrary/Zend/InfoCard/Xml/Security/Transform Interface.php
2011.07.26 22:54 B F:\xampp\htdocs\zendLibrary\Zend\InfoCard\Xml\Security\Transform\WS_FTP.LOG --> ftp.sobrafo.org.br /public_html/zendLibrary/Zend/InfoCard/Xml/Security/Transform WS_FTP.LOG
2011.07.26 22:54 B F:\xampp\htdocs\zendLibrary\Zend\InfoCard\Xml\Security\Transform\XmlExcC14N.php --> ftp.sobrafo.org.br /public_html/zendLibrary/Zend/InfoCard/Xml/Security/Transform XmlExcC14N.php
2011.08.09 17:14 B F:\xampp\htdocs\ZendLibrary\Zend\InfoCard\Xml\Security\Transform\EnvelopedSignature.php --> ftp.amfar.com.br /public_html/ZendLibrary/Zend/InfoCard/Xml/Security/Transform EnvelopedSignature.php
2011.08.09 17:14 B F:\xampp\htdocs\ZendLibrary\Zend\InfoCard\Xml\Security\Transform\Exception.php --> ftp.amfar.com.br /public_html/ZendLibrary/Zend/InfoCard/Xml/Security/Transform Exception.php
2011.08.09 17:14 B F:\xampp\htdocs\ZendLibrary\Zend\InfoCard\Xml\Security\Transform\Interface.php --> ftp.amfar.com.br /public_html/ZendLibrary/Zend/InfoCard/Xml/Security/Transform Interface.php
