2011.06.20 18:32 B F:\xampp\htdocs\zf-tutorial\library\Zend\Crypt\Math\BigInteger\Bcmath.php --> ftp.portalridgid.com.br /public_html/zf-tutorial/library/Zend/Crypt/Math/BigInteger Bcmath.php
2011.06.20 18:32 B F:\xampp\htdocs\zf-tutorial\library\Zend\Crypt\Math\BigInteger\Exception.php --> ftp.portalridgid.com.br /public_html/zf-tutorial/library/Zend/Crypt/Math/BigInteger Exception.php
2011.06.20 18:32 B F:\xampp\htdocs\zf-tutorial\library\Zend\Crypt\Math\BigInteger\Gmp.php --> ftp.portalridgid.com.br /public_html/zf-tutorial/library/Zend/Crypt/Math/BigInteger Gmp.php
2011.06.20 18:32 B F:\xampp\htdocs\zf-tutorial\library\Zend\Crypt\Math\BigInteger\Interface.php --> ftp.portalridgid.com.br /public_html/zf-tutorial/library/Zend/Crypt/Math/BigInteger Interface.php
2011.06.30 03:42 B F:\xampp\htdocs\zendLibrary\Zend\Crypt\Math\BigInteger\WS_FTP.LOG --> ftp.sbrafh.org.br /sbrafh/Web/zendLibrary/Zend/Crypt/Math/BigInteger WS_FTP.LOG
2011.06.30 03:42 B F:\xampp\htdocs\zendLibrary\Zend\Crypt\Math\BigInteger\Interface.php --> ftp.sbrafh.org.br /sbrafh/Web/zendLibrary/Zend/Crypt/Math/BigInteger Interface.php
2011.06.30 03:42 B F:\xampp\htdocs\zendLibrary\Zend\Crypt\Math\BigInteger\Gmp.php --> ftp.sbrafh.org.br /sbrafh/Web/zendLibrary/Zend/Crypt/Math/BigInteger Gmp.php
2011.06.30 03:42 B F:\xampp\htdocs\zendLibrary\Zend\Crypt\Math\BigInteger\Exception.php --> ftp.sbrafh.org.br /sbrafh/Web/zendLibrary/Zend/Crypt/Math/BigInteger Exception.php
2011.06.30 03:42 B F:\xampp\htdocs\zendLibrary\Zend\Crypt\Math\BigInteger\Bcmath.php --> ftp.sbrafh.org.br /sbrafh/Web/zendLibrary/Zend/Crypt/Math/BigInteger Bcmath.php
2011.07.08 23:45 B F:\xampp\htdocs\zendLibrary\Zend\Crypt\Math\BigInteger\Bcmath.php --> ftp.radiofone.com.br /public_html/radiofone/zendLibrary/Zend/Crypt/Math/BigInteger Bcmath.php
2011.07.08 23:45 B F:\xampp\htdocs\zendLibrary\Zend\Crypt\Math\BigInteger\Exception.php --> ftp.radiofone.com.br /public_html/radiofone/zendLibrary/Zend/Crypt/Math/BigInteger Exception.php
2011.07.08 23:45 B F:\xampp\htdocs\zendLibrary\Zend\Crypt\Math\BigInteger\Gmp.php --> ftp.radiofone.com.br /public_html/radiofone/zendLibrary/Zend/Crypt/Math/BigInteger Gmp.php
2011.07.08 23:46 B F:\xampp\htdocs\zendLibrary\Zend\Crypt\Math\BigInteger\Interface.php --> ftp.radiofone.com.br /public_html/radiofone/zendLibrary/Zend/Crypt/Math/BigInteger Interface.php
2011.07.08 23:46 B F:\xampp\htdocs\zendLibrary\Zend\Crypt\Math\BigInteger\WS_FTP.LOG --> ftp.radiofone.com.br /public_html/radiofone/zendLibrary/Zend/Crypt/Math/BigInteger WS_FTP.LOG
2011.07.09 00:45 B F:\xampp\htdocs\zendLibrary\Zend\Crypt\Math\BigInteger\WS_FTP.LOG --> ftp.radiofone.com.br /public_html/radiofone/zendLibrary/Zend/Crypt/Math/BigInteger WS_FTP.LOG
2011.07.26 22:46 B F:\xampp\htdocs\zendLibrary\Zend\Crypt\Math\BigInteger\Bcmath.php --> ftp.sobrafo.org.br /public_html/zendLibrary/Zend/Crypt/Math/BigInteger Bcmath.php
2011.07.26 22:46 B F:\xampp\htdocs\zendLibrary\Zend\Crypt\Math\BigInteger\Exception.php --> ftp.sobrafo.org.br /public_html/zendLibrary/Zend/Crypt/Math/BigInteger Exception.php
2011.07.26 22:46 B F:\xampp\htdocs\zendLibrary\Zend\Crypt\Math\BigInteger\Gmp.php --> ftp.sobrafo.org.br /public_html/zendLibrary/Zend/Crypt/Math/BigInteger Gmp.php
2011.07.26 22:46 B F:\xampp\htdocs\zendLibrary\Zend\Crypt\Math\BigInteger\Interface.php --> ftp.sobrafo.org.br /public_html/zendLibrary/Zend/Crypt/Math/BigInteger Interface.php
2011.07.26 22:46 B F:\xampp\htdocs\zendLibrary\Zend\Crypt\Math\BigInteger\WS_FTP.LOG --> ftp.sobrafo.org.br /public_html/zendLibrary/Zend/Crypt/Math/BigInteger WS_FTP.LOG
2011.08.05 01:03 B F:\xampp\htdocs\ZendLibrary\Zend\Crypt\Math\BigInteger\WS_FTP.LOG --> ftp.portalridgid.com.br /public_html/zendLibrary/Zend/Crypt/Math/BigInteger WS_FTP.LOG
2011.08.09 16:56 B F:\xampp\htdocs\ZendLibrary\Zend\Crypt\Math\BigInteger\Bcmath.php --> ftp.amfar.com.br /public_html/ZendLibrary/Zend/Crypt/Math/BigInteger Bcmath.php
2011.08.09 16:56 B F:\xampp\htdocs\ZendLibrary\Zend\Crypt\Math\BigInteger\Exception.php --> ftp.amfar.com.br /public_html/ZendLibrary/Zend/Crypt/Math/BigInteger Exception.php
2011.08.09 16:56 B F:\xampp\htdocs\ZendLibrary\Zend\Crypt\Math\BigInteger\Gmp.php --> ftp.amfar.com.br /public_html/ZendLibrary/Zend/Crypt/Math/BigInteger Gmp.php
2011.08.09 16:56 B F:\xampp\htdocs\ZendLibrary\Zend\Crypt\Math\BigInteger\Interface.php --> ftp.amfar.com.br /public_html/ZendLibrary/Zend/Crypt/Math/BigInteger Interface.php
