2011.06.20 18:53 B F:\xampp\htdocs\zf-tutorial\library\Zend\Service\Ebay\Finding\Abstract.php --> ftp.portalridgid.com.br /public_html/zf-tutorial/library/Zend/Service/Ebay/Finding Abstract.php
2011.06.20 18:53 B F:\xampp\htdocs\zf-tutorial\library\Zend\Service\Ebay\Finding\Aspect.php --> ftp.portalridgid.com.br /public_html/zf-tutorial/library/Zend/Service/Ebay/Finding Aspect.php
2011.06.20 18:53 B F:\xampp\htdocs\zf-tutorial\library\Zend\Service\Ebay\Finding\Category.php --> ftp.portalridgid.com.br /public_html/zf-tutorial/library/Zend/Service/Ebay/Finding Category.php
2011.06.20 18:53 B F:\xampp\htdocs\zf-tutorial\library\Zend\Service\Ebay\Finding\Exception.php --> ftp.portalridgid.com.br /public_html/zf-tutorial/library/Zend/Service/Ebay/Finding Exception.php
2011.06.20 18:53 B F:\xampp\htdocs\zf-tutorial\library\Zend\Service\Ebay\Finding\ListingInfo.php --> ftp.portalridgid.com.br /public_html/zf-tutorial/library/Zend/Service/Ebay/Finding ListingInfo.php
2011.06.20 18:53 B F:\xampp\htdocs\zf-tutorial\library\Zend\Service\Ebay\Finding\PaginationOutput.php --> ftp.portalridgid.com.br /public_html/zf-tutorial/library/Zend/Service/Ebay/Finding PaginationOutput.php
2011.06.20 18:53 B F:\xampp\htdocs\zf-tutorial\library\Zend\Service\Ebay\Finding\SellerInfo.php --> ftp.portalridgid.com.br /public_html/zf-tutorial/library/Zend/Service/Ebay/Finding SellerInfo.php
2011.06.20 18:53 B F:\xampp\htdocs\zf-tutorial\library\Zend\Service\Ebay\Finding\SellingStatus.php --> ftp.portalridgid.com.br /public_html/zf-tutorial/library/Zend/Service/Ebay/Finding SellingStatus.php
2011.06.20 18:53 B F:\xampp\htdocs\zf-tutorial\library\Zend\Service\Ebay\Finding\ShippingInfo.php --> ftp.portalridgid.com.br /public_html/zf-tutorial/library/Zend/Service/Ebay/Finding ShippingInfo.php
2011.06.20 18:53 B F:\xampp\htdocs\zf-tutorial\library\Zend\Service\Ebay\Finding\Storefront.php --> ftp.portalridgid.com.br /public_html/zf-tutorial/library/Zend/Service/Ebay/Finding Storefront.php
2011.06.30 03:14 B F:\xampp\htdocs\zendLibrary\Zend\Service\Ebay\Finding\WS_FTP.LOG --> ftp.sbrafh.org.br /sbrafh/Web/zendLibrary/Zend/Service/Ebay/Finding WS_FTP.LOG
2011.06.30 03:14 B F:\xampp\htdocs\zendLibrary\Zend\Service\Ebay\Finding\Storefront.php --> ftp.sbrafh.org.br /sbrafh/Web/zendLibrary/Zend/Service/Ebay/Finding Storefront.php
2011.06.30 03:14 B F:\xampp\htdocs\zendLibrary\Zend\Service\Ebay\Finding\ShippingInfo.php --> ftp.sbrafh.org.br /sbrafh/Web/zendLibrary/Zend/Service/Ebay/Finding ShippingInfo.php
2011.06.30 03:14 B F:\xampp\htdocs\zendLibrary\Zend\Service\Ebay\Finding\SellingStatus.php --> ftp.sbrafh.org.br /sbrafh/Web/zendLibrary/Zend/Service/Ebay/Finding SellingStatus.php
2011.06.30 03:14 B F:\xampp\htdocs\zendLibrary\Zend\Service\Ebay\Finding\SellerInfo.php --> ftp.sbrafh.org.br /sbrafh/Web/zendLibrary/Zend/Service/Ebay/Finding SellerInfo.php
2011.06.30 03:14 B F:\xampp\htdocs\zendLibrary\Zend\Service\Ebay\Finding\PaginationOutput.php --> ftp.sbrafh.org.br /sbrafh/Web/zendLibrary/Zend/Service/Ebay/Finding PaginationOutput.php
2011.06.30 03:14 B F:\xampp\htdocs\zendLibrary\Zend\Service\Ebay\Finding\ListingInfo.php --> ftp.sbrafh.org.br /sbrafh/Web/zendLibrary/Zend/Service/Ebay/Finding ListingInfo.php
2011.06.30 03:14 B F:\xampp\htdocs\zendLibrary\Zend\Service\Ebay\Finding\Exception.php --> ftp.sbrafh.org.br /sbrafh/Web/zendLibrary/Zend/Service/Ebay/Finding Exception.php
2011.06.30 03:14 B F:\xampp\htdocs\zendLibrary\Zend\Service\Ebay\Finding\Category.php --> ftp.sbrafh.org.br /sbrafh/Web/zendLibrary/Zend/Service/Ebay/Finding Category.php
2011.06.30 03:14 B F:\xampp\htdocs\zendLibrary\Zend\Service\Ebay\Finding\Aspect.php --> ftp.sbrafh.org.br /sbrafh/Web/zendLibrary/Zend/Service/Ebay/Finding Aspect.php
2011.06.30 03:14 B F:\xampp\htdocs\zendLibrary\Zend\Service\Ebay\Finding\Abstract.php --> ftp.sbrafh.org.br /sbrafh/Web/zendLibrary/Zend/Service/Ebay/Finding Abstract.php
2011.07.09 00:20 B F:\xampp\htdocs\zendLibrary\Zend\Service\Ebay\Finding\Abstract.php --> ftp.radiofone.com.br /public_html/radiofone/zendLibrary/Zend/Service/Ebay/Finding Abstract.php
2011.07.09 00:20 B F:\xampp\htdocs\zendLibrary\Zend\Service\Ebay\Finding\Aspect.php --> ftp.radiofone.com.br /public_html/radiofone/zendLibrary/Zend/Service/Ebay/Finding Aspect.php
2011.07.09 00:20 B F:\xampp\htdocs\zendLibrary\Zend\Service\Ebay\Finding\Category.php --> ftp.radiofone.com.br /public_html/radiofone/zendLibrary/Zend/Service/Ebay/Finding Category.php
2011.07.09 00:20 B F:\xampp\htdocs\zendLibrary\Zend\Service\Ebay\Finding\Exception.php --> ftp.radiofone.com.br /public_html/radiofone/zendLibrary/Zend/Service/Ebay/Finding Exception.php
2011.07.09 00:20 B F:\xampp\htdocs\zendLibrary\Zend\Service\Ebay\Finding\ListingInfo.php --> ftp.radiofone.com.br /public_html/radiofone/zendLibrary/Zend/Service/Ebay/Finding ListingInfo.php
2011.07.09 00:20 B F:\xampp\htdocs\zendLibrary\Zend\Service\Ebay\Finding\PaginationOutput.php --> ftp.radiofone.com.br /public_html/radiofone/zendLibrary/Zend/Service/Ebay/Finding PaginationOutput.php
2011.07.09 00:20 B F:\xampp\htdocs\zendLibrary\Zend\Service\Ebay\Finding\SellerInfo.php --> ftp.radiofone.com.br /public_html/radiofone/zendLibrary/Zend/Service/Ebay/Finding SellerInfo.php
2011.07.09 00:20 B F:\xampp\htdocs\zendLibrary\Zend\Service\Ebay\Finding\SellingStatus.php --> ftp.radiofone.com.br /public_html/radiofone/zendLibrary/Zend/Service/Ebay/Finding SellingStatus.php
2011.07.09 00:20 B F:\xampp\htdocs\zendLibrary\Zend\Service\Ebay\Finding\ShippingInfo.php --> ftp.radiofone.com.br /public_html/radiofone/zendLibrary/Zend/Service/Ebay/Finding ShippingInfo.php
2011.07.09 00:20 B F:\xampp\htdocs\zendLibrary\Zend\Service\Ebay\Finding\Storefront.php --> ftp.radiofone.com.br /public_html/radiofone/zendLibrary/Zend/Service/Ebay/Finding Storefront.php
2011.07.09 00:20 B F:\xampp\htdocs\zendLibrary\Zend\Service\Ebay\Finding\WS_FTP.LOG --> ftp.radiofone.com.br /public_html/radiofone/zendLibrary/Zend/Service/Ebay/Finding WS_FTP.LOG
2011.07.26 23:09 B F:\xampp\htdocs\zendLibrary\Zend\Service\Ebay\Finding\Abstract.php --> ftp.sobrafo.org.br /public_html/zendLibrary/Zend/Service/Ebay/Finding Abstract.php
2011.07.26 23:09 B F:\xampp\htdocs\zendLibrary\Zend\Service\Ebay\Finding\Aspect.php --> ftp.sobrafo.org.br /public_html/zendLibrary/Zend/Service/Ebay/Finding Aspect.php
2011.07.26 23:09 B F:\xampp\htdocs\zendLibrary\Zend\Service\Ebay\Finding\Category.php --> ftp.sobrafo.org.br /public_html/zendLibrary/Zend/Service/Ebay/Finding Category.php
2011.07.26 23:09 B F:\xampp\htdocs\zendLibrary\Zend\Service\Ebay\Finding\Exception.php --> ftp.sobrafo.org.br /public_html/zendLibrary/Zend/Service/Ebay/Finding Exception.php
2011.07.26 23:09 B F:\xampp\htdocs\zendLibrary\Zend\Service\Ebay\Finding\ListingInfo.php --> ftp.sobrafo.org.br /public_html/zendLibrary/Zend/Service/Ebay/Finding ListingInfo.php
2011.07.26 23:09 B F:\xampp\htdocs\zendLibrary\Zend\Service\Ebay\Finding\PaginationOutput.php --> ftp.sobrafo.org.br /public_html/zendLibrary/Zend/Service/Ebay/Finding PaginationOutput.php
2011.07.26 23:09 B F:\xampp\htdocs\zendLibrary\Zend\Service\Ebay\Finding\SellerInfo.php --> ftp.sobrafo.org.br /public_html/zendLibrary/Zend/Service/Ebay/Finding SellerInfo.php
2011.07.26 23:09 B F:\xampp\htdocs\zendLibrary\Zend\Service\Ebay\Finding\SellingStatus.php --> ftp.sobrafo.org.br /public_html/zendLibrary/Zend/Service/Ebay/Finding SellingStatus.php
2011.07.26 23:09 B F:\xampp\htdocs\zendLibrary\Zend\Service\Ebay\Finding\ShippingInfo.php --> ftp.sobrafo.org.br /public_html/zendLibrary/Zend/Service/Ebay/Finding ShippingInfo.php
2011.07.26 23:09 B F:\xampp\htdocs\zendLibrary\Zend\Service\Ebay\Finding\Storefront.php --> ftp.sobrafo.org.br /public_html/zendLibrary/Zend/Service/Ebay/Finding Storefront.php
2011.07.26 23:09 B F:\xampp\htdocs\zendLibrary\Zend\Service\Ebay\Finding\WS_FTP.LOG --> ftp.sobrafo.org.br /public_html/zendLibrary/Zend/Service/Ebay/Finding WS_FTP.LOG
2011.08.09 17:29 B F:\xampp\htdocs\ZendLibrary\Zend\Service\Ebay\Finding\Abstract.php --> ftp.amfar.com.br /public_html/ZendLibrary/Zend/Service/Ebay/Finding Abstract.php
2011.08.09 17:29 B F:\xampp\htdocs\ZendLibrary\Zend\Service\Ebay\Finding\Aspect.php --> ftp.amfar.com.br /public_html/ZendLibrary/Zend/Service/Ebay/Finding Aspect.php
2011.08.09 17:29 B F:\xampp\htdocs\ZendLibrary\Zend\Service\Ebay\Finding\Category.php --> ftp.amfar.com.br /public_html/ZendLibrary/Zend/Service/Ebay/Finding Category.php
2011.08.09 17:29 B F:\xampp\htdocs\ZendLibrary\Zend\Service\Ebay\Finding\Exception.php --> ftp.amfar.com.br /public_html/ZendLibrary/Zend/Service/Ebay/Finding Exception.php
2011.08.09 17:29 B F:\xampp\htdocs\ZendLibrary\Zend\Service\Ebay\Finding\ListingInfo.php --> ftp.amfar.com.br /public_html/ZendLibrary/Zend/Service/Ebay/Finding ListingInfo.php
2011.08.09 17:29 B F:\xampp\htdocs\ZendLibrary\Zend\Service\Ebay\Finding\PaginationOutput.php --> ftp.amfar.com.br /public_html/ZendLibrary/Zend/Service/Ebay/Finding PaginationOutput.php
2011.08.09 17:29 B F:\xampp\htdocs\ZendLibrary\Zend\Service\Ebay\Finding\SellerInfo.php --> ftp.amfar.com.br /public_html/ZendLibrary/Zend/Service/Ebay/Finding SellerInfo.php
2011.08.09 17:29 B F:\xampp\htdocs\ZendLibrary\Zend\Service\Ebay\Finding\SellingStatus.php --> ftp.amfar.com.br /public_html/ZendLibrary/Zend/Service/Ebay/Finding SellingStatus.php
2011.08.09 17:29 B F:\xampp\htdocs\ZendLibrary\Zend\Service\Ebay\Finding\ShippingInfo.php --> ftp.amfar.com.br /public_html/ZendLibrary/Zend/Service/Ebay/Finding ShippingInfo.php
2011.08.09 17:29 B F:\xampp\htdocs\ZendLibrary\Zend\Service\Ebay\Finding\Storefront.php --> ftp.amfar.com.br /public_html/ZendLibrary/Zend/Service/Ebay/Finding Storefront.php
