2011.06.20 18:52 B F:\xampp\htdocs\zf-tutorial\library\Zend\Service\DeveloperGarden\Request\VoiceButler\CallStatus.php --> ftp.portalridgid.com.br /public_html/zf-tutorial/library/Zend/Service/DeveloperGarden/Request/VoiceButler CallStatus.php
2011.06.20 18:52 B F:\xampp\htdocs\zf-tutorial\library\Zend\Service\DeveloperGarden\Request\VoiceButler\NewCall.php --> ftp.portalridgid.com.br /public_html/zf-tutorial/library/Zend/Service/DeveloperGarden/Request/VoiceButler NewCall.php
2011.06.20 18:52 B F:\xampp\htdocs\zf-tutorial\library\Zend\Service\DeveloperGarden\Request\VoiceButler\NewCallSequenced.php --> ftp.portalridgid.com.br /public_html/zf-tutorial/library/Zend/Service/DeveloperGarden/Request/VoiceButler NewCallSequenced.php
2011.06.20 18:52 B F:\xampp\htdocs\zf-tutorial\library\Zend\Service\DeveloperGarden\Request\VoiceButler\TearDownCall.php --> ftp.portalridgid.com.br /public_html/zf-tutorial/library/Zend/Service/DeveloperGarden/Request/VoiceButler TearDownCall.php
2011.06.20 18:52 B F:\xampp\htdocs\zf-tutorial\library\Zend\Service\DeveloperGarden\Request\VoiceButler\VoiceButlerAbstract.php --> ftp.portalridgid.com.br /public_html/zf-tutorial/library/Zend/Service/DeveloperGarden/Request/VoiceButler VoiceButlerAbstract.php
2011.06.30 03:15 B F:\xampp\htdocs\zendLibrary\Zend\Service\DeveloperGarden\Request\VoiceButler\WS_FTP.LOG --> ftp.sbrafh.org.br /sbrafh/Web/zendLibrary/Zend/Service/DeveloperGarden/Request/VoiceButler WS_FTP.LOG
2011.06.30 03:15 B F:\xampp\htdocs\zendLibrary\Zend\Service\DeveloperGarden\Request\VoiceButler\VoiceButlerAbstract.php --> ftp.sbrafh.org.br /sbrafh/Web/zendLibrary/Zend/Service/DeveloperGarden/Request/VoiceButler VoiceButlerAbstract.php
2011.06.30 03:15 B F:\xampp\htdocs\zendLibrary\Zend\Service\DeveloperGarden\Request\VoiceButler\TearDownCall.php --> ftp.sbrafh.org.br /sbrafh/Web/zendLibrary/Zend/Service/DeveloperGarden/Request/VoiceButler TearDownCall.php
2011.06.30 03:15 B F:\xampp\htdocs\zendLibrary\Zend\Service\DeveloperGarden\Request\VoiceButler\NewCallSequenced.php --> ftp.sbrafh.org.br /sbrafh/Web/zendLibrary/Zend/Service/DeveloperGarden/Request/VoiceButler NewCallSequenced.php
2011.06.30 03:15 B F:\xampp\htdocs\zendLibrary\Zend\Service\DeveloperGarden\Request\VoiceButler\NewCall.php --> ftp.sbrafh.org.br /sbrafh/Web/zendLibrary/Zend/Service/DeveloperGarden/Request/VoiceButler NewCall.php
2011.06.30 03:15 B F:\xampp\htdocs\zendLibrary\Zend\Service\DeveloperGarden\Request\VoiceButler\CallStatus.php --> ftp.sbrafh.org.br /sbrafh/Web/zendLibrary/Zend/Service/DeveloperGarden/Request/VoiceButler CallStatus.php
2011.07.09 00:19 B F:\xampp\htdocs\zendLibrary\Zend\Service\DeveloperGarden\Request\VoiceButler\CallStatus.php --> ftp.radiofone.com.br /public_html/radiofone/zendLibrary/Zend/Service/DeveloperGarden/Request/VoiceButler CallStatus.php
2011.07.09 00:19 B F:\xampp\htdocs\zendLibrary\Zend\Service\DeveloperGarden\Request\VoiceButler\NewCall.php --> ftp.radiofone.com.br /public_html/radiofone/zendLibrary/Zend/Service/DeveloperGarden/Request/VoiceButler NewCall.php
2011.07.09 00:19 B F:\xampp\htdocs\zendLibrary\Zend\Service\DeveloperGarden\Request\VoiceButler\NewCallSequenced.php --> ftp.radiofone.com.br /public_html/radiofone/zendLibrary/Zend/Service/DeveloperGarden/Request/VoiceButler NewCallSequenced.php
2011.07.09 00:19 B F:\xampp\htdocs\zendLibrary\Zend\Service\DeveloperGarden\Request\VoiceButler\TearDownCall.php --> ftp.radiofone.com.br /public_html/radiofone/zendLibrary/Zend/Service/DeveloperGarden/Request/VoiceButler TearDownCall.php
2011.07.09 00:19 B F:\xampp\htdocs\zendLibrary\Zend\Service\DeveloperGarden\Request\VoiceButler\VoiceButlerAbstract.php --> ftp.radiofone.com.br /public_html/radiofone/zendLibrary/Zend/Service/DeveloperGarden/Request/VoiceButler VoiceButlerAbstract.php
2011.07.09 00:19 B F:\xampp\htdocs\zendLibrary\Zend\Service\DeveloperGarden\Request\VoiceButler\WS_FTP.LOG --> ftp.radiofone.com.br /public_html/radiofone/zendLibrary/Zend/Service/DeveloperGarden/Request/VoiceButler WS_FTP.LOG
2011.07.09 00:52 B F:\xampp\htdocs\zendLibrary\Zend\Service\DeveloperGarden\Request\VoiceButler\WS_FTP.LOG --> ftp.radiofone.com.br /public_html/radiofone/zendLibrary/Zend/Service/DeveloperGarden/Request/VoiceButler WS_FTP.LOG
2011.07.26 23:08 B F:\xampp\htdocs\zendLibrary\Zend\Service\DeveloperGarden\Request\VoiceButler\CallStatus.php --> ftp.sobrafo.org.br /public_html/zendLibrary/Zend/Service/DeveloperGarden/Request/VoiceButler CallStatus.php
2011.07.26 23:08 B F:\xampp\htdocs\zendLibrary\Zend\Service\DeveloperGarden\Request\VoiceButler\NewCall.php --> ftp.sobrafo.org.br /public_html/zendLibrary/Zend/Service/DeveloperGarden/Request/VoiceButler NewCall.php
2011.07.26 23:08 B F:\xampp\htdocs\zendLibrary\Zend\Service\DeveloperGarden\Request\VoiceButler\NewCallSequenced.php --> ftp.sobrafo.org.br /public_html/zendLibrary/Zend/Service/DeveloperGarden/Request/VoiceButler NewCallSequenced.php
2011.07.26 23:08 B F:\xampp\htdocs\zendLibrary\Zend\Service\DeveloperGarden\Request\VoiceButler\TearDownCall.php --> ftp.sobrafo.org.br /public_html/zendLibrary/Zend/Service/DeveloperGarden/Request/VoiceButler TearDownCall.php
2011.07.26 23:08 B F:\xampp\htdocs\zendLibrary\Zend\Service\DeveloperGarden\Request\VoiceButler\VoiceButlerAbstract.php --> ftp.sobrafo.org.br /public_html/zendLibrary/Zend/Service/DeveloperGarden/Request/VoiceButler VoiceButlerAbstract.php
2011.07.26 23:08 B F:\xampp\htdocs\zendLibrary\Zend\Service\DeveloperGarden\Request\VoiceButler\WS_FTP.LOG --> ftp.sobrafo.org.br /public_html/zendLibrary/Zend/Service/DeveloperGarden/Request/VoiceButler WS_FTP.LOG
2011.08.09 17:28 B F:\xampp\htdocs\ZendLibrary\Zend\Service\DeveloperGarden\Request\VoiceButler\CallStatus.php --> ftp.amfar.com.br /public_html/ZendLibrary/Zend/Service/DeveloperGarden/Request/VoiceButler CallStatus.php
2011.08.09 17:28 B F:\xampp\htdocs\ZendLibrary\Zend\Service\DeveloperGarden\Request\VoiceButler\NewCall.php --> ftp.amfar.com.br /public_html/ZendLibrary/Zend/Service/DeveloperGarden/Request/VoiceButler NewCall.php
2011.08.09 17:28 B F:\xampp\htdocs\ZendLibrary\Zend\Service\DeveloperGarden\Request\VoiceButler\NewCallSequenced.php --> ftp.amfar.com.br /public_html/ZendLibrary/Zend/Service/DeveloperGarden/Request/VoiceButler NewCallSequenced.php
2011.08.09 17:28 B F:\xampp\htdocs\ZendLibrary\Zend\Service\DeveloperGarden\Request\VoiceButler\TearDownCall.php --> ftp.amfar.com.br /public_html/ZendLibrary/Zend/Service/DeveloperGarden/Request/VoiceButler TearDownCall.php
2011.08.09 17:28 B F:\xampp\htdocs\ZendLibrary\Zend\Service\DeveloperGarden\Request\VoiceButler\VoiceButlerAbstract.php --> ftp.amfar.com.br /public_html/ZendLibrary/Zend/Service/DeveloperGarden/Request/VoiceButler VoiceButlerAbstract.php
