2007.05.25 15:32 B Z:\mailing\e-mailing\ajax.js --> ftp.sbrafh.org.br /public_html/e-mailing ajax.js
2007.05.25 15:32 B Z:\mailing\e-mailing\config.php --> ftp.sbrafh.org.br /public_html/e-mailing config.php
2007.05.25 15:33 B Z:\mailing\e-mailing\createTables.sql --> ftp.sbrafh.org.br /public_html/e-mailing createTables.sql
2007.05.25 15:33 B Z:\mailing\e-mailing\emailBottom.psd --> ftp.sbrafh.org.br /public_html/e-mailing emailBottom.psd
2007.05.25 15:33 B Z:\mailing\e-mailing\emailTop.psd --> ftp.sbrafh.org.br /public_html/e-mailing emailTop.psd
2007.05.25 15:33 B Z:\mailing\e-mailing\favicon.ico --> ftp.sbrafh.org.br /public_html/e-mailing favicon.ico
2007.05.25 15:33 B Z:\mailing\e-mailing\getWatermark.php --> ftp.sbrafh.org.br /public_html/e-mailing getWatermark.php
2007.05.25 15:33 B Z:\mailing\e-mailing\home.html --> ftp.sbrafh.org.br /public_html/e-mailing home.html
2007.05.25 15:33 B Z:\mailing\e-mailing\index.php --> ftp.sbrafh.org.br /public_html/e-mailing index.php
2007.05.25 15:33 B Z:\mailing\e-mailing\install.txt --> ftp.sbrafh.org.br /public_html/e-mailing install.txt
2007.05.25 15:33 B Z:\mailing\e-mailing\mailform.php --> ftp.sbrafh.org.br /public_html/e-mailing mailform.php
2007.05.25 15:33 B Z:\mailing\e-mailing\mgrCateg.php --> ftp.sbrafh.org.br /public_html/e-mailing mgrCateg.php
2007.05.25 15:33 B Z:\mailing\e-mailing\mgrFiles.php --> ftp.sbrafh.org.br /public_html/e-mailing mgrFiles.php
2007.05.25 15:33 B Z:\mailing\e-mailing\mgrList.php --> ftp.sbrafh.org.br /public_html/e-mailing mgrList.php
2007.05.25 15:33 B Z:\mailing\e-mailing\mgrReturn.php --> ftp.sbrafh.org.br /public_html/e-mailing mgrReturn.php
2007.05.25 15:33 B Z:\mailing\e-mailing\newsletter.php --> ftp.sbrafh.org.br /public_html/e-mailing newsletter.php
2007.05.25 15:33 B Z:\mailing\e-mailing\sender.php --> ftp.sbrafh.org.br /public_html/e-mailing sender.php
2007.05.25 15:33 B Z:\mailing\e-mailing\sndMail.php --> ftp.sbrafh.org.br /public_html/e-mailing sndMail.php
2007.05.25 15:33 B Z:\mailing\e-mailing\style.css --> ftp.sbrafh.org.br /public_html/e-mailing style.css
2007.05.25 15:33 B Z:\mailing\e-mailing\userLogin.php --> ftp.sbrafh.org.br /public_html/e-mailing userLogin.php
2007.05.25 20:39 B Z:\mailing\e-mailing\newsletter.php --> ftp.sbrafh.org.br /public_html/e-mailing newsletter.php
2007.05.25 20:40 B Z:\mailing\e-mailing\newsletter.php --> ftp.sbrafh.org.br /public_html/e-mailing newsletter.php
2007.05.25 20:40 B Z:\mailing\e-mailing\newsletter.php --> ftp.sbrafh.org.br /public_html/e-mailing newsletter.php
2007.05.25 20:44 B Z:\mailing\e-mailing\newsletter.php --> ftp.sbrafh.org.br /public_html/e-mailing newsletter.php
2007.05.25 20:45 B Z:\mailing\e-mailing\newsletter.php --> ftp.sbrafh.org.br /public_html/e-mailing newsletter.php
2007.05.25 20:51 B Z:\mailing\e-mailing\newsletter.php --> ftp.sbrafh.org.br /public_html/e-mailing newsletter.php
2007.05.25 20:52 B Z:\mailing\e-mailing\newsletter.php --> ftp.sbrafh.org.br /public_html/e-mailing newsletter.php
2007.05.25 21:11 B Z:\mailing\e-mailing\ajax.js --> ftp.sbrafh.org.br /public_html/e-mailing ajax.js
2007.05.25 21:20 B Z:\mailing\e-mailing\sender.php --> ftp.sbrafh.org.br /public_html/e-mailing sender.php
2007.05.25 21:24 B Z:\mailing\e-mailing\sender.php --> ftp.sbrafh.org.br /public_html/e-mailing sender.php
2007.05.25 21:28 B Z:\mailing\e-mailing\config.php --> ftp.sbrafh.org.br /public_html/e-mailing config.php
2007.05.25 21:37 B Z:\mailing\e-mailing\sender.php --> ftp.sbrafh.org.br /public_html/e-mailing sender.php
2007.05.25 21:38 B Z:\mailing\e-mailing\sender.php --> ftp.sbrafh.org.br /public_html/e-mailing sender.php
2007.05.25 21:42 B Z:\mailing\e-mailing\sender.php --> ftp.sbrafh.org.br /public_html/e-mailing sender.php
2007.05.25 21:44 B Z:\mailing\e-mailing\sender.php --> ftp.sbrafh.org.br /public_html/e-mailing sender.php
2007.05.25 21:47 B Z:\mailing\e-mailing\sender.php --> ftp.sbrafh.org.br /public_html/e-mailing sender.php
2007.05.25 21:47 B Z:\mailing\e-mailing\sender.php --> ftp.sbrafh.org.br /public_html/e-mailing sender.php
2007.05.25 21:48 B Z:\mailing\e-mailing\sender.php --> ftp.sbrafh.org.br /public_html/e-mailing sender.php
2007.05.25 21:49 B Z:\mailing\e-mailing\sender.php --> ftp.sbrafh.org.br /public_html/e-mailing sender.php
2007.05.25 21:49 B Z:\mailing\e-mailing\sender.php --> ftp.sbrafh.org.br /public_html/e-mailing sender.php
2007.05.25 22:07 B Z:\mailing\e-mailing\mgrReturn.php --> ftp.sbrafh.org.br /public_html/e-mailing mgrReturn.php
2007.05.25 22:18 B Z:\mailing\e-mailing\sndMail.php --> ftp.sbrafh.org.br /public_html/e-mailing sndMail.php
2007.05.25 22:19 B Z:\mailing\e-mailing\sender.php --> ftp.sbrafh.org.br /public_html/e-mailing sender.php
2007.05.25 22:20 B Z:\mailing\e-mailing\sndMail.php --> ftp.sbrafh.org.br /public_html/e-mailing sndMail.php
2007.05.25 22:20 B Z:\mailing\e-mailing\sender.php --> ftp.sbrafh.org.br /public_html/e-mailing sender.php
2007.05.25 22:24 B Z:\mailing\e-mailing\sndMail.php --> ftp.sbrafh.org.br /public_html/e-mailing sndMail.php
2007.05.25 22:24 B Z:\mailing\e-mailing\sender.php --> ftp.sbrafh.org.br /public_html/e-mailing sender.php
2007.05.25 22:27 B Z:\mailing\e-mailing\sndMail.php --> ftp.sbrafh.org.br /public_html/e-mailing sndMail.php
2007.05.25 22:27 B Z:\mailing\e-mailing\sender.php --> ftp.sbrafh.org.br /public_html/e-mailing sender.php
2007.05.25 22:28 B Z:\mailing\e-mailing\sender.php --> ftp.sbrafh.org.br /public_html/e-mailing sender.php
2007.05.25 22:29 B Z:\mailing\e-mailing\sender.php --> ftp.sbrafh.org.br /public_html/e-mailing sender.php
2007.05.25 22:31 B Z:\mailing\e-mailing\sender.php --> ftp.sbrafh.org.br /public_html/e-mailing sender.php
2007.05.25 22:43 B Z:\mailing\e-mailing\sender.php --> ftp.sbrafh.org.br /public_html/e-mailing sender.php
2007.05.25 22:44 B Z:\mailing\e-mailing\sender.php --> ftp.sbrafh.org.br /public_html/e-mailing sender.php
2007.05.25 22:44 B Z:\mailing\e-mailing\sender.php --> ftp.sbrafh.org.br /public_html/e-mailing sender.php
2007.05.25 22:46 B Z:\mailing\e-mailing\sender.php --> ftp.sbrafh.org.br /public_html/e-mailing sender.php
2007.05.25 22:48 B Z:\mailing\e-mailing\sender.php --> ftp.sbrafh.org.br /public_html/e-mailing sender.php
2007.05.25 23:36 B Z:\mailing\e-mailing\sender.php --> ftp.sbrafh.org.br /public_html/e-mailing sender.php
2007.05.25 23:44 B Z:\mailing\e-mailing\sender.php --> ftp.sbrafh.org.br /public_html/e-mailing sender.php
2007.05.26 00:10 B Z:\mailing\e-mailing\sender.php --> ftp.sbrafh.org.br /public_html/e-mailing sender.php
2007.05.26 00:14 B Z:\mailing\e-mailing\sndMail.php --> ftp.sbrafh.org.br /public_html/e-mailing sndMail.php
2007.05.26 00:22 B Z:\mailing\e-mailing\ajax.js --> ftp.sbrafh.org.br /public_html/e-mailing ajax.js
2007.05.26 00:22 B Z:\mailing\e-mailing\ajax.js --> ftp.sbrafh.org.br /public_html/e-mailing ajax.js
2007.05.26 00:23 B Z:\mailing\e-mailing\ajax.js --> ftp.sbrafh.org.br /public_html/e-mailing ajax.js
2007.05.26 00:23 B Z:\mailing\e-mailing\ajax.js --> ftp.sbrafh.org.br /public_html/e-mailing ajax.js
2007.05.26 00:24 B Z:\mailing\e-mailing\ajax.js --> ftp.sbrafh.org.br /public_html/e-mailing ajax.js
2007.05.26 00:26 B Z:\mailing\e-mailing\sender.php --> ftp.sbrafh.org.br /public_html/e-mailing sender.php
2007.05.26 00:26 B Z:\mailing\e-mailing\sender.php --> ftp.sbrafh.org.br /public_html/e-mailing sender.php
2007.05.26 00:34 B Z:\mailing\e-mailing\sender.php --> ftp.sbrafh.org.br /public_html/e-mailing sender.php
2007.05.26 00:37 B Z:\mailing\e-mailing\ajax.js --> ftp.sbrafh.org.br /public_html/e-mailing ajax.js
2007.05.26 00:38 B Z:\mailing\e-mailing\ajax.js --> ftp.sbrafh.org.br /public_html/e-mailing ajax.js
2007.05.26 00:46 B Z:\mailing\e-mailing\ajax.js --> ftp.sbrafh.org.br /public_html/e-mailing ajax.js
2007.05.26 02:01 B Z:\mailing\e-mailing\style.css --> ftp.sbrafh.org.br /public_html/e-mailing style.css
2007.05.26 02:01 B Z:\mailing\e-mailing\sender.php --> ftp.sbrafh.org.br /public_html/e-mailing sender.php
2007.05.26 02:01 B Z:\mailing\e-mailing\sndMail.php --> ftp.sbrafh.org.br /public_html/e-mailing sndMail.php
2007.05.26 02:14 B Z:\mailing\e-mailing\style.css --> ftp.sbrafh.org.br /public_html/e-mailing style.css
2007.05.26 02:14 B Z:\mailing\e-mailing\sender.php --> ftp.sbrafh.org.br /public_html/e-mailing sender.php
2007.05.26 02:14 B Z:\mailing\e-mailing\sndMail.php --> ftp.sbrafh.org.br /public_html/e-mailing sndMail.php
2007.05.26 02:34 B Z:\mailing\e-mailing\sender.php --> ftp.sbrafh.org.br /public_html/e-mailing sender.php
2007.05.26 02:39 B Z:\mailing\e-mailing\sndMail.php --> ftp.sbrafh.org.br /public_html/e-mailing sndMail.php
2007.05.26 02:39 B Z:\mailing\e-mailing\sender.php --> ftp.sbrafh.org.br /public_html/e-mailing sender.php
2007.05.26 02:41 B Z:\mailing\e-mailing\sender.php --> ftp.sbrafh.org.br /public_html/e-mailing sender.php
2007.05.26 02:43 B Z:\mailing\e-mailing\sndMail.php --> ftp.sbrafh.org.br /public_html/e-mailing sndMail.php
2007.05.26 02:49 B Z:\mailing\e-mailing\sender.php --> ftp.sbrafh.org.br /public_html/e-mailing sender.php
2007.05.26 02:56 B Z:\mailing\e-mailing\sender.php --> ftp.sbrafh.org.br /public_html/e-mailing sender.php
2007.05.26 03:01 B Z:\mailing\e-mailing\sender.php --> ftp.sbrafh.org.br /public_html/e-mailing sender.php
2007.05.26 03:03 B Z:\mailing\e-mailing\sender.php --> ftp.sbrafh.org.br /public_html/e-mailing sender.php
2007.05.26 03:07 B Z:\mailing\e-mailing\sender.php --> ftp.sbrafh.org.br /public_html/e-mailing sender.php
2007.05.26 03:13 B Z:\mailing\e-mailing\sndMail.php --> ftp.sbrafh.org.br /public_html/e-mailing sndMail.php
2007.05.26 03:13 B Z:\mailing\e-mailing\sender.php --> ftp.sbrafh.org.br /public_html/e-mailing sender.php
2007.05.26 03:14 B Z:\mailing\e-mailing\sndMail.php --> ftp.sbrafh.org.br /public_html/e-mailing sndMail.php
2007.05.26 03:14 B Z:\mailing\e-mailing\sender.php --> ftp.sbrafh.org.br /public_html/e-mailing sender.php
2007.05.26 03:15 B Z:\mailing\e-mailing\sndMail.php --> ftp.sbrafh.org.br /public_html/e-mailing sndMail.php
2007.05.26 03:15 B Z:\mailing\e-mailing\sender.php --> ftp.sbrafh.org.br /public_html/e-mailing sender.php
2007.05.26 03:20 B Z:\mailing\e-mailing\sender.php --> ftp.sbrafh.org.br /public_html/e-mailing sender.php
2007.05.26 03:32 B Z:\mailing\e-mailing\sender.php --> ftp.sbrafh.org.br /public_html/e-mailing sender.php
2007.05.26 03:40 B Z:\mailing\e-mailing\sender.php --> ftp.sbrafh.org.br /public_html/e-mailing sender.php
2007.05.26 03:40 B Z:\mailing\e-mailing\sender.php --> ftp.sbrafh.org.br /public_html/e-mailing sender.php
2007.05.26 03:41 B Z:\mailing\e-mailing\sender.php --> ftp.sbrafh.org.br /public_html/e-mailing sender.php
2007.05.26 03:43 B Z:\mailing\e-mailing\sender.php --> ftp.sbrafh.org.br /public_html/e-mailing sender.php
2007.05.26 03:46 B Z:\mailing\e-mailing\sndMail.php --> ftp.sbrafh.org.br /public_html/e-mailing sndMail.php
2007.05.26 03:53 B Z:\mailing\e-mailing\sndMail.php --> ftp.sbrafh.org.br /public_html/e-mailing sndMail.php
2007.05.26 03:53 B Z:\mailing\e-mailing\sndMail.php --> ftp.sbrafh.org.br /public_html/e-mailing sndMail.php
2007.05.26 04:02 B Z:\mailing\e-mailing\sndMail.php --> ftp.sbrafh.org.br /public_html/e-mailing sndMail.php
2007.05.26 04:02 B Z:\mailing\e-mailing\sender.php --> ftp.sbrafh.org.br /public_html/e-mailing sender.php
2007.05.26 04:02 B Z:\mailing\e-mailing\style.css --> ftp.sbrafh.org.br /public_html/e-mailing style.css
2007.05.26 14:50 B Z:\mailing\e-mailing\sender.php --> ftp.sbrafh.org.br /public_html/e-mailing sender.php
2007.05.26 15:02 B Z:\mailing\e-mailing\sender.php --> ftp.sbrafh.org.br /public_html/e-mailing sender.php
2007.05.26 15:04 B Z:\mailing\e-mailing\sender.php --> ftp.sbrafh.org.br /public_html/e-mailing sender.php
2007.05.26 15:17 B Z:\mailing\e-mailing\sender.php --> ftp.sbrafh.org.br /public_html/e-mailing sender.php
2007.05.26 15:28 B Z:\mailing\e-mailing\sender.php --> ftp.sbrafh.org.br /public_html/e-mailing sender.php
2007.05.26 15:30 B Z:\mailing\e-mailing\sender.php --> ftp.sbrafh.org.br /public_html/e-mailing sender.php
2007.05.26 15:32 B Z:\mailing\e-mailing\sender.php --> ftp.sbrafh.org.br /public_html/e-mailing sender.php
2007.05.26 15:39 B Z:\mailing\e-mailing\sender.php --> ftp.sbrafh.org.br /public_html/e-mailing sender.php
2007.05.26 16:15 B Z:\mailing\e-mailing\sndMail.php --> ftp.sbrafh.org.br /public_html/e-mailing sndMail.php
2007.05.26 17:03 B Z:\mailing\e-mailing\sender.php --> ftp.sbrafh.org.br /public_html/e-mailing sender.php
2007.05.26 18:02 B Z:\mailing\e-mailing\sndMail.php --> ftp.sbrafh.org.br /public_html/e-mailing sndMail.php
2007.05.26 18:03 B Z:\mailing\e-mailing\sender.php --> ftp.sbrafh.org.br /public_html/e-mailing sender.php
2007.05.26 19:55 B Z:\mailing\e-mailing\newsletter.php --> ftp.sbrafh.org.br /public_html/e-mailing newsletter.php
2007.05.26 23:56 B Z:\mailing\e-mailing\sender.php --> ftp.sbrafh.org.br /public_html/e-mailing sender.php
2007.05.28 17:33 B Z:\mailing\e-mailing\newsletter.php <-- sbrafh /public_html/e-mailing newsletter.php
2007.05.29 00:53 B Z:\mailing\e-mailing\mgrCateg.php --> ftp.sbrafh.org.br /public_html/e-mailing mgrCateg.php
2007.05.29 00:53 B Z:\mailing\e-mailing\style_FF.css --> ftp.sbrafh.org.br /public_html/e-mailing style_FF.css
2007.05.29 00:53 B Z:\mailing\e-mailing\newsletter.php --> ftp.sbrafh.org.br /public_html/e-mailing newsletter.php
2007.05.29 00:53 B Z:\mailing\e-mailing\mailform.php --> ftp.sbrafh.org.br /public_html/e-mailing mailform.php
2007.05.29 00:53 B Z:\mailing\e-mailing\sndMail.php --> ftp.sbrafh.org.br /public_html/e-mailing sndMail.php
2007.05.29 00:53 B Z:\mailing\e-mailing\mgrList.php --> ftp.sbrafh.org.br /public_html/e-mailing mgrList.php
2007.05.29 00:53 B Z:\mailing\e-mailing\mgrFiles.php --> ftp.sbrafh.org.br /public_html/e-mailing mgrFiles.php
2007.05.29 00:53 B Z:\mailing\e-mailing\index.php --> ftp.sbrafh.org.br /public_html/e-mailing index.php
2007.05.29 00:53 B Z:\mailing\e-mailing\style_IE.css --> ftp.sbrafh.org.br /public_html/e-mailing style_IE.css
2007.05.29 00:57 B Z:\mailing\e-mailing\style_IE.css --> ftp.sbrafh.org.br /public_html/e-mailing style_IE.css
2007.05.29 00:58 B Z:\mailing\e-mailing\style_IE.css --> ftp.sbrafh.org.br /public_html/e-mailing style_IE.css
2007.05.29 00:58 B Z:\mailing\e-mailing\style_IE.css --> ftp.sbrafh.org.br /public_html/e-mailing style_IE.css
2007.05.29 00:59 B Z:\mailing\e-mailing\style_IE.css --> ftp.sbrafh.org.br /public_html/e-mailing style_IE.css
2007.05.29 01:00 B Z:\mailing\e-mailing\style_IE.css --> ftp.sbrafh.org.br /public_html/e-mailing style_IE.css
2007.05.29 01:00 B Z:\mailing\e-mailing\style_IE.css --> ftp.sbrafh.org.br /public_html/e-mailing style_IE.css
2007.05.29 01:01 B Z:\mailing\e-mailing\newsletter.php --> ftp.sbrafh.org.br /public_html/e-mailing newsletter.php
2007.05.29 01:02 B Z:\mailing\e-mailing\newsletter.php --> ftp.sbrafh.org.br /public_html/e-mailing newsletter.php
2007.05.29 01:03 B Z:\mailing\e-mailing\newsletter.php --> ftp.sbrafh.org.br /public_html/e-mailing newsletter.php
2007.05.29 01:04 B Z:\mailing\e-mailing\newsletter.php --> ftp.sbrafh.org.br /public_html/e-mailing newsletter.php
2007.05.29 01:04 B Z:\mailing\e-mailing\style_IE.css --> ftp.sbrafh.org.br /public_html/e-mailing style_IE.css
2007.05.29 01:04 B Z:\mailing\e-mailing\style_IE.css --> ftp.sbrafh.org.br /public_html/e-mailing style_IE.css
2007.05.29 01:05 B Z:\mailing\e-mailing\style_IE.css --> ftp.sbrafh.org.br /public_html/e-mailing style_IE.css
2007.05.29 01:05 B Z:\mailing\e-mailing\style_IE.css --> ftp.sbrafh.org.br /public_html/e-mailing style_IE.css
2007.05.29 01:06 B Z:\mailing\e-mailing\style_IE.css --> ftp.sbrafh.org.br /public_html/e-mailing style_IE.css
2007.05.29 01:06 B Z:\mailing\e-mailing\style_IE.css --> ftp.sbrafh.org.br /public_html/e-mailing style_IE.css
2007.05.29 01:08 B Z:\mailing\e-mailing\style_FF.css --> ftp.sbrafh.org.br /public_html/e-mailing style_FF.css
2007.05.29 01:08 B Z:\mailing\e-mailing\style_FF.css --> ftp.sbrafh.org.br /public_html/e-mailing style_FF.css
2007.08.06 19:17 B Z:\amfar\admin\e-mailing\ajax.js --> ftp635.locaweb.com.br /public_html/admin/e-mailing ajax.js
2007.08.06 19:17 B Z:\amfar\admin\e-mailing\config.php --> ftp635.locaweb.com.br /public_html/admin/e-mailing config.php
2007.08.06 19:17 B Z:\amfar\admin\e-mailing\createTables.sql --> ftp635.locaweb.com.br /public_html/admin/e-mailing createTables.sql
2007.08.06 19:18 B Z:\amfar\admin\e-mailing\emailBottom.psd --> ftp635.locaweb.com.br /public_html/admin/e-mailing emailBottom.psd
2007.08.06 19:18 B Z:\amfar\admin\e-mailing\emailTop.psd --> ftp635.locaweb.com.br /public_html/admin/e-mailing emailTop.psd
2007.08.06 19:18 B Z:\amfar\admin\e-mailing\favicon.ico --> ftp635.locaweb.com.br /public_html/admin/e-mailing favicon.ico
2007.08.06 19:18 B Z:\amfar\admin\e-mailing\home.html --> ftp635.locaweb.com.br /public_html/admin/e-mailing home.html
2007.08.06 19:18 B Z:\amfar\admin\e-mailing\index.php --> ftp635.locaweb.com.br /public_html/admin/e-mailing index.php
2007.08.06 19:18 B Z:\amfar\admin\e-mailing\install.txt --> ftp635.locaweb.com.br /public_html/admin/e-mailing install.txt
2007.08.06 19:18 B Z:\amfar\admin\e-mailing\mailform.php --> ftp635.locaweb.com.br /public_html/admin/e-mailing mailform.php
2007.08.06 19:18 B Z:\amfar\admin\e-mailing\mgrCateg.php --> ftp635.locaweb.com.br /public_html/admin/e-mailing mgrCateg.php
2007.08.06 19:18 B Z:\amfar\admin\e-mailing\mgrFiles.php --> ftp635.locaweb.com.br /public_html/admin/e-mailing mgrFiles.php
2007.08.06 19:18 B Z:\amfar\admin\e-mailing\mgrList.php --> ftp635.locaweb.com.br /public_html/admin/e-mailing mgrList.php
2007.08.06 19:18 B Z:\amfar\admin\e-mailing\mgrReturn.php --> ftp635.locaweb.com.br /public_html/admin/e-mailing mgrReturn.php
2007.08.06 19:18 B Z:\amfar\admin\e-mailing\newsletter.php --> ftp635.locaweb.com.br /public_html/admin/e-mailing newsletter.php
2007.08.06 19:18 B Z:\amfar\admin\e-mailing\sender.php --> ftp635.locaweb.com.br /public_html/admin/e-mailing sender.php
2007.08.06 19:18 B Z:\amfar\admin\e-mailing\sndMail.php --> ftp635.locaweb.com.br /public_html/admin/e-mailing sndMail.php
2007.08.06 19:18 B Z:\amfar\admin\e-mailing\style_FF.css --> ftp635.locaweb.com.br /public_html/admin/e-mailing style_FF.css
2007.08.06 19:18 B Z:\amfar\admin\e-mailing\style_IE.css --> ftp635.locaweb.com.br /public_html/admin/e-mailing style_IE.css
2007.08.06 19:18 B Z:\amfar\admin\e-mailing\Thumbs.db --> ftp635.locaweb.com.br /public_html/admin/e-mailing Thumbs.db
2007.08.06 19:18 B Z:\amfar\admin\e-mailing\userLogin.php --> ftp635.locaweb.com.br /public_html/admin/e-mailing userLogin.php
