2012.09.19 01:03 B F:\xampp\htdocs\html2pdf\html2pdf\_tcpdf_5.0.002\fonts\dejavu-fonts-ttf-2.30\AUTHORS --> ftp.sbrafh.org.br /public_html/html2pdf/html2pdf/_tcpdf_5.0.002/fonts/dejavu-fonts-ttf-2.30 AUTHORS
2012.09.19 01:03 B F:\xampp\htdocs\html2pdf\html2pdf\_tcpdf_5.0.002\fonts\dejavu-fonts-ttf-2.30\BUGS --> ftp.sbrafh.org.br /public_html/html2pdf/html2pdf/_tcpdf_5.0.002/fonts/dejavu-fonts-ttf-2.30 BUGS
2012.09.19 01:03 B F:\xampp\htdocs\html2pdf\html2pdf\_tcpdf_5.0.002\fonts\dejavu-fonts-ttf-2.30\langcover.txt --> ftp.sbrafh.org.br /public_html/html2pdf/html2pdf/_tcpdf_5.0.002/fonts/dejavu-fonts-ttf-2.30 langcover.txt
2012.09.19 01:03 B F:\xampp\htdocs\html2pdf\html2pdf\_tcpdf_5.0.002\fonts\dejavu-fonts-ttf-2.30\LICENSE --> ftp.sbrafh.org.br /public_html/html2pdf/html2pdf/_tcpdf_5.0.002/fonts/dejavu-fonts-ttf-2.30 LICENSE
2012.09.19 01:03 B F:\xampp\htdocs\html2pdf\html2pdf\_tcpdf_5.0.002\fonts\dejavu-fonts-ttf-2.30\NEWS --> ftp.sbrafh.org.br /public_html/html2pdf/html2pdf/_tcpdf_5.0.002/fonts/dejavu-fonts-ttf-2.30 NEWS
2012.09.19 01:03 B F:\xampp\htdocs\html2pdf\html2pdf\_tcpdf_5.0.002\fonts\dejavu-fonts-ttf-2.30\README --> ftp.sbrafh.org.br /public_html/html2pdf/html2pdf/_tcpdf_5.0.002/fonts/dejavu-fonts-ttf-2.30 README
2012.09.19 01:04 B F:\xampp\htdocs\html2pdf\html2pdf\_tcpdf_5.0.002\fonts\dejavu-fonts-ttf-2.30\status.txt --> ftp.sbrafh.org.br /public_html/html2pdf/html2pdf/_tcpdf_5.0.002/fonts/dejavu-fonts-ttf-2.30 status.txt
2012.09.19 01:04 B F:\xampp\htdocs\html2pdf\html2pdf\_tcpdf_5.0.002\fonts\dejavu-fonts-ttf-2.30\unicover.txt --> ftp.sbrafh.org.br /public_html/html2pdf/html2pdf/_tcpdf_5.0.002/fonts/dejavu-fonts-ttf-2.30 unicover.txt
2012.09.19 14:36 B F:\xampp\htdocs\html2pdf\html2pdf\_tcpdf_5.0.002\fonts\dejavu-fonts-ttf-2.30\AUTHORS --> ftp.sbrafh.org.br /public_html/site/application/classes/html2fpdf/_tcpdf_5.0.002/fonts/dejavu-fonts-ttf-2.30 AUTHORS
2012.09.19 14:36 B F:\xampp\htdocs\html2pdf\html2pdf\_tcpdf_5.0.002\fonts\dejavu-fonts-ttf-2.30\BUGS --> ftp.sbrafh.org.br /public_html/site/application/classes/html2fpdf/_tcpdf_5.0.002/fonts/dejavu-fonts-ttf-2.30 BUGS
2012.09.19 14:36 B F:\xampp\htdocs\html2pdf\html2pdf\_tcpdf_5.0.002\fonts\dejavu-fonts-ttf-2.30\langcover.txt --> ftp.sbrafh.org.br /public_html/site/application/classes/html2fpdf/_tcpdf_5.0.002/fonts/dejavu-fonts-ttf-2.30 langcover.txt
2012.09.19 14:36 B F:\xampp\htdocs\html2pdf\html2pdf\_tcpdf_5.0.002\fonts\dejavu-fonts-ttf-2.30\LICENSE --> ftp.sbrafh.org.br /public_html/site/application/classes/html2fpdf/_tcpdf_5.0.002/fonts/dejavu-fonts-ttf-2.30 LICENSE
2012.09.19 14:36 B F:\xampp\htdocs\html2pdf\html2pdf\_tcpdf_5.0.002\fonts\dejavu-fonts-ttf-2.30\NEWS --> ftp.sbrafh.org.br /public_html/site/application/classes/html2fpdf/_tcpdf_5.0.002/fonts/dejavu-fonts-ttf-2.30 NEWS
2012.09.19 14:36 B F:\xampp\htdocs\html2pdf\html2pdf\_tcpdf_5.0.002\fonts\dejavu-fonts-ttf-2.30\README --> ftp.sbrafh.org.br /public_html/site/application/classes/html2fpdf/_tcpdf_5.0.002/fonts/dejavu-fonts-ttf-2.30 README
2012.09.19 14:36 B F:\xampp\htdocs\html2pdf\html2pdf\_tcpdf_5.0.002\fonts\dejavu-fonts-ttf-2.30\status.txt --> ftp.sbrafh.org.br /public_html/site/application/classes/html2fpdf/_tcpdf_5.0.002/fonts/dejavu-fonts-ttf-2.30 status.txt
2012.09.19 14:36 B F:\xampp\htdocs\html2pdf\html2pdf\_tcpdf_5.0.002\fonts\dejavu-fonts-ttf-2.30\unicover.txt --> ftp.sbrafh.org.br /public_html/site/application/classes/html2fpdf/_tcpdf_5.0.002/fonts/dejavu-fonts-ttf-2.30 unicover.txt
2012.09.19 14:36 B F:\xampp\htdocs\html2pdf\html2pdf\_tcpdf_5.0.002\fonts\dejavu-fonts-ttf-2.30\WS_FTP.LOG --> ftp.sbrafh.org.br /public_html/site/application/classes/html2fpdf/_tcpdf_5.0.002/fonts/dejavu-fonts-ttf-2.30 WS_FTP.LOG
2012.11.23 12:04 B F:\xampp\htdocs\sbrafh\html2pdf\html2pdf\_tcpdf_5.0.002\fonts\dejavu-fonts-ttf-2.30\AUTHORS --> ftp.jairodepaula.com.br /jairodepaula/web/html2pdf/html2pdf/_tcpdf_5.0.002/fonts/dejavu-fonts-ttf-2.30 AUTHORS
2012.11.23 12:04 B F:\xampp\htdocs\sbrafh\html2pdf\html2pdf\_tcpdf_5.0.002\fonts\dejavu-fonts-ttf-2.30\BUGS --> ftp.jairodepaula.com.br /jairodepaula/web/html2pdf/html2pdf/_tcpdf_5.0.002/fonts/dejavu-fonts-ttf-2.30 BUGS
2012.11.23 12:04 B F:\xampp\htdocs\sbrafh\html2pdf\html2pdf\_tcpdf_5.0.002\fonts\dejavu-fonts-ttf-2.30\langcover.txt --> ftp.jairodepaula.com.br /jairodepaula/web/html2pdf/html2pdf/_tcpdf_5.0.002/fonts/dejavu-fonts-ttf-2.30 langcover.txt
2012.11.23 12:04 B F:\xampp\htdocs\sbrafh\html2pdf\html2pdf\_tcpdf_5.0.002\fonts\dejavu-fonts-ttf-2.30\LICENSE --> ftp.jairodepaula.com.br /jairodepaula/web/html2pdf/html2pdf/_tcpdf_5.0.002/fonts/dejavu-fonts-ttf-2.30 LICENSE
2012.11.23 12:04 B F:\xampp\htdocs\sbrafh\html2pdf\html2pdf\_tcpdf_5.0.002\fonts\dejavu-fonts-ttf-2.30\NEWS --> ftp.jairodepaula.com.br /jairodepaula/web/html2pdf/html2pdf/_tcpdf_5.0.002/fonts/dejavu-fonts-ttf-2.30 NEWS
2012.11.23 12:04 B F:\xampp\htdocs\sbrafh\html2pdf\html2pdf\_tcpdf_5.0.002\fonts\dejavu-fonts-ttf-2.30\README --> ftp.jairodepaula.com.br /jairodepaula/web/html2pdf/html2pdf/_tcpdf_5.0.002/fonts/dejavu-fonts-ttf-2.30 README
2012.11.23 12:04 B F:\xampp\htdocs\sbrafh\html2pdf\html2pdf\_tcpdf_5.0.002\fonts\dejavu-fonts-ttf-2.30\status.txt --> ftp.jairodepaula.com.br /jairodepaula/web/html2pdf/html2pdf/_tcpdf_5.0.002/fonts/dejavu-fonts-ttf-2.30 status.txt
2012.11.23 12:04 B F:\xampp\htdocs\sbrafh\html2pdf\html2pdf\_tcpdf_5.0.002\fonts\dejavu-fonts-ttf-2.30\unicover.txt --> ftp.jairodepaula.com.br /jairodepaula/web/html2pdf/html2pdf/_tcpdf_5.0.002/fonts/dejavu-fonts-ttf-2.30 unicover.txt
2012.11.23 12:04 B F:\xampp\htdocs\sbrafh\html2pdf\html2pdf\_tcpdf_5.0.002\fonts\dejavu-fonts-ttf-2.30\WS_FTP.LOG --> ftp.jairodepaula.com.br /jairodepaula/web/html2pdf/html2pdf/_tcpdf_5.0.002/fonts/dejavu-fonts-ttf-2.30 WS_FTP.LOG
