2011.06.20 18:34 B F:\xampp\htdocs\zf-tutorial\library\Zend\Dojo\BuildLayer.php --> ftp.portalridgid.com.br /public_html/zf-tutorial/library/Zend/Dojo BuildLayer.php
2011.06.20 18:34 B F:\xampp\htdocs\zf-tutorial\library\Zend\Dojo\Data.php --> ftp.portalridgid.com.br /public_html/zf-tutorial/library/Zend/Dojo Data.php
2011.06.20 18:34 B F:\xampp\htdocs\zf-tutorial\library\Zend\Dojo\Exception.php --> ftp.portalridgid.com.br /public_html/zf-tutorial/library/Zend/Dojo Exception.php
2011.06.20 18:34 B F:\xampp\htdocs\zf-tutorial\library\Zend\Dojo\Form.php --> ftp.portalridgid.com.br /public_html/zf-tutorial/library/Zend/Dojo Form.php
2011.06.30 03:41 B F:\xampp\htdocs\zendLibrary\Zend\Dojo\WS_FTP.LOG --> ftp.sbrafh.org.br /sbrafh/Web/zendLibrary/Zend/Dojo WS_FTP.LOG
2011.06.30 03:41 B F:\xampp\htdocs\zendLibrary\Zend\Dojo\BuildLayer.php --> ftp.sbrafh.org.br /sbrafh/Web/zendLibrary/Zend/Dojo BuildLayer.php
2011.06.30 03:41 B F:\xampp\htdocs\zendLibrary\Zend\Dojo\Form.php --> ftp.sbrafh.org.br /sbrafh/Web/zendLibrary/Zend/Dojo Form.php
2011.06.30 03:41 B F:\xampp\htdocs\zendLibrary\Zend\Dojo\Exception.php --> ftp.sbrafh.org.br /sbrafh/Web/zendLibrary/Zend/Dojo Exception.php
2011.06.30 03:41 B F:\xampp\htdocs\zendLibrary\Zend\Dojo\Data.php --> ftp.sbrafh.org.br /sbrafh/Web/zendLibrary/Zend/Dojo Data.php
2011.07.08 23:47 B F:\xampp\htdocs\zendLibrary\Zend\Dojo\BuildLayer.php --> ftp.radiofone.com.br /public_html/radiofone/zendLibrary/Zend/Dojo BuildLayer.php
2011.07.08 23:47 B F:\xampp\htdocs\zendLibrary\Zend\Dojo\Data.php --> ftp.radiofone.com.br /public_html/radiofone/zendLibrary/Zend/Dojo Data.php
2011.07.08 23:47 B F:\xampp\htdocs\zendLibrary\Zend\Dojo\Exception.php --> ftp.radiofone.com.br /public_html/radiofone/zendLibrary/Zend/Dojo Exception.php
2011.07.08 23:47 B F:\xampp\htdocs\zendLibrary\Zend\Dojo\Form.php --> ftp.radiofone.com.br /public_html/radiofone/zendLibrary/Zend/Dojo Form.php
2011.07.08 23:47 B F:\xampp\htdocs\zendLibrary\Zend\Dojo\WS_FTP.LOG --> ftp.radiofone.com.br /public_html/radiofone/zendLibrary/Zend/Dojo WS_FTP.LOG
2011.07.09 00:46 B F:\xampp\htdocs\zendLibrary\Zend\Dojo\WS_FTP.LOG --> ftp.radiofone.com.br /public_html/radiofone/zendLibrary/Zend/Dojo WS_FTP.LOG
2011.07.26 22:47 B F:\xampp\htdocs\zendLibrary\Zend\Dojo\BuildLayer.php --> ftp.sobrafo.org.br /public_html/zendLibrary/Zend/Dojo BuildLayer.php
2011.07.26 22:47 B F:\xampp\htdocs\zendLibrary\Zend\Dojo\Data.php --> ftp.sobrafo.org.br /public_html/zendLibrary/Zend/Dojo Data.php
2011.07.26 22:47 B F:\xampp\htdocs\zendLibrary\Zend\Dojo\Exception.php --> ftp.sobrafo.org.br /public_html/zendLibrary/Zend/Dojo Exception.php
2011.07.26 22:47 B F:\xampp\htdocs\zendLibrary\Zend\Dojo\Form.php --> ftp.sobrafo.org.br /public_html/zendLibrary/Zend/Dojo Form.php
2011.07.26 22:47 B F:\xampp\htdocs\zendLibrary\Zend\Dojo\WS_FTP.LOG --> ftp.sobrafo.org.br /public_html/zendLibrary/Zend/Dojo WS_FTP.LOG
2011.08.09 16:58 B F:\xampp\htdocs\ZendLibrary\Zend\Dojo\BuildLayer.php --> ftp.amfar.com.br /public_html/ZendLibrary/Zend/Dojo BuildLayer.php
2011.08.09 16:58 B F:\xampp\htdocs\ZendLibrary\Zend\Dojo\Data.php --> ftp.amfar.com.br /public_html/ZendLibrary/Zend/Dojo Data.php
2011.08.09 16:58 B F:\xampp\htdocs\ZendLibrary\Zend\Dojo\Exception.php --> ftp.amfar.com.br /public_html/ZendLibrary/Zend/Dojo Exception.php
2011.08.09 16:58 B F:\xampp\htdocs\ZendLibrary\Zend\Dojo\Form.php --> ftp.amfar.com.br /public_html/ZendLibrary/Zend/Dojo Form.php
