2007.07.25 03:55 B Z:\amfar\js\ajax.js --> ftp635.locaweb.com.br /public_html/js ajax.js
2007.07.25 03:55 B Z:\amfar\js\formStyle.css --> ftp635.locaweb.com.br /public_html/js formStyle.css
2007.07.25 03:55 B Z:\amfar\js\menuProg.js --> ftp635.locaweb.com.br /public_html/js menuProg.js
2007.07.25 03:55 B Z:\amfar\js\menuTree.js --> ftp635.locaweb.com.br /public_html/js menuTree.js
2007.07.25 04:18 B Z:\amfar\js\menuTree.js --> ftp635.locaweb.com.br /public_html/js menuTree.js
2007.07.26 04:12 B Z:\amfar\js\menuTree.js --> ftp635.locaweb.com.br /public_html/js menuTree.js
2007.07.26 05:32 B Z:\amfar\js\menuTree.js --> ftp635.locaweb.com.br /public_html/js menuTree.js
2007.07.26 05:32 B Z:\amfar\js\menuTree.js --> ftp635.locaweb.com.br /public_html/js menuTree.js
2007.07.26 05:43 B Z:\amfar\js\menuTree.js --> ftp635.locaweb.com.br /public_html/js menuTree.js
2007.07.26 20:54 B Z:\amfar\js\ajax.js --> ftp635.locaweb.com.br /public_html/js ajax.js
2007.07.26 21:04 B Z:\amfar\js\menuTree.js --> ftp635.locaweb.com.br /public_html/js menuTree.js
2007.07.26 21:06 B Z:\amfar\js\menuTree.js --> ftp635.locaweb.com.br /public_html/js menuTree.js
2007.07.27 00:31 B Z:\amfar\js\menuTree.js --> ftp635.locaweb.com.br /public_html/js menuTree.js
2007.07.27 01:14 B Z:\amfar\js\menuTree.js --> ftp635.locaweb.com.br /public_html/js menuTree.js
2007.07.27 01:14 B Z:\amfar\js\ajax.js --> ftp635.locaweb.com.br /public_html/js ajax.js
2007.07.27 01:14 B Z:\amfar\js\formStyle.css --> ftp635.locaweb.com.br /public_html/js formStyle.css
2007.07.27 01:14 B Z:\amfar\js\calendar.js --> ftp635.locaweb.com.br /public_html/js calendar.js
2007.07.27 01:14 B Z:\amfar\js\openpopups.js --> ftp635.locaweb.com.br /public_html/js openpopups.js
2007.07.27 01:14 B Z:\amfar\js\menuProg.js --> ftp635.locaweb.com.br /public_html/js menuProg.js
2007.07.27 01:14 B Z:\amfar\js\dynActiveX.js --> ftp635.locaweb.com.br /public_html/js dynActiveX.js
2007.08.06 19:28 B Z:\amfar\js\ajax.js --> ftp635.locaweb.com.br /public_html/js ajax.js
2007.08.06 19:28 B Z:\amfar\js\menuTree.js --> ftp635.locaweb.com.br /public_html/js menuTree.js
