2011.06.20 18:32 B F:\xampp\htdocs\zf-tutorial\library\Zend\Controller\Router\Abstract.php --> ftp.portalridgid.com.br /public_html/zf-tutorial/library/Zend/Controller/Router Abstract.php
2011.06.20 18:32 B F:\xampp\htdocs\zf-tutorial\library\Zend\Controller\Router\Exception.php --> ftp.portalridgid.com.br /public_html/zf-tutorial/library/Zend/Controller/Router Exception.php
2011.06.20 18:32 B F:\xampp\htdocs\zf-tutorial\library\Zend\Controller\Router\Interface.php --> ftp.portalridgid.com.br /public_html/zf-tutorial/library/Zend/Controller/Router Interface.php
2011.06.20 18:32 B F:\xampp\htdocs\zf-tutorial\library\Zend\Controller\Router\Rewrite.php --> ftp.portalridgid.com.br /public_html/zf-tutorial/library/Zend/Controller/Router Rewrite.php
2011.06.20 18:32 B F:\xampp\htdocs\zf-tutorial\library\Zend\Controller\Router\Route.php --> ftp.portalridgid.com.br /public_html/zf-tutorial/library/Zend/Controller/Router Route.php
2011.06.30 03:42 B F:\xampp\htdocs\zendLibrary\Zend\Controller\Router\WS_FTP.LOG --> ftp.sbrafh.org.br /sbrafh/Web/zendLibrary/Zend/Controller/Router WS_FTP.LOG
2011.06.30 03:42 B F:\xampp\htdocs\zendLibrary\Zend\Controller\Router\Route.php --> ftp.sbrafh.org.br /sbrafh/Web/zendLibrary/Zend/Controller/Router Route.php
2011.06.30 03:42 B F:\xampp\htdocs\zendLibrary\Zend\Controller\Router\Rewrite.php --> ftp.sbrafh.org.br /sbrafh/Web/zendLibrary/Zend/Controller/Router Rewrite.php
2011.06.30 03:42 B F:\xampp\htdocs\zendLibrary\Zend\Controller\Router\Interface.php --> ftp.sbrafh.org.br /sbrafh/Web/zendLibrary/Zend/Controller/Router Interface.php
2011.06.30 03:42 B F:\xampp\htdocs\zendLibrary\Zend\Controller\Router\Exception.php --> ftp.sbrafh.org.br /sbrafh/Web/zendLibrary/Zend/Controller/Router Exception.php
2011.06.30 03:42 B F:\xampp\htdocs\zendLibrary\Zend\Controller\Router\Abstract.php --> ftp.sbrafh.org.br /sbrafh/Web/zendLibrary/Zend/Controller/Router Abstract.php
2011.07.08 23:45 B F:\xampp\htdocs\zendLibrary\Zend\Controller\Router\Abstract.php --> ftp.radiofone.com.br /public_html/radiofone/zendLibrary/Zend/Controller/Router Abstract.php
2011.07.08 23:45 B F:\xampp\htdocs\zendLibrary\Zend\Controller\Router\Exception.php --> ftp.radiofone.com.br /public_html/radiofone/zendLibrary/Zend/Controller/Router Exception.php
2011.07.08 23:45 B F:\xampp\htdocs\zendLibrary\Zend\Controller\Router\Interface.php --> ftp.radiofone.com.br /public_html/radiofone/zendLibrary/Zend/Controller/Router Interface.php
2011.07.08 23:45 B F:\xampp\htdocs\zendLibrary\Zend\Controller\Router\Rewrite.php --> ftp.radiofone.com.br /public_html/radiofone/zendLibrary/Zend/Controller/Router Rewrite.php
2011.07.08 23:45 B F:\xampp\htdocs\zendLibrary\Zend\Controller\Router\Route.php --> ftp.radiofone.com.br /public_html/radiofone/zendLibrary/Zend/Controller/Router Route.php
2011.07.08 23:45 B F:\xampp\htdocs\zendLibrary\Zend\Controller\Router\WS_FTP.LOG --> ftp.radiofone.com.br /public_html/radiofone/zendLibrary/Zend/Controller/Router WS_FTP.LOG
2011.07.26 22:46 B F:\xampp\htdocs\zendLibrary\Zend\Controller\Router\Abstract.php --> ftp.sobrafo.org.br /public_html/zendLibrary/Zend/Controller/Router Abstract.php
2011.07.26 22:46 B F:\xampp\htdocs\zendLibrary\Zend\Controller\Router\Exception.php --> ftp.sobrafo.org.br /public_html/zendLibrary/Zend/Controller/Router Exception.php
2011.07.26 22:46 B F:\xampp\htdocs\zendLibrary\Zend\Controller\Router\Interface.php --> ftp.sobrafo.org.br /public_html/zendLibrary/Zend/Controller/Router Interface.php
2011.07.26 22:46 B F:\xampp\htdocs\zendLibrary\Zend\Controller\Router\Rewrite.php --> ftp.sobrafo.org.br /public_html/zendLibrary/Zend/Controller/Router Rewrite.php
2011.07.26 22:46 B F:\xampp\htdocs\zendLibrary\Zend\Controller\Router\Route.php --> ftp.sobrafo.org.br /public_html/zendLibrary/Zend/Controller/Router Route.php
2011.07.26 22:46 B F:\xampp\htdocs\zendLibrary\Zend\Controller\Router\WS_FTP.LOG --> ftp.sobrafo.org.br /public_html/zendLibrary/Zend/Controller/Router WS_FTP.LOG
2011.08.05 01:02 B F:\xampp\htdocs\ZendLibrary\Zend\Controller\Router\WS_FTP.LOG --> ftp.portalridgid.com.br /public_html/zendLibrary/Zend/Controller/Router WS_FTP.LOG
2011.08.09 16:56 B F:\xampp\htdocs\ZendLibrary\Zend\Controller\Router\Abstract.php --> ftp.amfar.com.br /public_html/ZendLibrary/Zend/Controller/Router Abstract.php
2011.08.09 16:56 B F:\xampp\htdocs\ZendLibrary\Zend\Controller\Router\Exception.php --> ftp.amfar.com.br /public_html/ZendLibrary/Zend/Controller/Router Exception.php
2011.08.09 16:56 B F:\xampp\htdocs\ZendLibrary\Zend\Controller\Router\Interface.php --> ftp.amfar.com.br /public_html/ZendLibrary/Zend/Controller/Router Interface.php
2011.08.09 16:56 B F:\xampp\htdocs\ZendLibrary\Zend\Controller\Router\Rewrite.php --> ftp.amfar.com.br /public_html/ZendLibrary/Zend/Controller/Router Rewrite.php
2011.08.09 16:56 B F:\xampp\htdocs\ZendLibrary\Zend\Controller\Router\Route.php --> ftp.amfar.com.br /public_html/ZendLibrary/Zend/Controller/Router Route.php
