2011.06.20 18:31 B F:\xampp\htdocs\zf-tutorial\library\Zend\Cloud\QueueService\Adapter.php --> ftp.portalridgid.com.br /public_html/zf-tutorial/library/Zend/Cloud/QueueService Adapter.php
2011.06.20 18:31 B F:\xampp\htdocs\zf-tutorial\library\Zend\Cloud\QueueService\Exception.php --> ftp.portalridgid.com.br /public_html/zf-tutorial/library/Zend/Cloud/QueueService Exception.php
2011.06.20 18:31 B F:\xampp\htdocs\zf-tutorial\library\Zend\Cloud\QueueService\Factory.php --> ftp.portalridgid.com.br /public_html/zf-tutorial/library/Zend/Cloud/QueueService Factory.php
2011.06.20 18:31 B F:\xampp\htdocs\zf-tutorial\library\Zend\Cloud\QueueService\Message.php --> ftp.portalridgid.com.br /public_html/zf-tutorial/library/Zend/Cloud/QueueService Message.php
2011.06.20 18:31 B F:\xampp\htdocs\zf-tutorial\library\Zend\Cloud\QueueService\MessageSet.php --> ftp.portalridgid.com.br /public_html/zf-tutorial/library/Zend/Cloud/QueueService MessageSet.php
2011.06.30 03:44 B F:\xampp\htdocs\zendLibrary\Zend\Cloud\QueueService\WS_FTP.LOG --> ftp.sbrafh.org.br /sbrafh/Web/zendLibrary/Zend/Cloud/QueueService WS_FTP.LOG
2011.06.30 03:44 B F:\xampp\htdocs\zendLibrary\Zend\Cloud\QueueService\MessageSet.php --> ftp.sbrafh.org.br /sbrafh/Web/zendLibrary/Zend/Cloud/QueueService MessageSet.php
2011.06.30 03:44 B F:\xampp\htdocs\zendLibrary\Zend\Cloud\QueueService\Message.php --> ftp.sbrafh.org.br /sbrafh/Web/zendLibrary/Zend/Cloud/QueueService Message.php
2011.06.30 03:44 B F:\xampp\htdocs\zendLibrary\Zend\Cloud\QueueService\Factory.php --> ftp.sbrafh.org.br /sbrafh/Web/zendLibrary/Zend/Cloud/QueueService Factory.php
2011.06.30 03:44 B F:\xampp\htdocs\zendLibrary\Zend\Cloud\QueueService\Exception.php --> ftp.sbrafh.org.br /sbrafh/Web/zendLibrary/Zend/Cloud/QueueService Exception.php
2011.06.30 03:44 B F:\xampp\htdocs\zendLibrary\Zend\Cloud\QueueService\Adapter.php --> ftp.sbrafh.org.br /sbrafh/Web/zendLibrary/Zend/Cloud/QueueService Adapter.php
2011.07.08 23:44 B F:\xampp\htdocs\zendLibrary\Zend\Cloud\QueueService\Adapter.php --> ftp.radiofone.com.br /public_html/radiofone/zendLibrary/Zend/Cloud/QueueService Adapter.php
2011.07.08 23:44 B F:\xampp\htdocs\zendLibrary\Zend\Cloud\QueueService\Exception.php --> ftp.radiofone.com.br /public_html/radiofone/zendLibrary/Zend/Cloud/QueueService Exception.php
2011.07.08 23:44 B F:\xampp\htdocs\zendLibrary\Zend\Cloud\QueueService\Factory.php --> ftp.radiofone.com.br /public_html/radiofone/zendLibrary/Zend/Cloud/QueueService Factory.php
2011.07.08 23:44 B F:\xampp\htdocs\zendLibrary\Zend\Cloud\QueueService\Message.php --> ftp.radiofone.com.br /public_html/radiofone/zendLibrary/Zend/Cloud/QueueService Message.php
2011.07.08 23:44 B F:\xampp\htdocs\zendLibrary\Zend\Cloud\QueueService\MessageSet.php --> ftp.radiofone.com.br /public_html/radiofone/zendLibrary/Zend/Cloud/QueueService MessageSet.php
2011.07.08 23:44 B F:\xampp\htdocs\zendLibrary\Zend\Cloud\QueueService\WS_FTP.LOG --> ftp.radiofone.com.br /public_html/radiofone/zendLibrary/Zend/Cloud/QueueService WS_FTP.LOG
2011.07.26 22:45 B F:\xampp\htdocs\zendLibrary\Zend\Cloud\QueueService\Adapter.php --> ftp.sobrafo.org.br /public_html/zendLibrary/Zend/Cloud/QueueService Adapter.php
2011.07.26 22:45 B F:\xampp\htdocs\zendLibrary\Zend\Cloud\QueueService\Exception.php --> ftp.sobrafo.org.br /public_html/zendLibrary/Zend/Cloud/QueueService Exception.php
2011.07.26 22:45 B F:\xampp\htdocs\zendLibrary\Zend\Cloud\QueueService\Factory.php --> ftp.sobrafo.org.br /public_html/zendLibrary/Zend/Cloud/QueueService Factory.php
2011.07.26 22:45 B F:\xampp\htdocs\zendLibrary\Zend\Cloud\QueueService\Message.php --> ftp.sobrafo.org.br /public_html/zendLibrary/Zend/Cloud/QueueService Message.php
2011.07.26 22:45 B F:\xampp\htdocs\zendLibrary\Zend\Cloud\QueueService\MessageSet.php --> ftp.sobrafo.org.br /public_html/zendLibrary/Zend/Cloud/QueueService MessageSet.php
2011.07.26 22:45 B F:\xampp\htdocs\zendLibrary\Zend\Cloud\QueueService\WS_FTP.LOG --> ftp.sobrafo.org.br /public_html/zendLibrary/Zend/Cloud/QueueService WS_FTP.LOG
2011.08.05 01:00 B F:\xampp\htdocs\ZendLibrary\Zend\Cloud\QueueService\WS_FTP.LOG --> ftp.portalridgid.com.br /public_html/zendLibrary/Zend/Cloud/QueueService WS_FTP.LOG
2011.08.09 16:55 B F:\xampp\htdocs\ZendLibrary\Zend\Cloud\QueueService\Adapter.php --> ftp.amfar.com.br /public_html/ZendLibrary/Zend/Cloud/QueueService Adapter.php
2011.08.09 16:55 B F:\xampp\htdocs\ZendLibrary\Zend\Cloud\QueueService\Exception.php --> ftp.amfar.com.br /public_html/ZendLibrary/Zend/Cloud/QueueService Exception.php
2011.08.09 16:55 B F:\xampp\htdocs\ZendLibrary\Zend\Cloud\QueueService\Factory.php --> ftp.amfar.com.br /public_html/ZendLibrary/Zend/Cloud/QueueService Factory.php
2011.08.09 16:55 B F:\xampp\htdocs\ZendLibrary\Zend\Cloud\QueueService\Message.php --> ftp.amfar.com.br /public_html/ZendLibrary/Zend/Cloud/QueueService Message.php
2011.08.09 16:55 B F:\xampp\htdocs\ZendLibrary\Zend\Cloud\QueueService\MessageSet.php --> ftp.amfar.com.br /public_html/ZendLibrary/Zend/Cloud/QueueService MessageSet.php
2011.08.09 16:55 B F:\xampp\htdocs\ZendLibrary\Zend\Cloud\QueueService\WS_FTP.LOG --> ftp.amfar.com.br /public_html/ZendLibrary/Zend/Cloud/QueueService WS_FTP.LOG
2011.08.22 20:57 B X:\xampp\htdocs\ZendLibrary\Zend\Cloud\QueueService\Adapter.php --> ftp.jairodepaula.com.br /jairodepaula/web/ZendLibrary/Zend/Cloud/QueueService Adapter.php
2011.08.22 20:57 B X:\xampp\htdocs\ZendLibrary\Zend\Cloud\QueueService\Exception.php --> ftp.jairodepaula.com.br /jairodepaula/web/ZendLibrary/Zend/Cloud/QueueService Exception.php
2011.08.22 20:57 B X:\xampp\htdocs\ZendLibrary\Zend\Cloud\QueueService\Factory.php --> ftp.jairodepaula.com.br /jairodepaula/web/ZendLibrary/Zend/Cloud/QueueService Factory.php
2011.08.22 20:57 B X:\xampp\htdocs\ZendLibrary\Zend\Cloud\QueueService\Message.php --> ftp.jairodepaula.com.br /jairodepaula/web/ZendLibrary/Zend/Cloud/QueueService Message.php
2011.08.22 20:57 B X:\xampp\htdocs\ZendLibrary\Zend\Cloud\QueueService\MessageSet.php --> ftp.jairodepaula.com.br /jairodepaula/web/ZendLibrary/Zend/Cloud/QueueService MessageSet.php
2011.08.22 20:57 B X:\xampp\htdocs\ZendLibrary\Zend\Cloud\QueueService\WS_FTP.LOG --> ftp.jairodepaula.com.br /jairodepaula/web/ZendLibrary/Zend/Cloud/QueueService WS_FTP.LOG
2011.12.31 14:47 B F:\xampp\htdocs\ZendLibrary\Zend\Cloud\QueueService\Adapter.php --> ftp.sbrafh.org.br /public_html/ZendLibrary/Zend/Cloud/QueueService Adapter.php
2011.12.31 14:47 B F:\xampp\htdocs\ZendLibrary\Zend\Cloud\QueueService\Exception.php --> ftp.sbrafh.org.br /public_html/ZendLibrary/Zend/Cloud/QueueService Exception.php
2011.12.31 14:47 B F:\xampp\htdocs\ZendLibrary\Zend\Cloud\QueueService\Factory.php --> ftp.sbrafh.org.br /public_html/ZendLibrary/Zend/Cloud/QueueService Factory.php
2011.12.31 14:47 B F:\xampp\htdocs\ZendLibrary\Zend\Cloud\QueueService\Message.php --> ftp.sbrafh.org.br /public_html/ZendLibrary/Zend/Cloud/QueueService Message.php
2011.12.31 14:47 B F:\xampp\htdocs\ZendLibrary\Zend\Cloud\QueueService\MessageSet.php --> ftp.sbrafh.org.br /public_html/ZendLibrary/Zend/Cloud/QueueService MessageSet.php
2011.12.31 14:47 B F:\xampp\htdocs\ZendLibrary\Zend\Cloud\QueueService\WS_FTP.LOG --> ftp.sbrafh.org.br /public_html/ZendLibrary/Zend/Cloud/QueueService WS_FTP.LOG
2012.01.06 03:16 B F:\xampp\htdocs\ZendLibrary\Zend\Cloud\QueueService\Adapter.php --> ftp461.locaweb.com.br /ridgid/web/ZendLibrary/Zend/Cloud/QueueService Adapter.php
2012.01.06 03:16 B F:\xampp\htdocs\ZendLibrary\Zend\Cloud\QueueService\Exception.php --> ftp461.locaweb.com.br /ridgid/web/ZendLibrary/Zend/Cloud/QueueService Exception.php
2012.01.06 03:16 B F:\xampp\htdocs\ZendLibrary\Zend\Cloud\QueueService\Factory.php --> ftp461.locaweb.com.br /ridgid/web/ZendLibrary/Zend/Cloud/QueueService Factory.php
2012.01.06 03:16 B F:\xampp\htdocs\ZendLibrary\Zend\Cloud\QueueService\Message.php --> ftp461.locaweb.com.br /ridgid/web/ZendLibrary/Zend/Cloud/QueueService Message.php
2012.01.06 03:16 B F:\xampp\htdocs\ZendLibrary\Zend\Cloud\QueueService\MessageSet.php --> ftp461.locaweb.com.br /ridgid/web/ZendLibrary/Zend/Cloud/QueueService MessageSet.php
2012.01.06 03:16 B F:\xampp\htdocs\ZendLibrary\Zend\Cloud\QueueService\WS_FTP.LOG --> ftp461.locaweb.com.br /ridgid/web/ZendLibrary/Zend/Cloud/QueueService WS_FTP.LOG
2012.01.24 17:30 B F:\xampp\htdocs\ZendLibrary\Zend\Cloud\QueueService\Adapter.php --> graficamarmar.com.br /htdocs/ZendLibrary/Zend/Cloud/QueueService Adapter.php
2012.01.24 17:30 B F:\xampp\htdocs\ZendLibrary\Zend\Cloud\QueueService\Exception.php --> graficamarmar.com.br /htdocs/ZendLibrary/Zend/Cloud/QueueService Exception.php
2012.01.24 17:30 B F:\xampp\htdocs\ZendLibrary\Zend\Cloud\QueueService\Factory.php --> graficamarmar.com.br /htdocs/ZendLibrary/Zend/Cloud/QueueService Factory.php
2012.01.24 17:30 B F:\xampp\htdocs\ZendLibrary\Zend\Cloud\QueueService\Message.php --> graficamarmar.com.br /htdocs/ZendLibrary/Zend/Cloud/QueueService Message.php
2012.01.24 17:30 B F:\xampp\htdocs\ZendLibrary\Zend\Cloud\QueueService\MessageSet.php --> graficamarmar.com.br /htdocs/ZendLibrary/Zend/Cloud/QueueService MessageSet.php
2012.01.24 17:30 B F:\xampp\htdocs\ZendLibrary\Zend\Cloud\QueueService\WS_FTP.LOG --> graficamarmar.com.br /htdocs/ZendLibrary/Zend/Cloud/QueueService WS_FTP.LOG
2012.02.08 17:04 B F:\xampp\htdocs\ZendLibrary\Zend\Cloud\QueueService\Adapter.php --> graficamarmar.hospedagemdesites.ws /public_html/ZendLibrary/Zend/Cloud/QueueService Adapter.php
2012.02.08 17:04 B F:\xampp\htdocs\ZendLibrary\Zend\Cloud\QueueService\Exception.php --> graficamarmar.hospedagemdesites.ws /public_html/ZendLibrary/Zend/Cloud/QueueService Exception.php
2012.02.08 17:04 B F:\xampp\htdocs\ZendLibrary\Zend\Cloud\QueueService\Factory.php --> graficamarmar.hospedagemdesites.ws /public_html/ZendLibrary/Zend/Cloud/QueueService Factory.php
2012.02.08 17:04 B F:\xampp\htdocs\ZendLibrary\Zend\Cloud\QueueService\Message.php --> graficamarmar.hospedagemdesites.ws /public_html/ZendLibrary/Zend/Cloud/QueueService Message.php
2012.02.08 17:04 B F:\xampp\htdocs\ZendLibrary\Zend\Cloud\QueueService\MessageSet.php --> graficamarmar.hospedagemdesites.ws /public_html/ZendLibrary/Zend/Cloud/QueueService MessageSet.php
2012.02.08 17:04 B F:\xampp\htdocs\ZendLibrary\Zend\Cloud\QueueService\WS_FTP.LOG --> graficamarmar.hospedagemdesites.ws /public_html/ZendLibrary/Zend/Cloud/QueueService WS_FTP.LOG
2012.10.29 14:40 B F:\xampp\htdocs\ZendLibrary\Zend\Cloud\QueueService\Adapter.php --> 186.202.153.85 /public_html/ZendLibrary/Zend/Cloud/QueueService Adapter.php
2012.10.29 14:40 B F:\xampp\htdocs\ZendLibrary\Zend\Cloud\QueueService\Exception.php --> 186.202.153.85 /public_html/ZendLibrary/Zend/Cloud/QueueService Exception.php
2012.10.29 14:40 B F:\xampp\htdocs\ZendLibrary\Zend\Cloud\QueueService\Factory.php --> 186.202.153.85 /public_html/ZendLibrary/Zend/Cloud/QueueService Factory.php
2012.10.29 14:40 B F:\xampp\htdocs\ZendLibrary\Zend\Cloud\QueueService\Message.php --> 186.202.153.85 /public_html/ZendLibrary/Zend/Cloud/QueueService Message.php
2012.10.29 14:40 B F:\xampp\htdocs\ZendLibrary\Zend\Cloud\QueueService\MessageSet.php --> 186.202.153.85 /public_html/ZendLibrary/Zend/Cloud/QueueService MessageSet.php
2012.10.29 14:40 B F:\xampp\htdocs\ZendLibrary\Zend\Cloud\QueueService\WS_FTP.LOG --> 186.202.153.85 /public_html/ZendLibrary/Zend/Cloud/QueueService WS_FTP.LOG
