2011.06.20 18:37 B F:\xampp\htdocs\zf-tutorial\library\Zend\Gdata\Books\Extension\AnnotationLink.php --> ftp.portalridgid.com.br /public_html/zf-tutorial/library/Zend/Gdata/Books/Extension AnnotationLink.php
2011.06.20 18:37 B F:\xampp\htdocs\zf-tutorial\library\Zend\Gdata\Books\Extension\BooksCategory.php --> ftp.portalridgid.com.br /public_html/zf-tutorial/library/Zend/Gdata/Books/Extension BooksCategory.php
2011.06.20 18:37 B F:\xampp\htdocs\zf-tutorial\library\Zend\Gdata\Books\Extension\BooksLink.php --> ftp.portalridgid.com.br /public_html/zf-tutorial/library/Zend/Gdata/Books/Extension BooksLink.php
2011.06.20 18:37 B F:\xampp\htdocs\zf-tutorial\library\Zend\Gdata\Books\Extension\Embeddability.php --> ftp.portalridgid.com.br /public_html/zf-tutorial/library/Zend/Gdata/Books/Extension Embeddability.php
2011.06.20 18:37 B F:\xampp\htdocs\zf-tutorial\library\Zend\Gdata\Books\Extension\InfoLink.php --> ftp.portalridgid.com.br /public_html/zf-tutorial/library/Zend/Gdata/Books/Extension InfoLink.php
2011.06.20 18:37 B F:\xampp\htdocs\zf-tutorial\library\Zend\Gdata\Books\Extension\PreviewLink.php --> ftp.portalridgid.com.br /public_html/zf-tutorial/library/Zend/Gdata/Books/Extension PreviewLink.php
2011.06.20 18:37 B F:\xampp\htdocs\zf-tutorial\library\Zend\Gdata\Books\Extension\Review.php --> ftp.portalridgid.com.br /public_html/zf-tutorial/library/Zend/Gdata/Books/Extension Review.php
2011.06.20 18:37 B F:\xampp\htdocs\zf-tutorial\library\Zend\Gdata\Books\Extension\ThumbnailLink.php --> ftp.portalridgid.com.br /public_html/zf-tutorial/library/Zend/Gdata/Books/Extension ThumbnailLink.php
2011.06.20 18:37 B F:\xampp\htdocs\zf-tutorial\library\Zend\Gdata\Books\Extension\Viewability.php --> ftp.portalridgid.com.br /public_html/zf-tutorial/library/Zend/Gdata/Books/Extension Viewability.php
2011.06.30 03:36 B F:\xampp\htdocs\zendLibrary\Zend\Gdata\Books\Extension\WS_FTP.LOG --> ftp.sbrafh.org.br /sbrafh/Web/zendLibrary/Zend/Gdata/Books/Extension WS_FTP.LOG
2011.06.30 03:36 B F:\xampp\htdocs\zendLibrary\Zend\Gdata\Books\Extension\Viewability.php --> ftp.sbrafh.org.br /sbrafh/Web/zendLibrary/Zend/Gdata/Books/Extension Viewability.php
2011.06.30 03:36 B F:\xampp\htdocs\zendLibrary\Zend\Gdata\Books\Extension\ThumbnailLink.php --> ftp.sbrafh.org.br /sbrafh/Web/zendLibrary/Zend/Gdata/Books/Extension ThumbnailLink.php
2011.06.30 03:36 B F:\xampp\htdocs\zendLibrary\Zend\Gdata\Books\Extension\Review.php --> ftp.sbrafh.org.br /sbrafh/Web/zendLibrary/Zend/Gdata/Books/Extension Review.php
2011.06.30 03:36 B F:\xampp\htdocs\zendLibrary\Zend\Gdata\Books\Extension\PreviewLink.php --> ftp.sbrafh.org.br /sbrafh/Web/zendLibrary/Zend/Gdata/Books/Extension PreviewLink.php
2011.06.30 03:36 B F:\xampp\htdocs\zendLibrary\Zend\Gdata\Books\Extension\InfoLink.php --> ftp.sbrafh.org.br /sbrafh/Web/zendLibrary/Zend/Gdata/Books/Extension InfoLink.php
2011.06.30 03:36 B F:\xampp\htdocs\zendLibrary\Zend\Gdata\Books\Extension\Embeddability.php --> ftp.sbrafh.org.br /sbrafh/Web/zendLibrary/Zend/Gdata/Books/Extension Embeddability.php
2011.06.30 03:36 B F:\xampp\htdocs\zendLibrary\Zend\Gdata\Books\Extension\BooksLink.php --> ftp.sbrafh.org.br /sbrafh/Web/zendLibrary/Zend/Gdata/Books/Extension BooksLink.php
2011.06.30 03:36 B F:\xampp\htdocs\zendLibrary\Zend\Gdata\Books\Extension\BooksCategory.php --> ftp.sbrafh.org.br /sbrafh/Web/zendLibrary/Zend/Gdata/Books/Extension BooksCategory.php
2011.06.30 03:36 B F:\xampp\htdocs\zendLibrary\Zend\Gdata\Books\Extension\AnnotationLink.php --> ftp.sbrafh.org.br /sbrafh/Web/zendLibrary/Zend/Gdata/Books/Extension AnnotationLink.php
2011.07.08 23:50 B F:\xampp\htdocs\zendLibrary\Zend\Gdata\Books\Extension\AnnotationLink.php --> ftp.radiofone.com.br /public_html/radiofone/zendLibrary/Zend/Gdata/Books/Extension AnnotationLink.php
2011.07.08 23:50 B F:\xampp\htdocs\zendLibrary\Zend\Gdata\Books\Extension\BooksCategory.php --> ftp.radiofone.com.br /public_html/radiofone/zendLibrary/Zend/Gdata/Books/Extension BooksCategory.php
2011.07.08 23:50 B F:\xampp\htdocs\zendLibrary\Zend\Gdata\Books\Extension\BooksLink.php --> ftp.radiofone.com.br /public_html/radiofone/zendLibrary/Zend/Gdata/Books/Extension BooksLink.php
2011.07.08 23:50 B F:\xampp\htdocs\zendLibrary\Zend\Gdata\Books\Extension\Embeddability.php --> ftp.radiofone.com.br /public_html/radiofone/zendLibrary/Zend/Gdata/Books/Extension Embeddability.php
2011.07.08 23:50 B F:\xampp\htdocs\zendLibrary\Zend\Gdata\Books\Extension\InfoLink.php --> ftp.radiofone.com.br /public_html/radiofone/zendLibrary/Zend/Gdata/Books/Extension InfoLink.php
2011.07.08 23:50 B F:\xampp\htdocs\zendLibrary\Zend\Gdata\Books\Extension\PreviewLink.php --> ftp.radiofone.com.br /public_html/radiofone/zendLibrary/Zend/Gdata/Books/Extension PreviewLink.php
2011.07.08 23:50 B F:\xampp\htdocs\zendLibrary\Zend\Gdata\Books\Extension\Review.php --> ftp.radiofone.com.br /public_html/radiofone/zendLibrary/Zend/Gdata/Books/Extension Review.php
2011.07.08 23:50 B F:\xampp\htdocs\zendLibrary\Zend\Gdata\Books\Extension\ThumbnailLink.php --> ftp.radiofone.com.br /public_html/radiofone/zendLibrary/Zend/Gdata/Books/Extension ThumbnailLink.php
2011.07.08 23:50 B F:\xampp\htdocs\zendLibrary\Zend\Gdata\Books\Extension\Viewability.php --> ftp.radiofone.com.br /public_html/radiofone/zendLibrary/Zend/Gdata/Books/Extension Viewability.php
2011.07.08 23:50 B F:\xampp\htdocs\zendLibrary\Zend\Gdata\Books\Extension\WS_FTP.LOG --> ftp.radiofone.com.br /public_html/radiofone/zendLibrary/Zend/Gdata/Books/Extension WS_FTP.LOG
2011.07.09 00:47 B F:\xampp\htdocs\zendLibrary\Zend\Gdata\Books\Extension\WS_FTP.LOG --> ftp.radiofone.com.br /public_html/radiofone/zendLibrary/Zend/Gdata/Books/Extension WS_FTP.LOG
2011.07.26 22:51 B F:\xampp\htdocs\zendLibrary\Zend\Gdata\Books\Extension\AnnotationLink.php --> ftp.sobrafo.org.br /public_html/zendLibrary/Zend/Gdata/Books/Extension AnnotationLink.php
2011.07.26 22:51 B F:\xampp\htdocs\zendLibrary\Zend\Gdata\Books\Extension\BooksCategory.php --> ftp.sobrafo.org.br /public_html/zendLibrary/Zend/Gdata/Books/Extension BooksCategory.php
2011.07.26 22:51 B F:\xampp\htdocs\zendLibrary\Zend\Gdata\Books\Extension\BooksLink.php --> ftp.sobrafo.org.br /public_html/zendLibrary/Zend/Gdata/Books/Extension BooksLink.php
2011.07.26 22:51 B F:\xampp\htdocs\zendLibrary\Zend\Gdata\Books\Extension\Embeddability.php --> ftp.sobrafo.org.br /public_html/zendLibrary/Zend/Gdata/Books/Extension Embeddability.php
2011.07.26 22:51 B F:\xampp\htdocs\zendLibrary\Zend\Gdata\Books\Extension\InfoLink.php --> ftp.sobrafo.org.br /public_html/zendLibrary/Zend/Gdata/Books/Extension InfoLink.php
2011.07.26 22:51 B F:\xampp\htdocs\zendLibrary\Zend\Gdata\Books\Extension\PreviewLink.php --> ftp.sobrafo.org.br /public_html/zendLibrary/Zend/Gdata/Books/Extension PreviewLink.php
2011.07.26 22:51 B F:\xampp\htdocs\zendLibrary\Zend\Gdata\Books\Extension\Review.php --> ftp.sobrafo.org.br /public_html/zendLibrary/Zend/Gdata/Books/Extension Review.php
2011.07.26 22:51 B F:\xampp\htdocs\zendLibrary\Zend\Gdata\Books\Extension\ThumbnailLink.php --> ftp.sobrafo.org.br /public_html/zendLibrary/Zend/Gdata/Books/Extension ThumbnailLink.php
2011.07.26 22:51 B F:\xampp\htdocs\zendLibrary\Zend\Gdata\Books\Extension\Viewability.php --> ftp.sobrafo.org.br /public_html/zendLibrary/Zend/Gdata/Books/Extension Viewability.php
2011.07.26 22:51 B F:\xampp\htdocs\zendLibrary\Zend\Gdata\Books\Extension\WS_FTP.LOG --> ftp.sobrafo.org.br /public_html/zendLibrary/Zend/Gdata/Books/Extension WS_FTP.LOG
2011.08.09 17:01 B F:\xampp\htdocs\ZendLibrary\Zend\Gdata\Books\Extension\AnnotationLink.php --> ftp.amfar.com.br /public_html/ZendLibrary/Zend/Gdata/Books/Extension AnnotationLink.php
2011.08.09 17:01 B F:\xampp\htdocs\ZendLibrary\Zend\Gdata\Books\Extension\BooksCategory.php --> ftp.amfar.com.br /public_html/ZendLibrary/Zend/Gdata/Books/Extension BooksCategory.php
2011.08.09 17:01 B F:\xampp\htdocs\ZendLibrary\Zend\Gdata\Books\Extension\BooksLink.php --> ftp.amfar.com.br /public_html/ZendLibrary/Zend/Gdata/Books/Extension BooksLink.php
2011.08.09 17:01 B F:\xampp\htdocs\ZendLibrary\Zend\Gdata\Books\Extension\Embeddability.php --> ftp.amfar.com.br /public_html/ZendLibrary/Zend/Gdata/Books/Extension Embeddability.php
2011.08.09 17:01 B F:\xampp\htdocs\ZendLibrary\Zend\Gdata\Books\Extension\InfoLink.php --> ftp.amfar.com.br /public_html/ZendLibrary/Zend/Gdata/Books/Extension InfoLink.php
2011.08.09 17:01 B F:\xampp\htdocs\ZendLibrary\Zend\Gdata\Books\Extension\PreviewLink.php --> ftp.amfar.com.br /public_html/ZendLibrary/Zend/Gdata/Books/Extension PreviewLink.php
2011.08.09 17:01 B F:\xampp\htdocs\ZendLibrary\Zend\Gdata\Books\Extension\Review.php --> ftp.amfar.com.br /public_html/ZendLibrary/Zend/Gdata/Books/Extension Review.php
2011.08.09 17:01 B F:\xampp\htdocs\ZendLibrary\Zend\Gdata\Books\Extension\ThumbnailLink.php --> ftp.amfar.com.br /public_html/ZendLibrary/Zend/Gdata/Books/Extension ThumbnailLink.php
2011.08.09 17:01 B F:\xampp\htdocs\ZendLibrary\Zend\Gdata\Books\Extension\Viewability.php --> ftp.amfar.com.br /public_html/ZendLibrary/Zend/Gdata/Books/Extension Viewability.php
