2011.06.20 18:48 B F:\xampp\htdocs\zf-tutorial\library\Zend\Paginator\ScrollingStyle\All.php --> ftp.portalridgid.com.br /public_html/zf-tutorial/library/Zend/Paginator/ScrollingStyle All.php
2011.06.20 18:48 B F:\xampp\htdocs\zf-tutorial\library\Zend\Paginator\ScrollingStyle\Elastic.php --> ftp.portalridgid.com.br /public_html/zf-tutorial/library/Zend/Paginator/ScrollingStyle Elastic.php
2011.06.20 18:48 B F:\xampp\htdocs\zf-tutorial\library\Zend\Paginator\ScrollingStyle\Interface.php --> ftp.portalridgid.com.br /public_html/zf-tutorial/library/Zend/Paginator/ScrollingStyle Interface.php
2011.06.20 18:48 B F:\xampp\htdocs\zf-tutorial\library\Zend\Paginator\ScrollingStyle\Jumping.php --> ftp.portalridgid.com.br /public_html/zf-tutorial/library/Zend/Paginator/ScrollingStyle Jumping.php
2011.06.20 18:48 B F:\xampp\htdocs\zf-tutorial\library\Zend\Paginator\ScrollingStyle\Sliding.php --> ftp.portalridgid.com.br /public_html/zf-tutorial/library/Zend/Paginator/ScrollingStyle Sliding.php
2011.06.30 03:21 B F:\xampp\htdocs\zendLibrary\Zend\Paginator\ScrollingStyle\WS_FTP.LOG --> ftp.sbrafh.org.br /sbrafh/Web/zendLibrary/Zend/Paginator/ScrollingStyle WS_FTP.LOG
2011.06.30 03:21 B F:\xampp\htdocs\zendLibrary\Zend\Paginator\ScrollingStyle\Sliding.php --> ftp.sbrafh.org.br /sbrafh/Web/zendLibrary/Zend/Paginator/ScrollingStyle Sliding.php
2011.06.30 03:21 B F:\xampp\htdocs\zendLibrary\Zend\Paginator\ScrollingStyle\Jumping.php --> ftp.sbrafh.org.br /sbrafh/Web/zendLibrary/Zend/Paginator/ScrollingStyle Jumping.php
2011.06.30 03:21 B F:\xampp\htdocs\zendLibrary\Zend\Paginator\ScrollingStyle\Interface.php --> ftp.sbrafh.org.br /sbrafh/Web/zendLibrary/Zend/Paginator/ScrollingStyle Interface.php
2011.06.30 03:21 B F:\xampp\htdocs\zendLibrary\Zend\Paginator\ScrollingStyle\Elastic.php --> ftp.sbrafh.org.br /sbrafh/Web/zendLibrary/Zend/Paginator/ScrollingStyle Elastic.php
2011.06.30 03:21 B F:\xampp\htdocs\zendLibrary\Zend\Paginator\ScrollingStyle\All.php --> ftp.sbrafh.org.br /sbrafh/Web/zendLibrary/Zend/Paginator/ScrollingStyle All.php
2011.07.09 00:14 B F:\xampp\htdocs\zendLibrary\Zend\Paginator\ScrollingStyle\All.php --> ftp.radiofone.com.br /public_html/radiofone/zendLibrary/Zend/Paginator/ScrollingStyle All.php
2011.07.09 00:14 B F:\xampp\htdocs\zendLibrary\Zend\Paginator\ScrollingStyle\Elastic.php --> ftp.radiofone.com.br /public_html/radiofone/zendLibrary/Zend/Paginator/ScrollingStyle Elastic.php
2011.07.09 00:14 B F:\xampp\htdocs\zendLibrary\Zend\Paginator\ScrollingStyle\Interface.php --> ftp.radiofone.com.br /public_html/radiofone/zendLibrary/Zend/Paginator/ScrollingStyle Interface.php
2011.07.09 00:14 B F:\xampp\htdocs\zendLibrary\Zend\Paginator\ScrollingStyle\Jumping.php --> ftp.radiofone.com.br /public_html/radiofone/zendLibrary/Zend/Paginator/ScrollingStyle Jumping.php
2011.07.09 00:14 B F:\xampp\htdocs\zendLibrary\Zend\Paginator\ScrollingStyle\Sliding.php --> ftp.radiofone.com.br /public_html/radiofone/zendLibrary/Zend/Paginator/ScrollingStyle Sliding.php
2011.07.09 00:14 B F:\xampp\htdocs\zendLibrary\Zend\Paginator\ScrollingStyle\WS_FTP.LOG --> ftp.radiofone.com.br /public_html/radiofone/zendLibrary/Zend/Paginator/ScrollingStyle WS_FTP.LOG
2011.07.09 00:50 B F:\xampp\htdocs\zendLibrary\Zend\Paginator\ScrollingStyle\WS_FTP.LOG --> ftp.radiofone.com.br /public_html/radiofone/zendLibrary/Zend/Paginator/ScrollingStyle WS_FTP.LOG
2011.07.26 23:02 B F:\xampp\htdocs\zendLibrary\Zend\Paginator\ScrollingStyle\All.php --> ftp.sobrafo.org.br /public_html/zendLibrary/Zend/Paginator/ScrollingStyle All.php
2011.07.26 23:02 B F:\xampp\htdocs\zendLibrary\Zend\Paginator\ScrollingStyle\Elastic.php --> ftp.sobrafo.org.br /public_html/zendLibrary/Zend/Paginator/ScrollingStyle Elastic.php
2011.07.26 23:03 B F:\xampp\htdocs\zendLibrary\Zend\Paginator\ScrollingStyle\Interface.php --> ftp.sobrafo.org.br /public_html/zendLibrary/Zend/Paginator/ScrollingStyle Interface.php
2011.07.26 23:03 B F:\xampp\htdocs\zendLibrary\Zend\Paginator\ScrollingStyle\Jumping.php --> ftp.sobrafo.org.br /public_html/zendLibrary/Zend/Paginator/ScrollingStyle Jumping.php
2011.07.26 23:03 B F:\xampp\htdocs\zendLibrary\Zend\Paginator\ScrollingStyle\Sliding.php --> ftp.sobrafo.org.br /public_html/zendLibrary/Zend/Paginator/ScrollingStyle Sliding.php
2011.07.26 23:03 B F:\xampp\htdocs\zendLibrary\Zend\Paginator\ScrollingStyle\WS_FTP.LOG --> ftp.sobrafo.org.br /public_html/zendLibrary/Zend/Paginator/ScrollingStyle WS_FTP.LOG
2011.08.09 17:23 B F:\xampp\htdocs\ZendLibrary\Zend\Paginator\ScrollingStyle\All.php --> ftp.amfar.com.br /public_html/ZendLibrary/Zend/Paginator/ScrollingStyle All.php
2011.08.09 17:23 B F:\xampp\htdocs\ZendLibrary\Zend\Paginator\ScrollingStyle\Elastic.php --> ftp.amfar.com.br /public_html/ZendLibrary/Zend/Paginator/ScrollingStyle Elastic.php
2011.08.09 17:23 B F:\xampp\htdocs\ZendLibrary\Zend\Paginator\ScrollingStyle\Interface.php --> ftp.amfar.com.br /public_html/ZendLibrary/Zend/Paginator/ScrollingStyle Interface.php
2011.08.09 17:23 B F:\xampp\htdocs\ZendLibrary\Zend\Paginator\ScrollingStyle\Jumping.php --> ftp.amfar.com.br /public_html/ZendLibrary/Zend/Paginator/ScrollingStyle Jumping.php
2011.08.09 17:23 B F:\xampp\htdocs\ZendLibrary\Zend\Paginator\ScrollingStyle\Sliding.php --> ftp.amfar.com.br /public_html/ZendLibrary/Zend/Paginator/ScrollingStyle Sliding.php
