2007.05.25 15:28 B Z:\mailing\e-mailing\fckeditor\editor\filemanager\browser\default\images\icons\ai.gif --> ftp.sbrafh.org.br /public_html/e-mailing/fckeditor/editor/filemanager/browser/default/images/icons ai.gif
2007.05.25 15:28 B Z:\mailing\e-mailing\fckeditor\editor\filemanager\browser\default\images\icons\avi.gif --> ftp.sbrafh.org.br /public_html/e-mailing/fckeditor/editor/filemanager/browser/default/images/icons avi.gif
2007.05.25 15:28 B Z:\mailing\e-mailing\fckeditor\editor\filemanager\browser\default\images\icons\bmp.gif --> ftp.sbrafh.org.br /public_html/e-mailing/fckeditor/editor/filemanager/browser/default/images/icons bmp.gif
2007.05.25 15:28 B Z:\mailing\e-mailing\fckeditor\editor\filemanager\browser\default\images\icons\cs.gif --> ftp.sbrafh.org.br /public_html/e-mailing/fckeditor/editor/filemanager/browser/default/images/icons cs.gif
2007.05.25 15:28 B Z:\mailing\e-mailing\fckeditor\editor\filemanager\browser\default\images\icons\default.icon.gif --> ftp.sbrafh.org.br /public_html/e-mailing/fckeditor/editor/filemanager/browser/default/images/icons default.icon.gif
2007.05.25 15:28 B Z:\mailing\e-mailing\fckeditor\editor\filemanager\browser\default\images\icons\dll.gif --> ftp.sbrafh.org.br /public_html/e-mailing/fckeditor/editor/filemanager/browser/default/images/icons dll.gif
2007.05.25 15:28 B Z:\mailing\e-mailing\fckeditor\editor\filemanager\browser\default\images\icons\doc.gif --> ftp.sbrafh.org.br /public_html/e-mailing/fckeditor/editor/filemanager/browser/default/images/icons doc.gif
2007.05.25 15:28 B Z:\mailing\e-mailing\fckeditor\editor\filemanager\browser\default\images\icons\exe.gif --> ftp.sbrafh.org.br /public_html/e-mailing/fckeditor/editor/filemanager/browser/default/images/icons exe.gif
2007.05.25 15:28 B Z:\mailing\e-mailing\fckeditor\editor\filemanager\browser\default\images\icons\fla.gif --> ftp.sbrafh.org.br /public_html/e-mailing/fckeditor/editor/filemanager/browser/default/images/icons fla.gif
2007.05.25 15:28 B Z:\mailing\e-mailing\fckeditor\editor\filemanager\browser\default\images\icons\gif.gif --> ftp.sbrafh.org.br /public_html/e-mailing/fckeditor/editor/filemanager/browser/default/images/icons gif.gif
2007.05.25 15:28 B Z:\mailing\e-mailing\fckeditor\editor\filemanager\browser\default\images\icons\htm.gif --> ftp.sbrafh.org.br /public_html/e-mailing/fckeditor/editor/filemanager/browser/default/images/icons htm.gif
2007.05.25 15:28 B Z:\mailing\e-mailing\fckeditor\editor\filemanager\browser\default\images\icons\html.gif --> ftp.sbrafh.org.br /public_html/e-mailing/fckeditor/editor/filemanager/browser/default/images/icons html.gif
2007.05.25 15:28 B Z:\mailing\e-mailing\fckeditor\editor\filemanager\browser\default\images\icons\jpg.gif --> ftp.sbrafh.org.br /public_html/e-mailing/fckeditor/editor/filemanager/browser/default/images/icons jpg.gif
2007.05.25 15:28 B Z:\mailing\e-mailing\fckeditor\editor\filemanager\browser\default\images\icons\js.gif --> ftp.sbrafh.org.br /public_html/e-mailing/fckeditor/editor/filemanager/browser/default/images/icons js.gif
2007.05.25 15:28 B Z:\mailing\e-mailing\fckeditor\editor\filemanager\browser\default\images\icons\mdb.gif --> ftp.sbrafh.org.br /public_html/e-mailing/fckeditor/editor/filemanager/browser/default/images/icons mdb.gif
2007.05.25 15:28 B Z:\mailing\e-mailing\fckeditor\editor\filemanager\browser\default\images\icons\mp3.gif --> ftp.sbrafh.org.br /public_html/e-mailing/fckeditor/editor/filemanager/browser/default/images/icons mp3.gif
2007.05.25 15:28 B Z:\mailing\e-mailing\fckeditor\editor\filemanager\browser\default\images\icons\pdf.gif --> ftp.sbrafh.org.br /public_html/e-mailing/fckeditor/editor/filemanager/browser/default/images/icons pdf.gif
2007.05.25 15:28 B Z:\mailing\e-mailing\fckeditor\editor\filemanager\browser\default\images\icons\png.gif --> ftp.sbrafh.org.br /public_html/e-mailing/fckeditor/editor/filemanager/browser/default/images/icons png.gif
2007.05.25 15:28 B Z:\mailing\e-mailing\fckeditor\editor\filemanager\browser\default\images\icons\ppt.gif --> ftp.sbrafh.org.br /public_html/e-mailing/fckeditor/editor/filemanager/browser/default/images/icons ppt.gif
2007.05.25 15:28 B Z:\mailing\e-mailing\fckeditor\editor\filemanager\browser\default\images\icons\rdp.gif --> ftp.sbrafh.org.br /public_html/e-mailing/fckeditor/editor/filemanager/browser/default/images/icons rdp.gif
2007.05.25 15:28 B Z:\mailing\e-mailing\fckeditor\editor\filemanager\browser\default\images\icons\swf.gif --> ftp.sbrafh.org.br /public_html/e-mailing/fckeditor/editor/filemanager/browser/default/images/icons swf.gif
2007.05.25 15:28 B Z:\mailing\e-mailing\fckeditor\editor\filemanager\browser\default\images\icons\swt.gif --> ftp.sbrafh.org.br /public_html/e-mailing/fckeditor/editor/filemanager/browser/default/images/icons swt.gif
2007.05.25 15:28 B Z:\mailing\e-mailing\fckeditor\editor\filemanager\browser\default\images\icons\Thumbs.db --> ftp.sbrafh.org.br /public_html/e-mailing/fckeditor/editor/filemanager/browser/default/images/icons Thumbs.db
2007.05.25 15:28 B Z:\mailing\e-mailing\fckeditor\editor\filemanager\browser\default\images\icons\txt.gif --> ftp.sbrafh.org.br /public_html/e-mailing/fckeditor/editor/filemanager/browser/default/images/icons txt.gif
2007.05.25 15:28 B Z:\mailing\e-mailing\fckeditor\editor\filemanager\browser\default\images\icons\vsd.gif --> ftp.sbrafh.org.br /public_html/e-mailing/fckeditor/editor/filemanager/browser/default/images/icons vsd.gif
2007.05.25 15:28 B Z:\mailing\e-mailing\fckeditor\editor\filemanager\browser\default\images\icons\xls.gif --> ftp.sbrafh.org.br /public_html/e-mailing/fckeditor/editor/filemanager/browser/default/images/icons xls.gif
2007.05.25 15:28 B Z:\mailing\e-mailing\fckeditor\editor\filemanager\browser\default\images\icons\xml.gif --> ftp.sbrafh.org.br /public_html/e-mailing/fckeditor/editor/filemanager/browser/default/images/icons xml.gif
2007.05.25 15:28 B Z:\mailing\e-mailing\fckeditor\editor\filemanager\browser\default\images\icons\zip.gif --> ftp.sbrafh.org.br /public_html/e-mailing/fckeditor/editor/filemanager/browser/default/images/icons zip.gif
2007.05.28 17:39 B Z:\mailing\e-mailing\fckeditor\editor\filemanager\browser\default\images\icons\ai.gif <-- sbrafh /public_html/e-mailing/fckeditor/editor/filemanager/browser/default/images/icons ai.gif
2007.05.28 17:39 B Z:\mailing\e-mailing\fckeditor\editor\filemanager\browser\default\images\icons\avi.gif <-- sbrafh /public_html/e-mailing/fckeditor/editor/filemanager/browser/default/images/icons avi.gif
2007.05.28 17:39 B Z:\mailing\e-mailing\fckeditor\editor\filemanager\browser\default\images\icons\bmp.gif <-- sbrafh /public_html/e-mailing/fckeditor/editor/filemanager/browser/default/images/icons bmp.gif
2007.05.28 17:39 B Z:\mailing\e-mailing\fckeditor\editor\filemanager\browser\default\images\icons\cs.gif <-- sbrafh /public_html/e-mailing/fckeditor/editor/filemanager/browser/default/images/icons cs.gif
2007.05.28 17:39 B Z:\mailing\e-mailing\fckeditor\editor\filemanager\browser\default\images\icons\default.icon.gif <-- sbrafh /public_html/e-mailing/fckeditor/editor/filemanager/browser/default/images/icons default.icon.gif
2007.05.28 17:39 B Z:\mailing\e-mailing\fckeditor\editor\filemanager\browser\default\images\icons\dll.gif <-- sbrafh /public_html/e-mailing/fckeditor/editor/filemanager/browser/default/images/icons dll.gif
2007.05.28 17:39 B Z:\mailing\e-mailing\fckeditor\editor\filemanager\browser\default\images\icons\doc.gif <-- sbrafh /public_html/e-mailing/fckeditor/editor/filemanager/browser/default/images/icons doc.gif
2007.05.28 17:39 B Z:\mailing\e-mailing\fckeditor\editor\filemanager\browser\default\images\icons\exe.gif <-- sbrafh /public_html/e-mailing/fckeditor/editor/filemanager/browser/default/images/icons exe.gif
2007.05.28 17:39 B Z:\mailing\e-mailing\fckeditor\editor\filemanager\browser\default\images\icons\fla.gif <-- sbrafh /public_html/e-mailing/fckeditor/editor/filemanager/browser/default/images/icons fla.gif
2007.05.28 17:39 B Z:\mailing\e-mailing\fckeditor\editor\filemanager\browser\default\images\icons\gif.gif <-- sbrafh /public_html/e-mailing/fckeditor/editor/filemanager/browser/default/images/icons gif.gif
2007.05.28 17:39 B Z:\mailing\e-mailing\fckeditor\editor\filemanager\browser\default\images\icons\htm.gif <-- sbrafh /public_html/e-mailing/fckeditor/editor/filemanager/browser/default/images/icons htm.gif
2007.05.28 17:39 B Z:\mailing\e-mailing\fckeditor\editor\filemanager\browser\default\images\icons\html.gif <-- sbrafh /public_html/e-mailing/fckeditor/editor/filemanager/browser/default/images/icons html.gif
2007.05.28 17:39 B Z:\mailing\e-mailing\fckeditor\editor\filemanager\browser\default\images\icons\jpg.gif <-- sbrafh /public_html/e-mailing/fckeditor/editor/filemanager/browser/default/images/icons jpg.gif
2007.05.28 17:39 B Z:\mailing\e-mailing\fckeditor\editor\filemanager\browser\default\images\icons\js.gif <-- sbrafh /public_html/e-mailing/fckeditor/editor/filemanager/browser/default/images/icons js.gif
2007.05.28 17:39 B Z:\mailing\e-mailing\fckeditor\editor\filemanager\browser\default\images\icons\mdb.gif <-- sbrafh /public_html/e-mailing/fckeditor/editor/filemanager/browser/default/images/icons mdb.gif
2007.05.28 17:39 B Z:\mailing\e-mailing\fckeditor\editor\filemanager\browser\default\images\icons\mp3.gif <-- sbrafh /public_html/e-mailing/fckeditor/editor/filemanager/browser/default/images/icons mp3.gif
2007.05.28 17:39 B Z:\mailing\e-mailing\fckeditor\editor\filemanager\browser\default\images\icons\pdf.gif <-- sbrafh /public_html/e-mailing/fckeditor/editor/filemanager/browser/default/images/icons pdf.gif
2007.05.28 17:39 B Z:\mailing\e-mailing\fckeditor\editor\filemanager\browser\default\images\icons\png.gif <-- sbrafh /public_html/e-mailing/fckeditor/editor/filemanager/browser/default/images/icons png.gif
2007.05.28 17:39 B Z:\mailing\e-mailing\fckeditor\editor\filemanager\browser\default\images\icons\ppt.gif <-- sbrafh /public_html/e-mailing/fckeditor/editor/filemanager/browser/default/images/icons ppt.gif
2007.05.28 17:39 B Z:\mailing\e-mailing\fckeditor\editor\filemanager\browser\default\images\icons\rdp.gif <-- sbrafh /public_html/e-mailing/fckeditor/editor/filemanager/browser/default/images/icons rdp.gif
2007.05.28 17:39 B Z:\mailing\e-mailing\fckeditor\editor\filemanager\browser\default\images\icons\swf.gif <-- sbrafh /public_html/e-mailing/fckeditor/editor/filemanager/browser/default/images/icons swf.gif
2007.05.28 17:39 B Z:\mailing\e-mailing\fckeditor\editor\filemanager\browser\default\images\icons\swt.gif <-- sbrafh /public_html/e-mailing/fckeditor/editor/filemanager/browser/default/images/icons swt.gif
2007.05.28 17:39 B Z:\mailing\e-mailing\fckeditor\editor\filemanager\browser\default\images\icons\Thumbs.db <-- sbrafh /public_html/e-mailing/fckeditor/editor/filemanager/browser/default/images/icons Thumbs.db
2007.05.28 17:39 B Z:\mailing\e-mailing\fckeditor\editor\filemanager\browser\default\images\icons\txt.gif <-- sbrafh /public_html/e-mailing/fckeditor/editor/filemanager/browser/default/images/icons txt.gif
2007.05.28 17:39 B Z:\mailing\e-mailing\fckeditor\editor\filemanager\browser\default\images\icons\vsd.gif <-- sbrafh /public_html/e-mailing/fckeditor/editor/filemanager/browser/default/images/icons vsd.gif
2007.05.28 17:39 B Z:\mailing\e-mailing\fckeditor\editor\filemanager\browser\default\images\icons\xls.gif <-- sbrafh /public_html/e-mailing/fckeditor/editor/filemanager/browser/default/images/icons xls.gif
2007.05.28 17:39 B Z:\mailing\e-mailing\fckeditor\editor\filemanager\browser\default\images\icons\xml.gif <-- sbrafh /public_html/e-mailing/fckeditor/editor/filemanager/browser/default/images/icons xml.gif
2007.05.28 17:39 B Z:\mailing\e-mailing\fckeditor\editor\filemanager\browser\default\images\icons\zip.gif <-- sbrafh /public_html/e-mailing/fckeditor/editor/filemanager/browser/default/images/icons zip.gif
2007.08.06 19:14 B Z:\amfar\admin\e-mailing\fckeditor\editor\filemanager\browser\default\images\icons\ai.gif --> ftp635.locaweb.com.br /public_html/admin/e-mailing/fckeditor/editor/filemanager/browser/default/images/icons ai.gif
2007.08.06 19:14 B Z:\amfar\admin\e-mailing\fckeditor\editor\filemanager\browser\default\images\icons\avi.gif --> ftp635.locaweb.com.br /public_html/admin/e-mailing/fckeditor/editor/filemanager/browser/default/images/icons avi.gif
2007.08.06 19:14 B Z:\amfar\admin\e-mailing\fckeditor\editor\filemanager\browser\default\images\icons\bmp.gif --> ftp635.locaweb.com.br /public_html/admin/e-mailing/fckeditor/editor/filemanager/browser/default/images/icons bmp.gif
2007.08.06 19:14 B Z:\amfar\admin\e-mailing\fckeditor\editor\filemanager\browser\default\images\icons\cs.gif --> ftp635.locaweb.com.br /public_html/admin/e-mailing/fckeditor/editor/filemanager/browser/default/images/icons cs.gif
2007.08.06 19:14 B Z:\amfar\admin\e-mailing\fckeditor\editor\filemanager\browser\default\images\icons\default.icon.gif --> ftp635.locaweb.com.br /public_html/admin/e-mailing/fckeditor/editor/filemanager/browser/default/images/icons default.icon.gif
2007.08.06 19:14 B Z:\amfar\admin\e-mailing\fckeditor\editor\filemanager\browser\default\images\icons\dll.gif --> ftp635.locaweb.com.br /public_html/admin/e-mailing/fckeditor/editor/filemanager/browser/default/images/icons dll.gif
2007.08.06 19:14 B Z:\amfar\admin\e-mailing\fckeditor\editor\filemanager\browser\default\images\icons\doc.gif --> ftp635.locaweb.com.br /public_html/admin/e-mailing/fckeditor/editor/filemanager/browser/default/images/icons doc.gif
2007.08.06 19:14 B Z:\amfar\admin\e-mailing\fckeditor\editor\filemanager\browser\default\images\icons\exe.gif --> ftp635.locaweb.com.br /public_html/admin/e-mailing/fckeditor/editor/filemanager/browser/default/images/icons exe.gif
2007.08.06 19:14 B Z:\amfar\admin\e-mailing\fckeditor\editor\filemanager\browser\default\images\icons\fla.gif --> ftp635.locaweb.com.br /public_html/admin/e-mailing/fckeditor/editor/filemanager/browser/default/images/icons fla.gif
2007.08.06 19:14 B Z:\amfar\admin\e-mailing\fckeditor\editor\filemanager\browser\default\images\icons\gif.gif --> ftp635.locaweb.com.br /public_html/admin/e-mailing/fckeditor/editor/filemanager/browser/default/images/icons gif.gif
2007.08.06 19:14 B Z:\amfar\admin\e-mailing\fckeditor\editor\filemanager\browser\default\images\icons\htm.gif --> ftp635.locaweb.com.br /public_html/admin/e-mailing/fckeditor/editor/filemanager/browser/default/images/icons htm.gif
2007.08.06 19:14 B Z:\amfar\admin\e-mailing\fckeditor\editor\filemanager\browser\default\images\icons\html.gif --> ftp635.locaweb.com.br /public_html/admin/e-mailing/fckeditor/editor/filemanager/browser/default/images/icons html.gif
2007.08.06 19:14 B Z:\amfar\admin\e-mailing\fckeditor\editor\filemanager\browser\default\images\icons\jpg.gif --> ftp635.locaweb.com.br /public_html/admin/e-mailing/fckeditor/editor/filemanager/browser/default/images/icons jpg.gif
2007.08.06 19:14 B Z:\amfar\admin\e-mailing\fckeditor\editor\filemanager\browser\default\images\icons\js.gif --> ftp635.locaweb.com.br /public_html/admin/e-mailing/fckeditor/editor/filemanager/browser/default/images/icons js.gif
2007.08.06 19:14 B Z:\amfar\admin\e-mailing\fckeditor\editor\filemanager\browser\default\images\icons\mdb.gif --> ftp635.locaweb.com.br /public_html/admin/e-mailing/fckeditor/editor/filemanager/browser/default/images/icons mdb.gif
2007.08.06 19:14 B Z:\amfar\admin\e-mailing\fckeditor\editor\filemanager\browser\default\images\icons\mp3.gif --> ftp635.locaweb.com.br /public_html/admin/e-mailing/fckeditor/editor/filemanager/browser/default/images/icons mp3.gif
2007.08.06 19:14 B Z:\amfar\admin\e-mailing\fckeditor\editor\filemanager\browser\default\images\icons\pdf.gif --> ftp635.locaweb.com.br /public_html/admin/e-mailing/fckeditor/editor/filemanager/browser/default/images/icons pdf.gif
2007.08.06 19:14 B Z:\amfar\admin\e-mailing\fckeditor\editor\filemanager\browser\default\images\icons\png.gif --> ftp635.locaweb.com.br /public_html/admin/e-mailing/fckeditor/editor/filemanager/browser/default/images/icons png.gif
2007.08.06 19:14 B Z:\amfar\admin\e-mailing\fckeditor\editor\filemanager\browser\default\images\icons\ppt.gif --> ftp635.locaweb.com.br /public_html/admin/e-mailing/fckeditor/editor/filemanager/browser/default/images/icons ppt.gif
2007.08.06 19:14 B Z:\amfar\admin\e-mailing\fckeditor\editor\filemanager\browser\default\images\icons\rdp.gif --> ftp635.locaweb.com.br /public_html/admin/e-mailing/fckeditor/editor/filemanager/browser/default/images/icons rdp.gif
2007.08.06 19:14 B Z:\amfar\admin\e-mailing\fckeditor\editor\filemanager\browser\default\images\icons\swf.gif --> ftp635.locaweb.com.br /public_html/admin/e-mailing/fckeditor/editor/filemanager/browser/default/images/icons swf.gif
2007.08.06 19:14 B Z:\amfar\admin\e-mailing\fckeditor\editor\filemanager\browser\default\images\icons\swt.gif --> ftp635.locaweb.com.br /public_html/admin/e-mailing/fckeditor/editor/filemanager/browser/default/images/icons swt.gif
2007.08.06 19:14 B Z:\amfar\admin\e-mailing\fckeditor\editor\filemanager\browser\default\images\icons\Thumbs.db --> ftp635.locaweb.com.br /public_html/admin/e-mailing/fckeditor/editor/filemanager/browser/default/images/icons Thumbs.db
2007.08.06 19:14 B Z:\amfar\admin\e-mailing\fckeditor\editor\filemanager\browser\default\images\icons\txt.gif --> ftp635.locaweb.com.br /public_html/admin/e-mailing/fckeditor/editor/filemanager/browser/default/images/icons txt.gif
2007.08.06 19:14 B Z:\amfar\admin\e-mailing\fckeditor\editor\filemanager\browser\default\images\icons\vsd.gif --> ftp635.locaweb.com.br /public_html/admin/e-mailing/fckeditor/editor/filemanager/browser/default/images/icons vsd.gif
