2011.06.20 18:55 B F:\xampp\htdocs\zf-tutorial\library\Zend\Tool\Framework\Client\Abstract.php --> ftp.portalridgid.com.br /public_html/zf-tutorial/library/Zend/Tool/Framework/Client Abstract.php
2011.06.20 18:55 B F:\xampp\htdocs\zf-tutorial\library\Zend\Tool\Framework\Client\Config.php --> ftp.portalridgid.com.br /public_html/zf-tutorial/library/Zend/Tool/Framework/Client Config.php
2011.06.20 18:55 B F:\xampp\htdocs\zf-tutorial\library\Zend\Tool\Framework\Client\Console.php --> ftp.portalridgid.com.br /public_html/zf-tutorial/library/Zend/Tool/Framework/Client Console.php
2011.06.20 18:55 B F:\xampp\htdocs\zf-tutorial\library\Zend\Tool\Framework\Client\Exception.php --> ftp.portalridgid.com.br /public_html/zf-tutorial/library/Zend/Tool/Framework/Client Exception.php
2011.06.20 18:55 B F:\xampp\htdocs\zf-tutorial\library\Zend\Tool\Framework\Client\Manifest.php --> ftp.portalridgid.com.br /public_html/zf-tutorial/library/Zend/Tool/Framework/Client Manifest.php
2011.06.20 18:55 B F:\xampp\htdocs\zf-tutorial\library\Zend\Tool\Framework\Client\Request.php --> ftp.portalridgid.com.br /public_html/zf-tutorial/library/Zend/Tool/Framework/Client Request.php
2011.06.20 18:55 B F:\xampp\htdocs\zf-tutorial\library\Zend\Tool\Framework\Client\Response.php --> ftp.portalridgid.com.br /public_html/zf-tutorial/library/Zend/Tool/Framework/Client Response.php
2011.06.20 18:55 B F:\xampp\htdocs\zf-tutorial\library\Zend\Tool\Framework\Client\Storage.php --> ftp.portalridgid.com.br /public_html/zf-tutorial/library/Zend/Tool/Framework/Client Storage.php
2011.06.30 03:48 B F:\xampp\htdocs\zendLibrary\Zend\Tool\Framework\Client\WS_FTP.LOG --> ftp.sbrafh.org.br /sbrafh/Web/zendLibrary/Zend/Tool/Framework/Client WS_FTP.LOG
2011.06.30 03:48 B F:\xampp\htdocs\zendLibrary\Zend\Tool\Framework\Client\Storage.php --> ftp.sbrafh.org.br /sbrafh/Web/zendLibrary/Zend/Tool/Framework/Client Storage.php
2011.06.30 03:48 B F:\xampp\htdocs\zendLibrary\Zend\Tool\Framework\Client\Response.php --> ftp.sbrafh.org.br /sbrafh/Web/zendLibrary/Zend/Tool/Framework/Client Response.php
2011.06.30 03:48 B F:\xampp\htdocs\zendLibrary\Zend\Tool\Framework\Client\Request.php --> ftp.sbrafh.org.br /sbrafh/Web/zendLibrary/Zend/Tool/Framework/Client Request.php
2011.06.30 03:48 B F:\xampp\htdocs\zendLibrary\Zend\Tool\Framework\Client\Manifest.php --> ftp.sbrafh.org.br /sbrafh/Web/zendLibrary/Zend/Tool/Framework/Client Manifest.php
2011.06.30 03:48 B F:\xampp\htdocs\zendLibrary\Zend\Tool\Framework\Client\Exception.php --> ftp.sbrafh.org.br /sbrafh/Web/zendLibrary/Zend/Tool/Framework/Client Exception.php
2011.06.30 03:48 B F:\xampp\htdocs\zendLibrary\Zend\Tool\Framework\Client\Console.php --> ftp.sbrafh.org.br /sbrafh/Web/zendLibrary/Zend/Tool/Framework/Client Console.php
2011.06.30 03:49 B F:\xampp\htdocs\zendLibrary\Zend\Tool\Framework\Client\Config.php --> ftp.sbrafh.org.br /sbrafh/Web/zendLibrary/Zend/Tool/Framework/Client Config.php
2011.06.30 03:49 B F:\xampp\htdocs\zendLibrary\Zend\Tool\Framework\Client\Abstract.php --> ftp.sbrafh.org.br /sbrafh/Web/zendLibrary/Zend/Tool/Framework/Client Abstract.php
2011.07.09 00:23 B F:\xampp\htdocs\zendLibrary\Zend\Tool\Framework\Client\Abstract.php --> ftp.radiofone.com.br /public_html/radiofone/zendLibrary/Zend/Tool/Framework/Client Abstract.php
2011.07.09 00:23 B F:\xampp\htdocs\zendLibrary\Zend\Tool\Framework\Client\Config.php --> ftp.radiofone.com.br /public_html/radiofone/zendLibrary/Zend/Tool/Framework/Client Config.php
2011.07.09 00:23 B F:\xampp\htdocs\zendLibrary\Zend\Tool\Framework\Client\Console.php --> ftp.radiofone.com.br /public_html/radiofone/zendLibrary/Zend/Tool/Framework/Client Console.php
2011.07.09 00:23 B F:\xampp\htdocs\zendLibrary\Zend\Tool\Framework\Client\Exception.php --> ftp.radiofone.com.br /public_html/radiofone/zendLibrary/Zend/Tool/Framework/Client Exception.php
2011.07.09 00:23 B F:\xampp\htdocs\zendLibrary\Zend\Tool\Framework\Client\Manifest.php --> ftp.radiofone.com.br /public_html/radiofone/zendLibrary/Zend/Tool/Framework/Client Manifest.php
2011.07.09 00:23 B F:\xampp\htdocs\zendLibrary\Zend\Tool\Framework\Client\Request.php --> ftp.radiofone.com.br /public_html/radiofone/zendLibrary/Zend/Tool/Framework/Client Request.php
2011.07.09 00:23 B F:\xampp\htdocs\zendLibrary\Zend\Tool\Framework\Client\Response.php --> ftp.radiofone.com.br /public_html/radiofone/zendLibrary/Zend/Tool/Framework/Client Response.php
2011.07.09 00:23 B F:\xampp\htdocs\zendLibrary\Zend\Tool\Framework\Client\Storage.php --> ftp.radiofone.com.br /public_html/radiofone/zendLibrary/Zend/Tool/Framework/Client Storage.php
2011.07.09 00:23 B F:\xampp\htdocs\zendLibrary\Zend\Tool\Framework\Client\WS_FTP.LOG --> ftp.radiofone.com.br /public_html/radiofone/zendLibrary/Zend/Tool/Framework/Client WS_FTP.LOG
2011.07.09 00:53 B F:\xampp\htdocs\zendLibrary\Zend\Tool\Framework\Client\WS_FTP.LOG --> ftp.radiofone.com.br /public_html/radiofone/zendLibrary/Zend/Tool/Framework/Client WS_FTP.LOG
2011.07.26 23:11 B F:\xampp\htdocs\zendLibrary\Zend\Tool\Framework\Client\Abstract.php --> ftp.sobrafo.org.br /public_html/zendLibrary/Zend/Tool/Framework/Client Abstract.php
2011.07.26 23:11 B F:\xampp\htdocs\zendLibrary\Zend\Tool\Framework\Client\Config.php --> ftp.sobrafo.org.br /public_html/zendLibrary/Zend/Tool/Framework/Client Config.php
2011.07.26 23:11 B F:\xampp\htdocs\zendLibrary\Zend\Tool\Framework\Client\Console.php --> ftp.sobrafo.org.br /public_html/zendLibrary/Zend/Tool/Framework/Client Console.php
2011.07.26 23:11 B F:\xampp\htdocs\zendLibrary\Zend\Tool\Framework\Client\Exception.php --> ftp.sobrafo.org.br /public_html/zendLibrary/Zend/Tool/Framework/Client Exception.php
2011.07.26 23:12 B F:\xampp\htdocs\zendLibrary\Zend\Tool\Framework\Client\Manifest.php --> ftp.sobrafo.org.br /public_html/zendLibrary/Zend/Tool/Framework/Client Manifest.php
2011.07.26 23:12 B F:\xampp\htdocs\zendLibrary\Zend\Tool\Framework\Client\Request.php --> ftp.sobrafo.org.br /public_html/zendLibrary/Zend/Tool/Framework/Client Request.php
2011.07.26 23:12 B F:\xampp\htdocs\zendLibrary\Zend\Tool\Framework\Client\Response.php --> ftp.sobrafo.org.br /public_html/zendLibrary/Zend/Tool/Framework/Client Response.php
2011.07.26 23:12 B F:\xampp\htdocs\zendLibrary\Zend\Tool\Framework\Client\Storage.php --> ftp.sobrafo.org.br /public_html/zendLibrary/Zend/Tool/Framework/Client Storage.php
2011.07.26 23:12 B F:\xampp\htdocs\zendLibrary\Zend\Tool\Framework\Client\WS_FTP.LOG --> ftp.sobrafo.org.br /public_html/zendLibrary/Zend/Tool/Framework/Client WS_FTP.LOG
2011.08.09 17:32 B F:\xampp\htdocs\ZendLibrary\Zend\Tool\Framework\Client\Abstract.php --> ftp.amfar.com.br /public_html/ZendLibrary/Zend/Tool/Framework/Client Abstract.php
2011.08.09 17:32 B F:\xampp\htdocs\ZendLibrary\Zend\Tool\Framework\Client\Config.php --> ftp.amfar.com.br /public_html/ZendLibrary/Zend/Tool/Framework/Client Config.php
2011.08.09 17:32 B F:\xampp\htdocs\ZendLibrary\Zend\Tool\Framework\Client\Console.php --> ftp.amfar.com.br /public_html/ZendLibrary/Zend/Tool/Framework/Client Console.php
2011.08.09 17:32 B F:\xampp\htdocs\ZendLibrary\Zend\Tool\Framework\Client\Exception.php --> ftp.amfar.com.br /public_html/ZendLibrary/Zend/Tool/Framework/Client Exception.php
2011.08.09 17:32 B F:\xampp\htdocs\ZendLibrary\Zend\Tool\Framework\Client\Manifest.php --> ftp.amfar.com.br /public_html/ZendLibrary/Zend/Tool/Framework/Client Manifest.php
2011.08.09 17:32 B F:\xampp\htdocs\ZendLibrary\Zend\Tool\Framework\Client\Request.php --> ftp.amfar.com.br /public_html/ZendLibrary/Zend/Tool/Framework/Client Request.php
2011.08.09 17:32 B F:\xampp\htdocs\ZendLibrary\Zend\Tool\Framework\Client\Response.php --> ftp.amfar.com.br /public_html/ZendLibrary/Zend/Tool/Framework/Client Response.php
2011.08.09 17:32 B F:\xampp\htdocs\ZendLibrary\Zend\Tool\Framework\Client\Storage.php --> ftp.amfar.com.br /public_html/ZendLibrary/Zend/Tool/Framework/Client Storage.php
