2011.06.20 18:38 B F:\xampp\htdocs\zf-tutorial\library\Zend\Gdata\Photos\AlbumEntry.php --> ftp.portalridgid.com.br /public_html/zf-tutorial/library/Zend/Gdata/Photos AlbumEntry.php
2011.06.20 18:38 B F:\xampp\htdocs\zf-tutorial\library\Zend\Gdata\Photos\AlbumFeed.php --> ftp.portalridgid.com.br /public_html/zf-tutorial/library/Zend/Gdata/Photos AlbumFeed.php
2011.06.20 18:38 B F:\xampp\htdocs\zf-tutorial\library\Zend\Gdata\Photos\AlbumQuery.php --> ftp.portalridgid.com.br /public_html/zf-tutorial/library/Zend/Gdata/Photos AlbumQuery.php
2011.06.20 18:38 B F:\xampp\htdocs\zf-tutorial\library\Zend\Gdata\Photos\CommentEntry.php --> ftp.portalridgid.com.br /public_html/zf-tutorial/library/Zend/Gdata/Photos CommentEntry.php
2011.06.20 18:38 B F:\xampp\htdocs\zf-tutorial\library\Zend\Gdata\Photos\PhotoEntry.php --> ftp.portalridgid.com.br /public_html/zf-tutorial/library/Zend/Gdata/Photos PhotoEntry.php
2011.06.20 18:38 B F:\xampp\htdocs\zf-tutorial\library\Zend\Gdata\Photos\PhotoFeed.php --> ftp.portalridgid.com.br /public_html/zf-tutorial/library/Zend/Gdata/Photos PhotoFeed.php
2011.06.20 18:38 B F:\xampp\htdocs\zf-tutorial\library\Zend\Gdata\Photos\PhotoQuery.php --> ftp.portalridgid.com.br /public_html/zf-tutorial/library/Zend/Gdata/Photos PhotoQuery.php
2011.06.20 18:38 B F:\xampp\htdocs\zf-tutorial\library\Zend\Gdata\Photos\TagEntry.php --> ftp.portalridgid.com.br /public_html/zf-tutorial/library/Zend/Gdata/Photos TagEntry.php
2011.06.20 18:38 B F:\xampp\htdocs\zf-tutorial\library\Zend\Gdata\Photos\UserEntry.php --> ftp.portalridgid.com.br /public_html/zf-tutorial/library/Zend/Gdata/Photos UserEntry.php
2011.06.20 18:38 B F:\xampp\htdocs\zf-tutorial\library\Zend\Gdata\Photos\UserFeed.php --> ftp.portalridgid.com.br /public_html/zf-tutorial/library/Zend/Gdata/Photos UserFeed.php
2011.06.20 18:38 B F:\xampp\htdocs\zf-tutorial\library\Zend\Gdata\Photos\UserQuery.php --> ftp.portalridgid.com.br /public_html/zf-tutorial/library/Zend/Gdata/Photos UserQuery.php
2011.06.30 03:34 B F:\xampp\htdocs\zendLibrary\Zend\Gdata\Photos\WS_FTP.LOG --> ftp.sbrafh.org.br /sbrafh/Web/zendLibrary/Zend/Gdata/Photos WS_FTP.LOG
2011.06.30 03:34 B F:\xampp\htdocs\zendLibrary\Zend\Gdata\Photos\UserQuery.php --> ftp.sbrafh.org.br /sbrafh/Web/zendLibrary/Zend/Gdata/Photos UserQuery.php
2011.06.30 03:34 B F:\xampp\htdocs\zendLibrary\Zend\Gdata\Photos\UserFeed.php --> ftp.sbrafh.org.br /sbrafh/Web/zendLibrary/Zend/Gdata/Photos UserFeed.php
2011.06.30 03:34 B F:\xampp\htdocs\zendLibrary\Zend\Gdata\Photos\UserEntry.php --> ftp.sbrafh.org.br /sbrafh/Web/zendLibrary/Zend/Gdata/Photos UserEntry.php
2011.06.30 03:34 B F:\xampp\htdocs\zendLibrary\Zend\Gdata\Photos\TagEntry.php --> ftp.sbrafh.org.br /sbrafh/Web/zendLibrary/Zend/Gdata/Photos TagEntry.php
2011.06.30 03:34 B F:\xampp\htdocs\zendLibrary\Zend\Gdata\Photos\PhotoQuery.php --> ftp.sbrafh.org.br /sbrafh/Web/zendLibrary/Zend/Gdata/Photos PhotoQuery.php
2011.06.30 03:34 B F:\xampp\htdocs\zendLibrary\Zend\Gdata\Photos\PhotoFeed.php --> ftp.sbrafh.org.br /sbrafh/Web/zendLibrary/Zend/Gdata/Photos PhotoFeed.php
2011.06.30 03:34 B F:\xampp\htdocs\zendLibrary\Zend\Gdata\Photos\PhotoEntry.php --> ftp.sbrafh.org.br /sbrafh/Web/zendLibrary/Zend/Gdata/Photos PhotoEntry.php
2011.06.30 03:34 B F:\xampp\htdocs\zendLibrary\Zend\Gdata\Photos\CommentEntry.php --> ftp.sbrafh.org.br /sbrafh/Web/zendLibrary/Zend/Gdata/Photos CommentEntry.php
2011.06.30 03:34 B F:\xampp\htdocs\zendLibrary\Zend\Gdata\Photos\AlbumQuery.php --> ftp.sbrafh.org.br /sbrafh/Web/zendLibrary/Zend/Gdata/Photos AlbumQuery.php
2011.06.30 03:34 B F:\xampp\htdocs\zendLibrary\Zend\Gdata\Photos\AlbumFeed.php --> ftp.sbrafh.org.br /sbrafh/Web/zendLibrary/Zend/Gdata/Photos AlbumFeed.php
2011.06.30 03:34 B F:\xampp\htdocs\zendLibrary\Zend\Gdata\Photos\AlbumEntry.php --> ftp.sbrafh.org.br /sbrafh/Web/zendLibrary/Zend/Gdata/Photos AlbumEntry.php
2011.07.08 23:51 B F:\xampp\htdocs\zendLibrary\Zend\Gdata\Photos\AlbumEntry.php --> ftp.radiofone.com.br /public_html/radiofone/zendLibrary/Zend/Gdata/Photos AlbumEntry.php
2011.07.08 23:51 B F:\xampp\htdocs\zendLibrary\Zend\Gdata\Photos\AlbumFeed.php --> ftp.radiofone.com.br /public_html/radiofone/zendLibrary/Zend/Gdata/Photos AlbumFeed.php
2011.07.08 23:51 B F:\xampp\htdocs\zendLibrary\Zend\Gdata\Photos\AlbumQuery.php --> ftp.radiofone.com.br /public_html/radiofone/zendLibrary/Zend/Gdata/Photos AlbumQuery.php
2011.07.08 23:51 B F:\xampp\htdocs\zendLibrary\Zend\Gdata\Photos\CommentEntry.php --> ftp.radiofone.com.br /public_html/radiofone/zendLibrary/Zend/Gdata/Photos CommentEntry.php
2011.07.08 23:51 B F:\xampp\htdocs\zendLibrary\Zend\Gdata\Photos\PhotoEntry.php --> ftp.radiofone.com.br /public_html/radiofone/zendLibrary/Zend/Gdata/Photos PhotoEntry.php
2011.07.08 23:51 B F:\xampp\htdocs\zendLibrary\Zend\Gdata\Photos\PhotoFeed.php --> ftp.radiofone.com.br /public_html/radiofone/zendLibrary/Zend/Gdata/Photos PhotoFeed.php
2011.07.08 23:51 B F:\xampp\htdocs\zendLibrary\Zend\Gdata\Photos\PhotoQuery.php --> ftp.radiofone.com.br /public_html/radiofone/zendLibrary/Zend/Gdata/Photos PhotoQuery.php
2011.07.08 23:51 B F:\xampp\htdocs\zendLibrary\Zend\Gdata\Photos\TagEntry.php --> ftp.radiofone.com.br /public_html/radiofone/zendLibrary/Zend/Gdata/Photos TagEntry.php
2011.07.08 23:51 B F:\xampp\htdocs\zendLibrary\Zend\Gdata\Photos\UserEntry.php --> ftp.radiofone.com.br /public_html/radiofone/zendLibrary/Zend/Gdata/Photos UserEntry.php
2011.07.08 23:51 B F:\xampp\htdocs\zendLibrary\Zend\Gdata\Photos\UserFeed.php --> ftp.radiofone.com.br /public_html/radiofone/zendLibrary/Zend/Gdata/Photos UserFeed.php
2011.07.08 23:51 B F:\xampp\htdocs\zendLibrary\Zend\Gdata\Photos\UserQuery.php --> ftp.radiofone.com.br /public_html/radiofone/zendLibrary/Zend/Gdata/Photos UserQuery.php
2011.07.08 23:51 B F:\xampp\htdocs\zendLibrary\Zend\Gdata\Photos\WS_FTP.LOG --> ftp.radiofone.com.br /public_html/radiofone/zendLibrary/Zend/Gdata/Photos WS_FTP.LOG
2011.07.26 22:52 B F:\xampp\htdocs\zendLibrary\Zend\Gdata\Photos\AlbumEntry.php --> ftp.sobrafo.org.br /public_html/zendLibrary/Zend/Gdata/Photos AlbumEntry.php
2011.07.26 22:52 B F:\xampp\htdocs\zendLibrary\Zend\Gdata\Photos\AlbumFeed.php --> ftp.sobrafo.org.br /public_html/zendLibrary/Zend/Gdata/Photos AlbumFeed.php
2011.07.26 22:52 B F:\xampp\htdocs\zendLibrary\Zend\Gdata\Photos\AlbumQuery.php --> ftp.sobrafo.org.br /public_html/zendLibrary/Zend/Gdata/Photos AlbumQuery.php
2011.07.26 22:52 B F:\xampp\htdocs\zendLibrary\Zend\Gdata\Photos\CommentEntry.php --> ftp.sobrafo.org.br /public_html/zendLibrary/Zend/Gdata/Photos CommentEntry.php
2011.07.26 22:52 B F:\xampp\htdocs\zendLibrary\Zend\Gdata\Photos\PhotoEntry.php --> ftp.sobrafo.org.br /public_html/zendLibrary/Zend/Gdata/Photos PhotoEntry.php
2011.07.26 22:52 B F:\xampp\htdocs\zendLibrary\Zend\Gdata\Photos\PhotoFeed.php --> ftp.sobrafo.org.br /public_html/zendLibrary/Zend/Gdata/Photos PhotoFeed.php
2011.07.26 22:52 B F:\xampp\htdocs\zendLibrary\Zend\Gdata\Photos\PhotoQuery.php --> ftp.sobrafo.org.br /public_html/zendLibrary/Zend/Gdata/Photos PhotoQuery.php
2011.07.26 22:52 B F:\xampp\htdocs\zendLibrary\Zend\Gdata\Photos\TagEntry.php --> ftp.sobrafo.org.br /public_html/zendLibrary/Zend/Gdata/Photos TagEntry.php
2011.07.26 22:52 B F:\xampp\htdocs\zendLibrary\Zend\Gdata\Photos\UserEntry.php --> ftp.sobrafo.org.br /public_html/zendLibrary/Zend/Gdata/Photos UserEntry.php
2011.07.26 22:52 B F:\xampp\htdocs\zendLibrary\Zend\Gdata\Photos\UserFeed.php --> ftp.sobrafo.org.br /public_html/zendLibrary/Zend/Gdata/Photos UserFeed.php
2011.07.26 22:52 B F:\xampp\htdocs\zendLibrary\Zend\Gdata\Photos\UserQuery.php --> ftp.sobrafo.org.br /public_html/zendLibrary/Zend/Gdata/Photos UserQuery.php
2011.07.26 22:52 B F:\xampp\htdocs\zendLibrary\Zend\Gdata\Photos\WS_FTP.LOG --> ftp.sobrafo.org.br /public_html/zendLibrary/Zend/Gdata/Photos WS_FTP.LOG
2011.08.09 17:02 B F:\xampp\htdocs\ZendLibrary\Zend\Gdata\Photos\AlbumEntry.php --> ftp.amfar.com.br /public_html/ZendLibrary/Zend/Gdata/Photos AlbumEntry.php
2011.08.09 17:02 B F:\xampp\htdocs\ZendLibrary\Zend\Gdata\Photos\AlbumFeed.php --> ftp.amfar.com.br /public_html/ZendLibrary/Zend/Gdata/Photos AlbumFeed.php
2011.08.09 17:02 B F:\xampp\htdocs\ZendLibrary\Zend\Gdata\Photos\AlbumQuery.php --> ftp.amfar.com.br /public_html/ZendLibrary/Zend/Gdata/Photos AlbumQuery.php
2011.08.09 17:02 B F:\xampp\htdocs\ZendLibrary\Zend\Gdata\Photos\CommentEntry.php --> ftp.amfar.com.br /public_html/ZendLibrary/Zend/Gdata/Photos CommentEntry.php
2011.08.09 17:02 B F:\xampp\htdocs\ZendLibrary\Zend\Gdata\Photos\PhotoEntry.php --> ftp.amfar.com.br /public_html/ZendLibrary/Zend/Gdata/Photos PhotoEntry.php
2011.08.09 17:02 B F:\xampp\htdocs\ZendLibrary\Zend\Gdata\Photos\PhotoFeed.php --> ftp.amfar.com.br /public_html/ZendLibrary/Zend/Gdata/Photos PhotoFeed.php
2011.08.09 17:02 B F:\xampp\htdocs\ZendLibrary\Zend\Gdata\Photos\PhotoQuery.php --> ftp.amfar.com.br /public_html/ZendLibrary/Zend/Gdata/Photos PhotoQuery.php
2011.08.09 17:02 B F:\xampp\htdocs\ZendLibrary\Zend\Gdata\Photos\TagEntry.php --> ftp.amfar.com.br /public_html/ZendLibrary/Zend/Gdata/Photos TagEntry.php
2011.08.09 17:02 B F:\xampp\htdocs\ZendLibrary\Zend\Gdata\Photos\UserEntry.php --> ftp.amfar.com.br /public_html/ZendLibrary/Zend/Gdata/Photos UserEntry.php
2011.08.09 17:02 B F:\xampp\htdocs\ZendLibrary\Zend\Gdata\Photos\UserFeed.php --> ftp.amfar.com.br /public_html/ZendLibrary/Zend/Gdata/Photos UserFeed.php
2011.08.09 17:02 B F:\xampp\htdocs\ZendLibrary\Zend\Gdata\Photos\UserQuery.php --> ftp.amfar.com.br /public_html/ZendLibrary/Zend/Gdata/Photos UserQuery.php
