2007.05.25 15:28 B Z:\mailing\e-mailing\fckeditor\editor\filemanager\browser\default\images\icons\32\ai.gif --> ftp.sbrafh.org.br /public_html/e-mailing/fckeditor/editor/filemanager/browser/default/images/icons/32 ai.gif
2007.05.25 15:28 B Z:\mailing\e-mailing\fckeditor\editor\filemanager\browser\default\images\icons\32\avi.gif --> ftp.sbrafh.org.br /public_html/e-mailing/fckeditor/editor/filemanager/browser/default/images/icons/32 avi.gif
2007.05.25 15:28 B Z:\mailing\e-mailing\fckeditor\editor\filemanager\browser\default\images\icons\32\bmp.gif --> ftp.sbrafh.org.br /public_html/e-mailing/fckeditor/editor/filemanager/browser/default/images/icons/32 bmp.gif
2007.05.25 15:28 B Z:\mailing\e-mailing\fckeditor\editor\filemanager\browser\default\images\icons\32\cs.gif --> ftp.sbrafh.org.br /public_html/e-mailing/fckeditor/editor/filemanager/browser/default/images/icons/32 cs.gif
2007.05.25 15:28 B Z:\mailing\e-mailing\fckeditor\editor\filemanager\browser\default\images\icons\32\default.icon.gif --> ftp.sbrafh.org.br /public_html/e-mailing/fckeditor/editor/filemanager/browser/default/images/icons/32 default.icon.gif
2007.05.25 15:28 B Z:\mailing\e-mailing\fckeditor\editor\filemanager\browser\default\images\icons\32\dll.gif --> ftp.sbrafh.org.br /public_html/e-mailing/fckeditor/editor/filemanager/browser/default/images/icons/32 dll.gif
2007.05.25 15:28 B Z:\mailing\e-mailing\fckeditor\editor\filemanager\browser\default\images\icons\32\doc.gif --> ftp.sbrafh.org.br /public_html/e-mailing/fckeditor/editor/filemanager/browser/default/images/icons/32 doc.gif
2007.05.25 15:28 B Z:\mailing\e-mailing\fckeditor\editor\filemanager\browser\default\images\icons\32\exe.gif --> ftp.sbrafh.org.br /public_html/e-mailing/fckeditor/editor/filemanager/browser/default/images/icons/32 exe.gif
2007.05.25 15:28 B Z:\mailing\e-mailing\fckeditor\editor\filemanager\browser\default\images\icons\32\fla.gif --> ftp.sbrafh.org.br /public_html/e-mailing/fckeditor/editor/filemanager/browser/default/images/icons/32 fla.gif
2007.05.25 15:28 B Z:\mailing\e-mailing\fckeditor\editor\filemanager\browser\default\images\icons\32\gif.gif --> ftp.sbrafh.org.br /public_html/e-mailing/fckeditor/editor/filemanager/browser/default/images/icons/32 gif.gif
2007.05.25 15:28 B Z:\mailing\e-mailing\fckeditor\editor\filemanager\browser\default\images\icons\32\htm.gif --> ftp.sbrafh.org.br /public_html/e-mailing/fckeditor/editor/filemanager/browser/default/images/icons/32 htm.gif
2007.05.25 15:28 B Z:\mailing\e-mailing\fckeditor\editor\filemanager\browser\default\images\icons\32\html.gif --> ftp.sbrafh.org.br /public_html/e-mailing/fckeditor/editor/filemanager/browser/default/images/icons/32 html.gif
2007.05.25 15:28 B Z:\mailing\e-mailing\fckeditor\editor\filemanager\browser\default\images\icons\32\jpg.gif --> ftp.sbrafh.org.br /public_html/e-mailing/fckeditor/editor/filemanager/browser/default/images/icons/32 jpg.gif
2007.05.25 15:28 B Z:\mailing\e-mailing\fckeditor\editor\filemanager\browser\default\images\icons\32\js.gif --> ftp.sbrafh.org.br /public_html/e-mailing/fckeditor/editor/filemanager/browser/default/images/icons/32 js.gif
2007.05.25 15:28 B Z:\mailing\e-mailing\fckeditor\editor\filemanager\browser\default\images\icons\32\mdb.gif --> ftp.sbrafh.org.br /public_html/e-mailing/fckeditor/editor/filemanager/browser/default/images/icons/32 mdb.gif
2007.05.25 15:28 B Z:\mailing\e-mailing\fckeditor\editor\filemanager\browser\default\images\icons\32\mp3.gif --> ftp.sbrafh.org.br /public_html/e-mailing/fckeditor/editor/filemanager/browser/default/images/icons/32 mp3.gif
2007.05.25 15:28 B Z:\mailing\e-mailing\fckeditor\editor\filemanager\browser\default\images\icons\32\pdf.gif --> ftp.sbrafh.org.br /public_html/e-mailing/fckeditor/editor/filemanager/browser/default/images/icons/32 pdf.gif
2007.05.25 15:28 B Z:\mailing\e-mailing\fckeditor\editor\filemanager\browser\default\images\icons\32\png.gif --> ftp.sbrafh.org.br /public_html/e-mailing/fckeditor/editor/filemanager/browser/default/images/icons/32 png.gif
2007.05.25 15:28 B Z:\mailing\e-mailing\fckeditor\editor\filemanager\browser\default\images\icons\32\ppt.gif --> ftp.sbrafh.org.br /public_html/e-mailing/fckeditor/editor/filemanager/browser/default/images/icons/32 ppt.gif
2007.05.25 15:28 B Z:\mailing\e-mailing\fckeditor\editor\filemanager\browser\default\images\icons\32\rdp.gif --> ftp.sbrafh.org.br /public_html/e-mailing/fckeditor/editor/filemanager/browser/default/images/icons/32 rdp.gif
2007.05.25 15:28 B Z:\mailing\e-mailing\fckeditor\editor\filemanager\browser\default\images\icons\32\swf.gif --> ftp.sbrafh.org.br /public_html/e-mailing/fckeditor/editor/filemanager/browser/default/images/icons/32 swf.gif
2007.05.25 15:28 B Z:\mailing\e-mailing\fckeditor\editor\filemanager\browser\default\images\icons\32\swt.gif --> ftp.sbrafh.org.br /public_html/e-mailing/fckeditor/editor/filemanager/browser/default/images/icons/32 swt.gif
2007.05.25 15:28 B Z:\mailing\e-mailing\fckeditor\editor\filemanager\browser\default\images\icons\32\Thumbs.db --> ftp.sbrafh.org.br /public_html/e-mailing/fckeditor/editor/filemanager/browser/default/images/icons/32 Thumbs.db
2007.05.25 15:28 B Z:\mailing\e-mailing\fckeditor\editor\filemanager\browser\default\images\icons\32\txt.gif --> ftp.sbrafh.org.br /public_html/e-mailing/fckeditor/editor/filemanager/browser/default/images/icons/32 txt.gif
2007.05.25 15:28 B Z:\mailing\e-mailing\fckeditor\editor\filemanager\browser\default\images\icons\32\vsd.gif --> ftp.sbrafh.org.br /public_html/e-mailing/fckeditor/editor/filemanager/browser/default/images/icons/32 vsd.gif
2007.05.25 15:28 B Z:\mailing\e-mailing\fckeditor\editor\filemanager\browser\default\images\icons\32\xls.gif --> ftp.sbrafh.org.br /public_html/e-mailing/fckeditor/editor/filemanager/browser/default/images/icons/32 xls.gif
2007.05.25 15:28 B Z:\mailing\e-mailing\fckeditor\editor\filemanager\browser\default\images\icons\32\xml.gif --> ftp.sbrafh.org.br /public_html/e-mailing/fckeditor/editor/filemanager/browser/default/images/icons/32 xml.gif
2007.05.25 15:28 B Z:\mailing\e-mailing\fckeditor\editor\filemanager\browser\default\images\icons\32\zip.gif --> ftp.sbrafh.org.br /public_html/e-mailing/fckeditor/editor/filemanager/browser/default/images/icons/32 zip.gif
2007.05.28 17:39 B Z:\mailing\e-mailing\fckeditor\editor\filemanager\browser\default\images\icons\32\ai.gif <-- sbrafh /public_html/e-mailing/fckeditor/editor/filemanager/browser/default/images/icons/32 ai.gif
2007.05.28 17:39 B Z:\mailing\e-mailing\fckeditor\editor\filemanager\browser\default\images\icons\32\avi.gif <-- sbrafh /public_html/e-mailing/fckeditor/editor/filemanager/browser/default/images/icons/32 avi.gif
2007.05.28 17:39 B Z:\mailing\e-mailing\fckeditor\editor\filemanager\browser\default\images\icons\32\bmp.gif <-- sbrafh /public_html/e-mailing/fckeditor/editor/filemanager/browser/default/images/icons/32 bmp.gif
2007.05.28 17:39 B Z:\mailing\e-mailing\fckeditor\editor\filemanager\browser\default\images\icons\32\cs.gif <-- sbrafh /public_html/e-mailing/fckeditor/editor/filemanager/browser/default/images/icons/32 cs.gif
2007.05.28 17:39 B Z:\mailing\e-mailing\fckeditor\editor\filemanager\browser\default\images\icons\32\default.icon.gif <-- sbrafh /public_html/e-mailing/fckeditor/editor/filemanager/browser/default/images/icons/32 default.icon.gif
2007.05.28 17:39 B Z:\mailing\e-mailing\fckeditor\editor\filemanager\browser\default\images\icons\32\dll.gif <-- sbrafh /public_html/e-mailing/fckeditor/editor/filemanager/browser/default/images/icons/32 dll.gif
2007.05.28 17:39 B Z:\mailing\e-mailing\fckeditor\editor\filemanager\browser\default\images\icons\32\doc.gif <-- sbrafh /public_html/e-mailing/fckeditor/editor/filemanager/browser/default/images/icons/32 doc.gif
2007.05.28 17:39 B Z:\mailing\e-mailing\fckeditor\editor\filemanager\browser\default\images\icons\32\exe.gif <-- sbrafh /public_html/e-mailing/fckeditor/editor/filemanager/browser/default/images/icons/32 exe.gif
2007.05.28 17:39 B Z:\mailing\e-mailing\fckeditor\editor\filemanager\browser\default\images\icons\32\fla.gif <-- sbrafh /public_html/e-mailing/fckeditor/editor/filemanager/browser/default/images/icons/32 fla.gif
2007.05.28 17:39 B Z:\mailing\e-mailing\fckeditor\editor\filemanager\browser\default\images\icons\32\gif.gif <-- sbrafh /public_html/e-mailing/fckeditor/editor/filemanager/browser/default/images/icons/32 gif.gif
2007.05.28 17:39 B Z:\mailing\e-mailing\fckeditor\editor\filemanager\browser\default\images\icons\32\htm.gif <-- sbrafh /public_html/e-mailing/fckeditor/editor/filemanager/browser/default/images/icons/32 htm.gif
2007.05.28 17:39 B Z:\mailing\e-mailing\fckeditor\editor\filemanager\browser\default\images\icons\32\html.gif <-- sbrafh /public_html/e-mailing/fckeditor/editor/filemanager/browser/default/images/icons/32 html.gif
2007.05.28 17:39 B Z:\mailing\e-mailing\fckeditor\editor\filemanager\browser\default\images\icons\32\jpg.gif <-- sbrafh /public_html/e-mailing/fckeditor/editor/filemanager/browser/default/images/icons/32 jpg.gif
2007.05.28 17:39 B Z:\mailing\e-mailing\fckeditor\editor\filemanager\browser\default\images\icons\32\js.gif <-- sbrafh /public_html/e-mailing/fckeditor/editor/filemanager/browser/default/images/icons/32 js.gif
2007.05.28 17:39 B Z:\mailing\e-mailing\fckeditor\editor\filemanager\browser\default\images\icons\32\mdb.gif <-- sbrafh /public_html/e-mailing/fckeditor/editor/filemanager/browser/default/images/icons/32 mdb.gif
2007.05.28 17:39 B Z:\mailing\e-mailing\fckeditor\editor\filemanager\browser\default\images\icons\32\mp3.gif <-- sbrafh /public_html/e-mailing/fckeditor/editor/filemanager/browser/default/images/icons/32 mp3.gif
2007.05.28 17:39 B Z:\mailing\e-mailing\fckeditor\editor\filemanager\browser\default\images\icons\32\pdf.gif <-- sbrafh /public_html/e-mailing/fckeditor/editor/filemanager/browser/default/images/icons/32 pdf.gif
2007.05.28 17:39 B Z:\mailing\e-mailing\fckeditor\editor\filemanager\browser\default\images\icons\32\png.gif <-- sbrafh /public_html/e-mailing/fckeditor/editor/filemanager/browser/default/images/icons/32 png.gif
2007.05.28 17:39 B Z:\mailing\e-mailing\fckeditor\editor\filemanager\browser\default\images\icons\32\ppt.gif <-- sbrafh /public_html/e-mailing/fckeditor/editor/filemanager/browser/default/images/icons/32 ppt.gif
2007.05.28 17:39 B Z:\mailing\e-mailing\fckeditor\editor\filemanager\browser\default\images\icons\32\rdp.gif <-- sbrafh /public_html/e-mailing/fckeditor/editor/filemanager/browser/default/images/icons/32 rdp.gif
2007.05.28 17:39 B Z:\mailing\e-mailing\fckeditor\editor\filemanager\browser\default\images\icons\32\swf.gif <-- sbrafh /public_html/e-mailing/fckeditor/editor/filemanager/browser/default/images/icons/32 swf.gif
2007.05.28 17:39 B Z:\mailing\e-mailing\fckeditor\editor\filemanager\browser\default\images\icons\32\swt.gif <-- sbrafh /public_html/e-mailing/fckeditor/editor/filemanager/browser/default/images/icons/32 swt.gif
2007.05.28 17:39 B Z:\mailing\e-mailing\fckeditor\editor\filemanager\browser\default\images\icons\32\Thumbs.db <-- sbrafh /public_html/e-mailing/fckeditor/editor/filemanager/browser/default/images/icons/32 Thumbs.db
2007.05.28 17:39 B Z:\mailing\e-mailing\fckeditor\editor\filemanager\browser\default\images\icons\32\txt.gif <-- sbrafh /public_html/e-mailing/fckeditor/editor/filemanager/browser/default/images/icons/32 txt.gif
2007.05.28 17:39 B Z:\mailing\e-mailing\fckeditor\editor\filemanager\browser\default\images\icons\32\vsd.gif <-- sbrafh /public_html/e-mailing/fckeditor/editor/filemanager/browser/default/images/icons/32 vsd.gif
2007.05.28 17:39 B Z:\mailing\e-mailing\fckeditor\editor\filemanager\browser\default\images\icons\32\xls.gif <-- sbrafh /public_html/e-mailing/fckeditor/editor/filemanager/browser/default/images/icons/32 xls.gif
2007.05.28 17:39 B Z:\mailing\e-mailing\fckeditor\editor\filemanager\browser\default\images\icons\32\xml.gif <-- sbrafh /public_html/e-mailing/fckeditor/editor/filemanager/browser/default/images/icons/32 xml.gif
2007.05.28 17:39 B Z:\mailing\e-mailing\fckeditor\editor\filemanager\browser\default\images\icons\32\zip.gif <-- sbrafh /public_html/e-mailing/fckeditor/editor/filemanager/browser/default/images/icons/32 zip.gif
2007.08.06 19:13 B Z:\amfar\admin\e-mailing\fckeditor\editor\filemanager\browser\default\images\icons\32\ai.gif --> ftp635.locaweb.com.br /public_html/admin/e-mailing/fckeditor/editor/filemanager/browser/default/images/icons/32 ai.gif
2007.08.06 19:13 B Z:\amfar\admin\e-mailing\fckeditor\editor\filemanager\browser\default\images\icons\32\avi.gif --> ftp635.locaweb.com.br /public_html/admin/e-mailing/fckeditor/editor/filemanager/browser/default/images/icons/32 avi.gif
2007.08.06 19:13 B Z:\amfar\admin\e-mailing\fckeditor\editor\filemanager\browser\default\images\icons\32\bmp.gif --> ftp635.locaweb.com.br /public_html/admin/e-mailing/fckeditor/editor/filemanager/browser/default/images/icons/32 bmp.gif
2007.08.06 19:13 B Z:\amfar\admin\e-mailing\fckeditor\editor\filemanager\browser\default\images\icons\32\cs.gif --> ftp635.locaweb.com.br /public_html/admin/e-mailing/fckeditor/editor/filemanager/browser/default/images/icons/32 cs.gif
2007.08.06 19:13 B Z:\amfar\admin\e-mailing\fckeditor\editor\filemanager\browser\default\images\icons\32\default.icon.gif --> ftp635.locaweb.com.br /public_html/admin/e-mailing/fckeditor/editor/filemanager/browser/default/images/icons/32 default.icon.gif
2007.08.06 19:13 B Z:\amfar\admin\e-mailing\fckeditor\editor\filemanager\browser\default\images\icons\32\dll.gif --> ftp635.locaweb.com.br /public_html/admin/e-mailing/fckeditor/editor/filemanager/browser/default/images/icons/32 dll.gif
2007.08.06 19:13 B Z:\amfar\admin\e-mailing\fckeditor\editor\filemanager\browser\default\images\icons\32\doc.gif --> ftp635.locaweb.com.br /public_html/admin/e-mailing/fckeditor/editor/filemanager/browser/default/images/icons/32 doc.gif
2007.08.06 19:13 B Z:\amfar\admin\e-mailing\fckeditor\editor\filemanager\browser\default\images\icons\32\exe.gif --> ftp635.locaweb.com.br /public_html/admin/e-mailing/fckeditor/editor/filemanager/browser/default/images/icons/32 exe.gif
2007.08.06 19:13 B Z:\amfar\admin\e-mailing\fckeditor\editor\filemanager\browser\default\images\icons\32\fla.gif --> ftp635.locaweb.com.br /public_html/admin/e-mailing/fckeditor/editor/filemanager/browser/default/images/icons/32 fla.gif
2007.08.06 19:13 B Z:\amfar\admin\e-mailing\fckeditor\editor\filemanager\browser\default\images\icons\32\gif.gif --> ftp635.locaweb.com.br /public_html/admin/e-mailing/fckeditor/editor/filemanager/browser/default/images/icons/32 gif.gif
2007.08.06 19:13 B Z:\amfar\admin\e-mailing\fckeditor\editor\filemanager\browser\default\images\icons\32\htm.gif --> ftp635.locaweb.com.br /public_html/admin/e-mailing/fckeditor/editor/filemanager/browser/default/images/icons/32 htm.gif
2007.08.06 19:13 B Z:\amfar\admin\e-mailing\fckeditor\editor\filemanager\browser\default\images\icons\32\html.gif --> ftp635.locaweb.com.br /public_html/admin/e-mailing/fckeditor/editor/filemanager/browser/default/images/icons/32 html.gif
2007.08.06 19:13 B Z:\amfar\admin\e-mailing\fckeditor\editor\filemanager\browser\default\images\icons\32\jpg.gif --> ftp635.locaweb.com.br /public_html/admin/e-mailing/fckeditor/editor/filemanager/browser/default/images/icons/32 jpg.gif
2007.08.06 19:13 B Z:\amfar\admin\e-mailing\fckeditor\editor\filemanager\browser\default\images\icons\32\js.gif --> ftp635.locaweb.com.br /public_html/admin/e-mailing/fckeditor/editor/filemanager/browser/default/images/icons/32 js.gif
2007.08.06 19:13 B Z:\amfar\admin\e-mailing\fckeditor\editor\filemanager\browser\default\images\icons\32\mdb.gif --> ftp635.locaweb.com.br /public_html/admin/e-mailing/fckeditor/editor/filemanager/browser/default/images/icons/32 mdb.gif
2007.08.06 19:13 B Z:\amfar\admin\e-mailing\fckeditor\editor\filemanager\browser\default\images\icons\32\mp3.gif --> ftp635.locaweb.com.br /public_html/admin/e-mailing/fckeditor/editor/filemanager/browser/default/images/icons/32 mp3.gif
2007.08.06 19:13 B Z:\amfar\admin\e-mailing\fckeditor\editor\filemanager\browser\default\images\icons\32\pdf.gif --> ftp635.locaweb.com.br /public_html/admin/e-mailing/fckeditor/editor/filemanager/browser/default/images/icons/32 pdf.gif
2007.08.06 19:13 B Z:\amfar\admin\e-mailing\fckeditor\editor\filemanager\browser\default\images\icons\32\png.gif --> ftp635.locaweb.com.br /public_html/admin/e-mailing/fckeditor/editor/filemanager/browser/default/images/icons/32 png.gif
2007.08.06 19:13 B Z:\amfar\admin\e-mailing\fckeditor\editor\filemanager\browser\default\images\icons\32\ppt.gif --> ftp635.locaweb.com.br /public_html/admin/e-mailing/fckeditor/editor/filemanager/browser/default/images/icons/32 ppt.gif
2007.08.06 19:13 B Z:\amfar\admin\e-mailing\fckeditor\editor\filemanager\browser\default\images\icons\32\rdp.gif --> ftp635.locaweb.com.br /public_html/admin/e-mailing/fckeditor/editor/filemanager/browser/default/images/icons/32 rdp.gif
2007.08.06 19:13 B Z:\amfar\admin\e-mailing\fckeditor\editor\filemanager\browser\default\images\icons\32\swf.gif --> ftp635.locaweb.com.br /public_html/admin/e-mailing/fckeditor/editor/filemanager/browser/default/images/icons/32 swf.gif
2007.08.06 19:13 B Z:\amfar\admin\e-mailing\fckeditor\editor\filemanager\browser\default\images\icons\32\swt.gif --> ftp635.locaweb.com.br /public_html/admin/e-mailing/fckeditor/editor/filemanager/browser/default/images/icons/32 swt.gif
2007.08.06 19:13 B Z:\amfar\admin\e-mailing\fckeditor\editor\filemanager\browser\default\images\icons\32\Thumbs.db --> ftp635.locaweb.com.br /public_html/admin/e-mailing/fckeditor/editor/filemanager/browser/default/images/icons/32 Thumbs.db
2007.08.06 19:13 B Z:\amfar\admin\e-mailing\fckeditor\editor\filemanager\browser\default\images\icons\32\txt.gif --> ftp635.locaweb.com.br /public_html/admin/e-mailing/fckeditor/editor/filemanager/browser/default/images/icons/32 txt.gif
2007.08.06 19:13 B Z:\amfar\admin\e-mailing\fckeditor\editor\filemanager\browser\default\images\icons\32\vsd.gif --> ftp635.locaweb.com.br /public_html/admin/e-mailing/fckeditor/editor/filemanager/browser/default/images/icons/32 vsd.gif
