2012.09.19 01:11 B F:\xampp\htdocs\html2pdf\html2pdf\examples\res\about.php --> ftp.sbrafh.org.br /public_html/html2pdf/html2pdf/examples/res about.php
2012.09.19 01:11 B F:\xampp\htdocs\html2pdf\html2pdf\examples\res\bas_page.png --> ftp.sbrafh.org.br /public_html/html2pdf/html2pdf/examples/res bas_page.png
2012.09.19 01:11 B F:\xampp\htdocs\html2pdf\html2pdf\examples\res\exemple00.php --> ftp.sbrafh.org.br /public_html/html2pdf/html2pdf/examples/res exemple00.php
2012.09.19 01:11 B F:\xampp\htdocs\html2pdf\html2pdf\examples\res\exemple01.php --> ftp.sbrafh.org.br /public_html/html2pdf/html2pdf/examples/res exemple01.php
2012.09.19 01:11 B F:\xampp\htdocs\html2pdf\html2pdf\examples\res\exemple02.php --> ftp.sbrafh.org.br /public_html/html2pdf/html2pdf/examples/res exemple02.php
2012.09.19 01:11 B F:\xampp\htdocs\html2pdf\html2pdf\examples\res\exemple03.php --> ftp.sbrafh.org.br /public_html/html2pdf/html2pdf/examples/res exemple03.php
2012.09.19 01:11 B F:\xampp\htdocs\html2pdf\html2pdf\examples\res\exemple04.php --> ftp.sbrafh.org.br /public_html/html2pdf/html2pdf/examples/res exemple04.php
2012.09.19 01:11 B F:\xampp\htdocs\html2pdf\html2pdf\examples\res\exemple05.php --> ftp.sbrafh.org.br /public_html/html2pdf/html2pdf/examples/res exemple05.php
2012.09.19 01:11 B F:\xampp\htdocs\html2pdf\html2pdf\examples\res\exemple06.css --> ftp.sbrafh.org.br /public_html/html2pdf/html2pdf/examples/res exemple06.css
2012.09.19 01:11 B F:\xampp\htdocs\html2pdf\html2pdf\examples\res\exemple06.php --> ftp.sbrafh.org.br /public_html/html2pdf/html2pdf/examples/res exemple06.php
2012.09.19 01:11 B F:\xampp\htdocs\html2pdf\html2pdf\examples\res\exemple07a.php --> ftp.sbrafh.org.br /public_html/html2pdf/html2pdf/examples/res exemple07a.php
2012.09.19 01:11 B F:\xampp\htdocs\html2pdf\html2pdf\examples\res\exemple07b.php --> ftp.sbrafh.org.br /public_html/html2pdf/html2pdf/examples/res exemple07b.php
2012.09.19 01:11 B F:\xampp\htdocs\html2pdf\html2pdf\examples\res\exemple08.php --> ftp.sbrafh.org.br /public_html/html2pdf/html2pdf/examples/res exemple08.php
2012.09.19 01:11 B F:\xampp\htdocs\html2pdf\html2pdf\examples\res\exemple09.png.php --> ftp.sbrafh.org.br /public_html/html2pdf/html2pdf/examples/res exemple09.png.php
2012.09.19 01:11 B F:\xampp\htdocs\html2pdf\html2pdf\examples\res\exemple10.php --> ftp.sbrafh.org.br /public_html/html2pdf/html2pdf/examples/res exemple10.php
2012.09.19 01:11 B F:\xampp\htdocs\html2pdf\html2pdf\examples\res\exemple10a.gif --> ftp.sbrafh.org.br /public_html/html2pdf/html2pdf/examples/res exemple10a.gif
2012.09.19 01:11 B F:\xampp\htdocs\html2pdf\html2pdf\examples\res\exemple10b.jpg --> ftp.sbrafh.org.br /public_html/html2pdf/html2pdf/examples/res exemple10b.jpg
2012.09.19 01:11 B F:\xampp\htdocs\html2pdf\html2pdf\examples\res\exemple10c.gif --> ftp.sbrafh.org.br /public_html/html2pdf/html2pdf/examples/res exemple10c.gif
2012.09.19 01:11 B F:\xampp\htdocs\html2pdf\html2pdf\examples\res\exemple11.php --> ftp.sbrafh.org.br /public_html/html2pdf/html2pdf/examples/res exemple11.php
2012.09.19 01:11 B F:\xampp\htdocs\html2pdf\html2pdf\examples\res\exemple12.php --> ftp.sbrafh.org.br /public_html/html2pdf/html2pdf/examples/res exemple12.php
2012.09.19 01:11 B F:\xampp\htdocs\html2pdf\html2pdf\examples\res\exemple13.php --> ftp.sbrafh.org.br /public_html/html2pdf/html2pdf/examples/res exemple13.php
2012.09.19 01:11 B F:\xampp\htdocs\html2pdf\html2pdf\examples\res\forms.php --> ftp.sbrafh.org.br /public_html/html2pdf/html2pdf/examples/res forms.php
2012.09.19 01:11 B F:\xampp\htdocs\html2pdf\html2pdf\examples\res\logo.gif --> ftp.sbrafh.org.br /public_html/html2pdf/html2pdf/examples/res logo.gif
2012.09.19 01:11 B F:\xampp\htdocs\html2pdf\html2pdf\examples\res\logo.png --> ftp.sbrafh.org.br /public_html/html2pdf/html2pdf/examples/res logo.png
2012.09.19 01:11 B F:\xampp\htdocs\html2pdf\html2pdf\examples\res\off.png --> ftp.sbrafh.org.br /public_html/html2pdf/html2pdf/examples/res off.png
2012.09.19 01:11 B F:\xampp\htdocs\html2pdf\html2pdf\examples\res\puce.gif --> ftp.sbrafh.org.br /public_html/html2pdf/html2pdf/examples/res puce.gif
2012.09.19 01:11 B F:\xampp\htdocs\html2pdf\html2pdf\examples\res\puce2.gif --> ftp.sbrafh.org.br /public_html/html2pdf/html2pdf/examples/res puce2.gif
2012.09.19 01:11 B F:\xampp\htdocs\html2pdf\html2pdf\examples\res\regle.png --> ftp.sbrafh.org.br /public_html/html2pdf/html2pdf/examples/res regle.png
2012.09.19 01:11 B F:\xampp\htdocs\html2pdf\html2pdf\examples\res\svg.php --> ftp.sbrafh.org.br /public_html/html2pdf/html2pdf/examples/res svg.php
2012.09.19 01:11 B F:\xampp\htdocs\html2pdf\html2pdf\examples\res\tcpdf_logo.jpg --> ftp.sbrafh.org.br /public_html/html2pdf/html2pdf/examples/res tcpdf_logo.jpg
2012.11.23 12:27 B F:\xampp\htdocs\sbrafh\html2pdf\html2pdf\examples\res\about.php --> ftp.jairodepaula.com.br /jairodepaula/web/html2pdf/html2pdf/examples/res about.php
2012.11.23 12:27 B F:\xampp\htdocs\sbrafh\html2pdf\html2pdf\examples\res\bas_page.png --> ftp.jairodepaula.com.br /jairodepaula/web/html2pdf/html2pdf/examples/res bas_page.png
2012.11.23 12:27 B F:\xampp\htdocs\sbrafh\html2pdf\html2pdf\examples\res\exemple00.php --> ftp.jairodepaula.com.br /jairodepaula/web/html2pdf/html2pdf/examples/res exemple00.php
2012.11.23 12:27 B F:\xampp\htdocs\sbrafh\html2pdf\html2pdf\examples\res\exemple01.php --> ftp.jairodepaula.com.br /jairodepaula/web/html2pdf/html2pdf/examples/res exemple01.php
2012.11.23 12:27 B F:\xampp\htdocs\sbrafh\html2pdf\html2pdf\examples\res\exemple02.php --> ftp.jairodepaula.com.br /jairodepaula/web/html2pdf/html2pdf/examples/res exemple02.php
2012.11.23 12:27 B F:\xampp\htdocs\sbrafh\html2pdf\html2pdf\examples\res\exemple03.php --> ftp.jairodepaula.com.br /jairodepaula/web/html2pdf/html2pdf/examples/res exemple03.php
2012.11.23 12:27 B F:\xampp\htdocs\sbrafh\html2pdf\html2pdf\examples\res\exemple04.php --> ftp.jairodepaula.com.br /jairodepaula/web/html2pdf/html2pdf/examples/res exemple04.php
2012.11.23 12:27 B F:\xampp\htdocs\sbrafh\html2pdf\html2pdf\examples\res\exemple05.php --> ftp.jairodepaula.com.br /jairodepaula/web/html2pdf/html2pdf/examples/res exemple05.php
2012.11.23 12:27 B F:\xampp\htdocs\sbrafh\html2pdf\html2pdf\examples\res\exemple06.css --> ftp.jairodepaula.com.br /jairodepaula/web/html2pdf/html2pdf/examples/res exemple06.css
2012.11.23 12:27 B F:\xampp\htdocs\sbrafh\html2pdf\html2pdf\examples\res\exemple06.php --> ftp.jairodepaula.com.br /jairodepaula/web/html2pdf/html2pdf/examples/res exemple06.php
2012.11.23 12:27 B F:\xampp\htdocs\sbrafh\html2pdf\html2pdf\examples\res\exemple07a.php --> ftp.jairodepaula.com.br /jairodepaula/web/html2pdf/html2pdf/examples/res exemple07a.php
2012.11.23 12:27 B F:\xampp\htdocs\sbrafh\html2pdf\html2pdf\examples\res\exemple07b.php --> ftp.jairodepaula.com.br /jairodepaula/web/html2pdf/html2pdf/examples/res exemple07b.php
2012.11.23 12:27 B F:\xampp\htdocs\sbrafh\html2pdf\html2pdf\examples\res\exemple08.php --> ftp.jairodepaula.com.br /jairodepaula/web/html2pdf/html2pdf/examples/res exemple08.php
2012.11.23 12:27 B F:\xampp\htdocs\sbrafh\html2pdf\html2pdf\examples\res\exemple09.png.php --> ftp.jairodepaula.com.br /jairodepaula/web/html2pdf/html2pdf/examples/res exemple09.png.php
2012.11.23 12:27 B F:\xampp\htdocs\sbrafh\html2pdf\html2pdf\examples\res\exemple10.php --> ftp.jairodepaula.com.br /jairodepaula/web/html2pdf/html2pdf/examples/res exemple10.php
2012.11.23 12:27 B F:\xampp\htdocs\sbrafh\html2pdf\html2pdf\examples\res\exemple10a.gif --> ftp.jairodepaula.com.br /jairodepaula/web/html2pdf/html2pdf/examples/res exemple10a.gif
2012.11.23 12:27 B F:\xampp\htdocs\sbrafh\html2pdf\html2pdf\examples\res\exemple10b.jpg --> ftp.jairodepaula.com.br /jairodepaula/web/html2pdf/html2pdf/examples/res exemple10b.jpg
2012.11.23 12:27 B F:\xampp\htdocs\sbrafh\html2pdf\html2pdf\examples\res\exemple10c.gif --> ftp.jairodepaula.com.br /jairodepaula/web/html2pdf/html2pdf/examples/res exemple10c.gif
2012.11.23 12:27 B F:\xampp\htdocs\sbrafh\html2pdf\html2pdf\examples\res\exemple11.php --> ftp.jairodepaula.com.br /jairodepaula/web/html2pdf/html2pdf/examples/res exemple11.php
2012.11.23 12:27 B F:\xampp\htdocs\sbrafh\html2pdf\html2pdf\examples\res\exemple12.php --> ftp.jairodepaula.com.br /jairodepaula/web/html2pdf/html2pdf/examples/res exemple12.php
2012.11.23 12:27 B F:\xampp\htdocs\sbrafh\html2pdf\html2pdf\examples\res\exemple13.php --> ftp.jairodepaula.com.br /jairodepaula/web/html2pdf/html2pdf/examples/res exemple13.php
2012.11.23 12:27 B F:\xampp\htdocs\sbrafh\html2pdf\html2pdf\examples\res\forms.php --> ftp.jairodepaula.com.br /jairodepaula/web/html2pdf/html2pdf/examples/res forms.php
2012.11.23 12:27 B F:\xampp\htdocs\sbrafh\html2pdf\html2pdf\examples\res\logo.gif --> ftp.jairodepaula.com.br /jairodepaula/web/html2pdf/html2pdf/examples/res logo.gif
2012.11.23 12:27 B F:\xampp\htdocs\sbrafh\html2pdf\html2pdf\examples\res\logo.png --> ftp.jairodepaula.com.br /jairodepaula/web/html2pdf/html2pdf/examples/res logo.png
2012.11.23 12:27 B F:\xampp\htdocs\sbrafh\html2pdf\html2pdf\examples\res\off.png --> ftp.jairodepaula.com.br /jairodepaula/web/html2pdf/html2pdf/examples/res off.png
2012.11.23 12:27 B F:\xampp\htdocs\sbrafh\html2pdf\html2pdf\examples\res\puce.gif --> ftp.jairodepaula.com.br /jairodepaula/web/html2pdf/html2pdf/examples/res puce.gif
2012.11.23 12:27 B F:\xampp\htdocs\sbrafh\html2pdf\html2pdf\examples\res\puce2.gif --> ftp.jairodepaula.com.br /jairodepaula/web/html2pdf/html2pdf/examples/res puce2.gif
2012.11.23 12:27 B F:\xampp\htdocs\sbrafh\html2pdf\html2pdf\examples\res\regle.png --> ftp.jairodepaula.com.br /jairodepaula/web/html2pdf/html2pdf/examples/res regle.png
2012.11.23 12:27 B F:\xampp\htdocs\sbrafh\html2pdf\html2pdf\examples\res\svg.php --> ftp.jairodepaula.com.br /jairodepaula/web/html2pdf/html2pdf/examples/res svg.php
2012.11.23 12:27 B F:\xampp\htdocs\sbrafh\html2pdf\html2pdf\examples\res\tcpdf_logo.jpg --> ftp.jairodepaula.com.br /jairodepaula/web/html2pdf/html2pdf/examples/res tcpdf_logo.jpg
2012.11.23 12:27 B F:\xampp\htdocs\sbrafh\html2pdf\html2pdf\examples\res\WS_FTP.LOG --> ftp.jairodepaula.com.br /jairodepaula/web/html2pdf/html2pdf/examples/res WS_FTP.LOG
