2011.06.20 18:36 B F:\xampp\htdocs\zf-tutorial\library\Zend\Form\Element\Button.php --> ftp.portalridgid.com.br /public_html/zf-tutorial/library/Zend/Form/Element Button.php
2011.06.20 18:36 B F:\xampp\htdocs\zf-tutorial\library\Zend\Form\Element\Captcha.php --> ftp.portalridgid.com.br /public_html/zf-tutorial/library/Zend/Form/Element Captcha.php
2011.06.20 18:36 B F:\xampp\htdocs\zf-tutorial\library\Zend\Form\Element\Checkbox.php --> ftp.portalridgid.com.br /public_html/zf-tutorial/library/Zend/Form/Element Checkbox.php
2011.06.20 18:36 B F:\xampp\htdocs\zf-tutorial\library\Zend\Form\Element\Exception.php --> ftp.portalridgid.com.br /public_html/zf-tutorial/library/Zend/Form/Element Exception.php
2011.06.20 18:36 B F:\xampp\htdocs\zf-tutorial\library\Zend\Form\Element\File.php --> ftp.portalridgid.com.br /public_html/zf-tutorial/library/Zend/Form/Element File.php
2011.06.20 18:36 B F:\xampp\htdocs\zf-tutorial\library\Zend\Form\Element\Hash.php --> ftp.portalridgid.com.br /public_html/zf-tutorial/library/Zend/Form/Element Hash.php
2011.06.20 18:36 B F:\xampp\htdocs\zf-tutorial\library\Zend\Form\Element\Hidden.php --> ftp.portalridgid.com.br /public_html/zf-tutorial/library/Zend/Form/Element Hidden.php
2011.06.20 18:36 B F:\xampp\htdocs\zf-tutorial\library\Zend\Form\Element\Image.php --> ftp.portalridgid.com.br /public_html/zf-tutorial/library/Zend/Form/Element Image.php
2011.06.20 18:36 B F:\xampp\htdocs\zf-tutorial\library\Zend\Form\Element\Multi.php --> ftp.portalridgid.com.br /public_html/zf-tutorial/library/Zend/Form/Element Multi.php
2011.06.20 18:36 B F:\xampp\htdocs\zf-tutorial\library\Zend\Form\Element\MultiCheckbox.php --> ftp.portalridgid.com.br /public_html/zf-tutorial/library/Zend/Form/Element MultiCheckbox.php
2011.06.20 18:36 B F:\xampp\htdocs\zf-tutorial\library\Zend\Form\Element\Multiselect.php --> ftp.portalridgid.com.br /public_html/zf-tutorial/library/Zend/Form/Element Multiselect.php
2011.06.20 18:36 B F:\xampp\htdocs\zf-tutorial\library\Zend\Form\Element\Password.php --> ftp.portalridgid.com.br /public_html/zf-tutorial/library/Zend/Form/Element Password.php
2011.06.20 18:36 B F:\xampp\htdocs\zf-tutorial\library\Zend\Form\Element\Radio.php --> ftp.portalridgid.com.br /public_html/zf-tutorial/library/Zend/Form/Element Radio.php
2011.06.20 18:36 B F:\xampp\htdocs\zf-tutorial\library\Zend\Form\Element\Reset.php --> ftp.portalridgid.com.br /public_html/zf-tutorial/library/Zend/Form/Element Reset.php
2011.06.20 18:36 B F:\xampp\htdocs\zf-tutorial\library\Zend\Form\Element\Select.php --> ftp.portalridgid.com.br /public_html/zf-tutorial/library/Zend/Form/Element Select.php
2011.06.20 18:36 B F:\xampp\htdocs\zf-tutorial\library\Zend\Form\Element\Submit.php --> ftp.portalridgid.com.br /public_html/zf-tutorial/library/Zend/Form/Element Submit.php
2011.06.20 18:36 B F:\xampp\htdocs\zf-tutorial\library\Zend\Form\Element\Text.php --> ftp.portalridgid.com.br /public_html/zf-tutorial/library/Zend/Form/Element Text.php
2011.06.20 18:36 B F:\xampp\htdocs\zf-tutorial\library\Zend\Form\Element\Textarea.php --> ftp.portalridgid.com.br /public_html/zf-tutorial/library/Zend/Form/Element Textarea.php
2011.06.20 18:36 B F:\xampp\htdocs\zf-tutorial\library\Zend\Form\Element\Xhtml.php --> ftp.portalridgid.com.br /public_html/zf-tutorial/library/Zend/Form/Element Xhtml.php
2011.06.30 03:37 B F:\xampp\htdocs\zendLibrary\Zend\Form\Element\WS_FTP.LOG --> ftp.sbrafh.org.br /sbrafh/Web/zendLibrary/Zend/Form/Element WS_FTP.LOG
2011.06.30 03:37 B F:\xampp\htdocs\zendLibrary\Zend\Form\Element\Submit.php --> ftp.sbrafh.org.br /sbrafh/Web/zendLibrary/Zend/Form/Element Submit.php
2011.06.30 03:37 B F:\xampp\htdocs\zendLibrary\Zend\Form\Element\Radio.php --> ftp.sbrafh.org.br /sbrafh/Web/zendLibrary/Zend/Form/Element Radio.php
2011.06.30 03:37 B F:\xampp\htdocs\zendLibrary\Zend\Form\Element\Image.php --> ftp.sbrafh.org.br /sbrafh/Web/zendLibrary/Zend/Form/Element Image.php
2011.06.30 03:37 B F:\xampp\htdocs\zendLibrary\Zend\Form\Element\File.php --> ftp.sbrafh.org.br /sbrafh/Web/zendLibrary/Zend/Form/Element File.php
2011.06.30 03:37 B F:\xampp\htdocs\zendLibrary\Zend\Form\Element\Captcha.php --> ftp.sbrafh.org.br /sbrafh/Web/zendLibrary/Zend/Form/Element Captcha.php
2011.06.30 03:37 B F:\xampp\htdocs\zendLibrary\Zend\Form\Element\Xhtml.php --> ftp.sbrafh.org.br /sbrafh/Web/zendLibrary/Zend/Form/Element Xhtml.php
2011.06.30 03:37 B F:\xampp\htdocs\zendLibrary\Zend\Form\Element\Textarea.php --> ftp.sbrafh.org.br /sbrafh/Web/zendLibrary/Zend/Form/Element Textarea.php
2011.06.30 03:37 B F:\xampp\htdocs\zendLibrary\Zend\Form\Element\Text.php --> ftp.sbrafh.org.br /sbrafh/Web/zendLibrary/Zend/Form/Element Text.php
2011.06.30 03:37 B F:\xampp\htdocs\zendLibrary\Zend\Form\Element\Select.php --> ftp.sbrafh.org.br /sbrafh/Web/zendLibrary/Zend/Form/Element Select.php
2011.06.30 03:37 B F:\xampp\htdocs\zendLibrary\Zend\Form\Element\Reset.php --> ftp.sbrafh.org.br /sbrafh/Web/zendLibrary/Zend/Form/Element Reset.php
2011.06.30 03:37 B F:\xampp\htdocs\zendLibrary\Zend\Form\Element\Password.php --> ftp.sbrafh.org.br /sbrafh/Web/zendLibrary/Zend/Form/Element Password.php
2011.06.30 03:37 B F:\xampp\htdocs\zendLibrary\Zend\Form\Element\Multiselect.php --> ftp.sbrafh.org.br /sbrafh/Web/zendLibrary/Zend/Form/Element Multiselect.php
2011.06.30 03:37 B F:\xampp\htdocs\zendLibrary\Zend\Form\Element\MultiCheckbox.php --> ftp.sbrafh.org.br /sbrafh/Web/zendLibrary/Zend/Form/Element MultiCheckbox.php
2011.06.30 03:37 B F:\xampp\htdocs\zendLibrary\Zend\Form\Element\Multi.php --> ftp.sbrafh.org.br /sbrafh/Web/zendLibrary/Zend/Form/Element Multi.php
2011.06.30 03:37 B F:\xampp\htdocs\zendLibrary\Zend\Form\Element\Hidden.php --> ftp.sbrafh.org.br /sbrafh/Web/zendLibrary/Zend/Form/Element Hidden.php
2011.06.30 03:37 B F:\xampp\htdocs\zendLibrary\Zend\Form\Element\Hash.php --> ftp.sbrafh.org.br /sbrafh/Web/zendLibrary/Zend/Form/Element Hash.php
2011.06.30 03:37 B F:\xampp\htdocs\zendLibrary\Zend\Form\Element\Exception.php --> ftp.sbrafh.org.br /sbrafh/Web/zendLibrary/Zend/Form/Element Exception.php
2011.06.30 03:37 B F:\xampp\htdocs\zendLibrary\Zend\Form\Element\Checkbox.php --> ftp.sbrafh.org.br /sbrafh/Web/zendLibrary/Zend/Form/Element Checkbox.php
2011.06.30 03:37 B F:\xampp\htdocs\zendLibrary\Zend\Form\Element\Button.php --> ftp.sbrafh.org.br /sbrafh/Web/zendLibrary/Zend/Form/Element Button.php
2011.07.08 23:49 B F:\xampp\htdocs\zendLibrary\Zend\Form\Element\Button.php --> ftp.radiofone.com.br /public_html/radiofone/zendLibrary/Zend/Form/Element Button.php
2011.07.08 23:49 B F:\xampp\htdocs\zendLibrary\Zend\Form\Element\Captcha.php --> ftp.radiofone.com.br /public_html/radiofone/zendLibrary/Zend/Form/Element Captcha.php
2011.07.08 23:49 B F:\xampp\htdocs\zendLibrary\Zend\Form\Element\Checkbox.php --> ftp.radiofone.com.br /public_html/radiofone/zendLibrary/Zend/Form/Element Checkbox.php
2011.07.08 23:49 B F:\xampp\htdocs\zendLibrary\Zend\Form\Element\Exception.php --> ftp.radiofone.com.br /public_html/radiofone/zendLibrary/Zend/Form/Element Exception.php
2011.07.08 23:49 B F:\xampp\htdocs\zendLibrary\Zend\Form\Element\File.php --> ftp.radiofone.com.br /public_html/radiofone/zendLibrary/Zend/Form/Element File.php
2011.07.08 23:49 B F:\xampp\htdocs\zendLibrary\Zend\Form\Element\Hash.php --> ftp.radiofone.com.br /public_html/radiofone/zendLibrary/Zend/Form/Element Hash.php
2011.07.08 23:49 B F:\xampp\htdocs\zendLibrary\Zend\Form\Element\Hidden.php --> ftp.radiofone.com.br /public_html/radiofone/zendLibrary/Zend/Form/Element Hidden.php
2011.07.08 23:49 B F:\xampp\htdocs\zendLibrary\Zend\Form\Element\Image.php --> ftp.radiofone.com.br /public_html/radiofone/zendLibrary/Zend/Form/Element Image.php
2011.07.08 23:49 B F:\xampp\htdocs\zendLibrary\Zend\Form\Element\Multi.php --> ftp.radiofone.com.br /public_html/radiofone/zendLibrary/Zend/Form/Element Multi.php
2011.07.08 23:49 B F:\xampp\htdocs\zendLibrary\Zend\Form\Element\MultiCheckbox.php --> ftp.radiofone.com.br /public_html/radiofone/zendLibrary/Zend/Form/Element MultiCheckbox.php
2011.07.08 23:49 B F:\xampp\htdocs\zendLibrary\Zend\Form\Element\Multiselect.php --> ftp.radiofone.com.br /public_html/radiofone/zendLibrary/Zend/Form/Element Multiselect.php
2011.07.08 23:49 B F:\xampp\htdocs\zendLibrary\Zend\Form\Element\Password.php --> ftp.radiofone.com.br /public_html/radiofone/zendLibrary/Zend/Form/Element Password.php
2011.07.08 23:49 B F:\xampp\htdocs\zendLibrary\Zend\Form\Element\Radio.php --> ftp.radiofone.com.br /public_html/radiofone/zendLibrary/Zend/Form/Element Radio.php
2011.07.08 23:49 B F:\xampp\htdocs\zendLibrary\Zend\Form\Element\Reset.php --> ftp.radiofone.com.br /public_html/radiofone/zendLibrary/Zend/Form/Element Reset.php
2011.07.08 23:49 B F:\xampp\htdocs\zendLibrary\Zend\Form\Element\Select.php --> ftp.radiofone.com.br /public_html/radiofone/zendLibrary/Zend/Form/Element Select.php
2011.07.08 23:49 B F:\xampp\htdocs\zendLibrary\Zend\Form\Element\Submit.php --> ftp.radiofone.com.br /public_html/radiofone/zendLibrary/Zend/Form/Element Submit.php
2011.07.08 23:49 B F:\xampp\htdocs\zendLibrary\Zend\Form\Element\Text.php --> ftp.radiofone.com.br /public_html/radiofone/zendLibrary/Zend/Form/Element Text.php
2011.07.08 23:49 B F:\xampp\htdocs\zendLibrary\Zend\Form\Element\Textarea.php --> ftp.radiofone.com.br /public_html/radiofone/zendLibrary/Zend/Form/Element Textarea.php
2011.07.08 23:49 B F:\xampp\htdocs\zendLibrary\Zend\Form\Element\WS_FTP.LOG --> ftp.radiofone.com.br /public_html/radiofone/zendLibrary/Zend/Form/Element WS_FTP.LOG
2011.07.08 23:49 B F:\xampp\htdocs\zendLibrary\Zend\Form\Element\Xhtml.php --> ftp.radiofone.com.br /public_html/radiofone/zendLibrary/Zend/Form/Element Xhtml.php
2011.07.26 22:50 B F:\xampp\htdocs\zendLibrary\Zend\Form\Element\Button.php --> ftp.sobrafo.org.br /public_html/zendLibrary/Zend/Form/Element Button.php
2011.07.26 22:50 B F:\xampp\htdocs\zendLibrary\Zend\Form\Element\Captcha.php --> ftp.sobrafo.org.br /public_html/zendLibrary/Zend/Form/Element Captcha.php
2011.07.26 22:50 B F:\xampp\htdocs\zendLibrary\Zend\Form\Element\Checkbox.php --> ftp.sobrafo.org.br /public_html/zendLibrary/Zend/Form/Element Checkbox.php
2011.07.26 22:50 B F:\xampp\htdocs\zendLibrary\Zend\Form\Element\Exception.php --> ftp.sobrafo.org.br /public_html/zendLibrary/Zend/Form/Element Exception.php
2011.07.26 22:50 B F:\xampp\htdocs\zendLibrary\Zend\Form\Element\File.php --> ftp.sobrafo.org.br /public_html/zendLibrary/Zend/Form/Element File.php
2011.07.26 22:50 B F:\xampp\htdocs\zendLibrary\Zend\Form\Element\Hash.php --> ftp.sobrafo.org.br /public_html/zendLibrary/Zend/Form/Element Hash.php
2011.07.26 22:50 B F:\xampp\htdocs\zendLibrary\Zend\Form\Element\Hidden.php --> ftp.sobrafo.org.br /public_html/zendLibrary/Zend/Form/Element Hidden.php
2011.07.26 22:50 B F:\xampp\htdocs\zendLibrary\Zend\Form\Element\Image.php --> ftp.sobrafo.org.br /public_html/zendLibrary/Zend/Form/Element Image.php
2011.07.26 22:50 B F:\xampp\htdocs\zendLibrary\Zend\Form\Element\Multi.php --> ftp.sobrafo.org.br /public_html/zendLibrary/Zend/Form/Element Multi.php
2011.07.26 22:50 B F:\xampp\htdocs\zendLibrary\Zend\Form\Element\MultiCheckbox.php --> ftp.sobrafo.org.br /public_html/zendLibrary/Zend/Form/Element MultiCheckbox.php
2011.07.26 22:50 B F:\xampp\htdocs\zendLibrary\Zend\Form\Element\Multiselect.php --> ftp.sobrafo.org.br /public_html/zendLibrary/Zend/Form/Element Multiselect.php
2011.07.26 22:50 B F:\xampp\htdocs\zendLibrary\Zend\Form\Element\Password.php --> ftp.sobrafo.org.br /public_html/zendLibrary/Zend/Form/Element Password.php
2011.07.26 22:50 B F:\xampp\htdocs\zendLibrary\Zend\Form\Element\Radio.php --> ftp.sobrafo.org.br /public_html/zendLibrary/Zend/Form/Element Radio.php
2011.07.26 22:50 B F:\xampp\htdocs\zendLibrary\Zend\Form\Element\Reset.php --> ftp.sobrafo.org.br /public_html/zendLibrary/Zend/Form/Element Reset.php
2011.07.26 22:50 B F:\xampp\htdocs\zendLibrary\Zend\Form\Element\Select.php --> ftp.sobrafo.org.br /public_html/zendLibrary/Zend/Form/Element Select.php
2011.07.26 22:50 B F:\xampp\htdocs\zendLibrary\Zend\Form\Element\Submit.php --> ftp.sobrafo.org.br /public_html/zendLibrary/Zend/Form/Element Submit.php
2011.07.26 22:50 B F:\xampp\htdocs\zendLibrary\Zend\Form\Element\Text.php --> ftp.sobrafo.org.br /public_html/zendLibrary/Zend/Form/Element Text.php
2011.07.26 22:50 B F:\xampp\htdocs\zendLibrary\Zend\Form\Element\Textarea.php --> ftp.sobrafo.org.br /public_html/zendLibrary/Zend/Form/Element Textarea.php
2011.07.26 22:50 B F:\xampp\htdocs\zendLibrary\Zend\Form\Element\WS_FTP.LOG --> ftp.sobrafo.org.br /public_html/zendLibrary/Zend/Form/Element WS_FTP.LOG
2011.07.26 22:50 B F:\xampp\htdocs\zendLibrary\Zend\Form\Element\Xhtml.php --> ftp.sobrafo.org.br /public_html/zendLibrary/Zend/Form/Element Xhtml.php
2011.08.09 17:00 B F:\xampp\htdocs\ZendLibrary\Zend\Form\Element\Button.php --> ftp.amfar.com.br /public_html/ZendLibrary/Zend/Form/Element Button.php
2011.08.09 17:00 B F:\xampp\htdocs\ZendLibrary\Zend\Form\Element\Captcha.php --> ftp.amfar.com.br /public_html/ZendLibrary/Zend/Form/Element Captcha.php
2011.08.09 17:00 B F:\xampp\htdocs\ZendLibrary\Zend\Form\Element\Checkbox.php --> ftp.amfar.com.br /public_html/ZendLibrary/Zend/Form/Element Checkbox.php
2011.08.09 17:00 B F:\xampp\htdocs\ZendLibrary\Zend\Form\Element\Exception.php --> ftp.amfar.com.br /public_html/ZendLibrary/Zend/Form/Element Exception.php
2011.08.09 17:00 B F:\xampp\htdocs\ZendLibrary\Zend\Form\Element\File.php --> ftp.amfar.com.br /public_html/ZendLibrary/Zend/Form/Element File.php
2011.08.09 17:00 B F:\xampp\htdocs\ZendLibrary\Zend\Form\Element\Hash.php --> ftp.amfar.com.br /public_html/ZendLibrary/Zend/Form/Element Hash.php
2011.08.09 17:00 B F:\xampp\htdocs\ZendLibrary\Zend\Form\Element\Hidden.php --> ftp.amfar.com.br /public_html/ZendLibrary/Zend/Form/Element Hidden.php
2011.08.09 17:00 B F:\xampp\htdocs\ZendLibrary\Zend\Form\Element\Image.php --> ftp.amfar.com.br /public_html/ZendLibrary/Zend/Form/Element Image.php
2011.08.09 17:00 B F:\xampp\htdocs\ZendLibrary\Zend\Form\Element\Multi.php --> ftp.amfar.com.br /public_html/ZendLibrary/Zend/Form/Element Multi.php
2011.08.09 17:00 B F:\xampp\htdocs\ZendLibrary\Zend\Form\Element\MultiCheckbox.php --> ftp.amfar.com.br /public_html/ZendLibrary/Zend/Form/Element MultiCheckbox.php
2011.08.09 17:00 B F:\xampp\htdocs\ZendLibrary\Zend\Form\Element\Multiselect.php --> ftp.amfar.com.br /public_html/ZendLibrary/Zend/Form/Element Multiselect.php
2011.08.09 17:00 B F:\xampp\htdocs\ZendLibrary\Zend\Form\Element\Password.php --> ftp.amfar.com.br /public_html/ZendLibrary/Zend/Form/Element Password.php
2011.08.09 17:00 B F:\xampp\htdocs\ZendLibrary\Zend\Form\Element\Radio.php --> ftp.amfar.com.br /public_html/ZendLibrary/Zend/Form/Element Radio.php
2011.08.09 17:00 B F:\xampp\htdocs\ZendLibrary\Zend\Form\Element\Reset.php --> ftp.amfar.com.br /public_html/ZendLibrary/Zend/Form/Element Reset.php
2011.08.09 17:00 B F:\xampp\htdocs\ZendLibrary\Zend\Form\Element\Select.php --> ftp.amfar.com.br /public_html/ZendLibrary/Zend/Form/Element Select.php
2011.08.09 17:00 B F:\xampp\htdocs\ZendLibrary\Zend\Form\Element\Submit.php --> ftp.amfar.com.br /public_html/ZendLibrary/Zend/Form/Element Submit.php
2011.08.09 17:00 B F:\xampp\htdocs\ZendLibrary\Zend\Form\Element\Text.php --> ftp.amfar.com.br /public_html/ZendLibrary/Zend/Form/Element Text.php
2011.08.09 17:00 B F:\xampp\htdocs\ZendLibrary\Zend\Form\Element\Textarea.php --> ftp.amfar.com.br /public_html/ZendLibrary/Zend/Form/Element Textarea.php
