2011.06.20 18:51 B F:\xampp\htdocs\zf-tutorial\library\Zend\Serializer\Adapter\AdapterAbstract.php --> ftp.portalridgid.com.br /public_html/zf-tutorial/library/Zend/Serializer/Adapter AdapterAbstract.php
2011.06.20 18:51 B F:\xampp\htdocs\zf-tutorial\library\Zend\Serializer\Adapter\AdapterInterface.php --> ftp.portalridgid.com.br /public_html/zf-tutorial/library/Zend/Serializer/Adapter AdapterInterface.php
2011.06.20 18:51 B F:\xampp\htdocs\zf-tutorial\library\Zend\Serializer\Adapter\Amf0.php --> ftp.portalridgid.com.br /public_html/zf-tutorial/library/Zend/Serializer/Adapter Amf0.php
2011.06.20 18:51 B F:\xampp\htdocs\zf-tutorial\library\Zend\Serializer\Adapter\Amf3.php --> ftp.portalridgid.com.br /public_html/zf-tutorial/library/Zend/Serializer/Adapter Amf3.php
2011.06.20 18:51 B F:\xampp\htdocs\zf-tutorial\library\Zend\Serializer\Adapter\Igbinary.php --> ftp.portalridgid.com.br /public_html/zf-tutorial/library/Zend/Serializer/Adapter Igbinary.php
2011.06.20 18:51 B F:\xampp\htdocs\zf-tutorial\library\Zend\Serializer\Adapter\Json.php --> ftp.portalridgid.com.br /public_html/zf-tutorial/library/Zend/Serializer/Adapter Json.php
2011.06.20 18:51 B F:\xampp\htdocs\zf-tutorial\library\Zend\Serializer\Adapter\PhpCode.php --> ftp.portalridgid.com.br /public_html/zf-tutorial/library/Zend/Serializer/Adapter PhpCode.php
2011.06.20 18:51 B F:\xampp\htdocs\zf-tutorial\library\Zend\Serializer\Adapter\PhpSerialize.php --> ftp.portalridgid.com.br /public_html/zf-tutorial/library/Zend/Serializer/Adapter PhpSerialize.php
2011.06.20 18:51 B F:\xampp\htdocs\zf-tutorial\library\Zend\Serializer\Adapter\PythonPickle.php --> ftp.portalridgid.com.br /public_html/zf-tutorial/library/Zend/Serializer/Adapter PythonPickle.php
2011.06.20 18:51 B F:\xampp\htdocs\zf-tutorial\library\Zend\Serializer\Adapter\Wddx.php --> ftp.portalridgid.com.br /public_html/zf-tutorial/library/Zend/Serializer/Adapter Wddx.php
2011.06.30 03:17 B F:\xampp\htdocs\zendLibrary\Zend\Serializer\Adapter\WS_FTP.LOG --> ftp.sbrafh.org.br /sbrafh/Web/zendLibrary/Zend/Serializer/Adapter WS_FTP.LOG
2011.06.30 03:17 B F:\xampp\htdocs\zendLibrary\Zend\Serializer\Adapter\Wddx.php --> ftp.sbrafh.org.br /sbrafh/Web/zendLibrary/Zend/Serializer/Adapter Wddx.php
2011.06.30 03:17 B F:\xampp\htdocs\zendLibrary\Zend\Serializer\Adapter\PythonPickle.php --> ftp.sbrafh.org.br /sbrafh/Web/zendLibrary/Zend/Serializer/Adapter PythonPickle.php
2011.06.30 03:17 B F:\xampp\htdocs\zendLibrary\Zend\Serializer\Adapter\PhpSerialize.php --> ftp.sbrafh.org.br /sbrafh/Web/zendLibrary/Zend/Serializer/Adapter PhpSerialize.php
2011.06.30 03:17 B F:\xampp\htdocs\zendLibrary\Zend\Serializer\Adapter\PhpCode.php --> ftp.sbrafh.org.br /sbrafh/Web/zendLibrary/Zend/Serializer/Adapter PhpCode.php
2011.06.30 03:17 B F:\xampp\htdocs\zendLibrary\Zend\Serializer\Adapter\Json.php --> ftp.sbrafh.org.br /sbrafh/Web/zendLibrary/Zend/Serializer/Adapter Json.php
2011.06.30 03:17 B F:\xampp\htdocs\zendLibrary\Zend\Serializer\Adapter\Igbinary.php --> ftp.sbrafh.org.br /sbrafh/Web/zendLibrary/Zend/Serializer/Adapter Igbinary.php
2011.06.30 03:17 B F:\xampp\htdocs\zendLibrary\Zend\Serializer\Adapter\Amf3.php --> ftp.sbrafh.org.br /sbrafh/Web/zendLibrary/Zend/Serializer/Adapter Amf3.php
2011.06.30 03:17 B F:\xampp\htdocs\zendLibrary\Zend\Serializer\Adapter\Amf0.php --> ftp.sbrafh.org.br /sbrafh/Web/zendLibrary/Zend/Serializer/Adapter Amf0.php
2011.06.30 03:17 B F:\xampp\htdocs\zendLibrary\Zend\Serializer\Adapter\AdapterInterface.php --> ftp.sbrafh.org.br /sbrafh/Web/zendLibrary/Zend/Serializer/Adapter AdapterInterface.php
2011.06.30 03:17 B F:\xampp\htdocs\zendLibrary\Zend\Serializer\Adapter\AdapterAbstract.php --> ftp.sbrafh.org.br /sbrafh/Web/zendLibrary/Zend/Serializer/Adapter AdapterAbstract.php
2011.07.09 00:17 B F:\xampp\htdocs\zendLibrary\Zend\Serializer\Adapter\AdapterAbstract.php --> ftp.radiofone.com.br /public_html/radiofone/zendLibrary/Zend/Serializer/Adapter AdapterAbstract.php
2011.07.09 00:17 B F:\xampp\htdocs\zendLibrary\Zend\Serializer\Adapter\AdapterInterface.php --> ftp.radiofone.com.br /public_html/radiofone/zendLibrary/Zend/Serializer/Adapter AdapterInterface.php
2011.07.09 00:17 B F:\xampp\htdocs\zendLibrary\Zend\Serializer\Adapter\Amf0.php --> ftp.radiofone.com.br /public_html/radiofone/zendLibrary/Zend/Serializer/Adapter Amf0.php
2011.07.09 00:17 B F:\xampp\htdocs\zendLibrary\Zend\Serializer\Adapter\Amf3.php --> ftp.radiofone.com.br /public_html/radiofone/zendLibrary/Zend/Serializer/Adapter Amf3.php
2011.07.09 00:17 B F:\xampp\htdocs\zendLibrary\Zend\Serializer\Adapter\Igbinary.php --> ftp.radiofone.com.br /public_html/radiofone/zendLibrary/Zend/Serializer/Adapter Igbinary.php
2011.07.09 00:17 B F:\xampp\htdocs\zendLibrary\Zend\Serializer\Adapter\Json.php --> ftp.radiofone.com.br /public_html/radiofone/zendLibrary/Zend/Serializer/Adapter Json.php
2011.07.09 00:17 B F:\xampp\htdocs\zendLibrary\Zend\Serializer\Adapter\PhpCode.php --> ftp.radiofone.com.br /public_html/radiofone/zendLibrary/Zend/Serializer/Adapter PhpCode.php
2011.07.09 00:17 B F:\xampp\htdocs\zendLibrary\Zend\Serializer\Adapter\PhpSerialize.php --> ftp.radiofone.com.br /public_html/radiofone/zendLibrary/Zend/Serializer/Adapter PhpSerialize.php
2011.07.09 00:17 B F:\xampp\htdocs\zendLibrary\Zend\Serializer\Adapter\PythonPickle.php --> ftp.radiofone.com.br /public_html/radiofone/zendLibrary/Zend/Serializer/Adapter PythonPickle.php
2011.07.09 00:17 B F:\xampp\htdocs\zendLibrary\Zend\Serializer\Adapter\Wddx.php --> ftp.radiofone.com.br /public_html/radiofone/zendLibrary/Zend/Serializer/Adapter Wddx.php
2011.07.09 00:17 B F:\xampp\htdocs\zendLibrary\Zend\Serializer\Adapter\WS_FTP.LOG --> ftp.radiofone.com.br /public_html/radiofone/zendLibrary/Zend/Serializer/Adapter WS_FTP.LOG
2011.07.26 23:06 B F:\xampp\htdocs\zendLibrary\Zend\Serializer\Adapter\AdapterAbstract.php --> ftp.sobrafo.org.br /public_html/zendLibrary/Zend/Serializer/Adapter AdapterAbstract.php
2011.07.26 23:06 B F:\xampp\htdocs\zendLibrary\Zend\Serializer\Adapter\AdapterInterface.php --> ftp.sobrafo.org.br /public_html/zendLibrary/Zend/Serializer/Adapter AdapterInterface.php
2011.07.26 23:06 B F:\xampp\htdocs\zendLibrary\Zend\Serializer\Adapter\Amf0.php --> ftp.sobrafo.org.br /public_html/zendLibrary/Zend/Serializer/Adapter Amf0.php
2011.07.26 23:06 B F:\xampp\htdocs\zendLibrary\Zend\Serializer\Adapter\Amf3.php --> ftp.sobrafo.org.br /public_html/zendLibrary/Zend/Serializer/Adapter Amf3.php
2011.07.26 23:06 B F:\xampp\htdocs\zendLibrary\Zend\Serializer\Adapter\Igbinary.php --> ftp.sobrafo.org.br /public_html/zendLibrary/Zend/Serializer/Adapter Igbinary.php
2011.07.26 23:06 B F:\xampp\htdocs\zendLibrary\Zend\Serializer\Adapter\Json.php --> ftp.sobrafo.org.br /public_html/zendLibrary/Zend/Serializer/Adapter Json.php
2011.07.26 23:06 B F:\xampp\htdocs\zendLibrary\Zend\Serializer\Adapter\PhpCode.php --> ftp.sobrafo.org.br /public_html/zendLibrary/Zend/Serializer/Adapter PhpCode.php
2011.07.26 23:06 B F:\xampp\htdocs\zendLibrary\Zend\Serializer\Adapter\PhpSerialize.php --> ftp.sobrafo.org.br /public_html/zendLibrary/Zend/Serializer/Adapter PhpSerialize.php
2011.07.26 23:06 B F:\xampp\htdocs\zendLibrary\Zend\Serializer\Adapter\PythonPickle.php --> ftp.sobrafo.org.br /public_html/zendLibrary/Zend/Serializer/Adapter PythonPickle.php
2011.07.26 23:06 B F:\xampp\htdocs\zendLibrary\Zend\Serializer\Adapter\Wddx.php --> ftp.sobrafo.org.br /public_html/zendLibrary/Zend/Serializer/Adapter Wddx.php
2011.07.26 23:06 B F:\xampp\htdocs\zendLibrary\Zend\Serializer\Adapter\WS_FTP.LOG --> ftp.sobrafo.org.br /public_html/zendLibrary/Zend/Serializer/Adapter WS_FTP.LOG
2011.08.09 17:27 B F:\xampp\htdocs\ZendLibrary\Zend\Serializer\Adapter\AdapterAbstract.php --> ftp.amfar.com.br /public_html/ZendLibrary/Zend/Serializer/Adapter AdapterAbstract.php
2011.08.09 17:27 B F:\xampp\htdocs\ZendLibrary\Zend\Serializer\Adapter\AdapterInterface.php --> ftp.amfar.com.br /public_html/ZendLibrary/Zend/Serializer/Adapter AdapterInterface.php
2011.08.09 17:27 B F:\xampp\htdocs\ZendLibrary\Zend\Serializer\Adapter\Amf0.php --> ftp.amfar.com.br /public_html/ZendLibrary/Zend/Serializer/Adapter Amf0.php
2011.08.09 17:27 B F:\xampp\htdocs\ZendLibrary\Zend\Serializer\Adapter\Amf3.php --> ftp.amfar.com.br /public_html/ZendLibrary/Zend/Serializer/Adapter Amf3.php
2011.08.09 17:27 B F:\xampp\htdocs\ZendLibrary\Zend\Serializer\Adapter\Igbinary.php --> ftp.amfar.com.br /public_html/ZendLibrary/Zend/Serializer/Adapter Igbinary.php
2011.08.09 17:27 B F:\xampp\htdocs\ZendLibrary\Zend\Serializer\Adapter\Json.php --> ftp.amfar.com.br /public_html/ZendLibrary/Zend/Serializer/Adapter Json.php
2011.08.09 17:27 B F:\xampp\htdocs\ZendLibrary\Zend\Serializer\Adapter\PhpCode.php --> ftp.amfar.com.br /public_html/ZendLibrary/Zend/Serializer/Adapter PhpCode.php
2011.08.09 17:27 B F:\xampp\htdocs\ZendLibrary\Zend\Serializer\Adapter\PhpSerialize.php --> ftp.amfar.com.br /public_html/ZendLibrary/Zend/Serializer/Adapter PhpSerialize.php
2011.08.09 17:27 B F:\xampp\htdocs\ZendLibrary\Zend\Serializer\Adapter\PythonPickle.php --> ftp.amfar.com.br /public_html/ZendLibrary/Zend/Serializer/Adapter PythonPickle.php
2011.08.09 17:27 B F:\xampp\htdocs\ZendLibrary\Zend\Serializer\Adapter\Wddx.php --> ftp.amfar.com.br /public_html/ZendLibrary/Zend/Serializer/Adapter Wddx.php
