2011.06.20 18:46 B F:\xampp\htdocs\zf-tutorial\library\Zend\Mail\Protocol\Abstract.php --> ftp.portalridgid.com.br /public_html/zf-tutorial/library/Zend/Mail/Protocol Abstract.php
2011.06.20 18:46 B F:\xampp\htdocs\zf-tutorial\library\Zend\Mail\Protocol\Exception.php --> ftp.portalridgid.com.br /public_html/zf-tutorial/library/Zend/Mail/Protocol Exception.php
2011.06.20 18:46 B F:\xampp\htdocs\zf-tutorial\library\Zend\Mail\Protocol\Imap.php --> ftp.portalridgid.com.br /public_html/zf-tutorial/library/Zend/Mail/Protocol Imap.php
2011.06.20 18:46 B F:\xampp\htdocs\zf-tutorial\library\Zend\Mail\Protocol\Pop3.php --> ftp.portalridgid.com.br /public_html/zf-tutorial/library/Zend/Mail/Protocol Pop3.php
2011.06.20 18:46 B F:\xampp\htdocs\zf-tutorial\library\Zend\Mail\Protocol\Smtp.php --> ftp.portalridgid.com.br /public_html/zf-tutorial/library/Zend/Mail/Protocol Smtp.php
2011.06.30 03:23 B F:\xampp\htdocs\zendLibrary\Zend\Mail\Protocol\WS_FTP.LOG --> ftp.sbrafh.org.br /sbrafh/Web/zendLibrary/Zend/Mail/Protocol WS_FTP.LOG
2011.06.30 03:23 B F:\xampp\htdocs\zendLibrary\Zend\Mail\Protocol\Smtp.php --> ftp.sbrafh.org.br /sbrafh/Web/zendLibrary/Zend/Mail/Protocol Smtp.php
2011.06.30 03:23 B F:\xampp\htdocs\zendLibrary\Zend\Mail\Protocol\Pop3.php --> ftp.sbrafh.org.br /sbrafh/Web/zendLibrary/Zend/Mail/Protocol Pop3.php
2011.06.30 03:24 B F:\xampp\htdocs\zendLibrary\Zend\Mail\Protocol\Imap.php --> ftp.sbrafh.org.br /sbrafh/Web/zendLibrary/Zend/Mail/Protocol Imap.php
2011.06.30 03:24 B F:\xampp\htdocs\zendLibrary\Zend\Mail\Protocol\Exception.php --> ftp.sbrafh.org.br /sbrafh/Web/zendLibrary/Zend/Mail/Protocol Exception.php
2011.06.30 03:24 B F:\xampp\htdocs\zendLibrary\Zend\Mail\Protocol\Abstract.php --> ftp.sbrafh.org.br /sbrafh/Web/zendLibrary/Zend/Mail/Protocol Abstract.php
2011.07.09 00:12 B F:\xampp\htdocs\zendLibrary\Zend\Mail\Protocol\Abstract.php --> ftp.radiofone.com.br /public_html/radiofone/zendLibrary/Zend/Mail/Protocol Abstract.php
2011.07.09 00:12 B F:\xampp\htdocs\zendLibrary\Zend\Mail\Protocol\Exception.php --> ftp.radiofone.com.br /public_html/radiofone/zendLibrary/Zend/Mail/Protocol Exception.php
2011.07.09 00:12 B F:\xampp\htdocs\zendLibrary\Zend\Mail\Protocol\Imap.php --> ftp.radiofone.com.br /public_html/radiofone/zendLibrary/Zend/Mail/Protocol Imap.php
2011.07.09 00:12 B F:\xampp\htdocs\zendLibrary\Zend\Mail\Protocol\Pop3.php --> ftp.radiofone.com.br /public_html/radiofone/zendLibrary/Zend/Mail/Protocol Pop3.php
2011.07.09 00:12 B F:\xampp\htdocs\zendLibrary\Zend\Mail\Protocol\Smtp.php --> ftp.radiofone.com.br /public_html/radiofone/zendLibrary/Zend/Mail/Protocol Smtp.php
2011.07.09 00:12 B F:\xampp\htdocs\zendLibrary\Zend\Mail\Protocol\WS_FTP.LOG --> ftp.radiofone.com.br /public_html/radiofone/zendLibrary/Zend/Mail/Protocol WS_FTP.LOG
2011.07.26 23:01 B F:\xampp\htdocs\zendLibrary\Zend\Mail\Protocol\Abstract.php --> ftp.sobrafo.org.br /public_html/zendLibrary/Zend/Mail/Protocol Abstract.php
2011.07.26 23:01 B F:\xampp\htdocs\zendLibrary\Zend\Mail\Protocol\Exception.php --> ftp.sobrafo.org.br /public_html/zendLibrary/Zend/Mail/Protocol Exception.php
2011.07.26 23:01 B F:\xampp\htdocs\zendLibrary\Zend\Mail\Protocol\Imap.php --> ftp.sobrafo.org.br /public_html/zendLibrary/Zend/Mail/Protocol Imap.php
2011.07.26 23:01 B F:\xampp\htdocs\zendLibrary\Zend\Mail\Protocol\Pop3.php --> ftp.sobrafo.org.br /public_html/zendLibrary/Zend/Mail/Protocol Pop3.php
2011.07.26 23:01 B F:\xampp\htdocs\zendLibrary\Zend\Mail\Protocol\Smtp.php --> ftp.sobrafo.org.br /public_html/zendLibrary/Zend/Mail/Protocol Smtp.php
2011.07.26 23:01 B F:\xampp\htdocs\zendLibrary\Zend\Mail\Protocol\WS_FTP.LOG --> ftp.sobrafo.org.br /public_html/zendLibrary/Zend/Mail/Protocol WS_FTP.LOG
2011.08.09 17:22 B F:\xampp\htdocs\ZendLibrary\Zend\Mail\Protocol\Abstract.php --> ftp.amfar.com.br /public_html/ZendLibrary/Zend/Mail/Protocol Abstract.php
2011.08.09 17:22 B F:\xampp\htdocs\ZendLibrary\Zend\Mail\Protocol\Exception.php --> ftp.amfar.com.br /public_html/ZendLibrary/Zend/Mail/Protocol Exception.php
2011.08.09 17:22 B F:\xampp\htdocs\ZendLibrary\Zend\Mail\Protocol\Imap.php --> ftp.amfar.com.br /public_html/ZendLibrary/Zend/Mail/Protocol Imap.php
2011.08.09 17:22 B F:\xampp\htdocs\ZendLibrary\Zend\Mail\Protocol\Pop3.php --> ftp.amfar.com.br /public_html/ZendLibrary/Zend/Mail/Protocol Pop3.php
2011.08.09 17:22 B F:\xampp\htdocs\ZendLibrary\Zend\Mail\Protocol\Smtp.php --> ftp.amfar.com.br /public_html/ZendLibrary/Zend/Mail/Protocol Smtp.php
