2012.03.28 01:24 B F:\xampp\htdocs\sbrafh\novosite\application\views\scripts\associados\home.phtml <-- sbrafh /public_html/novosite/application/views/scripts/associados home.phtml
2012.03.28 01:24 B F:\xampp\htdocs\sbrafh\novosite\application\views\scripts\associados\index.phtml <-- sbrafh /public_html/novosite/application/views/scripts/associados index.phtml
2012.03.28 01:25 B F:\xampp\htdocs\sbrafh\novosite\application\views\scripts\associados\index.phtml --> ftp.sbrafh.org.br /public_html/novosite/application/views/scripts/associados index.phtml
2012.03.28 01:29 B F:\xampp\htdocs\sbrafh\novosite\application\views\scripts\associados\index.phtml --> ftp.sbrafh.org.br /public_html/novosite/application/views/scripts/associados index.phtml
2012.03.28 01:31 B F:\xampp\htdocs\sbrafh\novosite\application\views\scripts\associados\index.phtml --> ftp.sbrafh.org.br /public_html/novosite/application/views/scripts/associados index.phtml
2012.03.28 01:45 B F:\xampp\htdocs\sbrafh\novosite\application\views\scripts\associados\medex.phtml --> ftp.sbrafh.org.br /public_html/novosite/application/views/scripts/associados medex.phtml
2012.03.28 01:56 B F:\xampp\htdocs\sbrafh\novosite\application\views\scripts\associados\medex.phtml --> ftp.sbrafh.org.br /public_html/novosite/application/views/scripts/associados medex.phtml
2012.03.28 01:57 B F:\xampp\htdocs\sbrafh\novosite\application\views\scripts\associados\medex.phtml --> ftp.sbrafh.org.br /public_html/novosite/application/views/scripts medex.phtml
2012.03.28 02:00 B F:\xampp\htdocs\sbrafh\novosite\application\views\scripts\associados\why.phtml --> ftp.sbrafh.org.br /public_html/novosite/application/views/scripts/associados why.phtml
2012.03.30 02:29 B F:\xampp\htdocs\sbrafh\novosite\application\views\scripts\associados\why.phtml --> ftp.sbrafh.org.br /public_html/novosite/application/views/scripts/associados why.phtml
2012.03.30 02:31 B F:\xampp\htdocs\sbrafh\novosite\application\views\scripts\associados\why.phtml --> ftp.sbrafh.org.br /public_html/novosite/application/views/scripts/associados why.phtml
2012.03.30 02:33 B F:\xampp\htdocs\sbrafh\novosite\application\views\scripts\associados\why.phtml --> ftp.sbrafh.org.br /public_html/novosite/application/views/scripts/associados why.phtml
2012.03.30 02:36 B F:\xampp\htdocs\sbrafh\novosite\application\views\scripts\associados\regras.phtml --> ftp.sbrafh.org.br /public_html/novosite/application/views/scripts/associados regras.phtml
2012.03.30 02:37 B F:\xampp\htdocs\sbrafh\novosite\application\views\scripts\associados\regras.phtml --> ftp.sbrafh.org.br /public_html/novosite/application/views/scripts/associados regras.phtml
2012.03.30 02:37 B F:\xampp\htdocs\sbrafh\novosite\application\views\scripts\associados\regras.phtml --> ftp.sbrafh.org.br /public_html/novosite/application/views/scripts/associados regras.phtml
2012.03.30 02:40 B F:\xampp\htdocs\sbrafh\novosite\application\views\scripts\associados\index.phtml --> ftp.sbrafh.org.br /public_html/novosite/application/views/scripts/associados index.phtml
2012.03.30 02:44 B F:\xampp\htdocs\sbrafh\novosite\application\views\scripts\associados\index.phtml --> ftp.sbrafh.org.br /public_html/novosite/application/views/scripts/associados index.phtml
2012.03.30 03:08 B F:\xampp\htdocs\sbrafh\novosite\application\views\scripts\associados\historico.phtml --> ftp.sbrafh.org.br /public_html/novosite/application/views/scripts/associados historico.phtml
2012.03.30 03:09 B F:\xampp\htdocs\sbrafh\novosite\application\views\scripts\associados\historico.phtml --> ftp.sbrafh.org.br /public_html/novosite/application/views/scripts/associados historico.phtml
2012.03.30 03:11 B F:\xampp\htdocs\sbrafh\novosite\application\views\scripts\associados\historico.phtml --> ftp.sbrafh.org.br /public_html/novosite/application/views/scripts/associados historico.phtml
2012.03.30 03:13 B F:\xampp\htdocs\sbrafh\novosite\application\views\scripts\associados\historico.phtml --> ftp.sbrafh.org.br /public_html/novosite/application/views/scripts/associados historico.phtml
2012.03.30 03:14 B F:\xampp\htdocs\sbrafh\novosite\application\views\scripts\associados\historico.phtml --> ftp.sbrafh.org.br /public_html/novosite/application/views/scripts/associados historico.phtml
2012.03.30 03:24 B F:\xampp\htdocs\sbrafh\novosite\application\views\scripts\associados\historico.phtml --> ftp.sbrafh.org.br /public_html/novosite/application/views/scripts/associados historico.phtml
2012.03.30 03:25 B F:\xampp\htdocs\sbrafh\novosite\application\views\scripts\associados\historico.phtml --> ftp.sbrafh.org.br /public_html/novosite/application/views/scripts/associados historico.phtml
2012.03.30 03:26 B F:\xampp\htdocs\sbrafh\novosite\application\views\scripts\associados\historico.phtml --> ftp.sbrafh.org.br /public_html/novosite/application/views/scripts/associados historico.phtml
2012.03.30 03:28 B F:\xampp\htdocs\sbrafh\novosite\application\views\scripts\associados\historico.phtml --> ftp.sbrafh.org.br /public_html/novosite/application/views/scripts/associados historico.phtml
2012.03.30 03:29 B F:\xampp\htdocs\sbrafh\novosite\application\views\scripts\associados\historico.phtml --> ftp.sbrafh.org.br /public_html/novosite/application/views/scripts/associados historico.phtml
2012.03.30 03:30 B F:\xampp\htdocs\sbrafh\novosite\application\views\scripts\associados\historico.phtml --> ftp.sbrafh.org.br /public_html/novosite/application/views/scripts/associados historico.phtml
2012.03.30 03:30 B F:\xampp\htdocs\sbrafh\novosite\application\views\scripts\associados\historico.phtml --> ftp.sbrafh.org.br /public_html/novosite/application/views/scripts/associados historico.phtml
2012.03.30 03:30 B F:\xampp\htdocs\sbrafh\novosite\application\views\scripts\associados\historico.phtml --> ftp.sbrafh.org.br /public_html/novosite/application/views/scripts/associados historico.phtml
2012.03.31 07:24 B F:\xampp\htdocs\sbrafh\novosite\application\views\scripts\associados\index.phtml --> ftp.sbrafh.org.br /public_html/novosite/application/views/scripts/associados index.phtml
2012.03.31 07:24 B F:\xampp\htdocs\sbrafh\novosite\application\views\scripts\associados\renovacao.phtml --> ftp.sbrafh.org.br /public_html/novosite/application/views/scripts/associados renovacao.phtml
2012.03.31 07:24 B F:\xampp\htdocs\sbrafh\novosite\application\views\scripts\associados\historico.phtml --> ftp.sbrafh.org.br /public_html/novosite/application/views/scripts/associados historico.phtml
2012.03.31 07:24 B F:\xampp\htdocs\sbrafh\novosite\application\views\scripts\associados\cadastro.phtml --> ftp.sbrafh.org.br /public_html/novosite/application/views/scripts/associados cadastro.phtml
2012.03.31 07:24 B F:\xampp\htdocs\sbrafh\novosite\application\views\scripts\associados\edit.phtml --> ftp.sbrafh.org.br /public_html/novosite/application/views/scripts/associados edit.phtml
2012.03.31 07:24 B F:\xampp\htdocs\sbrafh\novosite\application\views\scripts\associados\novoassociado.phtml --> ftp.sbrafh.org.br /public_html/novosite/application/views/scripts/associados novoassociado.phtml
2012.03.31 07:24 B F:\xampp\htdocs\sbrafh\novosite\application\views\scripts\associados\WS_FTP.LOG --> ftp.sbrafh.org.br /public_html/novosite/application/views/scripts/associados WS_FTP.LOG
2012.03.31 08:56 B F:\xampp\htdocs\sbrafh\novosite\application\views\scripts\associados\historico.phtml --> ftp.sbrafh.org.br /public_html/novosite/application/views/scripts/associados historico.phtml
2012.03.31 08:56 B F:\xampp\htdocs\sbrafh\novosite\application\views\scripts\associados\cadastro.phtml --> ftp.sbrafh.org.br /public_html/novosite/application/views/scripts/associados cadastro.phtml
2012.03.31 08:56 B F:\xampp\htdocs\sbrafh\novosite\application\views\scripts\associados\index.phtml --> ftp.sbrafh.org.br /public_html/novosite/application/views/scripts/associados index.phtml
2012.03.31 09:34 B F:\xampp\htdocs\sbrafh\novosite\application\views\scripts\associados\index.phtml --> ftp.sbrafh.org.br /public_html/novosite/application/views/scripts/associados index.phtml
2012.03.31 09:36 B F:\xampp\htdocs\sbrafh\novosite\application\views\scripts\associados\index.phtml --> ftp.sbrafh.org.br /public_html/novosite/application/views/scripts/associados index.phtml
2012.03.31 11:02 B F:\xampp\htdocs\sbrafh\novosite\application\views\scripts\associados\index.phtml --> ftp.sbrafh.org.br /public_html/novosite/application/views/scripts/associados index.phtml
2012.03.31 11:21 B F:\xampp\htdocs\sbrafh\novosite\application\views\scripts\associados\index.phtml --> ftp.sbrafh.org.br /public_html/novosite/application/views/scripts/associados index.phtml
2012.04.04 19:15 B F:\xampp\htdocs\sbrafh\novosite\application\views\scripts\associados\index.phtml --> ftp.sbrafh.org.br /public_html/novosite/application/views/scripts/associados index.phtml
2012.04.04 19:22 B F:\xampp\htdocs\sbrafh\novosite\application\views\scripts\associados\medexoff.phtml --> ftp.sbrafh.org.br /public_html/novosite/application/views/scripts/associados medexoff.phtml
2012.04.04 19:23 B F:\xampp\htdocs\sbrafh\novosite\application\views\scripts\associados\medexoff.phtml --> ftp.sbrafh.org.br /public_html/novosite/application/views/scripts medexoff.phtml
2012.04.04 19:23 B F:\xampp\htdocs\sbrafh\novosite\application\views\scripts\associados\medexoff.phtml --> ftp.sbrafh.org.br /public_html/novosite/application/views/scripts medexoff.phtml
2012.04.04 19:24 B F:\xampp\htdocs\sbrafh\novosite\application\views\scripts\associados\medexoff.phtml --> ftp.sbrafh.org.br /public_html/novosite/application/views/scripts medexoff.phtml
2012.04.04 19:25 B F:\xampp\htdocs\sbrafh\novosite\application\views\scripts\associados\medexoff.phtml --> ftp.sbrafh.org.br /public_html/novosite/application/views/scripts medexoff.phtml
2012.04.04 19:26 B F:\xampp\htdocs\sbrafh\novosite\application\views\scripts\associados\medexoff.phtml --> ftp.sbrafh.org.br /public_html/novosite/application/views/scripts medexoff.phtml
2012.04.05 01:24 B F:\xampp\htdocs\sbrafh\novosite\application\views\scripts\associados\historico.phtml --> ftp.sbrafh.org.br /public_html/novosite/application/views/scripts/associados historico.phtml
2012.04.05 01:29 B F:\xampp\htdocs\sbrafh\novosite\application\views\scripts\associados\medexoff.phtml --> ftp.sbrafh.org.br /public_html/novosite/application/views/scripts/associados medexoff.phtml
2012.04.05 01:30 B F:\xampp\htdocs\sbrafh\novosite\application\views\scripts\associados\medexoff.phtml --> ftp.sbrafh.org.br /public_html/novosite/application/views/scripts medexoff.phtml
2012.04.06 02:36 B F:\xampp\htdocs\sbrafh\novosite\application\views\scripts\associados\home.phtml --> ftp.sbrafh.org.br /public_html/novosite/application/views/scripts/associados home.phtml
2012.04.06 02:36 B F:\xampp\htdocs\sbrafh\novosite\application\views\scripts\associados\home.phtml --> ftp.sbrafh.org.br /public_html/novosite/application/views/scripts/associados home.phtml
2012.04.06 02:37 B F:\xampp\htdocs\sbrafh\novosite\application\views\scripts\associados\home.phtml --> ftp.sbrafh.org.br /public_html/novosite/application/views/scripts/associados home.phtml
2012.04.06 02:37 B F:\xampp\htdocs\sbrafh\novosite\application\views\scripts\associados\home.phtml --> ftp.sbrafh.org.br /public_html/novosite/application/views/scripts/associados home.phtml
2012.04.06 02:40 B F:\xampp\htdocs\sbrafh\novosite\application\views\scripts\associados\renovacao.phtml --> ftp.sbrafh.org.br /public_html/novosite/application/views/scripts/associados renovacao.phtml
2012.04.06 02:40 B F:\xampp\htdocs\sbrafh\novosite\application\views\scripts\associados\renovacao.phtml --> ftp.sbrafh.org.br /public_html/novosite/application/views/scripts/associados renovacao.phtml
2012.04.06 02:41 B F:\xampp\htdocs\sbrafh\novosite\application\views\scripts\associados\index.phtml --> ftp.sbrafh.org.br /public_html/novosite/application/views/scripts/associados index.phtml
2012.05.04 00:54 B F:\xampp\htdocs\sbrafh\novosite\application\views\scripts\associados\medex.phtml --> ftp.sbrafh.org.br /public_html/novosite/application/views/scripts/associados medex.phtml
2012.05.04 00:56 B F:\xampp\htdocs\sbrafh\novosite\application\views\scripts\associados\medex.phtml --> ftp.sbrafh.org.br /public_html/novosite/application/views/scripts/associados medex.phtml
2012.05.04 00:58 B F:\xampp\htdocs\sbrafh\novosite\application\views\scripts\associados\medex.phtml --> ftp.sbrafh.org.br /public_html/novosite/application/views/scripts/associados medex.phtml
2012.06.23 11:55 B F:\xampp\htdocs\sbrafh\novosite\application\views\scripts\associados\historico.phtml --> ftp.sbrafh.org.br /public_html/site/application/views/scripts/associados historico.phtml
2012.06.23 12:54 B F:\xampp\htdocs\sbrafh\novosite\application\views\scripts\associados\edit.phtml --> ftp.sbrafh.org.br /public_html/site/application/views/scripts/associados edit.phtml
2012.06.23 12:54 B F:\xampp\htdocs\sbrafh\novosite\application\views\scripts\associados\renovacao.phtml --> ftp.sbrafh.org.br /public_html/site/application/views/scripts/associados renovacao.phtml
2012.06.23 13:03 B F:\xampp\htdocs\sbrafh\novosite\application\views\scripts\associados\renovacao.phtml --> ftp.sbrafh.org.br /public_html/site/application/views/scripts/associados renovacao.phtml
2012.06.23 13:08 B F:\xampp\htdocs\sbrafh\novosite\application\views\scripts\associados\renovacao.phtml --> ftp.sbrafh.org.br /public_html/site/application/views/scripts/associados renovacao.phtml
2012.06.23 13:14 B F:\xampp\htdocs\sbrafh\novosite\application\views\scripts\associados\renovacao.phtml --> ftp.sbrafh.org.br /public_html/site/application/views/scripts/associados renovacao.phtml
2012.06.23 14:27 B F:\xampp\htdocs\sbrafh\novosite\application\views\scripts\associados\cadastro.phtml --> ftp.sbrafh.org.br /public_html/site/application/views/scripts/associados cadastro.phtml
2012.06.23 14:59 B F:\xampp\htdocs\sbrafh\novosite\application\views\scripts\associados\cadastro.phtml --> ftp.sbrafh.org.br /public_html/site/application/views/scripts/associados cadastro.phtml
2012.06.27 23:34 B F:\xampp\htdocs\sbrafh\site\application\views\scripts\associados\cadastro.phtml --> ftp.sbrafh.org.br /public_html/site/application/views/scripts/associados cadastro.phtml
2012.06.27 23:34 B F:\xampp\htdocs\sbrafh\site\application\views\scripts\associados\historico.phtml --> ftp.sbrafh.org.br /public_html/site/application/views/scripts/associados historico.phtml
2012.06.27 23:35 B F:\xampp\htdocs\sbrafh\site\application\views\scripts\associados\cadastro.phtml --> ftp.sbrafh.org.br /public_html/site/application/views/scripts/associados cadastro.phtml
2012.06.27 23:36 B F:\xampp\htdocs\sbrafh\site\application\views\scripts\associados\cadastro.phtml --> ftp.sbrafh.org.br /public_html/site/application/views/scripts/associados cadastro.phtml
2012.06.27 23:37 B F:\xampp\htdocs\sbrafh\site\application\views\scripts\associados\cadastro.phtml --> ftp.sbrafh.org.br /public_html/site/application/views/scripts/associados cadastro.phtml
2012.06.27 23:38 B F:\xampp\htdocs\sbrafh\site\application\views\scripts\associados\cadastro.phtml --> ftp.sbrafh.org.br /public_html/site/application/views/scripts/associados cadastro.phtml
2012.06.27 23:39 B F:\xampp\htdocs\sbrafh\site\application\views\scripts\associados\cadastro.phtml --> ftp.sbrafh.org.br /public_html/site/application/views/scripts/associados cadastro.phtml
2012.06.27 23:40 B F:\xampp\htdocs\sbrafh\site\application\views\scripts\associados\cadastro.phtml --> ftp.sbrafh.org.br /public_html/site/application/views/scripts/associados cadastro.phtml
2012.06.27 23:42 B F:\xampp\htdocs\sbrafh\site\application\views\scripts\associados\cadastro.phtml --> ftp.sbrafh.org.br /public_html/site/application/views/scripts/associados cadastro.phtml
2012.06.27 23:55 B F:\xampp\htdocs\sbrafh\site\application\views\scripts\associados\cadastro.phtml --> ftp.sbrafh.org.br /public_html/site/application/views/scripts/associados cadastro.phtml
2012.06.28 00:25 B F:\xampp\htdocs\sbrafh\site\application\views\scripts\associados\historico.phtml --> ftp.sbrafh.org.br /public_html/site/application/views/scripts/associados historico.phtml
2012.06.28 00:26 B F:\xampp\htdocs\sbrafh\site\application\views\scripts\associados\historico.phtml --> ftp.sbrafh.org.br /public_html/site/application/views/scripts/associados historico.phtml
2012.06.28 00:26 B F:\xampp\htdocs\sbrafh\site\application\views\scripts\associados\historico.phtml --> ftp.sbrafh.org.br /public_html/site/application/views/scripts/associados historico.phtml
2012.06.28 00:26 B F:\xampp\htdocs\sbrafh\site\application\views\scripts\associados\historico.phtml --> ftp.sbrafh.org.br /public_html/site/application/views/scripts/associados historico.phtml
2012.06.28 00:27 B F:\xampp\htdocs\sbrafh\site\application\views\scripts\associados\historico.phtml --> ftp.sbrafh.org.br /public_html/site/application/views/scripts/associados historico.phtml
2012.06.28 00:27 B F:\xampp\htdocs\sbrafh\site\application\views\scripts\associados\historico.phtml --> ftp.sbrafh.org.br /public_html/site/application/views/scripts/associados historico.phtml
2012.06.28 00:29 B F:\xampp\htdocs\sbrafh\site\application\views\scripts\associados\index.phtml --> ftp.sbrafh.org.br /public_html/site/application/views/scripts/associados index.phtml
2012.06.28 00:36 B F:\xampp\htdocs\sbrafh\site\application\views\scripts\associados\pwd.phtml --> ftp.sbrafh.org.br /public_html/site/application/views/scripts/associados pwd.phtml
2012.06.28 00:37 B F:\xampp\htdocs\sbrafh\site\application\views\scripts\associados\pwd.phtml --> ftp.sbrafh.org.br /public_html/site/application/views/scripts/associados pwd.phtml
2012.06.28 00:40 B F:\xampp\htdocs\sbrafh\site\application\views\scripts\associados\pwd.phtml --> ftp.sbrafh.org.br /public_html/site/application/views/scripts/associados pwd.phtml
2012.06.28 01:15 B F:\xampp\htdocs\sbrafh\site\application\views\scripts\associados\index.phtml --> ftp.sbrafh.org.br /public_html/site/application/views/scripts/associados index.phtml
2012.06.28 01:18 B F:\xampp\htdocs\sbrafh\site\application\views\scripts\associados\index.phtml --> ftp.sbrafh.org.br /public_html/site/application/views/scripts/associados index.phtml
2012.06.28 01:25 B F:\xampp\htdocs\sbrafh\site\application\views\scripts\associados\index.phtml --> ftp.sbrafh.org.br /public_html/site/application/views/scripts/associados index.phtml
2012.06.28 01:25 B F:\xampp\htdocs\sbrafh\site\application\views\scripts\associados\index.phtml --> ftp.sbrafh.org.br /public_html/site/application/views/scripts/associados index.phtml
2012.06.28 01:25 B F:\xampp\htdocs\sbrafh\site\application\views\scripts\associados\index.phtml --> ftp.sbrafh.org.br /public_html/site/application/views/scripts/associados index.phtml
2012.06.28 01:27 B F:\xampp\htdocs\sbrafh\site\application\views\scripts\associados\index.phtml --> ftp.sbrafh.org.br /public_html/site/application/views/scripts/associados index.phtml
2012.06.29 11:50 B F:\xampp\htdocs\sbrafh\site\application\views\scripts\associados\renovacao.phtml --> ftp.sbrafh.org.br /public_html/site/application/views/scripts/associados renovacao.phtml
2012.06.29 11:52 B F:\xampp\htdocs\sbrafh\site\application\views\scripts\associados\renovacao.phtml --> ftp.sbrafh.org.br /public_html/site/application/views/scripts/associados renovacao.phtml
2012.06.29 11:59 B F:\xampp\htdocs\sbrafh\site\application\views\scripts\associados\renovacao.phtml --> ftp.sbrafh.org.br /public_html/site/application/views/scripts/associados renovacao.phtml
2012.07.13 11:20 B F:\xampp\htdocs\sbrafh\site\application\views\scripts\associados\index.phtml --> ftp.sbrafh.org.br /public_html/site/application/views/scripts/associados index.phtml
2012.07.13 11:22 B F:\xampp\htdocs\sbrafh\site\application\views\scripts\associados\recadastramento.phtml --> ftp.sbrafh.org.br /public_html/site/application/views/scripts/associados recadastramento.phtml
2012.07.13 11:23 B F:\xampp\htdocs\sbrafh\site\application\views\scripts\associados\recadastramento.phtml --> ftp.sbrafh.org.br /public_html/site/application/views/scripts/associados recadastramento.phtml
2012.07.13 11:23 B F:\xampp\htdocs\sbrafh\site\application\views\scripts\associados\recadastramento.phtml --> ftp.sbrafh.org.br /public_html/site/application/views/scripts/associados recadastramento.phtml
2013.01.03 13:56 B F:\xampp\htdocs\amfar\site\application\views\scripts\associados\cadastro.phtml --> ftp.amfar.com.br /public_html/site/application/views/scripts/associados cadastro.phtml
2013.01.03 13:56 B F:\xampp\htdocs\amfar\site\application\views\scripts\associados\edit.phtml --> ftp.amfar.com.br /public_html/site/application/views/scripts/associados edit.phtml
2013.01.03 13:56 B F:\xampp\htdocs\amfar\site\application\views\scripts\associados\historico.phtml --> ftp.amfar.com.br /public_html/site/application/views/scripts/associados historico.phtml
2013.01.03 13:56 B F:\xampp\htdocs\amfar\site\application\views\scripts\associados\home.phtml --> ftp.amfar.com.br /public_html/site/application/views/scripts/associados home.phtml
2013.01.03 13:56 B F:\xampp\htdocs\amfar\site\application\views\scripts\associados\index.phtml --> ftp.amfar.com.br /public_html/site/application/views/scripts/associados index.phtml
2013.01.03 13:56 B F:\xampp\htdocs\amfar\site\application\views\scripts\associados\medex.phtml --> ftp.amfar.com.br /public_html/site/application/views/scripts/associados medex.phtml
2013.01.03 13:56 B F:\xampp\htdocs\amfar\site\application\views\scripts\associados\medexoff.phtml --> ftp.amfar.com.br /public_html/site/application/views/scripts/associados medexoff.phtml
2013.01.03 13:56 B F:\xampp\htdocs\amfar\site\application\views\scripts\associados\novoassociado.phtml --> ftp.amfar.com.br /public_html/site/application/views/scripts/associados novoassociado.phtml
2013.01.03 13:56 B F:\xampp\htdocs\amfar\site\application\views\scripts\associados\pwd.phtml --> ftp.amfar.com.br /public_html/site/application/views/scripts/associados pwd.phtml
2013.01.03 13:56 B F:\xampp\htdocs\amfar\site\application\views\scripts\associados\recadastramento.phtml --> ftp.amfar.com.br /public_html/site/application/views/scripts/associados recadastramento.phtml
2013.01.03 13:56 B F:\xampp\htdocs\amfar\site\application\views\scripts\associados\regras.phtml --> ftp.amfar.com.br /public_html/site/application/views/scripts/associados regras.phtml
2013.01.03 13:56 B F:\xampp\htdocs\amfar\site\application\views\scripts\associados\renovacao.phtml --> ftp.amfar.com.br /public_html/site/application/views/scripts/associados renovacao.phtml
2013.01.03 13:56 B F:\xampp\htdocs\amfar\site\application\views\scripts\associados\why.phtml --> ftp.amfar.com.br /public_html/site/application/views/scripts/associados why.phtml
