2011.06.20 18:35 B F:\xampp\htdocs\zf-tutorial\library\Zend\Feed\Reader\Collection.php --> ftp.portalridgid.com.br /public_html/zf-tutorial/library/Zend/Feed/Reader Collection.php
2011.06.20 18:35 B F:\xampp\htdocs\zf-tutorial\library\Zend\Feed\Reader\EntryAbstract.php --> ftp.portalridgid.com.br /public_html/zf-tutorial/library/Zend/Feed/Reader EntryAbstract.php
2011.06.20 18:35 B F:\xampp\htdocs\zf-tutorial\library\Zend\Feed\Reader\EntryInterface.php --> ftp.portalridgid.com.br /public_html/zf-tutorial/library/Zend/Feed/Reader EntryInterface.php
2011.06.20 18:35 B F:\xampp\htdocs\zf-tutorial\library\Zend\Feed\Reader\FeedAbstract.php --> ftp.portalridgid.com.br /public_html/zf-tutorial/library/Zend/Feed/Reader FeedAbstract.php
2011.06.20 18:35 B F:\xampp\htdocs\zf-tutorial\library\Zend\Feed\Reader\FeedInterface.php --> ftp.portalridgid.com.br /public_html/zf-tutorial/library/Zend/Feed/Reader FeedInterface.php
2011.06.20 18:35 B F:\xampp\htdocs\zf-tutorial\library\Zend\Feed\Reader\FeedSet.php --> ftp.portalridgid.com.br /public_html/zf-tutorial/library/Zend/Feed/Reader FeedSet.php
2011.06.30 03:39 B F:\xampp\htdocs\zendLibrary\Zend\Feed\Reader\WS_FTP.LOG --> ftp.sbrafh.org.br /sbrafh/Web/zendLibrary/Zend/Feed/Reader WS_FTP.LOG
2011.06.30 03:39 B F:\xampp\htdocs\zendLibrary\Zend\Feed\Reader\FeedInterface.php --> ftp.sbrafh.org.br /sbrafh/Web/zendLibrary/Zend/Feed/Reader FeedInterface.php
2011.06.30 03:39 B F:\xampp\htdocs\zendLibrary\Zend\Feed\Reader\FeedAbstract.php --> ftp.sbrafh.org.br /sbrafh/Web/zendLibrary/Zend/Feed/Reader FeedAbstract.php
2011.06.30 03:39 B F:\xampp\htdocs\zendLibrary\Zend\Feed\Reader\EntryInterface.php --> ftp.sbrafh.org.br /sbrafh/Web/zendLibrary/Zend/Feed/Reader EntryInterface.php
2011.06.30 03:39 B F:\xampp\htdocs\zendLibrary\Zend\Feed\Reader\EntryAbstract.php --> ftp.sbrafh.org.br /sbrafh/Web/zendLibrary/Zend/Feed/Reader EntryAbstract.php
2011.06.30 03:39 B F:\xampp\htdocs\zendLibrary\Zend\Feed\Reader\FeedSet.php --> ftp.sbrafh.org.br /sbrafh/Web/zendLibrary/Zend/Feed/Reader FeedSet.php
2011.06.30 03:39 B F:\xampp\htdocs\zendLibrary\Zend\Feed\Reader\Collection.php --> ftp.sbrafh.org.br /sbrafh/Web/zendLibrary/Zend/Feed/Reader Collection.php
2011.07.08 23:48 B F:\xampp\htdocs\zendLibrary\Zend\Feed\Reader\Collection.php --> ftp.radiofone.com.br /public_html/radiofone/zendLibrary/Zend/Feed/Reader Collection.php
2011.07.08 23:48 B F:\xampp\htdocs\zendLibrary\Zend\Feed\Reader\EntryAbstract.php --> ftp.radiofone.com.br /public_html/radiofone/zendLibrary/Zend/Feed/Reader EntryAbstract.php
2011.07.08 23:48 B F:\xampp\htdocs\zendLibrary\Zend\Feed\Reader\EntryInterface.php --> ftp.radiofone.com.br /public_html/radiofone/zendLibrary/Zend/Feed/Reader EntryInterface.php
2011.07.08 23:48 B F:\xampp\htdocs\zendLibrary\Zend\Feed\Reader\FeedAbstract.php --> ftp.radiofone.com.br /public_html/radiofone/zendLibrary/Zend/Feed/Reader FeedAbstract.php
2011.07.08 23:48 B F:\xampp\htdocs\zendLibrary\Zend\Feed\Reader\FeedInterface.php --> ftp.radiofone.com.br /public_html/radiofone/zendLibrary/Zend/Feed/Reader FeedInterface.php
2011.07.08 23:48 B F:\xampp\htdocs\zendLibrary\Zend\Feed\Reader\FeedSet.php --> ftp.radiofone.com.br /public_html/radiofone/zendLibrary/Zend/Feed/Reader FeedSet.php
2011.07.08 23:48 B F:\xampp\htdocs\zendLibrary\Zend\Feed\Reader\WS_FTP.LOG --> ftp.radiofone.com.br /public_html/radiofone/zendLibrary/Zend/Feed/Reader WS_FTP.LOG
2011.07.09 00:46 B F:\xampp\htdocs\zendLibrary\Zend\Feed\Reader\WS_FTP.LOG --> ftp.radiofone.com.br /public_html/radiofone/zendLibrary/Zend/Feed/Reader WS_FTP.LOG
2011.07.26 22:48 B F:\xampp\htdocs\zendLibrary\Zend\Feed\Reader\Collection.php --> ftp.sobrafo.org.br /public_html/zendLibrary/Zend/Feed/Reader Collection.php
2011.07.26 22:48 B F:\xampp\htdocs\zendLibrary\Zend\Feed\Reader\EntryAbstract.php --> ftp.sobrafo.org.br /public_html/zendLibrary/Zend/Feed/Reader EntryAbstract.php
2011.07.26 22:48 B F:\xampp\htdocs\zendLibrary\Zend\Feed\Reader\EntryInterface.php --> ftp.sobrafo.org.br /public_html/zendLibrary/Zend/Feed/Reader EntryInterface.php
2011.07.26 22:48 B F:\xampp\htdocs\zendLibrary\Zend\Feed\Reader\FeedAbstract.php --> ftp.sobrafo.org.br /public_html/zendLibrary/Zend/Feed/Reader FeedAbstract.php
2011.07.26 22:48 B F:\xampp\htdocs\zendLibrary\Zend\Feed\Reader\FeedInterface.php --> ftp.sobrafo.org.br /public_html/zendLibrary/Zend/Feed/Reader FeedInterface.php
2011.07.26 22:48 B F:\xampp\htdocs\zendLibrary\Zend\Feed\Reader\FeedSet.php --> ftp.sobrafo.org.br /public_html/zendLibrary/Zend/Feed/Reader FeedSet.php
2011.07.26 22:48 B F:\xampp\htdocs\zendLibrary\Zend\Feed\Reader\WS_FTP.LOG --> ftp.sobrafo.org.br /public_html/zendLibrary/Zend/Feed/Reader WS_FTP.LOG
2011.08.09 16:58 B F:\xampp\htdocs\ZendLibrary\Zend\Feed\Reader\Collection.php --> ftp.amfar.com.br /public_html/ZendLibrary/Zend/Feed/Reader Collection.php
2011.08.09 16:58 B F:\xampp\htdocs\ZendLibrary\Zend\Feed\Reader\EntryAbstract.php --> ftp.amfar.com.br /public_html/ZendLibrary/Zend/Feed/Reader EntryAbstract.php
2011.08.09 16:58 B F:\xampp\htdocs\ZendLibrary\Zend\Feed\Reader\EntryInterface.php --> ftp.amfar.com.br /public_html/ZendLibrary/Zend/Feed/Reader EntryInterface.php
2011.08.09 16:58 B F:\xampp\htdocs\ZendLibrary\Zend\Feed\Reader\FeedAbstract.php --> ftp.amfar.com.br /public_html/ZendLibrary/Zend/Feed/Reader FeedAbstract.php
2011.08.09 16:58 B F:\xampp\htdocs\ZendLibrary\Zend\Feed\Reader\FeedInterface.php --> ftp.amfar.com.br /public_html/ZendLibrary/Zend/Feed/Reader FeedInterface.php
2011.08.09 16:58 B F:\xampp\htdocs\ZendLibrary\Zend\Feed\Reader\FeedSet.php --> ftp.amfar.com.br /public_html/ZendLibrary/Zend/Feed/Reader FeedSet.php
