2011.06.20 18:34 B F:\xampp\htdocs\zf-tutorial\library\Zend\Dojo\View\Helper\AccordionContainer.php --> ftp.portalridgid.com.br /public_html/zf-tutorial/library/Zend/Dojo/View/Helper AccordionContainer.php
2011.06.20 18:34 B F:\xampp\htdocs\zf-tutorial\library\Zend\Dojo\View\Helper\AccordionPane.php --> ftp.portalridgid.com.br /public_html/zf-tutorial/library/Zend/Dojo/View/Helper AccordionPane.php
2011.06.20 18:34 B F:\xampp\htdocs\zf-tutorial\library\Zend\Dojo\View\Helper\BorderContainer.php --> ftp.portalridgid.com.br /public_html/zf-tutorial/library/Zend/Dojo/View/Helper BorderContainer.php
2011.06.20 18:34 B F:\xampp\htdocs\zf-tutorial\library\Zend\Dojo\View\Helper\Button.php --> ftp.portalridgid.com.br /public_html/zf-tutorial/library/Zend/Dojo/View/Helper Button.php
2011.06.20 18:34 B F:\xampp\htdocs\zf-tutorial\library\Zend\Dojo\View\Helper\CheckBox.php --> ftp.portalridgid.com.br /public_html/zf-tutorial/library/Zend/Dojo/View/Helper CheckBox.php
2011.06.20 18:34 B F:\xampp\htdocs\zf-tutorial\library\Zend\Dojo\View\Helper\ComboBox.php --> ftp.portalridgid.com.br /public_html/zf-tutorial/library/Zend/Dojo/View/Helper ComboBox.php
2011.06.20 18:34 B F:\xampp\htdocs\zf-tutorial\library\Zend\Dojo\View\Helper\ContentPane.php --> ftp.portalridgid.com.br /public_html/zf-tutorial/library/Zend/Dojo/View/Helper ContentPane.php
2011.06.20 18:34 B F:\xampp\htdocs\zf-tutorial\library\Zend\Dojo\View\Helper\CurrencyTextBox.php --> ftp.portalridgid.com.br /public_html/zf-tutorial/library/Zend/Dojo/View/Helper CurrencyTextBox.php
2011.06.20 18:34 B F:\xampp\htdocs\zf-tutorial\library\Zend\Dojo\View\Helper\CustomDijit.php --> ftp.portalridgid.com.br /public_html/zf-tutorial/library/Zend/Dojo/View/Helper CustomDijit.php
2011.06.20 18:34 B F:\xampp\htdocs\zf-tutorial\library\Zend\Dojo\View\Helper\DateTextBox.php --> ftp.portalridgid.com.br /public_html/zf-tutorial/library/Zend/Dojo/View/Helper DateTextBox.php
2011.06.20 18:34 B F:\xampp\htdocs\zf-tutorial\library\Zend\Dojo\View\Helper\Dijit.php --> ftp.portalridgid.com.br /public_html/zf-tutorial/library/Zend/Dojo/View/Helper Dijit.php
2011.06.20 18:34 B F:\xampp\htdocs\zf-tutorial\library\Zend\Dojo\View\Helper\DijitContainer.php --> ftp.portalridgid.com.br /public_html/zf-tutorial/library/Zend/Dojo/View/Helper DijitContainer.php
2011.06.20 18:34 B F:\xampp\htdocs\zf-tutorial\library\Zend\Dojo\View\Helper\Dojo.php --> ftp.portalridgid.com.br /public_html/zf-tutorial/library/Zend/Dojo/View/Helper Dojo.php
2011.06.20 18:34 B F:\xampp\htdocs\zf-tutorial\library\Zend\Dojo\View\Helper\Editor.php --> ftp.portalridgid.com.br /public_html/zf-tutorial/library/Zend/Dojo/View/Helper Editor.php
2011.06.20 18:34 B F:\xampp\htdocs\zf-tutorial\library\Zend\Dojo\View\Helper\FilteringSelect.php --> ftp.portalridgid.com.br /public_html/zf-tutorial/library/Zend/Dojo/View/Helper FilteringSelect.php
2011.06.20 18:34 B F:\xampp\htdocs\zf-tutorial\library\Zend\Dojo\View\Helper\Form.php --> ftp.portalridgid.com.br /public_html/zf-tutorial/library/Zend/Dojo/View/Helper Form.php
2011.06.20 18:34 B F:\xampp\htdocs\zf-tutorial\library\Zend\Dojo\View\Helper\HorizontalSlider.php --> ftp.portalridgid.com.br /public_html/zf-tutorial/library/Zend/Dojo/View/Helper HorizontalSlider.php
2011.06.20 18:34 B F:\xampp\htdocs\zf-tutorial\library\Zend\Dojo\View\Helper\NumberSpinner.php --> ftp.portalridgid.com.br /public_html/zf-tutorial/library/Zend/Dojo/View/Helper NumberSpinner.php
2011.06.20 18:34 B F:\xampp\htdocs\zf-tutorial\library\Zend\Dojo\View\Helper\NumberTextBox.php --> ftp.portalridgid.com.br /public_html/zf-tutorial/library/Zend/Dojo/View/Helper NumberTextBox.php
2011.06.20 18:34 B F:\xampp\htdocs\zf-tutorial\library\Zend\Dojo\View\Helper\PasswordTextBox.php --> ftp.portalridgid.com.br /public_html/zf-tutorial/library/Zend/Dojo/View/Helper PasswordTextBox.php
2011.06.20 18:34 B F:\xampp\htdocs\zf-tutorial\library\Zend\Dojo\View\Helper\RadioButton.php --> ftp.portalridgid.com.br /public_html/zf-tutorial/library/Zend/Dojo/View/Helper RadioButton.php
2011.06.20 18:34 B F:\xampp\htdocs\zf-tutorial\library\Zend\Dojo\View\Helper\SimpleTextarea.php --> ftp.portalridgid.com.br /public_html/zf-tutorial/library/Zend/Dojo/View/Helper SimpleTextarea.php
2011.06.20 18:34 B F:\xampp\htdocs\zf-tutorial\library\Zend\Dojo\View\Helper\Slider.php --> ftp.portalridgid.com.br /public_html/zf-tutorial/library/Zend/Dojo/View/Helper Slider.php
2011.06.20 18:34 B F:\xampp\htdocs\zf-tutorial\library\Zend\Dojo\View\Helper\SplitContainer.php --> ftp.portalridgid.com.br /public_html/zf-tutorial/library/Zend/Dojo/View/Helper SplitContainer.php
2011.06.20 18:34 B F:\xampp\htdocs\zf-tutorial\library\Zend\Dojo\View\Helper\StackContainer.php --> ftp.portalridgid.com.br /public_html/zf-tutorial/library/Zend/Dojo/View/Helper StackContainer.php
2011.06.20 18:34 B F:\xampp\htdocs\zf-tutorial\library\Zend\Dojo\View\Helper\SubmitButton.php --> ftp.portalridgid.com.br /public_html/zf-tutorial/library/Zend/Dojo/View/Helper SubmitButton.php
2011.06.20 18:34 B F:\xampp\htdocs\zf-tutorial\library\Zend\Dojo\View\Helper\TabContainer.php --> ftp.portalridgid.com.br /public_html/zf-tutorial/library/Zend/Dojo/View/Helper TabContainer.php
2011.06.20 18:34 B F:\xampp\htdocs\zf-tutorial\library\Zend\Dojo\View\Helper\Textarea.php --> ftp.portalridgid.com.br /public_html/zf-tutorial/library/Zend/Dojo/View/Helper Textarea.php
2011.06.20 18:34 B F:\xampp\htdocs\zf-tutorial\library\Zend\Dojo\View\Helper\TextBox.php --> ftp.portalridgid.com.br /public_html/zf-tutorial/library/Zend/Dojo/View/Helper TextBox.php
2011.06.20 18:34 B F:\xampp\htdocs\zf-tutorial\library\Zend\Dojo\View\Helper\TimeTextBox.php --> ftp.portalridgid.com.br /public_html/zf-tutorial/library/Zend/Dojo/View/Helper TimeTextBox.php
2011.06.20 18:34 B F:\xampp\htdocs\zf-tutorial\library\Zend\Dojo\View\Helper\ValidationTextBox.php --> ftp.portalridgid.com.br /public_html/zf-tutorial/library/Zend/Dojo/View/Helper ValidationTextBox.php
2011.06.20 18:34 B F:\xampp\htdocs\zf-tutorial\library\Zend\Dojo\View\Helper\VerticalSlider.php --> ftp.portalridgid.com.br /public_html/zf-tutorial/library/Zend/Dojo/View/Helper VerticalSlider.php
2011.06.30 03:40 B F:\xampp\htdocs\zendLibrary\Zend\Dojo\View\Helper\WS_FTP.LOG --> ftp.sbrafh.org.br /sbrafh/Web/zendLibrary/Zend/Dojo/View/Helper WS_FTP.LOG
2011.06.30 03:40 B F:\xampp\htdocs\zendLibrary\Zend\Dojo\View\Helper\CustomDijit.php --> ftp.sbrafh.org.br /sbrafh/Web/zendLibrary/Zend/Dojo/View/Helper CustomDijit.php
2011.06.30 03:40 B F:\xampp\htdocs\zendLibrary\Zend\Dojo\View\Helper\Editor.php --> ftp.sbrafh.org.br /sbrafh/Web/zendLibrary/Zend/Dojo/View/Helper Editor.php
2011.06.30 03:40 B F:\xampp\htdocs\zendLibrary\Zend\Dojo\View\Helper\Slider.php --> ftp.sbrafh.org.br /sbrafh/Web/zendLibrary/Zend/Dojo/View/Helper Slider.php
2011.06.30 03:40 B F:\xampp\htdocs\zendLibrary\Zend\Dojo\View\Helper\ComboBox.php --> ftp.sbrafh.org.br /sbrafh/Web/zendLibrary/Zend/Dojo/View/Helper ComboBox.php
2011.06.30 03:40 B F:\xampp\htdocs\zendLibrary\Zend\Dojo\View\Helper\Form.php --> ftp.sbrafh.org.br /sbrafh/Web/zendLibrary/Zend/Dojo/View/Helper Form.php
2011.06.30 03:40 B F:\xampp\htdocs\zendLibrary\Zend\Dojo\View\Helper\SimpleTextarea.php --> ftp.sbrafh.org.br /sbrafh/Web/zendLibrary/Zend/Dojo/View/Helper SimpleTextarea.php
2011.06.30 03:40 B F:\xampp\htdocs\zendLibrary\Zend\Dojo\View\Helper\Textarea.php --> ftp.sbrafh.org.br /sbrafh/Web/zendLibrary/Zend/Dojo/View/Helper Textarea.php
2011.06.30 03:40 B F:\xampp\htdocs\zendLibrary\Zend\Dojo\View\Helper\VerticalSlider.php --> ftp.sbrafh.org.br /sbrafh/Web/zendLibrary/Zend/Dojo/View/Helper VerticalSlider.php
2011.06.30 03:40 B F:\xampp\htdocs\zendLibrary\Zend\Dojo\View\Helper\ValidationTextBox.php --> ftp.sbrafh.org.br /sbrafh/Web/zendLibrary/Zend/Dojo/View/Helper ValidationTextBox.php
2011.06.30 03:40 B F:\xampp\htdocs\zendLibrary\Zend\Dojo\View\Helper\TimeTextBox.php --> ftp.sbrafh.org.br /sbrafh/Web/zendLibrary/Zend/Dojo/View/Helper TimeTextBox.php
2011.06.30 03:40 B F:\xampp\htdocs\zendLibrary\Zend\Dojo\View\Helper\TextBox.php --> ftp.sbrafh.org.br /sbrafh/Web/zendLibrary/Zend/Dojo/View/Helper TextBox.php
2011.06.30 03:40 B F:\xampp\htdocs\zendLibrary\Zend\Dojo\View\Helper\TabContainer.php --> ftp.sbrafh.org.br /sbrafh/Web/zendLibrary/Zend/Dojo/View/Helper TabContainer.php
2011.06.30 03:40 B F:\xampp\htdocs\zendLibrary\Zend\Dojo\View\Helper\SubmitButton.php --> ftp.sbrafh.org.br /sbrafh/Web/zendLibrary/Zend/Dojo/View/Helper SubmitButton.php
2011.06.30 03:40 B F:\xampp\htdocs\zendLibrary\Zend\Dojo\View\Helper\StackContainer.php --> ftp.sbrafh.org.br /sbrafh/Web/zendLibrary/Zend/Dojo/View/Helper StackContainer.php
2011.06.30 03:40 B F:\xampp\htdocs\zendLibrary\Zend\Dojo\View\Helper\SplitContainer.php --> ftp.sbrafh.org.br /sbrafh/Web/zendLibrary/Zend/Dojo/View/Helper SplitContainer.php
2011.06.30 03:40 B F:\xampp\htdocs\zendLibrary\Zend\Dojo\View\Helper\RadioButton.php --> ftp.sbrafh.org.br /sbrafh/Web/zendLibrary/Zend/Dojo/View/Helper RadioButton.php
2011.06.30 03:40 B F:\xampp\htdocs\zendLibrary\Zend\Dojo\View\Helper\PasswordTextBox.php --> ftp.sbrafh.org.br /sbrafh/Web/zendLibrary/Zend/Dojo/View/Helper PasswordTextBox.php
2011.06.30 03:40 B F:\xampp\htdocs\zendLibrary\Zend\Dojo\View\Helper\NumberTextBox.php --> ftp.sbrafh.org.br /sbrafh/Web/zendLibrary/Zend/Dojo/View/Helper NumberTextBox.php
2011.06.30 03:40 B F:\xampp\htdocs\zendLibrary\Zend\Dojo\View\Helper\NumberSpinner.php --> ftp.sbrafh.org.br /sbrafh/Web/zendLibrary/Zend/Dojo/View/Helper NumberSpinner.php
2011.06.30 03:40 B F:\xampp\htdocs\zendLibrary\Zend\Dojo\View\Helper\HorizontalSlider.php --> ftp.sbrafh.org.br /sbrafh/Web/zendLibrary/Zend/Dojo/View/Helper HorizontalSlider.php
2011.06.30 03:40 B F:\xampp\htdocs\zendLibrary\Zend\Dojo\View\Helper\FilteringSelect.php --> ftp.sbrafh.org.br /sbrafh/Web/zendLibrary/Zend/Dojo/View/Helper FilteringSelect.php
2011.06.30 03:40 B F:\xampp\htdocs\zendLibrary\Zend\Dojo\View\Helper\Dojo.php --> ftp.sbrafh.org.br /sbrafh/Web/zendLibrary/Zend/Dojo/View/Helper Dojo.php
2011.06.30 03:40 B F:\xampp\htdocs\zendLibrary\Zend\Dojo\View\Helper\DijitContainer.php --> ftp.sbrafh.org.br /sbrafh/Web/zendLibrary/Zend/Dojo/View/Helper DijitContainer.php
2011.06.30 03:40 B F:\xampp\htdocs\zendLibrary\Zend\Dojo\View\Helper\Dijit.php --> ftp.sbrafh.org.br /sbrafh/Web/zendLibrary/Zend/Dojo/View/Helper Dijit.php
2011.06.30 03:40 B F:\xampp\htdocs\zendLibrary\Zend\Dojo\View\Helper\DateTextBox.php --> ftp.sbrafh.org.br /sbrafh/Web/zendLibrary/Zend/Dojo/View/Helper DateTextBox.php
2011.06.30 03:40 B F:\xampp\htdocs\zendLibrary\Zend\Dojo\View\Helper\CurrencyTextBox.php --> ftp.sbrafh.org.br /sbrafh/Web/zendLibrary/Zend/Dojo/View/Helper CurrencyTextBox.php
2011.06.30 03:40 B F:\xampp\htdocs\zendLibrary\Zend\Dojo\View\Helper\ContentPane.php --> ftp.sbrafh.org.br /sbrafh/Web/zendLibrary/Zend/Dojo/View/Helper ContentPane.php
2011.06.30 03:40 B F:\xampp\htdocs\zendLibrary\Zend\Dojo\View\Helper\CheckBox.php --> ftp.sbrafh.org.br /sbrafh/Web/zendLibrary/Zend/Dojo/View/Helper CheckBox.php
2011.06.30 03:40 B F:\xampp\htdocs\zendLibrary\Zend\Dojo\View\Helper\Button.php --> ftp.sbrafh.org.br /sbrafh/Web/zendLibrary/Zend/Dojo/View/Helper Button.php
2011.06.30 03:40 B F:\xampp\htdocs\zendLibrary\Zend\Dojo\View\Helper\BorderContainer.php --> ftp.sbrafh.org.br /sbrafh/Web/zendLibrary/Zend/Dojo/View/Helper BorderContainer.php
2011.06.30 03:40 B F:\xampp\htdocs\zendLibrary\Zend\Dojo\View\Helper\AccordionPane.php --> ftp.sbrafh.org.br /sbrafh/Web/zendLibrary/Zend/Dojo/View/Helper AccordionPane.php
2011.06.30 03:40 B F:\xampp\htdocs\zendLibrary\Zend\Dojo\View\Helper\AccordionContainer.php --> ftp.sbrafh.org.br /sbrafh/Web/zendLibrary/Zend/Dojo/View/Helper AccordionContainer.php
2011.07.08 23:47 B F:\xampp\htdocs\zendLibrary\Zend\Dojo\View\Helper\AccordionContainer.php --> ftp.radiofone.com.br /public_html/radiofone/zendLibrary/Zend/Dojo/View/Helper AccordionContainer.php
2011.07.08 23:47 B F:\xampp\htdocs\zendLibrary\Zend\Dojo\View\Helper\AccordionPane.php --> ftp.radiofone.com.br /public_html/radiofone/zendLibrary/Zend/Dojo/View/Helper AccordionPane.php
2011.07.08 23:47 B F:\xampp\htdocs\zendLibrary\Zend\Dojo\View\Helper\BorderContainer.php --> ftp.radiofone.com.br /public_html/radiofone/zendLibrary/Zend/Dojo/View/Helper BorderContainer.php
2011.07.08 23:47 B F:\xampp\htdocs\zendLibrary\Zend\Dojo\View\Helper\Button.php --> ftp.radiofone.com.br /public_html/radiofone/zendLibrary/Zend/Dojo/View/Helper Button.php
2011.07.08 23:47 B F:\xampp\htdocs\zendLibrary\Zend\Dojo\View\Helper\CheckBox.php --> ftp.radiofone.com.br /public_html/radiofone/zendLibrary/Zend/Dojo/View/Helper CheckBox.php
2011.07.08 23:47 B F:\xampp\htdocs\zendLibrary\Zend\Dojo\View\Helper\ComboBox.php --> ftp.radiofone.com.br /public_html/radiofone/zendLibrary/Zend/Dojo/View/Helper ComboBox.php
2011.07.08 23:47 B F:\xampp\htdocs\zendLibrary\Zend\Dojo\View\Helper\ContentPane.php --> ftp.radiofone.com.br /public_html/radiofone/zendLibrary/Zend/Dojo/View/Helper ContentPane.php
2011.07.08 23:47 B F:\xampp\htdocs\zendLibrary\Zend\Dojo\View\Helper\CurrencyTextBox.php --> ftp.radiofone.com.br /public_html/radiofone/zendLibrary/Zend/Dojo/View/Helper CurrencyTextBox.php
2011.07.08 23:47 B F:\xampp\htdocs\zendLibrary\Zend\Dojo\View\Helper\CustomDijit.php --> ftp.radiofone.com.br /public_html/radiofone/zendLibrary/Zend/Dojo/View/Helper CustomDijit.php
2011.07.08 23:47 B F:\xampp\htdocs\zendLibrary\Zend\Dojo\View\Helper\DateTextBox.php --> ftp.radiofone.com.br /public_html/radiofone/zendLibrary/Zend/Dojo/View/Helper DateTextBox.php
2011.07.08 23:47 B F:\xampp\htdocs\zendLibrary\Zend\Dojo\View\Helper\Dijit.php --> ftp.radiofone.com.br /public_html/radiofone/zendLibrary/Zend/Dojo/View/Helper Dijit.php
2011.07.08 23:47 B F:\xampp\htdocs\zendLibrary\Zend\Dojo\View\Helper\DijitContainer.php --> ftp.radiofone.com.br /public_html/radiofone/zendLibrary/Zend/Dojo/View/Helper DijitContainer.php
2011.07.08 23:47 B F:\xampp\htdocs\zendLibrary\Zend\Dojo\View\Helper\Dojo.php --> ftp.radiofone.com.br /public_html/radiofone/zendLibrary/Zend/Dojo/View/Helper Dojo.php
2011.07.08 23:47 B F:\xampp\htdocs\zendLibrary\Zend\Dojo\View\Helper\Editor.php --> ftp.radiofone.com.br /public_html/radiofone/zendLibrary/Zend/Dojo/View/Helper Editor.php
2011.07.08 23:47 B F:\xampp\htdocs\zendLibrary\Zend\Dojo\View\Helper\FilteringSelect.php --> ftp.radiofone.com.br /public_html/radiofone/zendLibrary/Zend/Dojo/View/Helper FilteringSelect.php
2011.07.08 23:47 B F:\xampp\htdocs\zendLibrary\Zend\Dojo\View\Helper\Form.php --> ftp.radiofone.com.br /public_html/radiofone/zendLibrary/Zend/Dojo/View/Helper Form.php
2011.07.08 23:47 B F:\xampp\htdocs\zendLibrary\Zend\Dojo\View\Helper\HorizontalSlider.php --> ftp.radiofone.com.br /public_html/radiofone/zendLibrary/Zend/Dojo/View/Helper HorizontalSlider.php
2011.07.08 23:47 B F:\xampp\htdocs\zendLibrary\Zend\Dojo\View\Helper\NumberSpinner.php --> ftp.radiofone.com.br /public_html/radiofone/zendLibrary/Zend/Dojo/View/Helper NumberSpinner.php
2011.07.08 23:47 B F:\xampp\htdocs\zendLibrary\Zend\Dojo\View\Helper\NumberTextBox.php --> ftp.radiofone.com.br /public_html/radiofone/zendLibrary/Zend/Dojo/View/Helper NumberTextBox.php
2011.07.08 23:47 B F:\xampp\htdocs\zendLibrary\Zend\Dojo\View\Helper\PasswordTextBox.php --> ftp.radiofone.com.br /public_html/radiofone/zendLibrary/Zend/Dojo/View/Helper PasswordTextBox.php
2011.07.08 23:47 B F:\xampp\htdocs\zendLibrary\Zend\Dojo\View\Helper\RadioButton.php --> ftp.radiofone.com.br /public_html/radiofone/zendLibrary/Zend/Dojo/View/Helper RadioButton.php
2011.07.08 23:47 B F:\xampp\htdocs\zendLibrary\Zend\Dojo\View\Helper\SimpleTextarea.php --> ftp.radiofone.com.br /public_html/radiofone/zendLibrary/Zend/Dojo/View/Helper SimpleTextarea.php
2011.07.08 23:47 B F:\xampp\htdocs\zendLibrary\Zend\Dojo\View\Helper\Slider.php --> ftp.radiofone.com.br /public_html/radiofone/zendLibrary/Zend/Dojo/View/Helper Slider.php
2011.07.08 23:47 B F:\xampp\htdocs\zendLibrary\Zend\Dojo\View\Helper\SplitContainer.php --> ftp.radiofone.com.br /public_html/radiofone/zendLibrary/Zend/Dojo/View/Helper SplitContainer.php
2011.07.08 23:47 B F:\xampp\htdocs\zendLibrary\Zend\Dojo\View\Helper\StackContainer.php --> ftp.radiofone.com.br /public_html/radiofone/zendLibrary/Zend/Dojo/View/Helper StackContainer.php
2011.07.08 23:47 B F:\xampp\htdocs\zendLibrary\Zend\Dojo\View\Helper\SubmitButton.php --> ftp.radiofone.com.br /public_html/radiofone/zendLibrary/Zend/Dojo/View/Helper SubmitButton.php
2011.07.08 23:47 B F:\xampp\htdocs\zendLibrary\Zend\Dojo\View\Helper\TabContainer.php --> ftp.radiofone.com.br /public_html/radiofone/zendLibrary/Zend/Dojo/View/Helper TabContainer.php
2011.07.08 23:47 B F:\xampp\htdocs\zendLibrary\Zend\Dojo\View\Helper\Textarea.php --> ftp.radiofone.com.br /public_html/radiofone/zendLibrary/Zend/Dojo/View/Helper Textarea.php
2011.07.08 23:47 B F:\xampp\htdocs\zendLibrary\Zend\Dojo\View\Helper\TextBox.php --> ftp.radiofone.com.br /public_html/radiofone/zendLibrary/Zend/Dojo/View/Helper TextBox.php
2011.07.08 23:47 B F:\xampp\htdocs\zendLibrary\Zend\Dojo\View\Helper\TimeTextBox.php --> ftp.radiofone.com.br /public_html/radiofone/zendLibrary/Zend/Dojo/View/Helper TimeTextBox.php
2011.07.08 23:47 B F:\xampp\htdocs\zendLibrary\Zend\Dojo\View\Helper\ValidationTextBox.php --> ftp.radiofone.com.br /public_html/radiofone/zendLibrary/Zend/Dojo/View/Helper ValidationTextBox.php
2011.07.08 23:47 B F:\xampp\htdocs\zendLibrary\Zend\Dojo\View\Helper\VerticalSlider.php --> ftp.radiofone.com.br /public_html/radiofone/zendLibrary/Zend/Dojo/View/Helper VerticalSlider.php
2011.07.08 23:47 B F:\xampp\htdocs\zendLibrary\Zend\Dojo\View\Helper\WS_FTP.LOG --> ftp.radiofone.com.br /public_html/radiofone/zendLibrary/Zend/Dojo/View/Helper WS_FTP.LOG
2011.07.09 00:46 B F:\xampp\htdocs\zendLibrary\Zend\Dojo\View\Helper\WS_FTP.LOG --> ftp.radiofone.com.br /public_html/radiofone/zendLibrary/Zend/Dojo/View/Helper WS_FTP.LOG
2011.07.26 22:47 B F:\xampp\htdocs\zendLibrary\Zend\Dojo\View\Helper\AccordionContainer.php --> ftp.sobrafo.org.br /public_html/zendLibrary/Zend/Dojo/View/Helper AccordionContainer.php
2011.07.26 22:47 B F:\xampp\htdocs\zendLibrary\Zend\Dojo\View\Helper\AccordionPane.php --> ftp.sobrafo.org.br /public_html/zendLibrary/Zend/Dojo/View/Helper AccordionPane.php
2011.07.26 22:47 B F:\xampp\htdocs\zendLibrary\Zend\Dojo\View\Helper\BorderContainer.php --> ftp.sobrafo.org.br /public_html/zendLibrary/Zend/Dojo/View/Helper BorderContainer.php
2011.07.26 22:47 B F:\xampp\htdocs\zendLibrary\Zend\Dojo\View\Helper\Button.php --> ftp.sobrafo.org.br /public_html/zendLibrary/Zend/Dojo/View/Helper Button.php
2011.07.26 22:47 B F:\xampp\htdocs\zendLibrary\Zend\Dojo\View\Helper\CheckBox.php --> ftp.sobrafo.org.br /public_html/zendLibrary/Zend/Dojo/View/Helper CheckBox.php
2011.07.26 22:47 B F:\xampp\htdocs\zendLibrary\Zend\Dojo\View\Helper\ComboBox.php --> ftp.sobrafo.org.br /public_html/zendLibrary/Zend/Dojo/View/Helper ComboBox.php
2011.07.26 22:47 B F:\xampp\htdocs\zendLibrary\Zend\Dojo\View\Helper\ContentPane.php --> ftp.sobrafo.org.br /public_html/zendLibrary/Zend/Dojo/View/Helper ContentPane.php
2011.07.26 22:47 B F:\xampp\htdocs\zendLibrary\Zend\Dojo\View\Helper\CurrencyTextBox.php --> ftp.sobrafo.org.br /public_html/zendLibrary/Zend/Dojo/View/Helper CurrencyTextBox.php
2011.07.26 22:47 B F:\xampp\htdocs\zendLibrary\Zend\Dojo\View\Helper\CustomDijit.php --> ftp.sobrafo.org.br /public_html/zendLibrary/Zend/Dojo/View/Helper CustomDijit.php
2011.07.26 22:47 B F:\xampp\htdocs\zendLibrary\Zend\Dojo\View\Helper\DateTextBox.php --> ftp.sobrafo.org.br /public_html/zendLibrary/Zend/Dojo/View/Helper DateTextBox.php
2011.07.26 22:47 B F:\xampp\htdocs\zendLibrary\Zend\Dojo\View\Helper\Dijit.php --> ftp.sobrafo.org.br /public_html/zendLibrary/Zend/Dojo/View/Helper Dijit.php
2011.07.26 22:47 B F:\xampp\htdocs\zendLibrary\Zend\Dojo\View\Helper\DijitContainer.php --> ftp.sobrafo.org.br /public_html/zendLibrary/Zend/Dojo/View/Helper DijitContainer.php
2011.07.26 22:47 B F:\xampp\htdocs\zendLibrary\Zend\Dojo\View\Helper\Dojo.php --> ftp.sobrafo.org.br /public_html/zendLibrary/Zend/Dojo/View/Helper Dojo.php
2011.07.26 22:47 B F:\xampp\htdocs\zendLibrary\Zend\Dojo\View\Helper\Editor.php --> ftp.sobrafo.org.br /public_html/zendLibrary/Zend/Dojo/View/Helper Editor.php
2011.07.26 22:47 B F:\xampp\htdocs\zendLibrary\Zend\Dojo\View\Helper\FilteringSelect.php --> ftp.sobrafo.org.br /public_html/zendLibrary/Zend/Dojo/View/Helper FilteringSelect.php
2011.07.26 22:47 B F:\xampp\htdocs\zendLibrary\Zend\Dojo\View\Helper\Form.php --> ftp.sobrafo.org.br /public_html/zendLibrary/Zend/Dojo/View/Helper Form.php
2011.07.26 22:47 B F:\xampp\htdocs\zendLibrary\Zend\Dojo\View\Helper\HorizontalSlider.php --> ftp.sobrafo.org.br /public_html/zendLibrary/Zend/Dojo/View/Helper HorizontalSlider.php
2011.07.26 22:47 B F:\xampp\htdocs\zendLibrary\Zend\Dojo\View\Helper\NumberSpinner.php --> ftp.sobrafo.org.br /public_html/zendLibrary/Zend/Dojo/View/Helper NumberSpinner.php
2011.07.26 22:47 B F:\xampp\htdocs\zendLibrary\Zend\Dojo\View\Helper\NumberTextBox.php --> ftp.sobrafo.org.br /public_html/zendLibrary/Zend/Dojo/View/Helper NumberTextBox.php
2011.07.26 22:47 B F:\xampp\htdocs\zendLibrary\Zend\Dojo\View\Helper\PasswordTextBox.php --> ftp.sobrafo.org.br /public_html/zendLibrary/Zend/Dojo/View/Helper PasswordTextBox.php
2011.07.26 22:47 B F:\xampp\htdocs\zendLibrary\Zend\Dojo\View\Helper\RadioButton.php --> ftp.sobrafo.org.br /public_html/zendLibrary/Zend/Dojo/View/Helper RadioButton.php
2011.07.26 22:47 B F:\xampp\htdocs\zendLibrary\Zend\Dojo\View\Helper\SimpleTextarea.php --> ftp.sobrafo.org.br /public_html/zendLibrary/Zend/Dojo/View/Helper SimpleTextarea.php
2011.07.26 22:47 B F:\xampp\htdocs\zendLibrary\Zend\Dojo\View\Helper\Slider.php --> ftp.sobrafo.org.br /public_html/zendLibrary/Zend/Dojo/View/Helper Slider.php
2011.07.26 22:47 B F:\xampp\htdocs\zendLibrary\Zend\Dojo\View\Helper\SplitContainer.php --> ftp.sobrafo.org.br /public_html/zendLibrary/Zend/Dojo/View/Helper SplitContainer.php
2011.07.26 22:47 B F:\xampp\htdocs\zendLibrary\Zend\Dojo\View\Helper\StackContainer.php --> ftp.sobrafo.org.br /public_html/zendLibrary/Zend/Dojo/View/Helper StackContainer.php
2011.07.26 22:47 B F:\xampp\htdocs\zendLibrary\Zend\Dojo\View\Helper\SubmitButton.php --> ftp.sobrafo.org.br /public_html/zendLibrary/Zend/Dojo/View/Helper SubmitButton.php
2011.07.26 22:47 B F:\xampp\htdocs\zendLibrary\Zend\Dojo\View\Helper\TabContainer.php --> ftp.sobrafo.org.br /public_html/zendLibrary/Zend/Dojo/View/Helper TabContainer.php
2011.07.26 22:47 B F:\xampp\htdocs\zendLibrary\Zend\Dojo\View\Helper\Textarea.php --> ftp.sobrafo.org.br /public_html/zendLibrary/Zend/Dojo/View/Helper Textarea.php
2011.07.26 22:47 B F:\xampp\htdocs\zendLibrary\Zend\Dojo\View\Helper\TextBox.php --> ftp.sobrafo.org.br /public_html/zendLibrary/Zend/Dojo/View/Helper TextBox.php
2011.07.26 22:47 B F:\xampp\htdocs\zendLibrary\Zend\Dojo\View\Helper\TimeTextBox.php --> ftp.sobrafo.org.br /public_html/zendLibrary/Zend/Dojo/View/Helper TimeTextBox.php
2011.07.26 22:47 B F:\xampp\htdocs\zendLibrary\Zend\Dojo\View\Helper\ValidationTextBox.php --> ftp.sobrafo.org.br /public_html/zendLibrary/Zend/Dojo/View/Helper ValidationTextBox.php
2011.07.26 22:47 B F:\xampp\htdocs\zendLibrary\Zend\Dojo\View\Helper\VerticalSlider.php --> ftp.sobrafo.org.br /public_html/zendLibrary/Zend/Dojo/View/Helper VerticalSlider.php
2011.07.26 22:47 B F:\xampp\htdocs\zendLibrary\Zend\Dojo\View\Helper\WS_FTP.LOG --> ftp.sobrafo.org.br /public_html/zendLibrary/Zend/Dojo/View/Helper WS_FTP.LOG
2011.08.09 16:57 B F:\xampp\htdocs\ZendLibrary\Zend\Dojo\View\Helper\AccordionContainer.php --> ftp.amfar.com.br /public_html/ZendLibrary/Zend/Dojo/View/Helper AccordionContainer.php
2011.08.09 16:57 B F:\xampp\htdocs\ZendLibrary\Zend\Dojo\View\Helper\AccordionPane.php --> ftp.amfar.com.br /public_html/ZendLibrary/Zend/Dojo/View/Helper AccordionPane.php
2011.08.09 16:57 B F:\xampp\htdocs\ZendLibrary\Zend\Dojo\View\Helper\BorderContainer.php --> ftp.amfar.com.br /public_html/ZendLibrary/Zend/Dojo/View/Helper BorderContainer.php
2011.08.09 16:57 B F:\xampp\htdocs\ZendLibrary\Zend\Dojo\View\Helper\Button.php --> ftp.amfar.com.br /public_html/ZendLibrary/Zend/Dojo/View/Helper Button.php
2011.08.09 16:57 B F:\xampp\htdocs\ZendLibrary\Zend\Dojo\View\Helper\CheckBox.php --> ftp.amfar.com.br /public_html/ZendLibrary/Zend/Dojo/View/Helper CheckBox.php
2011.08.09 16:57 B F:\xampp\htdocs\ZendLibrary\Zend\Dojo\View\Helper\ComboBox.php --> ftp.amfar.com.br /public_html/ZendLibrary/Zend/Dojo/View/Helper ComboBox.php
2011.08.09 16:57 B F:\xampp\htdocs\ZendLibrary\Zend\Dojo\View\Helper\ContentPane.php --> ftp.amfar.com.br /public_html/ZendLibrary/Zend/Dojo/View/Helper ContentPane.php
2011.08.09 16:57 B F:\xampp\htdocs\ZendLibrary\Zend\Dojo\View\Helper\CurrencyTextBox.php --> ftp.amfar.com.br /public_html/ZendLibrary/Zend/Dojo/View/Helper CurrencyTextBox.php
2011.08.09 16:57 B F:\xampp\htdocs\ZendLibrary\Zend\Dojo\View\Helper\CustomDijit.php --> ftp.amfar.com.br /public_html/ZendLibrary/Zend/Dojo/View/Helper CustomDijit.php
2011.08.09 16:57 B F:\xampp\htdocs\ZendLibrary\Zend\Dojo\View\Helper\DateTextBox.php --> ftp.amfar.com.br /public_html/ZendLibrary/Zend/Dojo/View/Helper DateTextBox.php
2011.08.09 16:57 B F:\xampp\htdocs\ZendLibrary\Zend\Dojo\View\Helper\Dijit.php --> ftp.amfar.com.br /public_html/ZendLibrary/Zend/Dojo/View/Helper Dijit.php
2011.08.09 16:57 B F:\xampp\htdocs\ZendLibrary\Zend\Dojo\View\Helper\DijitContainer.php --> ftp.amfar.com.br /public_html/ZendLibrary/Zend/Dojo/View/Helper DijitContainer.php
2011.08.09 16:57 B F:\xampp\htdocs\ZendLibrary\Zend\Dojo\View\Helper\Dojo.php --> ftp.amfar.com.br /public_html/ZendLibrary/Zend/Dojo/View/Helper Dojo.php
2011.08.09 16:57 B F:\xampp\htdocs\ZendLibrary\Zend\Dojo\View\Helper\Editor.php --> ftp.amfar.com.br /public_html/ZendLibrary/Zend/Dojo/View/Helper Editor.php
2011.08.09 16:57 B F:\xampp\htdocs\ZendLibrary\Zend\Dojo\View\Helper\FilteringSelect.php --> ftp.amfar.com.br /public_html/ZendLibrary/Zend/Dojo/View/Helper FilteringSelect.php
2011.08.09 16:57 B F:\xampp\htdocs\ZendLibrary\Zend\Dojo\View\Helper\Form.php --> ftp.amfar.com.br /public_html/ZendLibrary/Zend/Dojo/View/Helper Form.php
2011.08.09 16:57 B F:\xampp\htdocs\ZendLibrary\Zend\Dojo\View\Helper\HorizontalSlider.php --> ftp.amfar.com.br /public_html/ZendLibrary/Zend/Dojo/View/Helper HorizontalSlider.php
2011.08.09 16:57 B F:\xampp\htdocs\ZendLibrary\Zend\Dojo\View\Helper\NumberSpinner.php --> ftp.amfar.com.br /public_html/ZendLibrary/Zend/Dojo/View/Helper NumberSpinner.php
2011.08.09 16:57 B F:\xampp\htdocs\ZendLibrary\Zend\Dojo\View\Helper\NumberTextBox.php --> ftp.amfar.com.br /public_html/ZendLibrary/Zend/Dojo/View/Helper NumberTextBox.php
2011.08.09 16:57 B F:\xampp\htdocs\ZendLibrary\Zend\Dojo\View\Helper\PasswordTextBox.php --> ftp.amfar.com.br /public_html/ZendLibrary/Zend/Dojo/View/Helper PasswordTextBox.php
2011.08.09 16:57 B F:\xampp\htdocs\ZendLibrary\Zend\Dojo\View\Helper\RadioButton.php --> ftp.amfar.com.br /public_html/ZendLibrary/Zend/Dojo/View/Helper RadioButton.php
2011.08.09 16:57 B F:\xampp\htdocs\ZendLibrary\Zend\Dojo\View\Helper\SimpleTextarea.php --> ftp.amfar.com.br /public_html/ZendLibrary/Zend/Dojo/View/Helper SimpleTextarea.php
2011.08.09 16:57 B F:\xampp\htdocs\ZendLibrary\Zend\Dojo\View\Helper\Slider.php --> ftp.amfar.com.br /public_html/ZendLibrary/Zend/Dojo/View/Helper Slider.php
2011.08.09 16:57 B F:\xampp\htdocs\ZendLibrary\Zend\Dojo\View\Helper\SplitContainer.php --> ftp.amfar.com.br /public_html/ZendLibrary/Zend/Dojo/View/Helper SplitContainer.php
2011.08.09 16:57 B F:\xampp\htdocs\ZendLibrary\Zend\Dojo\View\Helper\StackContainer.php --> ftp.amfar.com.br /public_html/ZendLibrary/Zend/Dojo/View/Helper StackContainer.php
2011.08.09 16:57 B F:\xampp\htdocs\ZendLibrary\Zend\Dojo\View\Helper\SubmitButton.php --> ftp.amfar.com.br /public_html/ZendLibrary/Zend/Dojo/View/Helper SubmitButton.php
2011.08.09 16:57 B F:\xampp\htdocs\ZendLibrary\Zend\Dojo\View\Helper\TabContainer.php --> ftp.amfar.com.br /public_html/ZendLibrary/Zend/Dojo/View/Helper TabContainer.php
2011.08.09 16:57 B F:\xampp\htdocs\ZendLibrary\Zend\Dojo\View\Helper\Textarea.php --> ftp.amfar.com.br /public_html/ZendLibrary/Zend/Dojo/View/Helper Textarea.php
2011.08.09 16:58 B F:\xampp\htdocs\ZendLibrary\Zend\Dojo\View\Helper\TextBox.php --> ftp.amfar.com.br /public_html/ZendLibrary/Zend/Dojo/View/Helper TextBox.php
2011.08.09 16:58 B F:\xampp\htdocs\ZendLibrary\Zend\Dojo\View\Helper\TimeTextBox.php --> ftp.amfar.com.br /public_html/ZendLibrary/Zend/Dojo/View/Helper TimeTextBox.php
2011.08.09 16:58 B F:\xampp\htdocs\ZendLibrary\Zend\Dojo\View\Helper\ValidationTextBox.php --> ftp.amfar.com.br /public_html/ZendLibrary/Zend/Dojo/View/Helper ValidationTextBox.php
2011.08.09 16:58 B F:\xampp\htdocs\ZendLibrary\Zend\Dojo\View\Helper\VerticalSlider.php --> ftp.amfar.com.br /public_html/ZendLibrary/Zend/Dojo/View/Helper VerticalSlider.php
