2011.06.20 18:47 B F:\xampp\htdocs\zf-tutorial\library\Zend\Mime\Decode.php --> ftp.portalridgid.com.br /public_html/zf-tutorial/library/Zend/Mime Decode.php
2011.06.20 18:47 B F:\xampp\htdocs\zf-tutorial\library\Zend\Mime\Exception.php --> ftp.portalridgid.com.br /public_html/zf-tutorial/library/Zend/Mime Exception.php
2011.06.20 18:47 B F:\xampp\htdocs\zf-tutorial\library\Zend\Mime\Message.php --> ftp.portalridgid.com.br /public_html/zf-tutorial/library/Zend/Mime Message.php
2011.06.20 18:47 B F:\xampp\htdocs\zf-tutorial\library\Zend\Mime\Part.php --> ftp.portalridgid.com.br /public_html/zf-tutorial/library/Zend/Mime Part.php
2011.06.30 03:22 B F:\xampp\htdocs\zendLibrary\Zend\Mime\WS_FTP.LOG --> ftp.sbrafh.org.br /sbrafh/Web/zendLibrary/Zend/Mime WS_FTP.LOG
2011.06.30 03:22 B F:\xampp\htdocs\zendLibrary\Zend\Mime\Decode.php --> ftp.sbrafh.org.br /sbrafh/Web/zendLibrary/Zend/Mime Decode.php
2011.06.30 03:22 B F:\xampp\htdocs\zendLibrary\Zend\Mime\Part.php --> ftp.sbrafh.org.br /sbrafh/Web/zendLibrary/Zend/Mime Part.php
2011.06.30 03:22 B F:\xampp\htdocs\zendLibrary\Zend\Mime\Message.php --> ftp.sbrafh.org.br /sbrafh/Web/zendLibrary/Zend/Mime Message.php
2011.06.30 03:22 B F:\xampp\htdocs\zendLibrary\Zend\Mime\Exception.php --> ftp.sbrafh.org.br /sbrafh/Web/zendLibrary/Zend/Mime Exception.php
2011.07.09 00:13 B F:\xampp\htdocs\zendLibrary\Zend\Mime\Decode.php --> ftp.radiofone.com.br /public_html/radiofone/zendLibrary/Zend/Mime Decode.php
2011.07.09 00:13 B F:\xampp\htdocs\zendLibrary\Zend\Mime\Exception.php --> ftp.radiofone.com.br /public_html/radiofone/zendLibrary/Zend/Mime Exception.php
2011.07.09 00:13 B F:\xampp\htdocs\zendLibrary\Zend\Mime\Message.php --> ftp.radiofone.com.br /public_html/radiofone/zendLibrary/Zend/Mime Message.php
2011.07.09 00:13 B F:\xampp\htdocs\zendLibrary\Zend\Mime\Part.php --> ftp.radiofone.com.br /public_html/radiofone/zendLibrary/Zend/Mime Part.php
2011.07.09 00:13 B F:\xampp\htdocs\zendLibrary\Zend\Mime\WS_FTP.LOG --> ftp.radiofone.com.br /public_html/radiofone/zendLibrary/Zend/Mime WS_FTP.LOG
2011.07.09 00:49 B F:\xampp\htdocs\zendLibrary\Zend\Mime\WS_FTP.LOG --> ftp.radiofone.com.br /public_html/radiofone/zendLibrary/Zend/Mime WS_FTP.LOG
2011.07.26 23:02 B F:\xampp\htdocs\zendLibrary\Zend\Mime\Decode.php --> ftp.sobrafo.org.br /public_html/zendLibrary/Zend/Mime Decode.php
2011.07.26 23:02 B F:\xampp\htdocs\zendLibrary\Zend\Mime\Exception.php --> ftp.sobrafo.org.br /public_html/zendLibrary/Zend/Mime Exception.php
2011.07.26 23:02 B F:\xampp\htdocs\zendLibrary\Zend\Mime\Message.php --> ftp.sobrafo.org.br /public_html/zendLibrary/Zend/Mime Message.php
2011.07.26 23:02 B F:\xampp\htdocs\zendLibrary\Zend\Mime\Part.php --> ftp.sobrafo.org.br /public_html/zendLibrary/Zend/Mime Part.php
2011.07.26 23:02 B F:\xampp\htdocs\zendLibrary\Zend\Mime\WS_FTP.LOG --> ftp.sobrafo.org.br /public_html/zendLibrary/Zend/Mime WS_FTP.LOG
2011.08.09 17:22 B F:\xampp\htdocs\ZendLibrary\Zend\Mime\Decode.php --> ftp.amfar.com.br /public_html/ZendLibrary/Zend/Mime Decode.php
2011.08.09 17:22 B F:\xampp\htdocs\ZendLibrary\Zend\Mime\Exception.php --> ftp.amfar.com.br /public_html/ZendLibrary/Zend/Mime Exception.php
2011.08.09 17:22 B F:\xampp\htdocs\ZendLibrary\Zend\Mime\Message.php --> ftp.amfar.com.br /public_html/ZendLibrary/Zend/Mime Message.php
2011.08.09 17:22 B F:\xampp\htdocs\ZendLibrary\Zend\Mime\Part.php --> ftp.amfar.com.br /public_html/ZendLibrary/Zend/Mime Part.php
