2011.06.20 18:46 B F:\xampp\htdocs\zf-tutorial\library\Zend\Locale\Data.php --> ftp.portalridgid.com.br /public_html/zf-tutorial/library/Zend/Locale Data.php
2011.06.20 18:46 B F:\xampp\htdocs\zf-tutorial\library\Zend\Locale\Exception.php --> ftp.portalridgid.com.br /public_html/zf-tutorial/library/Zend/Locale Exception.php
2011.06.20 18:46 B F:\xampp\htdocs\zf-tutorial\library\Zend\Locale\Format.php --> ftp.portalridgid.com.br /public_html/zf-tutorial/library/Zend/Locale Format.php
2011.06.20 18:46 B F:\xampp\htdocs\zf-tutorial\library\Zend\Locale\Math.php --> ftp.portalridgid.com.br /public_html/zf-tutorial/library/Zend/Locale Math.php
2011.06.30 03:30 B F:\xampp\htdocs\zendLibrary\Zend\Locale\WS_FTP.LOG --> ftp.sbrafh.org.br /sbrafh/Web/zendLibrary/Zend/Locale WS_FTP.LOG
2011.06.30 03:30 B F:\xampp\htdocs\zendLibrary\Zend\Locale\Math.php --> ftp.sbrafh.org.br /sbrafh/Web/zendLibrary/Zend/Locale Math.php
2011.06.30 03:31 B F:\xampp\htdocs\zendLibrary\Zend\Locale\Format.php --> ftp.sbrafh.org.br /sbrafh/Web/zendLibrary/Zend/Locale Format.php
2011.06.30 03:31 B F:\xampp\htdocs\zendLibrary\Zend\Locale\Exception.php --> ftp.sbrafh.org.br /sbrafh/Web/zendLibrary/Zend/Locale Exception.php
2011.06.30 03:31 B F:\xampp\htdocs\zendLibrary\Zend\Locale\Data.php --> ftp.sbrafh.org.br /sbrafh/Web/zendLibrary/Zend/Locale Data.php
2011.07.09 00:12 B F:\xampp\htdocs\zendLibrary\Zend\Locale\Data.php --> ftp.radiofone.com.br /public_html/radiofone/zendLibrary/Zend/Locale Data.php
2011.07.09 00:12 B F:\xampp\htdocs\zendLibrary\Zend\Locale\Exception.php --> ftp.radiofone.com.br /public_html/radiofone/zendLibrary/Zend/Locale Exception.php
2011.07.09 00:12 B F:\xampp\htdocs\zendLibrary\Zend\Locale\Format.php --> ftp.radiofone.com.br /public_html/radiofone/zendLibrary/Zend/Locale Format.php
2011.07.09 00:12 B F:\xampp\htdocs\zendLibrary\Zend\Locale\Math.php --> ftp.radiofone.com.br /public_html/radiofone/zendLibrary/Zend/Locale Math.php
2011.07.09 00:12 B F:\xampp\htdocs\zendLibrary\Zend\Locale\WS_FTP.LOG --> ftp.radiofone.com.br /public_html/radiofone/zendLibrary/Zend/Locale WS_FTP.LOG
2011.07.09 00:49 B F:\xampp\htdocs\zendLibrary\Zend\Locale\WS_FTP.LOG --> ftp.radiofone.com.br /public_html/radiofone/zendLibrary/Zend/Locale WS_FTP.LOG
2011.07.26 23:01 B F:\xampp\htdocs\zendLibrary\Zend\Locale\Data.php --> ftp.sobrafo.org.br /public_html/zendLibrary/Zend/Locale Data.php
2011.07.26 23:01 B F:\xampp\htdocs\zendLibrary\Zend\Locale\Exception.php --> ftp.sobrafo.org.br /public_html/zendLibrary/Zend/Locale Exception.php
2011.07.26 23:01 B F:\xampp\htdocs\zendLibrary\Zend\Locale\Format.php --> ftp.sobrafo.org.br /public_html/zendLibrary/Zend/Locale Format.php
2011.07.26 23:01 B F:\xampp\htdocs\zendLibrary\Zend\Locale\Math.php --> ftp.sobrafo.org.br /public_html/zendLibrary/Zend/Locale Math.php
2011.07.26 23:01 B F:\xampp\htdocs\zendLibrary\Zend\Locale\WS_FTP.LOG --> ftp.sobrafo.org.br /public_html/zendLibrary/Zend/Locale WS_FTP.LOG
2011.08.09 17:21 B F:\xampp\htdocs\ZendLibrary\Zend\Locale\Data.php --> ftp.amfar.com.br /public_html/ZendLibrary/Zend/Locale Data.php
2011.08.09 17:21 B F:\xampp\htdocs\ZendLibrary\Zend\Locale\Exception.php --> ftp.amfar.com.br /public_html/ZendLibrary/Zend/Locale Exception.php
2011.08.09 17:21 B F:\xampp\htdocs\ZendLibrary\Zend\Locale\Format.php --> ftp.amfar.com.br /public_html/ZendLibrary/Zend/Locale Format.php
2011.08.09 17:21 B F:\xampp\htdocs\ZendLibrary\Zend\Locale\Math.php --> ftp.amfar.com.br /public_html/ZendLibrary/Zend/Locale Math.php
