2011.06.20 18:51 B F:\xampp\htdocs\zf-tutorial\library\Zend\Server\Method\Callback.php --> ftp.portalridgid.com.br /public_html/zf-tutorial/library/Zend/Server/Method Callback.php
2011.06.20 18:51 B F:\xampp\htdocs\zf-tutorial\library\Zend\Server\Method\Definition.php --> ftp.portalridgid.com.br /public_html/zf-tutorial/library/Zend/Server/Method Definition.php
2011.06.20 18:51 B F:\xampp\htdocs\zf-tutorial\library\Zend\Server\Method\Parameter.php --> ftp.portalridgid.com.br /public_html/zf-tutorial/library/Zend/Server/Method Parameter.php
2011.06.20 18:51 B F:\xampp\htdocs\zf-tutorial\library\Zend\Server\Method\Prototype.php --> ftp.portalridgid.com.br /public_html/zf-tutorial/library/Zend/Server/Method Prototype.php
2011.06.30 03:17 B F:\xampp\htdocs\zendLibrary\Zend\Server\Method\WS_FTP.LOG --> ftp.sbrafh.org.br /sbrafh/Web/zendLibrary/Zend/Server/Method WS_FTP.LOG
2011.06.30 03:17 B F:\xampp\htdocs\zendLibrary\Zend\Server\Method\Prototype.php --> ftp.sbrafh.org.br /sbrafh/Web/zendLibrary/Zend/Server/Method Prototype.php
2011.06.30 03:17 B F:\xampp\htdocs\zendLibrary\Zend\Server\Method\Parameter.php --> ftp.sbrafh.org.br /sbrafh/Web/zendLibrary/Zend/Server/Method Parameter.php
2011.06.30 03:17 B F:\xampp\htdocs\zendLibrary\Zend\Server\Method\Definition.php --> ftp.sbrafh.org.br /sbrafh/Web/zendLibrary/Zend/Server/Method Definition.php
2011.06.30 03:17 B F:\xampp\htdocs\zendLibrary\Zend\Server\Method\Callback.php --> ftp.sbrafh.org.br /sbrafh/Web/zendLibrary/Zend/Server/Method Callback.php
2011.07.09 00:17 B F:\xampp\htdocs\zendLibrary\Zend\Server\Method\Callback.php --> ftp.radiofone.com.br /public_html/radiofone/zendLibrary/Zend/Server/Method Callback.php
2011.07.09 00:17 B F:\xampp\htdocs\zendLibrary\Zend\Server\Method\Definition.php --> ftp.radiofone.com.br /public_html/radiofone/zendLibrary/Zend/Server/Method Definition.php
2011.07.09 00:17 B F:\xampp\htdocs\zendLibrary\Zend\Server\Method\Parameter.php --> ftp.radiofone.com.br /public_html/radiofone/zendLibrary/Zend/Server/Method Parameter.php
2011.07.09 00:17 B F:\xampp\htdocs\zendLibrary\Zend\Server\Method\Prototype.php --> ftp.radiofone.com.br /public_html/radiofone/zendLibrary/Zend/Server/Method Prototype.php
2011.07.09 00:17 B F:\xampp\htdocs\zendLibrary\Zend\Server\Method\WS_FTP.LOG --> ftp.radiofone.com.br /public_html/radiofone/zendLibrary/Zend/Server/Method WS_FTP.LOG
2011.07.26 23:06 B F:\xampp\htdocs\zendLibrary\Zend\Server\Method\Callback.php --> ftp.sobrafo.org.br /public_html/zendLibrary/Zend/Server/Method Callback.php
2011.07.26 23:06 B F:\xampp\htdocs\zendLibrary\Zend\Server\Method\Definition.php --> ftp.sobrafo.org.br /public_html/zendLibrary/Zend/Server/Method Definition.php
2011.07.26 23:06 B F:\xampp\htdocs\zendLibrary\Zend\Server\Method\Parameter.php --> ftp.sobrafo.org.br /public_html/zendLibrary/Zend/Server/Method Parameter.php
2011.07.26 23:06 B F:\xampp\htdocs\zendLibrary\Zend\Server\Method\Prototype.php --> ftp.sobrafo.org.br /public_html/zendLibrary/Zend/Server/Method Prototype.php
2011.07.26 23:06 B F:\xampp\htdocs\zendLibrary\Zend\Server\Method\WS_FTP.LOG --> ftp.sobrafo.org.br /public_html/zendLibrary/Zend/Server/Method WS_FTP.LOG
2011.08.09 17:27 B F:\xampp\htdocs\ZendLibrary\Zend\Server\Method\Callback.php --> ftp.amfar.com.br /public_html/ZendLibrary/Zend/Server/Method Callback.php
2011.08.09 17:27 B F:\xampp\htdocs\ZendLibrary\Zend\Server\Method\Definition.php --> ftp.amfar.com.br /public_html/ZendLibrary/Zend/Server/Method Definition.php
2011.08.09 17:27 B F:\xampp\htdocs\ZendLibrary\Zend\Server\Method\Parameter.php --> ftp.amfar.com.br /public_html/ZendLibrary/Zend/Server/Method Parameter.php
2011.08.09 17:27 B F:\xampp\htdocs\ZendLibrary\Zend\Server\Method\Prototype.php --> ftp.amfar.com.br /public_html/ZendLibrary/Zend/Server/Method Prototype.php
