2011.06.20 18:37 B F:\xampp\htdocs\zf-tutorial\library\Zend\Gdata\Gapps\EmailListEntry.php --> ftp.portalridgid.com.br /public_html/zf-tutorial/library/Zend/Gdata/Gapps EmailListEntry.php
2011.06.20 18:37 B F:\xampp\htdocs\zf-tutorial\library\Zend\Gdata\Gapps\EmailListFeed.php --> ftp.portalridgid.com.br /public_html/zf-tutorial/library/Zend/Gdata/Gapps EmailListFeed.php
2011.06.20 18:37 B F:\xampp\htdocs\zf-tutorial\library\Zend\Gdata\Gapps\EmailListQuery.php --> ftp.portalridgid.com.br /public_html/zf-tutorial/library/Zend/Gdata/Gapps EmailListQuery.php
2011.06.20 18:37 B F:\xampp\htdocs\zf-tutorial\library\Zend\Gdata\Gapps\EmailListRecipientEntry.php --> ftp.portalridgid.com.br /public_html/zf-tutorial/library/Zend/Gdata/Gapps EmailListRecipientEntry.php
2011.06.20 18:37 B F:\xampp\htdocs\zf-tutorial\library\Zend\Gdata\Gapps\EmailListRecipientFeed.php --> ftp.portalridgid.com.br /public_html/zf-tutorial/library/Zend/Gdata/Gapps EmailListRecipientFeed.php
2011.06.20 18:37 B F:\xampp\htdocs\zf-tutorial\library\Zend\Gdata\Gapps\EmailListRecipientQuery.php --> ftp.portalridgid.com.br /public_html/zf-tutorial/library/Zend/Gdata/Gapps EmailListRecipientQuery.php
2011.06.20 18:37 B F:\xampp\htdocs\zf-tutorial\library\Zend\Gdata\Gapps\Error.php --> ftp.portalridgid.com.br /public_html/zf-tutorial/library/Zend/Gdata/Gapps Error.php
2011.06.20 18:37 B F:\xampp\htdocs\zf-tutorial\library\Zend\Gdata\Gapps\GroupEntry.php --> ftp.portalridgid.com.br /public_html/zf-tutorial/library/Zend/Gdata/Gapps GroupEntry.php
2011.06.20 18:37 B F:\xampp\htdocs\zf-tutorial\library\Zend\Gdata\Gapps\GroupFeed.php --> ftp.portalridgid.com.br /public_html/zf-tutorial/library/Zend/Gdata/Gapps GroupFeed.php
2011.06.20 18:37 B F:\xampp\htdocs\zf-tutorial\library\Zend\Gdata\Gapps\GroupQuery.php --> ftp.portalridgid.com.br /public_html/zf-tutorial/library/Zend/Gdata/Gapps GroupQuery.php
2011.06.20 18:37 B F:\xampp\htdocs\zf-tutorial\library\Zend\Gdata\Gapps\MemberEntry.php --> ftp.portalridgid.com.br /public_html/zf-tutorial/library/Zend/Gdata/Gapps MemberEntry.php
2011.06.20 18:37 B F:\xampp\htdocs\zf-tutorial\library\Zend\Gdata\Gapps\MemberFeed.php --> ftp.portalridgid.com.br /public_html/zf-tutorial/library/Zend/Gdata/Gapps MemberFeed.php
2011.06.20 18:37 B F:\xampp\htdocs\zf-tutorial\library\Zend\Gdata\Gapps\MemberQuery.php --> ftp.portalridgid.com.br /public_html/zf-tutorial/library/Zend/Gdata/Gapps MemberQuery.php
2011.06.20 18:37 B F:\xampp\htdocs\zf-tutorial\library\Zend\Gdata\Gapps\NicknameEntry.php --> ftp.portalridgid.com.br /public_html/zf-tutorial/library/Zend/Gdata/Gapps NicknameEntry.php
2011.06.20 18:37 B F:\xampp\htdocs\zf-tutorial\library\Zend\Gdata\Gapps\NicknameFeed.php --> ftp.portalridgid.com.br /public_html/zf-tutorial/library/Zend/Gdata/Gapps NicknameFeed.php
2011.06.20 18:37 B F:\xampp\htdocs\zf-tutorial\library\Zend\Gdata\Gapps\NicknameQuery.php --> ftp.portalridgid.com.br /public_html/zf-tutorial/library/Zend/Gdata/Gapps NicknameQuery.php
2011.06.20 18:37 B F:\xampp\htdocs\zf-tutorial\library\Zend\Gdata\Gapps\OwnerEntry.php --> ftp.portalridgid.com.br /public_html/zf-tutorial/library/Zend/Gdata/Gapps OwnerEntry.php
2011.06.20 18:37 B F:\xampp\htdocs\zf-tutorial\library\Zend\Gdata\Gapps\OwnerFeed.php --> ftp.portalridgid.com.br /public_html/zf-tutorial/library/Zend/Gdata/Gapps OwnerFeed.php
2011.06.20 18:37 B F:\xampp\htdocs\zf-tutorial\library\Zend\Gdata\Gapps\OwnerQuery.php --> ftp.portalridgid.com.br /public_html/zf-tutorial/library/Zend/Gdata/Gapps OwnerQuery.php
2011.06.20 18:37 B F:\xampp\htdocs\zf-tutorial\library\Zend\Gdata\Gapps\Query.php --> ftp.portalridgid.com.br /public_html/zf-tutorial/library/Zend/Gdata/Gapps Query.php
2011.06.20 18:37 B F:\xampp\htdocs\zf-tutorial\library\Zend\Gdata\Gapps\ServiceException.php --> ftp.portalridgid.com.br /public_html/zf-tutorial/library/Zend/Gdata/Gapps ServiceException.php
2011.06.20 18:37 B F:\xampp\htdocs\zf-tutorial\library\Zend\Gdata\Gapps\UserEntry.php --> ftp.portalridgid.com.br /public_html/zf-tutorial/library/Zend/Gdata/Gapps UserEntry.php
2011.06.20 18:37 B F:\xampp\htdocs\zf-tutorial\library\Zend\Gdata\Gapps\UserFeed.php --> ftp.portalridgid.com.br /public_html/zf-tutorial/library/Zend/Gdata/Gapps UserFeed.php
2011.06.20 18:37 B F:\xampp\htdocs\zf-tutorial\library\Zend\Gdata\Gapps\UserQuery.php --> ftp.portalridgid.com.br /public_html/zf-tutorial/library/Zend/Gdata/Gapps UserQuery.php
2011.06.30 03:35 B F:\xampp\htdocs\zendLibrary\Zend\Gdata\Gapps\WS_FTP.LOG --> ftp.sbrafh.org.br /sbrafh/Web/zendLibrary/Zend/Gdata/Gapps WS_FTP.LOG
2011.06.30 03:35 B F:\xampp\htdocs\zendLibrary\Zend\Gdata\Gapps\UserQuery.php --> ftp.sbrafh.org.br /sbrafh/Web/zendLibrary/Zend/Gdata/Gapps UserQuery.php
2011.06.30 03:35 B F:\xampp\htdocs\zendLibrary\Zend\Gdata\Gapps\UserFeed.php --> ftp.sbrafh.org.br /sbrafh/Web/zendLibrary/Zend/Gdata/Gapps UserFeed.php
2011.06.30 03:35 B F:\xampp\htdocs\zendLibrary\Zend\Gdata\Gapps\UserEntry.php --> ftp.sbrafh.org.br /sbrafh/Web/zendLibrary/Zend/Gdata/Gapps UserEntry.php
2011.06.30 03:35 B F:\xampp\htdocs\zendLibrary\Zend\Gdata\Gapps\ServiceException.php --> ftp.sbrafh.org.br /sbrafh/Web/zendLibrary/Zend/Gdata/Gapps ServiceException.php
2011.06.30 03:35 B F:\xampp\htdocs\zendLibrary\Zend\Gdata\Gapps\Query.php --> ftp.sbrafh.org.br /sbrafh/Web/zendLibrary/Zend/Gdata/Gapps Query.php
2011.06.30 03:35 B F:\xampp\htdocs\zendLibrary\Zend\Gdata\Gapps\OwnerQuery.php --> ftp.sbrafh.org.br /sbrafh/Web/zendLibrary/Zend/Gdata/Gapps OwnerQuery.php
2011.06.30 03:35 B F:\xampp\htdocs\zendLibrary\Zend\Gdata\Gapps\OwnerFeed.php --> ftp.sbrafh.org.br /sbrafh/Web/zendLibrary/Zend/Gdata/Gapps OwnerFeed.php
2011.06.30 03:35 B F:\xampp\htdocs\zendLibrary\Zend\Gdata\Gapps\OwnerEntry.php --> ftp.sbrafh.org.br /sbrafh/Web/zendLibrary/Zend/Gdata/Gapps OwnerEntry.php
2011.06.30 03:35 B F:\xampp\htdocs\zendLibrary\Zend\Gdata\Gapps\NicknameQuery.php --> ftp.sbrafh.org.br /sbrafh/Web/zendLibrary/Zend/Gdata/Gapps NicknameQuery.php
2011.06.30 03:35 B F:\xampp\htdocs\zendLibrary\Zend\Gdata\Gapps\NicknameFeed.php --> ftp.sbrafh.org.br /sbrafh/Web/zendLibrary/Zend/Gdata/Gapps NicknameFeed.php
2011.06.30 03:35 B F:\xampp\htdocs\zendLibrary\Zend\Gdata\Gapps\NicknameEntry.php --> ftp.sbrafh.org.br /sbrafh/Web/zendLibrary/Zend/Gdata/Gapps NicknameEntry.php
2011.06.30 03:35 B F:\xampp\htdocs\zendLibrary\Zend\Gdata\Gapps\MemberQuery.php --> ftp.sbrafh.org.br /sbrafh/Web/zendLibrary/Zend/Gdata/Gapps MemberQuery.php
2011.06.30 03:35 B F:\xampp\htdocs\zendLibrary\Zend\Gdata\Gapps\MemberFeed.php --> ftp.sbrafh.org.br /sbrafh/Web/zendLibrary/Zend/Gdata/Gapps MemberFeed.php
2011.06.30 03:35 B F:\xampp\htdocs\zendLibrary\Zend\Gdata\Gapps\MemberEntry.php --> ftp.sbrafh.org.br /sbrafh/Web/zendLibrary/Zend/Gdata/Gapps MemberEntry.php
2011.06.30 03:35 B F:\xampp\htdocs\zendLibrary\Zend\Gdata\Gapps\GroupQuery.php --> ftp.sbrafh.org.br /sbrafh/Web/zendLibrary/Zend/Gdata/Gapps GroupQuery.php
2011.06.30 03:35 B F:\xampp\htdocs\zendLibrary\Zend\Gdata\Gapps\GroupFeed.php --> ftp.sbrafh.org.br /sbrafh/Web/zendLibrary/Zend/Gdata/Gapps GroupFeed.php
2011.06.30 03:35 B F:\xampp\htdocs\zendLibrary\Zend\Gdata\Gapps\GroupEntry.php --> ftp.sbrafh.org.br /sbrafh/Web/zendLibrary/Zend/Gdata/Gapps GroupEntry.php
2011.06.30 03:35 B F:\xampp\htdocs\zendLibrary\Zend\Gdata\Gapps\Error.php --> ftp.sbrafh.org.br /sbrafh/Web/zendLibrary/Zend/Gdata/Gapps Error.php
2011.06.30 03:35 B F:\xampp\htdocs\zendLibrary\Zend\Gdata\Gapps\EmailListRecipientQuery.php --> ftp.sbrafh.org.br /sbrafh/Web/zendLibrary/Zend/Gdata/Gapps EmailListRecipientQuery.php
2011.06.30 03:35 B F:\xampp\htdocs\zendLibrary\Zend\Gdata\Gapps\EmailListRecipientFeed.php --> ftp.sbrafh.org.br /sbrafh/Web/zendLibrary/Zend/Gdata/Gapps EmailListRecipientFeed.php
2011.06.30 03:35 B F:\xampp\htdocs\zendLibrary\Zend\Gdata\Gapps\EmailListRecipientEntry.php --> ftp.sbrafh.org.br /sbrafh/Web/zendLibrary/Zend/Gdata/Gapps EmailListRecipientEntry.php
2011.06.30 03:35 B F:\xampp\htdocs\zendLibrary\Zend\Gdata\Gapps\EmailListQuery.php --> ftp.sbrafh.org.br /sbrafh/Web/zendLibrary/Zend/Gdata/Gapps EmailListQuery.php
2011.06.30 03:35 B F:\xampp\htdocs\zendLibrary\Zend\Gdata\Gapps\EmailListFeed.php --> ftp.sbrafh.org.br /sbrafh/Web/zendLibrary/Zend/Gdata/Gapps EmailListFeed.php
2011.06.30 03:35 B F:\xampp\htdocs\zendLibrary\Zend\Gdata\Gapps\EmailListEntry.php --> ftp.sbrafh.org.br /sbrafh/Web/zendLibrary/Zend/Gdata/Gapps EmailListEntry.php
2011.07.08 23:51 B F:\xampp\htdocs\zendLibrary\Zend\Gdata\Gapps\EmailListEntry.php --> ftp.radiofone.com.br /public_html/radiofone/zendLibrary/Zend/Gdata/Gapps EmailListEntry.php
2011.07.08 23:51 B F:\xampp\htdocs\zendLibrary\Zend\Gdata\Gapps\EmailListFeed.php --> ftp.radiofone.com.br /public_html/radiofone/zendLibrary/Zend/Gdata/Gapps EmailListFeed.php
2011.07.08 23:51 B F:\xampp\htdocs\zendLibrary\Zend\Gdata\Gapps\EmailListQuery.php --> ftp.radiofone.com.br /public_html/radiofone/zendLibrary/Zend/Gdata/Gapps EmailListQuery.php
2011.07.08 23:51 B F:\xampp\htdocs\zendLibrary\Zend\Gdata\Gapps\EmailListRecipientEntry.php --> ftp.radiofone.com.br /public_html/radiofone/zendLibrary/Zend/Gdata/Gapps EmailListRecipientEntry.php
2011.07.08 23:51 B F:\xampp\htdocs\zendLibrary\Zend\Gdata\Gapps\EmailListRecipientFeed.php --> ftp.radiofone.com.br /public_html/radiofone/zendLibrary/Zend/Gdata/Gapps EmailListRecipientFeed.php
2011.07.08 23:51 B F:\xampp\htdocs\zendLibrary\Zend\Gdata\Gapps\EmailListRecipientQuery.php --> ftp.radiofone.com.br /public_html/radiofone/zendLibrary/Zend/Gdata/Gapps EmailListRecipientQuery.php
2011.07.08 23:51 B F:\xampp\htdocs\zendLibrary\Zend\Gdata\Gapps\Error.php --> ftp.radiofone.com.br /public_html/radiofone/zendLibrary/Zend/Gdata/Gapps Error.php
2011.07.08 23:51 B F:\xampp\htdocs\zendLibrary\Zend\Gdata\Gapps\GroupEntry.php --> ftp.radiofone.com.br /public_html/radiofone/zendLibrary/Zend/Gdata/Gapps GroupEntry.php
2011.07.08 23:51 B F:\xampp\htdocs\zendLibrary\Zend\Gdata\Gapps\GroupFeed.php --> ftp.radiofone.com.br /public_html/radiofone/zendLibrary/Zend/Gdata/Gapps GroupFeed.php
2011.07.08 23:51 B F:\xampp\htdocs\zendLibrary\Zend\Gdata\Gapps\GroupQuery.php --> ftp.radiofone.com.br /public_html/radiofone/zendLibrary/Zend/Gdata/Gapps GroupQuery.php
2011.07.08 23:51 B F:\xampp\htdocs\zendLibrary\Zend\Gdata\Gapps\MemberEntry.php --> ftp.radiofone.com.br /public_html/radiofone/zendLibrary/Zend/Gdata/Gapps MemberEntry.php
2011.07.08 23:51 B F:\xampp\htdocs\zendLibrary\Zend\Gdata\Gapps\MemberFeed.php --> ftp.radiofone.com.br /public_html/radiofone/zendLibrary/Zend/Gdata/Gapps MemberFeed.php
2011.07.08 23:51 B F:\xampp\htdocs\zendLibrary\Zend\Gdata\Gapps\MemberQuery.php --> ftp.radiofone.com.br /public_html/radiofone/zendLibrary/Zend/Gdata/Gapps MemberQuery.php
2011.07.08 23:51 B F:\xampp\htdocs\zendLibrary\Zend\Gdata\Gapps\NicknameEntry.php --> ftp.radiofone.com.br /public_html/radiofone/zendLibrary/Zend/Gdata/Gapps NicknameEntry.php
2011.07.08 23:51 B F:\xampp\htdocs\zendLibrary\Zend\Gdata\Gapps\NicknameFeed.php --> ftp.radiofone.com.br /public_html/radiofone/zendLibrary/Zend/Gdata/Gapps NicknameFeed.php
2011.07.08 23:51 B F:\xampp\htdocs\zendLibrary\Zend\Gdata\Gapps\NicknameQuery.php --> ftp.radiofone.com.br /public_html/radiofone/zendLibrary/Zend/Gdata/Gapps NicknameQuery.php
2011.07.08 23:51 B F:\xampp\htdocs\zendLibrary\Zend\Gdata\Gapps\OwnerEntry.php --> ftp.radiofone.com.br /public_html/radiofone/zendLibrary/Zend/Gdata/Gapps OwnerEntry.php
2011.07.08 23:51 B F:\xampp\htdocs\zendLibrary\Zend\Gdata\Gapps\OwnerFeed.php --> ftp.radiofone.com.br /public_html/radiofone/zendLibrary/Zend/Gdata/Gapps OwnerFeed.php
2011.07.08 23:51 B F:\xampp\htdocs\zendLibrary\Zend\Gdata\Gapps\OwnerQuery.php --> ftp.radiofone.com.br /public_html/radiofone/zendLibrary/Zend/Gdata/Gapps OwnerQuery.php
2011.07.08 23:51 B F:\xampp\htdocs\zendLibrary\Zend\Gdata\Gapps\Query.php --> ftp.radiofone.com.br /public_html/radiofone/zendLibrary/Zend/Gdata/Gapps Query.php
2011.07.08 23:51 B F:\xampp\htdocs\zendLibrary\Zend\Gdata\Gapps\ServiceException.php --> ftp.radiofone.com.br /public_html/radiofone/zendLibrary/Zend/Gdata/Gapps ServiceException.php
2011.07.08 23:51 B F:\xampp\htdocs\zendLibrary\Zend\Gdata\Gapps\UserEntry.php --> ftp.radiofone.com.br /public_html/radiofone/zendLibrary/Zend/Gdata/Gapps UserEntry.php
2011.07.08 23:51 B F:\xampp\htdocs\zendLibrary\Zend\Gdata\Gapps\UserFeed.php --> ftp.radiofone.com.br /public_html/radiofone/zendLibrary/Zend/Gdata/Gapps UserFeed.php
2011.07.08 23:51 B F:\xampp\htdocs\zendLibrary\Zend\Gdata\Gapps\UserQuery.php --> ftp.radiofone.com.br /public_html/radiofone/zendLibrary/Zend/Gdata/Gapps UserQuery.php
2011.07.08 23:51 B F:\xampp\htdocs\zendLibrary\Zend\Gdata\Gapps\WS_FTP.LOG --> ftp.radiofone.com.br /public_html/radiofone/zendLibrary/Zend/Gdata/Gapps WS_FTP.LOG
2011.07.09 00:47 B F:\xampp\htdocs\zendLibrary\Zend\Gdata\Gapps\WS_FTP.LOG --> ftp.radiofone.com.br /public_html/radiofone/zendLibrary/Zend/Gdata/Gapps WS_FTP.LOG
2011.07.26 22:51 B F:\xampp\htdocs\zendLibrary\Zend\Gdata\Gapps\EmailListEntry.php --> ftp.sobrafo.org.br /public_html/zendLibrary/Zend/Gdata/Gapps EmailListEntry.php
2011.07.26 22:51 B F:\xampp\htdocs\zendLibrary\Zend\Gdata\Gapps\EmailListFeed.php --> ftp.sobrafo.org.br /public_html/zendLibrary/Zend/Gdata/Gapps EmailListFeed.php
2011.07.26 22:51 B F:\xampp\htdocs\zendLibrary\Zend\Gdata\Gapps\EmailListQuery.php --> ftp.sobrafo.org.br /public_html/zendLibrary/Zend/Gdata/Gapps EmailListQuery.php
2011.07.26 22:51 B F:\xampp\htdocs\zendLibrary\Zend\Gdata\Gapps\EmailListRecipientEntry.php --> ftp.sobrafo.org.br /public_html/zendLibrary/Zend/Gdata/Gapps EmailListRecipientEntry.php
2011.07.26 22:51 B F:\xampp\htdocs\zendLibrary\Zend\Gdata\Gapps\EmailListRecipientFeed.php --> ftp.sobrafo.org.br /public_html/zendLibrary/Zend/Gdata/Gapps EmailListRecipientFeed.php
2011.07.26 22:51 B F:\xampp\htdocs\zendLibrary\Zend\Gdata\Gapps\EmailListRecipientQuery.php --> ftp.sobrafo.org.br /public_html/zendLibrary/Zend/Gdata/Gapps EmailListRecipientQuery.php
2011.07.26 22:51 B F:\xampp\htdocs\zendLibrary\Zend\Gdata\Gapps\Error.php --> ftp.sobrafo.org.br /public_html/zendLibrary/Zend/Gdata/Gapps Error.php
2011.07.26 22:51 B F:\xampp\htdocs\zendLibrary\Zend\Gdata\Gapps\GroupEntry.php --> ftp.sobrafo.org.br /public_html/zendLibrary/Zend/Gdata/Gapps GroupEntry.php
2011.07.26 22:51 B F:\xampp\htdocs\zendLibrary\Zend\Gdata\Gapps\GroupFeed.php --> ftp.sobrafo.org.br /public_html/zendLibrary/Zend/Gdata/Gapps GroupFeed.php
2011.07.26 22:51 B F:\xampp\htdocs\zendLibrary\Zend\Gdata\Gapps\GroupQuery.php --> ftp.sobrafo.org.br /public_html/zendLibrary/Zend/Gdata/Gapps GroupQuery.php
2011.07.26 22:51 B F:\xampp\htdocs\zendLibrary\Zend\Gdata\Gapps\MemberEntry.php --> ftp.sobrafo.org.br /public_html/zendLibrary/Zend/Gdata/Gapps MemberEntry.php
2011.07.26 22:51 B F:\xampp\htdocs\zendLibrary\Zend\Gdata\Gapps\MemberFeed.php --> ftp.sobrafo.org.br /public_html/zendLibrary/Zend/Gdata/Gapps MemberFeed.php
2011.07.26 22:51 B F:\xampp\htdocs\zendLibrary\Zend\Gdata\Gapps\MemberQuery.php --> ftp.sobrafo.org.br /public_html/zendLibrary/Zend/Gdata/Gapps MemberQuery.php
2011.07.26 22:51 B F:\xampp\htdocs\zendLibrary\Zend\Gdata\Gapps\NicknameEntry.php --> ftp.sobrafo.org.br /public_html/zendLibrary/Zend/Gdata/Gapps NicknameEntry.php
2011.07.26 22:51 B F:\xampp\htdocs\zendLibrary\Zend\Gdata\Gapps\NicknameFeed.php --> ftp.sobrafo.org.br /public_html/zendLibrary/Zend/Gdata/Gapps NicknameFeed.php
2011.07.26 22:51 B F:\xampp\htdocs\zendLibrary\Zend\Gdata\Gapps\NicknameQuery.php --> ftp.sobrafo.org.br /public_html/zendLibrary/Zend/Gdata/Gapps NicknameQuery.php
2011.07.26 22:51 B F:\xampp\htdocs\zendLibrary\Zend\Gdata\Gapps\OwnerEntry.php --> ftp.sobrafo.org.br /public_html/zendLibrary/Zend/Gdata/Gapps OwnerEntry.php
2011.07.26 22:51 B F:\xampp\htdocs\zendLibrary\Zend\Gdata\Gapps\OwnerFeed.php --> ftp.sobrafo.org.br /public_html/zendLibrary/Zend/Gdata/Gapps OwnerFeed.php
2011.07.26 22:51 B F:\xampp\htdocs\zendLibrary\Zend\Gdata\Gapps\OwnerQuery.php --> ftp.sobrafo.org.br /public_html/zendLibrary/Zend/Gdata/Gapps OwnerQuery.php
2011.07.26 22:51 B F:\xampp\htdocs\zendLibrary\Zend\Gdata\Gapps\Query.php --> ftp.sobrafo.org.br /public_html/zendLibrary/Zend/Gdata/Gapps Query.php
2011.07.26 22:51 B F:\xampp\htdocs\zendLibrary\Zend\Gdata\Gapps\ServiceException.php --> ftp.sobrafo.org.br /public_html/zendLibrary/Zend/Gdata/Gapps ServiceException.php
2011.07.26 22:51 B F:\xampp\htdocs\zendLibrary\Zend\Gdata\Gapps\UserEntry.php --> ftp.sobrafo.org.br /public_html/zendLibrary/Zend/Gdata/Gapps UserEntry.php
2011.07.26 22:51 B F:\xampp\htdocs\zendLibrary\Zend\Gdata\Gapps\UserFeed.php --> ftp.sobrafo.org.br /public_html/zendLibrary/Zend/Gdata/Gapps UserFeed.php
2011.07.26 22:51 B F:\xampp\htdocs\zendLibrary\Zend\Gdata\Gapps\UserQuery.php --> ftp.sobrafo.org.br /public_html/zendLibrary/Zend/Gdata/Gapps UserQuery.php
2011.07.26 22:51 B F:\xampp\htdocs\zendLibrary\Zend\Gdata\Gapps\WS_FTP.LOG --> ftp.sobrafo.org.br /public_html/zendLibrary/Zend/Gdata/Gapps WS_FTP.LOG
2011.08.09 17:01 B F:\xampp\htdocs\ZendLibrary\Zend\Gdata\Gapps\EmailListEntry.php --> ftp.amfar.com.br /public_html/ZendLibrary/Zend/Gdata/Gapps EmailListEntry.php
2011.08.09 17:01 B F:\xampp\htdocs\ZendLibrary\Zend\Gdata\Gapps\EmailListFeed.php --> ftp.amfar.com.br /public_html/ZendLibrary/Zend/Gdata/Gapps EmailListFeed.php
2011.08.09 17:01 B F:\xampp\htdocs\ZendLibrary\Zend\Gdata\Gapps\EmailListQuery.php --> ftp.amfar.com.br /public_html/ZendLibrary/Zend/Gdata/Gapps EmailListQuery.php
2011.08.09 17:01 B F:\xampp\htdocs\ZendLibrary\Zend\Gdata\Gapps\EmailListRecipientEntry.php --> ftp.amfar.com.br /public_html/ZendLibrary/Zend/Gdata/Gapps EmailListRecipientEntry.php
2011.08.09 17:01 B F:\xampp\htdocs\ZendLibrary\Zend\Gdata\Gapps\EmailListRecipientFeed.php --> ftp.amfar.com.br /public_html/ZendLibrary/Zend/Gdata/Gapps EmailListRecipientFeed.php
2011.08.09 17:01 B F:\xampp\htdocs\ZendLibrary\Zend\Gdata\Gapps\EmailListRecipientQuery.php --> ftp.amfar.com.br /public_html/ZendLibrary/Zend/Gdata/Gapps EmailListRecipientQuery.php
2011.08.09 17:01 B F:\xampp\htdocs\ZendLibrary\Zend\Gdata\Gapps\Error.php --> ftp.amfar.com.br /public_html/ZendLibrary/Zend/Gdata/Gapps Error.php
2011.08.09 17:01 B F:\xampp\htdocs\ZendLibrary\Zend\Gdata\Gapps\GroupEntry.php --> ftp.amfar.com.br /public_html/ZendLibrary/Zend/Gdata/Gapps GroupEntry.php
2011.08.09 17:01 B F:\xampp\htdocs\ZendLibrary\Zend\Gdata\Gapps\GroupFeed.php --> ftp.amfar.com.br /public_html/ZendLibrary/Zend/Gdata/Gapps GroupFeed.php
2011.08.09 17:01 B F:\xampp\htdocs\ZendLibrary\Zend\Gdata\Gapps\GroupQuery.php --> ftp.amfar.com.br /public_html/ZendLibrary/Zend/Gdata/Gapps GroupQuery.php
2011.08.09 17:01 B F:\xampp\htdocs\ZendLibrary\Zend\Gdata\Gapps\MemberEntry.php --> ftp.amfar.com.br /public_html/ZendLibrary/Zend/Gdata/Gapps MemberEntry.php
2011.08.09 17:01 B F:\xampp\htdocs\ZendLibrary\Zend\Gdata\Gapps\MemberFeed.php --> ftp.amfar.com.br /public_html/ZendLibrary/Zend/Gdata/Gapps MemberFeed.php
2011.08.09 17:01 B F:\xampp\htdocs\ZendLibrary\Zend\Gdata\Gapps\MemberQuery.php --> ftp.amfar.com.br /public_html/ZendLibrary/Zend/Gdata/Gapps MemberQuery.php
2011.08.09 17:01 B F:\xampp\htdocs\ZendLibrary\Zend\Gdata\Gapps\NicknameEntry.php --> ftp.amfar.com.br /public_html/ZendLibrary/Zend/Gdata/Gapps NicknameEntry.php
2011.08.09 17:01 B F:\xampp\htdocs\ZendLibrary\Zend\Gdata\Gapps\NicknameFeed.php --> ftp.amfar.com.br /public_html/ZendLibrary/Zend/Gdata/Gapps NicknameFeed.php
2011.08.09 17:01 B F:\xampp\htdocs\ZendLibrary\Zend\Gdata\Gapps\NicknameQuery.php --> ftp.amfar.com.br /public_html/ZendLibrary/Zend/Gdata/Gapps NicknameQuery.php
2011.08.09 17:01 B F:\xampp\htdocs\ZendLibrary\Zend\Gdata\Gapps\OwnerEntry.php --> ftp.amfar.com.br /public_html/ZendLibrary/Zend/Gdata/Gapps OwnerEntry.php
2011.08.09 17:01 B F:\xampp\htdocs\ZendLibrary\Zend\Gdata\Gapps\OwnerFeed.php --> ftp.amfar.com.br /public_html/ZendLibrary/Zend/Gdata/Gapps OwnerFeed.php
2011.08.09 17:01 B F:\xampp\htdocs\ZendLibrary\Zend\Gdata\Gapps\OwnerQuery.php --> ftp.amfar.com.br /public_html/ZendLibrary/Zend/Gdata/Gapps OwnerQuery.php
2011.08.09 17:01 B F:\xampp\htdocs\ZendLibrary\Zend\Gdata\Gapps\Query.php --> ftp.amfar.com.br /public_html/ZendLibrary/Zend/Gdata/Gapps Query.php
2011.08.09 17:01 B F:\xampp\htdocs\ZendLibrary\Zend\Gdata\Gapps\ServiceException.php --> ftp.amfar.com.br /public_html/ZendLibrary/Zend/Gdata/Gapps ServiceException.php
2011.08.09 17:01 B F:\xampp\htdocs\ZendLibrary\Zend\Gdata\Gapps\UserEntry.php --> ftp.amfar.com.br /public_html/ZendLibrary/Zend/Gdata/Gapps UserEntry.php
2011.08.09 17:01 B F:\xampp\htdocs\ZendLibrary\Zend\Gdata\Gapps\UserFeed.php --> ftp.amfar.com.br /public_html/ZendLibrary/Zend/Gdata/Gapps UserFeed.php
2011.08.09 17:01 B F:\xampp\htdocs\ZendLibrary\Zend\Gdata\Gapps\UserQuery.php --> ftp.amfar.com.br /public_html/ZendLibrary/Zend/Gdata/Gapps UserQuery.php
