2012.09.19 01:04 B F:\xampp\htdocs\html2pdf\html2pdf\_tcpdf_5.0.002\fonts\freefont-20090104\AUTHORS --> ftp.sbrafh.org.br /public_html/html2pdf/html2pdf/_tcpdf_5.0.002/fonts/freefont-20090104 AUTHORS
2012.09.19 01:04 B F:\xampp\htdocs\html2pdf\html2pdf\_tcpdf_5.0.002\fonts\freefont-20090104\ChangeLog --> ftp.sbrafh.org.br /public_html/html2pdf/html2pdf/_tcpdf_5.0.002/fonts/freefont-20090104 ChangeLog
2012.09.19 01:04 B F:\xampp\htdocs\html2pdf\html2pdf\_tcpdf_5.0.002\fonts\freefont-20090104\COPYING --> ftp.sbrafh.org.br /public_html/html2pdf/html2pdf/_tcpdf_5.0.002/fonts/freefont-20090104 COPYING
2012.09.19 01:04 B F:\xampp\htdocs\html2pdf\html2pdf\_tcpdf_5.0.002\fonts\freefont-20090104\CREDITS --> ftp.sbrafh.org.br /public_html/html2pdf/html2pdf/_tcpdf_5.0.002/fonts/freefont-20090104 CREDITS
2012.09.19 01:04 B F:\xampp\htdocs\html2pdf\html2pdf\_tcpdf_5.0.002\fonts\freefont-20090104\INSTALL --> ftp.sbrafh.org.br /public_html/html2pdf/html2pdf/_tcpdf_5.0.002/fonts/freefont-20090104 INSTALL
2012.09.19 01:04 B F:\xampp\htdocs\html2pdf\html2pdf\_tcpdf_5.0.002\fonts\freefont-20090104\README --> ftp.sbrafh.org.br /public_html/html2pdf/html2pdf/_tcpdf_5.0.002/fonts/freefont-20090104 README
2012.09.19 14:36 B F:\xampp\htdocs\html2pdf\html2pdf\_tcpdf_5.0.002\fonts\freefont-20090104\AUTHORS --> ftp.sbrafh.org.br /public_html/site/application/classes/html2fpdf/_tcpdf_5.0.002/fonts/freefont-20090104 AUTHORS
2012.09.19 14:37 B F:\xampp\htdocs\html2pdf\html2pdf\_tcpdf_5.0.002\fonts\freefont-20090104\ChangeLog --> ftp.sbrafh.org.br /public_html/site/application/classes/html2fpdf/_tcpdf_5.0.002/fonts/freefont-20090104 ChangeLog
2012.09.19 14:37 B F:\xampp\htdocs\html2pdf\html2pdf\_tcpdf_5.0.002\fonts\freefont-20090104\COPYING --> ftp.sbrafh.org.br /public_html/site/application/classes/html2fpdf/_tcpdf_5.0.002/fonts/freefont-20090104 COPYING
2012.09.19 14:37 B F:\xampp\htdocs\html2pdf\html2pdf\_tcpdf_5.0.002\fonts\freefont-20090104\CREDITS --> ftp.sbrafh.org.br /public_html/site/application/classes/html2fpdf/_tcpdf_5.0.002/fonts/freefont-20090104 CREDITS
2012.09.19 14:37 B F:\xampp\htdocs\html2pdf\html2pdf\_tcpdf_5.0.002\fonts\freefont-20090104\INSTALL --> ftp.sbrafh.org.br /public_html/site/application/classes/html2fpdf/_tcpdf_5.0.002/fonts/freefont-20090104 INSTALL
2012.09.19 14:37 B F:\xampp\htdocs\html2pdf\html2pdf\_tcpdf_5.0.002\fonts\freefont-20090104\README --> ftp.sbrafh.org.br /public_html/site/application/classes/html2fpdf/_tcpdf_5.0.002/fonts/freefont-20090104 README
2012.09.19 14:37 B F:\xampp\htdocs\html2pdf\html2pdf\_tcpdf_5.0.002\fonts\freefont-20090104\WS_FTP.LOG --> ftp.sbrafh.org.br /public_html/site/application/classes/html2fpdf/_tcpdf_5.0.002/fonts/freefont-20090104 WS_FTP.LOG
2012.11.23 12:05 B F:\xampp\htdocs\sbrafh\html2pdf\html2pdf\_tcpdf_5.0.002\fonts\freefont-20090104\AUTHORS --> ftp.jairodepaula.com.br /jairodepaula/web/html2pdf/html2pdf/_tcpdf_5.0.002/fonts/freefont-20090104 AUTHORS
2012.11.23 12:05 B F:\xampp\htdocs\sbrafh\html2pdf\html2pdf\_tcpdf_5.0.002\fonts\freefont-20090104\ChangeLog --> ftp.jairodepaula.com.br /jairodepaula/web/html2pdf/html2pdf/_tcpdf_5.0.002/fonts/freefont-20090104 ChangeLog
2012.11.23 12:05 B F:\xampp\htdocs\sbrafh\html2pdf\html2pdf\_tcpdf_5.0.002\fonts\freefont-20090104\COPYING --> ftp.jairodepaula.com.br /jairodepaula/web/html2pdf/html2pdf/_tcpdf_5.0.002/fonts/freefont-20090104 COPYING
2012.11.23 12:05 B F:\xampp\htdocs\sbrafh\html2pdf\html2pdf\_tcpdf_5.0.002\fonts\freefont-20090104\CREDITS --> ftp.jairodepaula.com.br /jairodepaula/web/html2pdf/html2pdf/_tcpdf_5.0.002/fonts/freefont-20090104 CREDITS
2012.11.23 12:05 B F:\xampp\htdocs\sbrafh\html2pdf\html2pdf\_tcpdf_5.0.002\fonts\freefont-20090104\INSTALL --> ftp.jairodepaula.com.br /jairodepaula/web/html2pdf/html2pdf/_tcpdf_5.0.002/fonts/freefont-20090104 INSTALL
2012.11.23 12:05 B F:\xampp\htdocs\sbrafh\html2pdf\html2pdf\_tcpdf_5.0.002\fonts\freefont-20090104\README --> ftp.jairodepaula.com.br /jairodepaula/web/html2pdf/html2pdf/_tcpdf_5.0.002/fonts/freefont-20090104 README
2012.11.23 12:05 B F:\xampp\htdocs\sbrafh\html2pdf\html2pdf\_tcpdf_5.0.002\fonts\freefont-20090104\WS_FTP.LOG --> ftp.jairodepaula.com.br /jairodepaula/web/html2pdf/html2pdf/_tcpdf_5.0.002/fonts/freefont-20090104 WS_FTP.LOG
