2007.05.09 16:17 B Z:\leon\novo\admin\icons\backcolor.gif --> ftp.leonimoveis.com.br /public_html/admin/icons backcolor.gif
2007.05.09 16:17 B Z:\leon\novo\admin\icons\backcolor_on.gif --> ftp.leonimoveis.com.br /public_html/admin/icons backcolor_on.gif
2007.05.09 16:17 B Z:\leon\novo\admin\icons\background_silver.jpg --> ftp.leonimoveis.com.br /public_html/admin/icons background_silver.jpg
2007.05.09 16:17 B Z:\leon\novo\admin\icons\bold.gif --> ftp.leonimoveis.com.br /public_html/admin/icons bold.gif
2007.05.09 16:17 B Z:\leon\novo\admin\icons\bold_on.gif --> ftp.leonimoveis.com.br /public_html/admin/icons bold_on.gif
2007.05.09 16:17 B Z:\leon\novo\admin\icons\copy.gif --> ftp.leonimoveis.com.br /public_html/admin/icons copy.gif
2007.05.09 16:17 B Z:\leon\novo\admin\icons\copy_on.gif --> ftp.leonimoveis.com.br /public_html/admin/icons copy_on.gif
2007.05.09 16:17 B Z:\leon\novo\admin\icons\cut.gif --> ftp.leonimoveis.com.br /public_html/admin/icons cut.gif
2007.05.09 16:17 B Z:\leon\novo\admin\icons\cut_on.gif --> ftp.leonimoveis.com.br /public_html/admin/icons cut_on.gif
2007.05.09 16:17 B Z:\leon\novo\admin\icons\forecolor.gif --> ftp.leonimoveis.com.br /public_html/admin/icons forecolor.gif
2007.05.09 16:17 B Z:\leon\novo\admin\icons\forecolor_on.gif --> ftp.leonimoveis.com.br /public_html/admin/icons forecolor_on.gif
2007.05.09 16:17 B Z:\leon\novo\admin\icons\help.gif --> ftp.leonimoveis.com.br /public_html/admin/icons help.gif
2007.05.09 16:17 B Z:\leon\novo\admin\icons\help_on.gif --> ftp.leonimoveis.com.br /public_html/admin/icons help_on.gif
2007.05.09 16:17 B Z:\leon\novo\admin\icons\indent_left.gif --> ftp.leonimoveis.com.br /public_html/admin/icons indent_left.gif
2007.05.09 16:17 B Z:\leon\novo\admin\icons\indent_left_on.gif --> ftp.leonimoveis.com.br /public_html/admin/icons indent_left_on.gif
2007.05.09 16:17 B Z:\leon\novo\admin\icons\indent_right.gif --> ftp.leonimoveis.com.br /public_html/admin/icons indent_right.gif
2007.05.09 16:17 B Z:\leon\novo\admin\icons\indent_right_on.gif --> ftp.leonimoveis.com.br /public_html/admin/icons indent_right_on.gif
2007.05.09 16:17 B Z:\leon\novo\admin\icons\insert_hyperlink.gif --> ftp.leonimoveis.com.br /public_html/admin/icons insert_hyperlink.gif
2007.05.09 16:17 B Z:\leon\novo\admin\icons\insert_hyperlink_on.gif --> ftp.leonimoveis.com.br /public_html/admin/icons insert_hyperlink_on.gif
2007.05.09 16:17 B Z:\leon\novo\admin\icons\insert_picture.gif --> ftp.leonimoveis.com.br /public_html/admin/icons insert_picture.gif
2007.05.09 16:17 B Z:\leon\novo\admin\icons\insert_picture_on.gif --> ftp.leonimoveis.com.br /public_html/admin/icons insert_picture_on.gif
2007.05.09 16:17 B Z:\leon\novo\admin\icons\insert_table.gif --> ftp.leonimoveis.com.br /public_html/admin/icons insert_table.gif
2007.05.09 16:17 B Z:\leon\novo\admin\icons\insert_table_on.gif --> ftp.leonimoveis.com.br /public_html/admin/icons insert_table_on.gif
2007.05.09 16:17 B Z:\leon\novo\admin\icons\italics.gif --> ftp.leonimoveis.com.br /public_html/admin/icons italics.gif
2007.05.09 16:17 B Z:\leon\novo\admin\icons\italics_on.gif --> ftp.leonimoveis.com.br /public_html/admin/icons italics_on.gif
2007.05.09 16:17 B Z:\leon\novo\admin\icons\justify_center.gif --> ftp.leonimoveis.com.br /public_html/admin/icons justify_center.gif
2007.05.09 16:17 B Z:\leon\novo\admin\icons\justify_center_on.gif --> ftp.leonimoveis.com.br /public_html/admin/icons justify_center_on.gif
2007.05.09 16:17 B Z:\leon\novo\admin\icons\justify_left.gif --> ftp.leonimoveis.com.br /public_html/admin/icons justify_left.gif
2007.05.09 16:17 B Z:\leon\novo\admin\icons\justify_left_on.gif --> ftp.leonimoveis.com.br /public_html/admin/icons justify_left_on.gif
2007.05.09 16:17 B Z:\leon\novo\admin\icons\justify_right.gif --> ftp.leonimoveis.com.br /public_html/admin/icons justify_right.gif
2007.05.09 16:17 B Z:\leon\novo\admin\icons\justify_right_on.gif --> ftp.leonimoveis.com.br /public_html/admin/icons justify_right_on.gif
2007.05.09 16:17 B Z:\leon\novo\admin\icons\list_ordered.gif --> ftp.leonimoveis.com.br /public_html/admin/icons list_ordered.gif
2007.05.09 16:17 B Z:\leon\novo\admin\icons\list_ordered_on.gif --> ftp.leonimoveis.com.br /public_html/admin/icons list_ordered_on.gif
2007.05.09 16:17 B Z:\leon\novo\admin\icons\list_unordered.gif --> ftp.leonimoveis.com.br /public_html/admin/icons list_unordered.gif
2007.05.09 16:17 B Z:\leon\novo\admin\icons\list_unordered_on.gif --> ftp.leonimoveis.com.br /public_html/admin/icons list_unordered_on.gif
2007.05.09 16:17 B Z:\leon\novo\admin\icons\logo.gif --> ftp.leonimoveis.com.br /public_html/admin/icons logo.gif
2007.05.09 16:17 B Z:\leon\novo\admin\icons\paste.gif --> ftp.leonimoveis.com.br /public_html/admin/icons paste.gif
2007.05.09 16:17 B Z:\leon\novo\admin\icons\paste_on.gif --> ftp.leonimoveis.com.br /public_html/admin/icons paste_on.gif
2007.05.09 16:17 B Z:\leon\novo\admin\icons\redo.gif --> ftp.leonimoveis.com.br /public_html/admin/icons redo.gif
2007.05.09 16:17 B Z:\leon\novo\admin\icons\redo_on.gif --> ftp.leonimoveis.com.br /public_html/admin/icons redo_on.gif
2007.05.09 16:17 B Z:\leon\novo\admin\icons\select_font.gif --> ftp.leonimoveis.com.br /public_html/admin/icons select_font.gif
2007.05.09 16:17 B Z:\leon\novo\admin\icons\select_font_on.gif --> ftp.leonimoveis.com.br /public_html/admin/icons select_font_on.gif
2007.05.09 16:17 B Z:\leon\novo\admin\icons\select_size.gif --> ftp.leonimoveis.com.br /public_html/admin/icons select_size.gif
2007.05.09 16:17 B Z:\leon\novo\admin\icons\select_size_on.gif --> ftp.leonimoveis.com.br /public_html/admin/icons select_size_on.gif
2007.05.09 16:17 B Z:\leon\novo\admin\icons\seperator.gif --> ftp.leonimoveis.com.br /public_html/admin/icons seperator.gif
2007.05.09 16:17 B Z:\leon\novo\admin\icons\seperator2.gif --> ftp.leonimoveis.com.br /public_html/admin/icons seperator2.gif
2007.05.09 16:17 B Z:\leon\novo\admin\icons\strikethrough.gif --> ftp.leonimoveis.com.br /public_html/admin/icons strikethrough.gif
2007.05.09 16:17 B Z:\leon\novo\admin\icons\strikethrough_on.gif --> ftp.leonimoveis.com.br /public_html/admin/icons strikethrough_on.gif
2007.05.09 16:17 B Z:\leon\novo\admin\icons\subscript.gif --> ftp.leonimoveis.com.br /public_html/admin/icons subscript.gif
2007.05.09 16:17 B Z:\leon\novo\admin\icons\subscript_on.gif --> ftp.leonimoveis.com.br /public_html/admin/icons subscript_on.gif
2007.05.09 16:17 B Z:\leon\novo\admin\icons\superscript.gif --> ftp.leonimoveis.com.br /public_html/admin/icons superscript.gif
2007.05.09 16:17 B Z:\leon\novo\admin\icons\superscript_on.gif --> ftp.leonimoveis.com.br /public_html/admin/icons superscript_on.gif
2007.05.09 16:17 B Z:\leon\novo\admin\icons\Thumbs.db --> ftp.leonimoveis.com.br /public_html/admin/icons Thumbs.db
2007.05.09 16:17 B Z:\leon\novo\admin\icons\underline.gif --> ftp.leonimoveis.com.br /public_html/admin/icons underline.gif
2007.05.09 16:17 B Z:\leon\novo\admin\icons\underline_on.gif --> ftp.leonimoveis.com.br /public_html/admin/icons underline_on.gif
2007.05.09 16:17 B Z:\leon\novo\admin\icons\undo.gif --> ftp.leonimoveis.com.br /public_html/admin/icons undo.gif
2007.05.09 16:17 B Z:\leon\novo\admin\icons\undo_on.gif --> ftp.leonimoveis.com.br /public_html/admin/icons undo_on.gif
2007.05.09 16:17 B Z:\leon\novo\admin\icons\view_source.gif --> ftp.leonimoveis.com.br /public_html/admin/icons view_source.gif
2007.05.09 16:17 B Z:\leon\novo\admin\icons\view_source_on.gif --> ftp.leonimoveis.com.br /public_html/admin/icons view_source_on.gif
2007.05.09 16:17 B Z:\leon\novo\admin\icons\view_text.gif --> ftp.leonimoveis.com.br /public_html/admin/icons view_text.gif
2007.05.09 16:17 B Z:\leon\novo\admin\icons\view_text_on.gif --> ftp.leonimoveis.com.br /public_html/admin/icons view_text_on.gif
2007.06.06 11:23 B Z:\leon\novo\admin\icons\Thumbs.db --> ftp.grupomontreal.com.br /htdocs/novoportal/admin/icons Thumbs.db
2007.06.06 11:26 B Z:\montreal\portal\admin\icons\WS_FTP.LOG <-- montreal /htdocs/novoportal/admin/icons WS_FTP.LOG
2007.08.06 19:19 B Z:\amfar\admin\icons\Thumbs.db --> ftp635.locaweb.com.br /public_html/admin/icons Thumbs.db
2007.08.08 01:11 B Z:\amfar\admin\editor\icons\backcolor.gif --> ftp635.locaweb.com.br /public_html/admin/editor/icons backcolor.gif
2007.08.08 01:11 B Z:\amfar\admin\editor\icons\backcolor_on.gif --> ftp635.locaweb.com.br /public_html/admin/editor/icons backcolor_on.gif
2007.08.08 01:11 B Z:\amfar\admin\editor\icons\background_silver.jpg --> ftp635.locaweb.com.br /public_html/admin/editor/icons background_silver.jpg
2007.08.08 01:11 B Z:\amfar\admin\editor\icons\bold.gif --> ftp635.locaweb.com.br /public_html/admin/editor/icons bold.gif
2007.08.08 01:11 B Z:\amfar\admin\editor\icons\bold_on.gif --> ftp635.locaweb.com.br /public_html/admin/editor/icons bold_on.gif
2007.08.08 01:11 B Z:\amfar\admin\editor\icons\copy.gif --> ftp635.locaweb.com.br /public_html/admin/editor/icons copy.gif
2007.08.08 01:11 B Z:\amfar\admin\editor\icons\copy_on.gif --> ftp635.locaweb.com.br /public_html/admin/editor/icons copy_on.gif
2007.08.08 01:11 B Z:\amfar\admin\editor\icons\cut.gif --> ftp635.locaweb.com.br /public_html/admin/editor/icons cut.gif
2007.08.08 01:11 B Z:\amfar\admin\editor\icons\cut_on.gif --> ftp635.locaweb.com.br /public_html/admin/editor/icons cut_on.gif
2007.08.08 01:11 B Z:\amfar\admin\editor\icons\forecolor.gif --> ftp635.locaweb.com.br /public_html/admin/editor/icons forecolor.gif
2007.08.08 01:11 B Z:\amfar\admin\editor\icons\forecolor_on.gif --> ftp635.locaweb.com.br /public_html/admin/editor/icons forecolor_on.gif
2007.08.08 01:11 B Z:\amfar\admin\editor\icons\help.gif --> ftp635.locaweb.com.br /public_html/admin/editor/icons help.gif
2007.08.08 01:11 B Z:\amfar\admin\editor\icons\help_on.gif --> ftp635.locaweb.com.br /public_html/admin/editor/icons help_on.gif
2007.08.08 01:11 B Z:\amfar\admin\editor\icons\indent_left.gif --> ftp635.locaweb.com.br /public_html/admin/editor/icons indent_left.gif
2007.08.08 01:11 B Z:\amfar\admin\editor\icons\indent_left_on.gif --> ftp635.locaweb.com.br /public_html/admin/editor/icons indent_left_on.gif
2007.08.08 01:11 B Z:\amfar\admin\editor\icons\indent_right.gif --> ftp635.locaweb.com.br /public_html/admin/editor/icons indent_right.gif
2007.08.08 01:11 B Z:\amfar\admin\editor\icons\indent_right_on.gif --> ftp635.locaweb.com.br /public_html/admin/editor/icons indent_right_on.gif
2007.08.08 01:11 B Z:\amfar\admin\editor\icons\insert_hyperlink.gif --> ftp635.locaweb.com.br /public_html/admin/editor/icons insert_hyperlink.gif
2007.08.08 01:11 B Z:\amfar\admin\editor\icons\insert_hyperlink_on.gif --> ftp635.locaweb.com.br /public_html/admin/editor/icons insert_hyperlink_on.gif
2007.08.08 01:11 B Z:\amfar\admin\editor\icons\insert_picture.gif --> ftp635.locaweb.com.br /public_html/admin/editor/icons insert_picture.gif
2007.08.08 01:11 B Z:\amfar\admin\editor\icons\insert_picture_on.gif --> ftp635.locaweb.com.br /public_html/admin/editor/icons insert_picture_on.gif
2007.08.08 01:11 B Z:\amfar\admin\editor\icons\insert_table.gif --> ftp635.locaweb.com.br /public_html/admin/editor/icons insert_table.gif
2007.08.08 01:11 B Z:\amfar\admin\editor\icons\insert_table_on.gif --> ftp635.locaweb.com.br /public_html/admin/editor/icons insert_table_on.gif
2007.08.08 01:11 B Z:\amfar\admin\editor\icons\italics.gif --> ftp635.locaweb.com.br /public_html/admin/editor/icons italics.gif
2007.08.08 01:11 B Z:\amfar\admin\editor\icons\italics_on.gif --> ftp635.locaweb.com.br /public_html/admin/editor/icons italics_on.gif
2007.08.08 01:11 B Z:\amfar\admin\editor\icons\justify_center.gif --> ftp635.locaweb.com.br /public_html/admin/editor/icons justify_center.gif
2007.08.08 01:11 B Z:\amfar\admin\editor\icons\justify_center_on.gif --> ftp635.locaweb.com.br /public_html/admin/editor/icons justify_center_on.gif
2007.08.08 01:11 B Z:\amfar\admin\editor\icons\justify_left.gif --> ftp635.locaweb.com.br /public_html/admin/editor/icons justify_left.gif
2007.08.08 01:11 B Z:\amfar\admin\editor\icons\justify_left_on.gif --> ftp635.locaweb.com.br /public_html/admin/editor/icons justify_left_on.gif
2007.08.08 01:11 B Z:\amfar\admin\editor\icons\justify_right.gif --> ftp635.locaweb.com.br /public_html/admin/editor/icons justify_right.gif
2007.08.08 01:11 B Z:\amfar\admin\editor\icons\justify_right_on.gif --> ftp635.locaweb.com.br /public_html/admin/editor/icons justify_right_on.gif
2007.08.08 01:11 B Z:\amfar\admin\editor\icons\list_ordered.gif --> ftp635.locaweb.com.br /public_html/admin/editor/icons list_ordered.gif
2007.08.08 01:11 B Z:\amfar\admin\editor\icons\list_ordered_on.gif --> ftp635.locaweb.com.br /public_html/admin/editor/icons list_ordered_on.gif
2007.08.08 01:11 B Z:\amfar\admin\editor\icons\list_unordered.gif --> ftp635.locaweb.com.br /public_html/admin/editor/icons list_unordered.gif
2007.08.08 01:11 B Z:\amfar\admin\editor\icons\list_unordered_on.gif --> ftp635.locaweb.com.br /public_html/admin/editor/icons list_unordered_on.gif
2007.08.08 01:11 B Z:\amfar\admin\editor\icons\logo.gif --> ftp635.locaweb.com.br /public_html/admin/editor/icons logo.gif
2007.08.08 01:11 B Z:\amfar\admin\editor\icons\paste.gif --> ftp635.locaweb.com.br /public_html/admin/editor/icons paste.gif
2007.08.08 01:11 B Z:\amfar\admin\editor\icons\paste_on.gif --> ftp635.locaweb.com.br /public_html/admin/editor/icons paste_on.gif
2007.08.08 01:11 B Z:\amfar\admin\editor\icons\redo.gif --> ftp635.locaweb.com.br /public_html/admin/editor/icons redo.gif
2007.08.08 01:11 B Z:\amfar\admin\editor\icons\redo_on.gif --> ftp635.locaweb.com.br /public_html/admin/editor/icons redo_on.gif
2007.08.08 01:11 B Z:\amfar\admin\editor\icons\select_font.gif --> ftp635.locaweb.com.br /public_html/admin/editor/icons select_font.gif
2007.08.08 01:11 B Z:\amfar\admin\editor\icons\select_font_on.gif --> ftp635.locaweb.com.br /public_html/admin/editor/icons select_font_on.gif
2007.08.08 01:11 B Z:\amfar\admin\editor\icons\select_size.gif --> ftp635.locaweb.com.br /public_html/admin/editor/icons select_size.gif
2007.08.08 01:11 B Z:\amfar\admin\editor\icons\select_size_on.gif --> ftp635.locaweb.com.br /public_html/admin/editor/icons select_size_on.gif
2007.08.08 01:11 B Z:\amfar\admin\editor\icons\seperator.gif --> ftp635.locaweb.com.br /public_html/admin/editor/icons seperator.gif
2007.08.08 01:11 B Z:\amfar\admin\editor\icons\seperator2.gif --> ftp635.locaweb.com.br /public_html/admin/editor/icons seperator2.gif
2007.08.08 01:11 B Z:\amfar\admin\editor\icons\strikethrough.gif --> ftp635.locaweb.com.br /public_html/admin/editor/icons strikethrough.gif
2007.08.08 01:11 B Z:\amfar\admin\editor\icons\strikethrough_on.gif --> ftp635.locaweb.com.br /public_html/admin/editor/icons strikethrough_on.gif
2007.08.08 01:11 B Z:\amfar\admin\editor\icons\subscript.gif --> ftp635.locaweb.com.br /public_html/admin/editor/icons subscript.gif
2007.08.08 01:11 B Z:\amfar\admin\editor\icons\subscript_on.gif --> ftp635.locaweb.com.br /public_html/admin/editor/icons subscript_on.gif
2007.08.08 01:11 B Z:\amfar\admin\editor\icons\superscript.gif --> ftp635.locaweb.com.br /public_html/admin/editor/icons superscript.gif
2007.08.08 01:11 B Z:\amfar\admin\editor\icons\superscript_on.gif --> ftp635.locaweb.com.br /public_html/admin/editor/icons superscript_on.gif
2007.08.08 01:11 B Z:\amfar\admin\editor\icons\Thumbs.db --> ftp635.locaweb.com.br /public_html/admin/editor/icons Thumbs.db
2007.08.08 01:11 B Z:\amfar\admin\editor\icons\underline.gif --> ftp635.locaweb.com.br /public_html/admin/editor/icons underline.gif
2007.08.08 01:11 B Z:\amfar\admin\editor\icons\underline_on.gif --> ftp635.locaweb.com.br /public_html/admin/editor/icons underline_on.gif
2007.08.08 01:11 B Z:\amfar\admin\editor\icons\undo.gif --> ftp635.locaweb.com.br /public_html/admin/editor/icons undo.gif
2007.08.08 01:11 B Z:\amfar\admin\editor\icons\undo_on.gif --> ftp635.locaweb.com.br /public_html/admin/editor/icons undo_on.gif
2007.08.08 01:11 B Z:\amfar\admin\editor\icons\view_source.gif --> ftp635.locaweb.com.br /public_html/admin/editor/icons view_source.gif
2007.08.08 01:11 B Z:\amfar\admin\editor\icons\view_source_on.gif --> ftp635.locaweb.com.br /public_html/admin/editor/icons view_source_on.gif
2007.08.08 01:11 B Z:\amfar\admin\editor\icons\view_text.gif --> ftp635.locaweb.com.br /public_html/admin/editor/icons view_text.gif
2007.08.08 01:11 B Z:\amfar\admin\editor\icons\view_text_on.gif --> ftp635.locaweb.com.br /public_html/admin/editor/icons view_text_on.gif
