2011.06.20 18:39 B F:\xampp\htdocs\zf-tutorial\library\Zend\InfoCard\Xml\Assertion.php --> ftp.portalridgid.com.br /public_html/zf-tutorial/library/Zend/InfoCard/Xml Assertion.php
2011.06.20 18:39 B F:\xampp\htdocs\zf-tutorial\library\Zend\InfoCard\Xml\Element.php --> ftp.portalridgid.com.br /public_html/zf-tutorial/library/Zend/InfoCard/Xml Element.php
2011.06.20 18:39 B F:\xampp\htdocs\zf-tutorial\library\Zend\InfoCard\Xml\EncryptedData.php --> ftp.portalridgid.com.br /public_html/zf-tutorial/library/Zend/InfoCard/Xml EncryptedData.php
2011.06.20 18:39 B F:\xampp\htdocs\zf-tutorial\library\Zend\InfoCard\Xml\EncryptedKey.php --> ftp.portalridgid.com.br /public_html/zf-tutorial/library/Zend/InfoCard/Xml EncryptedKey.php
2011.06.20 18:39 B F:\xampp\htdocs\zf-tutorial\library\Zend\InfoCard\Xml\Exception.php --> ftp.portalridgid.com.br /public_html/zf-tutorial/library/Zend/InfoCard/Xml Exception.php
2011.06.20 18:39 B F:\xampp\htdocs\zf-tutorial\library\Zend\InfoCard\Xml\KeyInfo.php --> ftp.portalridgid.com.br /public_html/zf-tutorial/library/Zend/InfoCard/Xml KeyInfo.php
2011.06.20 18:39 B F:\xampp\htdocs\zf-tutorial\library\Zend\InfoCard\Xml\Security.php --> ftp.portalridgid.com.br /public_html/zf-tutorial/library/Zend/InfoCard/Xml Security.php
2011.06.20 18:39 B F:\xampp\htdocs\zf-tutorial\library\Zend\InfoCard\Xml\SecurityTokenReference.php --> ftp.portalridgid.com.br /public_html/zf-tutorial/library/Zend/InfoCard/Xml SecurityTokenReference.php
2011.06.30 03:32 B F:\xampp\htdocs\zendLibrary\Zend\InfoCard\Xml\WS_FTP.LOG --> ftp.sbrafh.org.br /sbrafh/Web/zendLibrary/Zend/InfoCard/Xml WS_FTP.LOG
2011.06.30 03:32 B F:\xampp\htdocs\zendLibrary\Zend\InfoCard\Xml\SecurityTokenReference.php --> ftp.sbrafh.org.br /sbrafh/Web/zendLibrary/Zend/InfoCard/Xml SecurityTokenReference.php
2011.06.30 03:32 B F:\xampp\htdocs\zendLibrary\Zend\InfoCard\Xml\Security.php --> ftp.sbrafh.org.br /sbrafh/Web/zendLibrary/Zend/InfoCard/Xml Security.php
2011.06.30 03:32 B F:\xampp\htdocs\zendLibrary\Zend\InfoCard\Xml\KeyInfo.php --> ftp.sbrafh.org.br /sbrafh/Web/zendLibrary/Zend/InfoCard/Xml KeyInfo.php
2011.06.30 03:32 B F:\xampp\htdocs\zendLibrary\Zend\InfoCard\Xml\Exception.php --> ftp.sbrafh.org.br /sbrafh/Web/zendLibrary/Zend/InfoCard/Xml Exception.php
2011.06.30 03:32 B F:\xampp\htdocs\zendLibrary\Zend\InfoCard\Xml\EncryptedKey.php --> ftp.sbrafh.org.br /sbrafh/Web/zendLibrary/Zend/InfoCard/Xml EncryptedKey.php
2011.06.30 03:32 B F:\xampp\htdocs\zendLibrary\Zend\InfoCard\Xml\EncryptedData.php --> ftp.sbrafh.org.br /sbrafh/Web/zendLibrary/Zend/InfoCard/Xml EncryptedData.php
2011.06.30 03:32 B F:\xampp\htdocs\zendLibrary\Zend\InfoCard\Xml\Element.php --> ftp.sbrafh.org.br /sbrafh/Web/zendLibrary/Zend/InfoCard/Xml Element.php
2011.06.30 03:32 B F:\xampp\htdocs\zendLibrary\Zend\InfoCard\Xml\Assertion.php --> ftp.sbrafh.org.br /sbrafh/Web/zendLibrary/Zend/InfoCard/Xml Assertion.php
2011.07.08 23:53 B F:\xampp\htdocs\zendLibrary\Zend\InfoCard\Xml\Assertion.php --> ftp.radiofone.com.br /public_html/radiofone/zendLibrary/Zend/InfoCard/Xml Assertion.php
2011.07.08 23:53 B F:\xampp\htdocs\zendLibrary\Zend\InfoCard\Xml\Element.php --> ftp.radiofone.com.br /public_html/radiofone/zendLibrary/Zend/InfoCard/Xml Element.php
2011.07.08 23:53 B F:\xampp\htdocs\zendLibrary\Zend\InfoCard\Xml\EncryptedData.php --> ftp.radiofone.com.br /public_html/radiofone/zendLibrary/Zend/InfoCard/Xml EncryptedData.php
2011.07.08 23:53 B F:\xampp\htdocs\zendLibrary\Zend\InfoCard\Xml\EncryptedKey.php --> ftp.radiofone.com.br /public_html/radiofone/zendLibrary/Zend/InfoCard/Xml EncryptedKey.php
2011.07.08 23:53 B F:\xampp\htdocs\zendLibrary\Zend\InfoCard\Xml\Exception.php --> ftp.radiofone.com.br /public_html/radiofone/zendLibrary/Zend/InfoCard/Xml Exception.php
2011.07.08 23:53 B F:\xampp\htdocs\zendLibrary\Zend\InfoCard\Xml\KeyInfo.php --> ftp.radiofone.com.br /public_html/radiofone/zendLibrary/Zend/InfoCard/Xml KeyInfo.php
2011.07.08 23:53 B F:\xampp\htdocs\zendLibrary\Zend\InfoCard\Xml\Security.php --> ftp.radiofone.com.br /public_html/radiofone/zendLibrary/Zend/InfoCard/Xml Security.php
2011.07.08 23:53 B F:\xampp\htdocs\zendLibrary\Zend\InfoCard\Xml\SecurityTokenReference.php --> ftp.radiofone.com.br /public_html/radiofone/zendLibrary/Zend/InfoCard/Xml SecurityTokenReference.php
2011.07.08 23:53 B F:\xampp\htdocs\zendLibrary\Zend\InfoCard\Xml\WS_FTP.LOG --> ftp.radiofone.com.br /public_html/radiofone/zendLibrary/Zend/InfoCard/Xml WS_FTP.LOG
2011.07.26 22:54 B F:\xampp\htdocs\zendLibrary\Zend\InfoCard\Xml\Assertion.php --> ftp.sobrafo.org.br /public_html/zendLibrary/Zend/InfoCard/Xml Assertion.php
2011.07.26 22:54 B F:\xampp\htdocs\zendLibrary\Zend\InfoCard\Xml\Element.php --> ftp.sobrafo.org.br /public_html/zendLibrary/Zend/InfoCard/Xml Element.php
2011.07.26 22:54 B F:\xampp\htdocs\zendLibrary\Zend\InfoCard\Xml\EncryptedData.php --> ftp.sobrafo.org.br /public_html/zendLibrary/Zend/InfoCard/Xml EncryptedData.php
2011.07.26 22:54 B F:\xampp\htdocs\zendLibrary\Zend\InfoCard\Xml\EncryptedKey.php --> ftp.sobrafo.org.br /public_html/zendLibrary/Zend/InfoCard/Xml EncryptedKey.php
2011.07.26 22:54 B F:\xampp\htdocs\zendLibrary\Zend\InfoCard\Xml\Exception.php --> ftp.sobrafo.org.br /public_html/zendLibrary/Zend/InfoCard/Xml Exception.php
2011.07.26 22:54 B F:\xampp\htdocs\zendLibrary\Zend\InfoCard\Xml\KeyInfo.php --> ftp.sobrafo.org.br /public_html/zendLibrary/Zend/InfoCard/Xml KeyInfo.php
2011.07.26 22:54 B F:\xampp\htdocs\zendLibrary\Zend\InfoCard\Xml\Security.php --> ftp.sobrafo.org.br /public_html/zendLibrary/Zend/InfoCard/Xml Security.php
2011.07.26 22:54 B F:\xampp\htdocs\zendLibrary\Zend\InfoCard\Xml\SecurityTokenReference.php --> ftp.sobrafo.org.br /public_html/zendLibrary/Zend/InfoCard/Xml SecurityTokenReference.php
2011.07.26 22:54 B F:\xampp\htdocs\zendLibrary\Zend\InfoCard\Xml\WS_FTP.LOG --> ftp.sobrafo.org.br /public_html/zendLibrary/Zend/InfoCard/Xml WS_FTP.LOG
2011.08.09 17:14 B F:\xampp\htdocs\ZendLibrary\Zend\InfoCard\Xml\Assertion.php --> ftp.amfar.com.br /public_html/ZendLibrary/Zend/InfoCard/Xml Assertion.php
2011.08.09 17:14 B F:\xampp\htdocs\ZendLibrary\Zend\InfoCard\Xml\Element.php --> ftp.amfar.com.br /public_html/ZendLibrary/Zend/InfoCard/Xml Element.php
2011.08.09 17:14 B F:\xampp\htdocs\ZendLibrary\Zend\InfoCard\Xml\EncryptedData.php --> ftp.amfar.com.br /public_html/ZendLibrary/Zend/InfoCard/Xml EncryptedData.php
2011.08.09 17:14 B F:\xampp\htdocs\ZendLibrary\Zend\InfoCard\Xml\EncryptedKey.php --> ftp.amfar.com.br /public_html/ZendLibrary/Zend/InfoCard/Xml EncryptedKey.php
2011.08.09 17:14 B F:\xampp\htdocs\ZendLibrary\Zend\InfoCard\Xml\Exception.php --> ftp.amfar.com.br /public_html/ZendLibrary/Zend/InfoCard/Xml Exception.php
2011.08.09 17:14 B F:\xampp\htdocs\ZendLibrary\Zend\InfoCard\Xml\KeyInfo.php --> ftp.amfar.com.br /public_html/ZendLibrary/Zend/InfoCard/Xml KeyInfo.php
2011.08.09 17:14 B F:\xampp\htdocs\ZendLibrary\Zend\InfoCard\Xml\Security.php --> ftp.amfar.com.br /public_html/ZendLibrary/Zend/InfoCard/Xml Security.php
2011.08.09 17:14 B F:\xampp\htdocs\ZendLibrary\Zend\InfoCard\Xml\SecurityTokenReference.php --> ftp.amfar.com.br /public_html/ZendLibrary/Zend/InfoCard/Xml SecurityTokenReference.php
