2012.10.02 14:28 B F:\xampp\htdocs\sbrafh\congresso2012\public\banner\images\115mercado6.jpg --> ftp.sbrafh.org.br /public_html/congresso2012/public/banner/images 115mercado6.jpg
2012.10.02 14:28 B F:\xampp\htdocs\sbrafh\congresso2012\public\banner\images\estacao-da-luz-em-sao-paulo.jpg --> ftp.sbrafh.org.br /public_html/congresso2012/public/banner/images estacao-da-luz-em-sao-paulo.jpg
2012.10.02 14:28 B F:\xampp\htdocs\sbrafh\congresso2012\public\banner\images\estacaoluz.jpg --> ftp.sbrafh.org.br /public_html/congresso2012/public/banner/images estacaoluz.jpg
2012.10.02 14:28 B F:\xampp\htdocs\sbrafh\congresso2012\public\banner\images\masp-perto.jpg --> ftp.sbrafh.org.br /public_html/congresso2012/public/banner/images masp-perto.jpg
2012.10.02 14:29 B F:\xampp\htdocs\sbrafh\congresso2012\public\banner\images\saopaulo1.jpg --> ftp.sbrafh.org.br /public_html/congresso2012/public/banner/images saopaulo1.jpg
2012.10.02 14:29 B F:\xampp\htdocs\sbrafh\congresso2012\public\banner\images\saopaulo10.jpg --> ftp.sbrafh.org.br /public_html/congresso2012/public/banner/images saopaulo10.jpg
2012.10.02 14:29 B F:\xampp\htdocs\sbrafh\congresso2012\public\banner\images\saopaulo11.jpg --> ftp.sbrafh.org.br /public_html/congresso2012/public/banner/images saopaulo11.jpg
2012.10.02 14:30 B F:\xampp\htdocs\sbrafh\congresso2012\public\banner\images\saopaulo12.jpg --> ftp.sbrafh.org.br /public_html/congresso2012/public/banner/images saopaulo12.jpg
2012.10.02 14:30 B F:\xampp\htdocs\sbrafh\congresso2012\public\banner\images\saopaulo2.jpg --> ftp.sbrafh.org.br /public_html/congresso2012/public/banner/images saopaulo2.jpg
2012.10.02 14:30 B F:\xampp\htdocs\sbrafh\congresso2012\public\banner\images\saopaulo3.jpg --> ftp.sbrafh.org.br /public_html/congresso2012/public/banner/images saopaulo3.jpg
2012.10.02 14:30 B F:\xampp\htdocs\sbrafh\congresso2012\public\banner\images\saopaulo4.jpg --> ftp.sbrafh.org.br /public_html/congresso2012/public/banner/images saopaulo4.jpg
2012.10.02 14:30 B F:\xampp\htdocs\sbrafh\congresso2012\public\banner\images\saopaulo5.jpg --> ftp.sbrafh.org.br /public_html/congresso2012/public/banner/images saopaulo5.jpg
2012.10.02 14:30 B F:\xampp\htdocs\sbrafh\congresso2012\public\banner\images\saopaulo6.jpg --> ftp.sbrafh.org.br /public_html/congresso2012/public/banner/images saopaulo6.jpg
2012.10.02 14:32 B F:\xampp\htdocs\sbrafh\congresso2012\public\banner\images\saopaulo7.jpg --> ftp.sbrafh.org.br /public_html/congresso2012/public/banner/images saopaulo7.jpg
2012.10.02 14:32 B F:\xampp\htdocs\sbrafh\congresso2012\public\banner\images\saopaulo8.jpg --> ftp.sbrafh.org.br /public_html/congresso2012/public/banner/images saopaulo8.jpg
2012.10.02 14:32 B F:\xampp\htdocs\sbrafh\congresso2012\public\banner\images\saopaulo9.jpg --> ftp.sbrafh.org.br /public_html/congresso2012/public/banner/images saopaulo9.jpg
2012.10.02 14:57 B F:\xampp\htdocs\sbrafh\congresso2012\public\banner\images\115mercado6.jpg --> ftp.sbrafh.org.br /public_html/congresso2012/public/banner/images 115mercado6.jpg
2012.10.02 14:57 B F:\xampp\htdocs\sbrafh\congresso2012\public\banner\images\estacao-da-luz-em-sao-paulo.jpg --> ftp.sbrafh.org.br /public_html/congresso2012/public/banner/images estacao-da-luz-em-sao-paulo.jpg
2012.10.02 14:57 B F:\xampp\htdocs\sbrafh\congresso2012\public\banner\images\estacaoluz.jpg --> ftp.sbrafh.org.br /public_html/congresso2012/public/banner/images estacaoluz.jpg
2012.10.02 14:57 B F:\xampp\htdocs\sbrafh\congresso2012\public\banner\images\masp-perto.jpg --> ftp.sbrafh.org.br /public_html/congresso2012/public/banner/images masp-perto.jpg
2012.10.02 14:57 B F:\xampp\htdocs\sbrafh\congresso2012\public\banner\images\saopaulo1.jpg --> ftp.sbrafh.org.br /public_html/congresso2012/public/banner/images saopaulo1.jpg
2012.10.02 14:57 B F:\xampp\htdocs\sbrafh\congresso2012\public\banner\images\saopaulo11.jpg --> ftp.sbrafh.org.br /public_html/congresso2012/public/banner/images saopaulo11.jpg
2012.10.02 14:57 B F:\xampp\htdocs\sbrafh\congresso2012\public\banner\images\saopaulo2.jpg --> ftp.sbrafh.org.br /public_html/congresso2012/public/banner/images saopaulo2.jpg
2012.10.02 14:57 B F:\xampp\htdocs\sbrafh\congresso2012\public\banner\images\saopaulo3.jpg --> ftp.sbrafh.org.br /public_html/congresso2012/public/banner/images saopaulo3.jpg
2012.10.02 14:57 B F:\xampp\htdocs\sbrafh\congresso2012\public\banner\images\saopaulo5.jpg --> ftp.sbrafh.org.br /public_html/congresso2012/public/banner/images saopaulo5.jpg
2012.10.02 14:57 B F:\xampp\htdocs\sbrafh\congresso2012\public\banner\images\saopaulo6.jpg --> ftp.sbrafh.org.br /public_html/congresso2012/public/banner/images saopaulo6.jpg
2012.10.02 14:57 B F:\xampp\htdocs\sbrafh\congresso2012\public\banner\images\saopaulo7.jpg --> ftp.sbrafh.org.br /public_html/congresso2012/public/banner/images saopaulo7.jpg
2012.10.02 14:57 B F:\xampp\htdocs\sbrafh\congresso2012\public\banner\images\saopaulo8.jpg --> ftp.sbrafh.org.br /public_html/congresso2012/public/banner/images saopaulo8.jpg
2012.10.02 14:57 B F:\xampp\htdocs\sbrafh\congresso2012\public\banner\images\saopaulo9.jpg --> ftp.sbrafh.org.br /public_html/congresso2012/public/banner/images saopaulo9.jpg
2012.10.02 15:17 B F:\xampp\htdocs\sbrafh\congresso2012\public\banner\images\estacaoluz.jpg --> ftp.sbrafh.org.br /public_html/congresso2012/public/banner/images estacaoluz.jpg
2012.10.02 15:18 B F:\xampp\htdocs\sbrafh\congresso2012\public\banner\images\115mercado6.jpg --> ftp.sbrafh.org.br /public_html/congresso2012/public/banner/images 115mercado6.jpg
2012.10.02 15:18 B F:\xampp\htdocs\sbrafh\congresso2012\public\banner\images\saopaulo1.jpg --> ftp.sbrafh.org.br /public_html/congresso2012/public/banner/images saopaulo1.jpg
2012.10.02 15:18 B F:\xampp\htdocs\sbrafh\congresso2012\public\banner\images\saopaulo6.jpg --> ftp.sbrafh.org.br /public_html/congresso2012/public/banner/images saopaulo6.jpg
2012.10.02 15:18 B F:\xampp\htdocs\sbrafh\congresso2012\public\banner\images\saopaulo9.jpg --> ftp.sbrafh.org.br /public_html/congresso2012/public/banner/images saopaulo9.jpg
2012.10.02 15:18 B F:\xampp\htdocs\sbrafh\congresso2012\public\banner\images\saopaulo8.jpg --> ftp.sbrafh.org.br /public_html/congresso2012/public/banner/images saopaulo8.jpg
2012.10.02 15:18 B F:\xampp\htdocs\sbrafh\congresso2012\public\banner\images\saopaulo7.jpg --> ftp.sbrafh.org.br /public_html/congresso2012/public/banner/images saopaulo7.jpg
2012.10.02 15:18 B F:\xampp\htdocs\sbrafh\congresso2012\public\banner\images\masp-perto.jpg --> ftp.sbrafh.org.br /public_html/congresso2012/public/banner/images masp-perto.jpg
2012.10.02 15:18 B F:\xampp\htdocs\sbrafh\congresso2012\public\banner\images\saopaulo11.jpg --> ftp.sbrafh.org.br /public_html/congresso2012/public/banner/images saopaulo11.jpg
2012.10.02 15:56 B F:\xampp\htdocs\sbrafh\congresso2012\public\banner\images\saopaulo7.jpg --> ftp.sbrafh.org.br /public_html/congresso2012/public/banner/images saopaulo7.jpg
2012.10.02 15:56 B F:\xampp\htdocs\sbrafh\congresso2012\public\banner\images\saopaulo6.jpg --> ftp.sbrafh.org.br /public_html/congresso2012/public/banner/images saopaulo6.jpg
2012.10.02 15:56 B F:\xampp\htdocs\sbrafh\congresso2012\public\banner\images\saopaulo1.jpg --> ftp.sbrafh.org.br /public_html/congresso2012/public/banner/images saopaulo1.jpg
2012.10.02 15:56 B F:\xampp\htdocs\sbrafh\congresso2012\public\banner\images\masp-perto.jpg --> ftp.sbrafh.org.br /public_html/congresso2012/public/banner/images masp-perto.jpg
2012.10.02 15:56 B F:\xampp\htdocs\sbrafh\congresso2012\public\banner\images\estacaoluz.jpg --> ftp.sbrafh.org.br /public_html/congresso2012/public/banner/images estacaoluz.jpg
2012.10.02 15:56 B F:\xampp\htdocs\sbrafh\congresso2012\public\banner\images\115mercado6.jpg --> ftp.sbrafh.org.br /public_html/congresso2012/public/banner/images 115mercado6.jpg
