2007.05.25 15:27 B Z:\mailing\e-mailing\fckeditor\editor\dialog\fck_about.html --> ftp.sbrafh.org.br /public_html/e-mailing/fckeditor/editor/dialog fck_about.html
2007.05.25 15:27 B Z:\mailing\e-mailing\fckeditor\editor\dialog\fck_anchor.html --> ftp.sbrafh.org.br /public_html/e-mailing/fckeditor/editor/dialog fck_anchor.html
2007.05.25 15:27 B Z:\mailing\e-mailing\fckeditor\editor\dialog\fck_button.html --> ftp.sbrafh.org.br /public_html/e-mailing/fckeditor/editor/dialog fck_button.html
2007.05.25 15:27 B Z:\mailing\e-mailing\fckeditor\editor\dialog\fck_checkbox.html --> ftp.sbrafh.org.br /public_html/e-mailing/fckeditor/editor/dialog fck_checkbox.html
2007.05.25 15:27 B Z:\mailing\e-mailing\fckeditor\editor\dialog\fck_colorselector.html --> ftp.sbrafh.org.br /public_html/e-mailing/fckeditor/editor/dialog fck_colorselector.html
2007.05.25 15:27 B Z:\mailing\e-mailing\fckeditor\editor\dialog\fck_docprops.html --> ftp.sbrafh.org.br /public_html/e-mailing/fckeditor/editor/dialog fck_docprops.html
2007.05.25 15:27 B Z:\mailing\e-mailing\fckeditor\editor\dialog\fck_find.html --> ftp.sbrafh.org.br /public_html/e-mailing/fckeditor/editor/dialog fck_find.html
2007.05.25 15:27 B Z:\mailing\e-mailing\fckeditor\editor\dialog\fck_flash.html --> ftp.sbrafh.org.br /public_html/e-mailing/fckeditor/editor/dialog fck_flash.html
2007.05.25 15:27 B Z:\mailing\e-mailing\fckeditor\editor\dialog\fck_form.html --> ftp.sbrafh.org.br /public_html/e-mailing/fckeditor/editor/dialog fck_form.html
2007.05.25 15:27 B Z:\mailing\e-mailing\fckeditor\editor\dialog\fck_hiddenfield.html --> ftp.sbrafh.org.br /public_html/e-mailing/fckeditor/editor/dialog fck_hiddenfield.html
2007.05.25 15:27 B Z:\mailing\e-mailing\fckeditor\editor\dialog\fck_image.html --> ftp.sbrafh.org.br /public_html/e-mailing/fckeditor/editor/dialog fck_image.html
2007.05.25 15:27 B Z:\mailing\e-mailing\fckeditor\editor\dialog\fck_link.html --> ftp.sbrafh.org.br /public_html/e-mailing/fckeditor/editor/dialog fck_link.html
2007.05.25 15:27 B Z:\mailing\e-mailing\fckeditor\editor\dialog\fck_listprop.html --> ftp.sbrafh.org.br /public_html/e-mailing/fckeditor/editor/dialog fck_listprop.html
2007.05.25 15:27 B Z:\mailing\e-mailing\fckeditor\editor\dialog\fck_paste.html --> ftp.sbrafh.org.br /public_html/e-mailing/fckeditor/editor/dialog fck_paste.html
2007.05.25 15:27 B Z:\mailing\e-mailing\fckeditor\editor\dialog\fck_radiobutton.html --> ftp.sbrafh.org.br /public_html/e-mailing/fckeditor/editor/dialog fck_radiobutton.html
2007.05.25 15:27 B Z:\mailing\e-mailing\fckeditor\editor\dialog\fck_replace.html --> ftp.sbrafh.org.br /public_html/e-mailing/fckeditor/editor/dialog fck_replace.html
2007.05.25 15:27 B Z:\mailing\e-mailing\fckeditor\editor\dialog\fck_select.html --> ftp.sbrafh.org.br /public_html/e-mailing/fckeditor/editor/dialog fck_select.html
2007.05.25 15:27 B Z:\mailing\e-mailing\fckeditor\editor\dialog\fck_smiley.html --> ftp.sbrafh.org.br /public_html/e-mailing/fckeditor/editor/dialog fck_smiley.html
2007.05.25 15:27 B Z:\mailing\e-mailing\fckeditor\editor\dialog\fck_source.html --> ftp.sbrafh.org.br /public_html/e-mailing/fckeditor/editor/dialog fck_source.html
2007.05.25 15:27 B Z:\mailing\e-mailing\fckeditor\editor\dialog\fck_specialchar.html --> ftp.sbrafh.org.br /public_html/e-mailing/fckeditor/editor/dialog fck_specialchar.html
2007.05.25 15:27 B Z:\mailing\e-mailing\fckeditor\editor\dialog\fck_spellerpages.html --> ftp.sbrafh.org.br /public_html/e-mailing/fckeditor/editor/dialog fck_spellerpages.html
2007.05.25 15:27 B Z:\mailing\e-mailing\fckeditor\editor\dialog\fck_table.html --> ftp.sbrafh.org.br /public_html/e-mailing/fckeditor/editor/dialog fck_table.html
2007.05.25 15:27 B Z:\mailing\e-mailing\fckeditor\editor\dialog\fck_tablecell.html --> ftp.sbrafh.org.br /public_html/e-mailing/fckeditor/editor/dialog fck_tablecell.html
2007.05.25 15:27 B Z:\mailing\e-mailing\fckeditor\editor\dialog\fck_template.html --> ftp.sbrafh.org.br /public_html/e-mailing/fckeditor/editor/dialog fck_template.html
2007.05.25 15:27 B Z:\mailing\e-mailing\fckeditor\editor\dialog\fck_textarea.html --> ftp.sbrafh.org.br /public_html/e-mailing/fckeditor/editor/dialog fck_textarea.html
2007.05.25 15:27 B Z:\mailing\e-mailing\fckeditor\editor\dialog\fck_textfield.html --> ftp.sbrafh.org.br /public_html/e-mailing/fckeditor/editor/dialog fck_textfield.html
2007.05.28 17:39 B Z:\mailing\e-mailing\fckeditor\editor\dialog\fck_about.html <-- sbrafh /public_html/e-mailing/fckeditor/editor/dialog fck_about.html
2007.05.28 17:39 B Z:\mailing\e-mailing\fckeditor\editor\dialog\fck_anchor.html <-- sbrafh /public_html/e-mailing/fckeditor/editor/dialog fck_anchor.html
2007.05.28 17:39 B Z:\mailing\e-mailing\fckeditor\editor\dialog\fck_button.html <-- sbrafh /public_html/e-mailing/fckeditor/editor/dialog fck_button.html
2007.05.28 17:39 B Z:\mailing\e-mailing\fckeditor\editor\dialog\fck_checkbox.html <-- sbrafh /public_html/e-mailing/fckeditor/editor/dialog fck_checkbox.html
2007.05.28 17:39 B Z:\mailing\e-mailing\fckeditor\editor\dialog\fck_colorselector.html <-- sbrafh /public_html/e-mailing/fckeditor/editor/dialog fck_colorselector.html
2007.05.28 17:39 B Z:\mailing\e-mailing\fckeditor\editor\dialog\fck_docprops.html <-- sbrafh /public_html/e-mailing/fckeditor/editor/dialog fck_docprops.html
2007.05.28 17:39 B Z:\mailing\e-mailing\fckeditor\editor\dialog\fck_find.html <-- sbrafh /public_html/e-mailing/fckeditor/editor/dialog fck_find.html
2007.05.28 17:39 B Z:\mailing\e-mailing\fckeditor\editor\dialog\fck_flash.html <-- sbrafh /public_html/e-mailing/fckeditor/editor/dialog fck_flash.html
2007.05.28 17:39 B Z:\mailing\e-mailing\fckeditor\editor\dialog\fck_form.html <-- sbrafh /public_html/e-mailing/fckeditor/editor/dialog fck_form.html
2007.05.28 17:39 B Z:\mailing\e-mailing\fckeditor\editor\dialog\fck_hiddenfield.html <-- sbrafh /public_html/e-mailing/fckeditor/editor/dialog fck_hiddenfield.html
2007.05.28 17:39 B Z:\mailing\e-mailing\fckeditor\editor\dialog\fck_image.html <-- sbrafh /public_html/e-mailing/fckeditor/editor/dialog fck_image.html
2007.05.28 17:39 B Z:\mailing\e-mailing\fckeditor\editor\dialog\fck_link.html <-- sbrafh /public_html/e-mailing/fckeditor/editor/dialog fck_link.html
2007.05.28 17:39 B Z:\mailing\e-mailing\fckeditor\editor\dialog\fck_listprop.html <-- sbrafh /public_html/e-mailing/fckeditor/editor/dialog fck_listprop.html
2007.05.28 17:39 B Z:\mailing\e-mailing\fckeditor\editor\dialog\fck_paste.html <-- sbrafh /public_html/e-mailing/fckeditor/editor/dialog fck_paste.html
2007.05.28 17:39 B Z:\mailing\e-mailing\fckeditor\editor\dialog\fck_radiobutton.html <-- sbrafh /public_html/e-mailing/fckeditor/editor/dialog fck_radiobutton.html
2007.05.28 17:39 B Z:\mailing\e-mailing\fckeditor\editor\dialog\fck_replace.html <-- sbrafh /public_html/e-mailing/fckeditor/editor/dialog fck_replace.html
2007.05.28 17:39 B Z:\mailing\e-mailing\fckeditor\editor\dialog\fck_select.html <-- sbrafh /public_html/e-mailing/fckeditor/editor/dialog fck_select.html
2007.05.28 17:39 B Z:\mailing\e-mailing\fckeditor\editor\dialog\fck_smiley.html <-- sbrafh /public_html/e-mailing/fckeditor/editor/dialog fck_smiley.html
2007.05.28 17:39 B Z:\mailing\e-mailing\fckeditor\editor\dialog\fck_source.html <-- sbrafh /public_html/e-mailing/fckeditor/editor/dialog fck_source.html
2007.05.28 17:39 B Z:\mailing\e-mailing\fckeditor\editor\dialog\fck_specialchar.html <-- sbrafh /public_html/e-mailing/fckeditor/editor/dialog fck_specialchar.html
2007.05.28 17:39 B Z:\mailing\e-mailing\fckeditor\editor\dialog\fck_spellerpages.html <-- sbrafh /public_html/e-mailing/fckeditor/editor/dialog fck_spellerpages.html
2007.05.28 17:39 B Z:\mailing\e-mailing\fckeditor\editor\dialog\fck_table.html <-- sbrafh /public_html/e-mailing/fckeditor/editor/dialog fck_table.html
2007.05.28 17:39 B Z:\mailing\e-mailing\fckeditor\editor\dialog\fck_tablecell.html <-- sbrafh /public_html/e-mailing/fckeditor/editor/dialog fck_tablecell.html
2007.05.28 17:39 B Z:\mailing\e-mailing\fckeditor\editor\dialog\fck_template.html <-- sbrafh /public_html/e-mailing/fckeditor/editor/dialog fck_template.html
2007.05.28 17:39 B Z:\mailing\e-mailing\fckeditor\editor\dialog\fck_textarea.html <-- sbrafh /public_html/e-mailing/fckeditor/editor/dialog fck_textarea.html
2007.05.28 17:39 B Z:\mailing\e-mailing\fckeditor\editor\dialog\fck_textfield.html <-- sbrafh /public_html/e-mailing/fckeditor/editor/dialog fck_textfield.html
2007.08.06 19:13 B Z:\amfar\admin\e-mailing\fckeditor\editor\dialog\fck_about.html --> ftp635.locaweb.com.br /public_html/admin/e-mailing/fckeditor/editor/dialog fck_about.html
2007.08.06 19:13 B Z:\amfar\admin\e-mailing\fckeditor\editor\dialog\fck_anchor.html --> ftp635.locaweb.com.br /public_html/admin/e-mailing/fckeditor/editor/dialog fck_anchor.html
2007.08.06 19:13 B Z:\amfar\admin\e-mailing\fckeditor\editor\dialog\fck_button.html --> ftp635.locaweb.com.br /public_html/admin/e-mailing/fckeditor/editor/dialog fck_button.html
2007.08.06 19:13 B Z:\amfar\admin\e-mailing\fckeditor\editor\dialog\fck_checkbox.html --> ftp635.locaweb.com.br /public_html/admin/e-mailing/fckeditor/editor/dialog fck_checkbox.html
2007.08.06 19:13 B Z:\amfar\admin\e-mailing\fckeditor\editor\dialog\fck_colorselector.html --> ftp635.locaweb.com.br /public_html/admin/e-mailing/fckeditor/editor/dialog fck_colorselector.html
2007.08.06 19:13 B Z:\amfar\admin\e-mailing\fckeditor\editor\dialog\fck_docprops.html --> ftp635.locaweb.com.br /public_html/admin/e-mailing/fckeditor/editor/dialog fck_docprops.html
2007.08.06 19:13 B Z:\amfar\admin\e-mailing\fckeditor\editor\dialog\fck_find.html --> ftp635.locaweb.com.br /public_html/admin/e-mailing/fckeditor/editor/dialog fck_find.html
2007.08.06 19:13 B Z:\amfar\admin\e-mailing\fckeditor\editor\dialog\fck_flash.html --> ftp635.locaweb.com.br /public_html/admin/e-mailing/fckeditor/editor/dialog fck_flash.html
2007.08.06 19:13 B Z:\amfar\admin\e-mailing\fckeditor\editor\dialog\fck_form.html --> ftp635.locaweb.com.br /public_html/admin/e-mailing/fckeditor/editor/dialog fck_form.html
2007.08.06 19:13 B Z:\amfar\admin\e-mailing\fckeditor\editor\dialog\fck_hiddenfield.html --> ftp635.locaweb.com.br /public_html/admin/e-mailing/fckeditor/editor/dialog fck_hiddenfield.html
2007.08.06 19:13 B Z:\amfar\admin\e-mailing\fckeditor\editor\dialog\fck_image.html --> ftp635.locaweb.com.br /public_html/admin/e-mailing/fckeditor/editor/dialog fck_image.html
2007.08.06 19:13 B Z:\amfar\admin\e-mailing\fckeditor\editor\dialog\fck_link.html --> ftp635.locaweb.com.br /public_html/admin/e-mailing/fckeditor/editor/dialog fck_link.html
2007.08.06 19:13 B Z:\amfar\admin\e-mailing\fckeditor\editor\dialog\fck_listprop.html --> ftp635.locaweb.com.br /public_html/admin/e-mailing/fckeditor/editor/dialog fck_listprop.html
2007.08.06 19:13 B Z:\amfar\admin\e-mailing\fckeditor\editor\dialog\fck_paste.html --> ftp635.locaweb.com.br /public_html/admin/e-mailing/fckeditor/editor/dialog fck_paste.html
2007.08.06 19:13 B Z:\amfar\admin\e-mailing\fckeditor\editor\dialog\fck_radiobutton.html --> ftp635.locaweb.com.br /public_html/admin/e-mailing/fckeditor/editor/dialog fck_radiobutton.html
2007.08.06 19:13 B Z:\amfar\admin\e-mailing\fckeditor\editor\dialog\fck_replace.html --> ftp635.locaweb.com.br /public_html/admin/e-mailing/fckeditor/editor/dialog fck_replace.html
2007.08.06 19:13 B Z:\amfar\admin\e-mailing\fckeditor\editor\dialog\fck_select.html --> ftp635.locaweb.com.br /public_html/admin/e-mailing/fckeditor/editor/dialog fck_select.html
2007.08.06 19:13 B Z:\amfar\admin\e-mailing\fckeditor\editor\dialog\fck_smiley.html --> ftp635.locaweb.com.br /public_html/admin/e-mailing/fckeditor/editor/dialog fck_smiley.html
2007.08.06 19:13 B Z:\amfar\admin\e-mailing\fckeditor\editor\dialog\fck_source.html --> ftp635.locaweb.com.br /public_html/admin/e-mailing/fckeditor/editor/dialog fck_source.html
2007.08.06 19:13 B Z:\amfar\admin\e-mailing\fckeditor\editor\dialog\fck_specialchar.html --> ftp635.locaweb.com.br /public_html/admin/e-mailing/fckeditor/editor/dialog fck_specialchar.html
2007.08.06 19:13 B Z:\amfar\admin\e-mailing\fckeditor\editor\dialog\fck_spellerpages.html --> ftp635.locaweb.com.br /public_html/admin/e-mailing/fckeditor/editor/dialog fck_spellerpages.html
2007.08.06 19:13 B Z:\amfar\admin\e-mailing\fckeditor\editor\dialog\fck_table.html --> ftp635.locaweb.com.br /public_html/admin/e-mailing/fckeditor/editor/dialog fck_table.html
2007.08.06 19:13 B Z:\amfar\admin\e-mailing\fckeditor\editor\dialog\fck_tablecell.html --> ftp635.locaweb.com.br /public_html/admin/e-mailing/fckeditor/editor/dialog fck_tablecell.html
2007.08.06 19:13 B Z:\amfar\admin\e-mailing\fckeditor\editor\dialog\fck_template.html --> ftp635.locaweb.com.br /public_html/admin/e-mailing/fckeditor/editor/dialog fck_template.html
2007.08.06 19:13 B Z:\amfar\admin\e-mailing\fckeditor\editor\dialog\fck_textarea.html --> ftp635.locaweb.com.br /public_html/admin/e-mailing/fckeditor/editor/dialog fck_textarea.html
2007.08.06 19:13 B Z:\amfar\admin\e-mailing\fckeditor\editor\dialog\fck_textfield.html --> ftp635.locaweb.com.br /public_html/admin/e-mailing/fckeditor/editor/dialog fck_textfield.html
