2011.06.20 18:54 B F:\xampp\htdocs\zf-tutorial\library\Zend\Service\Simpy\Link.php --> ftp.portalridgid.com.br /public_html/zf-tutorial/library/Zend/Service/Simpy Link.php
2011.06.20 18:54 B F:\xampp\htdocs\zf-tutorial\library\Zend\Service\Simpy\LinkQuery.php --> ftp.portalridgid.com.br /public_html/zf-tutorial/library/Zend/Service/Simpy LinkQuery.php
2011.06.20 18:54 B F:\xampp\htdocs\zf-tutorial\library\Zend\Service\Simpy\LinkSet.php --> ftp.portalridgid.com.br /public_html/zf-tutorial/library/Zend/Service/Simpy LinkSet.php
2011.06.20 18:54 B F:\xampp\htdocs\zf-tutorial\library\Zend\Service\Simpy\Note.php --> ftp.portalridgid.com.br /public_html/zf-tutorial/library/Zend/Service/Simpy Note.php
2011.06.20 18:54 B F:\xampp\htdocs\zf-tutorial\library\Zend\Service\Simpy\NoteSet.php --> ftp.portalridgid.com.br /public_html/zf-tutorial/library/Zend/Service/Simpy NoteSet.php
2011.06.20 18:54 B F:\xampp\htdocs\zf-tutorial\library\Zend\Service\Simpy\Tag.php --> ftp.portalridgid.com.br /public_html/zf-tutorial/library/Zend/Service/Simpy Tag.php
2011.06.20 18:54 B F:\xampp\htdocs\zf-tutorial\library\Zend\Service\Simpy\TagSet.php --> ftp.portalridgid.com.br /public_html/zf-tutorial/library/Zend/Service/Simpy TagSet.php
2011.06.20 18:54 B F:\xampp\htdocs\zf-tutorial\library\Zend\Service\Simpy\Watchlist.php --> ftp.portalridgid.com.br /public_html/zf-tutorial/library/Zend/Service/Simpy Watchlist.php
2011.06.20 18:54 B F:\xampp\htdocs\zf-tutorial\library\Zend\Service\Simpy\WatchlistFilter.php --> ftp.portalridgid.com.br /public_html/zf-tutorial/library/Zend/Service/Simpy WatchlistFilter.php
2011.06.20 18:54 B F:\xampp\htdocs\zf-tutorial\library\Zend\Service\Simpy\WatchlistFilterSet.php --> ftp.portalridgid.com.br /public_html/zf-tutorial/library/Zend/Service/Simpy WatchlistFilterSet.php
2011.06.20 18:54 B F:\xampp\htdocs\zf-tutorial\library\Zend\Service\Simpy\WatchlistSet.php --> ftp.portalridgid.com.br /public_html/zf-tutorial/library/Zend/Service/Simpy WatchlistSet.php
2011.06.30 03:12 B F:\xampp\htdocs\zendLibrary\Zend\Service\Simpy\WS_FTP.LOG --> ftp.sbrafh.org.br /sbrafh/Web/zendLibrary/Zend/Service/Simpy WS_FTP.LOG
2011.06.30 03:12 B F:\xampp\htdocs\zendLibrary\Zend\Service\Simpy\WatchlistSet.php --> ftp.sbrafh.org.br /sbrafh/Web/zendLibrary/Zend/Service/Simpy WatchlistSet.php
2011.06.30 03:12 B F:\xampp\htdocs\zendLibrary\Zend\Service\Simpy\WatchlistFilterSet.php --> ftp.sbrafh.org.br /sbrafh/Web/zendLibrary/Zend/Service/Simpy WatchlistFilterSet.php
2011.06.30 03:12 B F:\xampp\htdocs\zendLibrary\Zend\Service\Simpy\WatchlistFilter.php --> ftp.sbrafh.org.br /sbrafh/Web/zendLibrary/Zend/Service/Simpy WatchlistFilter.php
2011.06.30 03:12 B F:\xampp\htdocs\zendLibrary\Zend\Service\Simpy\Watchlist.php --> ftp.sbrafh.org.br /sbrafh/Web/zendLibrary/Zend/Service/Simpy Watchlist.php
2011.06.30 03:12 B F:\xampp\htdocs\zendLibrary\Zend\Service\Simpy\TagSet.php --> ftp.sbrafh.org.br /sbrafh/Web/zendLibrary/Zend/Service/Simpy TagSet.php
2011.06.30 03:12 B F:\xampp\htdocs\zendLibrary\Zend\Service\Simpy\Tag.php --> ftp.sbrafh.org.br /sbrafh/Web/zendLibrary/Zend/Service/Simpy Tag.php
2011.06.30 03:12 B F:\xampp\htdocs\zendLibrary\Zend\Service\Simpy\NoteSet.php --> ftp.sbrafh.org.br /sbrafh/Web/zendLibrary/Zend/Service/Simpy NoteSet.php
2011.06.30 03:12 B F:\xampp\htdocs\zendLibrary\Zend\Service\Simpy\Note.php --> ftp.sbrafh.org.br /sbrafh/Web/zendLibrary/Zend/Service/Simpy Note.php
2011.06.30 03:12 B F:\xampp\htdocs\zendLibrary\Zend\Service\Simpy\LinkSet.php --> ftp.sbrafh.org.br /sbrafh/Web/zendLibrary/Zend/Service/Simpy LinkSet.php
2011.06.30 03:12 B F:\xampp\htdocs\zendLibrary\Zend\Service\Simpy\LinkQuery.php --> ftp.sbrafh.org.br /sbrafh/Web/zendLibrary/Zend/Service/Simpy LinkQuery.php
2011.06.30 03:12 B F:\xampp\htdocs\zendLibrary\Zend\Service\Simpy\Link.php --> ftp.sbrafh.org.br /sbrafh/Web/zendLibrary/Zend/Service/Simpy Link.php
2011.07.09 00:20 B F:\xampp\htdocs\zendLibrary\Zend\Service\Simpy\Link.php --> ftp.radiofone.com.br /public_html/radiofone/zendLibrary/Zend/Service/Simpy Link.php
2011.07.09 00:20 B F:\xampp\htdocs\zendLibrary\Zend\Service\Simpy\LinkQuery.php --> ftp.radiofone.com.br /public_html/radiofone/zendLibrary/Zend/Service/Simpy LinkQuery.php
2011.07.09 00:20 B F:\xampp\htdocs\zendLibrary\Zend\Service\Simpy\LinkSet.php --> ftp.radiofone.com.br /public_html/radiofone/zendLibrary/Zend/Service/Simpy LinkSet.php
2011.07.09 00:20 B F:\xampp\htdocs\zendLibrary\Zend\Service\Simpy\Note.php --> ftp.radiofone.com.br /public_html/radiofone/zendLibrary/Zend/Service/Simpy Note.php
2011.07.09 00:20 B F:\xampp\htdocs\zendLibrary\Zend\Service\Simpy\NoteSet.php --> ftp.radiofone.com.br /public_html/radiofone/zendLibrary/Zend/Service/Simpy NoteSet.php
2011.07.09 00:20 B F:\xampp\htdocs\zendLibrary\Zend\Service\Simpy\Tag.php --> ftp.radiofone.com.br /public_html/radiofone/zendLibrary/Zend/Service/Simpy Tag.php
2011.07.09 00:20 B F:\xampp\htdocs\zendLibrary\Zend\Service\Simpy\TagSet.php --> ftp.radiofone.com.br /public_html/radiofone/zendLibrary/Zend/Service/Simpy TagSet.php
2011.07.09 00:20 B F:\xampp\htdocs\zendLibrary\Zend\Service\Simpy\Watchlist.php --> ftp.radiofone.com.br /public_html/radiofone/zendLibrary/Zend/Service/Simpy Watchlist.php
2011.07.09 00:20 B F:\xampp\htdocs\zendLibrary\Zend\Service\Simpy\WatchlistFilter.php --> ftp.radiofone.com.br /public_html/radiofone/zendLibrary/Zend/Service/Simpy WatchlistFilter.php
2011.07.09 00:20 B F:\xampp\htdocs\zendLibrary\Zend\Service\Simpy\WatchlistFilterSet.php --> ftp.radiofone.com.br /public_html/radiofone/zendLibrary/Zend/Service/Simpy WatchlistFilterSet.php
2011.07.09 00:20 B F:\xampp\htdocs\zendLibrary\Zend\Service\Simpy\WatchlistSet.php --> ftp.radiofone.com.br /public_html/radiofone/zendLibrary/Zend/Service/Simpy WatchlistSet.php
2011.07.09 00:20 B F:\xampp\htdocs\zendLibrary\Zend\Service\Simpy\WS_FTP.LOG --> ftp.radiofone.com.br /public_html/radiofone/zendLibrary/Zend/Service/Simpy WS_FTP.LOG
2011.07.26 23:09 B F:\xampp\htdocs\zendLibrary\Zend\Service\Simpy\Link.php --> ftp.sobrafo.org.br /public_html/zendLibrary/Zend/Service/Simpy Link.php
2011.07.26 23:09 B F:\xampp\htdocs\zendLibrary\Zend\Service\Simpy\LinkQuery.php --> ftp.sobrafo.org.br /public_html/zendLibrary/Zend/Service/Simpy LinkQuery.php
2011.07.26 23:09 B F:\xampp\htdocs\zendLibrary\Zend\Service\Simpy\LinkSet.php --> ftp.sobrafo.org.br /public_html/zendLibrary/Zend/Service/Simpy LinkSet.php
2011.07.26 23:09 B F:\xampp\htdocs\zendLibrary\Zend\Service\Simpy\Note.php --> ftp.sobrafo.org.br /public_html/zendLibrary/Zend/Service/Simpy Note.php
2011.07.26 23:09 B F:\xampp\htdocs\zendLibrary\Zend\Service\Simpy\NoteSet.php --> ftp.sobrafo.org.br /public_html/zendLibrary/Zend/Service/Simpy NoteSet.php
2011.07.26 23:09 B F:\xampp\htdocs\zendLibrary\Zend\Service\Simpy\Tag.php --> ftp.sobrafo.org.br /public_html/zendLibrary/Zend/Service/Simpy Tag.php
2011.07.26 23:09 B F:\xampp\htdocs\zendLibrary\Zend\Service\Simpy\TagSet.php --> ftp.sobrafo.org.br /public_html/zendLibrary/Zend/Service/Simpy TagSet.php
2011.07.26 23:09 B F:\xampp\htdocs\zendLibrary\Zend\Service\Simpy\Watchlist.php --> ftp.sobrafo.org.br /public_html/zendLibrary/Zend/Service/Simpy Watchlist.php
2011.07.26 23:09 B F:\xampp\htdocs\zendLibrary\Zend\Service\Simpy\WatchlistFilter.php --> ftp.sobrafo.org.br /public_html/zendLibrary/Zend/Service/Simpy WatchlistFilter.php
2011.07.26 23:09 B F:\xampp\htdocs\zendLibrary\Zend\Service\Simpy\WatchlistFilterSet.php --> ftp.sobrafo.org.br /public_html/zendLibrary/Zend/Service/Simpy WatchlistFilterSet.php
2011.07.26 23:09 B F:\xampp\htdocs\zendLibrary\Zend\Service\Simpy\WatchlistSet.php --> ftp.sobrafo.org.br /public_html/zendLibrary/Zend/Service/Simpy WatchlistSet.php
2011.07.26 23:09 B F:\xampp\htdocs\zendLibrary\Zend\Service\Simpy\WS_FTP.LOG --> ftp.sobrafo.org.br /public_html/zendLibrary/Zend/Service/Simpy WS_FTP.LOG
2011.08.09 17:29 B F:\xampp\htdocs\ZendLibrary\Zend\Service\Simpy\Link.php --> ftp.amfar.com.br /public_html/ZendLibrary/Zend/Service/Simpy Link.php
2011.08.09 17:29 B F:\xampp\htdocs\ZendLibrary\Zend\Service\Simpy\LinkQuery.php --> ftp.amfar.com.br /public_html/ZendLibrary/Zend/Service/Simpy LinkQuery.php
2011.08.09 17:29 B F:\xampp\htdocs\ZendLibrary\Zend\Service\Simpy\LinkSet.php --> ftp.amfar.com.br /public_html/ZendLibrary/Zend/Service/Simpy LinkSet.php
2011.08.09 17:29 B F:\xampp\htdocs\ZendLibrary\Zend\Service\Simpy\Note.php --> ftp.amfar.com.br /public_html/ZendLibrary/Zend/Service/Simpy Note.php
2011.08.09 17:29 B F:\xampp\htdocs\ZendLibrary\Zend\Service\Simpy\NoteSet.php --> ftp.amfar.com.br /public_html/ZendLibrary/Zend/Service/Simpy NoteSet.php
2011.08.09 17:29 B F:\xampp\htdocs\ZendLibrary\Zend\Service\Simpy\Tag.php --> ftp.amfar.com.br /public_html/ZendLibrary/Zend/Service/Simpy Tag.php
2011.08.09 17:29 B F:\xampp\htdocs\ZendLibrary\Zend\Service\Simpy\TagSet.php --> ftp.amfar.com.br /public_html/ZendLibrary/Zend/Service/Simpy TagSet.php
2011.08.09 17:30 B F:\xampp\htdocs\ZendLibrary\Zend\Service\Simpy\Watchlist.php --> ftp.amfar.com.br /public_html/ZendLibrary/Zend/Service/Simpy Watchlist.php
2011.08.09 17:30 B F:\xampp\htdocs\ZendLibrary\Zend\Service\Simpy\WatchlistFilter.php --> ftp.amfar.com.br /public_html/ZendLibrary/Zend/Service/Simpy WatchlistFilter.php
2011.08.09 17:30 B F:\xampp\htdocs\ZendLibrary\Zend\Service\Simpy\WatchlistFilterSet.php --> ftp.amfar.com.br /public_html/ZendLibrary/Zend/Service/Simpy WatchlistFilterSet.php
2011.08.09 17:30 B F:\xampp\htdocs\ZendLibrary\Zend\Service\Simpy\WatchlistSet.php --> ftp.amfar.com.br /public_html/ZendLibrary/Zend/Service/Simpy WatchlistSet.php
