2011.06.20 18:55 B F:\xampp\htdocs\zf-tutorial\library\Zend\Text\Exception.php --> ftp.portalridgid.com.br /public_html/zf-tutorial/library/Zend/Text Exception.php
2011.06.20 18:55 B F:\xampp\htdocs\zf-tutorial\library\Zend\Text\Figlet.php --> ftp.portalridgid.com.br /public_html/zf-tutorial/library/Zend/Text Figlet.php
2011.06.20 18:55 B F:\xampp\htdocs\zf-tutorial\library\Zend\Text\MultiByte.php --> ftp.portalridgid.com.br /public_html/zf-tutorial/library/Zend/Text MultiByte.php
2011.06.20 18:55 B F:\xampp\htdocs\zf-tutorial\library\Zend\Text\Table.php --> ftp.portalridgid.com.br /public_html/zf-tutorial/library/Zend/Text Table.php
2011.06.30 03:10 B F:\xampp\htdocs\zendLibrary\Zend\Text\WS_FTP.LOG --> ftp.sbrafh.org.br /sbrafh/Web/zendLibrary/Zend/Text WS_FTP.LOG
2011.06.30 03:10 B F:\xampp\htdocs\zendLibrary\Zend\Text\Table.php --> ftp.sbrafh.org.br /sbrafh/Web/zendLibrary/Zend/Text Table.php
2011.06.30 03:10 B F:\xampp\htdocs\zendLibrary\Zend\Text\MultiByte.php --> ftp.sbrafh.org.br /sbrafh/Web/zendLibrary/Zend/Text MultiByte.php
2011.06.30 03:10 B F:\xampp\htdocs\zendLibrary\Zend\Text\Figlet.php --> ftp.sbrafh.org.br /sbrafh/Web/zendLibrary/Zend/Text Figlet.php
2011.06.30 03:10 B F:\xampp\htdocs\zendLibrary\Zend\Text\Exception.php --> ftp.sbrafh.org.br /sbrafh/Web/zendLibrary/Zend/Text Exception.php
2011.07.09 00:22 B F:\xampp\htdocs\zendLibrary\Zend\Text\Exception.php --> ftp.radiofone.com.br /public_html/radiofone/zendLibrary/Zend/Text Exception.php
2011.07.09 00:22 B F:\xampp\htdocs\zendLibrary\Zend\Text\Figlet.php --> ftp.radiofone.com.br /public_html/radiofone/zendLibrary/Zend/Text Figlet.php
2011.07.09 00:22 B F:\xampp\htdocs\zendLibrary\Zend\Text\MultiByte.php --> ftp.radiofone.com.br /public_html/radiofone/zendLibrary/Zend/Text MultiByte.php
2011.07.09 00:22 B F:\xampp\htdocs\zendLibrary\Zend\Text\Table.php --> ftp.radiofone.com.br /public_html/radiofone/zendLibrary/Zend/Text Table.php
2011.07.09 00:22 B F:\xampp\htdocs\zendLibrary\Zend\Text\WS_FTP.LOG --> ftp.radiofone.com.br /public_html/radiofone/zendLibrary/Zend/Text WS_FTP.LOG
2011.07.26 23:11 B F:\xampp\htdocs\zendLibrary\Zend\Text\Exception.php --> ftp.sobrafo.org.br /public_html/zendLibrary/Zend/Text Exception.php
2011.07.26 23:11 B F:\xampp\htdocs\zendLibrary\Zend\Text\Figlet.php --> ftp.sobrafo.org.br /public_html/zendLibrary/Zend/Text Figlet.php
2011.07.26 23:11 B F:\xampp\htdocs\zendLibrary\Zend\Text\MultiByte.php --> ftp.sobrafo.org.br /public_html/zendLibrary/Zend/Text MultiByte.php
2011.07.26 23:11 B F:\xampp\htdocs\zendLibrary\Zend\Text\Table.php --> ftp.sobrafo.org.br /public_html/zendLibrary/Zend/Text Table.php
2011.07.26 23:11 B F:\xampp\htdocs\zendLibrary\Zend\Text\WS_FTP.LOG --> ftp.sobrafo.org.br /public_html/zendLibrary/Zend/Text WS_FTP.LOG
2011.08.09 17:31 B F:\xampp\htdocs\ZendLibrary\Zend\Text\Exception.php --> ftp.amfar.com.br /public_html/ZendLibrary/Zend/Text Exception.php
2011.08.09 17:31 B F:\xampp\htdocs\ZendLibrary\Zend\Text\Figlet.php --> ftp.amfar.com.br /public_html/ZendLibrary/Zend/Text Figlet.php
2011.08.09 17:31 B F:\xampp\htdocs\ZendLibrary\Zend\Text\MultiByte.php --> ftp.amfar.com.br /public_html/ZendLibrary/Zend/Text MultiByte.php
2011.08.09 17:31 B F:\xampp\htdocs\ZendLibrary\Zend\Text\Table.php --> ftp.amfar.com.br /public_html/ZendLibrary/Zend/Text Table.php
