2004.03.02 13:09 B E:\htdocs\wwwmantua\enquete\images\botao_adicionar.gif <-- Mantua-web /public_html/enquete/images botao_adicionar.gif
2004.03.02 13:09 B E:\htdocs\wwwmantua\enquete\images\botao_apagar.gif <-- Mantua-web /public_html/enquete/images botao_apagar.gif
2004.03.02 13:09 B E:\htdocs\wwwmantua\enquete\images\botao_editar.gif <-- Mantua-web /public_html/enquete/images botao_editar.gif
2004.03.02 13:09 B E:\htdocs\wwwmantua\enquete\images\botao_listar.gif <-- Mantua-web /public_html/enquete/images botao_listar.gif
2004.03.02 13:09 B E:\htdocs\wwwmantua\enquete\images\enquete.jpg <-- Mantua-web /public_html/enquete/images enquete.jpg
2004.03.02 13:09 B E:\htdocs\wwwmantua\enquete\images\percent.gif <-- Mantua-web /public_html/enquete/images percent.gif
2004.03.02 13:09 B E:\htdocs\wwwmantua\enquete\images\resultado.gif <-- Mantua-web /public_html/enquete/images resultado.gif
2004.03.02 13:09 B E:\htdocs\wwwmantua\enquete\images\voltar.gif <-- Mantua-web /public_html/enquete/images voltar.gif
2004.03.02 13:09 B E:\htdocs\wwwmantua\enquete\images\votar.gif <-- Mantua-web /public_html/enquete/images votar.gif
2004.03.05 00:23 B E:\htdocs\wwwmantua\enquete\images\bk_botao.jpg --> ftp.mantua.com.br /public_html/enquete/images bk_botao.jpg
2004.03.05 00:25 B E:\htdocs\wwwmantua\enquete\images\bk_topo.jpg --> ftp.mantua.com.br /public_html/enquete/images bk_topo.jpg
2004.03.05 00:26 B E:\htdocs\wwwmantua\enquete\images\bk_topo.jpg --> ftp.mantua.com.br /public_html/enquete/images bk_topo.jpg
2004.03.08 13:43 B E:\htdocs\wwwmantua\enquete\images\bk_botao.jpg --> 192.168.0.1 /var/www/html/mantua/enquete/images bk_botao.jpg
2004.03.08 13:43 B E:\htdocs\wwwmantua\enquete\images\bk_topo.jpg --> 192.168.0.1 /var/www/html/mantua/enquete/images bk_topo.jpg
2004.03.08 13:43 B E:\htdocs\wwwmantua\enquete\images\botao_adicionar.gif --> 192.168.0.1 /var/www/html/mantua/enquete/images botao_adicionar.gif
2004.03.08 13:43 B E:\htdocs\wwwmantua\enquete\images\botao_apagar.gif --> 192.168.0.1 /var/www/html/mantua/enquete/images botao_apagar.gif
2004.03.08 13:43 B E:\htdocs\wwwmantua\enquete\images\botao_editar.gif --> 192.168.0.1 /var/www/html/mantua/enquete/images botao_editar.gif
2004.03.08 13:43 B E:\htdocs\wwwmantua\enquete\images\botao_listar.gif --> 192.168.0.1 /var/www/html/mantua/enquete/images botao_listar.gif
2004.03.08 13:43 B E:\htdocs\wwwmantua\enquete\images\enquete.jpg --> 192.168.0.1 /var/www/html/mantua/enquete/images enquete.jpg
2004.03.08 13:43 B E:\htdocs\wwwmantua\enquete\images\percent.gif --> 192.168.0.1 /var/www/html/mantua/enquete/images percent.gif
2004.03.08 13:43 B E:\htdocs\wwwmantua\enquete\images\resultado.gif --> 192.168.0.1 /var/www/html/mantua/enquete/images resultado.gif
2004.03.08 13:43 B E:\htdocs\wwwmantua\enquete\images\voltar.gif --> 192.168.0.1 /var/www/html/mantua/enquete/images voltar.gif
2004.03.08 13:43 B E:\htdocs\wwwmantua\enquete\images\votar.gif --> 192.168.0.1 /var/www/html/mantua/enquete/images votar.gif
2004.03.08 13:43 B E:\htdocs\wwwmantua\enquete\images\WS_FTP.LOG --> 192.168.0.1 /var/www/html/mantua/enquete/images WS_FTP.LOG
2004.03.08 14:18 B E:\htdocs\wwwmantua\enquete\images\bk_botao.jpg --> ftp.mantua.com.br /public_html/admin/images bk_botao.jpg
2004.03.08 14:18 B E:\htdocs\wwwmantua\enquete\images\bk_topo.jpg --> ftp.mantua.com.br /public_html/admin/images bk_topo.jpg
2004.03.08 14:18 B E:\htdocs\wwwmantua\enquete\images\botao_adicionar.gif --> ftp.mantua.com.br /public_html/admin/images botao_adicionar.gif
2004.03.08 14:18 B E:\htdocs\wwwmantua\enquete\images\botao_apagar.gif --> ftp.mantua.com.br /public_html/admin/images botao_apagar.gif
2004.03.08 14:18 B E:\htdocs\wwwmantua\enquete\images\botao_editar.gif --> ftp.mantua.com.br /public_html/admin/images botao_editar.gif
2004.03.08 14:18 B E:\htdocs\wwwmantua\enquete\images\botao_listar.gif --> ftp.mantua.com.br /public_html/admin/images botao_listar.gif
2004.03.08 14:18 B E:\htdocs\wwwmantua\enquete\images\enquete.jpg --> ftp.mantua.com.br /public_html/admin/images enquete.jpg
2004.03.08 14:18 B E:\htdocs\wwwmantua\enquete\images\percent.gif --> ftp.mantua.com.br /public_html/admin/images percent.gif
2004.03.08 14:18 B E:\htdocs\wwwmantua\enquete\images\resultado.gif --> ftp.mantua.com.br /public_html/admin/images resultado.gif
2004.03.08 14:18 B E:\htdocs\wwwmantua\enquete\images\voltar.gif --> ftp.mantua.com.br /public_html/admin/images voltar.gif
2004.03.08 14:18 B E:\htdocs\wwwmantua\enquete\images\votar.gif --> ftp.mantua.com.br /public_html/admin/images votar.gif
105.02.03 22:01 B D:\internet\htdocs\wwwmantua\admin\images\WS_FTP.LOG <-- mantua /public_html/admin/images WS_FTP.LOG
2005.06.01 12:21 B D:\internet\htdocs\wwwmantua\admin\images\bk_botao.jpg --> ftp.toledocursos.com.br /toledocursos.com.br/loja/adm/images bk_botao.jpg
2005.06.01 12:21 B D:\internet\htdocs\wwwmantua\admin\images\bk_topo.jpg --> ftp.toledocursos.com.br /toledocursos.com.br/loja/adm/images bk_topo.jpg
2005.06.01 12:21 B D:\internet\htdocs\wwwmantua\admin\images\botao_adicionar.gif --> ftp.toledocursos.com.br /toledocursos.com.br/loja/adm/images botao_adicionar.gif
2005.06.01 12:21 B D:\internet\htdocs\wwwmantua\admin\images\botao_apagar.gif --> ftp.toledocursos.com.br /toledocursos.com.br/loja/adm/images botao_apagar.gif
2005.06.01 12:21 B D:\internet\htdocs\wwwmantua\admin\images\botao_editar.gif --> ftp.toledocursos.com.br /toledocursos.com.br/loja/adm/images botao_editar.gif
2005.06.01 12:21 B D:\internet\htdocs\wwwmantua\admin\images\botao_listar.gif --> ftp.toledocursos.com.br /toledocursos.com.br/loja/adm/images botao_listar.gif
2005.06.01 12:21 B D:\internet\htdocs\wwwmantua\admin\images\enquete.jpg --> ftp.toledocursos.com.br /toledocursos.com.br/loja/adm/images enquete.jpg
2005.06.01 12:21 B D:\internet\htdocs\wwwmantua\admin\images\percent.gif --> ftp.toledocursos.com.br /toledocursos.com.br/loja/adm/images percent.gif
2005.06.01 12:21 B D:\internet\htdocs\wwwmantua\admin\images\resultado.gif --> ftp.toledocursos.com.br /toledocursos.com.br/loja/adm/images resultado.gif
2005.06.01 12:21 B D:\internet\htdocs\wwwmantua\admin\images\voltar.gif --> ftp.toledocursos.com.br /toledocursos.com.br/loja/adm/images voltar.gif
2005.06.01 12:21 B D:\internet\htdocs\wwwmantua\admin\images\votar.gif --> ftp.toledocursos.com.br /toledocursos.com.br/loja/adm/images votar.gif
2005.06.01 12:21 B D:\internet\htdocs\wwwmantua\admin\images\WS_FTP.LOG --> ftp.toledocursos.com.br /toledocursos.com.br/loja/adm/images WS_FTP.LOG
106.01.11 01:03 B D:\PHP\shopland\adm\images\bk_botao.jpg --> ftp319.locaweb.com.br /public_html/adm/images bk_botao.jpg
106.01.11 01:03 B D:\PHP\shopland\adm\images\bk_topo.jpg --> ftp319.locaweb.com.br /public_html/adm/images bk_topo.jpg
106.01.11 01:03 B D:\PHP\shopland\adm\images\botao_adicionar.gif --> ftp319.locaweb.com.br /public_html/adm/images botao_adicionar.gif
106.01.11 01:03 B D:\PHP\shopland\adm\images\botao_apagar.gif --> ftp319.locaweb.com.br /public_html/adm/images botao_apagar.gif
106.01.11 01:03 B D:\PHP\shopland\adm\images\botao_editar.gif --> ftp319.locaweb.com.br /public_html/adm/images botao_editar.gif
106.01.11 01:03 B D:\PHP\shopland\adm\images\botao_listar.gif --> ftp319.locaweb.com.br /public_html/adm/images botao_listar.gif
106.01.11 01:03 B D:\PHP\shopland\adm\images\enquete.jpg --> ftp319.locaweb.com.br /public_html/adm/images enquete.jpg
106.01.11 01:03 B D:\PHP\shopland\adm\images\percent.gif --> ftp319.locaweb.com.br /public_html/adm/images percent.gif
106.01.11 01:03 B D:\PHP\shopland\adm\images\resultado.gif --> ftp319.locaweb.com.br /public_html/adm/images resultado.gif
106.01.11 01:03 B D:\PHP\shopland\adm\images\voltar.gif --> ftp319.locaweb.com.br /public_html/adm/images voltar.gif
106.01.11 01:03 B D:\PHP\shopland\adm\images\votar.gif --> ftp319.locaweb.com.br /public_html/adm/images votar.gif
106.01.11 01:03 B D:\PHP\shopland\adm\images\WS_FTP.LOG --> ftp319.locaweb.com.br /public_html/adm/images WS_FTP.LOG
106.02.06 17:01 B D:\PHP\shopland\admin\images\bk_botao.jpg --> ftp.sbrafh.org.br /public_html/admin/images bk_botao.jpg
106.02.06 17:01 B D:\PHP\shopland\admin\images\bk_topo.jpg --> ftp.sbrafh.org.br /public_html/admin/images bk_topo.jpg
106.02.06 17:01 B D:\PHP\shopland\admin\images\botao_adicionar.gif --> ftp.sbrafh.org.br /public_html/admin/images botao_adicionar.gif
106.02.06 17:01 B D:\PHP\shopland\admin\images\botao_apagar.gif --> ftp.sbrafh.org.br /public_html/admin/images botao_apagar.gif
106.02.06 17:01 B D:\PHP\shopland\admin\images\botao_editar.gif --> ftp.sbrafh.org.br /public_html/admin/images botao_editar.gif
106.02.06 17:01 B D:\PHP\shopland\admin\images\botao_listar.gif --> ftp.sbrafh.org.br /public_html/admin/images botao_listar.gif
106.02.06 17:01 B D:\PHP\shopland\admin\images\enquete.jpg --> ftp.sbrafh.org.br /public_html/admin/images enquete.jpg
106.02.06 17:01 B D:\PHP\shopland\admin\images\percent.gif --> ftp.sbrafh.org.br /public_html/admin/images percent.gif
106.02.06 17:01 B D:\PHP\shopland\admin\images\resultado.gif --> ftp.sbrafh.org.br /public_html/admin/images resultado.gif
106.02.06 17:01 B D:\PHP\shopland\admin\images\voltar.gif --> ftp.sbrafh.org.br /public_html/admin/images voltar.gif
106.02.06 17:01 B D:\PHP\shopland\admin\images\votar.gif --> ftp.sbrafh.org.br /public_html/admin/images votar.gif
106.02.06 17:02 B D:\PHP\shopland\admin\images\WS_FTP.LOG --> ftp.sbrafh.org.br /public_html/admin/images WS_FTP.LOG
106.03.20 16:43 B D:\PHP\shopland\admin\images\excluir.gif --> ftp.shopland.com.br /public_html/admin/images excluir.gif
2007.08.07 19:46 B Z:\shopland\admin\images\admUsuarios.png --> ftp.shopland.com.br /public_html/admin/images admUsuarios.png
2007.08.07 19:54 B Z:\shopland\admin\images\login.gif --> ftp.shopland.com.br /public_html/admin/images login.gif
2007.08.07 21:17 B Z:\shopland\admin\images\admPedidosIncompletos.png --> ftp.shopland.com.br /public_html/admin/images admPedidosIncompletos.png
2007.08.07 22:41 B Z:\shopland\admin\images\admTabelas.png --> ftp.shopland.com.br /public_html/admin/images admTabelas.png
2007.08.07 23:09 B Z:\shopland\admin\images\excel.gif --> ftp.shopland.com.br /public_html/admin/images excel.gif
2007.08.20 18:08 B Z:\shopland\admin\images\admPedidosIncompletos.png --> ftp.shopland.com.br /public_html/loja/admin/images admPedidosIncompletos.png
2007.08.20 18:08 B Z:\shopland\admin\images\admTabelas.png --> ftp.shopland.com.br /public_html/loja/admin/images admTabelas.png
2007.08.20 18:08 B Z:\shopland\admin\images\admUsuarios.png --> ftp.shopland.com.br /public_html/loja/admin/images admUsuarios.png
2007.08.20 18:08 B Z:\shopland\admin\images\bk_botao.jpg --> ftp.shopland.com.br /public_html/loja/admin/images bk_botao.jpg
2007.08.20 18:08 B Z:\shopland\admin\images\bk_topo.jpg --> ftp.shopland.com.br /public_html/loja/admin/images bk_topo.jpg
2007.08.20 18:08 B Z:\shopland\admin\images\botao_adicionar.gif --> ftp.shopland.com.br /public_html/loja/admin/images botao_adicionar.gif
2007.08.20 18:08 B Z:\shopland\admin\images\botao_apagar.gif --> ftp.shopland.com.br /public_html/loja/admin/images botao_apagar.gif
2007.08.20 18:08 B Z:\shopland\admin\images\botao_editar.gif --> ftp.shopland.com.br /public_html/loja/admin/images botao_editar.gif
2007.08.20 18:08 B Z:\shopland\admin\images\botao_listar.gif --> ftp.shopland.com.br /public_html/loja/admin/images botao_listar.gif
2007.08.20 18:08 B Z:\shopland\admin\images\enquete.jpg --> ftp.shopland.com.br /public_html/loja/admin/images enquete.jpg
2007.08.20 18:08 B Z:\shopland\admin\images\excel.gif --> ftp.shopland.com.br /public_html/loja/admin/images excel.gif
2007.08.20 18:08 B Z:\shopland\admin\images\excluir.gif --> ftp.shopland.com.br /public_html/loja/admin/images excluir.gif
2007.08.20 18:08 B Z:\shopland\admin\images\login.gif --> ftp.shopland.com.br /public_html/loja/admin/images login.gif
2007.08.20 18:08 B Z:\shopland\admin\images\logomail.jpg --> ftp.shopland.com.br /public_html/loja/admin/images logomail.jpg
2007.08.20 18:08 B Z:\shopland\admin\images\percent.gif --> ftp.shopland.com.br /public_html/loja/admin/images percent.gif
2007.08.20 18:08 B Z:\shopland\admin\images\resultado.gif --> ftp.shopland.com.br /public_html/loja/admin/images resultado.gif
2007.08.20 18:08 B Z:\shopland\admin\images\voltar.gif --> ftp.shopland.com.br /public_html/loja/admin/images voltar.gif
2007.08.20 18:08 B Z:\shopland\admin\images\votar.gif --> ftp.shopland.com.br /public_html/loja/admin/images votar.gif
2010.04.28 17:02 B X:\shopland\admin\images\admPedidosIncompletos.png --> ftp.amfar.com.br /public_html/admin/editor/images admPedidosIncompletos.png
2010.04.28 17:02 B X:\shopland\admin\images\admTabelas.png --> ftp.amfar.com.br /public_html/admin/editor/images admTabelas.png
2010.04.28 17:02 B X:\shopland\admin\images\admUsuarios.png --> ftp.amfar.com.br /public_html/admin/editor/images admUsuarios.png
2010.04.28 17:02 B X:\shopland\admin\images\bk_botao.jpg --> ftp.amfar.com.br /public_html/admin/editor/images bk_botao.jpg
2010.04.28 17:02 B X:\shopland\admin\images\bk_topo.jpg --> ftp.amfar.com.br /public_html/admin/editor/images bk_topo.jpg
2010.04.28 17:02 B X:\shopland\admin\images\botao_adicionar.gif --> ftp.amfar.com.br /public_html/admin/editor/images botao_adicionar.gif
2010.04.28 17:02 B X:\shopland\admin\images\botao_apagar.gif --> ftp.amfar.com.br /public_html/admin/editor/images botao_apagar.gif
2010.04.28 17:02 B X:\shopland\admin\images\botao_editar.gif --> ftp.amfar.com.br /public_html/admin/editor/images botao_editar.gif
2010.04.28 17:02 B X:\shopland\admin\images\botao_listar.gif --> ftp.amfar.com.br /public_html/admin/editor/images botao_listar.gif
2010.04.28 17:02 B X:\shopland\admin\images\enquete.jpg --> ftp.amfar.com.br /public_html/admin/editor/images enquete.jpg
2010.04.28 17:02 B X:\shopland\admin\images\excel.gif --> ftp.amfar.com.br /public_html/admin/editor/images excel.gif
2010.04.28 17:02 B X:\shopland\admin\images\excluir.gif --> ftp.amfar.com.br /public_html/admin/editor/images excluir.gif
2010.04.28 17:02 B X:\shopland\admin\images\login.gif --> ftp.amfar.com.br /public_html/admin/editor/images login.gif
2010.04.28 17:02 B X:\shopland\admin\images\logomail.jpg --> ftp.amfar.com.br /public_html/admin/editor/images logomail.jpg
2010.04.28 17:02 B X:\shopland\admin\images\percent.gif --> ftp.amfar.com.br /public_html/admin/editor/images percent.gif
2010.04.28 17:02 B X:\shopland\admin\images\resultado.gif --> ftp.amfar.com.br /public_html/admin/editor/images resultado.gif
2010.04.28 17:02 B X:\shopland\admin\images\Thumbs.db --> ftp.amfar.com.br /public_html/admin/editor/images Thumbs.db
2010.04.28 17:02 B X:\shopland\admin\images\voltar.gif --> ftp.amfar.com.br /public_html/admin/editor/images voltar.gif
2010.04.28 17:02 B X:\shopland\admin\images\votar.gif --> ftp.amfar.com.br /public_html/admin/editor/images votar.gif
