2011.06.20 18:36 B F:\xampp\htdocs\zf-tutorial\library\Zend\Form\DisplayGroup.php --> ftp.portalridgid.com.br /public_html/zf-tutorial/library/Zend/Form DisplayGroup.php
2011.06.20 18:36 B F:\xampp\htdocs\zf-tutorial\library\Zend\Form\Element.php --> ftp.portalridgid.com.br /public_html/zf-tutorial/library/Zend/Form Element.php
2011.06.20 18:36 B F:\xampp\htdocs\zf-tutorial\library\Zend\Form\Exception.php --> ftp.portalridgid.com.br /public_html/zf-tutorial/library/Zend/Form Exception.php
2011.06.20 18:36 B F:\xampp\htdocs\zf-tutorial\library\Zend\Form\SubForm.php --> ftp.portalridgid.com.br /public_html/zf-tutorial/library/Zend/Form SubForm.php
2011.06.30 03:37 B F:\xampp\htdocs\zendLibrary\Zend\Form\WS_FTP.LOG --> ftp.sbrafh.org.br /sbrafh/Web/zendLibrary/Zend/Form WS_FTP.LOG
2011.06.30 03:37 B F:\xampp\htdocs\zendLibrary\Zend\Form\DisplayGroup.php --> ftp.sbrafh.org.br /sbrafh/Web/zendLibrary/Zend/Form DisplayGroup.php
2011.06.30 03:37 B F:\xampp\htdocs\zendLibrary\Zend\Form\SubForm.php --> ftp.sbrafh.org.br /sbrafh/Web/zendLibrary/Zend/Form SubForm.php
2011.06.30 03:37 B F:\xampp\htdocs\zendLibrary\Zend\Form\Exception.php --> ftp.sbrafh.org.br /sbrafh/Web/zendLibrary/Zend/Form Exception.php
2011.06.30 03:37 B F:\xampp\htdocs\zendLibrary\Zend\Form\Element.php --> ftp.sbrafh.org.br /sbrafh/Web/zendLibrary/Zend/Form Element.php
2011.07.08 23:49 B F:\xampp\htdocs\zendLibrary\Zend\Form\DisplayGroup.php --> ftp.radiofone.com.br /public_html/radiofone/zendLibrary/Zend/Form DisplayGroup.php
2011.07.08 23:50 B F:\xampp\htdocs\zendLibrary\Zend\Form\Element.php --> ftp.radiofone.com.br /public_html/radiofone/zendLibrary/Zend/Form Element.php
2011.07.08 23:50 B F:\xampp\htdocs\zendLibrary\Zend\Form\Exception.php --> ftp.radiofone.com.br /public_html/radiofone/zendLibrary/Zend/Form Exception.php
2011.07.08 23:50 B F:\xampp\htdocs\zendLibrary\Zend\Form\SubForm.php --> ftp.radiofone.com.br /public_html/radiofone/zendLibrary/Zend/Form SubForm.php
2011.07.08 23:50 B F:\xampp\htdocs\zendLibrary\Zend\Form\WS_FTP.LOG --> ftp.radiofone.com.br /public_html/radiofone/zendLibrary/Zend/Form WS_FTP.LOG
2011.07.09 00:47 B F:\xampp\htdocs\zendLibrary\Zend\Form\WS_FTP.LOG --> ftp.radiofone.com.br /public_html/radiofone/zendLibrary/Zend/Form WS_FTP.LOG
2011.07.26 22:50 B F:\xampp\htdocs\zendLibrary\Zend\Form\DisplayGroup.php --> ftp.sobrafo.org.br /public_html/zendLibrary/Zend/Form DisplayGroup.php
2011.07.26 22:50 B F:\xampp\htdocs\zendLibrary\Zend\Form\Element.php --> ftp.sobrafo.org.br /public_html/zendLibrary/Zend/Form Element.php
2011.07.26 22:50 B F:\xampp\htdocs\zendLibrary\Zend\Form\Exception.php --> ftp.sobrafo.org.br /public_html/zendLibrary/Zend/Form Exception.php
2011.07.26 22:50 B F:\xampp\htdocs\zendLibrary\Zend\Form\SubForm.php --> ftp.sobrafo.org.br /public_html/zendLibrary/Zend/Form SubForm.php
2011.07.26 22:50 B F:\xampp\htdocs\zendLibrary\Zend\Form\WS_FTP.LOG --> ftp.sobrafo.org.br /public_html/zendLibrary/Zend/Form WS_FTP.LOG
2011.08.09 17:00 B F:\xampp\htdocs\ZendLibrary\Zend\Form\DisplayGroup.php --> ftp.amfar.com.br /public_html/ZendLibrary/Zend/Form DisplayGroup.php
2011.08.09 17:00 B F:\xampp\htdocs\ZendLibrary\Zend\Form\Element.php --> ftp.amfar.com.br /public_html/ZendLibrary/Zend/Form Element.php
2011.08.09 17:00 B F:\xampp\htdocs\ZendLibrary\Zend\Form\Exception.php --> ftp.amfar.com.br /public_html/ZendLibrary/Zend/Form Exception.php
2011.08.09 17:00 B F:\xampp\htdocs\ZendLibrary\Zend\Form\SubForm.php --> ftp.amfar.com.br /public_html/ZendLibrary/Zend/Form SubForm.php
