2011.06.20 18:54 B F:\xampp\htdocs\zf-tutorial\library\Zend\Service\WindowsAzure\RetryPolicy\Exception.php --> ftp.portalridgid.com.br /public_html/zf-tutorial/library/Zend/Service/WindowsAzure/RetryPolicy Exception.php
2011.06.20 18:54 B F:\xampp\htdocs\zf-tutorial\library\Zend\Service\WindowsAzure\RetryPolicy\NoRetry.php --> ftp.portalridgid.com.br /public_html/zf-tutorial/library/Zend/Service/WindowsAzure/RetryPolicy NoRetry.php
2011.06.20 18:54 B F:\xampp\htdocs\zf-tutorial\library\Zend\Service\WindowsAzure\RetryPolicy\RetryN.php --> ftp.portalridgid.com.br /public_html/zf-tutorial/library/Zend/Service/WindowsAzure/RetryPolicy RetryN.php
2011.06.20 18:54 B F:\xampp\htdocs\zf-tutorial\library\Zend\Service\WindowsAzure\RetryPolicy\RetryPolicyAbstract.php --> ftp.portalridgid.com.br /public_html/zf-tutorial/library/Zend/Service/WindowsAzure/RetryPolicy RetryPolicyAbstract.php
2011.06.30 03:11 B F:\xampp\htdocs\zendLibrary\Zend\Service\WindowsAzure\RetryPolicy\WS_FTP.LOG --> ftp.sbrafh.org.br /sbrafh/Web/zendLibrary/Zend/Service/WindowsAzure/RetryPolicy WS_FTP.LOG
2011.06.30 03:11 B F:\xampp\htdocs\zendLibrary\Zend\Service\WindowsAzure\RetryPolicy\RetryPolicyAbstract.php --> ftp.sbrafh.org.br /sbrafh/Web/zendLibrary/Zend/Service/WindowsAzure/RetryPolicy RetryPolicyAbstract.php
2011.06.30 03:11 B F:\xampp\htdocs\zendLibrary\Zend\Service\WindowsAzure\RetryPolicy\RetryN.php --> ftp.sbrafh.org.br /sbrafh/Web/zendLibrary/Zend/Service/WindowsAzure/RetryPolicy RetryN.php
2011.06.30 03:11 B F:\xampp\htdocs\zendLibrary\Zend\Service\WindowsAzure\RetryPolicy\NoRetry.php --> ftp.sbrafh.org.br /sbrafh/Web/zendLibrary/Zend/Service/WindowsAzure/RetryPolicy NoRetry.php
2011.06.30 03:11 B F:\xampp\htdocs\zendLibrary\Zend\Service\WindowsAzure\RetryPolicy\Exception.php --> ftp.sbrafh.org.br /sbrafh/Web/zendLibrary/Zend/Service/WindowsAzure/RetryPolicy Exception.php
2011.07.09 00:21 B F:\xampp\htdocs\zendLibrary\Zend\Service\WindowsAzure\RetryPolicy\Exception.php --> ftp.radiofone.com.br /public_html/radiofone/zendLibrary/Zend/Service/WindowsAzure/RetryPolicy Exception.php
2011.07.09 00:21 B F:\xampp\htdocs\zendLibrary\Zend\Service\WindowsAzure\RetryPolicy\NoRetry.php --> ftp.radiofone.com.br /public_html/radiofone/zendLibrary/Zend/Service/WindowsAzure/RetryPolicy NoRetry.php
2011.07.09 00:21 B F:\xampp\htdocs\zendLibrary\Zend\Service\WindowsAzure\RetryPolicy\RetryN.php --> ftp.radiofone.com.br /public_html/radiofone/zendLibrary/Zend/Service/WindowsAzure/RetryPolicy RetryN.php
2011.07.09 00:21 B F:\xampp\htdocs\zendLibrary\Zend\Service\WindowsAzure\RetryPolicy\RetryPolicyAbstract.php --> ftp.radiofone.com.br /public_html/radiofone/zendLibrary/Zend/Service/WindowsAzure/RetryPolicy RetryPolicyAbstract.php
2011.07.09 00:21 B F:\xampp\htdocs\zendLibrary\Zend\Service\WindowsAzure\RetryPolicy\WS_FTP.LOG --> ftp.radiofone.com.br /public_html/radiofone/zendLibrary/Zend/Service/WindowsAzure/RetryPolicy WS_FTP.LOG
2011.07.09 00:53 B F:\xampp\htdocs\zendLibrary\Zend\Service\WindowsAzure\RetryPolicy\WS_FTP.LOG --> ftp.radiofone.com.br /public_html/radiofone/zendLibrary/Zend/Service/WindowsAzure/RetryPolicy WS_FTP.LOG
2011.07.26 23:10 B F:\xampp\htdocs\zendLibrary\Zend\Service\WindowsAzure\RetryPolicy\Exception.php --> ftp.sobrafo.org.br /public_html/zendLibrary/Zend/Service/WindowsAzure/RetryPolicy Exception.php
2011.07.26 23:10 B F:\xampp\htdocs\zendLibrary\Zend\Service\WindowsAzure\RetryPolicy\NoRetry.php --> ftp.sobrafo.org.br /public_html/zendLibrary/Zend/Service/WindowsAzure/RetryPolicy NoRetry.php
2011.07.26 23:10 B F:\xampp\htdocs\zendLibrary\Zend\Service\WindowsAzure\RetryPolicy\RetryN.php --> ftp.sobrafo.org.br /public_html/zendLibrary/Zend/Service/WindowsAzure/RetryPolicy RetryN.php
2011.07.26 23:10 B F:\xampp\htdocs\zendLibrary\Zend\Service\WindowsAzure\RetryPolicy\RetryPolicyAbstract.php --> ftp.sobrafo.org.br /public_html/zendLibrary/Zend/Service/WindowsAzure/RetryPolicy RetryPolicyAbstract.php
2011.07.26 23:10 B F:\xampp\htdocs\zendLibrary\Zend\Service\WindowsAzure\RetryPolicy\WS_FTP.LOG --> ftp.sobrafo.org.br /public_html/zendLibrary/Zend/Service/WindowsAzure/RetryPolicy WS_FTP.LOG
2011.08.09 17:30 B F:\xampp\htdocs\ZendLibrary\Zend\Service\WindowsAzure\RetryPolicy\Exception.php --> ftp.amfar.com.br /public_html/ZendLibrary/Zend/Service/WindowsAzure/RetryPolicy Exception.php
2011.08.09 17:30 B F:\xampp\htdocs\ZendLibrary\Zend\Service\WindowsAzure\RetryPolicy\NoRetry.php --> ftp.amfar.com.br /public_html/ZendLibrary/Zend/Service/WindowsAzure/RetryPolicy NoRetry.php
2011.08.09 17:30 B F:\xampp\htdocs\ZendLibrary\Zend\Service\WindowsAzure\RetryPolicy\RetryN.php --> ftp.amfar.com.br /public_html/ZendLibrary/Zend/Service/WindowsAzure/RetryPolicy RetryN.php
2011.08.09 17:30 B F:\xampp\htdocs\ZendLibrary\Zend\Service\WindowsAzure\RetryPolicy\RetryPolicyAbstract.php --> ftp.amfar.com.br /public_html/ZendLibrary/Zend/Service/WindowsAzure/RetryPolicy RetryPolicyAbstract.php
