2011.06.20 18:37 B F:\xampp\htdocs\zf-tutorial\library\Zend\Gdata\DublinCore\Extension\Creator.php --> ftp.portalridgid.com.br /public_html/zf-tutorial/library/Zend/Gdata/DublinCore/Extension Creator.php
2011.06.20 18:37 B F:\xampp\htdocs\zf-tutorial\library\Zend\Gdata\DublinCore\Extension\Date.php --> ftp.portalridgid.com.br /public_html/zf-tutorial/library/Zend/Gdata/DublinCore/Extension Date.php
2011.06.20 18:37 B F:\xampp\htdocs\zf-tutorial\library\Zend\Gdata\DublinCore\Extension\Description.php --> ftp.portalridgid.com.br /public_html/zf-tutorial/library/Zend/Gdata/DublinCore/Extension Description.php
2011.06.20 18:37 B F:\xampp\htdocs\zf-tutorial\library\Zend\Gdata\DublinCore\Extension\Format.php --> ftp.portalridgid.com.br /public_html/zf-tutorial/library/Zend/Gdata/DublinCore/Extension Format.php
2011.06.20 18:37 B F:\xampp\htdocs\zf-tutorial\library\Zend\Gdata\DublinCore\Extension\Identifier.php --> ftp.portalridgid.com.br /public_html/zf-tutorial/library/Zend/Gdata/DublinCore/Extension Identifier.php
2011.06.20 18:37 B F:\xampp\htdocs\zf-tutorial\library\Zend\Gdata\DublinCore\Extension\Language.php --> ftp.portalridgid.com.br /public_html/zf-tutorial/library/Zend/Gdata/DublinCore/Extension Language.php
2011.06.20 18:37 B F:\xampp\htdocs\zf-tutorial\library\Zend\Gdata\DublinCore\Extension\Publisher.php --> ftp.portalridgid.com.br /public_html/zf-tutorial/library/Zend/Gdata/DublinCore/Extension Publisher.php
2011.06.20 18:37 B F:\xampp\htdocs\zf-tutorial\library\Zend\Gdata\DublinCore\Extension\Rights.php --> ftp.portalridgid.com.br /public_html/zf-tutorial/library/Zend/Gdata/DublinCore/Extension Rights.php
2011.06.20 18:37 B F:\xampp\htdocs\zf-tutorial\library\Zend\Gdata\DublinCore\Extension\Subject.php --> ftp.portalridgid.com.br /public_html/zf-tutorial/library/Zend/Gdata/DublinCore/Extension Subject.php
2011.06.20 18:37 B F:\xampp\htdocs\zf-tutorial\library\Zend\Gdata\DublinCore\Extension\Title.php --> ftp.portalridgid.com.br /public_html/zf-tutorial/library/Zend/Gdata/DublinCore/Extension Title.php
2011.06.30 03:36 B F:\xampp\htdocs\zendLibrary\Zend\Gdata\DublinCore\Extension\WS_FTP.LOG --> ftp.sbrafh.org.br /sbrafh/Web/zendLibrary/Zend/Gdata/DublinCore/Extension WS_FTP.LOG
2011.06.30 03:36 B F:\xampp\htdocs\zendLibrary\Zend\Gdata\DublinCore\Extension\Title.php --> ftp.sbrafh.org.br /sbrafh/Web/zendLibrary/Zend/Gdata/DublinCore/Extension Title.php
2011.06.30 03:36 B F:\xampp\htdocs\zendLibrary\Zend\Gdata\DublinCore\Extension\Subject.php --> ftp.sbrafh.org.br /sbrafh/Web/zendLibrary/Zend/Gdata/DublinCore/Extension Subject.php
2011.06.30 03:36 B F:\xampp\htdocs\zendLibrary\Zend\Gdata\DublinCore\Extension\Rights.php --> ftp.sbrafh.org.br /sbrafh/Web/zendLibrary/Zend/Gdata/DublinCore/Extension Rights.php
2011.06.30 03:36 B F:\xampp\htdocs\zendLibrary\Zend\Gdata\DublinCore\Extension\Publisher.php --> ftp.sbrafh.org.br /sbrafh/Web/zendLibrary/Zend/Gdata/DublinCore/Extension Publisher.php
2011.06.30 03:36 B F:\xampp\htdocs\zendLibrary\Zend\Gdata\DublinCore\Extension\Language.php --> ftp.sbrafh.org.br /sbrafh/Web/zendLibrary/Zend/Gdata/DublinCore/Extension Language.php
2011.06.30 03:36 B F:\xampp\htdocs\zendLibrary\Zend\Gdata\DublinCore\Extension\Identifier.php --> ftp.sbrafh.org.br /sbrafh/Web/zendLibrary/Zend/Gdata/DublinCore/Extension Identifier.php
2011.06.30 03:36 B F:\xampp\htdocs\zendLibrary\Zend\Gdata\DublinCore\Extension\Format.php --> ftp.sbrafh.org.br /sbrafh/Web/zendLibrary/Zend/Gdata/DublinCore/Extension Format.php
2011.06.30 03:36 B F:\xampp\htdocs\zendLibrary\Zend\Gdata\DublinCore\Extension\Description.php --> ftp.sbrafh.org.br /sbrafh/Web/zendLibrary/Zend/Gdata/DublinCore/Extension Description.php
2011.06.30 03:36 B F:\xampp\htdocs\zendLibrary\Zend\Gdata\DublinCore\Extension\Date.php --> ftp.sbrafh.org.br /sbrafh/Web/zendLibrary/Zend/Gdata/DublinCore/Extension Date.php
2011.06.30 03:36 B F:\xampp\htdocs\zendLibrary\Zend\Gdata\DublinCore\Extension\Creator.php --> ftp.sbrafh.org.br /sbrafh/Web/zendLibrary/Zend/Gdata/DublinCore/Extension Creator.php
2011.07.08 23:50 B F:\xampp\htdocs\zendLibrary\Zend\Gdata\DublinCore\Extension\Creator.php --> ftp.radiofone.com.br /public_html/radiofone/zendLibrary/Zend/Gdata/DublinCore/Extension Creator.php
2011.07.08 23:50 B F:\xampp\htdocs\zendLibrary\Zend\Gdata\DublinCore\Extension\Date.php --> ftp.radiofone.com.br /public_html/radiofone/zendLibrary/Zend/Gdata/DublinCore/Extension Date.php
2011.07.08 23:50 B F:\xampp\htdocs\zendLibrary\Zend\Gdata\DublinCore\Extension\Description.php --> ftp.radiofone.com.br /public_html/radiofone/zendLibrary/Zend/Gdata/DublinCore/Extension Description.php
2011.07.08 23:50 B F:\xampp\htdocs\zendLibrary\Zend\Gdata\DublinCore\Extension\Format.php --> ftp.radiofone.com.br /public_html/radiofone/zendLibrary/Zend/Gdata/DublinCore/Extension Format.php
2011.07.08 23:50 B F:\xampp\htdocs\zendLibrary\Zend\Gdata\DublinCore\Extension\Identifier.php --> ftp.radiofone.com.br /public_html/radiofone/zendLibrary/Zend/Gdata/DublinCore/Extension Identifier.php
2011.07.08 23:50 B F:\xampp\htdocs\zendLibrary\Zend\Gdata\DublinCore\Extension\Language.php --> ftp.radiofone.com.br /public_html/radiofone/zendLibrary/Zend/Gdata/DublinCore/Extension Language.php
2011.07.08 23:50 B F:\xampp\htdocs\zendLibrary\Zend\Gdata\DublinCore\Extension\Publisher.php --> ftp.radiofone.com.br /public_html/radiofone/zendLibrary/Zend/Gdata/DublinCore/Extension Publisher.php
2011.07.08 23:50 B F:\xampp\htdocs\zendLibrary\Zend\Gdata\DublinCore\Extension\Rights.php --> ftp.radiofone.com.br /public_html/radiofone/zendLibrary/Zend/Gdata/DublinCore/Extension Rights.php
2011.07.08 23:50 B F:\xampp\htdocs\zendLibrary\Zend\Gdata\DublinCore\Extension\Subject.php --> ftp.radiofone.com.br /public_html/radiofone/zendLibrary/Zend/Gdata/DublinCore/Extension Subject.php
2011.07.08 23:50 B F:\xampp\htdocs\zendLibrary\Zend\Gdata\DublinCore\Extension\Title.php --> ftp.radiofone.com.br /public_html/radiofone/zendLibrary/Zend/Gdata/DublinCore/Extension Title.php
2011.07.08 23:50 B F:\xampp\htdocs\zendLibrary\Zend\Gdata\DublinCore\Extension\WS_FTP.LOG --> ftp.radiofone.com.br /public_html/radiofone/zendLibrary/Zend/Gdata/DublinCore/Extension WS_FTP.LOG
2011.07.26 22:51 B F:\xampp\htdocs\zendLibrary\Zend\Gdata\DublinCore\Extension\Creator.php --> ftp.sobrafo.org.br /public_html/zendLibrary/Zend/Gdata/DublinCore/Extension Creator.php
2011.07.26 22:51 B F:\xampp\htdocs\zendLibrary\Zend\Gdata\DublinCore\Extension\Date.php --> ftp.sobrafo.org.br /public_html/zendLibrary/Zend/Gdata/DublinCore/Extension Date.php
2011.07.26 22:51 B F:\xampp\htdocs\zendLibrary\Zend\Gdata\DublinCore\Extension\Description.php --> ftp.sobrafo.org.br /public_html/zendLibrary/Zend/Gdata/DublinCore/Extension Description.php
2011.07.26 22:51 B F:\xampp\htdocs\zendLibrary\Zend\Gdata\DublinCore\Extension\Format.php --> ftp.sobrafo.org.br /public_html/zendLibrary/Zend/Gdata/DublinCore/Extension Format.php
2011.07.26 22:51 B F:\xampp\htdocs\zendLibrary\Zend\Gdata\DublinCore\Extension\Identifier.php --> ftp.sobrafo.org.br /public_html/zendLibrary/Zend/Gdata/DublinCore/Extension Identifier.php
2011.07.26 22:51 B F:\xampp\htdocs\zendLibrary\Zend\Gdata\DublinCore\Extension\Language.php --> ftp.sobrafo.org.br /public_html/zendLibrary/Zend/Gdata/DublinCore/Extension Language.php
2011.07.26 22:51 B F:\xampp\htdocs\zendLibrary\Zend\Gdata\DublinCore\Extension\Publisher.php --> ftp.sobrafo.org.br /public_html/zendLibrary/Zend/Gdata/DublinCore/Extension Publisher.php
2011.07.26 22:51 B F:\xampp\htdocs\zendLibrary\Zend\Gdata\DublinCore\Extension\Rights.php --> ftp.sobrafo.org.br /public_html/zendLibrary/Zend/Gdata/DublinCore/Extension Rights.php
2011.07.26 22:51 B F:\xampp\htdocs\zendLibrary\Zend\Gdata\DublinCore\Extension\Subject.php --> ftp.sobrafo.org.br /public_html/zendLibrary/Zend/Gdata/DublinCore/Extension Subject.php
2011.07.26 22:51 B F:\xampp\htdocs\zendLibrary\Zend\Gdata\DublinCore\Extension\Title.php --> ftp.sobrafo.org.br /public_html/zendLibrary/Zend/Gdata/DublinCore/Extension Title.php
2011.07.26 22:51 B F:\xampp\htdocs\zendLibrary\Zend\Gdata\DublinCore\Extension\WS_FTP.LOG --> ftp.sobrafo.org.br /public_html/zendLibrary/Zend/Gdata/DublinCore/Extension WS_FTP.LOG
2011.08.09 17:01 B F:\xampp\htdocs\ZendLibrary\Zend\Gdata\DublinCore\Extension\Creator.php --> ftp.amfar.com.br /public_html/ZendLibrary/Zend/Gdata/DublinCore/Extension Creator.php
2011.08.09 17:01 B F:\xampp\htdocs\ZendLibrary\Zend\Gdata\DublinCore\Extension\Date.php --> ftp.amfar.com.br /public_html/ZendLibrary/Zend/Gdata/DublinCore/Extension Date.php
2011.08.09 17:01 B F:\xampp\htdocs\ZendLibrary\Zend\Gdata\DublinCore\Extension\Description.php --> ftp.amfar.com.br /public_html/ZendLibrary/Zend/Gdata/DublinCore/Extension Description.php
2011.08.09 17:01 B F:\xampp\htdocs\ZendLibrary\Zend\Gdata\DublinCore\Extension\Format.php --> ftp.amfar.com.br /public_html/ZendLibrary/Zend/Gdata/DublinCore/Extension Format.php
2011.08.09 17:01 B F:\xampp\htdocs\ZendLibrary\Zend\Gdata\DublinCore\Extension\Identifier.php --> ftp.amfar.com.br /public_html/ZendLibrary/Zend/Gdata/DublinCore/Extension Identifier.php
2011.08.09 17:01 B F:\xampp\htdocs\ZendLibrary\Zend\Gdata\DublinCore\Extension\Language.php --> ftp.amfar.com.br /public_html/ZendLibrary/Zend/Gdata/DublinCore/Extension Language.php
2011.08.09 17:01 B F:\xampp\htdocs\ZendLibrary\Zend\Gdata\DublinCore\Extension\Publisher.php --> ftp.amfar.com.br /public_html/ZendLibrary/Zend/Gdata/DublinCore/Extension Publisher.php
2011.08.09 17:01 B F:\xampp\htdocs\ZendLibrary\Zend\Gdata\DublinCore\Extension\Rights.php --> ftp.amfar.com.br /public_html/ZendLibrary/Zend/Gdata/DublinCore/Extension Rights.php
2011.08.09 17:01 B F:\xampp\htdocs\ZendLibrary\Zend\Gdata\DublinCore\Extension\Subject.php --> ftp.amfar.com.br /public_html/ZendLibrary/Zend/Gdata/DublinCore/Extension Subject.php
2011.08.09 17:01 B F:\xampp\htdocs\ZendLibrary\Zend\Gdata\DublinCore\Extension\Title.php --> ftp.amfar.com.br /public_html/ZendLibrary/Zend/Gdata/DublinCore/Extension Title.php
