2011.06.20 18:37 B F:\xampp\htdocs\zf-tutorial\library\Zend\Gdata\Calendar\Extension\AccessLevel.php --> ftp.portalridgid.com.br /public_html/zf-tutorial/library/Zend/Gdata/Calendar/Extension AccessLevel.php
2011.06.20 18:37 B F:\xampp\htdocs\zf-tutorial\library\Zend\Gdata\Calendar\Extension\Color.php --> ftp.portalridgid.com.br /public_html/zf-tutorial/library/Zend/Gdata/Calendar/Extension Color.php
2011.06.20 18:37 B F:\xampp\htdocs\zf-tutorial\library\Zend\Gdata\Calendar\Extension\Hidden.php --> ftp.portalridgid.com.br /public_html/zf-tutorial/library/Zend/Gdata/Calendar/Extension Hidden.php
2011.06.20 18:37 B F:\xampp\htdocs\zf-tutorial\library\Zend\Gdata\Calendar\Extension\Link.php --> ftp.portalridgid.com.br /public_html/zf-tutorial/library/Zend/Gdata/Calendar/Extension Link.php
2011.06.20 18:37 B F:\xampp\htdocs\zf-tutorial\library\Zend\Gdata\Calendar\Extension\QuickAdd.php --> ftp.portalridgid.com.br /public_html/zf-tutorial/library/Zend/Gdata/Calendar/Extension QuickAdd.php
2011.06.20 18:37 B F:\xampp\htdocs\zf-tutorial\library\Zend\Gdata\Calendar\Extension\Selected.php --> ftp.portalridgid.com.br /public_html/zf-tutorial/library/Zend/Gdata/Calendar/Extension Selected.php
2011.06.20 18:37 B F:\xampp\htdocs\zf-tutorial\library\Zend\Gdata\Calendar\Extension\SendEventNotifications.php --> ftp.portalridgid.com.br /public_html/zf-tutorial/library/Zend/Gdata/Calendar/Extension SendEventNotifications.php
2011.06.20 18:37 B F:\xampp\htdocs\zf-tutorial\library\Zend\Gdata\Calendar\Extension\Timezone.php --> ftp.portalridgid.com.br /public_html/zf-tutorial/library/Zend/Gdata/Calendar/Extension Timezone.php
2011.06.20 18:37 B F:\xampp\htdocs\zf-tutorial\library\Zend\Gdata\Calendar\Extension\WebContent.php --> ftp.portalridgid.com.br /public_html/zf-tutorial/library/Zend/Gdata/Calendar/Extension WebContent.php
2011.06.30 03:35 B F:\xampp\htdocs\zendLibrary\Zend\Gdata\Calendar\Extension\WS_FTP.LOG --> ftp.sbrafh.org.br /sbrafh/Web/zendLibrary/Zend/Gdata/Calendar/Extension WS_FTP.LOG
2011.06.30 03:35 B F:\xampp\htdocs\zendLibrary\Zend\Gdata\Calendar\Extension\WebContent.php --> ftp.sbrafh.org.br /sbrafh/Web/zendLibrary/Zend/Gdata/Calendar/Extension WebContent.php
2011.06.30 03:35 B F:\xampp\htdocs\zendLibrary\Zend\Gdata\Calendar\Extension\Timezone.php --> ftp.sbrafh.org.br /sbrafh/Web/zendLibrary/Zend/Gdata/Calendar/Extension Timezone.php
2011.06.30 03:35 B F:\xampp\htdocs\zendLibrary\Zend\Gdata\Calendar\Extension\SendEventNotifications.php --> ftp.sbrafh.org.br /sbrafh/Web/zendLibrary/Zend/Gdata/Calendar/Extension SendEventNotifications.php
2011.06.30 03:35 B F:\xampp\htdocs\zendLibrary\Zend\Gdata\Calendar\Extension\Selected.php --> ftp.sbrafh.org.br /sbrafh/Web/zendLibrary/Zend/Gdata/Calendar/Extension Selected.php
2011.06.30 03:35 B F:\xampp\htdocs\zendLibrary\Zend\Gdata\Calendar\Extension\QuickAdd.php --> ftp.sbrafh.org.br /sbrafh/Web/zendLibrary/Zend/Gdata/Calendar/Extension QuickAdd.php
2011.06.30 03:35 B F:\xampp\htdocs\zendLibrary\Zend\Gdata\Calendar\Extension\Link.php --> ftp.sbrafh.org.br /sbrafh/Web/zendLibrary/Zend/Gdata/Calendar/Extension Link.php
2011.06.30 03:35 B F:\xampp\htdocs\zendLibrary\Zend\Gdata\Calendar\Extension\Hidden.php --> ftp.sbrafh.org.br /sbrafh/Web/zendLibrary/Zend/Gdata/Calendar/Extension Hidden.php
2011.06.30 03:35 B F:\xampp\htdocs\zendLibrary\Zend\Gdata\Calendar\Extension\Color.php --> ftp.sbrafh.org.br /sbrafh/Web/zendLibrary/Zend/Gdata/Calendar/Extension Color.php
2011.06.30 03:35 B F:\xampp\htdocs\zendLibrary\Zend\Gdata\Calendar\Extension\AccessLevel.php --> ftp.sbrafh.org.br /sbrafh/Web/zendLibrary/Zend/Gdata/Calendar/Extension AccessLevel.php
2011.07.08 23:50 B F:\xampp\htdocs\zendLibrary\Zend\Gdata\Calendar\Extension\AccessLevel.php --> ftp.radiofone.com.br /public_html/radiofone/zendLibrary/Zend/Gdata/Calendar/Extension AccessLevel.php
2011.07.08 23:50 B F:\xampp\htdocs\zendLibrary\Zend\Gdata\Calendar\Extension\Color.php --> ftp.radiofone.com.br /public_html/radiofone/zendLibrary/Zend/Gdata/Calendar/Extension Color.php
2011.07.08 23:50 B F:\xampp\htdocs\zendLibrary\Zend\Gdata\Calendar\Extension\Hidden.php --> ftp.radiofone.com.br /public_html/radiofone/zendLibrary/Zend/Gdata/Calendar/Extension Hidden.php
2011.07.08 23:50 B F:\xampp\htdocs\zendLibrary\Zend\Gdata\Calendar\Extension\Link.php --> ftp.radiofone.com.br /public_html/radiofone/zendLibrary/Zend/Gdata/Calendar/Extension Link.php
2011.07.08 23:50 B F:\xampp\htdocs\zendLibrary\Zend\Gdata\Calendar\Extension\QuickAdd.php --> ftp.radiofone.com.br /public_html/radiofone/zendLibrary/Zend/Gdata/Calendar/Extension QuickAdd.php
2011.07.08 23:50 B F:\xampp\htdocs\zendLibrary\Zend\Gdata\Calendar\Extension\Selected.php --> ftp.radiofone.com.br /public_html/radiofone/zendLibrary/Zend/Gdata/Calendar/Extension Selected.php
2011.07.08 23:50 B F:\xampp\htdocs\zendLibrary\Zend\Gdata\Calendar\Extension\SendEventNotifications.php --> ftp.radiofone.com.br /public_html/radiofone/zendLibrary/Zend/Gdata/Calendar/Extension SendEventNotifications.php
2011.07.08 23:50 B F:\xampp\htdocs\zendLibrary\Zend\Gdata\Calendar\Extension\Timezone.php --> ftp.radiofone.com.br /public_html/radiofone/zendLibrary/Zend/Gdata/Calendar/Extension Timezone.php
2011.07.08 23:50 B F:\xampp\htdocs\zendLibrary\Zend\Gdata\Calendar\Extension\WebContent.php --> ftp.radiofone.com.br /public_html/radiofone/zendLibrary/Zend/Gdata/Calendar/Extension WebContent.php
2011.07.08 23:50 B F:\xampp\htdocs\zendLibrary\Zend\Gdata\Calendar\Extension\WS_FTP.LOG --> ftp.radiofone.com.br /public_html/radiofone/zendLibrary/Zend/Gdata/Calendar/Extension WS_FTP.LOG
2011.07.09 00:47 B F:\xampp\htdocs\zendLibrary\Zend\Gdata\Calendar\Extension\WS_FTP.LOG --> ftp.radiofone.com.br /public_html/radiofone/zendLibrary/Zend/Gdata/Calendar/Extension WS_FTP.LOG
2011.07.26 22:51 B F:\xampp\htdocs\zendLibrary\Zend\Gdata\Calendar\Extension\AccessLevel.php --> ftp.sobrafo.org.br /public_html/zendLibrary/Zend/Gdata/Calendar/Extension AccessLevel.php
2011.07.26 22:51 B F:\xampp\htdocs\zendLibrary\Zend\Gdata\Calendar\Extension\Color.php --> ftp.sobrafo.org.br /public_html/zendLibrary/Zend/Gdata/Calendar/Extension Color.php
2011.07.26 22:51 B F:\xampp\htdocs\zendLibrary\Zend\Gdata\Calendar\Extension\Hidden.php --> ftp.sobrafo.org.br /public_html/zendLibrary/Zend/Gdata/Calendar/Extension Hidden.php
2011.07.26 22:51 B F:\xampp\htdocs\zendLibrary\Zend\Gdata\Calendar\Extension\Link.php --> ftp.sobrafo.org.br /public_html/zendLibrary/Zend/Gdata/Calendar/Extension Link.php
2011.07.26 22:51 B F:\xampp\htdocs\zendLibrary\Zend\Gdata\Calendar\Extension\QuickAdd.php --> ftp.sobrafo.org.br /public_html/zendLibrary/Zend/Gdata/Calendar/Extension QuickAdd.php
2011.07.26 22:51 B F:\xampp\htdocs\zendLibrary\Zend\Gdata\Calendar\Extension\Selected.php --> ftp.sobrafo.org.br /public_html/zendLibrary/Zend/Gdata/Calendar/Extension Selected.php
2011.07.26 22:51 B F:\xampp\htdocs\zendLibrary\Zend\Gdata\Calendar\Extension\SendEventNotifications.php --> ftp.sobrafo.org.br /public_html/zendLibrary/Zend/Gdata/Calendar/Extension SendEventNotifications.php
2011.07.26 22:51 B F:\xampp\htdocs\zendLibrary\Zend\Gdata\Calendar\Extension\Timezone.php --> ftp.sobrafo.org.br /public_html/zendLibrary/Zend/Gdata/Calendar/Extension Timezone.php
2011.07.26 22:51 B F:\xampp\htdocs\zendLibrary\Zend\Gdata\Calendar\Extension\WebContent.php --> ftp.sobrafo.org.br /public_html/zendLibrary/Zend/Gdata/Calendar/Extension WebContent.php
2011.07.26 22:51 B F:\xampp\htdocs\zendLibrary\Zend\Gdata\Calendar\Extension\WS_FTP.LOG --> ftp.sobrafo.org.br /public_html/zendLibrary/Zend/Gdata/Calendar/Extension WS_FTP.LOG
2011.08.09 17:01 B F:\xampp\htdocs\ZendLibrary\Zend\Gdata\Calendar\Extension\AccessLevel.php --> ftp.amfar.com.br /public_html/ZendLibrary/Zend/Gdata/Calendar/Extension AccessLevel.php
2011.08.09 17:01 B F:\xampp\htdocs\ZendLibrary\Zend\Gdata\Calendar\Extension\Color.php --> ftp.amfar.com.br /public_html/ZendLibrary/Zend/Gdata/Calendar/Extension Color.php
2011.08.09 17:01 B F:\xampp\htdocs\ZendLibrary\Zend\Gdata\Calendar\Extension\Hidden.php --> ftp.amfar.com.br /public_html/ZendLibrary/Zend/Gdata/Calendar/Extension Hidden.php
2011.08.09 17:01 B F:\xampp\htdocs\ZendLibrary\Zend\Gdata\Calendar\Extension\Link.php --> ftp.amfar.com.br /public_html/ZendLibrary/Zend/Gdata/Calendar/Extension Link.php
2011.08.09 17:01 B F:\xampp\htdocs\ZendLibrary\Zend\Gdata\Calendar\Extension\QuickAdd.php --> ftp.amfar.com.br /public_html/ZendLibrary/Zend/Gdata/Calendar/Extension QuickAdd.php
2011.08.09 17:01 B F:\xampp\htdocs\ZendLibrary\Zend\Gdata\Calendar\Extension\Selected.php --> ftp.amfar.com.br /public_html/ZendLibrary/Zend/Gdata/Calendar/Extension Selected.php
2011.08.09 17:01 B F:\xampp\htdocs\ZendLibrary\Zend\Gdata\Calendar\Extension\SendEventNotifications.php --> ftp.amfar.com.br /public_html/ZendLibrary/Zend/Gdata/Calendar/Extension SendEventNotifications.php
2011.08.09 17:01 B F:\xampp\htdocs\ZendLibrary\Zend\Gdata\Calendar\Extension\Timezone.php --> ftp.amfar.com.br /public_html/ZendLibrary/Zend/Gdata/Calendar/Extension Timezone.php
2011.08.09 17:01 B F:\xampp\htdocs\ZendLibrary\Zend\Gdata\Calendar\Extension\WebContent.php --> ftp.amfar.com.br /public_html/ZendLibrary/Zend/Gdata/Calendar/Extension WebContent.php
