2011.06.20 18:33 B F:\xampp\htdocs\zf-tutorial\library\Zend\Db\Adapter\Abstract.php --> ftp.portalridgid.com.br /public_html/zf-tutorial/library/Zend/Db/Adapter Abstract.php
2011.06.20 18:33 B F:\xampp\htdocs\zf-tutorial\library\Zend\Db\Adapter\Db2.php --> ftp.portalridgid.com.br /public_html/zf-tutorial/library/Zend/Db/Adapter Db2.php
2011.06.20 18:33 B F:\xampp\htdocs\zf-tutorial\library\Zend\Db\Adapter\Exception.php --> ftp.portalridgid.com.br /public_html/zf-tutorial/library/Zend/Db/Adapter Exception.php
2011.06.20 18:33 B F:\xampp\htdocs\zf-tutorial\library\Zend\Db\Adapter\Mysqli.php --> ftp.portalridgid.com.br /public_html/zf-tutorial/library/Zend/Db/Adapter Mysqli.php
2011.06.20 18:33 B F:\xampp\htdocs\zf-tutorial\library\Zend\Db\Adapter\Oracle.php --> ftp.portalridgid.com.br /public_html/zf-tutorial/library/Zend/Db/Adapter Oracle.php
2011.06.20 18:33 B F:\xampp\htdocs\zf-tutorial\library\Zend\Db\Adapter\Sqlsrv.php --> ftp.portalridgid.com.br /public_html/zf-tutorial/library/Zend/Db/Adapter Sqlsrv.php
2011.06.30 03:42 B F:\xampp\htdocs\zendLibrary\Zend\Db\Adapter\WS_FTP.LOG --> ftp.sbrafh.org.br /sbrafh/Web/zendLibrary/Zend/Db/Adapter WS_FTP.LOG
2011.06.30 03:42 B F:\xampp\htdocs\zendLibrary\Zend\Db\Adapter\Sqlsrv.php --> ftp.sbrafh.org.br /sbrafh/Web/zendLibrary/Zend/Db/Adapter Sqlsrv.php
2011.06.30 03:42 B F:\xampp\htdocs\zendLibrary\Zend\Db\Adapter\Oracle.php --> ftp.sbrafh.org.br /sbrafh/Web/zendLibrary/Zend/Db/Adapter Oracle.php
2011.06.30 03:42 B F:\xampp\htdocs\zendLibrary\Zend\Db\Adapter\Mysqli.php --> ftp.sbrafh.org.br /sbrafh/Web/zendLibrary/Zend/Db/Adapter Mysqli.php
2011.06.30 03:42 B F:\xampp\htdocs\zendLibrary\Zend\Db\Adapter\Exception.php --> ftp.sbrafh.org.br /sbrafh/Web/zendLibrary/Zend/Db/Adapter Exception.php
2011.06.30 03:42 B F:\xampp\htdocs\zendLibrary\Zend\Db\Adapter\Db2.php --> ftp.sbrafh.org.br /sbrafh/Web/zendLibrary/Zend/Db/Adapter Db2.php
2011.06.30 03:42 B F:\xampp\htdocs\zendLibrary\Zend\Db\Adapter\Abstract.php --> ftp.sbrafh.org.br /sbrafh/Web/zendLibrary/Zend/Db/Adapter Abstract.php
2011.07.08 23:46 B F:\xampp\htdocs\zendLibrary\Zend\Db\Adapter\Abstract.php --> ftp.radiofone.com.br /public_html/radiofone/zendLibrary/Zend/Db/Adapter Abstract.php
2011.07.08 23:46 B F:\xampp\htdocs\zendLibrary\Zend\Db\Adapter\Db2.php --> ftp.radiofone.com.br /public_html/radiofone/zendLibrary/Zend/Db/Adapter Db2.php
2011.07.08 23:46 B F:\xampp\htdocs\zendLibrary\Zend\Db\Adapter\Exception.php --> ftp.radiofone.com.br /public_html/radiofone/zendLibrary/Zend/Db/Adapter Exception.php
2011.07.08 23:46 B F:\xampp\htdocs\zendLibrary\Zend\Db\Adapter\Mysqli.php --> ftp.radiofone.com.br /public_html/radiofone/zendLibrary/Zend/Db/Adapter Mysqli.php
2011.07.08 23:46 B F:\xampp\htdocs\zendLibrary\Zend\Db\Adapter\Oracle.php --> ftp.radiofone.com.br /public_html/radiofone/zendLibrary/Zend/Db/Adapter Oracle.php
2011.07.08 23:46 B F:\xampp\htdocs\zendLibrary\Zend\Db\Adapter\Sqlsrv.php --> ftp.radiofone.com.br /public_html/radiofone/zendLibrary/Zend/Db/Adapter Sqlsrv.php
2011.07.08 23:46 B F:\xampp\htdocs\zendLibrary\Zend\Db\Adapter\WS_FTP.LOG --> ftp.radiofone.com.br /public_html/radiofone/zendLibrary/Zend/Db/Adapter WS_FTP.LOG
2011.07.09 00:45 B F:\xampp\htdocs\zendLibrary\Zend\Db\Adapter\WS_FTP.LOG --> ftp.radiofone.com.br /public_html/radiofone/zendLibrary/Zend/Db/Adapter WS_FTP.LOG
2011.07.26 22:46 B F:\xampp\htdocs\zendLibrary\Zend\Db\Adapter\Abstract.php --> ftp.sobrafo.org.br /public_html/zendLibrary/Zend/Db/Adapter Abstract.php
2011.07.26 22:46 B F:\xampp\htdocs\zendLibrary\Zend\Db\Adapter\Db2.php --> ftp.sobrafo.org.br /public_html/zendLibrary/Zend/Db/Adapter Db2.php
2011.07.26 22:46 B F:\xampp\htdocs\zendLibrary\Zend\Db\Adapter\Exception.php --> ftp.sobrafo.org.br /public_html/zendLibrary/Zend/Db/Adapter Exception.php
2011.07.26 22:46 B F:\xampp\htdocs\zendLibrary\Zend\Db\Adapter\Mysqli.php --> ftp.sobrafo.org.br /public_html/zendLibrary/Zend/Db/Adapter Mysqli.php
2011.07.26 22:46 B F:\xampp\htdocs\zendLibrary\Zend\Db\Adapter\Oracle.php --> ftp.sobrafo.org.br /public_html/zendLibrary/Zend/Db/Adapter Oracle.php
2011.07.26 22:46 B F:\xampp\htdocs\zendLibrary\Zend\Db\Adapter\Sqlsrv.php --> ftp.sobrafo.org.br /public_html/zendLibrary/Zend/Db/Adapter Sqlsrv.php
2011.07.26 22:46 B F:\xampp\htdocs\zendLibrary\Zend\Db\Adapter\WS_FTP.LOG --> ftp.sobrafo.org.br /public_html/zendLibrary/Zend/Db/Adapter WS_FTP.LOG
2011.08.09 16:57 B F:\xampp\htdocs\ZendLibrary\Zend\Db\Adapter\Abstract.php --> ftp.amfar.com.br /public_html/ZendLibrary/Zend/Db/Adapter Abstract.php
2011.08.09 16:57 B F:\xampp\htdocs\ZendLibrary\Zend\Db\Adapter\Db2.php --> ftp.amfar.com.br /public_html/ZendLibrary/Zend/Db/Adapter Db2.php
2011.08.09 16:57 B F:\xampp\htdocs\ZendLibrary\Zend\Db\Adapter\Exception.php --> ftp.amfar.com.br /public_html/ZendLibrary/Zend/Db/Adapter Exception.php
2011.08.09 16:57 B F:\xampp\htdocs\ZendLibrary\Zend\Db\Adapter\Mysqli.php --> ftp.amfar.com.br /public_html/ZendLibrary/Zend/Db/Adapter Mysqli.php
2011.08.09 16:57 B F:\xampp\htdocs\ZendLibrary\Zend\Db\Adapter\Oracle.php --> ftp.amfar.com.br /public_html/ZendLibrary/Zend/Db/Adapter Oracle.php
2011.08.09 16:57 B F:\xampp\htdocs\ZendLibrary\Zend\Db\Adapter\Sqlsrv.php --> ftp.amfar.com.br /public_html/ZendLibrary/Zend/Db/Adapter Sqlsrv.php
2011.08.09 16:57 B F:\xampp\htdocs\ZendLibrary\Zend\Db\Adapter\WS_FTP.LOG --> ftp.amfar.com.br /public_html/ZendLibrary/Zend/Db/Adapter WS_FTP.LOG
2011.08.22 21:00 B X:\xampp\htdocs\ZendLibrary\Zend\Db\Adapter\Abstract.php --> ftp.jairodepaula.com.br /jairodepaula/web/ZendLibrary/Zend/Db/Adapter Abstract.php
2011.08.22 21:00 B X:\xampp\htdocs\ZendLibrary\Zend\Db\Adapter\Db2.php --> ftp.jairodepaula.com.br /jairodepaula/web/ZendLibrary/Zend/Db/Adapter Db2.php
2011.08.22 21:00 B X:\xampp\htdocs\ZendLibrary\Zend\Db\Adapter\Exception.php --> ftp.jairodepaula.com.br /jairodepaula/web/ZendLibrary/Zend/Db/Adapter Exception.php
2011.08.22 21:00 B X:\xampp\htdocs\ZendLibrary\Zend\Db\Adapter\Mysqli.php --> ftp.jairodepaula.com.br /jairodepaula/web/ZendLibrary/Zend/Db/Adapter Mysqli.php
2011.08.22 21:00 B X:\xampp\htdocs\ZendLibrary\Zend\Db\Adapter\Oracle.php --> ftp.jairodepaula.com.br /jairodepaula/web/ZendLibrary/Zend/Db/Adapter Oracle.php
2011.08.22 21:00 B X:\xampp\htdocs\ZendLibrary\Zend\Db\Adapter\Sqlsrv.php --> ftp.jairodepaula.com.br /jairodepaula/web/ZendLibrary/Zend/Db/Adapter Sqlsrv.php
2011.08.22 21:00 B X:\xampp\htdocs\ZendLibrary\Zend\Db\Adapter\WS_FTP.LOG --> ftp.jairodepaula.com.br /jairodepaula/web/ZendLibrary/Zend/Db/Adapter WS_FTP.LOG
2011.12.31 14:49 B F:\xampp\htdocs\ZendLibrary\Zend\Db\Adapter\Abstract.php --> ftp.sbrafh.org.br /public_html/ZendLibrary/Zend/Db/Adapter Abstract.php
2011.12.31 14:49 B F:\xampp\htdocs\ZendLibrary\Zend\Db\Adapter\Db2.php --> ftp.sbrafh.org.br /public_html/ZendLibrary/Zend/Db/Adapter Db2.php
2011.12.31 14:49 B F:\xampp\htdocs\ZendLibrary\Zend\Db\Adapter\Exception.php --> ftp.sbrafh.org.br /public_html/ZendLibrary/Zend/Db/Adapter Exception.php
2011.12.31 14:49 B F:\xampp\htdocs\ZendLibrary\Zend\Db\Adapter\Mysqli.php --> ftp.sbrafh.org.br /public_html/ZendLibrary/Zend/Db/Adapter Mysqli.php
2011.12.31 14:49 B F:\xampp\htdocs\ZendLibrary\Zend\Db\Adapter\Oracle.php --> ftp.sbrafh.org.br /public_html/ZendLibrary/Zend/Db/Adapter Oracle.php
2011.12.31 14:49 B F:\xampp\htdocs\ZendLibrary\Zend\Db\Adapter\Sqlsrv.php --> ftp.sbrafh.org.br /public_html/ZendLibrary/Zend/Db/Adapter Sqlsrv.php
2011.12.31 14:49 B F:\xampp\htdocs\ZendLibrary\Zend\Db\Adapter\WS_FTP.LOG --> ftp.sbrafh.org.br /public_html/ZendLibrary/Zend/Db/Adapter WS_FTP.LOG
2011.12.31 17:10 B F:\xampp\htdocs\ZendLibrary\Zend\Db\Adapter\Abstract_original.php <-- portal /public_html/ZendLibrary/Zend/Db/Adapter Abstract_original.php
2012.01.03 01:05 B F:\xampp\htdocs\ZendLibrary\Zend\Db\Adapter\Abstract.php --> ftp.portalridgid.com.br /public_html/ZendLibrary/Zend/Db/Adapter Abstract.php
2012.01.06 03:18 B F:\xampp\htdocs\ZendLibrary\Zend\Db\Adapter\Abstract.php --> ftp461.locaweb.com.br /ridgid/web/ZendLibrary/Zend/Db/Adapter Abstract.php
2012.01.06 03:18 B F:\xampp\htdocs\ZendLibrary\Zend\Db\Adapter\Db2.php --> ftp461.locaweb.com.br /ridgid/web/ZendLibrary/Zend/Db/Adapter Db2.php
2012.01.06 03:18 B F:\xampp\htdocs\ZendLibrary\Zend\Db\Adapter\Exception.php --> ftp461.locaweb.com.br /ridgid/web/ZendLibrary/Zend/Db/Adapter Exception.php
2012.01.06 03:18 B F:\xampp\htdocs\ZendLibrary\Zend\Db\Adapter\Mysqli.php --> ftp461.locaweb.com.br /ridgid/web/ZendLibrary/Zend/Db/Adapter Mysqli.php
2012.01.06 03:18 B F:\xampp\htdocs\ZendLibrary\Zend\Db\Adapter\Oracle.php --> ftp461.locaweb.com.br /ridgid/web/ZendLibrary/Zend/Db/Adapter Oracle.php
2012.01.06 03:18 B F:\xampp\htdocs\ZendLibrary\Zend\Db\Adapter\Sqlsrv.php --> ftp461.locaweb.com.br /ridgid/web/ZendLibrary/Zend/Db/Adapter Sqlsrv.php
2012.01.06 03:18 B F:\xampp\htdocs\ZendLibrary\Zend\Db\Adapter\WS_FTP.LOG --> ftp461.locaweb.com.br /ridgid/web/ZendLibrary/Zend/Db/Adapter WS_FTP.LOG
2012.01.24 17:33 B F:\xampp\htdocs\ZendLibrary\Zend\Db\Adapter\Abstract.php --> graficamarmar.com.br /htdocs/ZendLibrary/Zend/Db/Adapter Abstract.php
2012.01.24 17:33 B F:\xampp\htdocs\ZendLibrary\Zend\Db\Adapter\Db2.php --> graficamarmar.com.br /htdocs/ZendLibrary/Zend/Db/Adapter Db2.php
2012.01.24 17:33 B F:\xampp\htdocs\ZendLibrary\Zend\Db\Adapter\Exception.php --> graficamarmar.com.br /htdocs/ZendLibrary/Zend/Db/Adapter Exception.php
2012.01.24 17:33 B F:\xampp\htdocs\ZendLibrary\Zend\Db\Adapter\Mysqli.php --> graficamarmar.com.br /htdocs/ZendLibrary/Zend/Db/Adapter Mysqli.php
2012.01.24 17:33 B F:\xampp\htdocs\ZendLibrary\Zend\Db\Adapter\Oracle.php --> graficamarmar.com.br /htdocs/ZendLibrary/Zend/Db/Adapter Oracle.php
2012.01.24 17:33 B F:\xampp\htdocs\ZendLibrary\Zend\Db\Adapter\Sqlsrv.php --> graficamarmar.com.br /htdocs/ZendLibrary/Zend/Db/Adapter Sqlsrv.php
2012.01.24 17:33 B F:\xampp\htdocs\ZendLibrary\Zend\Db\Adapter\WS_FTP.LOG --> graficamarmar.com.br /htdocs/ZendLibrary/Zend/Db/Adapter WS_FTP.LOG
2012.02.08 17:05 B F:\xampp\htdocs\ZendLibrary\Zend\Db\Adapter\Abstract.php --> graficamarmar.hospedagemdesites.ws /public_html/ZendLibrary/Zend/Db/Adapter Abstract.php
2012.02.08 17:05 B F:\xampp\htdocs\ZendLibrary\Zend\Db\Adapter\Db2.php --> graficamarmar.hospedagemdesites.ws /public_html/ZendLibrary/Zend/Db/Adapter Db2.php
2012.02.08 17:05 B F:\xampp\htdocs\ZendLibrary\Zend\Db\Adapter\Exception.php --> graficamarmar.hospedagemdesites.ws /public_html/ZendLibrary/Zend/Db/Adapter Exception.php
2012.02.08 17:05 B F:\xampp\htdocs\ZendLibrary\Zend\Db\Adapter\Mysqli.php --> graficamarmar.hospedagemdesites.ws /public_html/ZendLibrary/Zend/Db/Adapter Mysqli.php
2012.02.08 17:05 B F:\xampp\htdocs\ZendLibrary\Zend\Db\Adapter\Oracle.php --> graficamarmar.hospedagemdesites.ws /public_html/ZendLibrary/Zend/Db/Adapter Oracle.php
2012.02.08 17:06 B F:\xampp\htdocs\ZendLibrary\Zend\Db\Adapter\Sqlsrv.php --> graficamarmar.hospedagemdesites.ws /public_html/ZendLibrary/Zend/Db/Adapter Sqlsrv.php
2012.02.08 17:06 B F:\xampp\htdocs\ZendLibrary\Zend\Db\Adapter\WS_FTP.LOG --> graficamarmar.hospedagemdesites.ws /public_html/ZendLibrary/Zend/Db/Adapter WS_FTP.LOG
2012.10.29 14:42 B F:\xampp\htdocs\ZendLibrary\Zend\Db\Adapter\Abstract.php --> 186.202.153.85 /public_html/ZendLibrary/Zend/Db/Adapter Abstract.php
2012.10.29 14:42 B F:\xampp\htdocs\ZendLibrary\Zend\Db\Adapter\Db2.php --> 186.202.153.85 /public_html/ZendLibrary/Zend/Db/Adapter Db2.php
2012.10.29 14:42 B F:\xampp\htdocs\ZendLibrary\Zend\Db\Adapter\Exception.php --> 186.202.153.85 /public_html/ZendLibrary/Zend/Db/Adapter Exception.php
2012.10.29 14:42 B F:\xampp\htdocs\ZendLibrary\Zend\Db\Adapter\Mysqli.php --> 186.202.153.85 /public_html/ZendLibrary/Zend/Db/Adapter Mysqli.php
2012.10.29 14:42 B F:\xampp\htdocs\ZendLibrary\Zend\Db\Adapter\Oracle.php --> 186.202.153.85 /public_html/ZendLibrary/Zend/Db/Adapter Oracle.php
2012.10.29 14:42 B F:\xampp\htdocs\ZendLibrary\Zend\Db\Adapter\Sqlsrv.php --> 186.202.153.85 /public_html/ZendLibrary/Zend/Db/Adapter Sqlsrv.php
2012.10.29 14:42 B F:\xampp\htdocs\ZendLibrary\Zend\Db\Adapter\WS_FTP.LOG --> 186.202.153.85 /public_html/ZendLibrary/Zend/Db/Adapter WS_FTP.LOG
