2011.07.30 14:13 B F:\xampp\htdocs\jsLibrary\wysiwyg\icons\backcolor.gif --> ftp.sobrafo.org.br /public_html/jsLibrary/wysiwyg/icons backcolor.gif
2011.07.30 14:13 B F:\xampp\htdocs\jsLibrary\wysiwyg\icons\backcolor_on.gif --> ftp.sobrafo.org.br /public_html/jsLibrary/wysiwyg/icons backcolor_on.gif
2011.07.30 14:13 B F:\xampp\htdocs\jsLibrary\wysiwyg\icons\background_silver.jpg --> ftp.sobrafo.org.br /public_html/jsLibrary/wysiwyg/icons background_silver.jpg
2011.07.30 14:13 B F:\xampp\htdocs\jsLibrary\wysiwyg\icons\bold.gif --> ftp.sobrafo.org.br /public_html/jsLibrary/wysiwyg/icons bold.gif
2011.07.30 14:13 B F:\xampp\htdocs\jsLibrary\wysiwyg\icons\bold_on.gif --> ftp.sobrafo.org.br /public_html/jsLibrary/wysiwyg/icons bold_on.gif
2011.07.30 14:13 B F:\xampp\htdocs\jsLibrary\wysiwyg\icons\copy.gif --> ftp.sobrafo.org.br /public_html/jsLibrary/wysiwyg/icons copy.gif
2011.07.30 14:13 B F:\xampp\htdocs\jsLibrary\wysiwyg\icons\copy_on.gif --> ftp.sobrafo.org.br /public_html/jsLibrary/wysiwyg/icons copy_on.gif
2011.07.30 14:13 B F:\xampp\htdocs\jsLibrary\wysiwyg\icons\cut.gif --> ftp.sobrafo.org.br /public_html/jsLibrary/wysiwyg/icons cut.gif
2011.07.30 14:13 B F:\xampp\htdocs\jsLibrary\wysiwyg\icons\cut_on.gif --> ftp.sobrafo.org.br /public_html/jsLibrary/wysiwyg/icons cut_on.gif
2011.07.30 14:13 B F:\xampp\htdocs\jsLibrary\wysiwyg\icons\forecolor.gif --> ftp.sobrafo.org.br /public_html/jsLibrary/wysiwyg/icons forecolor.gif
2011.07.30 14:13 B F:\xampp\htdocs\jsLibrary\wysiwyg\icons\forecolor_on.gif --> ftp.sobrafo.org.br /public_html/jsLibrary/wysiwyg/icons forecolor_on.gif
2011.07.30 14:13 B F:\xampp\htdocs\jsLibrary\wysiwyg\icons\help.gif --> ftp.sobrafo.org.br /public_html/jsLibrary/wysiwyg/icons help.gif
2011.07.30 14:13 B F:\xampp\htdocs\jsLibrary\wysiwyg\icons\help_on.gif --> ftp.sobrafo.org.br /public_html/jsLibrary/wysiwyg/icons help_on.gif
2011.07.30 14:13 B F:\xampp\htdocs\jsLibrary\wysiwyg\icons\indent_left.gif --> ftp.sobrafo.org.br /public_html/jsLibrary/wysiwyg/icons indent_left.gif
2011.07.30 14:13 B F:\xampp\htdocs\jsLibrary\wysiwyg\icons\indent_left_on.gif --> ftp.sobrafo.org.br /public_html/jsLibrary/wysiwyg/icons indent_left_on.gif
2011.07.30 14:13 B F:\xampp\htdocs\jsLibrary\wysiwyg\icons\indent_right.gif --> ftp.sobrafo.org.br /public_html/jsLibrary/wysiwyg/icons indent_right.gif
2011.07.30 14:13 B F:\xampp\htdocs\jsLibrary\wysiwyg\icons\indent_right_on.gif --> ftp.sobrafo.org.br /public_html/jsLibrary/wysiwyg/icons indent_right_on.gif
2011.07.30 14:13 B F:\xampp\htdocs\jsLibrary\wysiwyg\icons\insert_hyperlink.gif --> ftp.sobrafo.org.br /public_html/jsLibrary/wysiwyg/icons insert_hyperlink.gif
2011.07.30 14:13 B F:\xampp\htdocs\jsLibrary\wysiwyg\icons\insert_hyperlink_on.gif --> ftp.sobrafo.org.br /public_html/jsLibrary/wysiwyg/icons insert_hyperlink_on.gif
2011.07.30 14:13 B F:\xampp\htdocs\jsLibrary\wysiwyg\icons\insert_picture.gif --> ftp.sobrafo.org.br /public_html/jsLibrary/wysiwyg/icons insert_picture.gif
2011.07.30 14:13 B F:\xampp\htdocs\jsLibrary\wysiwyg\icons\insert_picture_on.gif --> ftp.sobrafo.org.br /public_html/jsLibrary/wysiwyg/icons insert_picture_on.gif
2011.07.30 14:13 B F:\xampp\htdocs\jsLibrary\wysiwyg\icons\insert_table.gif --> ftp.sobrafo.org.br /public_html/jsLibrary/wysiwyg/icons insert_table.gif
2011.07.30 14:13 B F:\xampp\htdocs\jsLibrary\wysiwyg\icons\insert_table_on.gif --> ftp.sobrafo.org.br /public_html/jsLibrary/wysiwyg/icons insert_table_on.gif
2011.07.30 14:13 B F:\xampp\htdocs\jsLibrary\wysiwyg\icons\italics.gif --> ftp.sobrafo.org.br /public_html/jsLibrary/wysiwyg/icons italics.gif
2011.07.30 14:13 B F:\xampp\htdocs\jsLibrary\wysiwyg\icons\italics_on.gif --> ftp.sobrafo.org.br /public_html/jsLibrary/wysiwyg/icons italics_on.gif
2011.07.30 14:13 B F:\xampp\htdocs\jsLibrary\wysiwyg\icons\justify_center.gif --> ftp.sobrafo.org.br /public_html/jsLibrary/wysiwyg/icons justify_center.gif
2011.07.30 14:14 B F:\xampp\htdocs\jsLibrary\wysiwyg\icons\justify_center_on.gif --> ftp.sobrafo.org.br /public_html/jsLibrary/wysiwyg/icons justify_center_on.gif
2011.07.30 14:14 B F:\xampp\htdocs\jsLibrary\wysiwyg\icons\justify_left.gif --> ftp.sobrafo.org.br /public_html/jsLibrary/wysiwyg/icons justify_left.gif
2011.07.30 14:14 B F:\xampp\htdocs\jsLibrary\wysiwyg\icons\justify_left_on.gif --> ftp.sobrafo.org.br /public_html/jsLibrary/wysiwyg/icons justify_left_on.gif
2011.07.30 14:14 B F:\xampp\htdocs\jsLibrary\wysiwyg\icons\justify_right.gif --> ftp.sobrafo.org.br /public_html/jsLibrary/wysiwyg/icons justify_right.gif
2011.07.30 14:14 B F:\xampp\htdocs\jsLibrary\wysiwyg\icons\justify_right_on.gif --> ftp.sobrafo.org.br /public_html/jsLibrary/wysiwyg/icons justify_right_on.gif
2011.07.30 14:14 B F:\xampp\htdocs\jsLibrary\wysiwyg\icons\list_ordered.gif --> ftp.sobrafo.org.br /public_html/jsLibrary/wysiwyg/icons list_ordered.gif
2011.07.30 14:14 B F:\xampp\htdocs\jsLibrary\wysiwyg\icons\list_ordered_on.gif --> ftp.sobrafo.org.br /public_html/jsLibrary/wysiwyg/icons list_ordered_on.gif
2011.07.30 14:14 B F:\xampp\htdocs\jsLibrary\wysiwyg\icons\list_unordered.gif --> ftp.sobrafo.org.br /public_html/jsLibrary/wysiwyg/icons list_unordered.gif
2011.07.30 14:14 B F:\xampp\htdocs\jsLibrary\wysiwyg\icons\list_unordered_on.gif --> ftp.sobrafo.org.br /public_html/jsLibrary/wysiwyg/icons list_unordered_on.gif
2011.07.30 14:14 B F:\xampp\htdocs\jsLibrary\wysiwyg\icons\logo.gif --> ftp.sobrafo.org.br /public_html/jsLibrary/wysiwyg/icons logo.gif
2011.07.30 14:14 B F:\xampp\htdocs\jsLibrary\wysiwyg\icons\paste.gif --> ftp.sobrafo.org.br /public_html/jsLibrary/wysiwyg/icons paste.gif
2011.07.30 14:14 B F:\xampp\htdocs\jsLibrary\wysiwyg\icons\paste_on.gif --> ftp.sobrafo.org.br /public_html/jsLibrary/wysiwyg/icons paste_on.gif
2011.07.30 14:14 B F:\xampp\htdocs\jsLibrary\wysiwyg\icons\redo.gif --> ftp.sobrafo.org.br /public_html/jsLibrary/wysiwyg/icons redo.gif
2011.07.30 14:14 B F:\xampp\htdocs\jsLibrary\wysiwyg\icons\redo_on.gif --> ftp.sobrafo.org.br /public_html/jsLibrary/wysiwyg/icons redo_on.gif
2011.07.30 14:14 B F:\xampp\htdocs\jsLibrary\wysiwyg\icons\select_font.gif --> ftp.sobrafo.org.br /public_html/jsLibrary/wysiwyg/icons select_font.gif
2011.07.30 14:14 B F:\xampp\htdocs\jsLibrary\wysiwyg\icons\select_font_on.gif --> ftp.sobrafo.org.br /public_html/jsLibrary/wysiwyg/icons select_font_on.gif
2011.07.30 14:14 B F:\xampp\htdocs\jsLibrary\wysiwyg\icons\select_size.gif --> ftp.sobrafo.org.br /public_html/jsLibrary/wysiwyg/icons select_size.gif
2011.07.30 14:14 B F:\xampp\htdocs\jsLibrary\wysiwyg\icons\select_size_on.gif --> ftp.sobrafo.org.br /public_html/jsLibrary/wysiwyg/icons select_size_on.gif
2011.07.30 14:14 B F:\xampp\htdocs\jsLibrary\wysiwyg\icons\seperator.gif --> ftp.sobrafo.org.br /public_html/jsLibrary/wysiwyg/icons seperator.gif
2011.07.30 14:14 B F:\xampp\htdocs\jsLibrary\wysiwyg\icons\seperator2.gif --> ftp.sobrafo.org.br /public_html/jsLibrary/wysiwyg/icons seperator2.gif
2011.07.30 14:14 B F:\xampp\htdocs\jsLibrary\wysiwyg\icons\strikethrough.gif --> ftp.sobrafo.org.br /public_html/jsLibrary/wysiwyg/icons strikethrough.gif
2011.07.30 14:14 B F:\xampp\htdocs\jsLibrary\wysiwyg\icons\strikethrough_on.gif --> ftp.sobrafo.org.br /public_html/jsLibrary/wysiwyg/icons strikethrough_on.gif
2011.07.30 14:14 B F:\xampp\htdocs\jsLibrary\wysiwyg\icons\subscript.gif --> ftp.sobrafo.org.br /public_html/jsLibrary/wysiwyg/icons subscript.gif
2011.07.30 14:14 B F:\xampp\htdocs\jsLibrary\wysiwyg\icons\subscript_on.gif --> ftp.sobrafo.org.br /public_html/jsLibrary/wysiwyg/icons subscript_on.gif
2011.07.30 14:14 B F:\xampp\htdocs\jsLibrary\wysiwyg\icons\superscript.gif --> ftp.sobrafo.org.br /public_html/jsLibrary/wysiwyg/icons superscript.gif
2011.07.30 14:14 B F:\xampp\htdocs\jsLibrary\wysiwyg\icons\superscript_on.gif --> ftp.sobrafo.org.br /public_html/jsLibrary/wysiwyg/icons superscript_on.gif
2011.07.30 14:14 B F:\xampp\htdocs\jsLibrary\wysiwyg\icons\Thumbs.db --> ftp.sobrafo.org.br /public_html/jsLibrary/wysiwyg/icons Thumbs.db
2011.07.30 14:14 B F:\xampp\htdocs\jsLibrary\wysiwyg\icons\underline.gif --> ftp.sobrafo.org.br /public_html/jsLibrary/wysiwyg/icons underline.gif
2011.07.30 14:14 B F:\xampp\htdocs\jsLibrary\wysiwyg\icons\underline_on.gif --> ftp.sobrafo.org.br /public_html/jsLibrary/wysiwyg/icons underline_on.gif
2011.07.30 14:14 B F:\xampp\htdocs\jsLibrary\wysiwyg\icons\undo.gif --> ftp.sobrafo.org.br /public_html/jsLibrary/wysiwyg/icons undo.gif
2011.07.30 14:14 B F:\xampp\htdocs\jsLibrary\wysiwyg\icons\undo_on.gif --> ftp.sobrafo.org.br /public_html/jsLibrary/wysiwyg/icons undo_on.gif
2011.07.30 14:14 B F:\xampp\htdocs\jsLibrary\wysiwyg\icons\view_source.gif --> ftp.sobrafo.org.br /public_html/jsLibrary/wysiwyg/icons view_source.gif
2011.07.30 14:14 B F:\xampp\htdocs\jsLibrary\wysiwyg\icons\view_source_on.gif --> ftp.sobrafo.org.br /public_html/jsLibrary/wysiwyg/icons view_source_on.gif
2011.07.30 14:14 B F:\xampp\htdocs\jsLibrary\wysiwyg\icons\view_text.gif --> ftp.sobrafo.org.br /public_html/jsLibrary/wysiwyg/icons view_text.gif
2011.07.30 14:14 B F:\xampp\htdocs\jsLibrary\wysiwyg\icons\view_text_on.gif --> ftp.sobrafo.org.br /public_html/jsLibrary/wysiwyg/icons view_text_on.gif
2011.07.30 14:26 B F:\xampp\htdocs\jsLibrary\wysiwyg\icons\backcolor.gif --> ftp.sobrafo.org.br /public_html/adm/public/scripts/wysiwyg/icons backcolor.gif
2011.07.30 14:26 B F:\xampp\htdocs\jsLibrary\wysiwyg\icons\backcolor_on.gif --> ftp.sobrafo.org.br /public_html/adm/public/scripts/wysiwyg/icons backcolor_on.gif
2011.07.30 14:26 B F:\xampp\htdocs\jsLibrary\wysiwyg\icons\background_silver.jpg --> ftp.sobrafo.org.br /public_html/adm/public/scripts/wysiwyg/icons background_silver.jpg
2011.07.30 14:26 B F:\xampp\htdocs\jsLibrary\wysiwyg\icons\bold.gif --> ftp.sobrafo.org.br /public_html/adm/public/scripts/wysiwyg/icons bold.gif
2011.07.30 14:26 B F:\xampp\htdocs\jsLibrary\wysiwyg\icons\bold_on.gif --> ftp.sobrafo.org.br /public_html/adm/public/scripts/wysiwyg/icons bold_on.gif
2011.07.30 14:26 B F:\xampp\htdocs\jsLibrary\wysiwyg\icons\copy.gif --> ftp.sobrafo.org.br /public_html/adm/public/scripts/wysiwyg/icons copy.gif
2011.07.30 14:26 B F:\xampp\htdocs\jsLibrary\wysiwyg\icons\copy_on.gif --> ftp.sobrafo.org.br /public_html/adm/public/scripts/wysiwyg/icons copy_on.gif
2011.07.30 14:26 B F:\xampp\htdocs\jsLibrary\wysiwyg\icons\cut.gif --> ftp.sobrafo.org.br /public_html/adm/public/scripts/wysiwyg/icons cut.gif
2011.07.30 14:26 B F:\xampp\htdocs\jsLibrary\wysiwyg\icons\cut_on.gif --> ftp.sobrafo.org.br /public_html/adm/public/scripts/wysiwyg/icons cut_on.gif
2011.07.30 14:26 B F:\xampp\htdocs\jsLibrary\wysiwyg\icons\forecolor.gif --> ftp.sobrafo.org.br /public_html/adm/public/scripts/wysiwyg/icons forecolor.gif
2011.07.30 14:26 B F:\xampp\htdocs\jsLibrary\wysiwyg\icons\forecolor_on.gif --> ftp.sobrafo.org.br /public_html/adm/public/scripts/wysiwyg/icons forecolor_on.gif
2011.07.30 14:26 B F:\xampp\htdocs\jsLibrary\wysiwyg\icons\help.gif --> ftp.sobrafo.org.br /public_html/adm/public/scripts/wysiwyg/icons help.gif
2011.07.30 14:26 B F:\xampp\htdocs\jsLibrary\wysiwyg\icons\help_on.gif --> ftp.sobrafo.org.br /public_html/adm/public/scripts/wysiwyg/icons help_on.gif
2011.07.30 14:26 B F:\xampp\htdocs\jsLibrary\wysiwyg\icons\indent_left.gif --> ftp.sobrafo.org.br /public_html/adm/public/scripts/wysiwyg/icons indent_left.gif
2011.07.30 14:26 B F:\xampp\htdocs\jsLibrary\wysiwyg\icons\indent_left_on.gif --> ftp.sobrafo.org.br /public_html/adm/public/scripts/wysiwyg/icons indent_left_on.gif
2011.07.30 14:26 B F:\xampp\htdocs\jsLibrary\wysiwyg\icons\indent_right.gif --> ftp.sobrafo.org.br /public_html/adm/public/scripts/wysiwyg/icons indent_right.gif
2011.07.30 14:26 B F:\xampp\htdocs\jsLibrary\wysiwyg\icons\indent_right_on.gif --> ftp.sobrafo.org.br /public_html/adm/public/scripts/wysiwyg/icons indent_right_on.gif
2011.07.30 14:26 B F:\xampp\htdocs\jsLibrary\wysiwyg\icons\insert_hyperlink.gif --> ftp.sobrafo.org.br /public_html/adm/public/scripts/wysiwyg/icons insert_hyperlink.gif
2011.07.30 14:26 B F:\xampp\htdocs\jsLibrary\wysiwyg\icons\insert_hyperlink_on.gif --> ftp.sobrafo.org.br /public_html/adm/public/scripts/wysiwyg/icons insert_hyperlink_on.gif
2011.07.30 14:26 B F:\xampp\htdocs\jsLibrary\wysiwyg\icons\insert_picture.gif --> ftp.sobrafo.org.br /public_html/adm/public/scripts/wysiwyg/icons insert_picture.gif
2011.07.30 14:26 B F:\xampp\htdocs\jsLibrary\wysiwyg\icons\insert_picture_on.gif --> ftp.sobrafo.org.br /public_html/adm/public/scripts/wysiwyg/icons insert_picture_on.gif
2011.07.30 14:26 B F:\xampp\htdocs\jsLibrary\wysiwyg\icons\insert_table.gif --> ftp.sobrafo.org.br /public_html/adm/public/scripts/wysiwyg/icons insert_table.gif
2011.07.30 14:26 B F:\xampp\htdocs\jsLibrary\wysiwyg\icons\insert_table_on.gif --> ftp.sobrafo.org.br /public_html/adm/public/scripts/wysiwyg/icons insert_table_on.gif
2011.07.30 14:26 B F:\xampp\htdocs\jsLibrary\wysiwyg\icons\italics.gif --> ftp.sobrafo.org.br /public_html/adm/public/scripts/wysiwyg/icons italics.gif
2011.07.30 14:26 B F:\xampp\htdocs\jsLibrary\wysiwyg\icons\italics_on.gif --> ftp.sobrafo.org.br /public_html/adm/public/scripts/wysiwyg/icons italics_on.gif
2011.07.30 14:26 B F:\xampp\htdocs\jsLibrary\wysiwyg\icons\justify_center.gif --> ftp.sobrafo.org.br /public_html/adm/public/scripts/wysiwyg/icons justify_center.gif
2011.07.30 14:26 B F:\xampp\htdocs\jsLibrary\wysiwyg\icons\justify_center_on.gif --> ftp.sobrafo.org.br /public_html/adm/public/scripts/wysiwyg/icons justify_center_on.gif
2011.07.30 14:26 B F:\xampp\htdocs\jsLibrary\wysiwyg\icons\justify_left.gif --> ftp.sobrafo.org.br /public_html/adm/public/scripts/wysiwyg/icons justify_left.gif
2011.07.30 14:26 B F:\xampp\htdocs\jsLibrary\wysiwyg\icons\justify_left_on.gif --> ftp.sobrafo.org.br /public_html/adm/public/scripts/wysiwyg/icons justify_left_on.gif
2011.07.30 14:26 B F:\xampp\htdocs\jsLibrary\wysiwyg\icons\justify_right.gif --> ftp.sobrafo.org.br /public_html/adm/public/scripts/wysiwyg/icons justify_right.gif
2011.07.30 14:26 B F:\xampp\htdocs\jsLibrary\wysiwyg\icons\justify_right_on.gif --> ftp.sobrafo.org.br /public_html/adm/public/scripts/wysiwyg/icons justify_right_on.gif
2011.07.30 14:26 B F:\xampp\htdocs\jsLibrary\wysiwyg\icons\list_ordered.gif --> ftp.sobrafo.org.br /public_html/adm/public/scripts/wysiwyg/icons list_ordered.gif
2011.07.30 14:26 B F:\xampp\htdocs\jsLibrary\wysiwyg\icons\list_ordered_on.gif --> ftp.sobrafo.org.br /public_html/adm/public/scripts/wysiwyg/icons list_ordered_on.gif
2011.07.30 14:26 B F:\xampp\htdocs\jsLibrary\wysiwyg\icons\list_unordered.gif --> ftp.sobrafo.org.br /public_html/adm/public/scripts/wysiwyg/icons list_unordered.gif
2011.07.30 14:26 B F:\xampp\htdocs\jsLibrary\wysiwyg\icons\list_unordered_on.gif --> ftp.sobrafo.org.br /public_html/adm/public/scripts/wysiwyg/icons list_unordered_on.gif
2011.07.30 14:26 B F:\xampp\htdocs\jsLibrary\wysiwyg\icons\logo.gif --> ftp.sobrafo.org.br /public_html/adm/public/scripts/wysiwyg/icons logo.gif
2011.07.30 14:26 B F:\xampp\htdocs\jsLibrary\wysiwyg\icons\paste.gif --> ftp.sobrafo.org.br /public_html/adm/public/scripts/wysiwyg/icons paste.gif
2011.07.30 14:26 B F:\xampp\htdocs\jsLibrary\wysiwyg\icons\paste_on.gif --> ftp.sobrafo.org.br /public_html/adm/public/scripts/wysiwyg/icons paste_on.gif
2011.07.30 14:26 B F:\xampp\htdocs\jsLibrary\wysiwyg\icons\redo.gif --> ftp.sobrafo.org.br /public_html/adm/public/scripts/wysiwyg/icons redo.gif
2011.07.30 14:26 B F:\xampp\htdocs\jsLibrary\wysiwyg\icons\redo_on.gif --> ftp.sobrafo.org.br /public_html/adm/public/scripts/wysiwyg/icons redo_on.gif
2011.07.30 14:26 B F:\xampp\htdocs\jsLibrary\wysiwyg\icons\select_font.gif --> ftp.sobrafo.org.br /public_html/adm/public/scripts/wysiwyg/icons select_font.gif
2011.07.30 14:26 B F:\xampp\htdocs\jsLibrary\wysiwyg\icons\select_font_on.gif --> ftp.sobrafo.org.br /public_html/adm/public/scripts/wysiwyg/icons select_font_on.gif
2011.07.30 14:26 B F:\xampp\htdocs\jsLibrary\wysiwyg\icons\select_size.gif --> ftp.sobrafo.org.br /public_html/adm/public/scripts/wysiwyg/icons select_size.gif
2011.07.30 14:26 B F:\xampp\htdocs\jsLibrary\wysiwyg\icons\select_size_on.gif --> ftp.sobrafo.org.br /public_html/adm/public/scripts/wysiwyg/icons select_size_on.gif
2011.07.30 14:26 B F:\xampp\htdocs\jsLibrary\wysiwyg\icons\seperator.gif --> ftp.sobrafo.org.br /public_html/adm/public/scripts/wysiwyg/icons seperator.gif
2011.07.30 14:26 B F:\xampp\htdocs\jsLibrary\wysiwyg\icons\seperator2.gif --> ftp.sobrafo.org.br /public_html/adm/public/scripts/wysiwyg/icons seperator2.gif
2011.07.30 14:26 B F:\xampp\htdocs\jsLibrary\wysiwyg\icons\strikethrough.gif --> ftp.sobrafo.org.br /public_html/adm/public/scripts/wysiwyg/icons strikethrough.gif
2011.07.30 14:26 B F:\xampp\htdocs\jsLibrary\wysiwyg\icons\strikethrough_on.gif --> ftp.sobrafo.org.br /public_html/adm/public/scripts/wysiwyg/icons strikethrough_on.gif
2011.07.30 14:26 B F:\xampp\htdocs\jsLibrary\wysiwyg\icons\subscript.gif --> ftp.sobrafo.org.br /public_html/adm/public/scripts/wysiwyg/icons subscript.gif
2011.07.30 14:26 B F:\xampp\htdocs\jsLibrary\wysiwyg\icons\subscript_on.gif --> ftp.sobrafo.org.br /public_html/adm/public/scripts/wysiwyg/icons subscript_on.gif
2011.07.30 14:26 B F:\xampp\htdocs\jsLibrary\wysiwyg\icons\superscript.gif --> ftp.sobrafo.org.br /public_html/adm/public/scripts/wysiwyg/icons superscript.gif
2011.07.30 14:26 B F:\xampp\htdocs\jsLibrary\wysiwyg\icons\superscript_on.gif --> ftp.sobrafo.org.br /public_html/adm/public/scripts/wysiwyg/icons superscript_on.gif
2011.07.30 14:26 B F:\xampp\htdocs\jsLibrary\wysiwyg\icons\Thumbs.db --> ftp.sobrafo.org.br /public_html/adm/public/scripts/wysiwyg/icons Thumbs.db
2011.07.30 14:26 B F:\xampp\htdocs\jsLibrary\wysiwyg\icons\underline.gif --> ftp.sobrafo.org.br /public_html/adm/public/scripts/wysiwyg/icons underline.gif
2011.07.30 14:26 B F:\xampp\htdocs\jsLibrary\wysiwyg\icons\underline_on.gif --> ftp.sobrafo.org.br /public_html/adm/public/scripts/wysiwyg/icons underline_on.gif
2011.07.30 14:26 B F:\xampp\htdocs\jsLibrary\wysiwyg\icons\undo.gif --> ftp.sobrafo.org.br /public_html/adm/public/scripts/wysiwyg/icons undo.gif
2011.07.30 14:26 B F:\xampp\htdocs\jsLibrary\wysiwyg\icons\undo_on.gif --> ftp.sobrafo.org.br /public_html/adm/public/scripts/wysiwyg/icons undo_on.gif
2011.07.30 14:26 B F:\xampp\htdocs\jsLibrary\wysiwyg\icons\view_source.gif --> ftp.sobrafo.org.br /public_html/adm/public/scripts/wysiwyg/icons view_source.gif
2011.07.30 14:26 B F:\xampp\htdocs\jsLibrary\wysiwyg\icons\view_source_on.gif --> ftp.sobrafo.org.br /public_html/adm/public/scripts/wysiwyg/icons view_source_on.gif
2011.07.30 14:26 B F:\xampp\htdocs\jsLibrary\wysiwyg\icons\view_text.gif --> ftp.sobrafo.org.br /public_html/adm/public/scripts/wysiwyg/icons view_text.gif
2011.07.30 14:26 B F:\xampp\htdocs\jsLibrary\wysiwyg\icons\view_text_on.gif --> ftp.sobrafo.org.br /public_html/adm/public/scripts/wysiwyg/icons view_text_on.gif
2011.07.30 14:26 B F:\xampp\htdocs\jsLibrary\wysiwyg\icons\WS_FTP.LOG --> ftp.sobrafo.org.br /public_html/adm/public/scripts/wysiwyg/icons WS_FTP.LOG
2011.08.05 00:44 B F:\xampp\htdocs\portal\varejo\public\wysiwyg\icons\backcolor.gif --> ftp.portalridgid.com.br /public_html/varejo/public/wysiwyg/icons backcolor.gif
2011.08.05 00:44 B F:\xampp\htdocs\portal\varejo\public\wysiwyg\icons\backcolor_on.gif --> ftp.portalridgid.com.br /public_html/varejo/public/wysiwyg/icons backcolor_on.gif
2011.08.05 00:44 B F:\xampp\htdocs\portal\varejo\public\wysiwyg\icons\background_silver.jpg --> ftp.portalridgid.com.br /public_html/varejo/public/wysiwyg/icons background_silver.jpg
2011.08.05 00:44 B F:\xampp\htdocs\portal\varejo\public\wysiwyg\icons\bold.gif --> ftp.portalridgid.com.br /public_html/varejo/public/wysiwyg/icons bold.gif
2011.08.05 00:44 B F:\xampp\htdocs\portal\varejo\public\wysiwyg\icons\bold_on.gif --> ftp.portalridgid.com.br /public_html/varejo/public/wysiwyg/icons bold_on.gif
2011.08.05 00:44 B F:\xampp\htdocs\portal\varejo\public\wysiwyg\icons\copy.gif --> ftp.portalridgid.com.br /public_html/varejo/public/wysiwyg/icons copy.gif
2011.08.05 00:44 B F:\xampp\htdocs\portal\varejo\public\wysiwyg\icons\copy_on.gif --> ftp.portalridgid.com.br /public_html/varejo/public/wysiwyg/icons copy_on.gif
2011.08.05 00:44 B F:\xampp\htdocs\portal\varejo\public\wysiwyg\icons\cut.gif --> ftp.portalridgid.com.br /public_html/varejo/public/wysiwyg/icons cut.gif
2011.08.05 00:44 B F:\xampp\htdocs\portal\varejo\public\wysiwyg\icons\cut_on.gif --> ftp.portalridgid.com.br /public_html/varejo/public/wysiwyg/icons cut_on.gif
2011.08.05 00:44 B F:\xampp\htdocs\portal\varejo\public\wysiwyg\icons\forecolor.gif --> ftp.portalridgid.com.br /public_html/varejo/public/wysiwyg/icons forecolor.gif
2011.08.05 00:44 B F:\xampp\htdocs\portal\varejo\public\wysiwyg\icons\forecolor_on.gif --> ftp.portalridgid.com.br /public_html/varejo/public/wysiwyg/icons forecolor_on.gif
2011.08.05 00:44 B F:\xampp\htdocs\portal\varejo\public\wysiwyg\icons\help.gif --> ftp.portalridgid.com.br /public_html/varejo/public/wysiwyg/icons help.gif
2011.08.05 00:44 B F:\xampp\htdocs\portal\varejo\public\wysiwyg\icons\help_on.gif --> ftp.portalridgid.com.br /public_html/varejo/public/wysiwyg/icons help_on.gif
2011.08.05 00:44 B F:\xampp\htdocs\portal\varejo\public\wysiwyg\icons\indent_left.gif --> ftp.portalridgid.com.br /public_html/varejo/public/wysiwyg/icons indent_left.gif
2011.08.05 00:44 B F:\xampp\htdocs\portal\varejo\public\wysiwyg\icons\indent_left_on.gif --> ftp.portalridgid.com.br /public_html/varejo/public/wysiwyg/icons indent_left_on.gif
2011.08.05 00:44 B F:\xampp\htdocs\portal\varejo\public\wysiwyg\icons\indent_right.gif --> ftp.portalridgid.com.br /public_html/varejo/public/wysiwyg/icons indent_right.gif
2011.08.05 00:44 B F:\xampp\htdocs\portal\varejo\public\wysiwyg\icons\indent_right_on.gif --> ftp.portalridgid.com.br /public_html/varejo/public/wysiwyg/icons indent_right_on.gif
2011.08.05 00:44 B F:\xampp\htdocs\portal\varejo\public\wysiwyg\icons\insert_hyperlink.gif --> ftp.portalridgid.com.br /public_html/varejo/public/wysiwyg/icons insert_hyperlink.gif
2011.08.05 00:44 B F:\xampp\htdocs\portal\varejo\public\wysiwyg\icons\insert_hyperlink_on.gif --> ftp.portalridgid.com.br /public_html/varejo/public/wysiwyg/icons insert_hyperlink_on.gif
2011.08.05 00:44 B F:\xampp\htdocs\portal\varejo\public\wysiwyg\icons\insert_picture.gif --> ftp.portalridgid.com.br /public_html/varejo/public/wysiwyg/icons insert_picture.gif
2011.08.05 00:44 B F:\xampp\htdocs\portal\varejo\public\wysiwyg\icons\insert_picture_on.gif --> ftp.portalridgid.com.br /public_html/varejo/public/wysiwyg/icons insert_picture_on.gif
2011.08.05 00:44 B F:\xampp\htdocs\portal\varejo\public\wysiwyg\icons\insert_table.gif --> ftp.portalridgid.com.br /public_html/varejo/public/wysiwyg/icons insert_table.gif
2011.08.05 00:44 B F:\xampp\htdocs\portal\varejo\public\wysiwyg\icons\insert_table_on.gif --> ftp.portalridgid.com.br /public_html/varejo/public/wysiwyg/icons insert_table_on.gif
2011.08.05 00:44 B F:\xampp\htdocs\portal\varejo\public\wysiwyg\icons\italics.gif --> ftp.portalridgid.com.br /public_html/varejo/public/wysiwyg/icons italics.gif
2011.08.05 00:44 B F:\xampp\htdocs\portal\varejo\public\wysiwyg\icons\italics_on.gif --> ftp.portalridgid.com.br /public_html/varejo/public/wysiwyg/icons italics_on.gif
2011.08.05 00:44 B F:\xampp\htdocs\portal\varejo\public\wysiwyg\icons\justify_center.gif --> ftp.portalridgid.com.br /public_html/varejo/public/wysiwyg/icons justify_center.gif
2011.08.05 00:44 B F:\xampp\htdocs\portal\varejo\public\wysiwyg\icons\justify_center_on.gif --> ftp.portalridgid.com.br /public_html/varejo/public/wysiwyg/icons justify_center_on.gif
2011.08.05 00:44 B F:\xampp\htdocs\portal\varejo\public\wysiwyg\icons\justify_left.gif --> ftp.portalridgid.com.br /public_html/varejo/public/wysiwyg/icons justify_left.gif
2011.08.05 00:44 B F:\xampp\htdocs\portal\varejo\public\wysiwyg\icons\justify_left_on.gif --> ftp.portalridgid.com.br /public_html/varejo/public/wysiwyg/icons justify_left_on.gif
2011.08.05 00:44 B F:\xampp\htdocs\portal\varejo\public\wysiwyg\icons\justify_right.gif --> ftp.portalridgid.com.br /public_html/varejo/public/wysiwyg/icons justify_right.gif
2011.08.05 00:44 B F:\xampp\htdocs\portal\varejo\public\wysiwyg\icons\justify_right_on.gif --> ftp.portalridgid.com.br /public_html/varejo/public/wysiwyg/icons justify_right_on.gif
2011.08.05 00:44 B F:\xampp\htdocs\portal\varejo\public\wysiwyg\icons\list_ordered.gif --> ftp.portalridgid.com.br /public_html/varejo/public/wysiwyg/icons list_ordered.gif
2011.08.05 00:44 B F:\xampp\htdocs\portal\varejo\public\wysiwyg\icons\list_ordered_on.gif --> ftp.portalridgid.com.br /public_html/varejo/public/wysiwyg/icons list_ordered_on.gif
2011.08.05 00:44 B F:\xampp\htdocs\portal\varejo\public\wysiwyg\icons\list_unordered.gif --> ftp.portalridgid.com.br /public_html/varejo/public/wysiwyg/icons list_unordered.gif
2011.08.05 00:44 B F:\xampp\htdocs\portal\varejo\public\wysiwyg\icons\list_unordered_on.gif --> ftp.portalridgid.com.br /public_html/varejo/public/wysiwyg/icons list_unordered_on.gif
2011.08.05 00:44 B F:\xampp\htdocs\portal\varejo\public\wysiwyg\icons\logo.gif --> ftp.portalridgid.com.br /public_html/varejo/public/wysiwyg/icons logo.gif
2011.08.05 00:44 B F:\xampp\htdocs\portal\varejo\public\wysiwyg\icons\paste.gif --> ftp.portalridgid.com.br /public_html/varejo/public/wysiwyg/icons paste.gif
2011.08.05 00:44 B F:\xampp\htdocs\portal\varejo\public\wysiwyg\icons\paste_on.gif --> ftp.portalridgid.com.br /public_html/varejo/public/wysiwyg/icons paste_on.gif
2011.08.05 00:44 B F:\xampp\htdocs\portal\varejo\public\wysiwyg\icons\redo.gif --> ftp.portalridgid.com.br /public_html/varejo/public/wysiwyg/icons redo.gif
2011.08.05 00:44 B F:\xampp\htdocs\portal\varejo\public\wysiwyg\icons\redo_on.gif --> ftp.portalridgid.com.br /public_html/varejo/public/wysiwyg/icons redo_on.gif
2011.08.05 00:44 B F:\xampp\htdocs\portal\varejo\public\wysiwyg\icons\select_font.gif --> ftp.portalridgid.com.br /public_html/varejo/public/wysiwyg/icons select_font.gif
2011.08.05 00:44 B F:\xampp\htdocs\portal\varejo\public\wysiwyg\icons\select_font_on.gif --> ftp.portalridgid.com.br /public_html/varejo/public/wysiwyg/icons select_font_on.gif
2011.08.05 00:44 B F:\xampp\htdocs\portal\varejo\public\wysiwyg\icons\select_size.gif --> ftp.portalridgid.com.br /public_html/varejo/public/wysiwyg/icons select_size.gif
2011.08.05 00:44 B F:\xampp\htdocs\portal\varejo\public\wysiwyg\icons\select_size_on.gif --> ftp.portalridgid.com.br /public_html/varejo/public/wysiwyg/icons select_size_on.gif
2011.08.05 00:44 B F:\xampp\htdocs\portal\varejo\public\wysiwyg\icons\seperator.gif --> ftp.portalridgid.com.br /public_html/varejo/public/wysiwyg/icons seperator.gif
2011.08.05 00:44 B F:\xampp\htdocs\portal\varejo\public\wysiwyg\icons\seperator2.gif --> ftp.portalridgid.com.br /public_html/varejo/public/wysiwyg/icons seperator2.gif
2011.08.05 00:44 B F:\xampp\htdocs\portal\varejo\public\wysiwyg\icons\strikethrough.gif --> ftp.portalridgid.com.br /public_html/varejo/public/wysiwyg/icons strikethrough.gif
2011.08.05 00:44 B F:\xampp\htdocs\portal\varejo\public\wysiwyg\icons\strikethrough_on.gif --> ftp.portalridgid.com.br /public_html/varejo/public/wysiwyg/icons strikethrough_on.gif
2011.08.05 00:44 B F:\xampp\htdocs\portal\varejo\public\wysiwyg\icons\subscript.gif --> ftp.portalridgid.com.br /public_html/varejo/public/wysiwyg/icons subscript.gif
2011.08.05 00:44 B F:\xampp\htdocs\portal\varejo\public\wysiwyg\icons\subscript_on.gif --> ftp.portalridgid.com.br /public_html/varejo/public/wysiwyg/icons subscript_on.gif
2011.08.05 00:44 B F:\xampp\htdocs\portal\varejo\public\wysiwyg\icons\superscript.gif --> ftp.portalridgid.com.br /public_html/varejo/public/wysiwyg/icons superscript.gif
2011.08.05 00:44 B F:\xampp\htdocs\portal\varejo\public\wysiwyg\icons\superscript_on.gif --> ftp.portalridgid.com.br /public_html/varejo/public/wysiwyg/icons superscript_on.gif
2011.08.05 00:44 B F:\xampp\htdocs\portal\varejo\public\wysiwyg\icons\Thumbs.db --> ftp.portalridgid.com.br /public_html/varejo/public/wysiwyg/icons Thumbs.db
2011.08.05 00:45 B F:\xampp\htdocs\portal\varejo\public\wysiwyg\icons\underline.gif --> ftp.portalridgid.com.br /public_html/varejo/public/wysiwyg/icons underline.gif
2011.08.05 00:45 B F:\xampp\htdocs\portal\varejo\public\wysiwyg\icons\underline_on.gif --> ftp.portalridgid.com.br /public_html/varejo/public/wysiwyg/icons underline_on.gif
2011.08.05 00:45 B F:\xampp\htdocs\portal\varejo\public\wysiwyg\icons\undo.gif --> ftp.portalridgid.com.br /public_html/varejo/public/wysiwyg/icons undo.gif
2011.08.05 00:45 B F:\xampp\htdocs\portal\varejo\public\wysiwyg\icons\undo_on.gif --> ftp.portalridgid.com.br /public_html/varejo/public/wysiwyg/icons undo_on.gif
2011.08.05 00:45 B F:\xampp\htdocs\portal\varejo\public\wysiwyg\icons\view_source.gif --> ftp.portalridgid.com.br /public_html/varejo/public/wysiwyg/icons view_source.gif
2011.08.05 00:45 B F:\xampp\htdocs\portal\varejo\public\wysiwyg\icons\view_source_on.gif --> ftp.portalridgid.com.br /public_html/varejo/public/wysiwyg/icons view_source_on.gif
2011.08.05 00:45 B F:\xampp\htdocs\portal\varejo\public\wysiwyg\icons\view_text.gif --> ftp.portalridgid.com.br /public_html/varejo/public/wysiwyg/icons view_text.gif
2011.08.05 00:45 B F:\xampp\htdocs\portal\varejo\public\wysiwyg\icons\view_text_on.gif --> ftp.portalridgid.com.br /public_html/varejo/public/wysiwyg/icons view_text_on.gif
2011.08.05 00:45 B F:\xampp\htdocs\portal\varejo\public\wysiwyg\icons\WS_FTP.LOG --> ftp.portalridgid.com.br /public_html/varejo/public/wysiwyg/icons WS_FTP.LOG
2012.04.05 13:49 B F:\xampp\htdocs\portal\varejo\public\wysiwyg\icons\backcolor.gif --> ftp.sbrafh.org.br /public_html/novosite/public/wysiwyg/icons backcolor.gif
2012.04.05 13:49 B F:\xampp\htdocs\portal\varejo\public\wysiwyg\icons\backcolor_on.gif --> ftp.sbrafh.org.br /public_html/novosite/public/wysiwyg/icons backcolor_on.gif
2012.04.05 13:49 B F:\xampp\htdocs\portal\varejo\public\wysiwyg\icons\background_silver.jpg --> ftp.sbrafh.org.br /public_html/novosite/public/wysiwyg/icons background_silver.jpg
2012.04.05 13:49 B F:\xampp\htdocs\portal\varejo\public\wysiwyg\icons\bold.gif --> ftp.sbrafh.org.br /public_html/novosite/public/wysiwyg/icons bold.gif
2012.04.05 13:49 B F:\xampp\htdocs\portal\varejo\public\wysiwyg\icons\bold_on.gif --> ftp.sbrafh.org.br /public_html/novosite/public/wysiwyg/icons bold_on.gif
2012.04.05 13:49 B F:\xampp\htdocs\portal\varejo\public\wysiwyg\icons\copy.gif --> ftp.sbrafh.org.br /public_html/novosite/public/wysiwyg/icons copy.gif
2012.04.05 13:49 B F:\xampp\htdocs\portal\varejo\public\wysiwyg\icons\copy_on.gif --> ftp.sbrafh.org.br /public_html/novosite/public/wysiwyg/icons copy_on.gif
2012.04.05 13:49 B F:\xampp\htdocs\portal\varejo\public\wysiwyg\icons\cut.gif --> ftp.sbrafh.org.br /public_html/novosite/public/wysiwyg/icons cut.gif
2012.04.05 13:49 B F:\xampp\htdocs\portal\varejo\public\wysiwyg\icons\cut_on.gif --> ftp.sbrafh.org.br /public_html/novosite/public/wysiwyg/icons cut_on.gif
2012.04.05 13:49 B F:\xampp\htdocs\portal\varejo\public\wysiwyg\icons\forecolor.gif --> ftp.sbrafh.org.br /public_html/novosite/public/wysiwyg/icons forecolor.gif
2012.04.05 13:49 B F:\xampp\htdocs\portal\varejo\public\wysiwyg\icons\forecolor_on.gif --> ftp.sbrafh.org.br /public_html/novosite/public/wysiwyg/icons forecolor_on.gif
2012.04.05 13:49 B F:\xampp\htdocs\portal\varejo\public\wysiwyg\icons\help.gif --> ftp.sbrafh.org.br /public_html/novosite/public/wysiwyg/icons help.gif
2012.04.05 13:49 B F:\xampp\htdocs\portal\varejo\public\wysiwyg\icons\help_on.gif --> ftp.sbrafh.org.br /public_html/novosite/public/wysiwyg/icons help_on.gif
2012.04.05 13:49 B F:\xampp\htdocs\portal\varejo\public\wysiwyg\icons\indent_left.gif --> ftp.sbrafh.org.br /public_html/novosite/public/wysiwyg/icons indent_left.gif
2012.04.05 13:49 B F:\xampp\htdocs\portal\varejo\public\wysiwyg\icons\indent_left_on.gif --> ftp.sbrafh.org.br /public_html/novosite/public/wysiwyg/icons indent_left_on.gif
2012.04.05 13:49 B F:\xampp\htdocs\portal\varejo\public\wysiwyg\icons\indent_right.gif --> ftp.sbrafh.org.br /public_html/novosite/public/wysiwyg/icons indent_right.gif
2012.04.05 13:49 B F:\xampp\htdocs\portal\varejo\public\wysiwyg\icons\indent_right_on.gif --> ftp.sbrafh.org.br /public_html/novosite/public/wysiwyg/icons indent_right_on.gif
2012.04.05 13:49 B F:\xampp\htdocs\portal\varejo\public\wysiwyg\icons\insert_hyperlink.gif --> ftp.sbrafh.org.br /public_html/novosite/public/wysiwyg/icons insert_hyperlink.gif
2012.04.05 13:49 B F:\xampp\htdocs\portal\varejo\public\wysiwyg\icons\insert_hyperlink_on.gif --> ftp.sbrafh.org.br /public_html/novosite/public/wysiwyg/icons insert_hyperlink_on.gif
2012.04.05 13:49 B F:\xampp\htdocs\portal\varejo\public\wysiwyg\icons\insert_picture.gif --> ftp.sbrafh.org.br /public_html/novosite/public/wysiwyg/icons insert_picture.gif
2012.04.05 13:49 B F:\xampp\htdocs\portal\varejo\public\wysiwyg\icons\insert_picture_on.gif --> ftp.sbrafh.org.br /public_html/novosite/public/wysiwyg/icons insert_picture_on.gif
2012.04.05 13:49 B F:\xampp\htdocs\portal\varejo\public\wysiwyg\icons\insert_table.gif --> ftp.sbrafh.org.br /public_html/novosite/public/wysiwyg/icons insert_table.gif
2012.04.05 13:49 B F:\xampp\htdocs\portal\varejo\public\wysiwyg\icons\insert_table_on.gif --> ftp.sbrafh.org.br /public_html/novosite/public/wysiwyg/icons insert_table_on.gif
2012.04.05 13:49 B F:\xampp\htdocs\portal\varejo\public\wysiwyg\icons\italics.gif --> ftp.sbrafh.org.br /public_html/novosite/public/wysiwyg/icons italics.gif
2012.04.05 13:49 B F:\xampp\htdocs\portal\varejo\public\wysiwyg\icons\italics_on.gif --> ftp.sbrafh.org.br /public_html/novosite/public/wysiwyg/icons italics_on.gif
2012.04.05 13:49 B F:\xampp\htdocs\portal\varejo\public\wysiwyg\icons\justify_center.gif --> ftp.sbrafh.org.br /public_html/novosite/public/wysiwyg/icons justify_center.gif
2012.04.05 13:49 B F:\xampp\htdocs\portal\varejo\public\wysiwyg\icons\justify_center_on.gif --> ftp.sbrafh.org.br /public_html/novosite/public/wysiwyg/icons justify_center_on.gif
2012.04.05 13:49 B F:\xampp\htdocs\portal\varejo\public\wysiwyg\icons\justify_left.gif --> ftp.sbrafh.org.br /public_html/novosite/public/wysiwyg/icons justify_left.gif
2012.04.05 13:49 B F:\xampp\htdocs\portal\varejo\public\wysiwyg\icons\justify_left_on.gif --> ftp.sbrafh.org.br /public_html/novosite/public/wysiwyg/icons justify_left_on.gif
2012.04.05 13:49 B F:\xampp\htdocs\portal\varejo\public\wysiwyg\icons\justify_right.gif --> ftp.sbrafh.org.br /public_html/novosite/public/wysiwyg/icons justify_right.gif
2012.04.05 13:49 B F:\xampp\htdocs\portal\varejo\public\wysiwyg\icons\justify_right_on.gif --> ftp.sbrafh.org.br /public_html/novosite/public/wysiwyg/icons justify_right_on.gif
2012.04.05 13:49 B F:\xampp\htdocs\portal\varejo\public\wysiwyg\icons\list_ordered.gif --> ftp.sbrafh.org.br /public_html/novosite/public/wysiwyg/icons list_ordered.gif
2012.04.05 13:49 B F:\xampp\htdocs\portal\varejo\public\wysiwyg\icons\list_ordered_on.gif --> ftp.sbrafh.org.br /public_html/novosite/public/wysiwyg/icons list_ordered_on.gif
2012.04.05 13:49 B F:\xampp\htdocs\portal\varejo\public\wysiwyg\icons\list_unordered.gif --> ftp.sbrafh.org.br /public_html/novosite/public/wysiwyg/icons list_unordered.gif
2012.04.05 13:49 B F:\xampp\htdocs\portal\varejo\public\wysiwyg\icons\list_unordered_on.gif --> ftp.sbrafh.org.br /public_html/novosite/public/wysiwyg/icons list_unordered_on.gif
2012.04.05 13:49 B F:\xampp\htdocs\portal\varejo\public\wysiwyg\icons\logo.gif --> ftp.sbrafh.org.br /public_html/novosite/public/wysiwyg/icons logo.gif
2012.04.05 13:49 B F:\xampp\htdocs\portal\varejo\public\wysiwyg\icons\paste.gif --> ftp.sbrafh.org.br /public_html/novosite/public/wysiwyg/icons paste.gif
2012.04.05 13:49 B F:\xampp\htdocs\portal\varejo\public\wysiwyg\icons\paste_on.gif --> ftp.sbrafh.org.br /public_html/novosite/public/wysiwyg/icons paste_on.gif
2012.04.05 13:49 B F:\xampp\htdocs\portal\varejo\public\wysiwyg\icons\redo.gif --> ftp.sbrafh.org.br /public_html/novosite/public/wysiwyg/icons redo.gif
2012.04.05 13:49 B F:\xampp\htdocs\portal\varejo\public\wysiwyg\icons\redo_on.gif --> ftp.sbrafh.org.br /public_html/novosite/public/wysiwyg/icons redo_on.gif
2012.04.05 13:49 B F:\xampp\htdocs\portal\varejo\public\wysiwyg\icons\select_font.gif --> ftp.sbrafh.org.br /public_html/novosite/public/wysiwyg/icons select_font.gif
2012.04.05 13:49 B F:\xampp\htdocs\portal\varejo\public\wysiwyg\icons\select_font_on.gif --> ftp.sbrafh.org.br /public_html/novosite/public/wysiwyg/icons select_font_on.gif
2012.04.05 13:49 B F:\xampp\htdocs\portal\varejo\public\wysiwyg\icons\select_size.gif --> ftp.sbrafh.org.br /public_html/novosite/public/wysiwyg/icons select_size.gif
2012.04.05 13:49 B F:\xampp\htdocs\portal\varejo\public\wysiwyg\icons\select_size_on.gif --> ftp.sbrafh.org.br /public_html/novosite/public/wysiwyg/icons select_size_on.gif
2012.04.05 13:49 B F:\xampp\htdocs\portal\varejo\public\wysiwyg\icons\seperator.gif --> ftp.sbrafh.org.br /public_html/novosite/public/wysiwyg/icons seperator.gif
2012.04.05 13:49 B F:\xampp\htdocs\portal\varejo\public\wysiwyg\icons\seperator2.gif --> ftp.sbrafh.org.br /public_html/novosite/public/wysiwyg/icons seperator2.gif
2012.04.05 13:49 B F:\xampp\htdocs\portal\varejo\public\wysiwyg\icons\strikethrough.gif --> ftp.sbrafh.org.br /public_html/novosite/public/wysiwyg/icons strikethrough.gif
2012.04.05 13:49 B F:\xampp\htdocs\portal\varejo\public\wysiwyg\icons\strikethrough_on.gif --> ftp.sbrafh.org.br /public_html/novosite/public/wysiwyg/icons strikethrough_on.gif
2012.04.05 13:49 B F:\xampp\htdocs\portal\varejo\public\wysiwyg\icons\subscript.gif --> ftp.sbrafh.org.br /public_html/novosite/public/wysiwyg/icons subscript.gif
2012.04.05 13:49 B F:\xampp\htdocs\portal\varejo\public\wysiwyg\icons\subscript_on.gif --> ftp.sbrafh.org.br /public_html/novosite/public/wysiwyg/icons subscript_on.gif
2012.04.05 13:49 B F:\xampp\htdocs\portal\varejo\public\wysiwyg\icons\superscript.gif --> ftp.sbrafh.org.br /public_html/novosite/public/wysiwyg/icons superscript.gif
2012.04.05 13:49 B F:\xampp\htdocs\portal\varejo\public\wysiwyg\icons\superscript_on.gif --> ftp.sbrafh.org.br /public_html/novosite/public/wysiwyg/icons superscript_on.gif
2012.04.05 13:49 B F:\xampp\htdocs\portal\varejo\public\wysiwyg\icons\Thumbs.db --> ftp.sbrafh.org.br /public_html/novosite/public/wysiwyg/icons Thumbs.db
2012.04.05 13:50 B F:\xampp\htdocs\portal\varejo\public\wysiwyg\icons\underline.gif --> ftp.sbrafh.org.br /public_html/novosite/public/wysiwyg/icons underline.gif
2012.04.05 13:50 B F:\xampp\htdocs\portal\varejo\public\wysiwyg\icons\underline_on.gif --> ftp.sbrafh.org.br /public_html/novosite/public/wysiwyg/icons underline_on.gif
2012.04.05 13:50 B F:\xampp\htdocs\portal\varejo\public\wysiwyg\icons\undo.gif --> ftp.sbrafh.org.br /public_html/novosite/public/wysiwyg/icons undo.gif
2012.04.05 13:50 B F:\xampp\htdocs\portal\varejo\public\wysiwyg\icons\undo_on.gif --> ftp.sbrafh.org.br /public_html/novosite/public/wysiwyg/icons undo_on.gif
2012.04.05 13:50 B F:\xampp\htdocs\portal\varejo\public\wysiwyg\icons\view_source.gif --> ftp.sbrafh.org.br /public_html/novosite/public/wysiwyg/icons view_source.gif
2012.04.05 13:50 B F:\xampp\htdocs\portal\varejo\public\wysiwyg\icons\view_source_on.gif --> ftp.sbrafh.org.br /public_html/novosite/public/wysiwyg/icons view_source_on.gif
2012.04.05 13:50 B F:\xampp\htdocs\portal\varejo\public\wysiwyg\icons\view_text.gif --> ftp.sbrafh.org.br /public_html/novosite/public/wysiwyg/icons view_text.gif
2012.04.05 13:50 B F:\xampp\htdocs\portal\varejo\public\wysiwyg\icons\view_text_on.gif --> ftp.sbrafh.org.br /public_html/novosite/public/wysiwyg/icons view_text_on.gif
2012.04.10 00:53 B F:\xampp\htdocs\sbrafh\novosite\public\wysiwyg\icons\WS_FTP.LOG <-- sbrafh /public_html/novosite/public/wysiwyg/icons WS_FTP.LOG
2012.09.28 13:14 B F:\xampp\htdocs\sbrafh\site\public\wysiwyg\icons\WS_FTP.LOG --> ftp.sbrafh.org.br /public_html/rbfhss_nova/public/wysiwyg/icons WS_FTP.LOG
2012.09.28 13:14 B F:\xampp\htdocs\sbrafh\site\public\wysiwyg\icons\view_text_on.gif --> ftp.sbrafh.org.br /public_html/rbfhss_nova/public/wysiwyg/icons view_text_on.gif
2012.09.28 13:14 B F:\xampp\htdocs\sbrafh\site\public\wysiwyg\icons\view_text.gif --> ftp.sbrafh.org.br /public_html/rbfhss_nova/public/wysiwyg/icons view_text.gif
2012.09.28 13:14 B F:\xampp\htdocs\sbrafh\site\public\wysiwyg\icons\view_source_on.gif --> ftp.sbrafh.org.br /public_html/rbfhss_nova/public/wysiwyg/icons view_source_on.gif
2012.09.28 13:14 B F:\xampp\htdocs\sbrafh\site\public\wysiwyg\icons\view_source.gif --> ftp.sbrafh.org.br /public_html/rbfhss_nova/public/wysiwyg/icons view_source.gif
2012.09.28 13:14 B F:\xampp\htdocs\sbrafh\site\public\wysiwyg\icons\undo_on.gif --> ftp.sbrafh.org.br /public_html/rbfhss_nova/public/wysiwyg/icons undo_on.gif
2012.09.28 13:14 B F:\xampp\htdocs\sbrafh\site\public\wysiwyg\icons\undo.gif --> ftp.sbrafh.org.br /public_html/rbfhss_nova/public/wysiwyg/icons undo.gif
2012.09.28 13:14 B F:\xampp\htdocs\sbrafh\site\public\wysiwyg\icons\underline_on.gif --> ftp.sbrafh.org.br /public_html/rbfhss_nova/public/wysiwyg/icons underline_on.gif
2012.09.28 13:14 B F:\xampp\htdocs\sbrafh\site\public\wysiwyg\icons\underline.gif --> ftp.sbrafh.org.br /public_html/rbfhss_nova/public/wysiwyg/icons underline.gif
2012.09.28 13:14 B F:\xampp\htdocs\sbrafh\site\public\wysiwyg\icons\Thumbs.db --> ftp.sbrafh.org.br /public_html/rbfhss_nova/public/wysiwyg/icons Thumbs.db
2012.09.28 13:14 B F:\xampp\htdocs\sbrafh\site\public\wysiwyg\icons\superscript_on.gif --> ftp.sbrafh.org.br /public_html/rbfhss_nova/public/wysiwyg/icons superscript_on.gif
2012.09.28 13:14 B F:\xampp\htdocs\sbrafh\site\public\wysiwyg\icons\superscript.gif --> ftp.sbrafh.org.br /public_html/rbfhss_nova/public/wysiwyg/icons superscript.gif
2012.09.28 13:14 B F:\xampp\htdocs\sbrafh\site\public\wysiwyg\icons\subscript_on.gif --> ftp.sbrafh.org.br /public_html/rbfhss_nova/public/wysiwyg/icons subscript_on.gif
2012.09.28 13:14 B F:\xampp\htdocs\sbrafh\site\public\wysiwyg\icons\subscript.gif --> ftp.sbrafh.org.br /public_html/rbfhss_nova/public/wysiwyg/icons subscript.gif
2012.09.28 13:14 B F:\xampp\htdocs\sbrafh\site\public\wysiwyg\icons\strikethrough_on.gif --> ftp.sbrafh.org.br /public_html/rbfhss_nova/public/wysiwyg/icons strikethrough_on.gif
2012.09.28 13:14 B F:\xampp\htdocs\sbrafh\site\public\wysiwyg\icons\strikethrough.gif --> ftp.sbrafh.org.br /public_html/rbfhss_nova/public/wysiwyg/icons strikethrough.gif
2012.09.28 13:14 B F:\xampp\htdocs\sbrafh\site\public\wysiwyg\icons\seperator2.gif --> ftp.sbrafh.org.br /public_html/rbfhss_nova/public/wysiwyg/icons seperator2.gif
2012.09.28 13:14 B F:\xampp\htdocs\sbrafh\site\public\wysiwyg\icons\seperator.gif --> ftp.sbrafh.org.br /public_html/rbfhss_nova/public/wysiwyg/icons seperator.gif
2012.09.28 13:14 B F:\xampp\htdocs\sbrafh\site\public\wysiwyg\icons\select_size_on.gif --> ftp.sbrafh.org.br /public_html/rbfhss_nova/public/wysiwyg/icons select_size_on.gif
2012.09.28 13:14 B F:\xampp\htdocs\sbrafh\site\public\wysiwyg\icons\select_size.gif --> ftp.sbrafh.org.br /public_html/rbfhss_nova/public/wysiwyg/icons select_size.gif
2012.09.28 13:14 B F:\xampp\htdocs\sbrafh\site\public\wysiwyg\icons\select_font_on.gif --> ftp.sbrafh.org.br /public_html/rbfhss_nova/public/wysiwyg/icons select_font_on.gif
2012.09.28 13:14 B F:\xampp\htdocs\sbrafh\site\public\wysiwyg\icons\select_font.gif --> ftp.sbrafh.org.br /public_html/rbfhss_nova/public/wysiwyg/icons select_font.gif
2012.09.28 13:14 B F:\xampp\htdocs\sbrafh\site\public\wysiwyg\icons\redo_on.gif --> ftp.sbrafh.org.br /public_html/rbfhss_nova/public/wysiwyg/icons redo_on.gif
2012.09.28 13:14 B F:\xampp\htdocs\sbrafh\site\public\wysiwyg\icons\redo.gif --> ftp.sbrafh.org.br /public_html/rbfhss_nova/public/wysiwyg/icons redo.gif
2012.09.28 13:14 B F:\xampp\htdocs\sbrafh\site\public\wysiwyg\icons\paste_on.gif --> ftp.sbrafh.org.br /public_html/rbfhss_nova/public/wysiwyg/icons paste_on.gif
2012.09.28 13:14 B F:\xampp\htdocs\sbrafh\site\public\wysiwyg\icons\paste.gif --> ftp.sbrafh.org.br /public_html/rbfhss_nova/public/wysiwyg/icons paste.gif
2012.09.28 13:14 B F:\xampp\htdocs\sbrafh\site\public\wysiwyg\icons\logo.gif --> ftp.sbrafh.org.br /public_html/rbfhss_nova/public/wysiwyg/icons logo.gif
2012.09.28 13:14 B F:\xampp\htdocs\sbrafh\site\public\wysiwyg\icons\list_unordered_on.gif --> ftp.sbrafh.org.br /public_html/rbfhss_nova/public/wysiwyg/icons list_unordered_on.gif
2012.09.28 13:14 B F:\xampp\htdocs\sbrafh\site\public\wysiwyg\icons\list_unordered.gif --> ftp.sbrafh.org.br /public_html/rbfhss_nova/public/wysiwyg/icons list_unordered.gif
2012.09.28 13:14 B F:\xampp\htdocs\sbrafh\site\public\wysiwyg\icons\list_ordered_on.gif --> ftp.sbrafh.org.br /public_html/rbfhss_nova/public/wysiwyg/icons list_ordered_on.gif
2012.09.28 13:14 B F:\xampp\htdocs\sbrafh\site\public\wysiwyg\icons\list_ordered.gif --> ftp.sbrafh.org.br /public_html/rbfhss_nova/public/wysiwyg/icons list_ordered.gif
2012.09.28 13:14 B F:\xampp\htdocs\sbrafh\site\public\wysiwyg\icons\justify_right_on.gif --> ftp.sbrafh.org.br /public_html/rbfhss_nova/public/wysiwyg/icons justify_right_on.gif
2012.09.28 13:14 B F:\xampp\htdocs\sbrafh\site\public\wysiwyg\icons\justify_right.gif --> ftp.sbrafh.org.br /public_html/rbfhss_nova/public/wysiwyg/icons justify_right.gif
2012.09.28 13:14 B F:\xampp\htdocs\sbrafh\site\public\wysiwyg\icons\justify_left_on.gif --> ftp.sbrafh.org.br /public_html/rbfhss_nova/public/wysiwyg/icons justify_left_on.gif
2012.09.28 13:14 B F:\xampp\htdocs\sbrafh\site\public\wysiwyg\icons\justify_left.gif --> ftp.sbrafh.org.br /public_html/rbfhss_nova/public/wysiwyg/icons justify_left.gif
2012.09.28 13:14 B F:\xampp\htdocs\sbrafh\site\public\wysiwyg\icons\justify_center_on.gif --> ftp.sbrafh.org.br /public_html/rbfhss_nova/public/wysiwyg/icons justify_center_on.gif
2012.09.28 13:14 B F:\xampp\htdocs\sbrafh\site\public\wysiwyg\icons\justify_center.gif --> ftp.sbrafh.org.br /public_html/rbfhss_nova/public/wysiwyg/icons justify_center.gif
2012.09.28 13:14 B F:\xampp\htdocs\sbrafh\site\public\wysiwyg\icons\italics_on.gif --> ftp.sbrafh.org.br /public_html/rbfhss_nova/public/wysiwyg/icons italics_on.gif
2012.09.28 13:14 B F:\xampp\htdocs\sbrafh\site\public\wysiwyg\icons\italics.gif --> ftp.sbrafh.org.br /public_html/rbfhss_nova/public/wysiwyg/icons italics.gif
2012.09.28 13:14 B F:\xampp\htdocs\sbrafh\site\public\wysiwyg\icons\insert_table_on.gif --> ftp.sbrafh.org.br /public_html/rbfhss_nova/public/wysiwyg/icons insert_table_on.gif
2012.09.28 13:14 B F:\xampp\htdocs\sbrafh\site\public\wysiwyg\icons\insert_table.gif --> ftp.sbrafh.org.br /public_html/rbfhss_nova/public/wysiwyg/icons insert_table.gif
2012.09.28 13:14 B F:\xampp\htdocs\sbrafh\site\public\wysiwyg\icons\insert_picture_on.gif --> ftp.sbrafh.org.br /public_html/rbfhss_nova/public/wysiwyg/icons insert_picture_on.gif
2012.09.28 13:14 B F:\xampp\htdocs\sbrafh\site\public\wysiwyg\icons\insert_picture.gif --> ftp.sbrafh.org.br /public_html/rbfhss_nova/public/wysiwyg/icons insert_picture.gif
2012.09.28 13:14 B F:\xampp\htdocs\sbrafh\site\public\wysiwyg\icons\insert_hyperlink_on.gif --> ftp.sbrafh.org.br /public_html/rbfhss_nova/public/wysiwyg/icons insert_hyperlink_on.gif
2012.09.28 13:14 B F:\xampp\htdocs\sbrafh\site\public\wysiwyg\icons\insert_hyperlink.gif --> ftp.sbrafh.org.br /public_html/rbfhss_nova/public/wysiwyg/icons insert_hyperlink.gif
2012.09.28 13:14 B F:\xampp\htdocs\sbrafh\site\public\wysiwyg\icons\indent_right_on.gif --> ftp.sbrafh.org.br /public_html/rbfhss_nova/public/wysiwyg/icons indent_right_on.gif
2012.09.28 13:14 B F:\xampp\htdocs\sbrafh\site\public\wysiwyg\icons\indent_right.gif --> ftp.sbrafh.org.br /public_html/rbfhss_nova/public/wysiwyg/icons indent_right.gif
2012.09.28 13:14 B F:\xampp\htdocs\sbrafh\site\public\wysiwyg\icons\indent_left_on.gif --> ftp.sbrafh.org.br /public_html/rbfhss_nova/public/wysiwyg/icons indent_left_on.gif
2012.09.28 13:14 B F:\xampp\htdocs\sbrafh\site\public\wysiwyg\icons\indent_left.gif --> ftp.sbrafh.org.br /public_html/rbfhss_nova/public/wysiwyg/icons indent_left.gif
2012.09.28 13:14 B F:\xampp\htdocs\sbrafh\site\public\wysiwyg\icons\help_on.gif --> ftp.sbrafh.org.br /public_html/rbfhss_nova/public/wysiwyg/icons help_on.gif
2012.09.28 13:14 B F:\xampp\htdocs\sbrafh\site\public\wysiwyg\icons\help.gif --> ftp.sbrafh.org.br /public_html/rbfhss_nova/public/wysiwyg/icons help.gif
2012.09.28 13:14 B F:\xampp\htdocs\sbrafh\site\public\wysiwyg\icons\forecolor_on.gif --> ftp.sbrafh.org.br /public_html/rbfhss_nova/public/wysiwyg/icons forecolor_on.gif
2012.09.28 13:14 B F:\xampp\htdocs\sbrafh\site\public\wysiwyg\icons\forecolor.gif --> ftp.sbrafh.org.br /public_html/rbfhss_nova/public/wysiwyg/icons forecolor.gif
2012.09.28 13:14 B F:\xampp\htdocs\sbrafh\site\public\wysiwyg\icons\cut_on.gif --> ftp.sbrafh.org.br /public_html/rbfhss_nova/public/wysiwyg/icons cut_on.gif
2012.09.28 13:14 B F:\xampp\htdocs\sbrafh\site\public\wysiwyg\icons\cut.gif --> ftp.sbrafh.org.br /public_html/rbfhss_nova/public/wysiwyg/icons cut.gif
2012.09.28 13:14 B F:\xampp\htdocs\sbrafh\site\public\wysiwyg\icons\copy_on.gif --> ftp.sbrafh.org.br /public_html/rbfhss_nova/public/wysiwyg/icons copy_on.gif
2012.09.28 13:14 B F:\xampp\htdocs\sbrafh\site\public\wysiwyg\icons\copy.gif --> ftp.sbrafh.org.br /public_html/rbfhss_nova/public/wysiwyg/icons copy.gif
2012.09.28 13:14 B F:\xampp\htdocs\sbrafh\site\public\wysiwyg\icons\bold_on.gif --> ftp.sbrafh.org.br /public_html/rbfhss_nova/public/wysiwyg/icons bold_on.gif
2012.09.28 13:14 B F:\xampp\htdocs\sbrafh\site\public\wysiwyg\icons\bold.gif --> ftp.sbrafh.org.br /public_html/rbfhss_nova/public/wysiwyg/icons bold.gif
2012.09.28 13:14 B F:\xampp\htdocs\sbrafh\site\public\wysiwyg\icons\background_silver.jpg --> ftp.sbrafh.org.br /public_html/rbfhss_nova/public/wysiwyg/icons background_silver.jpg
2012.09.28 13:14 B F:\xampp\htdocs\sbrafh\site\public\wysiwyg\icons\backcolor_on.gif --> ftp.sbrafh.org.br /public_html/rbfhss_nova/public/wysiwyg/icons backcolor_on.gif
2012.09.28 13:14 B F:\xampp\htdocs\sbrafh\site\public\wysiwyg\icons\backcolor.gif --> ftp.sbrafh.org.br /public_html/rbfhss_nova/public/wysiwyg/icons backcolor.gif
2013.01.03 14:09 B F:\xampp\htdocs\amfar\site\public\wysiwyg\icons\backcolor.gif --> ftp.amfar.com.br /public_html/site/public/wysiwyg/icons backcolor.gif
2013.01.03 14:09 B F:\xampp\htdocs\amfar\site\public\wysiwyg\icons\backcolor_on.gif --> ftp.amfar.com.br /public_html/site/public/wysiwyg/icons backcolor_on.gif
2013.01.03 14:09 B F:\xampp\htdocs\amfar\site\public\wysiwyg\icons\background_silver.jpg --> ftp.amfar.com.br /public_html/site/public/wysiwyg/icons background_silver.jpg
2013.01.03 14:09 B F:\xampp\htdocs\amfar\site\public\wysiwyg\icons\bold.gif --> ftp.amfar.com.br /public_html/site/public/wysiwyg/icons bold.gif
2013.01.03 14:09 B F:\xampp\htdocs\amfar\site\public\wysiwyg\icons\bold_on.gif --> ftp.amfar.com.br /public_html/site/public/wysiwyg/icons bold_on.gif
2013.01.03 14:09 B F:\xampp\htdocs\amfar\site\public\wysiwyg\icons\copy.gif --> ftp.amfar.com.br /public_html/site/public/wysiwyg/icons copy.gif
2013.01.03 14:09 B F:\xampp\htdocs\amfar\site\public\wysiwyg\icons\copy_on.gif --> ftp.amfar.com.br /public_html/site/public/wysiwyg/icons copy_on.gif
2013.01.03 14:09 B F:\xampp\htdocs\amfar\site\public\wysiwyg\icons\cut.gif --> ftp.amfar.com.br /public_html/site/public/wysiwyg/icons cut.gif
2013.01.03 14:09 B F:\xampp\htdocs\amfar\site\public\wysiwyg\icons\cut_on.gif --> ftp.amfar.com.br /public_html/site/public/wysiwyg/icons cut_on.gif
2013.01.03 14:09 B F:\xampp\htdocs\amfar\site\public\wysiwyg\icons\forecolor.gif --> ftp.amfar.com.br /public_html/site/public/wysiwyg/icons forecolor.gif
2013.01.03 14:09 B F:\xampp\htdocs\amfar\site\public\wysiwyg\icons\forecolor_on.gif --> ftp.amfar.com.br /public_html/site/public/wysiwyg/icons forecolor_on.gif
2013.01.03 14:09 B F:\xampp\htdocs\amfar\site\public\wysiwyg\icons\help.gif --> ftp.amfar.com.br /public_html/site/public/wysiwyg/icons help.gif
2013.01.03 14:09 B F:\xampp\htdocs\amfar\site\public\wysiwyg\icons\help_on.gif --> ftp.amfar.com.br /public_html/site/public/wysiwyg/icons help_on.gif
2013.01.03 14:09 B F:\xampp\htdocs\amfar\site\public\wysiwyg\icons\indent_left.gif --> ftp.amfar.com.br /public_html/site/public/wysiwyg/icons indent_left.gif
2013.01.03 14:09 B F:\xampp\htdocs\amfar\site\public\wysiwyg\icons\indent_left_on.gif --> ftp.amfar.com.br /public_html/site/public/wysiwyg/icons indent_left_on.gif
2013.01.03 14:09 B F:\xampp\htdocs\amfar\site\public\wysiwyg\icons\indent_right.gif --> ftp.amfar.com.br /public_html/site/public/wysiwyg/icons indent_right.gif
2013.01.03 14:09 B F:\xampp\htdocs\amfar\site\public\wysiwyg\icons\indent_right_on.gif --> ftp.amfar.com.br /public_html/site/public/wysiwyg/icons indent_right_on.gif
2013.01.03 14:09 B F:\xampp\htdocs\amfar\site\public\wysiwyg\icons\insert_hyperlink.gif --> ftp.amfar.com.br /public_html/site/public/wysiwyg/icons insert_hyperlink.gif
2013.01.03 14:09 B F:\xampp\htdocs\amfar\site\public\wysiwyg\icons\insert_hyperlink_on.gif --> ftp.amfar.com.br /public_html/site/public/wysiwyg/icons insert_hyperlink_on.gif
2013.01.03 14:09 B F:\xampp\htdocs\amfar\site\public\wysiwyg\icons\insert_picture.gif --> ftp.amfar.com.br /public_html/site/public/wysiwyg/icons insert_picture.gif
2013.01.03 14:09 B F:\xampp\htdocs\amfar\site\public\wysiwyg\icons\insert_picture_on.gif --> ftp.amfar.com.br /public_html/site/public/wysiwyg/icons insert_picture_on.gif
2013.01.03 14:09 B F:\xampp\htdocs\amfar\site\public\wysiwyg\icons\insert_table.gif --> ftp.amfar.com.br /public_html/site/public/wysiwyg/icons insert_table.gif
2013.01.03 14:09 B F:\xampp\htdocs\amfar\site\public\wysiwyg\icons\insert_table_on.gif --> ftp.amfar.com.br /public_html/site/public/wysiwyg/icons insert_table_on.gif
2013.01.03 14:09 B F:\xampp\htdocs\amfar\site\public\wysiwyg\icons\italics.gif --> ftp.amfar.com.br /public_html/site/public/wysiwyg/icons italics.gif
2013.01.03 14:09 B F:\xampp\htdocs\amfar\site\public\wysiwyg\icons\italics_on.gif --> ftp.amfar.com.br /public_html/site/public/wysiwyg/icons italics_on.gif
2013.01.03 14:09 B F:\xampp\htdocs\amfar\site\public\wysiwyg\icons\justify_center.gif --> ftp.amfar.com.br /public_html/site/public/wysiwyg/icons justify_center.gif
2013.01.03 14:09 B F:\xampp\htdocs\amfar\site\public\wysiwyg\icons\justify_center_on.gif --> ftp.amfar.com.br /public_html/site/public/wysiwyg/icons justify_center_on.gif
2013.01.03 14:09 B F:\xampp\htdocs\amfar\site\public\wysiwyg\icons\justify_left.gif --> ftp.amfar.com.br /public_html/site/public/wysiwyg/icons justify_left.gif
2013.01.03 14:09 B F:\xampp\htdocs\amfar\site\public\wysiwyg\icons\justify_left_on.gif --> ftp.amfar.com.br /public_html/site/public/wysiwyg/icons justify_left_on.gif
2013.01.03 14:09 B F:\xampp\htdocs\amfar\site\public\wysiwyg\icons\justify_right.gif --> ftp.amfar.com.br /public_html/site/public/wysiwyg/icons justify_right.gif
2013.01.03 14:09 B F:\xampp\htdocs\amfar\site\public\wysiwyg\icons\justify_right_on.gif --> ftp.amfar.com.br /public_html/site/public/wysiwyg/icons justify_right_on.gif
2013.01.03 14:09 B F:\xampp\htdocs\amfar\site\public\wysiwyg\icons\list_ordered.gif --> ftp.amfar.com.br /public_html/site/public/wysiwyg/icons list_ordered.gif
2013.01.03 14:09 B F:\xampp\htdocs\amfar\site\public\wysiwyg\icons\list_ordered_on.gif --> ftp.amfar.com.br /public_html/site/public/wysiwyg/icons list_ordered_on.gif
2013.01.03 14:09 B F:\xampp\htdocs\amfar\site\public\wysiwyg\icons\list_unordered.gif --> ftp.amfar.com.br /public_html/site/public/wysiwyg/icons list_unordered.gif
2013.01.03 14:09 B F:\xampp\htdocs\amfar\site\public\wysiwyg\icons\list_unordered_on.gif --> ftp.amfar.com.br /public_html/site/public/wysiwyg/icons list_unordered_on.gif
2013.01.03 14:09 B F:\xampp\htdocs\amfar\site\public\wysiwyg\icons\logo.gif --> ftp.amfar.com.br /public_html/site/public/wysiwyg/icons logo.gif
2013.01.03 14:09 B F:\xampp\htdocs\amfar\site\public\wysiwyg\icons\paste.gif --> ftp.amfar.com.br /public_html/site/public/wysiwyg/icons paste.gif
2013.01.03 14:09 B F:\xampp\htdocs\amfar\site\public\wysiwyg\icons\paste_on.gif --> ftp.amfar.com.br /public_html/site/public/wysiwyg/icons paste_on.gif
2013.01.03 14:09 B F:\xampp\htdocs\amfar\site\public\wysiwyg\icons\redo.gif --> ftp.amfar.com.br /public_html/site/public/wysiwyg/icons redo.gif
2013.01.03 14:09 B F:\xampp\htdocs\amfar\site\public\wysiwyg\icons\redo_on.gif --> ftp.amfar.com.br /public_html/site/public/wysiwyg/icons redo_on.gif
2013.01.03 14:09 B F:\xampp\htdocs\amfar\site\public\wysiwyg\icons\select_font.gif --> ftp.amfar.com.br /public_html/site/public/wysiwyg/icons select_font.gif
2013.01.03 14:09 B F:\xampp\htdocs\amfar\site\public\wysiwyg\icons\select_font_on.gif --> ftp.amfar.com.br /public_html/site/public/wysiwyg/icons select_font_on.gif
2013.01.03 14:09 B F:\xampp\htdocs\amfar\site\public\wysiwyg\icons\select_size.gif --> ftp.amfar.com.br /public_html/site/public/wysiwyg/icons select_size.gif
2013.01.03 14:09 B F:\xampp\htdocs\amfar\site\public\wysiwyg\icons\select_size_on.gif --> ftp.amfar.com.br /public_html/site/public/wysiwyg/icons select_size_on.gif
2013.01.03 14:09 B F:\xampp\htdocs\amfar\site\public\wysiwyg\icons\seperator.gif --> ftp.amfar.com.br /public_html/site/public/wysiwyg/icons seperator.gif
2013.01.03 14:09 B F:\xampp\htdocs\amfar\site\public\wysiwyg\icons\seperator2.gif --> ftp.amfar.com.br /public_html/site/public/wysiwyg/icons seperator2.gif
2013.01.03 14:09 B F:\xampp\htdocs\amfar\site\public\wysiwyg\icons\strikethrough.gif --> ftp.amfar.com.br /public_html/site/public/wysiwyg/icons strikethrough.gif
2013.01.03 14:09 B F:\xampp\htdocs\amfar\site\public\wysiwyg\icons\strikethrough_on.gif --> ftp.amfar.com.br /public_html/site/public/wysiwyg/icons strikethrough_on.gif
2013.01.03 14:09 B F:\xampp\htdocs\amfar\site\public\wysiwyg\icons\subscript.gif --> ftp.amfar.com.br /public_html/site/public/wysiwyg/icons subscript.gif
2013.01.03 14:09 B F:\xampp\htdocs\amfar\site\public\wysiwyg\icons\subscript_on.gif --> ftp.amfar.com.br /public_html/site/public/wysiwyg/icons subscript_on.gif
2013.01.03 14:09 B F:\xampp\htdocs\amfar\site\public\wysiwyg\icons\superscript.gif --> ftp.amfar.com.br /public_html/site/public/wysiwyg/icons superscript.gif
2013.01.03 14:09 B F:\xampp\htdocs\amfar\site\public\wysiwyg\icons\superscript_on.gif --> ftp.amfar.com.br /public_html/site/public/wysiwyg/icons superscript_on.gif
2013.01.03 14:09 B F:\xampp\htdocs\amfar\site\public\wysiwyg\icons\Thumbs.db --> ftp.amfar.com.br /public_html/site/public/wysiwyg/icons Thumbs.db
2013.01.03 14:09 B F:\xampp\htdocs\amfar\site\public\wysiwyg\icons\underline.gif --> ftp.amfar.com.br /public_html/site/public/wysiwyg/icons underline.gif
2013.01.03 14:09 B F:\xampp\htdocs\amfar\site\public\wysiwyg\icons\underline_on.gif --> ftp.amfar.com.br /public_html/site/public/wysiwyg/icons underline_on.gif
2013.01.03 14:09 B F:\xampp\htdocs\amfar\site\public\wysiwyg\icons\undo.gif --> ftp.amfar.com.br /public_html/site/public/wysiwyg/icons undo.gif
2013.01.03 14:09 B F:\xampp\htdocs\amfar\site\public\wysiwyg\icons\undo_on.gif --> ftp.amfar.com.br /public_html/site/public/wysiwyg/icons undo_on.gif
2013.01.03 14:09 B F:\xampp\htdocs\amfar\site\public\wysiwyg\icons\view_source.gif --> ftp.amfar.com.br /public_html/site/public/wysiwyg/icons view_source.gif
2013.01.03 14:09 B F:\xampp\htdocs\amfar\site\public\wysiwyg\icons\view_source_on.gif --> ftp.amfar.com.br /public_html/site/public/wysiwyg/icons view_source_on.gif
2013.01.03 14:09 B F:\xampp\htdocs\amfar\site\public\wysiwyg\icons\view_text.gif --> ftp.amfar.com.br /public_html/site/public/wysiwyg/icons view_text.gif
2013.01.03 14:09 B F:\xampp\htdocs\amfar\site\public\wysiwyg\icons\view_text_on.gif --> ftp.amfar.com.br /public_html/site/public/wysiwyg/icons view_text_on.gif
2013.01.03 14:09 B F:\xampp\htdocs\amfar\site\public\wysiwyg\icons\WS_FTP.LOG --> ftp.amfar.com.br /public_html/site/public/wysiwyg/icons WS_FTP.LOG
