2011.06.20 18:56 B F:\xampp\htdocs\zf-tutorial\library\Zend\Tool\Project\Context\Zf\AbstractClassFile.php --> ftp.portalridgid.com.br /public_html/zf-tutorial/library/Zend/Tool/Project/Context/Zf AbstractClassFile.php
2011.06.20 18:56 B F:\xampp\htdocs\zf-tutorial\library\Zend\Tool\Project\Context\Zf\ActionMethod.php --> ftp.portalridgid.com.br /public_html/zf-tutorial/library/Zend/Tool/Project/Context/Zf ActionMethod.php
2011.06.20 18:56 B F:\xampp\htdocs\zf-tutorial\library\Zend\Tool\Project\Context\Zf\ApisDirectory.php --> ftp.portalridgid.com.br /public_html/zf-tutorial/library/Zend/Tool/Project/Context/Zf ApisDirectory.php
2011.06.20 18:56 B F:\xampp\htdocs\zf-tutorial\library\Zend\Tool\Project\Context\Zf\ApplicationConfigFile.php --> ftp.portalridgid.com.br /public_html/zf-tutorial/library/Zend/Tool/Project/Context/Zf ApplicationConfigFile.php
2011.06.20 18:56 B F:\xampp\htdocs\zf-tutorial\library\Zend\Tool\Project\Context\Zf\ApplicationDirectory.php --> ftp.portalridgid.com.br /public_html/zf-tutorial/library/Zend/Tool/Project/Context/Zf ApplicationDirectory.php
2011.06.20 18:56 B F:\xampp\htdocs\zf-tutorial\library\Zend\Tool\Project\Context\Zf\BootstrapFile.php --> ftp.portalridgid.com.br /public_html/zf-tutorial/library/Zend/Tool/Project/Context/Zf BootstrapFile.php
2011.06.20 18:56 B F:\xampp\htdocs\zf-tutorial\library\Zend\Tool\Project\Context\Zf\CacheDirectory.php --> ftp.portalridgid.com.br /public_html/zf-tutorial/library/Zend/Tool/Project/Context/Zf CacheDirectory.php
2011.06.20 18:56 B F:\xampp\htdocs\zf-tutorial\library\Zend\Tool\Project\Context\Zf\ConfigFile.php --> ftp.portalridgid.com.br /public_html/zf-tutorial/library/Zend/Tool/Project/Context/Zf ConfigFile.php
2011.06.20 18:56 B F:\xampp\htdocs\zf-tutorial\library\Zend\Tool\Project\Context\Zf\ConfigsDirectory.php --> ftp.portalridgid.com.br /public_html/zf-tutorial/library/Zend/Tool/Project/Context/Zf ConfigsDirectory.php
2011.06.20 18:56 B F:\xampp\htdocs\zf-tutorial\library\Zend\Tool\Project\Context\Zf\ControllerFile.php --> ftp.portalridgid.com.br /public_html/zf-tutorial/library/Zend/Tool/Project/Context/Zf ControllerFile.php
2011.06.20 18:56 B F:\xampp\htdocs\zf-tutorial\library\Zend\Tool\Project\Context\Zf\ControllersDirectory.php --> ftp.portalridgid.com.br /public_html/zf-tutorial/library/Zend/Tool/Project/Context/Zf ControllersDirectory.php
2011.06.20 18:56 B F:\xampp\htdocs\zf-tutorial\library\Zend\Tool\Project\Context\Zf\DataDirectory.php --> ftp.portalridgid.com.br /public_html/zf-tutorial/library/Zend/Tool/Project/Context/Zf DataDirectory.php
2011.06.20 18:56 B F:\xampp\htdocs\zf-tutorial\library\Zend\Tool\Project\Context\Zf\DbTableDirectory.php --> ftp.portalridgid.com.br /public_html/zf-tutorial/library/Zend/Tool/Project/Context/Zf DbTableDirectory.php
2011.06.20 18:56 B F:\xampp\htdocs\zf-tutorial\library\Zend\Tool\Project\Context\Zf\DbTableFile.php --> ftp.portalridgid.com.br /public_html/zf-tutorial/library/Zend/Tool/Project/Context/Zf DbTableFile.php
2011.06.20 18:56 B F:\xampp\htdocs\zf-tutorial\library\Zend\Tool\Project\Context\Zf\DocsDirectory.php --> ftp.portalridgid.com.br /public_html/zf-tutorial/library/Zend/Tool/Project/Context/Zf DocsDirectory.php
2011.06.20 18:56 B F:\xampp\htdocs\zf-tutorial\library\Zend\Tool\Project\Context\Zf\FormFile.php --> ftp.portalridgid.com.br /public_html/zf-tutorial/library/Zend/Tool/Project/Context/Zf FormFile.php
2011.06.20 18:56 B F:\xampp\htdocs\zf-tutorial\library\Zend\Tool\Project\Context\Zf\FormsDirectory.php --> ftp.portalridgid.com.br /public_html/zf-tutorial/library/Zend/Tool/Project/Context/Zf FormsDirectory.php
2011.06.20 18:56 B F:\xampp\htdocs\zf-tutorial\library\Zend\Tool\Project\Context\Zf\HtaccessFile.php --> ftp.portalridgid.com.br /public_html/zf-tutorial/library/Zend/Tool/Project/Context/Zf HtaccessFile.php
2011.06.20 18:56 B F:\xampp\htdocs\zf-tutorial\library\Zend\Tool\Project\Context\Zf\LayoutScriptFile.php --> ftp.portalridgid.com.br /public_html/zf-tutorial/library/Zend/Tool/Project/Context/Zf LayoutScriptFile.php
2011.06.20 18:56 B F:\xampp\htdocs\zf-tutorial\library\Zend\Tool\Project\Context\Zf\LayoutScriptsDirectory.php --> ftp.portalridgid.com.br /public_html/zf-tutorial/library/Zend/Tool/Project/Context/Zf LayoutScriptsDirectory.php
2011.06.20 18:56 B F:\xampp\htdocs\zf-tutorial\library\Zend\Tool\Project\Context\Zf\LayoutsDirectory.php --> ftp.portalridgid.com.br /public_html/zf-tutorial/library/Zend/Tool/Project/Context/Zf LayoutsDirectory.php
2011.06.20 18:56 B F:\xampp\htdocs\zf-tutorial\library\Zend\Tool\Project\Context\Zf\LibraryDirectory.php --> ftp.portalridgid.com.br /public_html/zf-tutorial/library/Zend/Tool/Project/Context/Zf LibraryDirectory.php
2011.06.20 18:56 B F:\xampp\htdocs\zf-tutorial\library\Zend\Tool\Project\Context\Zf\LocalesDirectory.php --> ftp.portalridgid.com.br /public_html/zf-tutorial/library/Zend/Tool/Project/Context/Zf LocalesDirectory.php
2011.06.20 18:56 B F:\xampp\htdocs\zf-tutorial\library\Zend\Tool\Project\Context\Zf\LogsDirectory.php --> ftp.portalridgid.com.br /public_html/zf-tutorial/library/Zend/Tool/Project/Context/Zf LogsDirectory.php
2011.06.20 18:56 B F:\xampp\htdocs\zf-tutorial\library\Zend\Tool\Project\Context\Zf\ModelFile.php --> ftp.portalridgid.com.br /public_html/zf-tutorial/library/Zend/Tool/Project/Context/Zf ModelFile.php
2011.06.20 18:56 B F:\xampp\htdocs\zf-tutorial\library\Zend\Tool\Project\Context\Zf\ModelsDirectory.php --> ftp.portalridgid.com.br /public_html/zf-tutorial/library/Zend/Tool/Project/Context/Zf ModelsDirectory.php
2011.06.20 18:56 B F:\xampp\htdocs\zf-tutorial\library\Zend\Tool\Project\Context\Zf\ModuleDirectory.php --> ftp.portalridgid.com.br /public_html/zf-tutorial/library/Zend/Tool/Project/Context/Zf ModuleDirectory.php
2011.06.20 18:56 B F:\xampp\htdocs\zf-tutorial\library\Zend\Tool\Project\Context\Zf\ModulesDirectory.php --> ftp.portalridgid.com.br /public_html/zf-tutorial/library/Zend/Tool/Project/Context/Zf ModulesDirectory.php
2011.06.20 18:56 B F:\xampp\htdocs\zf-tutorial\library\Zend\Tool\Project\Context\Zf\ProjectProviderFile.php --> ftp.portalridgid.com.br /public_html/zf-tutorial/library/Zend/Tool/Project/Context/Zf ProjectProviderFile.php
2011.06.20 18:56 B F:\xampp\htdocs\zf-tutorial\library\Zend\Tool\Project\Context\Zf\PublicDirectory.php --> ftp.portalridgid.com.br /public_html/zf-tutorial/library/Zend/Tool/Project/Context/Zf PublicDirectory.php
2011.06.20 18:56 B F:\xampp\htdocs\zf-tutorial\library\Zend\Tool\Project\Context\Zf\PublicImagesDirectory.php --> ftp.portalridgid.com.br /public_html/zf-tutorial/library/Zend/Tool/Project/Context/Zf PublicImagesDirectory.php
2011.06.20 18:56 B F:\xampp\htdocs\zf-tutorial\library\Zend\Tool\Project\Context\Zf\PublicIndexFile.php --> ftp.portalridgid.com.br /public_html/zf-tutorial/library/Zend/Tool/Project/Context/Zf PublicIndexFile.php
2011.06.20 18:56 B F:\xampp\htdocs\zf-tutorial\library\Zend\Tool\Project\Context\Zf\PublicScriptsDirectory.php --> ftp.portalridgid.com.br /public_html/zf-tutorial/library/Zend/Tool/Project/Context/Zf PublicScriptsDirectory.php
2011.06.20 18:56 B F:\xampp\htdocs\zf-tutorial\library\Zend\Tool\Project\Context\Zf\PublicStylesheetsDirectory.php --> ftp.portalridgid.com.br /public_html/zf-tutorial/library/Zend/Tool/Project/Context/Zf PublicStylesheetsDirectory.php
2011.06.20 18:56 B F:\xampp\htdocs\zf-tutorial\library\Zend\Tool\Project\Context\Zf\SearchIndexesDirectory.php --> ftp.portalridgid.com.br /public_html/zf-tutorial/library/Zend/Tool/Project/Context/Zf SearchIndexesDirectory.php
2011.06.20 18:56 B F:\xampp\htdocs\zf-tutorial\library\Zend\Tool\Project\Context\Zf\SessionsDirectory.php --> ftp.portalridgid.com.br /public_html/zf-tutorial/library/Zend/Tool/Project/Context/Zf SessionsDirectory.php
2011.06.20 18:56 B F:\xampp\htdocs\zf-tutorial\library\Zend\Tool\Project\Context\Zf\TemporaryDirectory.php --> ftp.portalridgid.com.br /public_html/zf-tutorial/library/Zend/Tool/Project/Context/Zf TemporaryDirectory.php
2011.06.20 18:56 B F:\xampp\htdocs\zf-tutorial\library\Zend\Tool\Project\Context\Zf\TestApplicationActionMethod.php --> ftp.portalridgid.com.br /public_html/zf-tutorial/library/Zend/Tool/Project/Context/Zf TestApplicationActionMethod.php
2011.06.20 18:56 B F:\xampp\htdocs\zf-tutorial\library\Zend\Tool\Project\Context\Zf\TestApplicationBootstrapFile.php --> ftp.portalridgid.com.br /public_html/zf-tutorial/library/Zend/Tool/Project/Context/Zf TestApplicationBootstrapFile.php
2011.06.20 18:56 B F:\xampp\htdocs\zf-tutorial\library\Zend\Tool\Project\Context\Zf\TestApplicationControllerDirectory.php --> ftp.portalridgid.com.br /public_html/zf-tutorial/library/Zend/Tool/Project/Context/Zf TestApplicationControllerDirectory.php
2011.06.20 18:56 B F:\xampp\htdocs\zf-tutorial\library\Zend\Tool\Project\Context\Zf\TestApplicationControllerFile.php --> ftp.portalridgid.com.br /public_html/zf-tutorial/library/Zend/Tool/Project/Context/Zf TestApplicationControllerFile.php
2011.06.20 18:56 B F:\xampp\htdocs\zf-tutorial\library\Zend\Tool\Project\Context\Zf\TestApplicationDirectory.php --> ftp.portalridgid.com.br /public_html/zf-tutorial/library/Zend/Tool/Project/Context/Zf TestApplicationDirectory.php
2011.06.20 18:56 B F:\xampp\htdocs\zf-tutorial\library\Zend\Tool\Project\Context\Zf\TestApplicationModuleDirectory.php --> ftp.portalridgid.com.br /public_html/zf-tutorial/library/Zend/Tool/Project/Context/Zf TestApplicationModuleDirectory.php
2011.06.20 18:56 B F:\xampp\htdocs\zf-tutorial\library\Zend\Tool\Project\Context\Zf\TestApplicationModulesDirectory.php --> ftp.portalridgid.com.br /public_html/zf-tutorial/library/Zend/Tool/Project/Context/Zf TestApplicationModulesDirectory.php
2011.06.20 18:56 B F:\xampp\htdocs\zf-tutorial\library\Zend\Tool\Project\Context\Zf\TestLibraryBootstrapFile.php --> ftp.portalridgid.com.br /public_html/zf-tutorial/library/Zend/Tool/Project/Context/Zf TestLibraryBootstrapFile.php
2011.06.20 18:56 B F:\xampp\htdocs\zf-tutorial\library\Zend\Tool\Project\Context\Zf\TestLibraryDirectory.php --> ftp.portalridgid.com.br /public_html/zf-tutorial/library/Zend/Tool/Project/Context/Zf TestLibraryDirectory.php
2011.06.20 18:56 B F:\xampp\htdocs\zf-tutorial\library\Zend\Tool\Project\Context\Zf\TestLibraryFile.php --> ftp.portalridgid.com.br /public_html/zf-tutorial/library/Zend/Tool/Project/Context/Zf TestLibraryFile.php
2011.06.20 18:56 B F:\xampp\htdocs\zf-tutorial\library\Zend\Tool\Project\Context\Zf\TestLibraryNamespaceDirectory.php --> ftp.portalridgid.com.br /public_html/zf-tutorial/library/Zend/Tool/Project/Context/Zf TestLibraryNamespaceDirectory.php
2011.06.20 18:56 B F:\xampp\htdocs\zf-tutorial\library\Zend\Tool\Project\Context\Zf\TestPHPUnitBootstrapFile.php --> ftp.portalridgid.com.br /public_html/zf-tutorial/library/Zend/Tool/Project/Context/Zf TestPHPUnitBootstrapFile.php
2011.06.20 18:56 B F:\xampp\htdocs\zf-tutorial\library\Zend\Tool\Project\Context\Zf\TestPHPUnitConfigFile.php --> ftp.portalridgid.com.br /public_html/zf-tutorial/library/Zend/Tool/Project/Context/Zf TestPHPUnitConfigFile.php
2011.06.20 18:56 B F:\xampp\htdocs\zf-tutorial\library\Zend\Tool\Project\Context\Zf\TestsDirectory.php --> ftp.portalridgid.com.br /public_html/zf-tutorial/library/Zend/Tool/Project/Context/Zf TestsDirectory.php
2011.06.20 18:56 B F:\xampp\htdocs\zf-tutorial\library\Zend\Tool\Project\Context\Zf\UploadsDirectory.php --> ftp.portalridgid.com.br /public_html/zf-tutorial/library/Zend/Tool/Project/Context/Zf UploadsDirectory.php
2011.06.20 18:56 B F:\xampp\htdocs\zf-tutorial\library\Zend\Tool\Project\Context\Zf\ViewControllerScriptsDirectory.php --> ftp.portalridgid.com.br /public_html/zf-tutorial/library/Zend/Tool/Project/Context/Zf ViewControllerScriptsDirectory.php
2011.06.20 18:56 B F:\xampp\htdocs\zf-tutorial\library\Zend\Tool\Project\Context\Zf\ViewFiltersDirectory.php --> ftp.portalridgid.com.br /public_html/zf-tutorial/library/Zend/Tool/Project/Context/Zf ViewFiltersDirectory.php
2011.06.20 18:56 B F:\xampp\htdocs\zf-tutorial\library\Zend\Tool\Project\Context\Zf\ViewHelpersDirectory.php --> ftp.portalridgid.com.br /public_html/zf-tutorial/library/Zend/Tool/Project/Context/Zf ViewHelpersDirectory.php
2011.06.20 18:56 B F:\xampp\htdocs\zf-tutorial\library\Zend\Tool\Project\Context\Zf\ViewScriptFile.php --> ftp.portalridgid.com.br /public_html/zf-tutorial/library/Zend/Tool/Project/Context/Zf ViewScriptFile.php
2011.06.20 18:56 B F:\xampp\htdocs\zf-tutorial\library\Zend\Tool\Project\Context\Zf\ViewScriptsDirectory.php --> ftp.portalridgid.com.br /public_html/zf-tutorial/library/Zend/Tool/Project/Context/Zf ViewScriptsDirectory.php
2011.06.20 18:56 B F:\xampp\htdocs\zf-tutorial\library\Zend\Tool\Project\Context\Zf\ViewsDirectory.php --> ftp.portalridgid.com.br /public_html/zf-tutorial/library/Zend/Tool/Project/Context/Zf ViewsDirectory.php
2011.06.20 18:56 B F:\xampp\htdocs\zf-tutorial\library\Zend\Tool\Project\Context\Zf\ZfStandardLibraryDirectory.php --> ftp.portalridgid.com.br /public_html/zf-tutorial/library/Zend/Tool/Project/Context/Zf ZfStandardLibraryDirectory.php
2011.06.30 03:47 B F:\xampp\htdocs\zendLibrary\Zend\Tool\Project\Context\Zf\WS_FTP.LOG --> ftp.sbrafh.org.br /sbrafh/Web/zendLibrary/Zend/Tool/Project/Context/Zf WS_FTP.LOG
2011.06.30 03:47 B F:\xampp\htdocs\zendLibrary\Zend\Tool\Project\Context\Zf\TestApplicationActionMethod.php --> ftp.sbrafh.org.br /sbrafh/Web/zendLibrary/Zend/Tool/Project/Context/Zf TestApplicationActionMethod.php
2011.06.30 03:47 B F:\xampp\htdocs\zendLibrary\Zend\Tool\Project\Context\Zf\ViewScriptFile.php --> ftp.sbrafh.org.br /sbrafh/Web/zendLibrary/Zend/Tool/Project/Context/Zf ViewScriptFile.php
2011.06.30 03:47 B F:\xampp\htdocs\zendLibrary\Zend\Tool\Project\Context\Zf\ZfStandardLibraryDirectory.php --> ftp.sbrafh.org.br /sbrafh/Web/zendLibrary/Zend/Tool/Project/Context/Zf ZfStandardLibraryDirectory.php
2011.06.30 03:47 B F:\xampp\htdocs\zendLibrary\Zend\Tool\Project\Context\Zf\ViewsDirectory.php --> ftp.sbrafh.org.br /sbrafh/Web/zendLibrary/Zend/Tool/Project/Context/Zf ViewsDirectory.php
2011.06.30 03:47 B F:\xampp\htdocs\zendLibrary\Zend\Tool\Project\Context\Zf\ViewScriptsDirectory.php --> ftp.sbrafh.org.br /sbrafh/Web/zendLibrary/Zend/Tool/Project/Context/Zf ViewScriptsDirectory.php
2011.06.30 03:47 B F:\xampp\htdocs\zendLibrary\Zend\Tool\Project\Context\Zf\ViewHelpersDirectory.php --> ftp.sbrafh.org.br /sbrafh/Web/zendLibrary/Zend/Tool/Project/Context/Zf ViewHelpersDirectory.php
2011.06.30 03:47 B F:\xampp\htdocs\zendLibrary\Zend\Tool\Project\Context\Zf\ViewFiltersDirectory.php --> ftp.sbrafh.org.br /sbrafh/Web/zendLibrary/Zend/Tool/Project/Context/Zf ViewFiltersDirectory.php
2011.06.30 03:47 B F:\xampp\htdocs\zendLibrary\Zend\Tool\Project\Context\Zf\ViewControllerScriptsDirectory.php --> ftp.sbrafh.org.br /sbrafh/Web/zendLibrary/Zend/Tool/Project/Context/Zf ViewControllerScriptsDirectory.php
2011.06.30 03:47 B F:\xampp\htdocs\zendLibrary\Zend\Tool\Project\Context\Zf\UploadsDirectory.php --> ftp.sbrafh.org.br /sbrafh/Web/zendLibrary/Zend/Tool/Project/Context/Zf UploadsDirectory.php
2011.06.30 03:47 B F:\xampp\htdocs\zendLibrary\Zend\Tool\Project\Context\Zf\TestsDirectory.php --> ftp.sbrafh.org.br /sbrafh/Web/zendLibrary/Zend/Tool/Project/Context/Zf TestsDirectory.php
2011.06.30 03:47 B F:\xampp\htdocs\zendLibrary\Zend\Tool\Project\Context\Zf\TestPHPUnitConfigFile.php --> ftp.sbrafh.org.br /sbrafh/Web/zendLibrary/Zend/Tool/Project/Context/Zf TestPHPUnitConfigFile.php
2011.06.30 03:47 B F:\xampp\htdocs\zendLibrary\Zend\Tool\Project\Context\Zf\TestPHPUnitBootstrapFile.php --> ftp.sbrafh.org.br /sbrafh/Web/zendLibrary/Zend/Tool/Project/Context/Zf TestPHPUnitBootstrapFile.php
2011.06.30 03:47 B F:\xampp\htdocs\zendLibrary\Zend\Tool\Project\Context\Zf\TestLibraryNamespaceDirectory.php --> ftp.sbrafh.org.br /sbrafh/Web/zendLibrary/Zend/Tool/Project/Context/Zf TestLibraryNamespaceDirectory.php
2011.06.30 03:47 B F:\xampp\htdocs\zendLibrary\Zend\Tool\Project\Context\Zf\TestLibraryFile.php --> ftp.sbrafh.org.br /sbrafh/Web/zendLibrary/Zend/Tool/Project/Context/Zf TestLibraryFile.php
2011.06.30 03:47 B F:\xampp\htdocs\zendLibrary\Zend\Tool\Project\Context\Zf\TestLibraryDirectory.php --> ftp.sbrafh.org.br /sbrafh/Web/zendLibrary/Zend/Tool/Project/Context/Zf TestLibraryDirectory.php
2011.06.30 03:47 B F:\xampp\htdocs\zendLibrary\Zend\Tool\Project\Context\Zf\TestLibraryBootstrapFile.php --> ftp.sbrafh.org.br /sbrafh/Web/zendLibrary/Zend/Tool/Project/Context/Zf TestLibraryBootstrapFile.php
2011.06.30 03:47 B F:\xampp\htdocs\zendLibrary\Zend\Tool\Project\Context\Zf\TestApplicationModulesDirectory.php --> ftp.sbrafh.org.br /sbrafh/Web/zendLibrary/Zend/Tool/Project/Context/Zf TestApplicationModulesDirectory.php
2011.06.30 03:47 B F:\xampp\htdocs\zendLibrary\Zend\Tool\Project\Context\Zf\TestApplicationModuleDirectory.php --> ftp.sbrafh.org.br /sbrafh/Web/zendLibrary/Zend/Tool/Project/Context/Zf TestApplicationModuleDirectory.php
2011.06.30 03:47 B F:\xampp\htdocs\zendLibrary\Zend\Tool\Project\Context\Zf\TestApplicationDirectory.php --> ftp.sbrafh.org.br /sbrafh/Web/zendLibrary/Zend/Tool/Project/Context/Zf TestApplicationDirectory.php
2011.06.30 03:47 B F:\xampp\htdocs\zendLibrary\Zend\Tool\Project\Context\Zf\TestApplicationControllerFile.php --> ftp.sbrafh.org.br /sbrafh/Web/zendLibrary/Zend/Tool/Project/Context/Zf TestApplicationControllerFile.php
2011.06.30 03:47 B F:\xampp\htdocs\zendLibrary\Zend\Tool\Project\Context\Zf\TestApplicationControllerDirectory.php --> ftp.sbrafh.org.br /sbrafh/Web/zendLibrary/Zend/Tool/Project/Context/Zf TestApplicationControllerDirectory.php
2011.06.30 03:47 B F:\xampp\htdocs\zendLibrary\Zend\Tool\Project\Context\Zf\TestApplicationBootstrapFile.php --> ftp.sbrafh.org.br /sbrafh/Web/zendLibrary/Zend/Tool/Project/Context/Zf TestApplicationBootstrapFile.php
2011.06.30 03:47 B F:\xampp\htdocs\zendLibrary\Zend\Tool\Project\Context\Zf\TemporaryDirectory.php --> ftp.sbrafh.org.br /sbrafh/Web/zendLibrary/Zend/Tool/Project/Context/Zf TemporaryDirectory.php
2011.06.30 03:47 B F:\xampp\htdocs\zendLibrary\Zend\Tool\Project\Context\Zf\SessionsDirectory.php --> ftp.sbrafh.org.br /sbrafh/Web/zendLibrary/Zend/Tool/Project/Context/Zf SessionsDirectory.php
2011.06.30 03:47 B F:\xampp\htdocs\zendLibrary\Zend\Tool\Project\Context\Zf\SearchIndexesDirectory.php --> ftp.sbrafh.org.br /sbrafh/Web/zendLibrary/Zend/Tool/Project/Context/Zf SearchIndexesDirectory.php
2011.06.30 03:47 B F:\xampp\htdocs\zendLibrary\Zend\Tool\Project\Context\Zf\PublicStylesheetsDirectory.php --> ftp.sbrafh.org.br /sbrafh/Web/zendLibrary/Zend/Tool/Project/Context/Zf PublicStylesheetsDirectory.php
2011.06.30 03:47 B F:\xampp\htdocs\zendLibrary\Zend\Tool\Project\Context\Zf\PublicScriptsDirectory.php --> ftp.sbrafh.org.br /sbrafh/Web/zendLibrary/Zend/Tool/Project/Context/Zf PublicScriptsDirectory.php
2011.06.30 03:47 B F:\xampp\htdocs\zendLibrary\Zend\Tool\Project\Context\Zf\PublicIndexFile.php --> ftp.sbrafh.org.br /sbrafh/Web/zendLibrary/Zend/Tool/Project/Context/Zf PublicIndexFile.php
2011.06.30 03:47 B F:\xampp\htdocs\zendLibrary\Zend\Tool\Project\Context\Zf\PublicImagesDirectory.php --> ftp.sbrafh.org.br /sbrafh/Web/zendLibrary/Zend/Tool/Project/Context/Zf PublicImagesDirectory.php
2011.06.30 03:47 B F:\xampp\htdocs\zendLibrary\Zend\Tool\Project\Context\Zf\PublicDirectory.php --> ftp.sbrafh.org.br /sbrafh/Web/zendLibrary/Zend/Tool/Project/Context/Zf PublicDirectory.php
2011.06.30 03:47 B F:\xampp\htdocs\zendLibrary\Zend\Tool\Project\Context\Zf\ProjectProviderFile.php --> ftp.sbrafh.org.br /sbrafh/Web/zendLibrary/Zend/Tool/Project/Context/Zf ProjectProviderFile.php
2011.06.30 03:47 B F:\xampp\htdocs\zendLibrary\Zend\Tool\Project\Context\Zf\ModulesDirectory.php --> ftp.sbrafh.org.br /sbrafh/Web/zendLibrary/Zend/Tool/Project/Context/Zf ModulesDirectory.php
2011.06.30 03:47 B F:\xampp\htdocs\zendLibrary\Zend\Tool\Project\Context\Zf\ModuleDirectory.php --> ftp.sbrafh.org.br /sbrafh/Web/zendLibrary/Zend/Tool/Project/Context/Zf ModuleDirectory.php
2011.06.30 03:47 B F:\xampp\htdocs\zendLibrary\Zend\Tool\Project\Context\Zf\ModelsDirectory.php --> ftp.sbrafh.org.br /sbrafh/Web/zendLibrary/Zend/Tool/Project/Context/Zf ModelsDirectory.php
2011.06.30 03:47 B F:\xampp\htdocs\zendLibrary\Zend\Tool\Project\Context\Zf\ModelFile.php --> ftp.sbrafh.org.br /sbrafh/Web/zendLibrary/Zend/Tool/Project/Context/Zf ModelFile.php
2011.06.30 03:47 B F:\xampp\htdocs\zendLibrary\Zend\Tool\Project\Context\Zf\LogsDirectory.php --> ftp.sbrafh.org.br /sbrafh/Web/zendLibrary/Zend/Tool/Project/Context/Zf LogsDirectory.php
2011.06.30 03:47 B F:\xampp\htdocs\zendLibrary\Zend\Tool\Project\Context\Zf\LocalesDirectory.php --> ftp.sbrafh.org.br /sbrafh/Web/zendLibrary/Zend/Tool/Project/Context/Zf LocalesDirectory.php
2011.06.30 03:47 B F:\xampp\htdocs\zendLibrary\Zend\Tool\Project\Context\Zf\LibraryDirectory.php --> ftp.sbrafh.org.br /sbrafh/Web/zendLibrary/Zend/Tool/Project/Context/Zf LibraryDirectory.php
2011.06.30 03:47 B F:\xampp\htdocs\zendLibrary\Zend\Tool\Project\Context\Zf\LayoutsDirectory.php --> ftp.sbrafh.org.br /sbrafh/Web/zendLibrary/Zend/Tool/Project/Context/Zf LayoutsDirectory.php
2011.06.30 03:47 B F:\xampp\htdocs\zendLibrary\Zend\Tool\Project\Context\Zf\LayoutScriptsDirectory.php --> ftp.sbrafh.org.br /sbrafh/Web/zendLibrary/Zend/Tool/Project/Context/Zf LayoutScriptsDirectory.php
2011.06.30 03:47 B F:\xampp\htdocs\zendLibrary\Zend\Tool\Project\Context\Zf\LayoutScriptFile.php --> ftp.sbrafh.org.br /sbrafh/Web/zendLibrary/Zend/Tool/Project/Context/Zf LayoutScriptFile.php
2011.06.30 03:47 B F:\xampp\htdocs\zendLibrary\Zend\Tool\Project\Context\Zf\HtaccessFile.php --> ftp.sbrafh.org.br /sbrafh/Web/zendLibrary/Zend/Tool/Project/Context/Zf HtaccessFile.php
2011.06.30 03:47 B F:\xampp\htdocs\zendLibrary\Zend\Tool\Project\Context\Zf\FormsDirectory.php --> ftp.sbrafh.org.br /sbrafh/Web/zendLibrary/Zend/Tool/Project/Context/Zf FormsDirectory.php
2011.06.30 03:47 B F:\xampp\htdocs\zendLibrary\Zend\Tool\Project\Context\Zf\FormFile.php --> ftp.sbrafh.org.br /sbrafh/Web/zendLibrary/Zend/Tool/Project/Context/Zf FormFile.php
2011.06.30 03:47 B F:\xampp\htdocs\zendLibrary\Zend\Tool\Project\Context\Zf\DocsDirectory.php --> ftp.sbrafh.org.br /sbrafh/Web/zendLibrary/Zend/Tool/Project/Context/Zf DocsDirectory.php
2011.06.30 03:47 B F:\xampp\htdocs\zendLibrary\Zend\Tool\Project\Context\Zf\DbTableFile.php --> ftp.sbrafh.org.br /sbrafh/Web/zendLibrary/Zend/Tool/Project/Context/Zf DbTableFile.php
2011.06.30 03:47 B F:\xampp\htdocs\zendLibrary\Zend\Tool\Project\Context\Zf\DbTableDirectory.php --> ftp.sbrafh.org.br /sbrafh/Web/zendLibrary/Zend/Tool/Project/Context/Zf DbTableDirectory.php
2011.06.30 03:47 B F:\xampp\htdocs\zendLibrary\Zend\Tool\Project\Context\Zf\DataDirectory.php --> ftp.sbrafh.org.br /sbrafh/Web/zendLibrary/Zend/Tool/Project/Context/Zf DataDirectory.php
2011.06.30 03:47 B F:\xampp\htdocs\zendLibrary\Zend\Tool\Project\Context\Zf\ControllersDirectory.php --> ftp.sbrafh.org.br /sbrafh/Web/zendLibrary/Zend/Tool/Project/Context/Zf ControllersDirectory.php
2011.06.30 03:47 B F:\xampp\htdocs\zendLibrary\Zend\Tool\Project\Context\Zf\ControllerFile.php --> ftp.sbrafh.org.br /sbrafh/Web/zendLibrary/Zend/Tool/Project/Context/Zf ControllerFile.php
2011.06.30 03:47 B F:\xampp\htdocs\zendLibrary\Zend\Tool\Project\Context\Zf\ConfigsDirectory.php --> ftp.sbrafh.org.br /sbrafh/Web/zendLibrary/Zend/Tool/Project/Context/Zf ConfigsDirectory.php
2011.06.30 03:47 B F:\xampp\htdocs\zendLibrary\Zend\Tool\Project\Context\Zf\ConfigFile.php --> ftp.sbrafh.org.br /sbrafh/Web/zendLibrary/Zend/Tool/Project/Context/Zf ConfigFile.php
2011.06.30 03:47 B F:\xampp\htdocs\zendLibrary\Zend\Tool\Project\Context\Zf\CacheDirectory.php --> ftp.sbrafh.org.br /sbrafh/Web/zendLibrary/Zend/Tool/Project/Context/Zf CacheDirectory.php
2011.06.30 03:47 B F:\xampp\htdocs\zendLibrary\Zend\Tool\Project\Context\Zf\BootstrapFile.php --> ftp.sbrafh.org.br /sbrafh/Web/zendLibrary/Zend/Tool/Project/Context/Zf BootstrapFile.php
2011.06.30 03:47 B F:\xampp\htdocs\zendLibrary\Zend\Tool\Project\Context\Zf\ApplicationDirectory.php --> ftp.sbrafh.org.br /sbrafh/Web/zendLibrary/Zend/Tool/Project/Context/Zf ApplicationDirectory.php
2011.06.30 03:47 B F:\xampp\htdocs\zendLibrary\Zend\Tool\Project\Context\Zf\ApplicationConfigFile.php --> ftp.sbrafh.org.br /sbrafh/Web/zendLibrary/Zend/Tool/Project/Context/Zf ApplicationConfigFile.php
2011.06.30 03:47 B F:\xampp\htdocs\zendLibrary\Zend\Tool\Project\Context\Zf\ApisDirectory.php --> ftp.sbrafh.org.br /sbrafh/Web/zendLibrary/Zend/Tool/Project/Context/Zf ApisDirectory.php
2011.06.30 03:47 B F:\xampp\htdocs\zendLibrary\Zend\Tool\Project\Context\Zf\ActionMethod.php --> ftp.sbrafh.org.br /sbrafh/Web/zendLibrary/Zend/Tool/Project/Context/Zf ActionMethod.php
2011.06.30 03:47 B F:\xampp\htdocs\zendLibrary\Zend\Tool\Project\Context\Zf\AbstractClassFile.php --> ftp.sbrafh.org.br /sbrafh/Web/zendLibrary/Zend/Tool/Project/Context/Zf AbstractClassFile.php
2011.07.09 00:23 B F:\xampp\htdocs\zendLibrary\Zend\Tool\Project\Context\Zf\AbstractClassFile.php --> ftp.radiofone.com.br /public_html/radiofone/zendLibrary/Zend/Tool/Project/Context/Zf AbstractClassFile.php
2011.07.09 00:23 B F:\xampp\htdocs\zendLibrary\Zend\Tool\Project\Context\Zf\ActionMethod.php --> ftp.radiofone.com.br /public_html/radiofone/zendLibrary/Zend/Tool/Project/Context/Zf ActionMethod.php
2011.07.09 00:23 B F:\xampp\htdocs\zendLibrary\Zend\Tool\Project\Context\Zf\ApisDirectory.php --> ftp.radiofone.com.br /public_html/radiofone/zendLibrary/Zend/Tool/Project/Context/Zf ApisDirectory.php
2011.07.09 00:23 B F:\xampp\htdocs\zendLibrary\Zend\Tool\Project\Context\Zf\ApplicationConfigFile.php --> ftp.radiofone.com.br /public_html/radiofone/zendLibrary/Zend/Tool/Project/Context/Zf ApplicationConfigFile.php
2011.07.09 00:23 B F:\xampp\htdocs\zendLibrary\Zend\Tool\Project\Context\Zf\ApplicationDirectory.php --> ftp.radiofone.com.br /public_html/radiofone/zendLibrary/Zend/Tool/Project/Context/Zf ApplicationDirectory.php
2011.07.09 00:24 B F:\xampp\htdocs\zendLibrary\Zend\Tool\Project\Context\Zf\BootstrapFile.php --> ftp.radiofone.com.br /public_html/radiofone/zendLibrary/Zend/Tool/Project/Context/Zf BootstrapFile.php
2011.07.09 00:24 B F:\xampp\htdocs\zendLibrary\Zend\Tool\Project\Context\Zf\CacheDirectory.php --> ftp.radiofone.com.br /public_html/radiofone/zendLibrary/Zend/Tool/Project/Context/Zf CacheDirectory.php
2011.07.09 00:24 B F:\xampp\htdocs\zendLibrary\Zend\Tool\Project\Context\Zf\ConfigFile.php --> ftp.radiofone.com.br /public_html/radiofone/zendLibrary/Zend/Tool/Project/Context/Zf ConfigFile.php
2011.07.09 00:24 B F:\xampp\htdocs\zendLibrary\Zend\Tool\Project\Context\Zf\ConfigsDirectory.php --> ftp.radiofone.com.br /public_html/radiofone/zendLibrary/Zend/Tool/Project/Context/Zf ConfigsDirectory.php
2011.07.09 00:24 B F:\xampp\htdocs\zendLibrary\Zend\Tool\Project\Context\Zf\ControllerFile.php --> ftp.radiofone.com.br /public_html/radiofone/zendLibrary/Zend/Tool/Project/Context/Zf ControllerFile.php
2011.07.09 00:24 B F:\xampp\htdocs\zendLibrary\Zend\Tool\Project\Context\Zf\ControllersDirectory.php --> ftp.radiofone.com.br /public_html/radiofone/zendLibrary/Zend/Tool/Project/Context/Zf ControllersDirectory.php
2011.07.09 00:24 B F:\xampp\htdocs\zendLibrary\Zend\Tool\Project\Context\Zf\DataDirectory.php --> ftp.radiofone.com.br /public_html/radiofone/zendLibrary/Zend/Tool/Project/Context/Zf DataDirectory.php
2011.07.09 00:24 B F:\xampp\htdocs\zendLibrary\Zend\Tool\Project\Context\Zf\DbTableDirectory.php --> ftp.radiofone.com.br /public_html/radiofone/zendLibrary/Zend/Tool/Project/Context/Zf DbTableDirectory.php
2011.07.09 00:24 B F:\xampp\htdocs\zendLibrary\Zend\Tool\Project\Context\Zf\DbTableFile.php --> ftp.radiofone.com.br /public_html/radiofone/zendLibrary/Zend/Tool/Project/Context/Zf DbTableFile.php
2011.07.09 00:24 B F:\xampp\htdocs\zendLibrary\Zend\Tool\Project\Context\Zf\DocsDirectory.php --> ftp.radiofone.com.br /public_html/radiofone/zendLibrary/Zend/Tool/Project/Context/Zf DocsDirectory.php
2011.07.09 00:24 B F:\xampp\htdocs\zendLibrary\Zend\Tool\Project\Context\Zf\FormFile.php --> ftp.radiofone.com.br /public_html/radiofone/zendLibrary/Zend/Tool/Project/Context/Zf FormFile.php
2011.07.09 00:24 B F:\xampp\htdocs\zendLibrary\Zend\Tool\Project\Context\Zf\FormsDirectory.php --> ftp.radiofone.com.br /public_html/radiofone/zendLibrary/Zend/Tool/Project/Context/Zf FormsDirectory.php
2011.07.09 00:24 B F:\xampp\htdocs\zendLibrary\Zend\Tool\Project\Context\Zf\HtaccessFile.php --> ftp.radiofone.com.br /public_html/radiofone/zendLibrary/Zend/Tool/Project/Context/Zf HtaccessFile.php
2011.07.09 00:24 B F:\xampp\htdocs\zendLibrary\Zend\Tool\Project\Context\Zf\LayoutScriptFile.php --> ftp.radiofone.com.br /public_html/radiofone/zendLibrary/Zend/Tool/Project/Context/Zf LayoutScriptFile.php
2011.07.09 00:24 B F:\xampp\htdocs\zendLibrary\Zend\Tool\Project\Context\Zf\LayoutScriptsDirectory.php --> ftp.radiofone.com.br /public_html/radiofone/zendLibrary/Zend/Tool/Project/Context/Zf LayoutScriptsDirectory.php
2011.07.09 00:24 B F:\xampp\htdocs\zendLibrary\Zend\Tool\Project\Context\Zf\LayoutsDirectory.php --> ftp.radiofone.com.br /public_html/radiofone/zendLibrary/Zend/Tool/Project/Context/Zf LayoutsDirectory.php
2011.07.09 00:24 B F:\xampp\htdocs\zendLibrary\Zend\Tool\Project\Context\Zf\LibraryDirectory.php --> ftp.radiofone.com.br /public_html/radiofone/zendLibrary/Zend/Tool/Project/Context/Zf LibraryDirectory.php
2011.07.09 00:24 B F:\xampp\htdocs\zendLibrary\Zend\Tool\Project\Context\Zf\LocalesDirectory.php --> ftp.radiofone.com.br /public_html/radiofone/zendLibrary/Zend/Tool/Project/Context/Zf LocalesDirectory.php
2011.07.09 00:24 B F:\xampp\htdocs\zendLibrary\Zend\Tool\Project\Context\Zf\LogsDirectory.php --> ftp.radiofone.com.br /public_html/radiofone/zendLibrary/Zend/Tool/Project/Context/Zf LogsDirectory.php
2011.07.09 00:24 B F:\xampp\htdocs\zendLibrary\Zend\Tool\Project\Context\Zf\ModelFile.php --> ftp.radiofone.com.br /public_html/radiofone/zendLibrary/Zend/Tool/Project/Context/Zf ModelFile.php
2011.07.09 00:24 B F:\xampp\htdocs\zendLibrary\Zend\Tool\Project\Context\Zf\ModelsDirectory.php --> ftp.radiofone.com.br /public_html/radiofone/zendLibrary/Zend/Tool/Project/Context/Zf ModelsDirectory.php
2011.07.09 00:24 B F:\xampp\htdocs\zendLibrary\Zend\Tool\Project\Context\Zf\ModuleDirectory.php --> ftp.radiofone.com.br /public_html/radiofone/zendLibrary/Zend/Tool/Project/Context/Zf ModuleDirectory.php
2011.07.09 00:24 B F:\xampp\htdocs\zendLibrary\Zend\Tool\Project\Context\Zf\ModulesDirectory.php --> ftp.radiofone.com.br /public_html/radiofone/zendLibrary/Zend/Tool/Project/Context/Zf ModulesDirectory.php
2011.07.09 00:24 B F:\xampp\htdocs\zendLibrary\Zend\Tool\Project\Context\Zf\ProjectProviderFile.php --> ftp.radiofone.com.br /public_html/radiofone/zendLibrary/Zend/Tool/Project/Context/Zf ProjectProviderFile.php
2011.07.09 00:24 B F:\xampp\htdocs\zendLibrary\Zend\Tool\Project\Context\Zf\PublicDirectory.php --> ftp.radiofone.com.br /public_html/radiofone/zendLibrary/Zend/Tool/Project/Context/Zf PublicDirectory.php
2011.07.09 00:24 B F:\xampp\htdocs\zendLibrary\Zend\Tool\Project\Context\Zf\PublicImagesDirectory.php --> ftp.radiofone.com.br /public_html/radiofone/zendLibrary/Zend/Tool/Project/Context/Zf PublicImagesDirectory.php
2011.07.09 00:24 B F:\xampp\htdocs\zendLibrary\Zend\Tool\Project\Context\Zf\PublicIndexFile.php --> ftp.radiofone.com.br /public_html/radiofone/zendLibrary/Zend/Tool/Project/Context/Zf PublicIndexFile.php
2011.07.09 00:24 B F:\xampp\htdocs\zendLibrary\Zend\Tool\Project\Context\Zf\PublicScriptsDirectory.php --> ftp.radiofone.com.br /public_html/radiofone/zendLibrary/Zend/Tool/Project/Context/Zf PublicScriptsDirectory.php
2011.07.09 00:24 B F:\xampp\htdocs\zendLibrary\Zend\Tool\Project\Context\Zf\PublicStylesheetsDirectory.php --> ftp.radiofone.com.br /public_html/radiofone/zendLibrary/Zend/Tool/Project/Context/Zf PublicStylesheetsDirectory.php
2011.07.09 00:24 B F:\xampp\htdocs\zendLibrary\Zend\Tool\Project\Context\Zf\SearchIndexesDirectory.php --> ftp.radiofone.com.br /public_html/radiofone/zendLibrary/Zend/Tool/Project/Context/Zf SearchIndexesDirectory.php
2011.07.09 00:24 B F:\xampp\htdocs\zendLibrary\Zend\Tool\Project\Context\Zf\SessionsDirectory.php --> ftp.radiofone.com.br /public_html/radiofone/zendLibrary/Zend/Tool/Project/Context/Zf SessionsDirectory.php
2011.07.09 00:24 B F:\xampp\htdocs\zendLibrary\Zend\Tool\Project\Context\Zf\TemporaryDirectory.php --> ftp.radiofone.com.br /public_html/radiofone/zendLibrary/Zend/Tool/Project/Context/Zf TemporaryDirectory.php
2011.07.09 00:24 B F:\xampp\htdocs\zendLibrary\Zend\Tool\Project\Context\Zf\TestApplicationActionMethod.php --> ftp.radiofone.com.br /public_html/radiofone/zendLibrary/Zend/Tool/Project/Context/Zf TestApplicationActionMethod.php
2011.07.09 00:24 B F:\xampp\htdocs\zendLibrary\Zend\Tool\Project\Context\Zf\TestApplicationBootstrapFile.php --> ftp.radiofone.com.br /public_html/radiofone/zendLibrary/Zend/Tool/Project/Context/Zf TestApplicationBootstrapFile.php
2011.07.09 00:24 B F:\xampp\htdocs\zendLibrary\Zend\Tool\Project\Context\Zf\TestApplicationControllerDirectory.php --> ftp.radiofone.com.br /public_html/radiofone/zendLibrary/Zend/Tool/Project/Context/Zf TestApplicationControllerDirectory.php
2011.07.09 00:24 B F:\xampp\htdocs\zendLibrary\Zend\Tool\Project\Context\Zf\TestApplicationControllerFile.php --> ftp.radiofone.com.br /public_html/radiofone/zendLibrary/Zend/Tool/Project/Context/Zf TestApplicationControllerFile.php
2011.07.09 00:24 B F:\xampp\htdocs\zendLibrary\Zend\Tool\Project\Context\Zf\TestApplicationDirectory.php --> ftp.radiofone.com.br /public_html/radiofone/zendLibrary/Zend/Tool/Project/Context/Zf TestApplicationDirectory.php
2011.07.09 00:24 B F:\xampp\htdocs\zendLibrary\Zend\Tool\Project\Context\Zf\TestApplicationModuleDirectory.php --> ftp.radiofone.com.br /public_html/radiofone/zendLibrary/Zend/Tool/Project/Context/Zf TestApplicationModuleDirectory.php
2011.07.09 00:24 B F:\xampp\htdocs\zendLibrary\Zend\Tool\Project\Context\Zf\TestApplicationModulesDirectory.php --> ftp.radiofone.com.br /public_html/radiofone/zendLibrary/Zend/Tool/Project/Context/Zf TestApplicationModulesDirectory.php
2011.07.09 00:24 B F:\xampp\htdocs\zendLibrary\Zend\Tool\Project\Context\Zf\TestLibraryBootstrapFile.php --> ftp.radiofone.com.br /public_html/radiofone/zendLibrary/Zend/Tool/Project/Context/Zf TestLibraryBootstrapFile.php
2011.07.09 00:24 B F:\xampp\htdocs\zendLibrary\Zend\Tool\Project\Context\Zf\TestLibraryDirectory.php --> ftp.radiofone.com.br /public_html/radiofone/zendLibrary/Zend/Tool/Project/Context/Zf TestLibraryDirectory.php
2011.07.09 00:24 B F:\xampp\htdocs\zendLibrary\Zend\Tool\Project\Context\Zf\TestLibraryFile.php --> ftp.radiofone.com.br /public_html/radiofone/zendLibrary/Zend/Tool/Project/Context/Zf TestLibraryFile.php
2011.07.09 00:24 B F:\xampp\htdocs\zendLibrary\Zend\Tool\Project\Context\Zf\TestLibraryNamespaceDirectory.php --> ftp.radiofone.com.br /public_html/radiofone/zendLibrary/Zend/Tool/Project/Context/Zf TestLibraryNamespaceDirectory.php
2011.07.09 00:24 B F:\xampp\htdocs\zendLibrary\Zend\Tool\Project\Context\Zf\TestPHPUnitBootstrapFile.php --> ftp.radiofone.com.br /public_html/radiofone/zendLibrary/Zend/Tool/Project/Context/Zf TestPHPUnitBootstrapFile.php
2011.07.09 00:24 B F:\xampp\htdocs\zendLibrary\Zend\Tool\Project\Context\Zf\TestPHPUnitConfigFile.php --> ftp.radiofone.com.br /public_html/radiofone/zendLibrary/Zend/Tool/Project/Context/Zf TestPHPUnitConfigFile.php
2011.07.09 00:24 B F:\xampp\htdocs\zendLibrary\Zend\Tool\Project\Context\Zf\TestsDirectory.php --> ftp.radiofone.com.br /public_html/radiofone/zendLibrary/Zend/Tool/Project/Context/Zf TestsDirectory.php
2011.07.09 00:24 B F:\xampp\htdocs\zendLibrary\Zend\Tool\Project\Context\Zf\UploadsDirectory.php --> ftp.radiofone.com.br /public_html/radiofone/zendLibrary/Zend/Tool/Project/Context/Zf UploadsDirectory.php
2011.07.09 00:24 B F:\xampp\htdocs\zendLibrary\Zend\Tool\Project\Context\Zf\ViewControllerScriptsDirectory.php --> ftp.radiofone.com.br /public_html/radiofone/zendLibrary/Zend/Tool/Project/Context/Zf ViewControllerScriptsDirectory.php
2011.07.09 00:24 B F:\xampp\htdocs\zendLibrary\Zend\Tool\Project\Context\Zf\ViewFiltersDirectory.php --> ftp.radiofone.com.br /public_html/radiofone/zendLibrary/Zend/Tool/Project/Context/Zf ViewFiltersDirectory.php
2011.07.09 00:24 B F:\xampp\htdocs\zendLibrary\Zend\Tool\Project\Context\Zf\ViewHelpersDirectory.php --> ftp.radiofone.com.br /public_html/radiofone/zendLibrary/Zend/Tool/Project/Context/Zf ViewHelpersDirectory.php
2011.07.09 00:24 B F:\xampp\htdocs\zendLibrary\Zend\Tool\Project\Context\Zf\ViewScriptFile.php --> ftp.radiofone.com.br /public_html/radiofone/zendLibrary/Zend/Tool/Project/Context/Zf ViewScriptFile.php
2011.07.09 00:24 B F:\xampp\htdocs\zendLibrary\Zend\Tool\Project\Context\Zf\ViewScriptsDirectory.php --> ftp.radiofone.com.br /public_html/radiofone/zendLibrary/Zend/Tool/Project/Context/Zf ViewScriptsDirectory.php
2011.07.09 00:24 B F:\xampp\htdocs\zendLibrary\Zend\Tool\Project\Context\Zf\ViewsDirectory.php --> ftp.radiofone.com.br /public_html/radiofone/zendLibrary/Zend/Tool/Project/Context/Zf ViewsDirectory.php
2011.07.09 00:24 B F:\xampp\htdocs\zendLibrary\Zend\Tool\Project\Context\Zf\WS_FTP.LOG --> ftp.radiofone.com.br /public_html/radiofone/zendLibrary/Zend/Tool/Project/Context/Zf WS_FTP.LOG
2011.07.09 00:24 B F:\xampp\htdocs\zendLibrary\Zend\Tool\Project\Context\Zf\ZfStandardLibraryDirectory.php --> ftp.radiofone.com.br /public_html/radiofone/zendLibrary/Zend/Tool/Project/Context/Zf ZfStandardLibraryDirectory.php
2011.07.09 00:54 B F:\xampp\htdocs\zendLibrary\Zend\Tool\Project\Context\Zf\WS_FTP.LOG --> ftp.radiofone.com.br /public_html/radiofone/zendLibrary/Zend/Tool/Project/Context/Zf WS_FTP.LOG
2011.07.26 23:13 B F:\xampp\htdocs\zendLibrary\Zend\Tool\Project\Context\Zf\AbstractClassFile.php --> ftp.sobrafo.org.br /public_html/zendLibrary/Zend/Tool/Project/Context/Zf AbstractClassFile.php
2011.07.26 23:13 B F:\xampp\htdocs\zendLibrary\Zend\Tool\Project\Context\Zf\ActionMethod.php --> ftp.sobrafo.org.br /public_html/zendLibrary/Zend/Tool/Project/Context/Zf ActionMethod.php
2011.07.26 23:13 B F:\xampp\htdocs\zendLibrary\Zend\Tool\Project\Context\Zf\ApisDirectory.php --> ftp.sobrafo.org.br /public_html/zendLibrary/Zend/Tool/Project/Context/Zf ApisDirectory.php
2011.07.26 23:13 B F:\xampp\htdocs\zendLibrary\Zend\Tool\Project\Context\Zf\ApplicationConfigFile.php --> ftp.sobrafo.org.br /public_html/zendLibrary/Zend/Tool/Project/Context/Zf ApplicationConfigFile.php
2011.07.26 23:13 B F:\xampp\htdocs\zendLibrary\Zend\Tool\Project\Context\Zf\ApplicationDirectory.php --> ftp.sobrafo.org.br /public_html/zendLibrary/Zend/Tool/Project/Context/Zf ApplicationDirectory.php
2011.07.26 23:13 B F:\xampp\htdocs\zendLibrary\Zend\Tool\Project\Context\Zf\BootstrapFile.php --> ftp.sobrafo.org.br /public_html/zendLibrary/Zend/Tool/Project/Context/Zf BootstrapFile.php
2011.07.26 23:13 B F:\xampp\htdocs\zendLibrary\Zend\Tool\Project\Context\Zf\CacheDirectory.php --> ftp.sobrafo.org.br /public_html/zendLibrary/Zend/Tool/Project/Context/Zf CacheDirectory.php
2011.07.26 23:13 B F:\xampp\htdocs\zendLibrary\Zend\Tool\Project\Context\Zf\ConfigFile.php --> ftp.sobrafo.org.br /public_html/zendLibrary/Zend/Tool/Project/Context/Zf ConfigFile.php
2011.07.26 23:13 B F:\xampp\htdocs\zendLibrary\Zend\Tool\Project\Context\Zf\ConfigsDirectory.php --> ftp.sobrafo.org.br /public_html/zendLibrary/Zend/Tool/Project/Context/Zf ConfigsDirectory.php
2011.07.26 23:13 B F:\xampp\htdocs\zendLibrary\Zend\Tool\Project\Context\Zf\ControllerFile.php --> ftp.sobrafo.org.br /public_html/zendLibrary/Zend/Tool/Project/Context/Zf ControllerFile.php
2011.07.26 23:13 B F:\xampp\htdocs\zendLibrary\Zend\Tool\Project\Context\Zf\ControllersDirectory.php --> ftp.sobrafo.org.br /public_html/zendLibrary/Zend/Tool/Project/Context/Zf ControllersDirectory.php
2011.07.26 23:13 B F:\xampp\htdocs\zendLibrary\Zend\Tool\Project\Context\Zf\DataDirectory.php --> ftp.sobrafo.org.br /public_html/zendLibrary/Zend/Tool/Project/Context/Zf DataDirectory.php
2011.07.26 23:13 B F:\xampp\htdocs\zendLibrary\Zend\Tool\Project\Context\Zf\DbTableDirectory.php --> ftp.sobrafo.org.br /public_html/zendLibrary/Zend/Tool/Project/Context/Zf DbTableDirectory.php
2011.07.26 23:13 B F:\xampp\htdocs\zendLibrary\Zend\Tool\Project\Context\Zf\DbTableFile.php --> ftp.sobrafo.org.br /public_html/zendLibrary/Zend/Tool/Project/Context/Zf DbTableFile.php
2011.07.26 23:13 B F:\xampp\htdocs\zendLibrary\Zend\Tool\Project\Context\Zf\DocsDirectory.php --> ftp.sobrafo.org.br /public_html/zendLibrary/Zend/Tool/Project/Context/Zf DocsDirectory.php
2011.07.26 23:13 B F:\xampp\htdocs\zendLibrary\Zend\Tool\Project\Context\Zf\FormFile.php --> ftp.sobrafo.org.br /public_html/zendLibrary/Zend/Tool/Project/Context/Zf FormFile.php
2011.07.26 23:13 B F:\xampp\htdocs\zendLibrary\Zend\Tool\Project\Context\Zf\FormsDirectory.php --> ftp.sobrafo.org.br /public_html/zendLibrary/Zend/Tool/Project/Context/Zf FormsDirectory.php
2011.07.26 23:13 B F:\xampp\htdocs\zendLibrary\Zend\Tool\Project\Context\Zf\HtaccessFile.php --> ftp.sobrafo.org.br /public_html/zendLibrary/Zend/Tool/Project/Context/Zf HtaccessFile.php
2011.07.26 23:13 B F:\xampp\htdocs\zendLibrary\Zend\Tool\Project\Context\Zf\LayoutScriptFile.php --> ftp.sobrafo.org.br /public_html/zendLibrary/Zend/Tool/Project/Context/Zf LayoutScriptFile.php
2011.07.26 23:13 B F:\xampp\htdocs\zendLibrary\Zend\Tool\Project\Context\Zf\LayoutScriptsDirectory.php --> ftp.sobrafo.org.br /public_html/zendLibrary/Zend/Tool/Project/Context/Zf LayoutScriptsDirectory.php
2011.07.26 23:13 B F:\xampp\htdocs\zendLibrary\Zend\Tool\Project\Context\Zf\LayoutsDirectory.php --> ftp.sobrafo.org.br /public_html/zendLibrary/Zend/Tool/Project/Context/Zf LayoutsDirectory.php
2011.07.26 23:13 B F:\xampp\htdocs\zendLibrary\Zend\Tool\Project\Context\Zf\LibraryDirectory.php --> ftp.sobrafo.org.br /public_html/zendLibrary/Zend/Tool/Project/Context/Zf LibraryDirectory.php
2011.07.26 23:13 B F:\xampp\htdocs\zendLibrary\Zend\Tool\Project\Context\Zf\LocalesDirectory.php --> ftp.sobrafo.org.br /public_html/zendLibrary/Zend/Tool/Project/Context/Zf LocalesDirectory.php
2011.07.26 23:13 B F:\xampp\htdocs\zendLibrary\Zend\Tool\Project\Context\Zf\LogsDirectory.php --> ftp.sobrafo.org.br /public_html/zendLibrary/Zend/Tool/Project/Context/Zf LogsDirectory.php
2011.07.26 23:13 B F:\xampp\htdocs\zendLibrary\Zend\Tool\Project\Context\Zf\ModelFile.php --> ftp.sobrafo.org.br /public_html/zendLibrary/Zend/Tool/Project/Context/Zf ModelFile.php
2011.07.26 23:13 B F:\xampp\htdocs\zendLibrary\Zend\Tool\Project\Context\Zf\ModelsDirectory.php --> ftp.sobrafo.org.br /public_html/zendLibrary/Zend/Tool/Project/Context/Zf ModelsDirectory.php
2011.07.26 23:13 B F:\xampp\htdocs\zendLibrary\Zend\Tool\Project\Context\Zf\ModuleDirectory.php --> ftp.sobrafo.org.br /public_html/zendLibrary/Zend/Tool/Project/Context/Zf ModuleDirectory.php
2011.07.26 23:13 B F:\xampp\htdocs\zendLibrary\Zend\Tool\Project\Context\Zf\ModulesDirectory.php --> ftp.sobrafo.org.br /public_html/zendLibrary/Zend/Tool/Project/Context/Zf ModulesDirectory.php
2011.07.26 23:13 B F:\xampp\htdocs\zendLibrary\Zend\Tool\Project\Context\Zf\ProjectProviderFile.php --> ftp.sobrafo.org.br /public_html/zendLibrary/Zend/Tool/Project/Context/Zf ProjectProviderFile.php
2011.07.26 23:13 B F:\xampp\htdocs\zendLibrary\Zend\Tool\Project\Context\Zf\PublicDirectory.php --> ftp.sobrafo.org.br /public_html/zendLibrary/Zend/Tool/Project/Context/Zf PublicDirectory.php
2011.07.26 23:13 B F:\xampp\htdocs\zendLibrary\Zend\Tool\Project\Context\Zf\PublicImagesDirectory.php --> ftp.sobrafo.org.br /public_html/zendLibrary/Zend/Tool/Project/Context/Zf PublicImagesDirectory.php
2011.07.26 23:13 B F:\xampp\htdocs\zendLibrary\Zend\Tool\Project\Context\Zf\PublicIndexFile.php --> ftp.sobrafo.org.br /public_html/zendLibrary/Zend/Tool/Project/Context/Zf PublicIndexFile.php
2011.07.26 23:13 B F:\xampp\htdocs\zendLibrary\Zend\Tool\Project\Context\Zf\PublicScriptsDirectory.php --> ftp.sobrafo.org.br /public_html/zendLibrary/Zend/Tool/Project/Context/Zf PublicScriptsDirectory.php
2011.07.26 23:13 B F:\xampp\htdocs\zendLibrary\Zend\Tool\Project\Context\Zf\PublicStylesheetsDirectory.php --> ftp.sobrafo.org.br /public_html/zendLibrary/Zend/Tool/Project/Context/Zf PublicStylesheetsDirectory.php
2011.07.26 23:13 B F:\xampp\htdocs\zendLibrary\Zend\Tool\Project\Context\Zf\SearchIndexesDirectory.php --> ftp.sobrafo.org.br /public_html/zendLibrary/Zend/Tool/Project/Context/Zf SearchIndexesDirectory.php
2011.07.26 23:13 B F:\xampp\htdocs\zendLibrary\Zend\Tool\Project\Context\Zf\SessionsDirectory.php --> ftp.sobrafo.org.br /public_html/zendLibrary/Zend/Tool/Project/Context/Zf SessionsDirectory.php
2011.07.26 23:13 B F:\xampp\htdocs\zendLibrary\Zend\Tool\Project\Context\Zf\TemporaryDirectory.php --> ftp.sobrafo.org.br /public_html/zendLibrary/Zend/Tool/Project/Context/Zf TemporaryDirectory.php
2011.07.26 23:13 B F:\xampp\htdocs\zendLibrary\Zend\Tool\Project\Context\Zf\TestApplicationActionMethod.php --> ftp.sobrafo.org.br /public_html/zendLibrary/Zend/Tool/Project/Context/Zf TestApplicationActionMethod.php
2011.07.26 23:13 B F:\xampp\htdocs\zendLibrary\Zend\Tool\Project\Context\Zf\TestApplicationBootstrapFile.php --> ftp.sobrafo.org.br /public_html/zendLibrary/Zend/Tool/Project/Context/Zf TestApplicationBootstrapFile.php
2011.07.26 23:13 B F:\xampp\htdocs\zendLibrary\Zend\Tool\Project\Context\Zf\TestApplicationControllerDirectory.php --> ftp.sobrafo.org.br /public_html/zendLibrary/Zend/Tool/Project/Context/Zf TestApplicationControllerDirectory.php
2011.07.26 23:13 B F:\xampp\htdocs\zendLibrary\Zend\Tool\Project\Context\Zf\TestApplicationControllerFile.php --> ftp.sobrafo.org.br /public_html/zendLibrary/Zend/Tool/Project/Context/Zf TestApplicationControllerFile.php
2011.07.26 23:13 B F:\xampp\htdocs\zendLibrary\Zend\Tool\Project\Context\Zf\TestApplicationDirectory.php --> ftp.sobrafo.org.br /public_html/zendLibrary/Zend/Tool/Project/Context/Zf TestApplicationDirectory.php
2011.07.26 23:13 B F:\xampp\htdocs\zendLibrary\Zend\Tool\Project\Context\Zf\TestApplicationModuleDirectory.php --> ftp.sobrafo.org.br /public_html/zendLibrary/Zend/Tool/Project/Context/Zf TestApplicationModuleDirectory.php
2011.07.26 23:13 B F:\xampp\htdocs\zendLibrary\Zend\Tool\Project\Context\Zf\TestApplicationModulesDirectory.php --> ftp.sobrafo.org.br /public_html/zendLibrary/Zend/Tool/Project/Context/Zf TestApplicationModulesDirectory.php
2011.07.26 23:13 B F:\xampp\htdocs\zendLibrary\Zend\Tool\Project\Context\Zf\TestLibraryBootstrapFile.php --> ftp.sobrafo.org.br /public_html/zendLibrary/Zend/Tool/Project/Context/Zf TestLibraryBootstrapFile.php
2011.07.26 23:13 B F:\xampp\htdocs\zendLibrary\Zend\Tool\Project\Context\Zf\TestLibraryDirectory.php --> ftp.sobrafo.org.br /public_html/zendLibrary/Zend/Tool/Project/Context/Zf TestLibraryDirectory.php
2011.07.26 23:13 B F:\xampp\htdocs\zendLibrary\Zend\Tool\Project\Context\Zf\TestLibraryFile.php --> ftp.sobrafo.org.br /public_html/zendLibrary/Zend/Tool/Project/Context/Zf TestLibraryFile.php
2011.07.26 23:13 B F:\xampp\htdocs\zendLibrary\Zend\Tool\Project\Context\Zf\TestLibraryNamespaceDirectory.php --> ftp.sobrafo.org.br /public_html/zendLibrary/Zend/Tool/Project/Context/Zf TestLibraryNamespaceDirectory.php
2011.07.26 23:13 B F:\xampp\htdocs\zendLibrary\Zend\Tool\Project\Context\Zf\TestPHPUnitBootstrapFile.php --> ftp.sobrafo.org.br /public_html/zendLibrary/Zend/Tool/Project/Context/Zf TestPHPUnitBootstrapFile.php
2011.07.26 23:13 B F:\xampp\htdocs\zendLibrary\Zend\Tool\Project\Context\Zf\TestPHPUnitConfigFile.php --> ftp.sobrafo.org.br /public_html/zendLibrary/Zend/Tool/Project/Context/Zf TestPHPUnitConfigFile.php
2011.07.26 23:13 B F:\xampp\htdocs\zendLibrary\Zend\Tool\Project\Context\Zf\TestsDirectory.php --> ftp.sobrafo.org.br /public_html/zendLibrary/Zend/Tool/Project/Context/Zf TestsDirectory.php
2011.07.26 23:13 B F:\xampp\htdocs\zendLibrary\Zend\Tool\Project\Context\Zf\UploadsDirectory.php --> ftp.sobrafo.org.br /public_html/zendLibrary/Zend/Tool/Project/Context/Zf UploadsDirectory.php
2011.07.26 23:13 B F:\xampp\htdocs\zendLibrary\Zend\Tool\Project\Context\Zf\ViewControllerScriptsDirectory.php --> ftp.sobrafo.org.br /public_html/zendLibrary/Zend/Tool/Project/Context/Zf ViewControllerScriptsDirectory.php
2011.07.26 23:13 B F:\xampp\htdocs\zendLibrary\Zend\Tool\Project\Context\Zf\ViewFiltersDirectory.php --> ftp.sobrafo.org.br /public_html/zendLibrary/Zend/Tool/Project/Context/Zf ViewFiltersDirectory.php
2011.07.26 23:13 B F:\xampp\htdocs\zendLibrary\Zend\Tool\Project\Context\Zf\ViewHelpersDirectory.php --> ftp.sobrafo.org.br /public_html/zendLibrary/Zend/Tool/Project/Context/Zf ViewHelpersDirectory.php
2011.07.26 23:13 B F:\xampp\htdocs\zendLibrary\Zend\Tool\Project\Context\Zf\ViewScriptFile.php --> ftp.sobrafo.org.br /public_html/zendLibrary/Zend/Tool/Project/Context/Zf ViewScriptFile.php
2011.07.26 23:13 B F:\xampp\htdocs\zendLibrary\Zend\Tool\Project\Context\Zf\ViewScriptsDirectory.php --> ftp.sobrafo.org.br /public_html/zendLibrary/Zend/Tool/Project/Context/Zf ViewScriptsDirectory.php
2011.07.26 23:13 B F:\xampp\htdocs\zendLibrary\Zend\Tool\Project\Context\Zf\ViewsDirectory.php --> ftp.sobrafo.org.br /public_html/zendLibrary/Zend/Tool/Project/Context/Zf ViewsDirectory.php
2011.07.26 23:13 B F:\xampp\htdocs\zendLibrary\Zend\Tool\Project\Context\Zf\WS_FTP.LOG --> ftp.sobrafo.org.br /public_html/zendLibrary/Zend/Tool/Project/Context/Zf WS_FTP.LOG
2011.07.26 23:13 B F:\xampp\htdocs\zendLibrary\Zend\Tool\Project\Context\Zf\ZfStandardLibraryDirectory.php --> ftp.sobrafo.org.br /public_html/zendLibrary/Zend/Tool/Project/Context/Zf ZfStandardLibraryDirectory.php
2011.08.09 17:32 B F:\xampp\htdocs\ZendLibrary\Zend\Tool\Project\Context\Zf\AbstractClassFile.php --> ftp.amfar.com.br /public_html/ZendLibrary/Zend/Tool/Project/Context/Zf AbstractClassFile.php
2011.08.09 17:32 B F:\xampp\htdocs\ZendLibrary\Zend\Tool\Project\Context\Zf\ActionMethod.php --> ftp.amfar.com.br /public_html/ZendLibrary/Zend/Tool/Project/Context/Zf ActionMethod.php
2011.08.09 17:32 B F:\xampp\htdocs\ZendLibrary\Zend\Tool\Project\Context\Zf\ApisDirectory.php --> ftp.amfar.com.br /public_html/ZendLibrary/Zend/Tool/Project/Context/Zf ApisDirectory.php
2011.08.09 17:32 B F:\xampp\htdocs\ZendLibrary\Zend\Tool\Project\Context\Zf\ApplicationConfigFile.php --> ftp.amfar.com.br /public_html/ZendLibrary/Zend/Tool/Project/Context/Zf ApplicationConfigFile.php
2011.08.09 17:32 B F:\xampp\htdocs\ZendLibrary\Zend\Tool\Project\Context\Zf\ApplicationDirectory.php --> ftp.amfar.com.br /public_html/ZendLibrary/Zend/Tool/Project/Context/Zf ApplicationDirectory.php
2011.08.09 17:32 B F:\xampp\htdocs\ZendLibrary\Zend\Tool\Project\Context\Zf\BootstrapFile.php --> ftp.amfar.com.br /public_html/ZendLibrary/Zend/Tool/Project/Context/Zf BootstrapFile.php
2011.08.09 17:32 B F:\xampp\htdocs\ZendLibrary\Zend\Tool\Project\Context\Zf\CacheDirectory.php --> ftp.amfar.com.br /public_html/ZendLibrary/Zend/Tool/Project/Context/Zf CacheDirectory.php
2011.08.09 17:32 B F:\xampp\htdocs\ZendLibrary\Zend\Tool\Project\Context\Zf\ConfigFile.php --> ftp.amfar.com.br /public_html/ZendLibrary/Zend/Tool/Project/Context/Zf ConfigFile.php
2011.08.09 17:32 B F:\xampp\htdocs\ZendLibrary\Zend\Tool\Project\Context\Zf\ConfigsDirectory.php --> ftp.amfar.com.br /public_html/ZendLibrary/Zend/Tool/Project/Context/Zf ConfigsDirectory.php
2011.08.09 17:32 B F:\xampp\htdocs\ZendLibrary\Zend\Tool\Project\Context\Zf\ControllerFile.php --> ftp.amfar.com.br /public_html/ZendLibrary/Zend/Tool/Project/Context/Zf ControllerFile.php
2011.08.09 17:32 B F:\xampp\htdocs\ZendLibrary\Zend\Tool\Project\Context\Zf\ControllersDirectory.php --> ftp.amfar.com.br /public_html/ZendLibrary/Zend/Tool/Project/Context/Zf ControllersDirectory.php
2011.08.09 17:32 B F:\xampp\htdocs\ZendLibrary\Zend\Tool\Project\Context\Zf\DataDirectory.php --> ftp.amfar.com.br /public_html/ZendLibrary/Zend/Tool/Project/Context/Zf DataDirectory.php
2011.08.09 17:32 B F:\xampp\htdocs\ZendLibrary\Zend\Tool\Project\Context\Zf\DbTableDirectory.php --> ftp.amfar.com.br /public_html/ZendLibrary/Zend/Tool/Project/Context/Zf DbTableDirectory.php
2011.08.09 17:32 B F:\xampp\htdocs\ZendLibrary\Zend\Tool\Project\Context\Zf\DbTableFile.php --> ftp.amfar.com.br /public_html/ZendLibrary/Zend/Tool/Project/Context/Zf DbTableFile.php
2011.08.09 17:32 B F:\xampp\htdocs\ZendLibrary\Zend\Tool\Project\Context\Zf\DocsDirectory.php --> ftp.amfar.com.br /public_html/ZendLibrary/Zend/Tool/Project/Context/Zf DocsDirectory.php
2011.08.09 17:32 B F:\xampp\htdocs\ZendLibrary\Zend\Tool\Project\Context\Zf\FormFile.php --> ftp.amfar.com.br /public_html/ZendLibrary/Zend/Tool/Project/Context/Zf FormFile.php
2011.08.09 17:32 B F:\xampp\htdocs\ZendLibrary\Zend\Tool\Project\Context\Zf\FormsDirectory.php --> ftp.amfar.com.br /public_html/ZendLibrary/Zend/Tool/Project/Context/Zf FormsDirectory.php
2011.08.09 17:32 B F:\xampp\htdocs\ZendLibrary\Zend\Tool\Project\Context\Zf\HtaccessFile.php --> ftp.amfar.com.br /public_html/ZendLibrary/Zend/Tool/Project/Context/Zf HtaccessFile.php
2011.08.09 17:32 B F:\xampp\htdocs\ZendLibrary\Zend\Tool\Project\Context\Zf\LayoutScriptFile.php --> ftp.amfar.com.br /public_html/ZendLibrary/Zend/Tool/Project/Context/Zf LayoutScriptFile.php
2011.08.09 17:32 B F:\xampp\htdocs\ZendLibrary\Zend\Tool\Project\Context\Zf\LayoutScriptsDirectory.php --> ftp.amfar.com.br /public_html/ZendLibrary/Zend/Tool/Project/Context/Zf LayoutScriptsDirectory.php
2011.08.09 17:32 B F:\xampp\htdocs\ZendLibrary\Zend\Tool\Project\Context\Zf\LayoutsDirectory.php --> ftp.amfar.com.br /public_html/ZendLibrary/Zend/Tool/Project/Context/Zf LayoutsDirectory.php
2011.08.09 17:32 B F:\xampp\htdocs\ZendLibrary\Zend\Tool\Project\Context\Zf\LibraryDirectory.php --> ftp.amfar.com.br /public_html/ZendLibrary/Zend/Tool/Project/Context/Zf LibraryDirectory.php
2011.08.09 17:32 B F:\xampp\htdocs\ZendLibrary\Zend\Tool\Project\Context\Zf\LocalesDirectory.php --> ftp.amfar.com.br /public_html/ZendLibrary/Zend/Tool/Project/Context/Zf LocalesDirectory.php
2011.08.09 17:32 B F:\xampp\htdocs\ZendLibrary\Zend\Tool\Project\Context\Zf\LogsDirectory.php --> ftp.amfar.com.br /public_html/ZendLibrary/Zend/Tool/Project/Context/Zf LogsDirectory.php
2011.08.09 17:32 B F:\xampp\htdocs\ZendLibrary\Zend\Tool\Project\Context\Zf\ModelFile.php --> ftp.amfar.com.br /public_html/ZendLibrary/Zend/Tool/Project/Context/Zf ModelFile.php
2011.08.09 17:32 B F:\xampp\htdocs\ZendLibrary\Zend\Tool\Project\Context\Zf\ModelsDirectory.php --> ftp.amfar.com.br /public_html/ZendLibrary/Zend/Tool/Project/Context/Zf ModelsDirectory.php
2011.08.09 17:32 B F:\xampp\htdocs\ZendLibrary\Zend\Tool\Project\Context\Zf\ModuleDirectory.php --> ftp.amfar.com.br /public_html/ZendLibrary/Zend/Tool/Project/Context/Zf ModuleDirectory.php
2011.08.09 17:32 B F:\xampp\htdocs\ZendLibrary\Zend\Tool\Project\Context\Zf\ModulesDirectory.php --> ftp.amfar.com.br /public_html/ZendLibrary/Zend/Tool/Project/Context/Zf ModulesDirectory.php
2011.08.09 17:32 B F:\xampp\htdocs\ZendLibrary\Zend\Tool\Project\Context\Zf\ProjectProviderFile.php --> ftp.amfar.com.br /public_html/ZendLibrary/Zend/Tool/Project/Context/Zf ProjectProviderFile.php
2011.08.09 17:32 B F:\xampp\htdocs\ZendLibrary\Zend\Tool\Project\Context\Zf\PublicDirectory.php --> ftp.amfar.com.br /public_html/ZendLibrary/Zend/Tool/Project/Context/Zf PublicDirectory.php
2011.08.09 17:32 B F:\xampp\htdocs\ZendLibrary\Zend\Tool\Project\Context\Zf\PublicImagesDirectory.php --> ftp.amfar.com.br /public_html/ZendLibrary/Zend/Tool/Project/Context/Zf PublicImagesDirectory.php
2011.08.09 17:32 B F:\xampp\htdocs\ZendLibrary\Zend\Tool\Project\Context\Zf\PublicIndexFile.php --> ftp.amfar.com.br /public_html/ZendLibrary/Zend/Tool/Project/Context/Zf PublicIndexFile.php
2011.08.09 17:32 B F:\xampp\htdocs\ZendLibrary\Zend\Tool\Project\Context\Zf\PublicScriptsDirectory.php --> ftp.amfar.com.br /public_html/ZendLibrary/Zend/Tool/Project/Context/Zf PublicScriptsDirectory.php
2011.08.09 17:32 B F:\xampp\htdocs\ZendLibrary\Zend\Tool\Project\Context\Zf\PublicStylesheetsDirectory.php --> ftp.amfar.com.br /public_html/ZendLibrary/Zend/Tool/Project/Context/Zf PublicStylesheetsDirectory.php
2011.08.09 17:32 B F:\xampp\htdocs\ZendLibrary\Zend\Tool\Project\Context\Zf\SearchIndexesDirectory.php --> ftp.amfar.com.br /public_html/ZendLibrary/Zend/Tool/Project/Context/Zf SearchIndexesDirectory.php
2011.08.09 17:32 B F:\xampp\htdocs\ZendLibrary\Zend\Tool\Project\Context\Zf\SessionsDirectory.php --> ftp.amfar.com.br /public_html/ZendLibrary/Zend/Tool/Project/Context/Zf SessionsDirectory.php
2011.08.09 17:32 B F:\xampp\htdocs\ZendLibrary\Zend\Tool\Project\Context\Zf\TemporaryDirectory.php --> ftp.amfar.com.br /public_html/ZendLibrary/Zend/Tool/Project/Context/Zf TemporaryDirectory.php
2011.08.09 17:33 B F:\xampp\htdocs\ZendLibrary\Zend\Tool\Project\Context\Zf\TestApplicationActionMethod.php --> ftp.amfar.com.br /public_html/ZendLibrary/Zend/Tool/Project/Context/Zf TestApplicationActionMethod.php
2011.08.09 17:33 B F:\xampp\htdocs\ZendLibrary\Zend\Tool\Project\Context\Zf\TestApplicationBootstrapFile.php --> ftp.amfar.com.br /public_html/ZendLibrary/Zend/Tool/Project/Context/Zf TestApplicationBootstrapFile.php
2011.08.09 17:33 B F:\xampp\htdocs\ZendLibrary\Zend\Tool\Project\Context\Zf\TestApplicationControllerDirectory.php --> ftp.amfar.com.br /public_html/ZendLibrary/Zend/Tool/Project/Context/Zf TestApplicationControllerDirectory.php
2011.08.09 17:33 B F:\xampp\htdocs\ZendLibrary\Zend\Tool\Project\Context\Zf\TestApplicationControllerFile.php --> ftp.amfar.com.br /public_html/ZendLibrary/Zend/Tool/Project/Context/Zf TestApplicationControllerFile.php
2011.08.09 17:33 B F:\xampp\htdocs\ZendLibrary\Zend\Tool\Project\Context\Zf\TestApplicationDirectory.php --> ftp.amfar.com.br /public_html/ZendLibrary/Zend/Tool/Project/Context/Zf TestApplicationDirectory.php
2011.08.09 17:33 B F:\xampp\htdocs\ZendLibrary\Zend\Tool\Project\Context\Zf\TestApplicationModuleDirectory.php --> ftp.amfar.com.br /public_html/ZendLibrary/Zend/Tool/Project/Context/Zf TestApplicationModuleDirectory.php
2011.08.09 17:33 B F:\xampp\htdocs\ZendLibrary\Zend\Tool\Project\Context\Zf\TestApplicationModulesDirectory.php --> ftp.amfar.com.br /public_html/ZendLibrary/Zend/Tool/Project/Context/Zf TestApplicationModulesDirectory.php
2011.08.09 17:33 B F:\xampp\htdocs\ZendLibrary\Zend\Tool\Project\Context\Zf\TestLibraryBootstrapFile.php --> ftp.amfar.com.br /public_html/ZendLibrary/Zend/Tool/Project/Context/Zf TestLibraryBootstrapFile.php
2011.08.09 17:33 B F:\xampp\htdocs\ZendLibrary\Zend\Tool\Project\Context\Zf\TestLibraryDirectory.php --> ftp.amfar.com.br /public_html/ZendLibrary/Zend/Tool/Project/Context/Zf TestLibraryDirectory.php
2011.08.09 17:33 B F:\xampp\htdocs\ZendLibrary\Zend\Tool\Project\Context\Zf\TestLibraryFile.php --> ftp.amfar.com.br /public_html/ZendLibrary/Zend/Tool/Project/Context/Zf TestLibraryFile.php
2011.08.09 17:33 B F:\xampp\htdocs\ZendLibrary\Zend\Tool\Project\Context\Zf\TestLibraryNamespaceDirectory.php --> ftp.amfar.com.br /public_html/ZendLibrary/Zend/Tool/Project/Context/Zf TestLibraryNamespaceDirectory.php
2011.08.09 17:33 B F:\xampp\htdocs\ZendLibrary\Zend\Tool\Project\Context\Zf\TestPHPUnitBootstrapFile.php --> ftp.amfar.com.br /public_html/ZendLibrary/Zend/Tool/Project/Context/Zf TestPHPUnitBootstrapFile.php
2011.08.09 17:33 B F:\xampp\htdocs\ZendLibrary\Zend\Tool\Project\Context\Zf\TestPHPUnitConfigFile.php --> ftp.amfar.com.br /public_html/ZendLibrary/Zend/Tool/Project/Context/Zf TestPHPUnitConfigFile.php
2011.08.09 17:33 B F:\xampp\htdocs\ZendLibrary\Zend\Tool\Project\Context\Zf\TestsDirectory.php --> ftp.amfar.com.br /public_html/ZendLibrary/Zend/Tool/Project/Context/Zf TestsDirectory.php
2011.08.09 17:33 B F:\xampp\htdocs\ZendLibrary\Zend\Tool\Project\Context\Zf\UploadsDirectory.php --> ftp.amfar.com.br /public_html/ZendLibrary/Zend/Tool/Project/Context/Zf UploadsDirectory.php
2011.08.09 17:33 B F:\xampp\htdocs\ZendLibrary\Zend\Tool\Project\Context\Zf\ViewControllerScriptsDirectory.php --> ftp.amfar.com.br /public_html/ZendLibrary/Zend/Tool/Project/Context/Zf ViewControllerScriptsDirectory.php
2011.08.09 17:33 B F:\xampp\htdocs\ZendLibrary\Zend\Tool\Project\Context\Zf\ViewFiltersDirectory.php --> ftp.amfar.com.br /public_html/ZendLibrary/Zend/Tool/Project/Context/Zf ViewFiltersDirectory.php
2011.08.09 17:33 B F:\xampp\htdocs\ZendLibrary\Zend\Tool\Project\Context\Zf\ViewHelpersDirectory.php --> ftp.amfar.com.br /public_html/ZendLibrary/Zend/Tool/Project/Context/Zf ViewHelpersDirectory.php
2011.08.09 17:33 B F:\xampp\htdocs\ZendLibrary\Zend\Tool\Project\Context\Zf\ViewScriptFile.php --> ftp.amfar.com.br /public_html/ZendLibrary/Zend/Tool/Project/Context/Zf ViewScriptFile.php
2011.08.09 17:33 B F:\xampp\htdocs\ZendLibrary\Zend\Tool\Project\Context\Zf\ViewScriptsDirectory.php --> ftp.amfar.com.br /public_html/ZendLibrary/Zend/Tool/Project/Context/Zf ViewScriptsDirectory.php
2011.08.09 17:33 B F:\xampp\htdocs\ZendLibrary\Zend\Tool\Project\Context\Zf\ViewsDirectory.php --> ftp.amfar.com.br /public_html/ZendLibrary/Zend/Tool/Project/Context/Zf ViewsDirectory.php
