2007.05.25 15:28 B Z:\mailing\e-mailing\fckeditor\editor\images\smiley\msn\angel_smile.gif --> ftp.sbrafh.org.br /public_html/e-mailing/fckeditor/editor/images/smiley/msn angel_smile.gif
2007.05.25 15:28 B Z:\mailing\e-mailing\fckeditor\editor\images\smiley\msn\angry_smile.gif --> ftp.sbrafh.org.br /public_html/e-mailing/fckeditor/editor/images/smiley/msn angry_smile.gif
2007.05.25 15:28 B Z:\mailing\e-mailing\fckeditor\editor\images\smiley\msn\broken_heart.gif --> ftp.sbrafh.org.br /public_html/e-mailing/fckeditor/editor/images/smiley/msn broken_heart.gif
2007.05.25 15:28 B Z:\mailing\e-mailing\fckeditor\editor\images\smiley\msn\cake.gif --> ftp.sbrafh.org.br /public_html/e-mailing/fckeditor/editor/images/smiley/msn cake.gif
2007.05.25 15:28 B Z:\mailing\e-mailing\fckeditor\editor\images\smiley\msn\confused_smile.gif --> ftp.sbrafh.org.br /public_html/e-mailing/fckeditor/editor/images/smiley/msn confused_smile.gif
2007.05.25 15:28 B Z:\mailing\e-mailing\fckeditor\editor\images\smiley\msn\cry_smile.gif --> ftp.sbrafh.org.br /public_html/e-mailing/fckeditor/editor/images/smiley/msn cry_smile.gif
2007.05.25 15:28 B Z:\mailing\e-mailing\fckeditor\editor\images\smiley\msn\devil_smile.gif --> ftp.sbrafh.org.br /public_html/e-mailing/fckeditor/editor/images/smiley/msn devil_smile.gif
2007.05.25 15:28 B Z:\mailing\e-mailing\fckeditor\editor\images\smiley\msn\embaressed_smile.gif --> ftp.sbrafh.org.br /public_html/e-mailing/fckeditor/editor/images/smiley/msn embaressed_smile.gif
2007.05.25 15:28 B Z:\mailing\e-mailing\fckeditor\editor\images\smiley\msn\envelope.gif --> ftp.sbrafh.org.br /public_html/e-mailing/fckeditor/editor/images/smiley/msn envelope.gif
2007.05.25 15:28 B Z:\mailing\e-mailing\fckeditor\editor\images\smiley\msn\heart.gif --> ftp.sbrafh.org.br /public_html/e-mailing/fckeditor/editor/images/smiley/msn heart.gif
2007.05.25 15:28 B Z:\mailing\e-mailing\fckeditor\editor\images\smiley\msn\kiss.gif --> ftp.sbrafh.org.br /public_html/e-mailing/fckeditor/editor/images/smiley/msn kiss.gif
2007.05.25 15:28 B Z:\mailing\e-mailing\fckeditor\editor\images\smiley\msn\lightbulb.gif --> ftp.sbrafh.org.br /public_html/e-mailing/fckeditor/editor/images/smiley/msn lightbulb.gif
2007.05.25 15:28 B Z:\mailing\e-mailing\fckeditor\editor\images\smiley\msn\omg_smile.gif --> ftp.sbrafh.org.br /public_html/e-mailing/fckeditor/editor/images/smiley/msn omg_smile.gif
2007.05.25 15:28 B Z:\mailing\e-mailing\fckeditor\editor\images\smiley\msn\regular_smile.gif --> ftp.sbrafh.org.br /public_html/e-mailing/fckeditor/editor/images/smiley/msn regular_smile.gif
2007.05.25 15:28 B Z:\mailing\e-mailing\fckeditor\editor\images\smiley\msn\sad_smile.gif --> ftp.sbrafh.org.br /public_html/e-mailing/fckeditor/editor/images/smiley/msn sad_smile.gif
2007.05.25 15:28 B Z:\mailing\e-mailing\fckeditor\editor\images\smiley\msn\shades_smile.gif --> ftp.sbrafh.org.br /public_html/e-mailing/fckeditor/editor/images/smiley/msn shades_smile.gif
2007.05.25 15:28 B Z:\mailing\e-mailing\fckeditor\editor\images\smiley\msn\teeth_smile.gif --> ftp.sbrafh.org.br /public_html/e-mailing/fckeditor/editor/images/smiley/msn teeth_smile.gif
2007.05.25 15:28 B Z:\mailing\e-mailing\fckeditor\editor\images\smiley\msn\thumbs_down.gif --> ftp.sbrafh.org.br /public_html/e-mailing/fckeditor/editor/images/smiley/msn thumbs_down.gif
2007.05.25 15:28 B Z:\mailing\e-mailing\fckeditor\editor\images\smiley\msn\thumbs_up.gif --> ftp.sbrafh.org.br /public_html/e-mailing/fckeditor/editor/images/smiley/msn thumbs_up.gif
2007.05.25 15:28 B Z:\mailing\e-mailing\fckeditor\editor\images\smiley\msn\tounge_smile.gif --> ftp.sbrafh.org.br /public_html/e-mailing/fckeditor/editor/images/smiley/msn tounge_smile.gif
2007.05.25 15:28 B Z:\mailing\e-mailing\fckeditor\editor\images\smiley\msn\whatchutalkingabout_smile.gif --> ftp.sbrafh.org.br /public_html/e-mailing/fckeditor/editor/images/smiley/msn whatchutalkingabout_smile.gif
2007.05.25 15:28 B Z:\mailing\e-mailing\fckeditor\editor\images\smiley\msn\wink_smile.gif --> ftp.sbrafh.org.br /public_html/e-mailing/fckeditor/editor/images/smiley/msn wink_smile.gif
2007.05.28 17:39 B Z:\mailing\e-mailing\fckeditor\editor\images\smiley\msn\angel_smile.gif <-- sbrafh /public_html/e-mailing/fckeditor/editor/images/smiley/msn angel_smile.gif
2007.05.28 17:39 B Z:\mailing\e-mailing\fckeditor\editor\images\smiley\msn\angry_smile.gif <-- sbrafh /public_html/e-mailing/fckeditor/editor/images/smiley/msn angry_smile.gif
2007.05.28 17:39 B Z:\mailing\e-mailing\fckeditor\editor\images\smiley\msn\broken_heart.gif <-- sbrafh /public_html/e-mailing/fckeditor/editor/images/smiley/msn broken_heart.gif
2007.05.28 17:39 B Z:\mailing\e-mailing\fckeditor\editor\images\smiley\msn\cake.gif <-- sbrafh /public_html/e-mailing/fckeditor/editor/images/smiley/msn cake.gif
2007.05.28 17:39 B Z:\mailing\e-mailing\fckeditor\editor\images\smiley\msn\confused_smile.gif <-- sbrafh /public_html/e-mailing/fckeditor/editor/images/smiley/msn confused_smile.gif
2007.05.28 17:39 B Z:\mailing\e-mailing\fckeditor\editor\images\smiley\msn\cry_smile.gif <-- sbrafh /public_html/e-mailing/fckeditor/editor/images/smiley/msn cry_smile.gif
2007.05.28 17:39 B Z:\mailing\e-mailing\fckeditor\editor\images\smiley\msn\devil_smile.gif <-- sbrafh /public_html/e-mailing/fckeditor/editor/images/smiley/msn devil_smile.gif
2007.05.28 17:39 B Z:\mailing\e-mailing\fckeditor\editor\images\smiley\msn\embaressed_smile.gif <-- sbrafh /public_html/e-mailing/fckeditor/editor/images/smiley/msn embaressed_smile.gif
2007.05.28 17:39 B Z:\mailing\e-mailing\fckeditor\editor\images\smiley\msn\envelope.gif <-- sbrafh /public_html/e-mailing/fckeditor/editor/images/smiley/msn envelope.gif
2007.05.28 17:39 B Z:\mailing\e-mailing\fckeditor\editor\images\smiley\msn\heart.gif <-- sbrafh /public_html/e-mailing/fckeditor/editor/images/smiley/msn heart.gif
2007.05.28 17:39 B Z:\mailing\e-mailing\fckeditor\editor\images\smiley\msn\kiss.gif <-- sbrafh /public_html/e-mailing/fckeditor/editor/images/smiley/msn kiss.gif
2007.05.28 17:39 B Z:\mailing\e-mailing\fckeditor\editor\images\smiley\msn\lightbulb.gif <-- sbrafh /public_html/e-mailing/fckeditor/editor/images/smiley/msn lightbulb.gif
2007.05.28 17:39 B Z:\mailing\e-mailing\fckeditor\editor\images\smiley\msn\omg_smile.gif <-- sbrafh /public_html/e-mailing/fckeditor/editor/images/smiley/msn omg_smile.gif
2007.05.28 17:39 B Z:\mailing\e-mailing\fckeditor\editor\images\smiley\msn\regular_smile.gif <-- sbrafh /public_html/e-mailing/fckeditor/editor/images/smiley/msn regular_smile.gif
2007.05.28 17:39 B Z:\mailing\e-mailing\fckeditor\editor\images\smiley\msn\sad_smile.gif <-- sbrafh /public_html/e-mailing/fckeditor/editor/images/smiley/msn sad_smile.gif
2007.05.28 17:39 B Z:\mailing\e-mailing\fckeditor\editor\images\smiley\msn\shades_smile.gif <-- sbrafh /public_html/e-mailing/fckeditor/editor/images/smiley/msn shades_smile.gif
2007.05.28 17:39 B Z:\mailing\e-mailing\fckeditor\editor\images\smiley\msn\teeth_smile.gif <-- sbrafh /public_html/e-mailing/fckeditor/editor/images/smiley/msn teeth_smile.gif
2007.05.28 17:39 B Z:\mailing\e-mailing\fckeditor\editor\images\smiley\msn\thumbs_down.gif <-- sbrafh /public_html/e-mailing/fckeditor/editor/images/smiley/msn thumbs_down.gif
2007.05.28 17:39 B Z:\mailing\e-mailing\fckeditor\editor\images\smiley\msn\thumbs_up.gif <-- sbrafh /public_html/e-mailing/fckeditor/editor/images/smiley/msn thumbs_up.gif
2007.05.28 17:40 B Z:\mailing\e-mailing\fckeditor\editor\images\smiley\msn\tounge_smile.gif <-- sbrafh /public_html/e-mailing/fckeditor/editor/images/smiley/msn tounge_smile.gif
2007.05.28 17:40 B Z:\mailing\e-mailing\fckeditor\editor\images\smiley\msn\whatchutalkingabout_smile.gif <-- sbrafh /public_html/e-mailing/fckeditor/editor/images/smiley/msn whatchutalkingabout_smile.gif
2007.05.28 17:40 B Z:\mailing\e-mailing\fckeditor\editor\images\smiley\msn\wink_smile.gif <-- sbrafh /public_html/e-mailing/fckeditor/editor/images/smiley/msn wink_smile.gif
2007.08.06 19:14 B Z:\amfar\admin\e-mailing\fckeditor\editor\images\smiley\msn\angel_smile.gif --> ftp635.locaweb.com.br /public_html/admin/e-mailing/fckeditor/editor/images/smiley/msn angel_smile.gif
2007.08.06 19:14 B Z:\amfar\admin\e-mailing\fckeditor\editor\images\smiley\msn\angry_smile.gif --> ftp635.locaweb.com.br /public_html/admin/e-mailing/fckeditor/editor/images/smiley/msn angry_smile.gif
2007.08.06 19:14 B Z:\amfar\admin\e-mailing\fckeditor\editor\images\smiley\msn\broken_heart.gif --> ftp635.locaweb.com.br /public_html/admin/e-mailing/fckeditor/editor/images/smiley/msn broken_heart.gif
2007.08.06 19:14 B Z:\amfar\admin\e-mailing\fckeditor\editor\images\smiley\msn\cake.gif --> ftp635.locaweb.com.br /public_html/admin/e-mailing/fckeditor/editor/images/smiley/msn cake.gif
2007.08.06 19:14 B Z:\amfar\admin\e-mailing\fckeditor\editor\images\smiley\msn\confused_smile.gif --> ftp635.locaweb.com.br /public_html/admin/e-mailing/fckeditor/editor/images/smiley/msn confused_smile.gif
2007.08.06 19:14 B Z:\amfar\admin\e-mailing\fckeditor\editor\images\smiley\msn\cry_smile.gif --> ftp635.locaweb.com.br /public_html/admin/e-mailing/fckeditor/editor/images/smiley/msn cry_smile.gif
2007.08.06 19:14 B Z:\amfar\admin\e-mailing\fckeditor\editor\images\smiley\msn\devil_smile.gif --> ftp635.locaweb.com.br /public_html/admin/e-mailing/fckeditor/editor/images/smiley/msn devil_smile.gif
2007.08.06 19:14 B Z:\amfar\admin\e-mailing\fckeditor\editor\images\smiley\msn\embaressed_smile.gif --> ftp635.locaweb.com.br /public_html/admin/e-mailing/fckeditor/editor/images/smiley/msn embaressed_smile.gif
2007.08.06 19:14 B Z:\amfar\admin\e-mailing\fckeditor\editor\images\smiley\msn\envelope.gif --> ftp635.locaweb.com.br /public_html/admin/e-mailing/fckeditor/editor/images/smiley/msn envelope.gif
2007.08.06 19:14 B Z:\amfar\admin\e-mailing\fckeditor\editor\images\smiley\msn\heart.gif --> ftp635.locaweb.com.br /public_html/admin/e-mailing/fckeditor/editor/images/smiley/msn heart.gif
2007.08.06 19:14 B Z:\amfar\admin\e-mailing\fckeditor\editor\images\smiley\msn\kiss.gif --> ftp635.locaweb.com.br /public_html/admin/e-mailing/fckeditor/editor/images/smiley/msn kiss.gif
2007.08.06 19:14 B Z:\amfar\admin\e-mailing\fckeditor\editor\images\smiley\msn\lightbulb.gif --> ftp635.locaweb.com.br /public_html/admin/e-mailing/fckeditor/editor/images/smiley/msn lightbulb.gif
2007.08.06 19:14 B Z:\amfar\admin\e-mailing\fckeditor\editor\images\smiley\msn\omg_smile.gif --> ftp635.locaweb.com.br /public_html/admin/e-mailing/fckeditor/editor/images/smiley/msn omg_smile.gif
2007.08.06 19:14 B Z:\amfar\admin\e-mailing\fckeditor\editor\images\smiley\msn\regular_smile.gif --> ftp635.locaweb.com.br /public_html/admin/e-mailing/fckeditor/editor/images/smiley/msn regular_smile.gif
2007.08.06 19:14 B Z:\amfar\admin\e-mailing\fckeditor\editor\images\smiley\msn\sad_smile.gif --> ftp635.locaweb.com.br /public_html/admin/e-mailing/fckeditor/editor/images/smiley/msn sad_smile.gif
2007.08.06 19:14 B Z:\amfar\admin\e-mailing\fckeditor\editor\images\smiley\msn\shades_smile.gif --> ftp635.locaweb.com.br /public_html/admin/e-mailing/fckeditor/editor/images/smiley/msn shades_smile.gif
2007.08.06 19:14 B Z:\amfar\admin\e-mailing\fckeditor\editor\images\smiley\msn\teeth_smile.gif --> ftp635.locaweb.com.br /public_html/admin/e-mailing/fckeditor/editor/images/smiley/msn teeth_smile.gif
2007.08.06 19:14 B Z:\amfar\admin\e-mailing\fckeditor\editor\images\smiley\msn\thumbs_down.gif --> ftp635.locaweb.com.br /public_html/admin/e-mailing/fckeditor/editor/images/smiley/msn thumbs_down.gif
2007.08.06 19:14 B Z:\amfar\admin\e-mailing\fckeditor\editor\images\smiley\msn\thumbs_up.gif --> ftp635.locaweb.com.br /public_html/admin/e-mailing/fckeditor/editor/images/smiley/msn thumbs_up.gif
2007.08.06 19:14 B Z:\amfar\admin\e-mailing\fckeditor\editor\images\smiley\msn\tounge_smile.gif --> ftp635.locaweb.com.br /public_html/admin/e-mailing/fckeditor/editor/images/smiley/msn tounge_smile.gif
2007.08.06 19:14 B Z:\amfar\admin\e-mailing\fckeditor\editor\images\smiley\msn\whatchutalkingabout_smile.gif --> ftp635.locaweb.com.br /public_html/admin/e-mailing/fckeditor/editor/images/smiley/msn whatchutalkingabout_smile.gif
2007.08.06 19:14 B Z:\amfar\admin\e-mailing\fckeditor\editor\images\smiley\msn\wink_smile.gif --> ftp635.locaweb.com.br /public_html/admin/e-mailing/fckeditor/editor/images/smiley/msn wink_smile.gif
