2011.06.20 18:53 B F:\xampp\htdocs\zf-tutorial\library\Zend\Service\DeveloperGarden\BaseUserService.php --> ftp.portalridgid.com.br /public_html/zf-tutorial/library/Zend/Service/DeveloperGarden BaseUserService.php
2011.06.20 18:53 B F:\xampp\htdocs\zf-tutorial\library\Zend\Service\DeveloperGarden\ConferenceCall.php --> ftp.portalridgid.com.br /public_html/zf-tutorial/library/Zend/Service/DeveloperGarden ConferenceCall.php
2011.06.20 18:53 B F:\xampp\htdocs\zf-tutorial\library\Zend\Service\DeveloperGarden\Credential.php --> ftp.portalridgid.com.br /public_html/zf-tutorial/library/Zend/Service/DeveloperGarden Credential.php
2011.06.20 18:53 B F:\xampp\htdocs\zf-tutorial\library\Zend\Service\DeveloperGarden\Exception.php --> ftp.portalridgid.com.br /public_html/zf-tutorial/library/Zend/Service/DeveloperGarden Exception.php
2011.06.20 18:53 B F:\xampp\htdocs\zf-tutorial\library\Zend\Service\DeveloperGarden\IpLocation.php --> ftp.portalridgid.com.br /public_html/zf-tutorial/library/Zend/Service/DeveloperGarden IpLocation.php
2011.06.20 18:53 B F:\xampp\htdocs\zf-tutorial\library\Zend\Service\DeveloperGarden\LocalSearch.php --> ftp.portalridgid.com.br /public_html/zf-tutorial/library/Zend/Service/DeveloperGarden LocalSearch.php
2011.06.20 18:53 B F:\xampp\htdocs\zf-tutorial\library\Zend\Service\DeveloperGarden\SecurityTokenServer.php --> ftp.portalridgid.com.br /public_html/zf-tutorial/library/Zend/Service/DeveloperGarden SecurityTokenServer.php
2011.06.20 18:53 B F:\xampp\htdocs\zf-tutorial\library\Zend\Service\DeveloperGarden\SendSms.php --> ftp.portalridgid.com.br /public_html/zf-tutorial/library/Zend/Service/DeveloperGarden SendSms.php
2011.06.20 18:53 B F:\xampp\htdocs\zf-tutorial\library\Zend\Service\DeveloperGarden\SmsValidation.php --> ftp.portalridgid.com.br /public_html/zf-tutorial/library/Zend/Service/DeveloperGarden SmsValidation.php
2011.06.20 18:53 B F:\xampp\htdocs\zf-tutorial\library\Zend\Service\DeveloperGarden\VoiceCall.php --> ftp.portalridgid.com.br /public_html/zf-tutorial/library/Zend/Service/DeveloperGarden VoiceCall.php
2011.06.30 03:16 B F:\xampp\htdocs\zendLibrary\Zend\Service\DeveloperGarden\WS_FTP.LOG --> ftp.sbrafh.org.br /sbrafh/Web/zendLibrary/Zend/Service/DeveloperGarden WS_FTP.LOG
2011.06.30 03:16 B F:\xampp\htdocs\zendLibrary\Zend\Service\DeveloperGarden\VoiceCall.php --> ftp.sbrafh.org.br /sbrafh/Web/zendLibrary/Zend/Service/DeveloperGarden VoiceCall.php
2011.06.30 03:16 B F:\xampp\htdocs\zendLibrary\Zend\Service\DeveloperGarden\SmsValidation.php --> ftp.sbrafh.org.br /sbrafh/Web/zendLibrary/Zend/Service/DeveloperGarden SmsValidation.php
2011.06.30 03:16 B F:\xampp\htdocs\zendLibrary\Zend\Service\DeveloperGarden\SendSms.php --> ftp.sbrafh.org.br /sbrafh/Web/zendLibrary/Zend/Service/DeveloperGarden SendSms.php
2011.06.30 03:16 B F:\xampp\htdocs\zendLibrary\Zend\Service\DeveloperGarden\SecurityTokenServer.php --> ftp.sbrafh.org.br /sbrafh/Web/zendLibrary/Zend/Service/DeveloperGarden SecurityTokenServer.php
2011.06.30 03:16 B F:\xampp\htdocs\zendLibrary\Zend\Service\DeveloperGarden\LocalSearch.php --> ftp.sbrafh.org.br /sbrafh/Web/zendLibrary/Zend/Service/DeveloperGarden LocalSearch.php
2011.06.30 03:16 B F:\xampp\htdocs\zendLibrary\Zend\Service\DeveloperGarden\IpLocation.php --> ftp.sbrafh.org.br /sbrafh/Web/zendLibrary/Zend/Service/DeveloperGarden IpLocation.php
2011.06.30 03:16 B F:\xampp\htdocs\zendLibrary\Zend\Service\DeveloperGarden\Exception.php --> ftp.sbrafh.org.br /sbrafh/Web/zendLibrary/Zend/Service/DeveloperGarden Exception.php
2011.06.30 03:16 B F:\xampp\htdocs\zendLibrary\Zend\Service\DeveloperGarden\Credential.php --> ftp.sbrafh.org.br /sbrafh/Web/zendLibrary/Zend/Service/DeveloperGarden Credential.php
2011.06.30 03:16 B F:\xampp\htdocs\zendLibrary\Zend\Service\DeveloperGarden\ConferenceCall.php --> ftp.sbrafh.org.br /sbrafh/Web/zendLibrary/Zend/Service/DeveloperGarden ConferenceCall.php
2011.06.30 03:16 B F:\xampp\htdocs\zendLibrary\Zend\Service\DeveloperGarden\BaseUserService.php --> ftp.sbrafh.org.br /sbrafh/Web/zendLibrary/Zend/Service/DeveloperGarden BaseUserService.php
2011.07.09 00:20 B F:\xampp\htdocs\zendLibrary\Zend\Service\DeveloperGarden\BaseUserService.php --> ftp.radiofone.com.br /public_html/radiofone/zendLibrary/Zend/Service/DeveloperGarden BaseUserService.php
2011.07.09 00:20 B F:\xampp\htdocs\zendLibrary\Zend\Service\DeveloperGarden\ConferenceCall.php --> ftp.radiofone.com.br /public_html/radiofone/zendLibrary/Zend/Service/DeveloperGarden ConferenceCall.php
2011.07.09 00:20 B F:\xampp\htdocs\zendLibrary\Zend\Service\DeveloperGarden\Credential.php --> ftp.radiofone.com.br /public_html/radiofone/zendLibrary/Zend/Service/DeveloperGarden Credential.php
2011.07.09 00:20 B F:\xampp\htdocs\zendLibrary\Zend\Service\DeveloperGarden\Exception.php --> ftp.radiofone.com.br /public_html/radiofone/zendLibrary/Zend/Service/DeveloperGarden Exception.php
2011.07.09 00:20 B F:\xampp\htdocs\zendLibrary\Zend\Service\DeveloperGarden\IpLocation.php --> ftp.radiofone.com.br /public_html/radiofone/zendLibrary/Zend/Service/DeveloperGarden IpLocation.php
2011.07.09 00:20 B F:\xampp\htdocs\zendLibrary\Zend\Service\DeveloperGarden\LocalSearch.php --> ftp.radiofone.com.br /public_html/radiofone/zendLibrary/Zend/Service/DeveloperGarden LocalSearch.php
2011.07.09 00:20 B F:\xampp\htdocs\zendLibrary\Zend\Service\DeveloperGarden\SecurityTokenServer.php --> ftp.radiofone.com.br /public_html/radiofone/zendLibrary/Zend/Service/DeveloperGarden SecurityTokenServer.php
2011.07.09 00:20 B F:\xampp\htdocs\zendLibrary\Zend\Service\DeveloperGarden\SendSms.php --> ftp.radiofone.com.br /public_html/radiofone/zendLibrary/Zend/Service/DeveloperGarden SendSms.php
2011.07.09 00:20 B F:\xampp\htdocs\zendLibrary\Zend\Service\DeveloperGarden\SmsValidation.php --> ftp.radiofone.com.br /public_html/radiofone/zendLibrary/Zend/Service/DeveloperGarden SmsValidation.php
2011.07.09 00:20 B F:\xampp\htdocs\zendLibrary\Zend\Service\DeveloperGarden\VoiceCall.php --> ftp.radiofone.com.br /public_html/radiofone/zendLibrary/Zend/Service/DeveloperGarden VoiceCall.php
2011.07.09 00:20 B F:\xampp\htdocs\zendLibrary\Zend\Service\DeveloperGarden\WS_FTP.LOG --> ftp.radiofone.com.br /public_html/radiofone/zendLibrary/Zend/Service/DeveloperGarden WS_FTP.LOG
2011.07.09 00:52 B F:\xampp\htdocs\zendLibrary\Zend\Service\DeveloperGarden\WS_FTP.LOG --> ftp.radiofone.com.br /public_html/radiofone/zendLibrary/Zend/Service/DeveloperGarden WS_FTP.LOG
2011.07.26 23:08 B F:\xampp\htdocs\zendLibrary\Zend\Service\DeveloperGarden\BaseUserService.php --> ftp.sobrafo.org.br /public_html/zendLibrary/Zend/Service/DeveloperGarden BaseUserService.php
2011.07.26 23:08 B F:\xampp\htdocs\zendLibrary\Zend\Service\DeveloperGarden\ConferenceCall.php --> ftp.sobrafo.org.br /public_html/zendLibrary/Zend/Service/DeveloperGarden ConferenceCall.php
2011.07.26 23:08 B F:\xampp\htdocs\zendLibrary\Zend\Service\DeveloperGarden\Credential.php --> ftp.sobrafo.org.br /public_html/zendLibrary/Zend/Service/DeveloperGarden Credential.php
2011.07.26 23:08 B F:\xampp\htdocs\zendLibrary\Zend\Service\DeveloperGarden\Exception.php --> ftp.sobrafo.org.br /public_html/zendLibrary/Zend/Service/DeveloperGarden Exception.php
2011.07.26 23:08 B F:\xampp\htdocs\zendLibrary\Zend\Service\DeveloperGarden\IpLocation.php --> ftp.sobrafo.org.br /public_html/zendLibrary/Zend/Service/DeveloperGarden IpLocation.php
2011.07.26 23:08 B F:\xampp\htdocs\zendLibrary\Zend\Service\DeveloperGarden\LocalSearch.php --> ftp.sobrafo.org.br /public_html/zendLibrary/Zend/Service/DeveloperGarden LocalSearch.php
2011.07.26 23:08 B F:\xampp\htdocs\zendLibrary\Zend\Service\DeveloperGarden\SecurityTokenServer.php --> ftp.sobrafo.org.br /public_html/zendLibrary/Zend/Service/DeveloperGarden SecurityTokenServer.php
2011.07.26 23:08 B F:\xampp\htdocs\zendLibrary\Zend\Service\DeveloperGarden\SendSms.php --> ftp.sobrafo.org.br /public_html/zendLibrary/Zend/Service/DeveloperGarden SendSms.php
2011.07.26 23:08 B F:\xampp\htdocs\zendLibrary\Zend\Service\DeveloperGarden\SmsValidation.php --> ftp.sobrafo.org.br /public_html/zendLibrary/Zend/Service/DeveloperGarden SmsValidation.php
2011.07.26 23:08 B F:\xampp\htdocs\zendLibrary\Zend\Service\DeveloperGarden\VoiceCall.php --> ftp.sobrafo.org.br /public_html/zendLibrary/Zend/Service/DeveloperGarden VoiceCall.php
2011.07.26 23:08 B F:\xampp\htdocs\zendLibrary\Zend\Service\DeveloperGarden\WS_FTP.LOG --> ftp.sobrafo.org.br /public_html/zendLibrary/Zend/Service/DeveloperGarden WS_FTP.LOG
2011.08.09 17:29 B F:\xampp\htdocs\ZendLibrary\Zend\Service\DeveloperGarden\BaseUserService.php --> ftp.amfar.com.br /public_html/ZendLibrary/Zend/Service/DeveloperGarden BaseUserService.php
2011.08.09 17:29 B F:\xampp\htdocs\ZendLibrary\Zend\Service\DeveloperGarden\ConferenceCall.php --> ftp.amfar.com.br /public_html/ZendLibrary/Zend/Service/DeveloperGarden ConferenceCall.php
2011.08.09 17:29 B F:\xampp\htdocs\ZendLibrary\Zend\Service\DeveloperGarden\Credential.php --> ftp.amfar.com.br /public_html/ZendLibrary/Zend/Service/DeveloperGarden Credential.php
2011.08.09 17:29 B F:\xampp\htdocs\ZendLibrary\Zend\Service\DeveloperGarden\Exception.php --> ftp.amfar.com.br /public_html/ZendLibrary/Zend/Service/DeveloperGarden Exception.php
2011.08.09 17:29 B F:\xampp\htdocs\ZendLibrary\Zend\Service\DeveloperGarden\IpLocation.php --> ftp.amfar.com.br /public_html/ZendLibrary/Zend/Service/DeveloperGarden IpLocation.php
2011.08.09 17:29 B F:\xampp\htdocs\ZendLibrary\Zend\Service\DeveloperGarden\LocalSearch.php --> ftp.amfar.com.br /public_html/ZendLibrary/Zend/Service/DeveloperGarden LocalSearch.php
2011.08.09 17:29 B F:\xampp\htdocs\ZendLibrary\Zend\Service\DeveloperGarden\SecurityTokenServer.php --> ftp.amfar.com.br /public_html/ZendLibrary/Zend/Service/DeveloperGarden SecurityTokenServer.php
2011.08.09 17:29 B F:\xampp\htdocs\ZendLibrary\Zend\Service\DeveloperGarden\SendSms.php --> ftp.amfar.com.br /public_html/ZendLibrary/Zend/Service/DeveloperGarden SendSms.php
2011.08.09 17:29 B F:\xampp\htdocs\ZendLibrary\Zend\Service\DeveloperGarden\SmsValidation.php --> ftp.amfar.com.br /public_html/ZendLibrary/Zend/Service/DeveloperGarden SmsValidation.php
2011.08.09 17:29 B F:\xampp\htdocs\ZendLibrary\Zend\Service\DeveloperGarden\VoiceCall.php --> ftp.amfar.com.br /public_html/ZendLibrary/Zend/Service/DeveloperGarden VoiceCall.php
