2011.06.20 18:40 B F:\xampp\htdocs\zf-tutorial\library\Zend\Ldap\Node\Abstract.php --> ftp.portalridgid.com.br /public_html/zf-tutorial/library/Zend/Ldap/Node Abstract.php
2011.06.20 18:40 B F:\xampp\htdocs\zf-tutorial\library\Zend\Ldap\Node\ChildrenIterator.php --> ftp.portalridgid.com.br /public_html/zf-tutorial/library/Zend/Ldap/Node ChildrenIterator.php
2011.06.20 18:40 B F:\xampp\htdocs\zf-tutorial\library\Zend\Ldap\Node\Collection.php --> ftp.portalridgid.com.br /public_html/zf-tutorial/library/Zend/Ldap/Node Collection.php
2011.06.20 18:40 B F:\xampp\htdocs\zf-tutorial\library\Zend\Ldap\Node\RootDse.php --> ftp.portalridgid.com.br /public_html/zf-tutorial/library/Zend/Ldap/Node RootDse.php
2011.06.20 18:40 B F:\xampp\htdocs\zf-tutorial\library\Zend\Ldap\Node\Schema.php --> ftp.portalridgid.com.br /public_html/zf-tutorial/library/Zend/Ldap/Node Schema.php
2011.06.30 03:31 B F:\xampp\htdocs\zendLibrary\Zend\Ldap\Node\WS_FTP.LOG --> ftp.sbrafh.org.br /sbrafh/Web/zendLibrary/Zend/Ldap/Node WS_FTP.LOG
2011.06.30 03:31 B F:\xampp\htdocs\zendLibrary\Zend\Ldap\Node\Schema.php --> ftp.sbrafh.org.br /sbrafh/Web/zendLibrary/Zend/Ldap/Node Schema.php
2011.06.30 03:31 B F:\xampp\htdocs\zendLibrary\Zend\Ldap\Node\RootDse.php --> ftp.sbrafh.org.br /sbrafh/Web/zendLibrary/Zend/Ldap/Node RootDse.php
2011.06.30 03:31 B F:\xampp\htdocs\zendLibrary\Zend\Ldap\Node\Collection.php --> ftp.sbrafh.org.br /sbrafh/Web/zendLibrary/Zend/Ldap/Node Collection.php
2011.06.30 03:31 B F:\xampp\htdocs\zendLibrary\Zend\Ldap\Node\ChildrenIterator.php --> ftp.sbrafh.org.br /sbrafh/Web/zendLibrary/Zend/Ldap/Node ChildrenIterator.php
2011.06.30 03:31 B F:\xampp\htdocs\zendLibrary\Zend\Ldap\Node\Abstract.php --> ftp.sbrafh.org.br /sbrafh/Web/zendLibrary/Zend/Ldap/Node Abstract.php
2011.07.08 23:54 B F:\xampp\htdocs\zendLibrary\Zend\Ldap\Node\Abstract.php --> ftp.radiofone.com.br /public_html/radiofone/zendLibrary/Zend/Ldap/Node Abstract.php
2011.07.08 23:54 B F:\xampp\htdocs\zendLibrary\Zend\Ldap\Node\ChildrenIterator.php --> ftp.radiofone.com.br /public_html/radiofone/zendLibrary/Zend/Ldap/Node ChildrenIterator.php
2011.07.08 23:54 B F:\xampp\htdocs\zendLibrary\Zend\Ldap\Node\Collection.php --> ftp.radiofone.com.br /public_html/radiofone/zendLibrary/Zend/Ldap/Node Collection.php
2011.07.08 23:54 B F:\xampp\htdocs\zendLibrary\Zend\Ldap\Node\RootDse.php --> ftp.radiofone.com.br /public_html/radiofone/zendLibrary/Zend/Ldap/Node RootDse.php
2011.07.08 23:54 B F:\xampp\htdocs\zendLibrary\Zend\Ldap\Node\Schema.php --> ftp.radiofone.com.br /public_html/radiofone/zendLibrary/Zend/Ldap/Node Schema.php
2011.07.08 23:54 B F:\xampp\htdocs\zendLibrary\Zend\Ldap\Node\WS_FTP.LOG --> ftp.radiofone.com.br /public_html/radiofone/zendLibrary/Zend/Ldap/Node WS_FTP.LOG
2011.07.09 00:49 B F:\xampp\htdocs\zendLibrary\Zend\Ldap\Node\WS_FTP.LOG --> ftp.radiofone.com.br /public_html/radiofone/zendLibrary/Zend/Ldap/Node WS_FTP.LOG
2011.07.26 22:55 B F:\xampp\htdocs\zendLibrary\Zend\Ldap\Node\Abstract.php --> ftp.sobrafo.org.br /public_html/zendLibrary/Zend/Ldap/Node Abstract.php
2011.07.26 22:55 B F:\xampp\htdocs\zendLibrary\Zend\Ldap\Node\ChildrenIterator.php --> ftp.sobrafo.org.br /public_html/zendLibrary/Zend/Ldap/Node ChildrenIterator.php
2011.07.26 22:55 B F:\xampp\htdocs\zendLibrary\Zend\Ldap\Node\Collection.php --> ftp.sobrafo.org.br /public_html/zendLibrary/Zend/Ldap/Node Collection.php
2011.07.26 22:55 B F:\xampp\htdocs\zendLibrary\Zend\Ldap\Node\RootDse.php --> ftp.sobrafo.org.br /public_html/zendLibrary/Zend/Ldap/Node RootDse.php
2011.07.26 22:55 B F:\xampp\htdocs\zendLibrary\Zend\Ldap\Node\Schema.php --> ftp.sobrafo.org.br /public_html/zendLibrary/Zend/Ldap/Node Schema.php
2011.07.26 22:55 B F:\xampp\htdocs\zendLibrary\Zend\Ldap\Node\WS_FTP.LOG --> ftp.sobrafo.org.br /public_html/zendLibrary/Zend/Ldap/Node WS_FTP.LOG
2011.08.09 17:15 B F:\xampp\htdocs\ZendLibrary\Zend\Ldap\Node\Abstract.php --> ftp.amfar.com.br /public_html/ZendLibrary/Zend/Ldap/Node Abstract.php
2011.08.09 17:15 B F:\xampp\htdocs\ZendLibrary\Zend\Ldap\Node\ChildrenIterator.php --> ftp.amfar.com.br /public_html/ZendLibrary/Zend/Ldap/Node ChildrenIterator.php
2011.08.09 17:15 B F:\xampp\htdocs\ZendLibrary\Zend\Ldap\Node\Collection.php --> ftp.amfar.com.br /public_html/ZendLibrary/Zend/Ldap/Node Collection.php
2011.08.09 17:15 B F:\xampp\htdocs\ZendLibrary\Zend\Ldap\Node\RootDse.php --> ftp.amfar.com.br /public_html/ZendLibrary/Zend/Ldap/Node RootDse.php
2011.08.09 17:15 B F:\xampp\htdocs\ZendLibrary\Zend\Ldap\Node\Schema.php --> ftp.amfar.com.br /public_html/ZendLibrary/Zend/Ldap/Node Schema.php
