2011.06.20 18:32 B F:\xampp\htdocs\zf-tutorial\library\Zend\CodeGenerator\Php\Docblock\Tag\License.php --> ftp.portalridgid.com.br /public_html/zf-tutorial/library/Zend/CodeGenerator/Php/Docblock/Tag License.php
2011.06.20 18:32 B F:\xampp\htdocs\zf-tutorial\library\Zend\CodeGenerator\Php\Docblock\Tag\Param.php --> ftp.portalridgid.com.br /public_html/zf-tutorial/library/Zend/CodeGenerator/Php/Docblock/Tag Param.php
2011.06.20 18:32 B F:\xampp\htdocs\zf-tutorial\library\Zend\CodeGenerator\Php\Docblock\Tag\Return.php --> ftp.portalridgid.com.br /public_html/zf-tutorial/library/Zend/CodeGenerator/Php/Docblock/Tag Return.php
2011.06.30 03:43 B F:\xampp\htdocs\zendLibrary\Zend\CodeGenerator\Php\Docblock\Tag\WS_FTP.LOG --> ftp.sbrafh.org.br /sbrafh/Web/zendLibrary/Zend/CodeGenerator/Php/Docblock/Tag WS_FTP.LOG
2011.06.30 03:43 B F:\xampp\htdocs\zendLibrary\Zend\CodeGenerator\Php\Docblock\Tag\Return.php --> ftp.sbrafh.org.br /sbrafh/Web/zendLibrary/Zend/CodeGenerator/Php/Docblock/Tag Return.php
2011.06.30 03:43 B F:\xampp\htdocs\zendLibrary\Zend\CodeGenerator\Php\Docblock\Tag\Param.php --> ftp.sbrafh.org.br /sbrafh/Web/zendLibrary/Zend/CodeGenerator/Php/Docblock/Tag Param.php
2011.06.30 03:43 B F:\xampp\htdocs\zendLibrary\Zend\CodeGenerator\Php\Docblock\Tag\License.php --> ftp.sbrafh.org.br /sbrafh/Web/zendLibrary/Zend/CodeGenerator/Php/Docblock/Tag License.php
2011.07.08 23:44 B F:\xampp\htdocs\zendLibrary\Zend\CodeGenerator\Php\Docblock\Tag\License.php --> ftp.radiofone.com.br /public_html/radiofone/zendLibrary/Zend/CodeGenerator/Php/Docblock/Tag License.php
2011.07.08 23:44 B F:\xampp\htdocs\zendLibrary\Zend\CodeGenerator\Php\Docblock\Tag\Param.php --> ftp.radiofone.com.br /public_html/radiofone/zendLibrary/Zend/CodeGenerator/Php/Docblock/Tag Param.php
2011.07.08 23:44 B F:\xampp\htdocs\zendLibrary\Zend\CodeGenerator\Php\Docblock\Tag\Return.php --> ftp.radiofone.com.br /public_html/radiofone/zendLibrary/Zend/CodeGenerator/Php/Docblock/Tag Return.php
2011.07.08 23:44 B F:\xampp\htdocs\zendLibrary\Zend\CodeGenerator\Php\Docblock\Tag\WS_FTP.LOG --> ftp.radiofone.com.br /public_html/radiofone/zendLibrary/Zend/CodeGenerator/Php/Docblock/Tag WS_FTP.LOG
2011.07.26 22:45 B F:\xampp\htdocs\zendLibrary\Zend\CodeGenerator\Php\Docblock\Tag\License.php --> ftp.sobrafo.org.br /public_html/zendLibrary/Zend/CodeGenerator/Php/Docblock/Tag License.php
2011.07.26 22:45 B F:\xampp\htdocs\zendLibrary\Zend\CodeGenerator\Php\Docblock\Tag\Param.php --> ftp.sobrafo.org.br /public_html/zendLibrary/Zend/CodeGenerator/Php/Docblock/Tag Param.php
2011.07.26 22:45 B F:\xampp\htdocs\zendLibrary\Zend\CodeGenerator\Php\Docblock\Tag\Return.php --> ftp.sobrafo.org.br /public_html/zendLibrary/Zend/CodeGenerator/Php/Docblock/Tag Return.php
2011.07.26 22:45 B F:\xampp\htdocs\zendLibrary\Zend\CodeGenerator\Php\Docblock\Tag\WS_FTP.LOG --> ftp.sobrafo.org.br /public_html/zendLibrary/Zend/CodeGenerator/Php/Docblock/Tag WS_FTP.LOG
2011.08.05 01:01 B F:\xampp\htdocs\ZendLibrary\Zend\CodeGenerator\Php\Docblock\Tag\WS_FTP.LOG --> ftp.portalridgid.com.br /public_html/zendLibrary/Zend/CodeGenerator/Php/Docblock/Tag WS_FTP.LOG
2011.08.09 16:55 B F:\xampp\htdocs\ZendLibrary\Zend\CodeGenerator\Php\Docblock\Tag\License.php --> ftp.amfar.com.br /public_html/ZendLibrary/Zend/CodeGenerator/Php/Docblock/Tag License.php
2011.08.09 16:55 B F:\xampp\htdocs\ZendLibrary\Zend\CodeGenerator\Php\Docblock\Tag\Param.php --> ftp.amfar.com.br /public_html/ZendLibrary/Zend/CodeGenerator/Php/Docblock/Tag Param.php
2011.08.09 16:55 B F:\xampp\htdocs\ZendLibrary\Zend\CodeGenerator\Php\Docblock\Tag\Return.php --> ftp.amfar.com.br /public_html/ZendLibrary/Zend/CodeGenerator/Php/Docblock/Tag Return.php
2011.08.09 16:55 B F:\xampp\htdocs\ZendLibrary\Zend\CodeGenerator\Php\Docblock\Tag\WS_FTP.LOG --> ftp.amfar.com.br /public_html/ZendLibrary/Zend/CodeGenerator/Php/Docblock/Tag WS_FTP.LOG
2011.08.22 20:57 B X:\xampp\htdocs\ZendLibrary\Zend\CodeGenerator\Php\Docblock\Tag\License.php --> ftp.jairodepaula.com.br /jairodepaula/web/ZendLibrary/Zend/CodeGenerator/Php/Docblock/Tag License.php
2011.08.22 20:58 B X:\xampp\htdocs\ZendLibrary\Zend\CodeGenerator\Php\Docblock\Tag\Param.php --> ftp.jairodepaula.com.br /jairodepaula/web/ZendLibrary/Zend/CodeGenerator/Php/Docblock/Tag Param.php
2011.08.22 20:58 B X:\xampp\htdocs\ZendLibrary\Zend\CodeGenerator\Php\Docblock\Tag\Return.php --> ftp.jairodepaula.com.br /jairodepaula/web/ZendLibrary/Zend/CodeGenerator/Php/Docblock/Tag Return.php
2011.08.22 20:58 B X:\xampp\htdocs\ZendLibrary\Zend\CodeGenerator\Php\Docblock\Tag\WS_FTP.LOG --> ftp.jairodepaula.com.br /jairodepaula/web/ZendLibrary/Zend/CodeGenerator/Php/Docblock/Tag WS_FTP.LOG
2011.12.31 14:47 B F:\xampp\htdocs\ZendLibrary\Zend\CodeGenerator\Php\Docblock\Tag\License.php --> ftp.sbrafh.org.br /public_html/ZendLibrary/Zend/CodeGenerator/Php/Docblock/Tag License.php
2011.12.31 14:47 B F:\xampp\htdocs\ZendLibrary\Zend\CodeGenerator\Php\Docblock\Tag\Param.php --> ftp.sbrafh.org.br /public_html/ZendLibrary/Zend/CodeGenerator/Php/Docblock/Tag Param.php
2011.12.31 14:47 B F:\xampp\htdocs\ZendLibrary\Zend\CodeGenerator\Php\Docblock\Tag\Return.php --> ftp.sbrafh.org.br /public_html/ZendLibrary/Zend/CodeGenerator/Php/Docblock/Tag Return.php
2011.12.31 14:47 B F:\xampp\htdocs\ZendLibrary\Zend\CodeGenerator\Php\Docblock\Tag\WS_FTP.LOG --> ftp.sbrafh.org.br /public_html/ZendLibrary/Zend/CodeGenerator/Php/Docblock/Tag WS_FTP.LOG
2012.01.06 03:16 B F:\xampp\htdocs\ZendLibrary\Zend\CodeGenerator\Php\Docblock\Tag\License.php --> ftp461.locaweb.com.br /ridgid/web/ZendLibrary/Zend/CodeGenerator/Php/Docblock/Tag License.php
2012.01.06 03:16 B F:\xampp\htdocs\ZendLibrary\Zend\CodeGenerator\Php\Docblock\Tag\Param.php --> ftp461.locaweb.com.br /ridgid/web/ZendLibrary/Zend/CodeGenerator/Php/Docblock/Tag Param.php
2012.01.06 03:16 B F:\xampp\htdocs\ZendLibrary\Zend\CodeGenerator\Php\Docblock\Tag\Return.php --> ftp461.locaweb.com.br /ridgid/web/ZendLibrary/Zend/CodeGenerator/Php/Docblock/Tag Return.php
2012.01.06 03:16 B F:\xampp\htdocs\ZendLibrary\Zend\CodeGenerator\Php\Docblock\Tag\WS_FTP.LOG --> ftp461.locaweb.com.br /ridgid/web/ZendLibrary/Zend/CodeGenerator/Php/Docblock/Tag WS_FTP.LOG
2012.01.24 17:30 B F:\xampp\htdocs\ZendLibrary\Zend\CodeGenerator\Php\Docblock\Tag\License.php --> graficamarmar.com.br /htdocs/ZendLibrary/Zend/CodeGenerator/Php/Docblock/Tag License.php
2012.01.24 17:30 B F:\xampp\htdocs\ZendLibrary\Zend\CodeGenerator\Php\Docblock\Tag\Param.php --> graficamarmar.com.br /htdocs/ZendLibrary/Zend/CodeGenerator/Php/Docblock/Tag Param.php
2012.01.24 17:30 B F:\xampp\htdocs\ZendLibrary\Zend\CodeGenerator\Php\Docblock\Tag\Return.php --> graficamarmar.com.br /htdocs/ZendLibrary/Zend/CodeGenerator/Php/Docblock/Tag Return.php
2012.01.24 17:30 B F:\xampp\htdocs\ZendLibrary\Zend\CodeGenerator\Php\Docblock\Tag\WS_FTP.LOG --> graficamarmar.com.br /htdocs/ZendLibrary/Zend/CodeGenerator/Php/Docblock/Tag WS_FTP.LOG
2012.02.08 17:04 B F:\xampp\htdocs\ZendLibrary\Zend\CodeGenerator\Php\Docblock\Tag\License.php --> graficamarmar.hospedagemdesites.ws /public_html/ZendLibrary/Zend/CodeGenerator/Php/Docblock/Tag License.php
2012.02.08 17:04 B F:\xampp\htdocs\ZendLibrary\Zend\CodeGenerator\Php\Docblock\Tag\Param.php --> graficamarmar.hospedagemdesites.ws /public_html/ZendLibrary/Zend/CodeGenerator/Php/Docblock/Tag Param.php
2012.02.08 17:04 B F:\xampp\htdocs\ZendLibrary\Zend\CodeGenerator\Php\Docblock\Tag\Return.php --> graficamarmar.hospedagemdesites.ws /public_html/ZendLibrary/Zend/CodeGenerator/Php/Docblock/Tag Return.php
2012.02.08 17:04 B F:\xampp\htdocs\ZendLibrary\Zend\CodeGenerator\Php\Docblock\Tag\WS_FTP.LOG --> graficamarmar.hospedagemdesites.ws /public_html/ZendLibrary/Zend/CodeGenerator/Php/Docblock/Tag WS_FTP.LOG
2012.10.29 14:41 B F:\xampp\htdocs\ZendLibrary\Zend\CodeGenerator\Php\Docblock\Tag\License.php --> 186.202.153.85 /public_html/ZendLibrary/Zend/CodeGenerator/Php/Docblock/Tag License.php
2012.10.29 14:41 B F:\xampp\htdocs\ZendLibrary\Zend\CodeGenerator\Php\Docblock\Tag\Param.php --> 186.202.153.85 /public_html/ZendLibrary/Zend/CodeGenerator/Php/Docblock/Tag Param.php
2012.10.29 14:41 B F:\xampp\htdocs\ZendLibrary\Zend\CodeGenerator\Php\Docblock\Tag\Return.php --> 186.202.153.85 /public_html/ZendLibrary/Zend/CodeGenerator/Php/Docblock/Tag Return.php
2012.10.29 14:41 B F:\xampp\htdocs\ZendLibrary\Zend\CodeGenerator\Php\Docblock\Tag\WS_FTP.LOG --> 186.202.153.85 /public_html/ZendLibrary/Zend/CodeGenerator/Php/Docblock/Tag WS_FTP.LOG
