2011.06.20 18:40 B F:\xampp\htdocs\zf-tutorial\library\Zend\Json\Decoder.php --> ftp.portalridgid.com.br /public_html/zf-tutorial/library/Zend/Json Decoder.php
2011.06.20 18:40 B F:\xampp\htdocs\zf-tutorial\library\Zend\Json\Encoder.php --> ftp.portalridgid.com.br /public_html/zf-tutorial/library/Zend/Json Encoder.php
2011.06.20 18:40 B F:\xampp\htdocs\zf-tutorial\library\Zend\Json\Exception.php --> ftp.portalridgid.com.br /public_html/zf-tutorial/library/Zend/Json Exception.php
2011.06.20 18:40 B F:\xampp\htdocs\zf-tutorial\library\Zend\Json\Expr.php --> ftp.portalridgid.com.br /public_html/zf-tutorial/library/Zend/Json Expr.php
2011.06.20 18:40 B F:\xampp\htdocs\zf-tutorial\library\Zend\Json\Server.php --> ftp.portalridgid.com.br /public_html/zf-tutorial/library/Zend/Json Server.php
2011.06.30 03:32 B F:\xampp\htdocs\zendLibrary\Zend\Json\WS_FTP.LOG --> ftp.sbrafh.org.br /sbrafh/Web/zendLibrary/Zend/Json WS_FTP.LOG
2011.06.30 03:32 B F:\xampp\htdocs\zendLibrary\Zend\Json\Server.php --> ftp.sbrafh.org.br /sbrafh/Web/zendLibrary/Zend/Json Server.php
2011.06.30 03:32 B F:\xampp\htdocs\zendLibrary\Zend\Json\Expr.php --> ftp.sbrafh.org.br /sbrafh/Web/zendLibrary/Zend/Json Expr.php
2011.06.30 03:32 B F:\xampp\htdocs\zendLibrary\Zend\Json\Exception.php --> ftp.sbrafh.org.br /sbrafh/Web/zendLibrary/Zend/Json Exception.php
2011.06.30 03:32 B F:\xampp\htdocs\zendLibrary\Zend\Json\Encoder.php --> ftp.sbrafh.org.br /sbrafh/Web/zendLibrary/Zend/Json Encoder.php
2011.06.30 03:32 B F:\xampp\htdocs\zendLibrary\Zend\Json\Decoder.php --> ftp.sbrafh.org.br /sbrafh/Web/zendLibrary/Zend/Json Decoder.php
2011.07.08 23:53 B F:\xampp\htdocs\zendLibrary\Zend\Json\Decoder.php --> ftp.radiofone.com.br /public_html/radiofone/zendLibrary/Zend/Json Decoder.php
2011.07.08 23:53 B F:\xampp\htdocs\zendLibrary\Zend\Json\Encoder.php --> ftp.radiofone.com.br /public_html/radiofone/zendLibrary/Zend/Json Encoder.php
2011.07.08 23:53 B F:\xampp\htdocs\zendLibrary\Zend\Json\Exception.php --> ftp.radiofone.com.br /public_html/radiofone/zendLibrary/Zend/Json Exception.php
2011.07.08 23:53 B F:\xampp\htdocs\zendLibrary\Zend\Json\Expr.php --> ftp.radiofone.com.br /public_html/radiofone/zendLibrary/Zend/Json Expr.php
2011.07.08 23:53 B F:\xampp\htdocs\zendLibrary\Zend\Json\Server.php --> ftp.radiofone.com.br /public_html/radiofone/zendLibrary/Zend/Json Server.php
2011.07.08 23:53 B F:\xampp\htdocs\zendLibrary\Zend\Json\WS_FTP.LOG --> ftp.radiofone.com.br /public_html/radiofone/zendLibrary/Zend/Json WS_FTP.LOG
2011.07.26 22:54 B F:\xampp\htdocs\zendLibrary\Zend\Json\Decoder.php --> ftp.sobrafo.org.br /public_html/zendLibrary/Zend/Json Decoder.php
2011.07.26 22:54 B F:\xampp\htdocs\zendLibrary\Zend\Json\Encoder.php --> ftp.sobrafo.org.br /public_html/zendLibrary/Zend/Json Encoder.php
2011.07.26 22:54 B F:\xampp\htdocs\zendLibrary\Zend\Json\Exception.php --> ftp.sobrafo.org.br /public_html/zendLibrary/Zend/Json Exception.php
2011.07.26 22:54 B F:\xampp\htdocs\zendLibrary\Zend\Json\Expr.php --> ftp.sobrafo.org.br /public_html/zendLibrary/Zend/Json Expr.php
2011.07.26 22:54 B F:\xampp\htdocs\zendLibrary\Zend\Json\Server.php --> ftp.sobrafo.org.br /public_html/zendLibrary/Zend/Json Server.php
2011.07.26 22:54 B F:\xampp\htdocs\zendLibrary\Zend\Json\WS_FTP.LOG --> ftp.sobrafo.org.br /public_html/zendLibrary/Zend/Json WS_FTP.LOG
2011.08.09 17:15 B F:\xampp\htdocs\ZendLibrary\Zend\Json\Decoder.php --> ftp.amfar.com.br /public_html/ZendLibrary/Zend/Json Decoder.php
2011.08.09 17:15 B F:\xampp\htdocs\ZendLibrary\Zend\Json\Encoder.php --> ftp.amfar.com.br /public_html/ZendLibrary/Zend/Json Encoder.php
2011.08.09 17:15 B F:\xampp\htdocs\ZendLibrary\Zend\Json\Exception.php --> ftp.amfar.com.br /public_html/ZendLibrary/Zend/Json Exception.php
2011.08.09 17:15 B F:\xampp\htdocs\ZendLibrary\Zend\Json\Expr.php --> ftp.amfar.com.br /public_html/ZendLibrary/Zend/Json Expr.php
2011.08.09 17:15 B F:\xampp\htdocs\ZendLibrary\Zend\Json\Server.php --> ftp.amfar.com.br /public_html/ZendLibrary/Zend/Json Server.php
