2011.06.20 18:33 B F:\xampp\htdocs\zf-tutorial\library\Zend\Dojo\Form\Element\Button.php --> ftp.portalridgid.com.br /public_html/zf-tutorial/library/Zend/Dojo/Form/Element Button.php
2011.06.20 18:33 B F:\xampp\htdocs\zf-tutorial\library\Zend\Dojo\Form\Element\CheckBox.php --> ftp.portalridgid.com.br /public_html/zf-tutorial/library/Zend/Dojo/Form/Element CheckBox.php
2011.06.20 18:33 B F:\xampp\htdocs\zf-tutorial\library\Zend\Dojo\Form\Element\ComboBox.php --> ftp.portalridgid.com.br /public_html/zf-tutorial/library/Zend/Dojo/Form/Element ComboBox.php
2011.06.20 18:33 B F:\xampp\htdocs\zf-tutorial\library\Zend\Dojo\Form\Element\CurrencyTextBox.php --> ftp.portalridgid.com.br /public_html/zf-tutorial/library/Zend/Dojo/Form/Element CurrencyTextBox.php
2011.06.20 18:33 B F:\xampp\htdocs\zf-tutorial\library\Zend\Dojo\Form\Element\DateTextBox.php --> ftp.portalridgid.com.br /public_html/zf-tutorial/library/Zend/Dojo/Form/Element DateTextBox.php
2011.06.20 18:33 B F:\xampp\htdocs\zf-tutorial\library\Zend\Dojo\Form\Element\Dijit.php --> ftp.portalridgid.com.br /public_html/zf-tutorial/library/Zend/Dojo/Form/Element Dijit.php
2011.06.20 18:33 B F:\xampp\htdocs\zf-tutorial\library\Zend\Dojo\Form\Element\DijitMulti.php --> ftp.portalridgid.com.br /public_html/zf-tutorial/library/Zend/Dojo/Form/Element DijitMulti.php
2011.06.20 18:33 B F:\xampp\htdocs\zf-tutorial\library\Zend\Dojo\Form\Element\Editor.php --> ftp.portalridgid.com.br /public_html/zf-tutorial/library/Zend/Dojo/Form/Element Editor.php
2011.06.20 18:33 B F:\xampp\htdocs\zf-tutorial\library\Zend\Dojo\Form\Element\FilteringSelect.php --> ftp.portalridgid.com.br /public_html/zf-tutorial/library/Zend/Dojo/Form/Element FilteringSelect.php
2011.06.20 18:33 B F:\xampp\htdocs\zf-tutorial\library\Zend\Dojo\Form\Element\HorizontalSlider.php --> ftp.portalridgid.com.br /public_html/zf-tutorial/library/Zend/Dojo/Form/Element HorizontalSlider.php
2011.06.20 18:34 B F:\xampp\htdocs\zf-tutorial\library\Zend\Dojo\Form\Element\NumberSpinner.php --> ftp.portalridgid.com.br /public_html/zf-tutorial/library/Zend/Dojo/Form/Element NumberSpinner.php
2011.06.20 18:34 B F:\xampp\htdocs\zf-tutorial\library\Zend\Dojo\Form\Element\NumberTextBox.php --> ftp.portalridgid.com.br /public_html/zf-tutorial/library/Zend/Dojo/Form/Element NumberTextBox.php
2011.06.20 18:34 B F:\xampp\htdocs\zf-tutorial\library\Zend\Dojo\Form\Element\PasswordTextBox.php --> ftp.portalridgid.com.br /public_html/zf-tutorial/library/Zend/Dojo/Form/Element PasswordTextBox.php
2011.06.20 18:34 B F:\xampp\htdocs\zf-tutorial\library\Zend\Dojo\Form\Element\RadioButton.php --> ftp.portalridgid.com.br /public_html/zf-tutorial/library/Zend/Dojo/Form/Element RadioButton.php
2011.06.20 18:34 B F:\xampp\htdocs\zf-tutorial\library\Zend\Dojo\Form\Element\SimpleTextarea.php --> ftp.portalridgid.com.br /public_html/zf-tutorial/library/Zend/Dojo/Form/Element SimpleTextarea.php
2011.06.20 18:34 B F:\xampp\htdocs\zf-tutorial\library\Zend\Dojo\Form\Element\Slider.php --> ftp.portalridgid.com.br /public_html/zf-tutorial/library/Zend/Dojo/Form/Element Slider.php
2011.06.20 18:34 B F:\xampp\htdocs\zf-tutorial\library\Zend\Dojo\Form\Element\SubmitButton.php --> ftp.portalridgid.com.br /public_html/zf-tutorial/library/Zend/Dojo/Form/Element SubmitButton.php
2011.06.20 18:34 B F:\xampp\htdocs\zf-tutorial\library\Zend\Dojo\Form\Element\Textarea.php --> ftp.portalridgid.com.br /public_html/zf-tutorial/library/Zend/Dojo/Form/Element Textarea.php
2011.06.20 18:34 B F:\xampp\htdocs\zf-tutorial\library\Zend\Dojo\Form\Element\TextBox.php --> ftp.portalridgid.com.br /public_html/zf-tutorial/library/Zend/Dojo/Form/Element TextBox.php
2011.06.20 18:34 B F:\xampp\htdocs\zf-tutorial\library\Zend\Dojo\Form\Element\TimeTextBox.php --> ftp.portalridgid.com.br /public_html/zf-tutorial/library/Zend/Dojo/Form/Element TimeTextBox.php
2011.06.20 18:34 B F:\xampp\htdocs\zf-tutorial\library\Zend\Dojo\Form\Element\ValidationTextBox.php --> ftp.portalridgid.com.br /public_html/zf-tutorial/library/Zend/Dojo/Form/Element ValidationTextBox.php
2011.06.20 18:34 B F:\xampp\htdocs\zf-tutorial\library\Zend\Dojo\Form\Element\VerticalSlider.php --> ftp.portalridgid.com.br /public_html/zf-tutorial/library/Zend/Dojo/Form/Element VerticalSlider.php
2011.06.30 03:40 B F:\xampp\htdocs\zendLibrary\Zend\Dojo\Form\Element\WS_FTP.LOG --> ftp.sbrafh.org.br /sbrafh/Web/zendLibrary/Zend/Dojo/Form/Element WS_FTP.LOG
2011.06.30 03:40 B F:\xampp\htdocs\zendLibrary\Zend\Dojo\Form\Element\ValidationTextBox.php --> ftp.sbrafh.org.br /sbrafh/Web/zendLibrary/Zend/Dojo/Form/Element ValidationTextBox.php
2011.06.30 03:40 B F:\xampp\htdocs\zendLibrary\Zend\Dojo\Form\Element\NumberSpinner.php --> ftp.sbrafh.org.br /sbrafh/Web/zendLibrary/Zend/Dojo/Form/Element NumberSpinner.php
2011.06.30 03:40 B F:\xampp\htdocs\zendLibrary\Zend\Dojo\Form\Element\Editor.php --> ftp.sbrafh.org.br /sbrafh/Web/zendLibrary/Zend/Dojo/Form/Element Editor.php
2011.06.30 03:40 B F:\xampp\htdocs\zendLibrary\Zend\Dojo\Form\Element\VerticalSlider.php --> ftp.sbrafh.org.br /sbrafh/Web/zendLibrary/Zend/Dojo/Form/Element VerticalSlider.php
2011.06.30 03:40 B F:\xampp\htdocs\zendLibrary\Zend\Dojo\Form\Element\TimeTextBox.php --> ftp.sbrafh.org.br /sbrafh/Web/zendLibrary/Zend/Dojo/Form/Element TimeTextBox.php
2011.06.30 03:40 B F:\xampp\htdocs\zendLibrary\Zend\Dojo\Form\Element\TextBox.php --> ftp.sbrafh.org.br /sbrafh/Web/zendLibrary/Zend/Dojo/Form/Element TextBox.php
2011.06.30 03:40 B F:\xampp\htdocs\zendLibrary\Zend\Dojo\Form\Element\Textarea.php --> ftp.sbrafh.org.br /sbrafh/Web/zendLibrary/Zend/Dojo/Form/Element Textarea.php
2011.06.30 03:40 B F:\xampp\htdocs\zendLibrary\Zend\Dojo\Form\Element\SubmitButton.php --> ftp.sbrafh.org.br /sbrafh/Web/zendLibrary/Zend/Dojo/Form/Element SubmitButton.php
2011.06.30 03:40 B F:\xampp\htdocs\zendLibrary\Zend\Dojo\Form\Element\Slider.php --> ftp.sbrafh.org.br /sbrafh/Web/zendLibrary/Zend/Dojo/Form/Element Slider.php
2011.06.30 03:40 B F:\xampp\htdocs\zendLibrary\Zend\Dojo\Form\Element\SimpleTextarea.php --> ftp.sbrafh.org.br /sbrafh/Web/zendLibrary/Zend/Dojo/Form/Element SimpleTextarea.php
2011.06.30 03:40 B F:\xampp\htdocs\zendLibrary\Zend\Dojo\Form\Element\RadioButton.php --> ftp.sbrafh.org.br /sbrafh/Web/zendLibrary/Zend/Dojo/Form/Element RadioButton.php
2011.06.30 03:40 B F:\xampp\htdocs\zendLibrary\Zend\Dojo\Form\Element\PasswordTextBox.php --> ftp.sbrafh.org.br /sbrafh/Web/zendLibrary/Zend/Dojo/Form/Element PasswordTextBox.php
2011.06.30 03:40 B F:\xampp\htdocs\zendLibrary\Zend\Dojo\Form\Element\NumberTextBox.php --> ftp.sbrafh.org.br /sbrafh/Web/zendLibrary/Zend/Dojo/Form/Element NumberTextBox.php
2011.06.30 03:40 B F:\xampp\htdocs\zendLibrary\Zend\Dojo\Form\Element\HorizontalSlider.php --> ftp.sbrafh.org.br /sbrafh/Web/zendLibrary/Zend/Dojo/Form/Element HorizontalSlider.php
2011.06.30 03:40 B F:\xampp\htdocs\zendLibrary\Zend\Dojo\Form\Element\FilteringSelect.php --> ftp.sbrafh.org.br /sbrafh/Web/zendLibrary/Zend/Dojo/Form/Element FilteringSelect.php
2011.06.30 03:40 B F:\xampp\htdocs\zendLibrary\Zend\Dojo\Form\Element\DijitMulti.php --> ftp.sbrafh.org.br /sbrafh/Web/zendLibrary/Zend/Dojo/Form/Element DijitMulti.php
2011.06.30 03:40 B F:\xampp\htdocs\zendLibrary\Zend\Dojo\Form\Element\Dijit.php --> ftp.sbrafh.org.br /sbrafh/Web/zendLibrary/Zend/Dojo/Form/Element Dijit.php
2011.06.30 03:40 B F:\xampp\htdocs\zendLibrary\Zend\Dojo\Form\Element\DateTextBox.php --> ftp.sbrafh.org.br /sbrafh/Web/zendLibrary/Zend/Dojo/Form/Element DateTextBox.php
2011.06.30 03:40 B F:\xampp\htdocs\zendLibrary\Zend\Dojo\Form\Element\CurrencyTextBox.php --> ftp.sbrafh.org.br /sbrafh/Web/zendLibrary/Zend/Dojo/Form/Element CurrencyTextBox.php
2011.06.30 03:40 B F:\xampp\htdocs\zendLibrary\Zend\Dojo\Form\Element\ComboBox.php --> ftp.sbrafh.org.br /sbrafh/Web/zendLibrary/Zend/Dojo/Form/Element ComboBox.php
2011.06.30 03:40 B F:\xampp\htdocs\zendLibrary\Zend\Dojo\Form\Element\CheckBox.php --> ftp.sbrafh.org.br /sbrafh/Web/zendLibrary/Zend/Dojo/Form/Element CheckBox.php
2011.06.30 03:40 B F:\xampp\htdocs\zendLibrary\Zend\Dojo\Form\Element\Button.php --> ftp.sbrafh.org.br /sbrafh/Web/zendLibrary/Zend/Dojo/Form/Element Button.php
2011.07.08 23:47 B F:\xampp\htdocs\zendLibrary\Zend\Dojo\Form\Element\Button.php --> ftp.radiofone.com.br /public_html/radiofone/zendLibrary/Zend/Dojo/Form/Element Button.php
2011.07.08 23:47 B F:\xampp\htdocs\zendLibrary\Zend\Dojo\Form\Element\CheckBox.php --> ftp.radiofone.com.br /public_html/radiofone/zendLibrary/Zend/Dojo/Form/Element CheckBox.php
2011.07.08 23:47 B F:\xampp\htdocs\zendLibrary\Zend\Dojo\Form\Element\ComboBox.php --> ftp.radiofone.com.br /public_html/radiofone/zendLibrary/Zend/Dojo/Form/Element ComboBox.php
2011.07.08 23:47 B F:\xampp\htdocs\zendLibrary\Zend\Dojo\Form\Element\CurrencyTextBox.php --> ftp.radiofone.com.br /public_html/radiofone/zendLibrary/Zend/Dojo/Form/Element CurrencyTextBox.php
2011.07.08 23:47 B F:\xampp\htdocs\zendLibrary\Zend\Dojo\Form\Element\DateTextBox.php --> ftp.radiofone.com.br /public_html/radiofone/zendLibrary/Zend/Dojo/Form/Element DateTextBox.php
2011.07.08 23:47 B F:\xampp\htdocs\zendLibrary\Zend\Dojo\Form\Element\Dijit.php --> ftp.radiofone.com.br /public_html/radiofone/zendLibrary/Zend/Dojo/Form/Element Dijit.php
2011.07.08 23:47 B F:\xampp\htdocs\zendLibrary\Zend\Dojo\Form\Element\DijitMulti.php --> ftp.radiofone.com.br /public_html/radiofone/zendLibrary/Zend/Dojo/Form/Element DijitMulti.php
2011.07.08 23:47 B F:\xampp\htdocs\zendLibrary\Zend\Dojo\Form\Element\Editor.php --> ftp.radiofone.com.br /public_html/radiofone/zendLibrary/Zend/Dojo/Form/Element Editor.php
2011.07.08 23:47 B F:\xampp\htdocs\zendLibrary\Zend\Dojo\Form\Element\FilteringSelect.php --> ftp.radiofone.com.br /public_html/radiofone/zendLibrary/Zend/Dojo/Form/Element FilteringSelect.php
2011.07.08 23:47 B F:\xampp\htdocs\zendLibrary\Zend\Dojo\Form\Element\HorizontalSlider.php --> ftp.radiofone.com.br /public_html/radiofone/zendLibrary/Zend/Dojo/Form/Element HorizontalSlider.php
2011.07.08 23:47 B F:\xampp\htdocs\zendLibrary\Zend\Dojo\Form\Element\NumberSpinner.php --> ftp.radiofone.com.br /public_html/radiofone/zendLibrary/Zend/Dojo/Form/Element NumberSpinner.php
2011.07.08 23:47 B F:\xampp\htdocs\zendLibrary\Zend\Dojo\Form\Element\NumberTextBox.php --> ftp.radiofone.com.br /public_html/radiofone/zendLibrary/Zend/Dojo/Form/Element NumberTextBox.php
2011.07.08 23:47 B F:\xampp\htdocs\zendLibrary\Zend\Dojo\Form\Element\PasswordTextBox.php --> ftp.radiofone.com.br /public_html/radiofone/zendLibrary/Zend/Dojo/Form/Element PasswordTextBox.php
2011.07.08 23:47 B F:\xampp\htdocs\zendLibrary\Zend\Dojo\Form\Element\RadioButton.php --> ftp.radiofone.com.br /public_html/radiofone/zendLibrary/Zend/Dojo/Form/Element RadioButton.php
2011.07.08 23:47 B F:\xampp\htdocs\zendLibrary\Zend\Dojo\Form\Element\SimpleTextarea.php --> ftp.radiofone.com.br /public_html/radiofone/zendLibrary/Zend/Dojo/Form/Element SimpleTextarea.php
2011.07.08 23:47 B F:\xampp\htdocs\zendLibrary\Zend\Dojo\Form\Element\Slider.php --> ftp.radiofone.com.br /public_html/radiofone/zendLibrary/Zend/Dojo/Form/Element Slider.php
2011.07.08 23:47 B F:\xampp\htdocs\zendLibrary\Zend\Dojo\Form\Element\SubmitButton.php --> ftp.radiofone.com.br /public_html/radiofone/zendLibrary/Zend/Dojo/Form/Element SubmitButton.php
2011.07.08 23:47 B F:\xampp\htdocs\zendLibrary\Zend\Dojo\Form\Element\Textarea.php --> ftp.radiofone.com.br /public_html/radiofone/zendLibrary/Zend/Dojo/Form/Element Textarea.php
2011.07.08 23:47 B F:\xampp\htdocs\zendLibrary\Zend\Dojo\Form\Element\TextBox.php --> ftp.radiofone.com.br /public_html/radiofone/zendLibrary/Zend/Dojo/Form/Element TextBox.php
2011.07.08 23:47 B F:\xampp\htdocs\zendLibrary\Zend\Dojo\Form\Element\TimeTextBox.php --> ftp.radiofone.com.br /public_html/radiofone/zendLibrary/Zend/Dojo/Form/Element TimeTextBox.php
2011.07.08 23:47 B F:\xampp\htdocs\zendLibrary\Zend\Dojo\Form\Element\ValidationTextBox.php --> ftp.radiofone.com.br /public_html/radiofone/zendLibrary/Zend/Dojo/Form/Element ValidationTextBox.php
2011.07.08 23:47 B F:\xampp\htdocs\zendLibrary\Zend\Dojo\Form\Element\VerticalSlider.php --> ftp.radiofone.com.br /public_html/radiofone/zendLibrary/Zend/Dojo/Form/Element VerticalSlider.php
2011.07.08 23:47 B F:\xampp\htdocs\zendLibrary\Zend\Dojo\Form\Element\WS_FTP.LOG --> ftp.radiofone.com.br /public_html/radiofone/zendLibrary/Zend/Dojo/Form/Element WS_FTP.LOG
2011.07.09 00:46 B F:\xampp\htdocs\zendLibrary\Zend\Dojo\Form\Element\WS_FTP.LOG --> ftp.radiofone.com.br /public_html/radiofone/zendLibrary/Zend/Dojo/Form/Element WS_FTP.LOG
2011.07.26 22:47 B F:\xampp\htdocs\zendLibrary\Zend\Dojo\Form\Element\Button.php --> ftp.sobrafo.org.br /public_html/zendLibrary/Zend/Dojo/Form/Element Button.php
2011.07.26 22:47 B F:\xampp\htdocs\zendLibrary\Zend\Dojo\Form\Element\CheckBox.php --> ftp.sobrafo.org.br /public_html/zendLibrary/Zend/Dojo/Form/Element CheckBox.php
2011.07.26 22:47 B F:\xampp\htdocs\zendLibrary\Zend\Dojo\Form\Element\ComboBox.php --> ftp.sobrafo.org.br /public_html/zendLibrary/Zend/Dojo/Form/Element ComboBox.php
2011.07.26 22:47 B F:\xampp\htdocs\zendLibrary\Zend\Dojo\Form\Element\CurrencyTextBox.php --> ftp.sobrafo.org.br /public_html/zendLibrary/Zend/Dojo/Form/Element CurrencyTextBox.php
2011.07.26 22:47 B F:\xampp\htdocs\zendLibrary\Zend\Dojo\Form\Element\DateTextBox.php --> ftp.sobrafo.org.br /public_html/zendLibrary/Zend/Dojo/Form/Element DateTextBox.php
2011.07.26 22:47 B F:\xampp\htdocs\zendLibrary\Zend\Dojo\Form\Element\Dijit.php --> ftp.sobrafo.org.br /public_html/zendLibrary/Zend/Dojo/Form/Element Dijit.php
2011.07.26 22:47 B F:\xampp\htdocs\zendLibrary\Zend\Dojo\Form\Element\DijitMulti.php --> ftp.sobrafo.org.br /public_html/zendLibrary/Zend/Dojo/Form/Element DijitMulti.php
2011.07.26 22:47 B F:\xampp\htdocs\zendLibrary\Zend\Dojo\Form\Element\Editor.php --> ftp.sobrafo.org.br /public_html/zendLibrary/Zend/Dojo/Form/Element Editor.php
2011.07.26 22:47 B F:\xampp\htdocs\zendLibrary\Zend\Dojo\Form\Element\FilteringSelect.php --> ftp.sobrafo.org.br /public_html/zendLibrary/Zend/Dojo/Form/Element FilteringSelect.php
2011.07.26 22:47 B F:\xampp\htdocs\zendLibrary\Zend\Dojo\Form\Element\HorizontalSlider.php --> ftp.sobrafo.org.br /public_html/zendLibrary/Zend/Dojo/Form/Element HorizontalSlider.php
2011.07.26 22:47 B F:\xampp\htdocs\zendLibrary\Zend\Dojo\Form\Element\NumberSpinner.php --> ftp.sobrafo.org.br /public_html/zendLibrary/Zend/Dojo/Form/Element NumberSpinner.php
2011.07.26 22:47 B F:\xampp\htdocs\zendLibrary\Zend\Dojo\Form\Element\NumberTextBox.php --> ftp.sobrafo.org.br /public_html/zendLibrary/Zend/Dojo/Form/Element NumberTextBox.php
2011.07.26 22:47 B F:\xampp\htdocs\zendLibrary\Zend\Dojo\Form\Element\PasswordTextBox.php --> ftp.sobrafo.org.br /public_html/zendLibrary/Zend/Dojo/Form/Element PasswordTextBox.php
2011.07.26 22:47 B F:\xampp\htdocs\zendLibrary\Zend\Dojo\Form\Element\RadioButton.php --> ftp.sobrafo.org.br /public_html/zendLibrary/Zend/Dojo/Form/Element RadioButton.php
2011.07.26 22:47 B F:\xampp\htdocs\zendLibrary\Zend\Dojo\Form\Element\SimpleTextarea.php --> ftp.sobrafo.org.br /public_html/zendLibrary/Zend/Dojo/Form/Element SimpleTextarea.php
2011.07.26 22:47 B F:\xampp\htdocs\zendLibrary\Zend\Dojo\Form\Element\Slider.php --> ftp.sobrafo.org.br /public_html/zendLibrary/Zend/Dojo/Form/Element Slider.php
2011.07.26 22:47 B F:\xampp\htdocs\zendLibrary\Zend\Dojo\Form\Element\SubmitButton.php --> ftp.sobrafo.org.br /public_html/zendLibrary/Zend/Dojo/Form/Element SubmitButton.php
2011.07.26 22:47 B F:\xampp\htdocs\zendLibrary\Zend\Dojo\Form\Element\Textarea.php --> ftp.sobrafo.org.br /public_html/zendLibrary/Zend/Dojo/Form/Element Textarea.php
2011.07.26 22:47 B F:\xampp\htdocs\zendLibrary\Zend\Dojo\Form\Element\TextBox.php --> ftp.sobrafo.org.br /public_html/zendLibrary/Zend/Dojo/Form/Element TextBox.php
2011.07.26 22:47 B F:\xampp\htdocs\zendLibrary\Zend\Dojo\Form\Element\TimeTextBox.php --> ftp.sobrafo.org.br /public_html/zendLibrary/Zend/Dojo/Form/Element TimeTextBox.php
2011.07.26 22:47 B F:\xampp\htdocs\zendLibrary\Zend\Dojo\Form\Element\ValidationTextBox.php --> ftp.sobrafo.org.br /public_html/zendLibrary/Zend/Dojo/Form/Element ValidationTextBox.php
2011.07.26 22:47 B F:\xampp\htdocs\zendLibrary\Zend\Dojo\Form\Element\VerticalSlider.php --> ftp.sobrafo.org.br /public_html/zendLibrary/Zend/Dojo/Form/Element VerticalSlider.php
2011.07.26 22:47 B F:\xampp\htdocs\zendLibrary\Zend\Dojo\Form\Element\WS_FTP.LOG --> ftp.sobrafo.org.br /public_html/zendLibrary/Zend/Dojo/Form/Element WS_FTP.LOG
2011.08.09 16:57 B F:\xampp\htdocs\ZendLibrary\Zend\Dojo\Form\Element\Button.php --> ftp.amfar.com.br /public_html/ZendLibrary/Zend/Dojo/Form/Element Button.php
2011.08.09 16:57 B F:\xampp\htdocs\ZendLibrary\Zend\Dojo\Form\Element\CheckBox.php --> ftp.amfar.com.br /public_html/ZendLibrary/Zend/Dojo/Form/Element CheckBox.php
2011.08.09 16:57 B F:\xampp\htdocs\ZendLibrary\Zend\Dojo\Form\Element\ComboBox.php --> ftp.amfar.com.br /public_html/ZendLibrary/Zend/Dojo/Form/Element ComboBox.php
2011.08.09 16:57 B F:\xampp\htdocs\ZendLibrary\Zend\Dojo\Form\Element\CurrencyTextBox.php --> ftp.amfar.com.br /public_html/ZendLibrary/Zend/Dojo/Form/Element CurrencyTextBox.php
2011.08.09 16:57 B F:\xampp\htdocs\ZendLibrary\Zend\Dojo\Form\Element\DateTextBox.php --> ftp.amfar.com.br /public_html/ZendLibrary/Zend/Dojo/Form/Element DateTextBox.php
2011.08.09 16:57 B F:\xampp\htdocs\ZendLibrary\Zend\Dojo\Form\Element\Dijit.php --> ftp.amfar.com.br /public_html/ZendLibrary/Zend/Dojo/Form/Element Dijit.php
2011.08.09 16:57 B F:\xampp\htdocs\ZendLibrary\Zend\Dojo\Form\Element\DijitMulti.php --> ftp.amfar.com.br /public_html/ZendLibrary/Zend/Dojo/Form/Element DijitMulti.php
2011.08.09 16:57 B F:\xampp\htdocs\ZendLibrary\Zend\Dojo\Form\Element\Editor.php --> ftp.amfar.com.br /public_html/ZendLibrary/Zend/Dojo/Form/Element Editor.php
2011.08.09 16:57 B F:\xampp\htdocs\ZendLibrary\Zend\Dojo\Form\Element\FilteringSelect.php --> ftp.amfar.com.br /public_html/ZendLibrary/Zend/Dojo/Form/Element FilteringSelect.php
2011.08.09 16:57 B F:\xampp\htdocs\ZendLibrary\Zend\Dojo\Form\Element\HorizontalSlider.php --> ftp.amfar.com.br /public_html/ZendLibrary/Zend/Dojo/Form/Element HorizontalSlider.php
2011.08.09 16:57 B F:\xampp\htdocs\ZendLibrary\Zend\Dojo\Form\Element\NumberSpinner.php --> ftp.amfar.com.br /public_html/ZendLibrary/Zend/Dojo/Form/Element NumberSpinner.php
2011.08.09 16:57 B F:\xampp\htdocs\ZendLibrary\Zend\Dojo\Form\Element\NumberTextBox.php --> ftp.amfar.com.br /public_html/ZendLibrary/Zend/Dojo/Form/Element NumberTextBox.php
2011.08.09 16:57 B F:\xampp\htdocs\ZendLibrary\Zend\Dojo\Form\Element\PasswordTextBox.php --> ftp.amfar.com.br /public_html/ZendLibrary/Zend/Dojo/Form/Element PasswordTextBox.php
2011.08.09 16:57 B F:\xampp\htdocs\ZendLibrary\Zend\Dojo\Form\Element\RadioButton.php --> ftp.amfar.com.br /public_html/ZendLibrary/Zend/Dojo/Form/Element RadioButton.php
2011.08.09 16:57 B F:\xampp\htdocs\ZendLibrary\Zend\Dojo\Form\Element\SimpleTextarea.php --> ftp.amfar.com.br /public_html/ZendLibrary/Zend/Dojo/Form/Element SimpleTextarea.php
2011.08.09 16:57 B F:\xampp\htdocs\ZendLibrary\Zend\Dojo\Form\Element\Slider.php --> ftp.amfar.com.br /public_html/ZendLibrary/Zend/Dojo/Form/Element Slider.php
2011.08.09 16:57 B F:\xampp\htdocs\ZendLibrary\Zend\Dojo\Form\Element\SubmitButton.php --> ftp.amfar.com.br /public_html/ZendLibrary/Zend/Dojo/Form/Element SubmitButton.php
2011.08.09 16:57 B F:\xampp\htdocs\ZendLibrary\Zend\Dojo\Form\Element\Textarea.php --> ftp.amfar.com.br /public_html/ZendLibrary/Zend/Dojo/Form/Element Textarea.php
2011.08.09 16:57 B F:\xampp\htdocs\ZendLibrary\Zend\Dojo\Form\Element\TextBox.php --> ftp.amfar.com.br /public_html/ZendLibrary/Zend/Dojo/Form/Element TextBox.php
2011.08.09 16:57 B F:\xampp\htdocs\ZendLibrary\Zend\Dojo\Form\Element\TimeTextBox.php --> ftp.amfar.com.br /public_html/ZendLibrary/Zend/Dojo/Form/Element TimeTextBox.php
2011.08.09 16:57 B F:\xampp\htdocs\ZendLibrary\Zend\Dojo\Form\Element\ValidationTextBox.php --> ftp.amfar.com.br /public_html/ZendLibrary/Zend/Dojo/Form/Element ValidationTextBox.php
2011.08.09 16:57 B F:\xampp\htdocs\ZendLibrary\Zend\Dojo\Form\Element\VerticalSlider.php --> ftp.amfar.com.br /public_html/ZendLibrary/Zend/Dojo/Form/Element VerticalSlider.php
