2011.06.20 18:35 B F:\xampp\htdocs\zf-tutorial\library\Zend\Feed\Writer\Deleted.php --> ftp.portalridgid.com.br /public_html/zf-tutorial/library/Zend/Feed/Writer Deleted.php
2011.06.20 18:35 B F:\xampp\htdocs\zf-tutorial\library\Zend\Feed\Writer\Entry.php --> ftp.portalridgid.com.br /public_html/zf-tutorial/library/Zend/Feed/Writer Entry.php
2011.06.20 18:35 B F:\xampp\htdocs\zf-tutorial\library\Zend\Feed\Writer\Feed.php --> ftp.portalridgid.com.br /public_html/zf-tutorial/library/Zend/Feed/Writer Feed.php
2011.06.20 18:35 B F:\xampp\htdocs\zf-tutorial\library\Zend\Feed\Writer\Source.php --> ftp.portalridgid.com.br /public_html/zf-tutorial/library/Zend/Feed/Writer Source.php
2011.06.30 03:39 B F:\xampp\htdocs\zendLibrary\Zend\Feed\Writer\WS_FTP.LOG --> ftp.sbrafh.org.br /sbrafh/Web/zendLibrary/Zend/Feed/Writer WS_FTP.LOG
2011.06.30 03:39 B F:\xampp\htdocs\zendLibrary\Zend\Feed\Writer\Entry.php --> ftp.sbrafh.org.br /sbrafh/Web/zendLibrary/Zend/Feed/Writer Entry.php
2011.06.30 03:39 B F:\xampp\htdocs\zendLibrary\Zend\Feed\Writer\Source.php --> ftp.sbrafh.org.br /sbrafh/Web/zendLibrary/Zend/Feed/Writer Source.php
2011.06.30 03:39 B F:\xampp\htdocs\zendLibrary\Zend\Feed\Writer\Feed.php --> ftp.sbrafh.org.br /sbrafh/Web/zendLibrary/Zend/Feed/Writer Feed.php
2011.06.30 03:39 B F:\xampp\htdocs\zendLibrary\Zend\Feed\Writer\Deleted.php --> ftp.sbrafh.org.br /sbrafh/Web/zendLibrary/Zend/Feed/Writer Deleted.php
2011.07.08 23:48 B F:\xampp\htdocs\zendLibrary\Zend\Feed\Writer\Deleted.php --> ftp.radiofone.com.br /public_html/radiofone/zendLibrary/Zend/Feed/Writer Deleted.php
2011.07.08 23:48 B F:\xampp\htdocs\zendLibrary\Zend\Feed\Writer\Entry.php --> ftp.radiofone.com.br /public_html/radiofone/zendLibrary/Zend/Feed/Writer Entry.php
2011.07.08 23:48 B F:\xampp\htdocs\zendLibrary\Zend\Feed\Writer\Feed.php --> ftp.radiofone.com.br /public_html/radiofone/zendLibrary/Zend/Feed/Writer Feed.php
2011.07.08 23:48 B F:\xampp\htdocs\zendLibrary\Zend\Feed\Writer\Source.php --> ftp.radiofone.com.br /public_html/radiofone/zendLibrary/Zend/Feed/Writer Source.php
2011.07.08 23:48 B F:\xampp\htdocs\zendLibrary\Zend\Feed\Writer\WS_FTP.LOG --> ftp.radiofone.com.br /public_html/radiofone/zendLibrary/Zend/Feed/Writer WS_FTP.LOG
2011.07.26 22:49 B F:\xampp\htdocs\zendLibrary\Zend\Feed\Writer\Deleted.php --> ftp.sobrafo.org.br /public_html/zendLibrary/Zend/Feed/Writer Deleted.php
2011.07.26 22:49 B F:\xampp\htdocs\zendLibrary\Zend\Feed\Writer\Entry.php --> ftp.sobrafo.org.br /public_html/zendLibrary/Zend/Feed/Writer Entry.php
2011.07.26 22:49 B F:\xampp\htdocs\zendLibrary\Zend\Feed\Writer\Feed.php --> ftp.sobrafo.org.br /public_html/zendLibrary/Zend/Feed/Writer Feed.php
2011.07.26 22:49 B F:\xampp\htdocs\zendLibrary\Zend\Feed\Writer\Source.php --> ftp.sobrafo.org.br /public_html/zendLibrary/Zend/Feed/Writer Source.php
2011.07.26 22:49 B F:\xampp\htdocs\zendLibrary\Zend\Feed\Writer\WS_FTP.LOG --> ftp.sobrafo.org.br /public_html/zendLibrary/Zend/Feed/Writer WS_FTP.LOG
2011.08.09 16:59 B F:\xampp\htdocs\ZendLibrary\Zend\Feed\Writer\Deleted.php --> ftp.amfar.com.br /public_html/ZendLibrary/Zend/Feed/Writer Deleted.php
2011.08.09 16:59 B F:\xampp\htdocs\ZendLibrary\Zend\Feed\Writer\Entry.php --> ftp.amfar.com.br /public_html/ZendLibrary/Zend/Feed/Writer Entry.php
2011.08.09 16:59 B F:\xampp\htdocs\ZendLibrary\Zend\Feed\Writer\Feed.php --> ftp.amfar.com.br /public_html/ZendLibrary/Zend/Feed/Writer Feed.php
2011.08.09 16:59 B F:\xampp\htdocs\ZendLibrary\Zend\Feed\Writer\Source.php --> ftp.amfar.com.br /public_html/ZendLibrary/Zend/Feed/Writer Source.php
