2011.06.20 18:38 B F:\xampp\htdocs\zf-tutorial\library\Zend\Gdata\App.php --> ftp.portalridgid.com.br /public_html/zf-tutorial/library/Zend/Gdata App.php
2011.06.20 18:38 B F:\xampp\htdocs\zf-tutorial\library\Zend\Gdata\AuthSub.php --> ftp.portalridgid.com.br /public_html/zf-tutorial/library/Zend/Gdata AuthSub.php
2011.06.20 18:38 B F:\xampp\htdocs\zf-tutorial\library\Zend\Gdata\Books.php --> ftp.portalridgid.com.br /public_html/zf-tutorial/library/Zend/Gdata Books.php
2011.06.20 18:38 B F:\xampp\htdocs\zf-tutorial\library\Zend\Gdata\Calendar.php --> ftp.portalridgid.com.br /public_html/zf-tutorial/library/Zend/Gdata Calendar.php
2011.06.20 18:38 B F:\xampp\htdocs\zf-tutorial\library\Zend\Gdata\ClientLogin.php --> ftp.portalridgid.com.br /public_html/zf-tutorial/library/Zend/Gdata ClientLogin.php
2011.06.20 18:38 B F:\xampp\htdocs\zf-tutorial\library\Zend\Gdata\Docs.php --> ftp.portalridgid.com.br /public_html/zf-tutorial/library/Zend/Gdata Docs.php
2011.06.20 18:38 B F:\xampp\htdocs\zf-tutorial\library\Zend\Gdata\DublinCore.php --> ftp.portalridgid.com.br /public_html/zf-tutorial/library/Zend/Gdata DublinCore.php
2011.06.20 18:38 B F:\xampp\htdocs\zf-tutorial\library\Zend\Gdata\Entry.php --> ftp.portalridgid.com.br /public_html/zf-tutorial/library/Zend/Gdata Entry.php
2011.06.20 18:38 B F:\xampp\htdocs\zf-tutorial\library\Zend\Gdata\Exif.php --> ftp.portalridgid.com.br /public_html/zf-tutorial/library/Zend/Gdata Exif.php
2011.06.20 18:38 B F:\xampp\htdocs\zf-tutorial\library\Zend\Gdata\Extension.php --> ftp.portalridgid.com.br /public_html/zf-tutorial/library/Zend/Gdata Extension.php
2011.06.20 18:38 B F:\xampp\htdocs\zf-tutorial\library\Zend\Gdata\Feed.php --> ftp.portalridgid.com.br /public_html/zf-tutorial/library/Zend/Gdata Feed.php
2011.06.20 18:38 B F:\xampp\htdocs\zf-tutorial\library\Zend\Gdata\Gapps.php --> ftp.portalridgid.com.br /public_html/zf-tutorial/library/Zend/Gdata Gapps.php
2011.06.20 18:38 B F:\xampp\htdocs\zf-tutorial\library\Zend\Gdata\Gbase.php --> ftp.portalridgid.com.br /public_html/zf-tutorial/library/Zend/Gdata Gbase.php
2011.06.20 18:38 B F:\xampp\htdocs\zf-tutorial\library\Zend\Gdata\Geo.php --> ftp.portalridgid.com.br /public_html/zf-tutorial/library/Zend/Gdata Geo.php
2011.06.20 18:38 B F:\xampp\htdocs\zf-tutorial\library\Zend\Gdata\Health.php --> ftp.portalridgid.com.br /public_html/zf-tutorial/library/Zend/Gdata Health.php
2011.06.20 18:38 B F:\xampp\htdocs\zf-tutorial\library\Zend\Gdata\HttpAdapterStreamingProxy.php --> ftp.portalridgid.com.br /public_html/zf-tutorial/library/Zend/Gdata HttpAdapterStreamingProxy.php
2011.06.20 18:39 B F:\xampp\htdocs\zf-tutorial\library\Zend\Gdata\HttpAdapterStreamingSocket.php --> ftp.portalridgid.com.br /public_html/zf-tutorial/library/Zend/Gdata HttpAdapterStreamingSocket.php
2011.06.20 18:39 B F:\xampp\htdocs\zf-tutorial\library\Zend\Gdata\HttpClient.php --> ftp.portalridgid.com.br /public_html/zf-tutorial/library/Zend/Gdata HttpClient.php
2011.06.20 18:39 B F:\xampp\htdocs\zf-tutorial\library\Zend\Gdata\Media.php --> ftp.portalridgid.com.br /public_html/zf-tutorial/library/Zend/Gdata Media.php
2011.06.20 18:39 B F:\xampp\htdocs\zf-tutorial\library\Zend\Gdata\MediaMimeStream.php --> ftp.portalridgid.com.br /public_html/zf-tutorial/library/Zend/Gdata MediaMimeStream.php
2011.06.20 18:39 B F:\xampp\htdocs\zf-tutorial\library\Zend\Gdata\MimeBodyString.php --> ftp.portalridgid.com.br /public_html/zf-tutorial/library/Zend/Gdata MimeBodyString.php
2011.06.20 18:39 B F:\xampp\htdocs\zf-tutorial\library\Zend\Gdata\MimeFile.php --> ftp.portalridgid.com.br /public_html/zf-tutorial/library/Zend/Gdata MimeFile.php
2011.06.20 18:39 B F:\xampp\htdocs\zf-tutorial\library\Zend\Gdata\Photos.php --> ftp.portalridgid.com.br /public_html/zf-tutorial/library/Zend/Gdata Photos.php
2011.06.20 18:39 B F:\xampp\htdocs\zf-tutorial\library\Zend\Gdata\Query.php --> ftp.portalridgid.com.br /public_html/zf-tutorial/library/Zend/Gdata Query.php
2011.06.20 18:39 B F:\xampp\htdocs\zf-tutorial\library\Zend\Gdata\Spreadsheets.php --> ftp.portalridgid.com.br /public_html/zf-tutorial/library/Zend/Gdata Spreadsheets.php
2011.06.20 18:39 B F:\xampp\htdocs\zf-tutorial\library\Zend\Gdata\YouTube.php --> ftp.portalridgid.com.br /public_html/zf-tutorial/library/Zend/Gdata YouTube.php
2011.06.30 03:36 B F:\xampp\htdocs\zendLibrary\Zend\Gdata\WS_FTP.LOG --> ftp.sbrafh.org.br /sbrafh/Web/zendLibrary/Zend/Gdata WS_FTP.LOG
2011.06.30 03:36 B F:\xampp\htdocs\zendLibrary\Zend\Gdata\DublinCore.php --> ftp.sbrafh.org.br /sbrafh/Web/zendLibrary/Zend/Gdata DublinCore.php
2011.06.30 03:36 B F:\xampp\htdocs\zendLibrary\Zend\Gdata\Spreadsheets.php --> ftp.sbrafh.org.br /sbrafh/Web/zendLibrary/Zend/Gdata Spreadsheets.php
2011.06.30 03:36 B F:\xampp\htdocs\zendLibrary\Zend\Gdata\Photos.php --> ftp.sbrafh.org.br /sbrafh/Web/zendLibrary/Zend/Gdata Photos.php
2011.06.30 03:36 B F:\xampp\htdocs\zendLibrary\Zend\Gdata\Gbase.php --> ftp.sbrafh.org.br /sbrafh/Web/zendLibrary/Zend/Gdata Gbase.php
2011.06.30 03:36 B F:\xampp\htdocs\zendLibrary\Zend\Gdata\Docs.php --> ftp.sbrafh.org.br /sbrafh/Web/zendLibrary/Zend/Gdata Docs.php
2011.06.30 03:36 B F:\xampp\htdocs\zendLibrary\Zend\Gdata\Calendar.php --> ftp.sbrafh.org.br /sbrafh/Web/zendLibrary/Zend/Gdata Calendar.php
2011.06.30 03:36 B F:\xampp\htdocs\zendLibrary\Zend\Gdata\Books.php --> ftp.sbrafh.org.br /sbrafh/Web/zendLibrary/Zend/Gdata Books.php
2011.06.30 03:36 B F:\xampp\htdocs\zendLibrary\Zend\Gdata\YouTube.php --> ftp.sbrafh.org.br /sbrafh/Web/zendLibrary/Zend/Gdata YouTube.php
2011.06.30 03:36 B F:\xampp\htdocs\zendLibrary\Zend\Gdata\Query.php --> ftp.sbrafh.org.br /sbrafh/Web/zendLibrary/Zend/Gdata Query.php
2011.06.30 03:36 B F:\xampp\htdocs\zendLibrary\Zend\Gdata\MimeFile.php --> ftp.sbrafh.org.br /sbrafh/Web/zendLibrary/Zend/Gdata MimeFile.php
2011.06.30 03:36 B F:\xampp\htdocs\zendLibrary\Zend\Gdata\MimeBodyString.php --> ftp.sbrafh.org.br /sbrafh/Web/zendLibrary/Zend/Gdata MimeBodyString.php
2011.06.30 03:36 B F:\xampp\htdocs\zendLibrary\Zend\Gdata\MediaMimeStream.php --> ftp.sbrafh.org.br /sbrafh/Web/zendLibrary/Zend/Gdata MediaMimeStream.php
2011.06.30 03:36 B F:\xampp\htdocs\zendLibrary\Zend\Gdata\Media.php --> ftp.sbrafh.org.br /sbrafh/Web/zendLibrary/Zend/Gdata Media.php
2011.06.30 03:36 B F:\xampp\htdocs\zendLibrary\Zend\Gdata\HttpClient.php --> ftp.sbrafh.org.br /sbrafh/Web/zendLibrary/Zend/Gdata HttpClient.php
2011.06.30 03:36 B F:\xampp\htdocs\zendLibrary\Zend\Gdata\HttpAdapterStreamingSocket.php --> ftp.sbrafh.org.br /sbrafh/Web/zendLibrary/Zend/Gdata HttpAdapterStreamingSocket.php
2011.06.30 03:36 B F:\xampp\htdocs\zendLibrary\Zend\Gdata\HttpAdapterStreamingProxy.php --> ftp.sbrafh.org.br /sbrafh/Web/zendLibrary/Zend/Gdata HttpAdapterStreamingProxy.php
2011.06.30 03:36 B F:\xampp\htdocs\zendLibrary\Zend\Gdata\Health.php --> ftp.sbrafh.org.br /sbrafh/Web/zendLibrary/Zend/Gdata Health.php
2011.06.30 03:36 B F:\xampp\htdocs\zendLibrary\Zend\Gdata\Geo.php --> ftp.sbrafh.org.br /sbrafh/Web/zendLibrary/Zend/Gdata Geo.php
2011.06.30 03:36 B F:\xampp\htdocs\zendLibrary\Zend\Gdata\Gapps.php --> ftp.sbrafh.org.br /sbrafh/Web/zendLibrary/Zend/Gdata Gapps.php
2011.06.30 03:36 B F:\xampp\htdocs\zendLibrary\Zend\Gdata\Feed.php --> ftp.sbrafh.org.br /sbrafh/Web/zendLibrary/Zend/Gdata Feed.php
2011.06.30 03:36 B F:\xampp\htdocs\zendLibrary\Zend\Gdata\Extension.php --> ftp.sbrafh.org.br /sbrafh/Web/zendLibrary/Zend/Gdata Extension.php
2011.06.30 03:36 B F:\xampp\htdocs\zendLibrary\Zend\Gdata\Exif.php --> ftp.sbrafh.org.br /sbrafh/Web/zendLibrary/Zend/Gdata Exif.php
2011.06.30 03:36 B F:\xampp\htdocs\zendLibrary\Zend\Gdata\Entry.php --> ftp.sbrafh.org.br /sbrafh/Web/zendLibrary/Zend/Gdata Entry.php
2011.06.30 03:36 B F:\xampp\htdocs\zendLibrary\Zend\Gdata\ClientLogin.php --> ftp.sbrafh.org.br /sbrafh/Web/zendLibrary/Zend/Gdata ClientLogin.php
2011.06.30 03:36 B F:\xampp\htdocs\zendLibrary\Zend\Gdata\AuthSub.php --> ftp.sbrafh.org.br /sbrafh/Web/zendLibrary/Zend/Gdata AuthSub.php
2011.06.30 03:36 B F:\xampp\htdocs\zendLibrary\Zend\Gdata\App.php --> ftp.sbrafh.org.br /sbrafh/Web/zendLibrary/Zend/Gdata App.php
2011.07.08 23:52 B F:\xampp\htdocs\zendLibrary\Zend\Gdata\App.php --> ftp.radiofone.com.br /public_html/radiofone/zendLibrary/Zend/Gdata App.php
2011.07.08 23:52 B F:\xampp\htdocs\zendLibrary\Zend\Gdata\AuthSub.php --> ftp.radiofone.com.br /public_html/radiofone/zendLibrary/Zend/Gdata AuthSub.php
2011.07.08 23:52 B F:\xampp\htdocs\zendLibrary\Zend\Gdata\Books.php --> ftp.radiofone.com.br /public_html/radiofone/zendLibrary/Zend/Gdata Books.php
2011.07.08 23:52 B F:\xampp\htdocs\zendLibrary\Zend\Gdata\Calendar.php --> ftp.radiofone.com.br /public_html/radiofone/zendLibrary/Zend/Gdata Calendar.php
2011.07.08 23:52 B F:\xampp\htdocs\zendLibrary\Zend\Gdata\ClientLogin.php --> ftp.radiofone.com.br /public_html/radiofone/zendLibrary/Zend/Gdata ClientLogin.php
2011.07.08 23:52 B F:\xampp\htdocs\zendLibrary\Zend\Gdata\Docs.php --> ftp.radiofone.com.br /public_html/radiofone/zendLibrary/Zend/Gdata Docs.php
2011.07.08 23:52 B F:\xampp\htdocs\zendLibrary\Zend\Gdata\DublinCore.php --> ftp.radiofone.com.br /public_html/radiofone/zendLibrary/Zend/Gdata DublinCore.php
2011.07.08 23:52 B F:\xampp\htdocs\zendLibrary\Zend\Gdata\Entry.php --> ftp.radiofone.com.br /public_html/radiofone/zendLibrary/Zend/Gdata Entry.php
2011.07.08 23:52 B F:\xampp\htdocs\zendLibrary\Zend\Gdata\Exif.php --> ftp.radiofone.com.br /public_html/radiofone/zendLibrary/Zend/Gdata Exif.php
2011.07.08 23:52 B F:\xampp\htdocs\zendLibrary\Zend\Gdata\Extension.php --> ftp.radiofone.com.br /public_html/radiofone/zendLibrary/Zend/Gdata Extension.php
2011.07.08 23:52 B F:\xampp\htdocs\zendLibrary\Zend\Gdata\Feed.php --> ftp.radiofone.com.br /public_html/radiofone/zendLibrary/Zend/Gdata Feed.php
2011.07.08 23:52 B F:\xampp\htdocs\zendLibrary\Zend\Gdata\Gapps.php --> ftp.radiofone.com.br /public_html/radiofone/zendLibrary/Zend/Gdata Gapps.php
2011.07.08 23:52 B F:\xampp\htdocs\zendLibrary\Zend\Gdata\Gbase.php --> ftp.radiofone.com.br /public_html/radiofone/zendLibrary/Zend/Gdata Gbase.php
2011.07.08 23:52 B F:\xampp\htdocs\zendLibrary\Zend\Gdata\Geo.php --> ftp.radiofone.com.br /public_html/radiofone/zendLibrary/Zend/Gdata Geo.php
2011.07.08 23:52 B F:\xampp\htdocs\zendLibrary\Zend\Gdata\Health.php --> ftp.radiofone.com.br /public_html/radiofone/zendLibrary/Zend/Gdata Health.php
2011.07.08 23:52 B F:\xampp\htdocs\zendLibrary\Zend\Gdata\HttpAdapterStreamingProxy.php --> ftp.radiofone.com.br /public_html/radiofone/zendLibrary/Zend/Gdata HttpAdapterStreamingProxy.php
2011.07.08 23:52 B F:\xampp\htdocs\zendLibrary\Zend\Gdata\HttpAdapterStreamingSocket.php --> ftp.radiofone.com.br /public_html/radiofone/zendLibrary/Zend/Gdata HttpAdapterStreamingSocket.php
2011.07.08 23:52 B F:\xampp\htdocs\zendLibrary\Zend\Gdata\HttpClient.php --> ftp.radiofone.com.br /public_html/radiofone/zendLibrary/Zend/Gdata HttpClient.php
2011.07.08 23:52 B F:\xampp\htdocs\zendLibrary\Zend\Gdata\Media.php --> ftp.radiofone.com.br /public_html/radiofone/zendLibrary/Zend/Gdata Media.php
2011.07.08 23:52 B F:\xampp\htdocs\zendLibrary\Zend\Gdata\MediaMimeStream.php --> ftp.radiofone.com.br /public_html/radiofone/zendLibrary/Zend/Gdata MediaMimeStream.php
2011.07.08 23:52 B F:\xampp\htdocs\zendLibrary\Zend\Gdata\MimeBodyString.php --> ftp.radiofone.com.br /public_html/radiofone/zendLibrary/Zend/Gdata MimeBodyString.php
2011.07.08 23:52 B F:\xampp\htdocs\zendLibrary\Zend\Gdata\MimeFile.php --> ftp.radiofone.com.br /public_html/radiofone/zendLibrary/Zend/Gdata MimeFile.php
2011.07.08 23:52 B F:\xampp\htdocs\zendLibrary\Zend\Gdata\Photos.php --> ftp.radiofone.com.br /public_html/radiofone/zendLibrary/Zend/Gdata Photos.php
2011.07.08 23:52 B F:\xampp\htdocs\zendLibrary\Zend\Gdata\Query.php --> ftp.radiofone.com.br /public_html/radiofone/zendLibrary/Zend/Gdata Query.php
2011.07.08 23:52 B F:\xampp\htdocs\zendLibrary\Zend\Gdata\Spreadsheets.php --> ftp.radiofone.com.br /public_html/radiofone/zendLibrary/Zend/Gdata Spreadsheets.php
2011.07.08 23:52 B F:\xampp\htdocs\zendLibrary\Zend\Gdata\WS_FTP.LOG --> ftp.radiofone.com.br /public_html/radiofone/zendLibrary/Zend/Gdata WS_FTP.LOG
2011.07.08 23:52 B F:\xampp\htdocs\zendLibrary\Zend\Gdata\YouTube.php --> ftp.radiofone.com.br /public_html/radiofone/zendLibrary/Zend/Gdata YouTube.php
2011.07.09 00:48 B F:\xampp\htdocs\zendLibrary\Zend\Gdata\WS_FTP.LOG --> ftp.radiofone.com.br /public_html/radiofone/zendLibrary/Zend/Gdata WS_FTP.LOG
2011.07.26 22:53 B F:\xampp\htdocs\zendLibrary\Zend\Gdata\App.php --> ftp.sobrafo.org.br /public_html/zendLibrary/Zend/Gdata App.php
2011.07.26 22:53 B F:\xampp\htdocs\zendLibrary\Zend\Gdata\AuthSub.php --> ftp.sobrafo.org.br /public_html/zendLibrary/Zend/Gdata AuthSub.php
2011.07.26 22:53 B F:\xampp\htdocs\zendLibrary\Zend\Gdata\Books.php --> ftp.sobrafo.org.br /public_html/zendLibrary/Zend/Gdata Books.php
2011.07.26 22:53 B F:\xampp\htdocs\zendLibrary\Zend\Gdata\Calendar.php --> ftp.sobrafo.org.br /public_html/zendLibrary/Zend/Gdata Calendar.php
2011.07.26 22:53 B F:\xampp\htdocs\zendLibrary\Zend\Gdata\ClientLogin.php --> ftp.sobrafo.org.br /public_html/zendLibrary/Zend/Gdata ClientLogin.php
2011.07.26 22:53 B F:\xampp\htdocs\zendLibrary\Zend\Gdata\Docs.php --> ftp.sobrafo.org.br /public_html/zendLibrary/Zend/Gdata Docs.php
2011.07.26 22:53 B F:\xampp\htdocs\zendLibrary\Zend\Gdata\DublinCore.php --> ftp.sobrafo.org.br /public_html/zendLibrary/Zend/Gdata DublinCore.php
2011.07.26 22:53 B F:\xampp\htdocs\zendLibrary\Zend\Gdata\Entry.php --> ftp.sobrafo.org.br /public_html/zendLibrary/Zend/Gdata Entry.php
2011.07.26 22:53 B F:\xampp\htdocs\zendLibrary\Zend\Gdata\Exif.php --> ftp.sobrafo.org.br /public_html/zendLibrary/Zend/Gdata Exif.php
2011.07.26 22:53 B F:\xampp\htdocs\zendLibrary\Zend\Gdata\Extension.php --> ftp.sobrafo.org.br /public_html/zendLibrary/Zend/Gdata Extension.php
2011.07.26 22:53 B F:\xampp\htdocs\zendLibrary\Zend\Gdata\Feed.php --> ftp.sobrafo.org.br /public_html/zendLibrary/Zend/Gdata Feed.php
2011.07.26 22:53 B F:\xampp\htdocs\zendLibrary\Zend\Gdata\Gapps.php --> ftp.sobrafo.org.br /public_html/zendLibrary/Zend/Gdata Gapps.php
2011.07.26 22:53 B F:\xampp\htdocs\zendLibrary\Zend\Gdata\Gbase.php --> ftp.sobrafo.org.br /public_html/zendLibrary/Zend/Gdata Gbase.php
2011.07.26 22:53 B F:\xampp\htdocs\zendLibrary\Zend\Gdata\Geo.php --> ftp.sobrafo.org.br /public_html/zendLibrary/Zend/Gdata Geo.php
2011.07.26 22:53 B F:\xampp\htdocs\zendLibrary\Zend\Gdata\Health.php --> ftp.sobrafo.org.br /public_html/zendLibrary/Zend/Gdata Health.php
2011.07.26 22:53 B F:\xampp\htdocs\zendLibrary\Zend\Gdata\HttpAdapterStreamingProxy.php --> ftp.sobrafo.org.br /public_html/zendLibrary/Zend/Gdata HttpAdapterStreamingProxy.php
2011.07.26 22:53 B F:\xampp\htdocs\zendLibrary\Zend\Gdata\HttpAdapterStreamingSocket.php --> ftp.sobrafo.org.br /public_html/zendLibrary/Zend/Gdata HttpAdapterStreamingSocket.php
2011.07.26 22:53 B F:\xampp\htdocs\zendLibrary\Zend\Gdata\HttpClient.php --> ftp.sobrafo.org.br /public_html/zendLibrary/Zend/Gdata HttpClient.php
2011.07.26 22:53 B F:\xampp\htdocs\zendLibrary\Zend\Gdata\Media.php --> ftp.sobrafo.org.br /public_html/zendLibrary/Zend/Gdata Media.php
2011.07.26 22:53 B F:\xampp\htdocs\zendLibrary\Zend\Gdata\MediaMimeStream.php --> ftp.sobrafo.org.br /public_html/zendLibrary/Zend/Gdata MediaMimeStream.php
2011.07.26 22:53 B F:\xampp\htdocs\zendLibrary\Zend\Gdata\MimeBodyString.php --> ftp.sobrafo.org.br /public_html/zendLibrary/Zend/Gdata MimeBodyString.php
2011.07.26 22:53 B F:\xampp\htdocs\zendLibrary\Zend\Gdata\MimeFile.php --> ftp.sobrafo.org.br /public_html/zendLibrary/Zend/Gdata MimeFile.php
2011.07.26 22:53 B F:\xampp\htdocs\zendLibrary\Zend\Gdata\Photos.php --> ftp.sobrafo.org.br /public_html/zendLibrary/Zend/Gdata Photos.php
2011.07.26 22:53 B F:\xampp\htdocs\zendLibrary\Zend\Gdata\Query.php --> ftp.sobrafo.org.br /public_html/zendLibrary/Zend/Gdata Query.php
2011.07.26 22:53 B F:\xampp\htdocs\zendLibrary\Zend\Gdata\Spreadsheets.php --> ftp.sobrafo.org.br /public_html/zendLibrary/Zend/Gdata Spreadsheets.php
2011.07.26 22:53 B F:\xampp\htdocs\zendLibrary\Zend\Gdata\WS_FTP.LOG --> ftp.sobrafo.org.br /public_html/zendLibrary/Zend/Gdata WS_FTP.LOG
2011.07.26 22:53 B F:\xampp\htdocs\zendLibrary\Zend\Gdata\YouTube.php --> ftp.sobrafo.org.br /public_html/zendLibrary/Zend/Gdata YouTube.php
2011.08.09 17:03 B F:\xampp\htdocs\ZendLibrary\Zend\Gdata\App.php --> ftp.amfar.com.br /public_html/ZendLibrary/Zend/Gdata App.php
2011.08.09 17:03 B F:\xampp\htdocs\ZendLibrary\Zend\Gdata\AuthSub.php --> ftp.amfar.com.br /public_html/ZendLibrary/Zend/Gdata AuthSub.php
2011.08.09 17:03 B F:\xampp\htdocs\ZendLibrary\Zend\Gdata\Books.php --> ftp.amfar.com.br /public_html/ZendLibrary/Zend/Gdata Books.php
2011.08.09 17:03 B F:\xampp\htdocs\ZendLibrary\Zend\Gdata\Calendar.php --> ftp.amfar.com.br /public_html/ZendLibrary/Zend/Gdata Calendar.php
2011.08.09 17:03 B F:\xampp\htdocs\ZendLibrary\Zend\Gdata\ClientLogin.php --> ftp.amfar.com.br /public_html/ZendLibrary/Zend/Gdata ClientLogin.php
2011.08.09 17:03 B F:\xampp\htdocs\ZendLibrary\Zend\Gdata\Docs.php --> ftp.amfar.com.br /public_html/ZendLibrary/Zend/Gdata Docs.php
2011.08.09 17:03 B F:\xampp\htdocs\ZendLibrary\Zend\Gdata\DublinCore.php --> ftp.amfar.com.br /public_html/ZendLibrary/Zend/Gdata DublinCore.php
2011.08.09 17:03 B F:\xampp\htdocs\ZendLibrary\Zend\Gdata\Entry.php --> ftp.amfar.com.br /public_html/ZendLibrary/Zend/Gdata Entry.php
2011.08.09 17:03 B F:\xampp\htdocs\ZendLibrary\Zend\Gdata\Exif.php --> ftp.amfar.com.br /public_html/ZendLibrary/Zend/Gdata Exif.php
2011.08.09 17:03 B F:\xampp\htdocs\ZendLibrary\Zend\Gdata\Extension.php --> ftp.amfar.com.br /public_html/ZendLibrary/Zend/Gdata Extension.php
2011.08.09 17:03 B F:\xampp\htdocs\ZendLibrary\Zend\Gdata\Feed.php --> ftp.amfar.com.br /public_html/ZendLibrary/Zend/Gdata Feed.php
2011.08.09 17:03 B F:\xampp\htdocs\ZendLibrary\Zend\Gdata\Gapps.php --> ftp.amfar.com.br /public_html/ZendLibrary/Zend/Gdata Gapps.php
2011.08.09 17:03 B F:\xampp\htdocs\ZendLibrary\Zend\Gdata\Gbase.php --> ftp.amfar.com.br /public_html/ZendLibrary/Zend/Gdata Gbase.php
2011.08.09 17:03 B F:\xampp\htdocs\ZendLibrary\Zend\Gdata\Geo.php --> ftp.amfar.com.br /public_html/ZendLibrary/Zend/Gdata Geo.php
2011.08.09 17:03 B F:\xampp\htdocs\ZendLibrary\Zend\Gdata\Health.php --> ftp.amfar.com.br /public_html/ZendLibrary/Zend/Gdata Health.php
2011.08.09 17:03 B F:\xampp\htdocs\ZendLibrary\Zend\Gdata\HttpAdapterStreamingProxy.php --> ftp.amfar.com.br /public_html/ZendLibrary/Zend/Gdata HttpAdapterStreamingProxy.php
2011.08.09 17:03 B F:\xampp\htdocs\ZendLibrary\Zend\Gdata\HttpAdapterStreamingSocket.php --> ftp.amfar.com.br /public_html/ZendLibrary/Zend/Gdata HttpAdapterStreamingSocket.php
2011.08.09 17:03 B F:\xampp\htdocs\ZendLibrary\Zend\Gdata\HttpClient.php --> ftp.amfar.com.br /public_html/ZendLibrary/Zend/Gdata HttpClient.php
2011.08.09 17:03 B F:\xampp\htdocs\ZendLibrary\Zend\Gdata\Media.php --> ftp.amfar.com.br /public_html/ZendLibrary/Zend/Gdata Media.php
2011.08.09 17:03 B F:\xampp\htdocs\ZendLibrary\Zend\Gdata\MediaMimeStream.php --> ftp.amfar.com.br /public_html/ZendLibrary/Zend/Gdata MediaMimeStream.php
2011.08.09 17:03 B F:\xampp\htdocs\ZendLibrary\Zend\Gdata\MimeBodyString.php --> ftp.amfar.com.br /public_html/ZendLibrary/Zend/Gdata MimeBodyString.php
2011.08.09 17:03 B F:\xampp\htdocs\ZendLibrary\Zend\Gdata\MimeFile.php --> ftp.amfar.com.br /public_html/ZendLibrary/Zend/Gdata MimeFile.php
2011.08.09 17:03 B F:\xampp\htdocs\ZendLibrary\Zend\Gdata\Photos.php --> ftp.amfar.com.br /public_html/ZendLibrary/Zend/Gdata Photos.php
2011.08.09 17:03 B F:\xampp\htdocs\ZendLibrary\Zend\Gdata\Query.php --> ftp.amfar.com.br /public_html/ZendLibrary/Zend/Gdata Query.php
2011.08.09 17:03 B F:\xampp\htdocs\ZendLibrary\Zend\Gdata\Spreadsheets.php --> ftp.amfar.com.br /public_html/ZendLibrary/Zend/Gdata Spreadsheets.php
