2011.07.30 14:14 B F:\xampp\htdocs\jsLibrary\wysiwyg\popups\about.html --> ftp.sobrafo.org.br /public_html/jsLibrary/wysiwyg/popups about.html
2011.07.30 14:14 B F:\xampp\htdocs\jsLibrary\wysiwyg\popups\about_license.html --> ftp.sobrafo.org.br /public_html/jsLibrary/wysiwyg/popups about_license.html
2011.07.30 14:14 B F:\xampp\htdocs\jsLibrary\wysiwyg\popups\create_table.html --> ftp.sobrafo.org.br /public_html/jsLibrary/wysiwyg/popups create_table.html
2011.07.30 14:14 B F:\xampp\htdocs\jsLibrary\wysiwyg\popups\insert_hyperlink.html --> ftp.sobrafo.org.br /public_html/jsLibrary/wysiwyg/popups insert_hyperlink.html
2011.07.30 14:14 B F:\xampp\htdocs\jsLibrary\wysiwyg\popups\insert_image.html --> ftp.sobrafo.org.br /public_html/jsLibrary/wysiwyg/popups insert_image.html
2011.07.30 14:14 B F:\xampp\htdocs\jsLibrary\wysiwyg\popups\license.html --> ftp.sobrafo.org.br /public_html/jsLibrary/wysiwyg/popups license.html
2011.07.30 14:14 B F:\xampp\htdocs\jsLibrary\wysiwyg\popups\select_color.html --> ftp.sobrafo.org.br /public_html/jsLibrary/wysiwyg/popups select_color.html
2011.07.30 14:26 B F:\xampp\htdocs\jsLibrary\wysiwyg\popups\about.html --> ftp.sobrafo.org.br /public_html/adm/public/scripts/wysiwyg/popups about.html
2011.07.30 14:26 B F:\xampp\htdocs\jsLibrary\wysiwyg\popups\about_license.html --> ftp.sobrafo.org.br /public_html/adm/public/scripts/wysiwyg/popups about_license.html
2011.07.30 14:26 B F:\xampp\htdocs\jsLibrary\wysiwyg\popups\create_table.html --> ftp.sobrafo.org.br /public_html/adm/public/scripts/wysiwyg/popups create_table.html
2011.07.30 14:26 B F:\xampp\htdocs\jsLibrary\wysiwyg\popups\insert_hyperlink.html --> ftp.sobrafo.org.br /public_html/adm/public/scripts/wysiwyg/popups insert_hyperlink.html
2011.07.30 14:26 B F:\xampp\htdocs\jsLibrary\wysiwyg\popups\insert_image.html --> ftp.sobrafo.org.br /public_html/adm/public/scripts/wysiwyg/popups insert_image.html
2011.07.30 14:26 B F:\xampp\htdocs\jsLibrary\wysiwyg\popups\license.html --> ftp.sobrafo.org.br /public_html/adm/public/scripts/wysiwyg/popups license.html
2011.07.30 14:26 B F:\xampp\htdocs\jsLibrary\wysiwyg\popups\select_color.html --> ftp.sobrafo.org.br /public_html/adm/public/scripts/wysiwyg/popups select_color.html
2011.07.30 14:26 B F:\xampp\htdocs\jsLibrary\wysiwyg\popups\WS_FTP.LOG --> ftp.sobrafo.org.br /public_html/adm/public/scripts/wysiwyg/popups WS_FTP.LOG
2011.08.05 01:12 B F:\xampp\htdocs\jsLibrary\wysiwyg\popups\about.html --> ftp.portalridgid.com.br /public_html/jsLibrary/wysiwyg/popups about.html
2011.08.05 01:12 B F:\xampp\htdocs\jsLibrary\wysiwyg\popups\about_license.html --> ftp.portalridgid.com.br /public_html/jsLibrary/wysiwyg/popups about_license.html
2011.08.05 01:12 B F:\xampp\htdocs\jsLibrary\wysiwyg\popups\create_table.html --> ftp.portalridgid.com.br /public_html/jsLibrary/wysiwyg/popups create_table.html
2011.08.05 01:12 B F:\xampp\htdocs\jsLibrary\wysiwyg\popups\insert_hyperlink.html --> ftp.portalridgid.com.br /public_html/jsLibrary/wysiwyg/popups insert_hyperlink.html
2011.08.05 01:12 B F:\xampp\htdocs\jsLibrary\wysiwyg\popups\insert_image.html --> ftp.portalridgid.com.br /public_html/jsLibrary/wysiwyg/popups insert_image.html
2011.08.05 01:12 B F:\xampp\htdocs\jsLibrary\wysiwyg\popups\license.html --> ftp.portalridgid.com.br /public_html/jsLibrary/wysiwyg/popups license.html
2011.08.05 01:12 B F:\xampp\htdocs\jsLibrary\wysiwyg\popups\select_color.html --> ftp.portalridgid.com.br /public_html/jsLibrary/wysiwyg/popups select_color.html
2011.08.05 01:12 B F:\xampp\htdocs\jsLibrary\wysiwyg\popups\WS_FTP.LOG --> ftp.portalridgid.com.br /public_html/jsLibrary/wysiwyg/popups WS_FTP.LOG
2011.08.09 16:32 B F:\xampp\htdocs\jsLibrary\wysiwyg\popups\about.html --> ftp.amfar.com.br /public_html/jsLibrary/wysiwyg/popups about.html
2011.08.09 16:32 B F:\xampp\htdocs\jsLibrary\wysiwyg\popups\about_license.html --> ftp.amfar.com.br /public_html/jsLibrary/wysiwyg/popups about_license.html
2011.08.09 16:32 B F:\xampp\htdocs\jsLibrary\wysiwyg\popups\create_table.html --> ftp.amfar.com.br /public_html/jsLibrary/wysiwyg/popups create_table.html
2011.08.09 16:32 B F:\xampp\htdocs\jsLibrary\wysiwyg\popups\insert_hyperlink.html --> ftp.amfar.com.br /public_html/jsLibrary/wysiwyg/popups insert_hyperlink.html
2011.08.09 16:32 B F:\xampp\htdocs\jsLibrary\wysiwyg\popups\insert_image.html --> ftp.amfar.com.br /public_html/jsLibrary/wysiwyg/popups insert_image.html
2011.08.09 16:32 B F:\xampp\htdocs\jsLibrary\wysiwyg\popups\license.html --> ftp.amfar.com.br /public_html/jsLibrary/wysiwyg/popups license.html
2011.08.09 16:32 B F:\xampp\htdocs\jsLibrary\wysiwyg\popups\select_color.html --> ftp.amfar.com.br /public_html/jsLibrary/wysiwyg/popups select_color.html
