2011.06.20 18:47 B F:\xampp\htdocs\zf-tutorial\library\Zend\Oauth\Signature\Hmac.php --> ftp.portalridgid.com.br /public_html/zf-tutorial/library/Zend/Oauth/Signature Hmac.php
2011.06.20 18:47 B F:\xampp\htdocs\zf-tutorial\library\Zend\Oauth\Signature\Plaintext.php --> ftp.portalridgid.com.br /public_html/zf-tutorial/library/Zend/Oauth/Signature Plaintext.php
2011.06.20 18:47 B F:\xampp\htdocs\zf-tutorial\library\Zend\Oauth\Signature\Rsa.php --> ftp.portalridgid.com.br /public_html/zf-tutorial/library/Zend/Oauth/Signature Rsa.php
2011.06.20 18:47 B F:\xampp\htdocs\zf-tutorial\library\Zend\Oauth\Signature\SignatureAbstract.php --> ftp.portalridgid.com.br /public_html/zf-tutorial/library/Zend/Oauth/Signature SignatureAbstract.php
2011.06.30 03:22 B F:\xampp\htdocs\zendLibrary\Zend\Oauth\Signature\WS_FTP.LOG --> ftp.sbrafh.org.br /sbrafh/Web/zendLibrary/Zend/Oauth/Signature WS_FTP.LOG
2011.06.30 03:22 B F:\xampp\htdocs\zendLibrary\Zend\Oauth\Signature\SignatureAbstract.php --> ftp.sbrafh.org.br /sbrafh/Web/zendLibrary/Zend/Oauth/Signature SignatureAbstract.php
2011.06.30 03:22 B F:\xampp\htdocs\zendLibrary\Zend\Oauth\Signature\Rsa.php --> ftp.sbrafh.org.br /sbrafh/Web/zendLibrary/Zend/Oauth/Signature Rsa.php
2011.06.30 03:22 B F:\xampp\htdocs\zendLibrary\Zend\Oauth\Signature\Plaintext.php --> ftp.sbrafh.org.br /sbrafh/Web/zendLibrary/Zend/Oauth/Signature Plaintext.php
2011.06.30 03:22 B F:\xampp\htdocs\zendLibrary\Zend\Oauth\Signature\Hmac.php --> ftp.sbrafh.org.br /sbrafh/Web/zendLibrary/Zend/Oauth/Signature Hmac.php
2011.07.09 00:13 B F:\xampp\htdocs\zendLibrary\Zend\Oauth\Signature\Hmac.php --> ftp.radiofone.com.br /public_html/radiofone/zendLibrary/Zend/Oauth/Signature Hmac.php
2011.07.09 00:13 B F:\xampp\htdocs\zendLibrary\Zend\Oauth\Signature\Plaintext.php --> ftp.radiofone.com.br /public_html/radiofone/zendLibrary/Zend/Oauth/Signature Plaintext.php
2011.07.09 00:13 B F:\xampp\htdocs\zendLibrary\Zend\Oauth\Signature\Rsa.php --> ftp.radiofone.com.br /public_html/radiofone/zendLibrary/Zend/Oauth/Signature Rsa.php
2011.07.09 00:13 B F:\xampp\htdocs\zendLibrary\Zend\Oauth\Signature\SignatureAbstract.php --> ftp.radiofone.com.br /public_html/radiofone/zendLibrary/Zend/Oauth/Signature SignatureAbstract.php
2011.07.09 00:13 B F:\xampp\htdocs\zendLibrary\Zend\Oauth\Signature\WS_FTP.LOG --> ftp.radiofone.com.br /public_html/radiofone/zendLibrary/Zend/Oauth/Signature WS_FTP.LOG
2011.07.26 23:02 B F:\xampp\htdocs\zendLibrary\Zend\Oauth\Signature\Hmac.php --> ftp.sobrafo.org.br /public_html/zendLibrary/Zend/Oauth/Signature Hmac.php
2011.07.26 23:02 B F:\xampp\htdocs\zendLibrary\Zend\Oauth\Signature\Plaintext.php --> ftp.sobrafo.org.br /public_html/zendLibrary/Zend/Oauth/Signature Plaintext.php
2011.07.26 23:02 B F:\xampp\htdocs\zendLibrary\Zend\Oauth\Signature\Rsa.php --> ftp.sobrafo.org.br /public_html/zendLibrary/Zend/Oauth/Signature Rsa.php
2011.07.26 23:02 B F:\xampp\htdocs\zendLibrary\Zend\Oauth\Signature\SignatureAbstract.php --> ftp.sobrafo.org.br /public_html/zendLibrary/Zend/Oauth/Signature SignatureAbstract.php
2011.07.26 23:02 B F:\xampp\htdocs\zendLibrary\Zend\Oauth\Signature\WS_FTP.LOG --> ftp.sobrafo.org.br /public_html/zendLibrary/Zend/Oauth/Signature WS_FTP.LOG
2011.08.09 17:23 B F:\xampp\htdocs\ZendLibrary\Zend\Oauth\Signature\Hmac.php --> ftp.amfar.com.br /public_html/ZendLibrary/Zend/Oauth/Signature Hmac.php
2011.08.09 17:23 B F:\xampp\htdocs\ZendLibrary\Zend\Oauth\Signature\Plaintext.php --> ftp.amfar.com.br /public_html/ZendLibrary/Zend/Oauth/Signature Plaintext.php
2011.08.09 17:23 B F:\xampp\htdocs\ZendLibrary\Zend\Oauth\Signature\Rsa.php --> ftp.amfar.com.br /public_html/ZendLibrary/Zend/Oauth/Signature Rsa.php
2011.08.09 17:23 B F:\xampp\htdocs\ZendLibrary\Zend\Oauth\Signature\SignatureAbstract.php --> ftp.amfar.com.br /public_html/ZendLibrary/Zend/Oauth/Signature SignatureAbstract.php
