2011.06.20 18:55 B F:\xampp\htdocs\zf-tutorial\library\Zend\Tool\Framework\Action\Base.php --> ftp.portalridgid.com.br /public_html/zf-tutorial/library/Zend/Tool/Framework/Action Base.php
2011.06.20 18:55 B F:\xampp\htdocs\zf-tutorial\library\Zend\Tool\Framework\Action\Exception.php --> ftp.portalridgid.com.br /public_html/zf-tutorial/library/Zend/Tool/Framework/Action Exception.php
2011.06.20 18:55 B F:\xampp\htdocs\zf-tutorial\library\Zend\Tool\Framework\Action\Interface.php --> ftp.portalridgid.com.br /public_html/zf-tutorial/library/Zend/Tool/Framework/Action Interface.php
2011.06.20 18:55 B F:\xampp\htdocs\zf-tutorial\library\Zend\Tool\Framework\Action\Repository.php --> ftp.portalridgid.com.br /public_html/zf-tutorial/library/Zend/Tool/Framework/Action Repository.php
2011.06.30 03:49 B F:\xampp\htdocs\zendLibrary\Zend\Tool\Framework\Action\WS_FTP.LOG --> ftp.sbrafh.org.br /sbrafh/Web/zendLibrary/Zend/Tool/Framework/Action WS_FTP.LOG
2011.06.30 03:49 B F:\xampp\htdocs\zendLibrary\Zend\Tool\Framework\Action\Repository.php --> ftp.sbrafh.org.br /sbrafh/Web/zendLibrary/Zend/Tool/Framework/Action Repository.php
2011.06.30 03:49 B F:\xampp\htdocs\zendLibrary\Zend\Tool\Framework\Action\Interface.php --> ftp.sbrafh.org.br /sbrafh/Web/zendLibrary/Zend/Tool/Framework/Action Interface.php
2011.06.30 03:49 B F:\xampp\htdocs\zendLibrary\Zend\Tool\Framework\Action\Exception.php --> ftp.sbrafh.org.br /sbrafh/Web/zendLibrary/Zend/Tool/Framework/Action Exception.php
2011.06.30 03:49 B F:\xampp\htdocs\zendLibrary\Zend\Tool\Framework\Action\Base.php --> ftp.sbrafh.org.br /sbrafh/Web/zendLibrary/Zend/Tool/Framework/Action Base.php
2011.07.09 00:23 B F:\xampp\htdocs\zendLibrary\Zend\Tool\Framework\Action\Base.php --> ftp.radiofone.com.br /public_html/radiofone/zendLibrary/Zend/Tool/Framework/Action Base.php
2011.07.09 00:23 B F:\xampp\htdocs\zendLibrary\Zend\Tool\Framework\Action\Exception.php --> ftp.radiofone.com.br /public_html/radiofone/zendLibrary/Zend/Tool/Framework/Action Exception.php
2011.07.09 00:23 B F:\xampp\htdocs\zendLibrary\Zend\Tool\Framework\Action\Interface.php --> ftp.radiofone.com.br /public_html/radiofone/zendLibrary/Zend/Tool/Framework/Action Interface.php
2011.07.09 00:23 B F:\xampp\htdocs\zendLibrary\Zend\Tool\Framework\Action\Repository.php --> ftp.radiofone.com.br /public_html/radiofone/zendLibrary/Zend/Tool/Framework/Action Repository.php
2011.07.09 00:23 B F:\xampp\htdocs\zendLibrary\Zend\Tool\Framework\Action\WS_FTP.LOG --> ftp.radiofone.com.br /public_html/radiofone/zendLibrary/Zend/Tool/Framework/Action WS_FTP.LOG
2011.07.09 00:53 B F:\xampp\htdocs\zendLibrary\Zend\Tool\Framework\Action\WS_FTP.LOG --> ftp.radiofone.com.br /public_html/radiofone/zendLibrary/Zend/Tool/Framework/Action WS_FTP.LOG
2011.07.26 23:11 B F:\xampp\htdocs\zendLibrary\Zend\Tool\Framework\Action\Base.php --> ftp.sobrafo.org.br /public_html/zendLibrary/Zend/Tool/Framework/Action Base.php
2011.07.26 23:11 B F:\xampp\htdocs\zendLibrary\Zend\Tool\Framework\Action\Exception.php --> ftp.sobrafo.org.br /public_html/zendLibrary/Zend/Tool/Framework/Action Exception.php
2011.07.26 23:11 B F:\xampp\htdocs\zendLibrary\Zend\Tool\Framework\Action\Interface.php --> ftp.sobrafo.org.br /public_html/zendLibrary/Zend/Tool/Framework/Action Interface.php
2011.07.26 23:11 B F:\xampp\htdocs\zendLibrary\Zend\Tool\Framework\Action\Repository.php --> ftp.sobrafo.org.br /public_html/zendLibrary/Zend/Tool/Framework/Action Repository.php
2011.07.26 23:11 B F:\xampp\htdocs\zendLibrary\Zend\Tool\Framework\Action\WS_FTP.LOG --> ftp.sobrafo.org.br /public_html/zendLibrary/Zend/Tool/Framework/Action WS_FTP.LOG
2011.08.09 17:31 B F:\xampp\htdocs\ZendLibrary\Zend\Tool\Framework\Action\Base.php --> ftp.amfar.com.br /public_html/ZendLibrary/Zend/Tool/Framework/Action Base.php
2011.08.09 17:31 B F:\xampp\htdocs\ZendLibrary\Zend\Tool\Framework\Action\Exception.php --> ftp.amfar.com.br /public_html/ZendLibrary/Zend/Tool/Framework/Action Exception.php
2011.08.09 17:31 B F:\xampp\htdocs\ZendLibrary\Zend\Tool\Framework\Action\Interface.php --> ftp.amfar.com.br /public_html/ZendLibrary/Zend/Tool/Framework/Action Interface.php
2011.08.09 17:31 B F:\xampp\htdocs\ZendLibrary\Zend\Tool\Framework\Action\Repository.php --> ftp.amfar.com.br /public_html/ZendLibrary/Zend/Tool/Framework/Action Repository.php
