2011.06.20 18:30 B F:\xampp\htdocs\zf-tutorial\library\Zend\Amf\Constants.php --> ftp.portalridgid.com.br /public_html/zf-tutorial/library/Zend/Amf Constants.php
2011.06.20 18:30 B F:\xampp\htdocs\zf-tutorial\library\Zend\Amf\Exception.php --> ftp.portalridgid.com.br /public_html/zf-tutorial/library/Zend/Amf Exception.php
2011.06.20 18:30 B F:\xampp\htdocs\zf-tutorial\library\Zend\Amf\Request.php --> ftp.portalridgid.com.br /public_html/zf-tutorial/library/Zend/Amf Request.php
2011.06.20 18:30 B F:\xampp\htdocs\zf-tutorial\library\Zend\Amf\Response.php --> ftp.portalridgid.com.br /public_html/zf-tutorial/library/Zend/Amf Response.php
2011.06.20 18:30 B F:\xampp\htdocs\zf-tutorial\library\Zend\Amf\Server.php --> ftp.portalridgid.com.br /public_html/zf-tutorial/library/Zend/Amf Server.php
2011.06.30 03:46 B F:\xampp\htdocs\zendLibrary\Zend\Amf\WS_FTP.LOG --> ftp.sbrafh.org.br /sbrafh/Web/zendLibrary/Zend/Amf WS_FTP.LOG
2011.06.30 03:46 B F:\xampp\htdocs\zendLibrary\Zend\Amf\Server.php --> ftp.sbrafh.org.br /sbrafh/Web/zendLibrary/Zend/Amf Server.php
2011.06.30 03:46 B F:\xampp\htdocs\zendLibrary\Zend\Amf\Response.php --> ftp.sbrafh.org.br /sbrafh/Web/zendLibrary/Zend/Amf Response.php
2011.06.30 03:46 B F:\xampp\htdocs\zendLibrary\Zend\Amf\Request.php --> ftp.sbrafh.org.br /sbrafh/Web/zendLibrary/Zend/Amf Request.php
2011.06.30 03:46 B F:\xampp\htdocs\zendLibrary\Zend\Amf\Exception.php --> ftp.sbrafh.org.br /sbrafh/Web/zendLibrary/Zend/Amf Exception.php
2011.06.30 03:46 B F:\xampp\htdocs\zendLibrary\Zend\Amf\Constants.php --> ftp.sbrafh.org.br /sbrafh/Web/zendLibrary/Zend/Amf Constants.php
2011.07.08 23:43 B F:\xampp\htdocs\zendLibrary\Zend\Amf\Constants.php --> ftp.radiofone.com.br /public_html/radiofone/zendLibrary/Zend/Amf Constants.php
2011.07.08 23:43 B F:\xampp\htdocs\zendLibrary\Zend\Amf\Exception.php --> ftp.radiofone.com.br /public_html/radiofone/zendLibrary/Zend/Amf Exception.php
2011.07.08 23:43 B F:\xampp\htdocs\zendLibrary\Zend\Amf\Request.php --> ftp.radiofone.com.br /public_html/radiofone/zendLibrary/Zend/Amf Request.php
2011.07.08 23:43 B F:\xampp\htdocs\zendLibrary\Zend\Amf\Response.php --> ftp.radiofone.com.br /public_html/radiofone/zendLibrary/Zend/Amf Response.php
2011.07.08 23:43 B F:\xampp\htdocs\zendLibrary\Zend\Amf\Server.php --> ftp.radiofone.com.br /public_html/radiofone/zendLibrary/Zend/Amf Server.php
2011.07.08 23:43 B F:\xampp\htdocs\zendLibrary\Zend\Amf\WS_FTP.LOG --> ftp.radiofone.com.br /public_html/radiofone/zendLibrary/Zend/Amf WS_FTP.LOG
2011.07.09 00:44 B F:\xampp\htdocs\zendLibrary\Zend\Amf\WS_FTP.LOG --> ftp.radiofone.com.br /public_html/radiofone/zendLibrary/Zend/Amf WS_FTP.LOG
2011.07.26 22:43 B F:\xampp\htdocs\zendLibrary\Zend\Amf\Constants.php --> ftp.sobrafo.org.br /public_html/zendLibrary/Zend/Amf Constants.php
2011.07.26 22:43 B F:\xampp\htdocs\zendLibrary\Zend\Amf\Exception.php --> ftp.sobrafo.org.br /public_html/zendLibrary/Zend/Amf Exception.php
2011.07.26 22:43 B F:\xampp\htdocs\zendLibrary\Zend\Amf\Request.php --> ftp.sobrafo.org.br /public_html/zendLibrary/Zend/Amf Request.php
2011.07.26 22:43 B F:\xampp\htdocs\zendLibrary\Zend\Amf\Response.php --> ftp.sobrafo.org.br /public_html/zendLibrary/Zend/Amf Response.php
2011.07.26 22:43 B F:\xampp\htdocs\zendLibrary\Zend\Amf\Server.php --> ftp.sobrafo.org.br /public_html/zendLibrary/Zend/Amf Server.php
2011.07.26 22:43 B F:\xampp\htdocs\zendLibrary\Zend\Amf\WS_FTP.LOG --> ftp.sobrafo.org.br /public_html/zendLibrary/Zend/Amf WS_FTP.LOG
2011.08.05 00:59 B F:\xampp\htdocs\ZendLibrary\Zend\Amf\WS_FTP.LOG --> ftp.portalridgid.com.br /public_html/zendLibrary/Zend/Amf WS_FTP.LOG
2011.08.09 16:53 B F:\xampp\htdocs\ZendLibrary\Zend\Amf\Constants.php --> ftp.amfar.com.br /public_html/ZendLibrary/Zend/Amf Constants.php
2011.08.09 16:53 B F:\xampp\htdocs\ZendLibrary\Zend\Amf\Exception.php --> ftp.amfar.com.br /public_html/ZendLibrary/Zend/Amf Exception.php
2011.08.09 16:53 B F:\xampp\htdocs\ZendLibrary\Zend\Amf\Request.php --> ftp.amfar.com.br /public_html/ZendLibrary/Zend/Amf Request.php
2011.08.09 16:53 B F:\xampp\htdocs\ZendLibrary\Zend\Amf\Response.php --> ftp.amfar.com.br /public_html/ZendLibrary/Zend/Amf Response.php
2011.08.09 16:53 B F:\xampp\htdocs\ZendLibrary\Zend\Amf\Server.php --> ftp.amfar.com.br /public_html/ZendLibrary/Zend/Amf Server.php
2011.08.09 16:53 B F:\xampp\htdocs\ZendLibrary\Zend\Amf\WS_FTP.LOG --> ftp.amfar.com.br /public_html/ZendLibrary/Zend/Amf WS_FTP.LOG
2011.08.22 20:56 B X:\xampp\htdocs\ZendLibrary\Zend\Amf\Constants.php --> ftp.jairodepaula.com.br /jairodepaula/web/ZendLibrary/Zend/Amf Constants.php
2011.08.22 20:56 B X:\xampp\htdocs\ZendLibrary\Zend\Amf\Exception.php --> ftp.jairodepaula.com.br /jairodepaula/web/ZendLibrary/Zend/Amf Exception.php
2011.08.22 20:56 B X:\xampp\htdocs\ZendLibrary\Zend\Amf\Request.php --> ftp.jairodepaula.com.br /jairodepaula/web/ZendLibrary/Zend/Amf Request.php
2011.08.22 20:56 B X:\xampp\htdocs\ZendLibrary\Zend\Amf\Response.php --> ftp.jairodepaula.com.br /jairodepaula/web/ZendLibrary/Zend/Amf Response.php
2011.08.22 20:56 B X:\xampp\htdocs\ZendLibrary\Zend\Amf\Server.php --> ftp.jairodepaula.com.br /jairodepaula/web/ZendLibrary/Zend/Amf Server.php
2011.08.22 20:56 B X:\xampp\htdocs\ZendLibrary\Zend\Amf\WS_FTP.LOG --> ftp.jairodepaula.com.br /jairodepaula/web/ZendLibrary/Zend/Amf WS_FTP.LOG
2011.12.31 14:46 B F:\xampp\htdocs\ZendLibrary\Zend\Amf\Constants.php --> ftp.sbrafh.org.br /public_html/ZendLibrary/Zend/Amf Constants.php
2011.12.31 14:46 B F:\xampp\htdocs\ZendLibrary\Zend\Amf\Exception.php --> ftp.sbrafh.org.br /public_html/ZendLibrary/Zend/Amf Exception.php
2011.12.31 14:46 B F:\xampp\htdocs\ZendLibrary\Zend\Amf\Request.php --> ftp.sbrafh.org.br /public_html/ZendLibrary/Zend/Amf Request.php
2011.12.31 14:46 B F:\xampp\htdocs\ZendLibrary\Zend\Amf\Response.php --> ftp.sbrafh.org.br /public_html/ZendLibrary/Zend/Amf Response.php
2011.12.31 14:46 B F:\xampp\htdocs\ZendLibrary\Zend\Amf\Server.php --> ftp.sbrafh.org.br /public_html/ZendLibrary/Zend/Amf Server.php
2011.12.31 14:46 B F:\xampp\htdocs\ZendLibrary\Zend\Amf\WS_FTP.LOG --> ftp.sbrafh.org.br /public_html/ZendLibrary/Zend/Amf WS_FTP.LOG
2012.01.06 03:15 B F:\xampp\htdocs\ZendLibrary\Zend\Amf\Constants.php --> ftp461.locaweb.com.br /ridgid/web/ZendLibrary/Zend/Amf Constants.php
2012.01.06 03:15 B F:\xampp\htdocs\ZendLibrary\Zend\Amf\Exception.php --> ftp461.locaweb.com.br /ridgid/web/ZendLibrary/Zend/Amf Exception.php
2012.01.06 03:15 B F:\xampp\htdocs\ZendLibrary\Zend\Amf\Request.php --> ftp461.locaweb.com.br /ridgid/web/ZendLibrary/Zend/Amf Request.php
2012.01.06 03:15 B F:\xampp\htdocs\ZendLibrary\Zend\Amf\Response.php --> ftp461.locaweb.com.br /ridgid/web/ZendLibrary/Zend/Amf Response.php
2012.01.06 03:15 B F:\xampp\htdocs\ZendLibrary\Zend\Amf\Server.php --> ftp461.locaweb.com.br /ridgid/web/ZendLibrary/Zend/Amf Server.php
2012.01.06 03:15 B F:\xampp\htdocs\ZendLibrary\Zend\Amf\WS_FTP.LOG --> ftp461.locaweb.com.br /ridgid/web/ZendLibrary/Zend/Amf WS_FTP.LOG
2012.01.24 17:27 B F:\xampp\htdocs\ZendLibrary\Zend\Amf\Constants.php --> graficamarmar.com.br /htdocs/ZendLibrary/Zend/Amf Constants.php
2012.01.24 17:27 B F:\xampp\htdocs\ZendLibrary\Zend\Amf\Exception.php --> graficamarmar.com.br /htdocs/ZendLibrary/Zend/Amf Exception.php
2012.01.24 17:27 B F:\xampp\htdocs\ZendLibrary\Zend\Amf\Request.php --> graficamarmar.com.br /htdocs/ZendLibrary/Zend/Amf Request.php
2012.01.24 17:27 B F:\xampp\htdocs\ZendLibrary\Zend\Amf\Response.php --> graficamarmar.com.br /htdocs/ZendLibrary/Zend/Amf Response.php
2012.01.24 17:27 B F:\xampp\htdocs\ZendLibrary\Zend\Amf\Server.php --> graficamarmar.com.br /htdocs/ZendLibrary/Zend/Amf Server.php
2012.01.24 17:27 B F:\xampp\htdocs\ZendLibrary\Zend\Amf\WS_FTP.LOG --> graficamarmar.com.br /htdocs/ZendLibrary/Zend/Amf WS_FTP.LOG
2012.02.08 17:03 B F:\xampp\htdocs\ZendLibrary\Zend\Amf\Constants.php --> graficamarmar.hospedagemdesites.ws /public_html/ZendLibrary/Zend/Amf Constants.php
2012.02.08 17:03 B F:\xampp\htdocs\ZendLibrary\Zend\Amf\Exception.php --> graficamarmar.hospedagemdesites.ws /public_html/ZendLibrary/Zend/Amf Exception.php
2012.02.08 17:03 B F:\xampp\htdocs\ZendLibrary\Zend\Amf\Request.php --> graficamarmar.hospedagemdesites.ws /public_html/ZendLibrary/Zend/Amf Request.php
2012.02.08 17:03 B F:\xampp\htdocs\ZendLibrary\Zend\Amf\Response.php --> graficamarmar.hospedagemdesites.ws /public_html/ZendLibrary/Zend/Amf Response.php
2012.02.08 17:03 B F:\xampp\htdocs\ZendLibrary\Zend\Amf\Server.php --> graficamarmar.hospedagemdesites.ws /public_html/ZendLibrary/Zend/Amf Server.php
2012.02.08 17:03 B F:\xampp\htdocs\ZendLibrary\Zend\Amf\WS_FTP.LOG --> graficamarmar.hospedagemdesites.ws /public_html/ZendLibrary/Zend/Amf WS_FTP.LOG
2012.10.29 14:39 B F:\xampp\htdocs\ZendLibrary\Zend\Amf\Constants.php --> 186.202.153.85 /public_html/ZendLibrary/Zend/Amf Constants.php
2012.10.29 14:39 B F:\xampp\htdocs\ZendLibrary\Zend\Amf\Exception.php --> 186.202.153.85 /public_html/ZendLibrary/Zend/Amf Exception.php
2012.10.29 14:39 B F:\xampp\htdocs\ZendLibrary\Zend\Amf\Request.php --> 186.202.153.85 /public_html/ZendLibrary/Zend/Amf Request.php
2012.10.29 14:39 B F:\xampp\htdocs\ZendLibrary\Zend\Amf\Response.php --> 186.202.153.85 /public_html/ZendLibrary/Zend/Amf Response.php
2012.10.29 14:39 B F:\xampp\htdocs\ZendLibrary\Zend\Amf\Server.php --> 186.202.153.85 /public_html/ZendLibrary/Zend/Amf Server.php
2012.10.29 14:39 B F:\xampp\htdocs\ZendLibrary\Zend\Amf\WS_FTP.LOG --> 186.202.153.85 /public_html/ZendLibrary/Zend/Amf WS_FTP.LOG
