2011.06.20 18:50 B F:\xampp\htdocs\zf-tutorial\library\Zend\Rest\Client.php --> ftp.portalridgid.com.br /public_html/zf-tutorial/library/Zend/Rest Client.php
2011.06.20 18:50 B F:\xampp\htdocs\zf-tutorial\library\Zend\Rest\Controller.php --> ftp.portalridgid.com.br /public_html/zf-tutorial/library/Zend/Rest Controller.php
2011.06.20 18:50 B F:\xampp\htdocs\zf-tutorial\library\Zend\Rest\Exception.php --> ftp.portalridgid.com.br /public_html/zf-tutorial/library/Zend/Rest Exception.php
2011.06.20 18:50 B F:\xampp\htdocs\zf-tutorial\library\Zend\Rest\Route.php --> ftp.portalridgid.com.br /public_html/zf-tutorial/library/Zend/Rest Route.php
2011.06.20 18:50 B F:\xampp\htdocs\zf-tutorial\library\Zend\Rest\Server.php --> ftp.portalridgid.com.br /public_html/zf-tutorial/library/Zend/Rest Server.php
2011.06.30 03:19 B F:\xampp\htdocs\zendLibrary\Zend\Rest\WS_FTP.LOG --> ftp.sbrafh.org.br /sbrafh/Web/zendLibrary/Zend/Rest WS_FTP.LOG
2011.06.30 03:19 B F:\xampp\htdocs\zendLibrary\Zend\Rest\Route.php --> ftp.sbrafh.org.br /sbrafh/Web/zendLibrary/Zend/Rest Route.php
2011.06.30 03:19 B F:\xampp\htdocs\zendLibrary\Zend\Rest\Controller.php --> ftp.sbrafh.org.br /sbrafh/Web/zendLibrary/Zend/Rest Controller.php
2011.06.30 03:19 B F:\xampp\htdocs\zendLibrary\Zend\Rest\Server.php --> ftp.sbrafh.org.br /sbrafh/Web/zendLibrary/Zend/Rest Server.php
2011.06.30 03:19 B F:\xampp\htdocs\zendLibrary\Zend\Rest\Exception.php --> ftp.sbrafh.org.br /sbrafh/Web/zendLibrary/Zend/Rest Exception.php
2011.06.30 03:19 B F:\xampp\htdocs\zendLibrary\Zend\Rest\Client.php --> ftp.sbrafh.org.br /sbrafh/Web/zendLibrary/Zend/Rest Client.php
2011.07.09 00:16 B F:\xampp\htdocs\zendLibrary\Zend\Rest\Client.php --> ftp.radiofone.com.br /public_html/radiofone/zendLibrary/Zend/Rest Client.php
2011.07.09 00:16 B F:\xampp\htdocs\zendLibrary\Zend\Rest\Controller.php --> ftp.radiofone.com.br /public_html/radiofone/zendLibrary/Zend/Rest Controller.php
2011.07.09 00:16 B F:\xampp\htdocs\zendLibrary\Zend\Rest\Exception.php --> ftp.radiofone.com.br /public_html/radiofone/zendLibrary/Zend/Rest Exception.php
2011.07.09 00:16 B F:\xampp\htdocs\zendLibrary\Zend\Rest\Route.php --> ftp.radiofone.com.br /public_html/radiofone/zendLibrary/Zend/Rest Route.php
2011.07.09 00:16 B F:\xampp\htdocs\zendLibrary\Zend\Rest\Server.php --> ftp.radiofone.com.br /public_html/radiofone/zendLibrary/Zend/Rest Server.php
2011.07.09 00:16 B F:\xampp\htdocs\zendLibrary\Zend\Rest\WS_FTP.LOG --> ftp.radiofone.com.br /public_html/radiofone/zendLibrary/Zend/Rest WS_FTP.LOG
2011.07.09 00:51 B F:\xampp\htdocs\zendLibrary\Zend\Rest\WS_FTP.LOG --> ftp.radiofone.com.br /public_html/radiofone/zendLibrary/Zend/Rest WS_FTP.LOG
2011.07.26 23:05 B F:\xampp\htdocs\zendLibrary\Zend\Rest\Client.php --> ftp.sobrafo.org.br /public_html/zendLibrary/Zend/Rest Client.php
2011.07.26 23:05 B F:\xampp\htdocs\zendLibrary\Zend\Rest\Controller.php --> ftp.sobrafo.org.br /public_html/zendLibrary/Zend/Rest Controller.php
2011.07.26 23:05 B F:\xampp\htdocs\zendLibrary\Zend\Rest\Exception.php --> ftp.sobrafo.org.br /public_html/zendLibrary/Zend/Rest Exception.php
2011.07.26 23:05 B F:\xampp\htdocs\zendLibrary\Zend\Rest\Route.php --> ftp.sobrafo.org.br /public_html/zendLibrary/Zend/Rest Route.php
2011.07.26 23:05 B F:\xampp\htdocs\zendLibrary\Zend\Rest\Server.php --> ftp.sobrafo.org.br /public_html/zendLibrary/Zend/Rest Server.php
2011.07.26 23:05 B F:\xampp\htdocs\zendLibrary\Zend\Rest\WS_FTP.LOG --> ftp.sobrafo.org.br /public_html/zendLibrary/Zend/Rest WS_FTP.LOG
2011.08.09 17:25 B F:\xampp\htdocs\ZendLibrary\Zend\Rest\Client.php --> ftp.amfar.com.br /public_html/ZendLibrary/Zend/Rest Client.php
2011.08.09 17:25 B F:\xampp\htdocs\ZendLibrary\Zend\Rest\Controller.php --> ftp.amfar.com.br /public_html/ZendLibrary/Zend/Rest Controller.php
2011.08.09 17:25 B F:\xampp\htdocs\ZendLibrary\Zend\Rest\Exception.php --> ftp.amfar.com.br /public_html/ZendLibrary/Zend/Rest Exception.php
2011.08.09 17:25 B F:\xampp\htdocs\ZendLibrary\Zend\Rest\Route.php --> ftp.amfar.com.br /public_html/ZendLibrary/Zend/Rest Route.php
2011.08.09 17:25 B F:\xampp\htdocs\ZendLibrary\Zend\Rest\Server.php --> ftp.amfar.com.br /public_html/ZendLibrary/Zend/Rest Server.php
