2011.06.20 18:47 B F:\xampp\htdocs\zf-tutorial\library\Zend\Mail\Exception.php --> ftp.portalridgid.com.br /public_html/zf-tutorial/library/Zend/Mail Exception.php
2011.06.20 18:47 B F:\xampp\htdocs\zf-tutorial\library\Zend\Mail\Message.php --> ftp.portalridgid.com.br /public_html/zf-tutorial/library/Zend/Mail Message.php
2011.06.20 18:47 B F:\xampp\htdocs\zf-tutorial\library\Zend\Mail\Part.php --> ftp.portalridgid.com.br /public_html/zf-tutorial/library/Zend/Mail Part.php
2011.06.20 18:47 B F:\xampp\htdocs\zf-tutorial\library\Zend\Mail\Storage.php --> ftp.portalridgid.com.br /public_html/zf-tutorial/library/Zend/Mail Storage.php
2011.06.30 03:24 B F:\xampp\htdocs\zendLibrary\Zend\Mail\WS_FTP.LOG --> ftp.sbrafh.org.br /sbrafh/Web/zendLibrary/Zend/Mail WS_FTP.LOG
2011.06.30 03:24 B F:\xampp\htdocs\zendLibrary\Zend\Mail\Storage.php --> ftp.sbrafh.org.br /sbrafh/Web/zendLibrary/Zend/Mail Storage.php
2011.06.30 03:24 B F:\xampp\htdocs\zendLibrary\Zend\Mail\Part.php --> ftp.sbrafh.org.br /sbrafh/Web/zendLibrary/Zend/Mail Part.php
2011.06.30 03:24 B F:\xampp\htdocs\zendLibrary\Zend\Mail\Message.php --> ftp.sbrafh.org.br /sbrafh/Web/zendLibrary/Zend/Mail Message.php
2011.06.30 03:24 B F:\xampp\htdocs\zendLibrary\Zend\Mail\Exception.php --> ftp.sbrafh.org.br /sbrafh/Web/zendLibrary/Zend/Mail Exception.php
2011.07.09 00:12 B F:\xampp\htdocs\zendLibrary\Zend\Mail\Exception.php --> ftp.radiofone.com.br /public_html/radiofone/zendLibrary/Zend/Mail Exception.php
2011.07.09 00:12 B F:\xampp\htdocs\zendLibrary\Zend\Mail\Message.php --> ftp.radiofone.com.br /public_html/radiofone/zendLibrary/Zend/Mail Message.php
2011.07.09 00:12 B F:\xampp\htdocs\zendLibrary\Zend\Mail\Part.php --> ftp.radiofone.com.br /public_html/radiofone/zendLibrary/Zend/Mail Part.php
2011.07.09 00:12 B F:\xampp\htdocs\zendLibrary\Zend\Mail\Storage.php --> ftp.radiofone.com.br /public_html/radiofone/zendLibrary/Zend/Mail Storage.php
2011.07.09 00:12 B F:\xampp\htdocs\zendLibrary\Zend\Mail\WS_FTP.LOG --> ftp.radiofone.com.br /public_html/radiofone/zendLibrary/Zend/Mail WS_FTP.LOG
2011.07.26 23:01 B F:\xampp\htdocs\zendLibrary\Zend\Mail\Exception.php --> ftp.sobrafo.org.br /public_html/zendLibrary/Zend/Mail Exception.php
2011.07.26 23:01 B F:\xampp\htdocs\zendLibrary\Zend\Mail\Message.php --> ftp.sobrafo.org.br /public_html/zendLibrary/Zend/Mail Message.php
2011.07.26 23:01 B F:\xampp\htdocs\zendLibrary\Zend\Mail\Part.php --> ftp.sobrafo.org.br /public_html/zendLibrary/Zend/Mail Part.php
2011.07.26 23:01 B F:\xampp\htdocs\zendLibrary\Zend\Mail\Storage.php --> ftp.sobrafo.org.br /public_html/zendLibrary/Zend/Mail Storage.php
2011.07.26 23:01 B F:\xampp\htdocs\zendLibrary\Zend\Mail\WS_FTP.LOG --> ftp.sobrafo.org.br /public_html/zendLibrary/Zend/Mail WS_FTP.LOG
2011.08.09 17:22 B F:\xampp\htdocs\ZendLibrary\Zend\Mail\Exception.php --> ftp.amfar.com.br /public_html/ZendLibrary/Zend/Mail Exception.php
2011.08.09 17:22 B F:\xampp\htdocs\ZendLibrary\Zend\Mail\Message.php --> ftp.amfar.com.br /public_html/ZendLibrary/Zend/Mail Message.php
2011.08.09 17:22 B F:\xampp\htdocs\ZendLibrary\Zend\Mail\Part.php --> ftp.amfar.com.br /public_html/ZendLibrary/Zend/Mail Part.php
2011.08.09 17:22 B F:\xampp\htdocs\ZendLibrary\Zend\Mail\Storage.php --> ftp.amfar.com.br /public_html/ZendLibrary/Zend/Mail Storage.php
