2011.06.20 18:32 B F:\xampp\htdocs\zf-tutorial\library\Zend\Config\Exception.php --> ftp.portalridgid.com.br /public_html/zf-tutorial/library/Zend/Config Exception.php
2011.06.20 18:32 B F:\xampp\htdocs\zf-tutorial\library\Zend\Config\Ini.php --> ftp.portalridgid.com.br /public_html/zf-tutorial/library/Zend/Config Ini.php
2011.06.20 18:32 B F:\xampp\htdocs\zf-tutorial\library\Zend\Config\Json.php --> ftp.portalridgid.com.br /public_html/zf-tutorial/library/Zend/Config Json.php
2011.06.20 18:32 B F:\xampp\htdocs\zf-tutorial\library\Zend\Config\Writer.php --> ftp.portalridgid.com.br /public_html/zf-tutorial/library/Zend/Config Writer.php
2011.06.20 18:32 B F:\xampp\htdocs\zf-tutorial\library\Zend\Config\Xml.php --> ftp.portalridgid.com.br /public_html/zf-tutorial/library/Zend/Config Xml.php
2011.06.20 18:32 B F:\xampp\htdocs\zf-tutorial\library\Zend\Config\Yaml.php --> ftp.portalridgid.com.br /public_html/zf-tutorial/library/Zend/Config Yaml.php
2011.06.30 03:43 B F:\xampp\htdocs\zendLibrary\Zend\Config\WS_FTP.LOG --> ftp.sbrafh.org.br /sbrafh/Web/zendLibrary/Zend/Config WS_FTP.LOG
2011.06.30 03:43 B F:\xampp\htdocs\zendLibrary\Zend\Config\Writer.php --> ftp.sbrafh.org.br /sbrafh/Web/zendLibrary/Zend/Config Writer.php
2011.06.30 03:43 B F:\xampp\htdocs\zendLibrary\Zend\Config\Yaml.php --> ftp.sbrafh.org.br /sbrafh/Web/zendLibrary/Zend/Config Yaml.php
2011.06.30 03:43 B F:\xampp\htdocs\zendLibrary\Zend\Config\Xml.php --> ftp.sbrafh.org.br /sbrafh/Web/zendLibrary/Zend/Config Xml.php
2011.06.30 03:43 B F:\xampp\htdocs\zendLibrary\Zend\Config\Ini.php --> ftp.sbrafh.org.br /sbrafh/Web/zendLibrary/Zend/Config Ini.php
2011.06.30 03:43 B F:\xampp\htdocs\zendLibrary\Zend\Config\Exception.php --> ftp.sbrafh.org.br /sbrafh/Web/zendLibrary/Zend/Config Exception.php
2011.06.30 03:43 B F:\xampp\htdocs\zendLibrary\Zend\Config\Json.php --> ftp.sbrafh.org.br /sbrafh/Web/zendLibrary/Zend/Config Json.php
2011.07.08 23:45 B F:\xampp\htdocs\zendLibrary\Zend\Config\Exception.php --> ftp.radiofone.com.br /public_html/radiofone/zendLibrary/Zend/Config Exception.php
2011.07.08 23:45 B F:\xampp\htdocs\zendLibrary\Zend\Config\Ini.php --> ftp.radiofone.com.br /public_html/radiofone/zendLibrary/Zend/Config Ini.php
2011.07.08 23:45 B F:\xampp\htdocs\zendLibrary\Zend\Config\Json.php --> ftp.radiofone.com.br /public_html/radiofone/zendLibrary/Zend/Config Json.php
2011.07.08 23:45 B F:\xampp\htdocs\zendLibrary\Zend\Config\Writer.php --> ftp.radiofone.com.br /public_html/radiofone/zendLibrary/Zend/Config Writer.php
2011.07.08 23:45 B F:\xampp\htdocs\zendLibrary\Zend\Config\WS_FTP.LOG --> ftp.radiofone.com.br /public_html/radiofone/zendLibrary/Zend/Config WS_FTP.LOG
2011.07.08 23:45 B F:\xampp\htdocs\zendLibrary\Zend\Config\Xml.php --> ftp.radiofone.com.br /public_html/radiofone/zendLibrary/Zend/Config Xml.php
2011.07.08 23:45 B F:\xampp\htdocs\zendLibrary\Zend\Config\Yaml.php --> ftp.radiofone.com.br /public_html/radiofone/zendLibrary/Zend/Config Yaml.php
2011.07.09 00:45 B F:\xampp\htdocs\zendLibrary\Zend\Config\WS_FTP.LOG --> ftp.radiofone.com.br /public_html/radiofone/zendLibrary/Zend/Config WS_FTP.LOG
2011.07.26 22:45 B F:\xampp\htdocs\zendLibrary\Zend\Config\Exception.php --> ftp.sobrafo.org.br /public_html/zendLibrary/Zend/Config Exception.php
2011.07.26 22:45 B F:\xampp\htdocs\zendLibrary\Zend\Config\Ini.php --> ftp.sobrafo.org.br /public_html/zendLibrary/Zend/Config Ini.php
2011.07.26 22:45 B F:\xampp\htdocs\zendLibrary\Zend\Config\Json.php --> ftp.sobrafo.org.br /public_html/zendLibrary/Zend/Config Json.php
2011.07.26 22:45 B F:\xampp\htdocs\zendLibrary\Zend\Config\Writer.php --> ftp.sobrafo.org.br /public_html/zendLibrary/Zend/Config Writer.php
2011.07.26 22:45 B F:\xampp\htdocs\zendLibrary\Zend\Config\WS_FTP.LOG --> ftp.sobrafo.org.br /public_html/zendLibrary/Zend/Config WS_FTP.LOG
2011.07.26 22:45 B F:\xampp\htdocs\zendLibrary\Zend\Config\Xml.php --> ftp.sobrafo.org.br /public_html/zendLibrary/Zend/Config Xml.php
2011.07.26 22:45 B F:\xampp\htdocs\zendLibrary\Zend\Config\Yaml.php --> ftp.sobrafo.org.br /public_html/zendLibrary/Zend/Config Yaml.php
2011.08.05 01:01 B F:\xampp\htdocs\ZendLibrary\Zend\Config\WS_FTP.LOG --> ftp.portalridgid.com.br /public_html/zendLibrary/Zend/Config WS_FTP.LOG
2011.08.09 16:55 B F:\xampp\htdocs\ZendLibrary\Zend\Config\Exception.php --> ftp.amfar.com.br /public_html/ZendLibrary/Zend/Config Exception.php
2011.08.09 16:55 B F:\xampp\htdocs\ZendLibrary\Zend\Config\Ini.php --> ftp.amfar.com.br /public_html/ZendLibrary/Zend/Config Ini.php
2011.08.09 16:55 B F:\xampp\htdocs\ZendLibrary\Zend\Config\Json.php --> ftp.amfar.com.br /public_html/ZendLibrary/Zend/Config Json.php
2011.08.09 16:55 B F:\xampp\htdocs\ZendLibrary\Zend\Config\Writer.php --> ftp.amfar.com.br /public_html/ZendLibrary/Zend/Config Writer.php
2011.08.09 16:55 B F:\xampp\htdocs\ZendLibrary\Zend\Config\WS_FTP.LOG --> ftp.amfar.com.br /public_html/ZendLibrary/Zend/Config WS_FTP.LOG
2011.08.09 16:55 B F:\xampp\htdocs\ZendLibrary\Zend\Config\Xml.php --> ftp.amfar.com.br /public_html/ZendLibrary/Zend/Config Xml.php
2011.08.09 16:55 B F:\xampp\htdocs\ZendLibrary\Zend\Config\Yaml.php --> ftp.amfar.com.br /public_html/ZendLibrary/Zend/Config Yaml.php
2011.08.22 20:58 B X:\xampp\htdocs\ZendLibrary\Zend\Config\Exception.php --> ftp.jairodepaula.com.br /jairodepaula/web/ZendLibrary/Zend/Config Exception.php
2011.08.22 20:58 B X:\xampp\htdocs\ZendLibrary\Zend\Config\Ini.php --> ftp.jairodepaula.com.br /jairodepaula/web/ZendLibrary/Zend/Config Ini.php
2011.08.22 20:58 B X:\xampp\htdocs\ZendLibrary\Zend\Config\Json.php --> ftp.jairodepaula.com.br /jairodepaula/web/ZendLibrary/Zend/Config Json.php
2011.08.22 20:58 B X:\xampp\htdocs\ZendLibrary\Zend\Config\Writer.php --> ftp.jairodepaula.com.br /jairodepaula/web/ZendLibrary/Zend/Config Writer.php
2011.08.22 20:58 B X:\xampp\htdocs\ZendLibrary\Zend\Config\WS_FTP.LOG --> ftp.jairodepaula.com.br /jairodepaula/web/ZendLibrary/Zend/Config WS_FTP.LOG
2011.08.22 20:58 B X:\xampp\htdocs\ZendLibrary\Zend\Config\Xml.php --> ftp.jairodepaula.com.br /jairodepaula/web/ZendLibrary/Zend/Config Xml.php
2011.08.22 20:58 B X:\xampp\htdocs\ZendLibrary\Zend\Config\Yaml.php --> ftp.jairodepaula.com.br /jairodepaula/web/ZendLibrary/Zend/Config Yaml.php
2011.12.31 14:48 B F:\xampp\htdocs\ZendLibrary\Zend\Config\Exception.php --> ftp.sbrafh.org.br /public_html/ZendLibrary/Zend/Config Exception.php
2011.12.31 14:48 B F:\xampp\htdocs\ZendLibrary\Zend\Config\Ini.php --> ftp.sbrafh.org.br /public_html/ZendLibrary/Zend/Config Ini.php
2011.12.31 14:48 B F:\xampp\htdocs\ZendLibrary\Zend\Config\Json.php --> ftp.sbrafh.org.br /public_html/ZendLibrary/Zend/Config Json.php
2011.12.31 14:48 B F:\xampp\htdocs\ZendLibrary\Zend\Config\Writer.php --> ftp.sbrafh.org.br /public_html/ZendLibrary/Zend/Config Writer.php
2011.12.31 14:48 B F:\xampp\htdocs\ZendLibrary\Zend\Config\WS_FTP.LOG --> ftp.sbrafh.org.br /public_html/ZendLibrary/Zend/Config WS_FTP.LOG
2011.12.31 14:48 B F:\xampp\htdocs\ZendLibrary\Zend\Config\Xml.php --> ftp.sbrafh.org.br /public_html/ZendLibrary/Zend/Config Xml.php
2011.12.31 14:48 B F:\xampp\htdocs\ZendLibrary\Zend\Config\Yaml.php --> ftp.sbrafh.org.br /public_html/ZendLibrary/Zend/Config Yaml.php
2012.01.06 03:17 B F:\xampp\htdocs\ZendLibrary\Zend\Config\Exception.php --> ftp461.locaweb.com.br /ridgid/web/ZendLibrary/Zend/Config Exception.php
2012.01.06 03:17 B F:\xampp\htdocs\ZendLibrary\Zend\Config\Ini.php --> ftp461.locaweb.com.br /ridgid/web/ZendLibrary/Zend/Config Ini.php
2012.01.06 03:17 B F:\xampp\htdocs\ZendLibrary\Zend\Config\Json.php --> ftp461.locaweb.com.br /ridgid/web/ZendLibrary/Zend/Config Json.php
2012.01.06 03:17 B F:\xampp\htdocs\ZendLibrary\Zend\Config\Writer.php --> ftp461.locaweb.com.br /ridgid/web/ZendLibrary/Zend/Config Writer.php
2012.01.06 03:17 B F:\xampp\htdocs\ZendLibrary\Zend\Config\WS_FTP.LOG --> ftp461.locaweb.com.br /ridgid/web/ZendLibrary/Zend/Config WS_FTP.LOG
2012.01.06 03:17 B F:\xampp\htdocs\ZendLibrary\Zend\Config\Xml.php --> ftp461.locaweb.com.br /ridgid/web/ZendLibrary/Zend/Config Xml.php
2012.01.06 03:17 B F:\xampp\htdocs\ZendLibrary\Zend\Config\Yaml.php --> ftp461.locaweb.com.br /ridgid/web/ZendLibrary/Zend/Config Yaml.php
2012.01.24 17:31 B F:\xampp\htdocs\ZendLibrary\Zend\Config\Exception.php --> graficamarmar.com.br /htdocs/ZendLibrary/Zend/Config Exception.php
2012.01.24 17:31 B F:\xampp\htdocs\ZendLibrary\Zend\Config\Ini.php --> graficamarmar.com.br /htdocs/ZendLibrary/Zend/Config Ini.php
2012.01.24 17:31 B F:\xampp\htdocs\ZendLibrary\Zend\Config\Json.php --> graficamarmar.com.br /htdocs/ZendLibrary/Zend/Config Json.php
2012.01.24 17:31 B F:\xampp\htdocs\ZendLibrary\Zend\Config\Writer.php --> graficamarmar.com.br /htdocs/ZendLibrary/Zend/Config Writer.php
2012.01.24 17:31 B F:\xampp\htdocs\ZendLibrary\Zend\Config\WS_FTP.LOG --> graficamarmar.com.br /htdocs/ZendLibrary/Zend/Config WS_FTP.LOG
2012.01.24 17:31 B F:\xampp\htdocs\ZendLibrary\Zend\Config\Xml.php --> graficamarmar.com.br /htdocs/ZendLibrary/Zend/Config Xml.php
2012.01.24 17:31 B F:\xampp\htdocs\ZendLibrary\Zend\Config\Yaml.php --> graficamarmar.com.br /htdocs/ZendLibrary/Zend/Config Yaml.php
2012.02.08 17:04 B F:\xampp\htdocs\ZendLibrary\Zend\Config\Exception.php --> graficamarmar.hospedagemdesites.ws /public_html/ZendLibrary/Zend/Config Exception.php
2012.02.08 17:04 B F:\xampp\htdocs\ZendLibrary\Zend\Config\Ini.php --> graficamarmar.hospedagemdesites.ws /public_html/ZendLibrary/Zend/Config Ini.php
2012.02.08 17:04 B F:\xampp\htdocs\ZendLibrary\Zend\Config\Json.php --> graficamarmar.hospedagemdesites.ws /public_html/ZendLibrary/Zend/Config Json.php
2012.02.08 17:04 B F:\xampp\htdocs\ZendLibrary\Zend\Config\Writer.php --> graficamarmar.hospedagemdesites.ws /public_html/ZendLibrary/Zend/Config Writer.php
2012.02.08 17:04 B F:\xampp\htdocs\ZendLibrary\Zend\Config\WS_FTP.LOG --> graficamarmar.hospedagemdesites.ws /public_html/ZendLibrary/Zend/Config WS_FTP.LOG
2012.02.08 17:04 B F:\xampp\htdocs\ZendLibrary\Zend\Config\Xml.php --> graficamarmar.hospedagemdesites.ws /public_html/ZendLibrary/Zend/Config Xml.php
2012.02.08 17:04 B F:\xampp\htdocs\ZendLibrary\Zend\Config\Yaml.php --> graficamarmar.hospedagemdesites.ws /public_html/ZendLibrary/Zend/Config Yaml.php
2012.10.29 14:41 B F:\xampp\htdocs\ZendLibrary\Zend\Config\Exception.php --> 186.202.153.85 /public_html/ZendLibrary/Zend/Config Exception.php
2012.10.29 14:41 B F:\xampp\htdocs\ZendLibrary\Zend\Config\Ini.php --> 186.202.153.85 /public_html/ZendLibrary/Zend/Config Ini.php
2012.10.29 14:41 B F:\xampp\htdocs\ZendLibrary\Zend\Config\Json.php --> 186.202.153.85 /public_html/ZendLibrary/Zend/Config Json.php
2012.10.29 14:41 B F:\xampp\htdocs\ZendLibrary\Zend\Config\Writer.php --> 186.202.153.85 /public_html/ZendLibrary/Zend/Config Writer.php
2012.10.29 14:41 B F:\xampp\htdocs\ZendLibrary\Zend\Config\WS_FTP.LOG --> 186.202.153.85 /public_html/ZendLibrary/Zend/Config WS_FTP.LOG
2012.10.29 14:41 B F:\xampp\htdocs\ZendLibrary\Zend\Config\Xml.php --> 186.202.153.85 /public_html/ZendLibrary/Zend/Config Xml.php
2012.10.29 14:41 B F:\xampp\htdocs\ZendLibrary\Zend\Config\Yaml.php --> 186.202.153.85 /public_html/ZendLibrary/Zend/Config Yaml.php
