2011.06.20 18:51 B F:\xampp\htdocs\zf-tutorial\library\Zend\Server\Abstract.php --> ftp.portalridgid.com.br /public_html/zf-tutorial/library/Zend/Server Abstract.php
2011.06.20 18:51 B F:\xampp\htdocs\zf-tutorial\library\Zend\Server\Cache.php --> ftp.portalridgid.com.br /public_html/zf-tutorial/library/Zend/Server Cache.php
2011.06.20 18:51 B F:\xampp\htdocs\zf-tutorial\library\Zend\Server\Definition.php --> ftp.portalridgid.com.br /public_html/zf-tutorial/library/Zend/Server Definition.php
2011.06.20 18:51 B F:\xampp\htdocs\zf-tutorial\library\Zend\Server\Exception.php --> ftp.portalridgid.com.br /public_html/zf-tutorial/library/Zend/Server Exception.php
2011.06.20 18:51 B F:\xampp\htdocs\zf-tutorial\library\Zend\Server\Interface.php --> ftp.portalridgid.com.br /public_html/zf-tutorial/library/Zend/Server Interface.php
2011.06.20 18:51 B F:\xampp\htdocs\zf-tutorial\library\Zend\Server\Reflection.php --> ftp.portalridgid.com.br /public_html/zf-tutorial/library/Zend/Server Reflection.php
2011.06.30 03:17 B F:\xampp\htdocs\zendLibrary\Zend\Server\WS_FTP.LOG --> ftp.sbrafh.org.br /sbrafh/Web/zendLibrary/Zend/Server WS_FTP.LOG
2011.06.30 03:17 B F:\xampp\htdocs\zendLibrary\Zend\Server\Reflection.php --> ftp.sbrafh.org.br /sbrafh/Web/zendLibrary/Zend/Server Reflection.php
2011.06.30 03:17 B F:\xampp\htdocs\zendLibrary\Zend\Server\Interface.php --> ftp.sbrafh.org.br /sbrafh/Web/zendLibrary/Zend/Server Interface.php
2011.06.30 03:17 B F:\xampp\htdocs\zendLibrary\Zend\Server\Exception.php --> ftp.sbrafh.org.br /sbrafh/Web/zendLibrary/Zend/Server Exception.php
2011.06.30 03:17 B F:\xampp\htdocs\zendLibrary\Zend\Server\Definition.php --> ftp.sbrafh.org.br /sbrafh/Web/zendLibrary/Zend/Server Definition.php
2011.06.30 03:17 B F:\xampp\htdocs\zendLibrary\Zend\Server\Cache.php --> ftp.sbrafh.org.br /sbrafh/Web/zendLibrary/Zend/Server Cache.php
2011.06.30 03:17 B F:\xampp\htdocs\zendLibrary\Zend\Server\Abstract.php --> ftp.sbrafh.org.br /sbrafh/Web/zendLibrary/Zend/Server Abstract.php
2011.07.09 00:18 B F:\xampp\htdocs\zendLibrary\Zend\Server\Abstract.php --> ftp.radiofone.com.br /public_html/radiofone/zendLibrary/Zend/Server Abstract.php
2011.07.09 00:18 B F:\xampp\htdocs\zendLibrary\Zend\Server\Cache.php --> ftp.radiofone.com.br /public_html/radiofone/zendLibrary/Zend/Server Cache.php
2011.07.09 00:18 B F:\xampp\htdocs\zendLibrary\Zend\Server\Definition.php --> ftp.radiofone.com.br /public_html/radiofone/zendLibrary/Zend/Server Definition.php
2011.07.09 00:18 B F:\xampp\htdocs\zendLibrary\Zend\Server\Exception.php --> ftp.radiofone.com.br /public_html/radiofone/zendLibrary/Zend/Server Exception.php
2011.07.09 00:18 B F:\xampp\htdocs\zendLibrary\Zend\Server\Interface.php --> ftp.radiofone.com.br /public_html/radiofone/zendLibrary/Zend/Server Interface.php
2011.07.09 00:18 B F:\xampp\htdocs\zendLibrary\Zend\Server\Reflection.php --> ftp.radiofone.com.br /public_html/radiofone/zendLibrary/Zend/Server Reflection.php
2011.07.09 00:18 B F:\xampp\htdocs\zendLibrary\Zend\Server\WS_FTP.LOG --> ftp.radiofone.com.br /public_html/radiofone/zendLibrary/Zend/Server WS_FTP.LOG
2011.07.09 00:51 B F:\xampp\htdocs\zendLibrary\Zend\Server\WS_FTP.LOG --> ftp.radiofone.com.br /public_html/radiofone/zendLibrary/Zend/Server WS_FTP.LOG
2011.07.26 23:07 B F:\xampp\htdocs\zendLibrary\Zend\Server\Abstract.php --> ftp.sobrafo.org.br /public_html/zendLibrary/Zend/Server Abstract.php
2011.07.26 23:07 B F:\xampp\htdocs\zendLibrary\Zend\Server\Cache.php --> ftp.sobrafo.org.br /public_html/zendLibrary/Zend/Server Cache.php
2011.07.26 23:07 B F:\xampp\htdocs\zendLibrary\Zend\Server\Definition.php --> ftp.sobrafo.org.br /public_html/zendLibrary/Zend/Server Definition.php
2011.07.26 23:07 B F:\xampp\htdocs\zendLibrary\Zend\Server\Exception.php --> ftp.sobrafo.org.br /public_html/zendLibrary/Zend/Server Exception.php
2011.07.26 23:07 B F:\xampp\htdocs\zendLibrary\Zend\Server\Interface.php --> ftp.sobrafo.org.br /public_html/zendLibrary/Zend/Server Interface.php
2011.07.26 23:07 B F:\xampp\htdocs\zendLibrary\Zend\Server\Reflection.php --> ftp.sobrafo.org.br /public_html/zendLibrary/Zend/Server Reflection.php
2011.07.26 23:07 B F:\xampp\htdocs\zendLibrary\Zend\Server\WS_FTP.LOG --> ftp.sobrafo.org.br /public_html/zendLibrary/Zend/Server WS_FTP.LOG
2011.08.09 17:27 B F:\xampp\htdocs\ZendLibrary\Zend\Server\Abstract.php --> ftp.amfar.com.br /public_html/ZendLibrary/Zend/Server Abstract.php
2011.08.09 17:27 B F:\xampp\htdocs\ZendLibrary\Zend\Server\Cache.php --> ftp.amfar.com.br /public_html/ZendLibrary/Zend/Server Cache.php
2011.08.09 17:27 B F:\xampp\htdocs\ZendLibrary\Zend\Server\Definition.php --> ftp.amfar.com.br /public_html/ZendLibrary/Zend/Server Definition.php
2011.08.09 17:27 B F:\xampp\htdocs\ZendLibrary\Zend\Server\Exception.php --> ftp.amfar.com.br /public_html/ZendLibrary/Zend/Server Exception.php
2011.08.09 17:27 B F:\xampp\htdocs\ZendLibrary\Zend\Server\Interface.php --> ftp.amfar.com.br /public_html/ZendLibrary/Zend/Server Interface.php
2011.08.09 17:27 B F:\xampp\htdocs\ZendLibrary\Zend\Server\Reflection.php --> ftp.amfar.com.br /public_html/ZendLibrary/Zend/Server Reflection.php
