2010.05.06 01:04 B X:\portalridgid\newproducts\ui\i18n\ui.datepicker-zh-TW.js --> ftp.portalridgid.com.br /public_html/newproducts/ui/i18n ui.datepicker-zh-TW.js
2010.05.06 01:04 B X:\portalridgid\newproducts\ui\i18n\ui.datepicker-zh-CN.js --> ftp.portalridgid.com.br /public_html/newproducts/ui/i18n ui.datepicker-zh-CN.js
2010.05.06 01:04 B X:\portalridgid\newproducts\ui\i18n\ui.datepicker-uk.js --> ftp.portalridgid.com.br /public_html/newproducts/ui/i18n ui.datepicker-uk.js
2010.05.06 01:04 B X:\portalridgid\newproducts\ui\i18n\ui.datepicker-tr.js --> ftp.portalridgid.com.br /public_html/newproducts/ui/i18n ui.datepicker-tr.js
2010.05.06 01:04 B X:\portalridgid\newproducts\ui\i18n\ui.datepicker-th.js --> ftp.portalridgid.com.br /public_html/newproducts/ui/i18n ui.datepicker-th.js
2010.05.06 01:04 B X:\portalridgid\newproducts\ui\i18n\ui.datepicker-sv.js --> ftp.portalridgid.com.br /public_html/newproducts/ui/i18n ui.datepicker-sv.js
2010.05.06 01:04 B X:\portalridgid\newproducts\ui\i18n\ui.datepicker-sr.js --> ftp.portalridgid.com.br /public_html/newproducts/ui/i18n ui.datepicker-sr.js
2010.05.06 01:04 B X:\portalridgid\newproducts\ui\i18n\ui.datepicker-sr-SR.js --> ftp.portalridgid.com.br /public_html/newproducts/ui/i18n ui.datepicker-sr-SR.js
2010.05.06 01:04 B X:\portalridgid\newproducts\ui\i18n\ui.datepicker-sq.js --> ftp.portalridgid.com.br /public_html/newproducts/ui/i18n ui.datepicker-sq.js
2010.05.06 01:04 B X:\portalridgid\newproducts\ui\i18n\ui.datepicker-sl.js --> ftp.portalridgid.com.br /public_html/newproducts/ui/i18n ui.datepicker-sl.js
2010.05.06 01:04 B X:\portalridgid\newproducts\ui\i18n\ui.datepicker-sk.js --> ftp.portalridgid.com.br /public_html/newproducts/ui/i18n ui.datepicker-sk.js
2010.05.06 01:04 B X:\portalridgid\newproducts\ui\i18n\ui.datepicker-ru.js --> ftp.portalridgid.com.br /public_html/newproducts/ui/i18n ui.datepicker-ru.js
2010.05.06 01:04 B X:\portalridgid\newproducts\ui\i18n\ui.datepicker-ro.js --> ftp.portalridgid.com.br /public_html/newproducts/ui/i18n ui.datepicker-ro.js
2010.05.06 01:04 B X:\portalridgid\newproducts\ui\i18n\ui.datepicker-pt-BR.js --> ftp.portalridgid.com.br /public_html/newproducts/ui/i18n ui.datepicker-pt-BR.js
2010.05.06 01:04 B X:\portalridgid\newproducts\ui\i18n\ui.datepicker-pl.js --> ftp.portalridgid.com.br /public_html/newproducts/ui/i18n ui.datepicker-pl.js
2010.05.06 01:04 B X:\portalridgid\newproducts\ui\i18n\ui.datepicker-no.js --> ftp.portalridgid.com.br /public_html/newproducts/ui/i18n ui.datepicker-no.js
2010.05.06 01:04 B X:\portalridgid\newproducts\ui\i18n\ui.datepicker-nl.js --> ftp.portalridgid.com.br /public_html/newproducts/ui/i18n ui.datepicker-nl.js
2010.05.06 01:04 B X:\portalridgid\newproducts\ui\i18n\ui.datepicker-ms.js --> ftp.portalridgid.com.br /public_html/newproducts/ui/i18n ui.datepicker-ms.js
2010.05.06 01:04 B X:\portalridgid\newproducts\ui\i18n\ui.datepicker-lv.js --> ftp.portalridgid.com.br /public_html/newproducts/ui/i18n ui.datepicker-lv.js
2010.05.06 01:04 B X:\portalridgid\newproducts\ui\i18n\ui.datepicker-lt.js --> ftp.portalridgid.com.br /public_html/newproducts/ui/i18n ui.datepicker-lt.js
2010.05.06 01:04 B X:\portalridgid\newproducts\ui\i18n\ui.datepicker-ko.js --> ftp.portalridgid.com.br /public_html/newproducts/ui/i18n ui.datepicker-ko.js
2010.05.06 01:04 B X:\portalridgid\newproducts\ui\i18n\ui.datepicker-ja.js --> ftp.portalridgid.com.br /public_html/newproducts/ui/i18n ui.datepicker-ja.js
2010.05.06 01:04 B X:\portalridgid\newproducts\ui\i18n\ui.datepicker-it.js --> ftp.portalridgid.com.br /public_html/newproducts/ui/i18n ui.datepicker-it.js
2010.05.06 01:04 B X:\portalridgid\newproducts\ui\i18n\ui.datepicker-is.js --> ftp.portalridgid.com.br /public_html/newproducts/ui/i18n ui.datepicker-is.js
2010.05.06 01:04 B X:\portalridgid\newproducts\ui\i18n\ui.datepicker-id.js --> ftp.portalridgid.com.br /public_html/newproducts/ui/i18n ui.datepicker-id.js
2010.05.06 01:04 B X:\portalridgid\newproducts\ui\i18n\ui.datepicker-hy.js --> ftp.portalridgid.com.br /public_html/newproducts/ui/i18n ui.datepicker-hy.js
2010.05.06 01:04 B X:\portalridgid\newproducts\ui\i18n\ui.datepicker-hu.js --> ftp.portalridgid.com.br /public_html/newproducts/ui/i18n ui.datepicker-hu.js
2010.05.06 01:04 B X:\portalridgid\newproducts\ui\i18n\ui.datepicker-hr.js --> ftp.portalridgid.com.br /public_html/newproducts/ui/i18n ui.datepicker-hr.js
2010.05.06 01:04 B X:\portalridgid\newproducts\ui\i18n\ui.datepicker-he.js --> ftp.portalridgid.com.br /public_html/newproducts/ui/i18n ui.datepicker-he.js
2010.05.06 01:04 B X:\portalridgid\newproducts\ui\i18n\ui.datepicker-fr.js --> ftp.portalridgid.com.br /public_html/newproducts/ui/i18n ui.datepicker-fr.js
2010.05.06 01:04 B X:\portalridgid\newproducts\ui\i18n\ui.datepicker-fi.js --> ftp.portalridgid.com.br /public_html/newproducts/ui/i18n ui.datepicker-fi.js
2010.05.06 01:04 B X:\portalridgid\newproducts\ui\i18n\ui.datepicker-fa.js --> ftp.portalridgid.com.br /public_html/newproducts/ui/i18n ui.datepicker-fa.js
2010.05.06 01:04 B X:\portalridgid\newproducts\ui\i18n\ui.datepicker-es.js --> ftp.portalridgid.com.br /public_html/newproducts/ui/i18n ui.datepicker-es.js
2010.05.06 01:04 B X:\portalridgid\newproducts\ui\i18n\ui.datepicker-eo.js --> ftp.portalridgid.com.br /public_html/newproducts/ui/i18n ui.datepicker-eo.js
2010.05.06 01:04 B X:\portalridgid\newproducts\ui\i18n\ui.datepicker-el.js --> ftp.portalridgid.com.br /public_html/newproducts/ui/i18n ui.datepicker-el.js
2010.05.06 01:04 B X:\portalridgid\newproducts\ui\i18n\ui.datepicker-de.js --> ftp.portalridgid.com.br /public_html/newproducts/ui/i18n ui.datepicker-de.js
2010.05.06 01:04 B X:\portalridgid\newproducts\ui\i18n\ui.datepicker-da.js --> ftp.portalridgid.com.br /public_html/newproducts/ui/i18n ui.datepicker-da.js
2010.05.06 01:04 B X:\portalridgid\newproducts\ui\i18n\ui.datepicker-cs.js --> ftp.portalridgid.com.br /public_html/newproducts/ui/i18n ui.datepicker-cs.js
2010.05.06 01:04 B X:\portalridgid\newproducts\ui\i18n\ui.datepicker-ca.js --> ftp.portalridgid.com.br /public_html/newproducts/ui/i18n ui.datepicker-ca.js
2010.05.06 01:04 B X:\portalridgid\newproducts\ui\i18n\ui.datepicker-bg.js --> ftp.portalridgid.com.br /public_html/newproducts/ui/i18n ui.datepicker-bg.js
2010.05.06 01:04 B X:\portalridgid\newproducts\ui\i18n\ui.datepicker-ar.js --> ftp.portalridgid.com.br /public_html/newproducts/ui/i18n ui.datepicker-ar.js
2010.05.06 01:04 B X:\portalridgid\newproducts\ui\i18n\jquery-ui-i18n.js --> ftp.portalridgid.com.br /public_html/newproducts/ui/i18n jquery-ui-i18n.js
2011.01.25 01:34 B Z:\portalridgid\newproducts\ui\i18n\jquery-ui-i18n.js --> ftp.sobrafo.org.br /public_html/admin/js/ui/i18n jquery-ui-i18n.js
2011.01.25 01:34 B Z:\portalridgid\newproducts\ui\i18n\ui.datepicker-ar.js --> ftp.sobrafo.org.br /public_html/admin/js/ui/i18n ui.datepicker-ar.js
2011.01.25 01:34 B Z:\portalridgid\newproducts\ui\i18n\ui.datepicker-bg.js --> ftp.sobrafo.org.br /public_html/admin/js/ui/i18n ui.datepicker-bg.js
2011.01.25 01:34 B Z:\portalridgid\newproducts\ui\i18n\ui.datepicker-ca.js --> ftp.sobrafo.org.br /public_html/admin/js/ui/i18n ui.datepicker-ca.js
2011.01.25 01:34 B Z:\portalridgid\newproducts\ui\i18n\ui.datepicker-cs.js --> ftp.sobrafo.org.br /public_html/admin/js/ui/i18n ui.datepicker-cs.js
2011.01.25 01:34 B Z:\portalridgid\newproducts\ui\i18n\ui.datepicker-da.js --> ftp.sobrafo.org.br /public_html/admin/js/ui/i18n ui.datepicker-da.js
2011.01.25 01:34 B Z:\portalridgid\newproducts\ui\i18n\ui.datepicker-de.js --> ftp.sobrafo.org.br /public_html/admin/js/ui/i18n ui.datepicker-de.js
2011.01.25 01:34 B Z:\portalridgid\newproducts\ui\i18n\ui.datepicker-el.js --> ftp.sobrafo.org.br /public_html/admin/js/ui/i18n ui.datepicker-el.js
2011.01.25 01:34 B Z:\portalridgid\newproducts\ui\i18n\ui.datepicker-eo.js --> ftp.sobrafo.org.br /public_html/admin/js/ui/i18n ui.datepicker-eo.js
2011.01.25 01:34 B Z:\portalridgid\newproducts\ui\i18n\ui.datepicker-es.js --> ftp.sobrafo.org.br /public_html/admin/js/ui/i18n ui.datepicker-es.js
2011.01.25 01:34 B Z:\portalridgid\newproducts\ui\i18n\ui.datepicker-fa.js --> ftp.sobrafo.org.br /public_html/admin/js/ui/i18n ui.datepicker-fa.js
2011.01.25 01:34 B Z:\portalridgid\newproducts\ui\i18n\ui.datepicker-fi.js --> ftp.sobrafo.org.br /public_html/admin/js/ui/i18n ui.datepicker-fi.js
2011.01.25 01:34 B Z:\portalridgid\newproducts\ui\i18n\ui.datepicker-fr.js --> ftp.sobrafo.org.br /public_html/admin/js/ui/i18n ui.datepicker-fr.js
2011.01.25 01:34 B Z:\portalridgid\newproducts\ui\i18n\ui.datepicker-he.js --> ftp.sobrafo.org.br /public_html/admin/js/ui/i18n ui.datepicker-he.js
2011.01.25 01:34 B Z:\portalridgid\newproducts\ui\i18n\ui.datepicker-hr.js --> ftp.sobrafo.org.br /public_html/admin/js/ui/i18n ui.datepicker-hr.js
2011.01.25 01:34 B Z:\portalridgid\newproducts\ui\i18n\ui.datepicker-hu.js --> ftp.sobrafo.org.br /public_html/admin/js/ui/i18n ui.datepicker-hu.js
2011.01.25 01:34 B Z:\portalridgid\newproducts\ui\i18n\ui.datepicker-hy.js --> ftp.sobrafo.org.br /public_html/admin/js/ui/i18n ui.datepicker-hy.js
2011.01.25 01:34 B Z:\portalridgid\newproducts\ui\i18n\ui.datepicker-id.js --> ftp.sobrafo.org.br /public_html/admin/js/ui/i18n ui.datepicker-id.js
2011.01.25 01:34 B Z:\portalridgid\newproducts\ui\i18n\ui.datepicker-is.js --> ftp.sobrafo.org.br /public_html/admin/js/ui/i18n ui.datepicker-is.js
2011.01.25 01:34 B Z:\portalridgid\newproducts\ui\i18n\ui.datepicker-it.js --> ftp.sobrafo.org.br /public_html/admin/js/ui/i18n ui.datepicker-it.js
2011.01.25 01:34 B Z:\portalridgid\newproducts\ui\i18n\ui.datepicker-ja.js --> ftp.sobrafo.org.br /public_html/admin/js/ui/i18n ui.datepicker-ja.js
2011.01.25 01:34 B Z:\portalridgid\newproducts\ui\i18n\ui.datepicker-ko.js --> ftp.sobrafo.org.br /public_html/admin/js/ui/i18n ui.datepicker-ko.js
2011.01.25 01:34 B Z:\portalridgid\newproducts\ui\i18n\ui.datepicker-lt.js --> ftp.sobrafo.org.br /public_html/admin/js/ui/i18n ui.datepicker-lt.js
2011.01.25 01:34 B Z:\portalridgid\newproducts\ui\i18n\ui.datepicker-lv.js --> ftp.sobrafo.org.br /public_html/admin/js/ui/i18n ui.datepicker-lv.js
2011.01.25 01:34 B Z:\portalridgid\newproducts\ui\i18n\ui.datepicker-ms.js --> ftp.sobrafo.org.br /public_html/admin/js/ui/i18n ui.datepicker-ms.js
2011.01.25 01:34 B Z:\portalridgid\newproducts\ui\i18n\ui.datepicker-nl.js --> ftp.sobrafo.org.br /public_html/admin/js/ui/i18n ui.datepicker-nl.js
2011.01.25 01:34 B Z:\portalridgid\newproducts\ui\i18n\ui.datepicker-no.js --> ftp.sobrafo.org.br /public_html/admin/js/ui/i18n ui.datepicker-no.js
2011.01.25 01:34 B Z:\portalridgid\newproducts\ui\i18n\ui.datepicker-pl.js --> ftp.sobrafo.org.br /public_html/admin/js/ui/i18n ui.datepicker-pl.js
2011.01.25 01:34 B Z:\portalridgid\newproducts\ui\i18n\ui.datepicker-pt-BR.js --> ftp.sobrafo.org.br /public_html/admin/js/ui/i18n ui.datepicker-pt-BR.js
2011.01.25 01:34 B Z:\portalridgid\newproducts\ui\i18n\ui.datepicker-ro.js --> ftp.sobrafo.org.br /public_html/admin/js/ui/i18n ui.datepicker-ro.js
2011.01.25 01:34 B Z:\portalridgid\newproducts\ui\i18n\ui.datepicker-ru.js --> ftp.sobrafo.org.br /public_html/admin/js/ui/i18n ui.datepicker-ru.js
2011.01.25 01:34 B Z:\portalridgid\newproducts\ui\i18n\ui.datepicker-sk.js --> ftp.sobrafo.org.br /public_html/admin/js/ui/i18n ui.datepicker-sk.js
2011.01.25 01:34 B Z:\portalridgid\newproducts\ui\i18n\ui.datepicker-sl.js --> ftp.sobrafo.org.br /public_html/admin/js/ui/i18n ui.datepicker-sl.js
2011.01.25 01:34 B Z:\portalridgid\newproducts\ui\i18n\ui.datepicker-sq.js --> ftp.sobrafo.org.br /public_html/admin/js/ui/i18n ui.datepicker-sq.js
2011.01.25 01:34 B Z:\portalridgid\newproducts\ui\i18n\ui.datepicker-sr-SR.js --> ftp.sobrafo.org.br /public_html/admin/js/ui/i18n ui.datepicker-sr-SR.js
2011.01.25 01:34 B Z:\portalridgid\newproducts\ui\i18n\ui.datepicker-sr.js --> ftp.sobrafo.org.br /public_html/admin/js/ui/i18n ui.datepicker-sr.js
2011.01.25 01:34 B Z:\portalridgid\newproducts\ui\i18n\ui.datepicker-sv.js --> ftp.sobrafo.org.br /public_html/admin/js/ui/i18n ui.datepicker-sv.js
2011.01.25 01:34 B Z:\portalridgid\newproducts\ui\i18n\ui.datepicker-th.js --> ftp.sobrafo.org.br /public_html/admin/js/ui/i18n ui.datepicker-th.js
2011.01.25 01:34 B Z:\portalridgid\newproducts\ui\i18n\ui.datepicker-tr.js --> ftp.sobrafo.org.br /public_html/admin/js/ui/i18n ui.datepicker-tr.js
2011.01.25 01:34 B Z:\portalridgid\newproducts\ui\i18n\ui.datepicker-uk.js --> ftp.sobrafo.org.br /public_html/admin/js/ui/i18n ui.datepicker-uk.js
2011.01.25 01:34 B Z:\portalridgid\newproducts\ui\i18n\ui.datepicker-zh-CN.js --> ftp.sobrafo.org.br /public_html/admin/js/ui/i18n ui.datepicker-zh-CN.js
2011.01.25 01:34 B Z:\portalridgid\newproducts\ui\i18n\ui.datepicker-zh-TW.js --> ftp.sobrafo.org.br /public_html/admin/js/ui/i18n ui.datepicker-zh-TW.js
2011.02.01 03:56 B Z:\sobrafo\webadmin\ui\i18n\WS_FTP.LOG <-- sobrafo /public_html/admin/ui/i18n WS_FTP.LOG
2011.02.01 03:57 B Z:\sobrafo\webadmin\ui\i18n\jquery-ui-i18n.js --> ftp.sobrafo.org.br /public_html/webadmin/ui/i18n jquery-ui-i18n.js
2011.02.01 03:57 B Z:\sobrafo\webadmin\ui\i18n\ui.datepicker-ar.js --> ftp.sobrafo.org.br /public_html/webadmin/ui/i18n ui.datepicker-ar.js
2011.02.01 03:57 B Z:\sobrafo\webadmin\ui\i18n\ui.datepicker-bg.js --> ftp.sobrafo.org.br /public_html/webadmin/ui/i18n ui.datepicker-bg.js
2011.02.01 03:57 B Z:\sobrafo\webadmin\ui\i18n\ui.datepicker-ca.js --> ftp.sobrafo.org.br /public_html/webadmin/ui/i18n ui.datepicker-ca.js
2011.02.01 03:57 B Z:\sobrafo\webadmin\ui\i18n\ui.datepicker-cs.js --> ftp.sobrafo.org.br /public_html/webadmin/ui/i18n ui.datepicker-cs.js
2011.02.01 03:57 B Z:\sobrafo\webadmin\ui\i18n\ui.datepicker-da.js --> ftp.sobrafo.org.br /public_html/webadmin/ui/i18n ui.datepicker-da.js
2011.02.01 03:57 B Z:\sobrafo\webadmin\ui\i18n\ui.datepicker-de.js --> ftp.sobrafo.org.br /public_html/webadmin/ui/i18n ui.datepicker-de.js
2011.02.01 03:57 B Z:\sobrafo\webadmin\ui\i18n\ui.datepicker-el.js --> ftp.sobrafo.org.br /public_html/webadmin/ui/i18n ui.datepicker-el.js
2011.02.01 03:57 B Z:\sobrafo\webadmin\ui\i18n\ui.datepicker-eo.js --> ftp.sobrafo.org.br /public_html/webadmin/ui/i18n ui.datepicker-eo.js
2011.02.01 03:57 B Z:\sobrafo\webadmin\ui\i18n\ui.datepicker-es.js --> ftp.sobrafo.org.br /public_html/webadmin/ui/i18n ui.datepicker-es.js
2011.02.01 03:57 B Z:\sobrafo\webadmin\ui\i18n\ui.datepicker-fa.js --> ftp.sobrafo.org.br /public_html/webadmin/ui/i18n ui.datepicker-fa.js
2011.02.01 03:57 B Z:\sobrafo\webadmin\ui\i18n\ui.datepicker-fi.js --> ftp.sobrafo.org.br /public_html/webadmin/ui/i18n ui.datepicker-fi.js
2011.02.01 03:57 B Z:\sobrafo\webadmin\ui\i18n\ui.datepicker-fr.js --> ftp.sobrafo.org.br /public_html/webadmin/ui/i18n ui.datepicker-fr.js
2011.02.01 03:57 B Z:\sobrafo\webadmin\ui\i18n\ui.datepicker-he.js --> ftp.sobrafo.org.br /public_html/webadmin/ui/i18n ui.datepicker-he.js
2011.02.01 03:57 B Z:\sobrafo\webadmin\ui\i18n\ui.datepicker-hr.js --> ftp.sobrafo.org.br /public_html/webadmin/ui/i18n ui.datepicker-hr.js
2011.02.01 03:57 B Z:\sobrafo\webadmin\ui\i18n\ui.datepicker-hu.js --> ftp.sobrafo.org.br /public_html/webadmin/ui/i18n ui.datepicker-hu.js
2011.02.01 03:57 B Z:\sobrafo\webadmin\ui\i18n\ui.datepicker-hy.js --> ftp.sobrafo.org.br /public_html/webadmin/ui/i18n ui.datepicker-hy.js
2011.02.01 03:57 B Z:\sobrafo\webadmin\ui\i18n\ui.datepicker-id.js --> ftp.sobrafo.org.br /public_html/webadmin/ui/i18n ui.datepicker-id.js
2011.02.01 03:57 B Z:\sobrafo\webadmin\ui\i18n\ui.datepicker-is.js --> ftp.sobrafo.org.br /public_html/webadmin/ui/i18n ui.datepicker-is.js
2011.02.01 03:57 B Z:\sobrafo\webadmin\ui\i18n\ui.datepicker-it.js --> ftp.sobrafo.org.br /public_html/webadmin/ui/i18n ui.datepicker-it.js
2011.02.01 03:57 B Z:\sobrafo\webadmin\ui\i18n\ui.datepicker-ja.js --> ftp.sobrafo.org.br /public_html/webadmin/ui/i18n ui.datepicker-ja.js
2011.02.01 03:57 B Z:\sobrafo\webadmin\ui\i18n\ui.datepicker-ko.js --> ftp.sobrafo.org.br /public_html/webadmin/ui/i18n ui.datepicker-ko.js
2011.02.01 03:57 B Z:\sobrafo\webadmin\ui\i18n\ui.datepicker-lt.js --> ftp.sobrafo.org.br /public_html/webadmin/ui/i18n ui.datepicker-lt.js
2011.02.01 03:57 B Z:\sobrafo\webadmin\ui\i18n\ui.datepicker-lv.js --> ftp.sobrafo.org.br /public_html/webadmin/ui/i18n ui.datepicker-lv.js
2011.02.01 03:57 B Z:\sobrafo\webadmin\ui\i18n\ui.datepicker-ms.js --> ftp.sobrafo.org.br /public_html/webadmin/ui/i18n ui.datepicker-ms.js
2011.02.01 03:57 B Z:\sobrafo\webadmin\ui\i18n\ui.datepicker-nl.js --> ftp.sobrafo.org.br /public_html/webadmin/ui/i18n ui.datepicker-nl.js
2011.02.01 03:57 B Z:\sobrafo\webadmin\ui\i18n\ui.datepicker-no.js --> ftp.sobrafo.org.br /public_html/webadmin/ui/i18n ui.datepicker-no.js
2011.02.01 03:57 B Z:\sobrafo\webadmin\ui\i18n\ui.datepicker-pl.js --> ftp.sobrafo.org.br /public_html/webadmin/ui/i18n ui.datepicker-pl.js
2011.02.01 03:57 B Z:\sobrafo\webadmin\ui\i18n\ui.datepicker-pt-BR.js --> ftp.sobrafo.org.br /public_html/webadmin/ui/i18n ui.datepicker-pt-BR.js
2011.02.01 03:57 B Z:\sobrafo\webadmin\ui\i18n\ui.datepicker-ro.js --> ftp.sobrafo.org.br /public_html/webadmin/ui/i18n ui.datepicker-ro.js
2011.02.01 03:57 B Z:\sobrafo\webadmin\ui\i18n\ui.datepicker-ru.js --> ftp.sobrafo.org.br /public_html/webadmin/ui/i18n ui.datepicker-ru.js
2011.02.01 03:57 B Z:\sobrafo\webadmin\ui\i18n\ui.datepicker-sk.js --> ftp.sobrafo.org.br /public_html/webadmin/ui/i18n ui.datepicker-sk.js
2011.02.01 03:57 B Z:\sobrafo\webadmin\ui\i18n\ui.datepicker-sl.js --> ftp.sobrafo.org.br /public_html/webadmin/ui/i18n ui.datepicker-sl.js
2011.02.01 03:57 B Z:\sobrafo\webadmin\ui\i18n\ui.datepicker-sq.js --> ftp.sobrafo.org.br /public_html/webadmin/ui/i18n ui.datepicker-sq.js
2011.02.01 03:57 B Z:\sobrafo\webadmin\ui\i18n\ui.datepicker-sr-SR.js --> ftp.sobrafo.org.br /public_html/webadmin/ui/i18n ui.datepicker-sr-SR.js
2011.02.01 03:57 B Z:\sobrafo\webadmin\ui\i18n\ui.datepicker-sr.js --> ftp.sobrafo.org.br /public_html/webadmin/ui/i18n ui.datepicker-sr.js
2011.02.01 03:57 B Z:\sobrafo\webadmin\ui\i18n\ui.datepicker-sv.js --> ftp.sobrafo.org.br /public_html/webadmin/ui/i18n ui.datepicker-sv.js
2011.02.01 03:57 B Z:\sobrafo\webadmin\ui\i18n\ui.datepicker-th.js --> ftp.sobrafo.org.br /public_html/webadmin/ui/i18n ui.datepicker-th.js
2011.02.01 03:57 B Z:\sobrafo\webadmin\ui\i18n\ui.datepicker-tr.js --> ftp.sobrafo.org.br /public_html/webadmin/ui/i18n ui.datepicker-tr.js
2011.02.01 03:57 B Z:\sobrafo\webadmin\ui\i18n\ui.datepicker-uk.js --> ftp.sobrafo.org.br /public_html/webadmin/ui/i18n ui.datepicker-uk.js
2011.02.01 03:57 B Z:\sobrafo\webadmin\ui\i18n\ui.datepicker-zh-CN.js --> ftp.sobrafo.org.br /public_html/webadmin/ui/i18n ui.datepicker-zh-CN.js
2011.02.01 03:57 B Z:\sobrafo\webadmin\ui\i18n\ui.datepicker-zh-TW.js --> ftp.sobrafo.org.br /public_html/webadmin/ui/i18n ui.datepicker-zh-TW.js
2011.02.24 20:41 B E:\web\sobrafo\webadmin\ui\i18n\WS_FTP.LOG <-- sobrafo /public_html/webadmin/ui/i18n WS_FTP.LOG
2011.03.18 11:32 B E:\web\sobrafo\webadmin\ui\i18n\WS_FTP.LOG --> ftp.sbrafh.org.br /sbrafh/Web/congresso/webadmin/ui/i18n WS_FTP.LOG
2011.03.18 11:32 B E:\web\sobrafo\webadmin\ui\i18n\ui.datepicker-zh-TW.js --> ftp.sbrafh.org.br /sbrafh/Web/congresso/webadmin/ui/i18n ui.datepicker-zh-TW.js
2011.03.18 11:32 B E:\web\sobrafo\webadmin\ui\i18n\ui.datepicker-zh-CN.js --> ftp.sbrafh.org.br /sbrafh/Web/congresso/webadmin/ui/i18n ui.datepicker-zh-CN.js
2011.03.18 11:32 B E:\web\sobrafo\webadmin\ui\i18n\ui.datepicker-uk.js --> ftp.sbrafh.org.br /sbrafh/Web/congresso/webadmin/ui/i18n ui.datepicker-uk.js
2011.03.18 11:32 B E:\web\sobrafo\webadmin\ui\i18n\ui.datepicker-tr.js --> ftp.sbrafh.org.br /sbrafh/Web/congresso/webadmin/ui/i18n ui.datepicker-tr.js
2011.03.18 11:32 B E:\web\sobrafo\webadmin\ui\i18n\ui.datepicker-th.js --> ftp.sbrafh.org.br /sbrafh/Web/congresso/webadmin/ui/i18n ui.datepicker-th.js
2011.03.18 11:32 B E:\web\sobrafo\webadmin\ui\i18n\ui.datepicker-sv.js --> ftp.sbrafh.org.br /sbrafh/Web/congresso/webadmin/ui/i18n ui.datepicker-sv.js
2011.03.18 11:32 B E:\web\sobrafo\webadmin\ui\i18n\ui.datepicker-sr.js --> ftp.sbrafh.org.br /sbrafh/Web/congresso/webadmin/ui/i18n ui.datepicker-sr.js
2011.03.18 11:32 B E:\web\sobrafo\webadmin\ui\i18n\ui.datepicker-sr-SR.js --> ftp.sbrafh.org.br /sbrafh/Web/congresso/webadmin/ui/i18n ui.datepicker-sr-SR.js
2011.03.18 11:32 B E:\web\sobrafo\webadmin\ui\i18n\ui.datepicker-sq.js --> ftp.sbrafh.org.br /sbrafh/Web/congresso/webadmin/ui/i18n ui.datepicker-sq.js
2011.03.18 11:32 B E:\web\sobrafo\webadmin\ui\i18n\ui.datepicker-sl.js --> ftp.sbrafh.org.br /sbrafh/Web/congresso/webadmin/ui/i18n ui.datepicker-sl.js
2011.03.18 11:32 B E:\web\sobrafo\webadmin\ui\i18n\ui.datepicker-sk.js --> ftp.sbrafh.org.br /sbrafh/Web/congresso/webadmin/ui/i18n ui.datepicker-sk.js
2011.03.18 11:32 B E:\web\sobrafo\webadmin\ui\i18n\ui.datepicker-ru.js --> ftp.sbrafh.org.br /sbrafh/Web/congresso/webadmin/ui/i18n ui.datepicker-ru.js
2011.03.18 11:32 B E:\web\sobrafo\webadmin\ui\i18n\ui.datepicker-ro.js --> ftp.sbrafh.org.br /sbrafh/Web/congresso/webadmin/ui/i18n ui.datepicker-ro.js
2011.03.18 11:32 B E:\web\sobrafo\webadmin\ui\i18n\ui.datepicker-pt-BR.js --> ftp.sbrafh.org.br /sbrafh/Web/congresso/webadmin/ui/i18n ui.datepicker-pt-BR.js
2011.03.18 11:32 B E:\web\sobrafo\webadmin\ui\i18n\ui.datepicker-pl.js --> ftp.sbrafh.org.br /sbrafh/Web/congresso/webadmin/ui/i18n ui.datepicker-pl.js
2011.03.18 11:32 B E:\web\sobrafo\webadmin\ui\i18n\ui.datepicker-no.js --> ftp.sbrafh.org.br /sbrafh/Web/congresso/webadmin/ui/i18n ui.datepicker-no.js
2011.03.18 11:32 B E:\web\sobrafo\webadmin\ui\i18n\ui.datepicker-nl.js --> ftp.sbrafh.org.br /sbrafh/Web/congresso/webadmin/ui/i18n ui.datepicker-nl.js
2011.03.18 11:32 B E:\web\sobrafo\webadmin\ui\i18n\ui.datepicker-ms.js --> ftp.sbrafh.org.br /sbrafh/Web/congresso/webadmin/ui/i18n ui.datepicker-ms.js
2011.03.18 11:32 B E:\web\sobrafo\webadmin\ui\i18n\ui.datepicker-lv.js --> ftp.sbrafh.org.br /sbrafh/Web/congresso/webadmin/ui/i18n ui.datepicker-lv.js
2011.03.18 11:32 B E:\web\sobrafo\webadmin\ui\i18n\ui.datepicker-lt.js --> ftp.sbrafh.org.br /sbrafh/Web/congresso/webadmin/ui/i18n ui.datepicker-lt.js
2011.03.18 11:32 B E:\web\sobrafo\webadmin\ui\i18n\ui.datepicker-ko.js --> ftp.sbrafh.org.br /sbrafh/Web/congresso/webadmin/ui/i18n ui.datepicker-ko.js
2011.03.18 11:32 B E:\web\sobrafo\webadmin\ui\i18n\ui.datepicker-ja.js --> ftp.sbrafh.org.br /sbrafh/Web/congresso/webadmin/ui/i18n ui.datepicker-ja.js
2011.03.18 11:32 B E:\web\sobrafo\webadmin\ui\i18n\ui.datepicker-it.js --> ftp.sbrafh.org.br /sbrafh/Web/congresso/webadmin/ui/i18n ui.datepicker-it.js
2011.03.18 11:32 B E:\web\sobrafo\webadmin\ui\i18n\ui.datepicker-is.js --> ftp.sbrafh.org.br /sbrafh/Web/congresso/webadmin/ui/i18n ui.datepicker-is.js
2011.03.18 11:32 B E:\web\sobrafo\webadmin\ui\i18n\ui.datepicker-id.js --> ftp.sbrafh.org.br /sbrafh/Web/congresso/webadmin/ui/i18n ui.datepicker-id.js
2011.03.18 11:32 B E:\web\sobrafo\webadmin\ui\i18n\ui.datepicker-hy.js --> ftp.sbrafh.org.br /sbrafh/Web/congresso/webadmin/ui/i18n ui.datepicker-hy.js
2011.03.18 11:32 B E:\web\sobrafo\webadmin\ui\i18n\ui.datepicker-hu.js --> ftp.sbrafh.org.br /sbrafh/Web/congresso/webadmin/ui/i18n ui.datepicker-hu.js
2011.03.18 11:32 B E:\web\sobrafo\webadmin\ui\i18n\ui.datepicker-hr.js --> ftp.sbrafh.org.br /sbrafh/Web/congresso/webadmin/ui/i18n ui.datepicker-hr.js
2011.03.18 11:32 B E:\web\sobrafo\webadmin\ui\i18n\ui.datepicker-he.js --> ftp.sbrafh.org.br /sbrafh/Web/congresso/webadmin/ui/i18n ui.datepicker-he.js
2011.03.18 11:32 B E:\web\sobrafo\webadmin\ui\i18n\ui.datepicker-fr.js --> ftp.sbrafh.org.br /sbrafh/Web/congresso/webadmin/ui/i18n ui.datepicker-fr.js
2011.03.18 11:32 B E:\web\sobrafo\webadmin\ui\i18n\ui.datepicker-fi.js --> ftp.sbrafh.org.br /sbrafh/Web/congresso/webadmin/ui/i18n ui.datepicker-fi.js
2011.03.18 11:32 B E:\web\sobrafo\webadmin\ui\i18n\ui.datepicker-fa.js --> ftp.sbrafh.org.br /sbrafh/Web/congresso/webadmin/ui/i18n ui.datepicker-fa.js
2011.03.18 11:32 B E:\web\sobrafo\webadmin\ui\i18n\ui.datepicker-es.js --> ftp.sbrafh.org.br /sbrafh/Web/congresso/webadmin/ui/i18n ui.datepicker-es.js
2011.03.18 11:32 B E:\web\sobrafo\webadmin\ui\i18n\ui.datepicker-eo.js --> ftp.sbrafh.org.br /sbrafh/Web/congresso/webadmin/ui/i18n ui.datepicker-eo.js
2011.03.18 11:32 B E:\web\sobrafo\webadmin\ui\i18n\ui.datepicker-el.js --> ftp.sbrafh.org.br /sbrafh/Web/congresso/webadmin/ui/i18n ui.datepicker-el.js
2011.03.18 11:32 B E:\web\sobrafo\webadmin\ui\i18n\ui.datepicker-de.js --> ftp.sbrafh.org.br /sbrafh/Web/congresso/webadmin/ui/i18n ui.datepicker-de.js
2011.03.18 11:32 B E:\web\sobrafo\webadmin\ui\i18n\ui.datepicker-da.js --> ftp.sbrafh.org.br /sbrafh/Web/congresso/webadmin/ui/i18n ui.datepicker-da.js
2011.03.18 11:32 B E:\web\sobrafo\webadmin\ui\i18n\ui.datepicker-cs.js --> ftp.sbrafh.org.br /sbrafh/Web/congresso/webadmin/ui/i18n ui.datepicker-cs.js
2011.03.18 11:32 B E:\web\sobrafo\webadmin\ui\i18n\ui.datepicker-ca.js --> ftp.sbrafh.org.br /sbrafh/Web/congresso/webadmin/ui/i18n ui.datepicker-ca.js
2011.03.18 11:32 B E:\web\sobrafo\webadmin\ui\i18n\ui.datepicker-bg.js --> ftp.sbrafh.org.br /sbrafh/Web/congresso/webadmin/ui/i18n ui.datepicker-bg.js
2011.03.18 11:32 B E:\web\sobrafo\webadmin\ui\i18n\ui.datepicker-ar.js --> ftp.sbrafh.org.br /sbrafh/Web/congresso/webadmin/ui/i18n ui.datepicker-ar.js
2011.03.18 11:32 B E:\web\sobrafo\webadmin\ui\i18n\jquery-ui-i18n.js --> ftp.sbrafh.org.br /sbrafh/Web/congresso/webadmin/ui/i18n jquery-ui-i18n.js
2011.07.29 21:27 B F:\xampp\htdocs\jsLibrary\ui\i18n\jquery-ui-i18n.js --> ftp.sobrafo.org.br /public_html/jsLibrary/ui/i18n jquery-ui-i18n.js
2011.07.29 21:27 B F:\xampp\htdocs\jsLibrary\ui\i18n\ui.datepicker-ar.js --> ftp.sobrafo.org.br /public_html/jsLibrary/ui/i18n ui.datepicker-ar.js
2011.07.29 21:27 B F:\xampp\htdocs\jsLibrary\ui\i18n\ui.datepicker-bg.js --> ftp.sobrafo.org.br /public_html/jsLibrary/ui/i18n ui.datepicker-bg.js
2011.07.29 21:27 B F:\xampp\htdocs\jsLibrary\ui\i18n\ui.datepicker-ca.js --> ftp.sobrafo.org.br /public_html/jsLibrary/ui/i18n ui.datepicker-ca.js
2011.07.29 21:27 B F:\xampp\htdocs\jsLibrary\ui\i18n\ui.datepicker-cs.js --> ftp.sobrafo.org.br /public_html/jsLibrary/ui/i18n ui.datepicker-cs.js
2011.07.29 21:27 B F:\xampp\htdocs\jsLibrary\ui\i18n\ui.datepicker-da.js --> ftp.sobrafo.org.br /public_html/jsLibrary/ui/i18n ui.datepicker-da.js
2011.07.29 21:27 B F:\xampp\htdocs\jsLibrary\ui\i18n\ui.datepicker-de.js --> ftp.sobrafo.org.br /public_html/jsLibrary/ui/i18n ui.datepicker-de.js
2011.07.29 21:27 B F:\xampp\htdocs\jsLibrary\ui\i18n\ui.datepicker-el.js --> ftp.sobrafo.org.br /public_html/jsLibrary/ui/i18n ui.datepicker-el.js
2011.07.29 21:27 B F:\xampp\htdocs\jsLibrary\ui\i18n\ui.datepicker-eo.js --> ftp.sobrafo.org.br /public_html/jsLibrary/ui/i18n ui.datepicker-eo.js
2011.07.29 21:27 B F:\xampp\htdocs\jsLibrary\ui\i18n\ui.datepicker-es.js --> ftp.sobrafo.org.br /public_html/jsLibrary/ui/i18n ui.datepicker-es.js
2011.07.29 21:27 B F:\xampp\htdocs\jsLibrary\ui\i18n\ui.datepicker-fa.js --> ftp.sobrafo.org.br /public_html/jsLibrary/ui/i18n ui.datepicker-fa.js
2011.07.29 21:27 B F:\xampp\htdocs\jsLibrary\ui\i18n\ui.datepicker-fi.js --> ftp.sobrafo.org.br /public_html/jsLibrary/ui/i18n ui.datepicker-fi.js
2011.07.29 21:27 B F:\xampp\htdocs\jsLibrary\ui\i18n\ui.datepicker-fr.js --> ftp.sobrafo.org.br /public_html/jsLibrary/ui/i18n ui.datepicker-fr.js
2011.07.29 21:27 B F:\xampp\htdocs\jsLibrary\ui\i18n\ui.datepicker-he.js --> ftp.sobrafo.org.br /public_html/jsLibrary/ui/i18n ui.datepicker-he.js
2011.07.29 21:27 B F:\xampp\htdocs\jsLibrary\ui\i18n\ui.datepicker-hr.js --> ftp.sobrafo.org.br /public_html/jsLibrary/ui/i18n ui.datepicker-hr.js
2011.07.29 21:27 B F:\xampp\htdocs\jsLibrary\ui\i18n\ui.datepicker-hu.js --> ftp.sobrafo.org.br /public_html/jsLibrary/ui/i18n ui.datepicker-hu.js
2011.07.29 21:27 B F:\xampp\htdocs\jsLibrary\ui\i18n\ui.datepicker-hy.js --> ftp.sobrafo.org.br /public_html/jsLibrary/ui/i18n ui.datepicker-hy.js
2011.07.29 21:27 B F:\xampp\htdocs\jsLibrary\ui\i18n\ui.datepicker-id.js --> ftp.sobrafo.org.br /public_html/jsLibrary/ui/i18n ui.datepicker-id.js
2011.07.29 21:27 B F:\xampp\htdocs\jsLibrary\ui\i18n\ui.datepicker-is.js --> ftp.sobrafo.org.br /public_html/jsLibrary/ui/i18n ui.datepicker-is.js
2011.07.29 21:27 B F:\xampp\htdocs\jsLibrary\ui\i18n\ui.datepicker-it.js --> ftp.sobrafo.org.br /public_html/jsLibrary/ui/i18n ui.datepicker-it.js
2011.07.29 21:27 B F:\xampp\htdocs\jsLibrary\ui\i18n\ui.datepicker-ja.js --> ftp.sobrafo.org.br /public_html/jsLibrary/ui/i18n ui.datepicker-ja.js
2011.07.29 21:27 B F:\xampp\htdocs\jsLibrary\ui\i18n\ui.datepicker-ko.js --> ftp.sobrafo.org.br /public_html/jsLibrary/ui/i18n ui.datepicker-ko.js
2011.07.29 21:27 B F:\xampp\htdocs\jsLibrary\ui\i18n\ui.datepicker-lt.js --> ftp.sobrafo.org.br /public_html/jsLibrary/ui/i18n ui.datepicker-lt.js
2011.07.29 21:27 B F:\xampp\htdocs\jsLibrary\ui\i18n\ui.datepicker-lv.js --> ftp.sobrafo.org.br /public_html/jsLibrary/ui/i18n ui.datepicker-lv.js
2011.07.29 21:27 B F:\xampp\htdocs\jsLibrary\ui\i18n\ui.datepicker-ms.js --> ftp.sobrafo.org.br /public_html/jsLibrary/ui/i18n ui.datepicker-ms.js
2011.07.29 21:27 B F:\xampp\htdocs\jsLibrary\ui\i18n\ui.datepicker-nl.js --> ftp.sobrafo.org.br /public_html/jsLibrary/ui/i18n ui.datepicker-nl.js
2011.07.29 21:27 B F:\xampp\htdocs\jsLibrary\ui\i18n\ui.datepicker-no.js --> ftp.sobrafo.org.br /public_html/jsLibrary/ui/i18n ui.datepicker-no.js
2011.07.29 21:27 B F:\xampp\htdocs\jsLibrary\ui\i18n\ui.datepicker-pl.js --> ftp.sobrafo.org.br /public_html/jsLibrary/ui/i18n ui.datepicker-pl.js
2011.07.29 21:27 B F:\xampp\htdocs\jsLibrary\ui\i18n\ui.datepicker-pt-BR.js --> ftp.sobrafo.org.br /public_html/jsLibrary/ui/i18n ui.datepicker-pt-BR.js
2011.07.29 21:27 B F:\xampp\htdocs\jsLibrary\ui\i18n\ui.datepicker-ro.js --> ftp.sobrafo.org.br /public_html/jsLibrary/ui/i18n ui.datepicker-ro.js
2011.07.29 21:27 B F:\xampp\htdocs\jsLibrary\ui\i18n\ui.datepicker-ru.js --> ftp.sobrafo.org.br /public_html/jsLibrary/ui/i18n ui.datepicker-ru.js
2011.07.29 21:27 B F:\xampp\htdocs\jsLibrary\ui\i18n\ui.datepicker-sk.js --> ftp.sobrafo.org.br /public_html/jsLibrary/ui/i18n ui.datepicker-sk.js
2011.07.29 21:27 B F:\xampp\htdocs\jsLibrary\ui\i18n\ui.datepicker-sl.js --> ftp.sobrafo.org.br /public_html/jsLibrary/ui/i18n ui.datepicker-sl.js
2011.07.29 21:27 B F:\xampp\htdocs\jsLibrary\ui\i18n\ui.datepicker-sq.js --> ftp.sobrafo.org.br /public_html/jsLibrary/ui/i18n ui.datepicker-sq.js
2011.07.29 21:27 B F:\xampp\htdocs\jsLibrary\ui\i18n\ui.datepicker-sr-SR.js --> ftp.sobrafo.org.br /public_html/jsLibrary/ui/i18n ui.datepicker-sr-SR.js
2011.07.29 21:27 B F:\xampp\htdocs\jsLibrary\ui\i18n\ui.datepicker-sr.js --> ftp.sobrafo.org.br /public_html/jsLibrary/ui/i18n ui.datepicker-sr.js
2011.07.29 21:27 B F:\xampp\htdocs\jsLibrary\ui\i18n\ui.datepicker-sv.js --> ftp.sobrafo.org.br /public_html/jsLibrary/ui/i18n ui.datepicker-sv.js
2011.07.29 21:27 B F:\xampp\htdocs\jsLibrary\ui\i18n\ui.datepicker-th.js --> ftp.sobrafo.org.br /public_html/jsLibrary/ui/i18n ui.datepicker-th.js
2011.07.29 21:27 B F:\xampp\htdocs\jsLibrary\ui\i18n\ui.datepicker-tr.js --> ftp.sobrafo.org.br /public_html/jsLibrary/ui/i18n ui.datepicker-tr.js
2011.07.29 21:27 B F:\xampp\htdocs\jsLibrary\ui\i18n\ui.datepicker-uk.js --> ftp.sobrafo.org.br /public_html/jsLibrary/ui/i18n ui.datepicker-uk.js
2011.07.29 21:27 B F:\xampp\htdocs\jsLibrary\ui\i18n\ui.datepicker-zh-CN.js --> ftp.sobrafo.org.br /public_html/jsLibrary/ui/i18n ui.datepicker-zh-CN.js
2011.07.29 21:27 B F:\xampp\htdocs\jsLibrary\ui\i18n\ui.datepicker-zh-TW.js --> ftp.sobrafo.org.br /public_html/jsLibrary/ui/i18n ui.datepicker-zh-TW.js
2011.07.29 21:27 B F:\xampp\htdocs\jsLibrary\ui\i18n\WS_FTP.LOG --> ftp.sobrafo.org.br /public_html/jsLibrary/ui/i18n WS_FTP.LOG
2011.08.05 01:10 B F:\xampp\htdocs\jsLibrary\ui\i18n\jquery-ui-i18n.js --> ftp.portalridgid.com.br /public_html/jsLibrary/ui/i18n jquery-ui-i18n.js
2011.08.05 01:10 B F:\xampp\htdocs\jsLibrary\ui\i18n\ui.datepicker-ar.js --> ftp.portalridgid.com.br /public_html/jsLibrary/ui/i18n ui.datepicker-ar.js
2011.08.05 01:10 B F:\xampp\htdocs\jsLibrary\ui\i18n\ui.datepicker-bg.js --> ftp.portalridgid.com.br /public_html/jsLibrary/ui/i18n ui.datepicker-bg.js
2011.08.05 01:10 B F:\xampp\htdocs\jsLibrary\ui\i18n\ui.datepicker-ca.js --> ftp.portalridgid.com.br /public_html/jsLibrary/ui/i18n ui.datepicker-ca.js
2011.08.05 01:10 B F:\xampp\htdocs\jsLibrary\ui\i18n\ui.datepicker-cs.js --> ftp.portalridgid.com.br /public_html/jsLibrary/ui/i18n ui.datepicker-cs.js
2011.08.05 01:10 B F:\xampp\htdocs\jsLibrary\ui\i18n\ui.datepicker-da.js --> ftp.portalridgid.com.br /public_html/jsLibrary/ui/i18n ui.datepicker-da.js
2011.08.05 01:10 B F:\xampp\htdocs\jsLibrary\ui\i18n\ui.datepicker-de.js --> ftp.portalridgid.com.br /public_html/jsLibrary/ui/i18n ui.datepicker-de.js
2011.08.05 01:10 B F:\xampp\htdocs\jsLibrary\ui\i18n\ui.datepicker-el.js --> ftp.portalridgid.com.br /public_html/jsLibrary/ui/i18n ui.datepicker-el.js
2011.08.05 01:10 B F:\xampp\htdocs\jsLibrary\ui\i18n\ui.datepicker-eo.js --> ftp.portalridgid.com.br /public_html/jsLibrary/ui/i18n ui.datepicker-eo.js
2011.08.05 01:10 B F:\xampp\htdocs\jsLibrary\ui\i18n\ui.datepicker-es.js --> ftp.portalridgid.com.br /public_html/jsLibrary/ui/i18n ui.datepicker-es.js
2011.08.05 01:10 B F:\xampp\htdocs\jsLibrary\ui\i18n\ui.datepicker-fa.js --> ftp.portalridgid.com.br /public_html/jsLibrary/ui/i18n ui.datepicker-fa.js
2011.08.05 01:10 B F:\xampp\htdocs\jsLibrary\ui\i18n\ui.datepicker-fi.js --> ftp.portalridgid.com.br /public_html/jsLibrary/ui/i18n ui.datepicker-fi.js
2011.08.05 01:10 B F:\xampp\htdocs\jsLibrary\ui\i18n\ui.datepicker-fr.js --> ftp.portalridgid.com.br /public_html/jsLibrary/ui/i18n ui.datepicker-fr.js
2011.08.05 01:10 B F:\xampp\htdocs\jsLibrary\ui\i18n\ui.datepicker-he.js --> ftp.portalridgid.com.br /public_html/jsLibrary/ui/i18n ui.datepicker-he.js
2011.08.05 01:10 B F:\xampp\htdocs\jsLibrary\ui\i18n\ui.datepicker-hr.js --> ftp.portalridgid.com.br /public_html/jsLibrary/ui/i18n ui.datepicker-hr.js
2011.08.05 01:10 B F:\xampp\htdocs\jsLibrary\ui\i18n\ui.datepicker-hu.js --> ftp.portalridgid.com.br /public_html/jsLibrary/ui/i18n ui.datepicker-hu.js
2011.08.05 01:10 B F:\xampp\htdocs\jsLibrary\ui\i18n\ui.datepicker-hy.js --> ftp.portalridgid.com.br /public_html/jsLibrary/ui/i18n ui.datepicker-hy.js
2011.08.05 01:10 B F:\xampp\htdocs\jsLibrary\ui\i18n\ui.datepicker-id.js --> ftp.portalridgid.com.br /public_html/jsLibrary/ui/i18n ui.datepicker-id.js
2011.08.05 01:10 B F:\xampp\htdocs\jsLibrary\ui\i18n\ui.datepicker-is.js --> ftp.portalridgid.com.br /public_html/jsLibrary/ui/i18n ui.datepicker-is.js
2011.08.05 01:10 B F:\xampp\htdocs\jsLibrary\ui\i18n\ui.datepicker-it.js --> ftp.portalridgid.com.br /public_html/jsLibrary/ui/i18n ui.datepicker-it.js
2011.08.05 01:10 B F:\xampp\htdocs\jsLibrary\ui\i18n\ui.datepicker-ja.js --> ftp.portalridgid.com.br /public_html/jsLibrary/ui/i18n ui.datepicker-ja.js
2011.08.05 01:10 B F:\xampp\htdocs\jsLibrary\ui\i18n\ui.datepicker-ko.js --> ftp.portalridgid.com.br /public_html/jsLibrary/ui/i18n ui.datepicker-ko.js
2011.08.05 01:10 B F:\xampp\htdocs\jsLibrary\ui\i18n\ui.datepicker-lt.js --> ftp.portalridgid.com.br /public_html/jsLibrary/ui/i18n ui.datepicker-lt.js
2011.08.05 01:10 B F:\xampp\htdocs\jsLibrary\ui\i18n\ui.datepicker-lv.js --> ftp.portalridgid.com.br /public_html/jsLibrary/ui/i18n ui.datepicker-lv.js
2011.08.05 01:10 B F:\xampp\htdocs\jsLibrary\ui\i18n\ui.datepicker-ms.js --> ftp.portalridgid.com.br /public_html/jsLibrary/ui/i18n ui.datepicker-ms.js
2011.08.05 01:10 B F:\xampp\htdocs\jsLibrary\ui\i18n\ui.datepicker-nl.js --> ftp.portalridgid.com.br /public_html/jsLibrary/ui/i18n ui.datepicker-nl.js
2011.08.05 01:10 B F:\xampp\htdocs\jsLibrary\ui\i18n\ui.datepicker-no.js --> ftp.portalridgid.com.br /public_html/jsLibrary/ui/i18n ui.datepicker-no.js
2011.08.05 01:10 B F:\xampp\htdocs\jsLibrary\ui\i18n\ui.datepicker-pl.js --> ftp.portalridgid.com.br /public_html/jsLibrary/ui/i18n ui.datepicker-pl.js
2011.08.05 01:10 B F:\xampp\htdocs\jsLibrary\ui\i18n\ui.datepicker-pt-BR.js --> ftp.portalridgid.com.br /public_html/jsLibrary/ui/i18n ui.datepicker-pt-BR.js
2011.08.05 01:10 B F:\xampp\htdocs\jsLibrary\ui\i18n\ui.datepicker-ro.js --> ftp.portalridgid.com.br /public_html/jsLibrary/ui/i18n ui.datepicker-ro.js
2011.08.05 01:10 B F:\xampp\htdocs\jsLibrary\ui\i18n\ui.datepicker-ru.js --> ftp.portalridgid.com.br /public_html/jsLibrary/ui/i18n ui.datepicker-ru.js
2011.08.05 01:10 B F:\xampp\htdocs\jsLibrary\ui\i18n\ui.datepicker-sk.js --> ftp.portalridgid.com.br /public_html/jsLibrary/ui/i18n ui.datepicker-sk.js
2011.08.05 01:10 B F:\xampp\htdocs\jsLibrary\ui\i18n\ui.datepicker-sl.js --> ftp.portalridgid.com.br /public_html/jsLibrary/ui/i18n ui.datepicker-sl.js
2011.08.05 01:10 B F:\xampp\htdocs\jsLibrary\ui\i18n\ui.datepicker-sq.js --> ftp.portalridgid.com.br /public_html/jsLibrary/ui/i18n ui.datepicker-sq.js
2011.08.05 01:10 B F:\xampp\htdocs\jsLibrary\ui\i18n\ui.datepicker-sr-SR.js --> ftp.portalridgid.com.br /public_html/jsLibrary/ui/i18n ui.datepicker-sr-SR.js
2011.08.05 01:10 B F:\xampp\htdocs\jsLibrary\ui\i18n\ui.datepicker-sr.js --> ftp.portalridgid.com.br /public_html/jsLibrary/ui/i18n ui.datepicker-sr.js
2011.08.05 01:10 B F:\xampp\htdocs\jsLibrary\ui\i18n\ui.datepicker-sv.js --> ftp.portalridgid.com.br /public_html/jsLibrary/ui/i18n ui.datepicker-sv.js
2011.08.05 01:10 B F:\xampp\htdocs\jsLibrary\ui\i18n\ui.datepicker-th.js --> ftp.portalridgid.com.br /public_html/jsLibrary/ui/i18n ui.datepicker-th.js
2011.08.05 01:10 B F:\xampp\htdocs\jsLibrary\ui\i18n\ui.datepicker-tr.js --> ftp.portalridgid.com.br /public_html/jsLibrary/ui/i18n ui.datepicker-tr.js
2011.08.05 01:10 B F:\xampp\htdocs\jsLibrary\ui\i18n\ui.datepicker-uk.js --> ftp.portalridgid.com.br /public_html/jsLibrary/ui/i18n ui.datepicker-uk.js
2011.08.05 01:11 B F:\xampp\htdocs\jsLibrary\ui\i18n\ui.datepicker-zh-CN.js --> ftp.portalridgid.com.br /public_html/jsLibrary/ui/i18n ui.datepicker-zh-CN.js
2011.08.05 01:11 B F:\xampp\htdocs\jsLibrary\ui\i18n\ui.datepicker-zh-TW.js --> ftp.portalridgid.com.br /public_html/jsLibrary/ui/i18n ui.datepicker-zh-TW.js
2011.08.05 01:11 B F:\xampp\htdocs\jsLibrary\ui\i18n\WS_FTP.LOG --> ftp.portalridgid.com.br /public_html/jsLibrary/ui/i18n WS_FTP.LOG
2011.08.09 16:31 B F:\xampp\htdocs\jsLibrary\ui\i18n\jquery-ui-i18n.js --> ftp.amfar.com.br /public_html/jsLibrary/ui/i18n jquery-ui-i18n.js
2011.08.09 16:31 B F:\xampp\htdocs\jsLibrary\ui\i18n\ui.datepicker-ar.js --> ftp.amfar.com.br /public_html/jsLibrary/ui/i18n ui.datepicker-ar.js
2011.08.09 16:31 B F:\xampp\htdocs\jsLibrary\ui\i18n\ui.datepicker-bg.js --> ftp.amfar.com.br /public_html/jsLibrary/ui/i18n ui.datepicker-bg.js
2011.08.09 16:31 B F:\xampp\htdocs\jsLibrary\ui\i18n\ui.datepicker-ca.js --> ftp.amfar.com.br /public_html/jsLibrary/ui/i18n ui.datepicker-ca.js
2011.08.09 16:31 B F:\xampp\htdocs\jsLibrary\ui\i18n\ui.datepicker-cs.js --> ftp.amfar.com.br /public_html/jsLibrary/ui/i18n ui.datepicker-cs.js
2011.08.09 16:31 B F:\xampp\htdocs\jsLibrary\ui\i18n\ui.datepicker-da.js --> ftp.amfar.com.br /public_html/jsLibrary/ui/i18n ui.datepicker-da.js
2011.08.09 16:31 B F:\xampp\htdocs\jsLibrary\ui\i18n\ui.datepicker-de.js --> ftp.amfar.com.br /public_html/jsLibrary/ui/i18n ui.datepicker-de.js
2011.08.09 16:31 B F:\xampp\htdocs\jsLibrary\ui\i18n\ui.datepicker-el.js --> ftp.amfar.com.br /public_html/jsLibrary/ui/i18n ui.datepicker-el.js
2011.08.09 16:31 B F:\xampp\htdocs\jsLibrary\ui\i18n\ui.datepicker-eo.js --> ftp.amfar.com.br /public_html/jsLibrary/ui/i18n ui.datepicker-eo.js
2011.08.09 16:31 B F:\xampp\htdocs\jsLibrary\ui\i18n\ui.datepicker-es.js --> ftp.amfar.com.br /public_html/jsLibrary/ui/i18n ui.datepicker-es.js
2011.08.09 16:31 B F:\xampp\htdocs\jsLibrary\ui\i18n\ui.datepicker-fa.js --> ftp.amfar.com.br /public_html/jsLibrary/ui/i18n ui.datepicker-fa.js
2011.08.09 16:31 B F:\xampp\htdocs\jsLibrary\ui\i18n\ui.datepicker-fi.js --> ftp.amfar.com.br /public_html/jsLibrary/ui/i18n ui.datepicker-fi.js
2011.08.09 16:31 B F:\xampp\htdocs\jsLibrary\ui\i18n\ui.datepicker-fr.js --> ftp.amfar.com.br /public_html/jsLibrary/ui/i18n ui.datepicker-fr.js
2011.08.09 16:31 B F:\xampp\htdocs\jsLibrary\ui\i18n\ui.datepicker-he.js --> ftp.amfar.com.br /public_html/jsLibrary/ui/i18n ui.datepicker-he.js
2011.08.09 16:31 B F:\xampp\htdocs\jsLibrary\ui\i18n\ui.datepicker-hr.js --> ftp.amfar.com.br /public_html/jsLibrary/ui/i18n ui.datepicker-hr.js
2011.08.09 16:31 B F:\xampp\htdocs\jsLibrary\ui\i18n\ui.datepicker-hu.js --> ftp.amfar.com.br /public_html/jsLibrary/ui/i18n ui.datepicker-hu.js
2011.08.09 16:31 B F:\xampp\htdocs\jsLibrary\ui\i18n\ui.datepicker-hy.js --> ftp.amfar.com.br /public_html/jsLibrary/ui/i18n ui.datepicker-hy.js
2011.08.09 16:31 B F:\xampp\htdocs\jsLibrary\ui\i18n\ui.datepicker-id.js --> ftp.amfar.com.br /public_html/jsLibrary/ui/i18n ui.datepicker-id.js
2011.08.09 16:31 B F:\xampp\htdocs\jsLibrary\ui\i18n\ui.datepicker-is.js --> ftp.amfar.com.br /public_html/jsLibrary/ui/i18n ui.datepicker-is.js
2011.08.09 16:31 B F:\xampp\htdocs\jsLibrary\ui\i18n\ui.datepicker-it.js --> ftp.amfar.com.br /public_html/jsLibrary/ui/i18n ui.datepicker-it.js
2011.08.09 16:31 B F:\xampp\htdocs\jsLibrary\ui\i18n\ui.datepicker-ja.js --> ftp.amfar.com.br /public_html/jsLibrary/ui/i18n ui.datepicker-ja.js
2011.08.09 16:31 B F:\xampp\htdocs\jsLibrary\ui\i18n\ui.datepicker-ko.js --> ftp.amfar.com.br /public_html/jsLibrary/ui/i18n ui.datepicker-ko.js
2011.08.09 16:31 B F:\xampp\htdocs\jsLibrary\ui\i18n\ui.datepicker-lt.js --> ftp.amfar.com.br /public_html/jsLibrary/ui/i18n ui.datepicker-lt.js
2011.08.09 16:31 B F:\xampp\htdocs\jsLibrary\ui\i18n\ui.datepicker-lv.js --> ftp.amfar.com.br /public_html/jsLibrary/ui/i18n ui.datepicker-lv.js
2011.08.09 16:31 B F:\xampp\htdocs\jsLibrary\ui\i18n\ui.datepicker-ms.js --> ftp.amfar.com.br /public_html/jsLibrary/ui/i18n ui.datepicker-ms.js
2011.08.09 16:31 B F:\xampp\htdocs\jsLibrary\ui\i18n\ui.datepicker-nl.js --> ftp.amfar.com.br /public_html/jsLibrary/ui/i18n ui.datepicker-nl.js
2011.08.09 16:31 B F:\xampp\htdocs\jsLibrary\ui\i18n\ui.datepicker-no.js --> ftp.amfar.com.br /public_html/jsLibrary/ui/i18n ui.datepicker-no.js
2011.08.09 16:31 B F:\xampp\htdocs\jsLibrary\ui\i18n\ui.datepicker-pl.js --> ftp.amfar.com.br /public_html/jsLibrary/ui/i18n ui.datepicker-pl.js
2011.08.09 16:31 B F:\xampp\htdocs\jsLibrary\ui\i18n\ui.datepicker-pt-BR.js --> ftp.amfar.com.br /public_html/jsLibrary/ui/i18n ui.datepicker-pt-BR.js
2011.08.09 16:31 B F:\xampp\htdocs\jsLibrary\ui\i18n\ui.datepicker-ro.js --> ftp.amfar.com.br /public_html/jsLibrary/ui/i18n ui.datepicker-ro.js
2011.08.09 16:31 B F:\xampp\htdocs\jsLibrary\ui\i18n\ui.datepicker-ru.js --> ftp.amfar.com.br /public_html/jsLibrary/ui/i18n ui.datepicker-ru.js
2011.08.09 16:31 B F:\xampp\htdocs\jsLibrary\ui\i18n\ui.datepicker-sk.js --> ftp.amfar.com.br /public_html/jsLibrary/ui/i18n ui.datepicker-sk.js
2011.08.09 16:31 B F:\xampp\htdocs\jsLibrary\ui\i18n\ui.datepicker-sl.js --> ftp.amfar.com.br /public_html/jsLibrary/ui/i18n ui.datepicker-sl.js
2011.08.09 16:31 B F:\xampp\htdocs\jsLibrary\ui\i18n\ui.datepicker-sq.js --> ftp.amfar.com.br /public_html/jsLibrary/ui/i18n ui.datepicker-sq.js
2011.08.09 16:31 B F:\xampp\htdocs\jsLibrary\ui\i18n\ui.datepicker-sr-SR.js --> ftp.amfar.com.br /public_html/jsLibrary/ui/i18n ui.datepicker-sr-SR.js
2011.08.09 16:31 B F:\xampp\htdocs\jsLibrary\ui\i18n\ui.datepicker-sr.js --> ftp.amfar.com.br /public_html/jsLibrary/ui/i18n ui.datepicker-sr.js
2011.08.09 16:31 B F:\xampp\htdocs\jsLibrary\ui\i18n\ui.datepicker-sv.js --> ftp.amfar.com.br /public_html/jsLibrary/ui/i18n ui.datepicker-sv.js
2011.08.09 16:31 B F:\xampp\htdocs\jsLibrary\ui\i18n\ui.datepicker-th.js --> ftp.amfar.com.br /public_html/jsLibrary/ui/i18n ui.datepicker-th.js
2011.08.09 16:31 B F:\xampp\htdocs\jsLibrary\ui\i18n\ui.datepicker-tr.js --> ftp.amfar.com.br /public_html/jsLibrary/ui/i18n ui.datepicker-tr.js
2011.08.09 16:31 B F:\xampp\htdocs\jsLibrary\ui\i18n\ui.datepicker-uk.js --> ftp.amfar.com.br /public_html/jsLibrary/ui/i18n ui.datepicker-uk.js
2011.08.09 16:31 B F:\xampp\htdocs\jsLibrary\ui\i18n\ui.datepicker-zh-CN.js --> ftp.amfar.com.br /public_html/jsLibrary/ui/i18n ui.datepicker-zh-CN.js
2011.08.09 16:31 B F:\xampp\htdocs\jsLibrary\ui\i18n\ui.datepicker-zh-TW.js --> ftp.amfar.com.br /public_html/jsLibrary/ui/i18n ui.datepicker-zh-TW.js
