2011.06.20 18:58 B F:\xampp\htdocs\zf-tutorial\library\Zend\View\Helper\Abstract.php --> ftp.portalridgid.com.br /public_html/zf-tutorial/library/Zend/View/Helper Abstract.php
2011.06.20 18:58 B F:\xampp\htdocs\zf-tutorial\library\Zend\View\Helper\Action.php --> ftp.portalridgid.com.br /public_html/zf-tutorial/library/Zend/View/Helper Action.php
2011.06.20 18:58 B F:\xampp\htdocs\zf-tutorial\library\Zend\View\Helper\BaseUrl.php --> ftp.portalridgid.com.br /public_html/zf-tutorial/library/Zend/View/Helper BaseUrl.php
2011.06.20 18:58 B F:\xampp\htdocs\zf-tutorial\library\Zend\View\Helper\Currency.php --> ftp.portalridgid.com.br /public_html/zf-tutorial/library/Zend/View/Helper Currency.php
2011.06.20 18:58 B F:\xampp\htdocs\zf-tutorial\library\Zend\View\Helper\Cycle.php --> ftp.portalridgid.com.br /public_html/zf-tutorial/library/Zend/View/Helper Cycle.php
2011.06.20 18:58 B F:\xampp\htdocs\zf-tutorial\library\Zend\View\Helper\DeclareVars.php --> ftp.portalridgid.com.br /public_html/zf-tutorial/library/Zend/View/Helper DeclareVars.php
2011.06.20 18:58 B F:\xampp\htdocs\zf-tutorial\library\Zend\View\Helper\Doctype.php --> ftp.portalridgid.com.br /public_html/zf-tutorial/library/Zend/View/Helper Doctype.php
2011.06.20 18:58 B F:\xampp\htdocs\zf-tutorial\library\Zend\View\Helper\Fieldset.php --> ftp.portalridgid.com.br /public_html/zf-tutorial/library/Zend/View/Helper Fieldset.php
2011.06.20 18:58 B F:\xampp\htdocs\zf-tutorial\library\Zend\View\Helper\Form.php --> ftp.portalridgid.com.br /public_html/zf-tutorial/library/Zend/View/Helper Form.php
2011.06.20 18:58 B F:\xampp\htdocs\zf-tutorial\library\Zend\View\Helper\FormButton.php --> ftp.portalridgid.com.br /public_html/zf-tutorial/library/Zend/View/Helper FormButton.php
2011.06.20 18:58 B F:\xampp\htdocs\zf-tutorial\library\Zend\View\Helper\FormCheckbox.php --> ftp.portalridgid.com.br /public_html/zf-tutorial/library/Zend/View/Helper FormCheckbox.php
2011.06.20 18:58 B F:\xampp\htdocs\zf-tutorial\library\Zend\View\Helper\FormElement.php --> ftp.portalridgid.com.br /public_html/zf-tutorial/library/Zend/View/Helper FormElement.php
2011.06.20 18:58 B F:\xampp\htdocs\zf-tutorial\library\Zend\View\Helper\FormErrors.php --> ftp.portalridgid.com.br /public_html/zf-tutorial/library/Zend/View/Helper FormErrors.php
2011.06.20 18:58 B F:\xampp\htdocs\zf-tutorial\library\Zend\View\Helper\FormFile.php --> ftp.portalridgid.com.br /public_html/zf-tutorial/library/Zend/View/Helper FormFile.php
2011.06.20 18:58 B F:\xampp\htdocs\zf-tutorial\library\Zend\View\Helper\FormHidden.php --> ftp.portalridgid.com.br /public_html/zf-tutorial/library/Zend/View/Helper FormHidden.php
2011.06.20 18:58 B F:\xampp\htdocs\zf-tutorial\library\Zend\View\Helper\FormImage.php --> ftp.portalridgid.com.br /public_html/zf-tutorial/library/Zend/View/Helper FormImage.php
2011.06.20 18:58 B F:\xampp\htdocs\zf-tutorial\library\Zend\View\Helper\FormLabel.php --> ftp.portalridgid.com.br /public_html/zf-tutorial/library/Zend/View/Helper FormLabel.php
2011.06.20 18:58 B F:\xampp\htdocs\zf-tutorial\library\Zend\View\Helper\FormMultiCheckbox.php --> ftp.portalridgid.com.br /public_html/zf-tutorial/library/Zend/View/Helper FormMultiCheckbox.php
2011.06.20 18:58 B F:\xampp\htdocs\zf-tutorial\library\Zend\View\Helper\FormNote.php --> ftp.portalridgid.com.br /public_html/zf-tutorial/library/Zend/View/Helper FormNote.php
2011.06.20 18:58 B F:\xampp\htdocs\zf-tutorial\library\Zend\View\Helper\FormPassword.php --> ftp.portalridgid.com.br /public_html/zf-tutorial/library/Zend/View/Helper FormPassword.php
2011.06.20 18:58 B F:\xampp\htdocs\zf-tutorial\library\Zend\View\Helper\FormRadio.php --> ftp.portalridgid.com.br /public_html/zf-tutorial/library/Zend/View/Helper FormRadio.php
2011.06.20 18:58 B F:\xampp\htdocs\zf-tutorial\library\Zend\View\Helper\FormReset.php --> ftp.portalridgid.com.br /public_html/zf-tutorial/library/Zend/View/Helper FormReset.php
2011.06.20 18:58 B F:\xampp\htdocs\zf-tutorial\library\Zend\View\Helper\FormSelect.php --> ftp.portalridgid.com.br /public_html/zf-tutorial/library/Zend/View/Helper FormSelect.php
2011.06.20 18:58 B F:\xampp\htdocs\zf-tutorial\library\Zend\View\Helper\FormSubmit.php --> ftp.portalridgid.com.br /public_html/zf-tutorial/library/Zend/View/Helper FormSubmit.php
2011.06.20 18:58 B F:\xampp\htdocs\zf-tutorial\library\Zend\View\Helper\FormText.php --> ftp.portalridgid.com.br /public_html/zf-tutorial/library/Zend/View/Helper FormText.php
2011.06.20 18:58 B F:\xampp\htdocs\zf-tutorial\library\Zend\View\Helper\FormTextarea.php --> ftp.portalridgid.com.br /public_html/zf-tutorial/library/Zend/View/Helper FormTextarea.php
2011.06.20 18:58 B F:\xampp\htdocs\zf-tutorial\library\Zend\View\Helper\Gravatar.php --> ftp.portalridgid.com.br /public_html/zf-tutorial/library/Zend/View/Helper Gravatar.php
2011.06.20 18:58 B F:\xampp\htdocs\zf-tutorial\library\Zend\View\Helper\HeadLink.php --> ftp.portalridgid.com.br /public_html/zf-tutorial/library/Zend/View/Helper HeadLink.php
2011.06.20 18:58 B F:\xampp\htdocs\zf-tutorial\library\Zend\View\Helper\HeadMeta.php --> ftp.portalridgid.com.br /public_html/zf-tutorial/library/Zend/View/Helper HeadMeta.php
2011.06.20 18:58 B F:\xampp\htdocs\zf-tutorial\library\Zend\View\Helper\HeadScript.php --> ftp.portalridgid.com.br /public_html/zf-tutorial/library/Zend/View/Helper HeadScript.php
2011.06.20 18:58 B F:\xampp\htdocs\zf-tutorial\library\Zend\View\Helper\HeadStyle.php --> ftp.portalridgid.com.br /public_html/zf-tutorial/library/Zend/View/Helper HeadStyle.php
2011.06.20 18:58 B F:\xampp\htdocs\zf-tutorial\library\Zend\View\Helper\HeadTitle.php --> ftp.portalridgid.com.br /public_html/zf-tutorial/library/Zend/View/Helper HeadTitle.php
2011.06.20 18:58 B F:\xampp\htdocs\zf-tutorial\library\Zend\View\Helper\HtmlElement.php --> ftp.portalridgid.com.br /public_html/zf-tutorial/library/Zend/View/Helper HtmlElement.php
2011.06.20 18:58 B F:\xampp\htdocs\zf-tutorial\library\Zend\View\Helper\HtmlFlash.php --> ftp.portalridgid.com.br /public_html/zf-tutorial/library/Zend/View/Helper HtmlFlash.php
2011.06.20 18:58 B F:\xampp\htdocs\zf-tutorial\library\Zend\View\Helper\HtmlList.php --> ftp.portalridgid.com.br /public_html/zf-tutorial/library/Zend/View/Helper HtmlList.php
2011.06.20 18:58 B F:\xampp\htdocs\zf-tutorial\library\Zend\View\Helper\HtmlObject.php --> ftp.portalridgid.com.br /public_html/zf-tutorial/library/Zend/View/Helper HtmlObject.php
2011.06.20 18:58 B F:\xampp\htdocs\zf-tutorial\library\Zend\View\Helper\HtmlPage.php --> ftp.portalridgid.com.br /public_html/zf-tutorial/library/Zend/View/Helper HtmlPage.php
2011.06.20 18:58 B F:\xampp\htdocs\zf-tutorial\library\Zend\View\Helper\HtmlQuicktime.php --> ftp.portalridgid.com.br /public_html/zf-tutorial/library/Zend/View/Helper HtmlQuicktime.php
2011.06.20 18:58 B F:\xampp\htdocs\zf-tutorial\library\Zend\View\Helper\InlineScript.php --> ftp.portalridgid.com.br /public_html/zf-tutorial/library/Zend/View/Helper InlineScript.php
2011.06.20 18:58 B F:\xampp\htdocs\zf-tutorial\library\Zend\View\Helper\Interface.php --> ftp.portalridgid.com.br /public_html/zf-tutorial/library/Zend/View/Helper Interface.php
2011.06.20 18:58 B F:\xampp\htdocs\zf-tutorial\library\Zend\View\Helper\Json.php --> ftp.portalridgid.com.br /public_html/zf-tutorial/library/Zend/View/Helper Json.php
2011.06.20 18:58 B F:\xampp\htdocs\zf-tutorial\library\Zend\View\Helper\Layout.php --> ftp.portalridgid.com.br /public_html/zf-tutorial/library/Zend/View/Helper Layout.php
2011.06.20 18:58 B F:\xampp\htdocs\zf-tutorial\library\Zend\View\Helper\Navigation.php --> ftp.portalridgid.com.br /public_html/zf-tutorial/library/Zend/View/Helper Navigation.php
2011.06.20 18:58 B F:\xampp\htdocs\zf-tutorial\library\Zend\View\Helper\PaginationControl.php --> ftp.portalridgid.com.br /public_html/zf-tutorial/library/Zend/View/Helper PaginationControl.php
2011.06.20 18:58 B F:\xampp\htdocs\zf-tutorial\library\Zend\View\Helper\Partial.php --> ftp.portalridgid.com.br /public_html/zf-tutorial/library/Zend/View/Helper Partial.php
2011.06.20 18:58 B F:\xampp\htdocs\zf-tutorial\library\Zend\View\Helper\PartialLoop.php --> ftp.portalridgid.com.br /public_html/zf-tutorial/library/Zend/View/Helper PartialLoop.php
2011.06.20 18:58 B F:\xampp\htdocs\zf-tutorial\library\Zend\View\Helper\Placeholder.php --> ftp.portalridgid.com.br /public_html/zf-tutorial/library/Zend/View/Helper Placeholder.php
2011.06.20 18:58 B F:\xampp\htdocs\zf-tutorial\library\Zend\View\Helper\RenderToPlaceholder.php --> ftp.portalridgid.com.br /public_html/zf-tutorial/library/Zend/View/Helper RenderToPlaceholder.php
2011.06.20 18:58 B F:\xampp\htdocs\zf-tutorial\library\Zend\View\Helper\ServerUrl.php --> ftp.portalridgid.com.br /public_html/zf-tutorial/library/Zend/View/Helper ServerUrl.php
2011.06.20 18:58 B F:\xampp\htdocs\zf-tutorial\library\Zend\View\Helper\TinySrc.php --> ftp.portalridgid.com.br /public_html/zf-tutorial/library/Zend/View/Helper TinySrc.php
2011.06.20 18:58 B F:\xampp\htdocs\zf-tutorial\library\Zend\View\Helper\Translate.php --> ftp.portalridgid.com.br /public_html/zf-tutorial/library/Zend/View/Helper Translate.php
2011.06.20 18:58 B F:\xampp\htdocs\zf-tutorial\library\Zend\View\Helper\Url.php --> ftp.portalridgid.com.br /public_html/zf-tutorial/library/Zend/View/Helper Url.php
2011.06.20 18:58 B F:\xampp\htdocs\zf-tutorial\library\Zend\View\Helper\UserAgent.php --> ftp.portalridgid.com.br /public_html/zf-tutorial/library/Zend/View/Helper UserAgent.php
2011.06.30 03:08 B F:\xampp\htdocs\zendLibrary\Zend\View\Helper\WS_FTP.LOG --> ftp.sbrafh.org.br /sbrafh/Web/zendLibrary/Zend/View/Helper WS_FTP.LOG
2011.06.30 03:08 B F:\xampp\htdocs\zendLibrary\Zend\View\Helper\ServerUrl.php --> ftp.sbrafh.org.br /sbrafh/Web/zendLibrary/Zend/View/Helper ServerUrl.php
2011.06.30 03:08 B F:\xampp\htdocs\zendLibrary\Zend\View\Helper\Navigation.php --> ftp.sbrafh.org.br /sbrafh/Web/zendLibrary/Zend/View/Helper Navigation.php
2011.06.30 03:08 B F:\xampp\htdocs\zendLibrary\Zend\View\Helper\Cycle.php --> ftp.sbrafh.org.br /sbrafh/Web/zendLibrary/Zend/View/Helper Cycle.php
2011.06.30 03:08 B F:\xampp\htdocs\zendLibrary\Zend\View\Helper\BaseUrl.php --> ftp.sbrafh.org.br /sbrafh/Web/zendLibrary/Zend/View/Helper BaseUrl.php
2011.06.30 03:08 B F:\xampp\htdocs\zendLibrary\Zend\View\Helper\UserAgent.php --> ftp.sbrafh.org.br /sbrafh/Web/zendLibrary/Zend/View/Helper UserAgent.php
2011.06.30 03:08 B F:\xampp\htdocs\zendLibrary\Zend\View\Helper\Url.php --> ftp.sbrafh.org.br /sbrafh/Web/zendLibrary/Zend/View/Helper Url.php
2011.06.30 03:08 B F:\xampp\htdocs\zendLibrary\Zend\View\Helper\Translate.php --> ftp.sbrafh.org.br /sbrafh/Web/zendLibrary/Zend/View/Helper Translate.php
2011.06.30 03:08 B F:\xampp\htdocs\zendLibrary\Zend\View\Helper\TinySrc.php --> ftp.sbrafh.org.br /sbrafh/Web/zendLibrary/Zend/View/Helper TinySrc.php
2011.06.30 03:08 B F:\xampp\htdocs\zendLibrary\Zend\View\Helper\RenderToPlaceholder.php --> ftp.sbrafh.org.br /sbrafh/Web/zendLibrary/Zend/View/Helper RenderToPlaceholder.php
2011.06.30 03:08 B F:\xampp\htdocs\zendLibrary\Zend\View\Helper\Placeholder.php --> ftp.sbrafh.org.br /sbrafh/Web/zendLibrary/Zend/View/Helper Placeholder.php
2011.06.30 03:08 B F:\xampp\htdocs\zendLibrary\Zend\View\Helper\PartialLoop.php --> ftp.sbrafh.org.br /sbrafh/Web/zendLibrary/Zend/View/Helper PartialLoop.php
2011.06.30 03:08 B F:\xampp\htdocs\zendLibrary\Zend\View\Helper\Partial.php --> ftp.sbrafh.org.br /sbrafh/Web/zendLibrary/Zend/View/Helper Partial.php
2011.06.30 03:08 B F:\xampp\htdocs\zendLibrary\Zend\View\Helper\PaginationControl.php --> ftp.sbrafh.org.br /sbrafh/Web/zendLibrary/Zend/View/Helper PaginationControl.php
2011.06.30 03:08 B F:\xampp\htdocs\zendLibrary\Zend\View\Helper\Layout.php --> ftp.sbrafh.org.br /sbrafh/Web/zendLibrary/Zend/View/Helper Layout.php
2011.06.30 03:08 B F:\xampp\htdocs\zendLibrary\Zend\View\Helper\Json.php --> ftp.sbrafh.org.br /sbrafh/Web/zendLibrary/Zend/View/Helper Json.php
2011.06.30 03:08 B F:\xampp\htdocs\zendLibrary\Zend\View\Helper\Interface.php --> ftp.sbrafh.org.br /sbrafh/Web/zendLibrary/Zend/View/Helper Interface.php
2011.06.30 03:08 B F:\xampp\htdocs\zendLibrary\Zend\View\Helper\InlineScript.php --> ftp.sbrafh.org.br /sbrafh/Web/zendLibrary/Zend/View/Helper InlineScript.php
2011.06.30 03:08 B F:\xampp\htdocs\zendLibrary\Zend\View\Helper\HtmlQuicktime.php --> ftp.sbrafh.org.br /sbrafh/Web/zendLibrary/Zend/View/Helper HtmlQuicktime.php
2011.06.30 03:08 B F:\xampp\htdocs\zendLibrary\Zend\View\Helper\HtmlPage.php --> ftp.sbrafh.org.br /sbrafh/Web/zendLibrary/Zend/View/Helper HtmlPage.php
2011.06.30 03:08 B F:\xampp\htdocs\zendLibrary\Zend\View\Helper\HtmlObject.php --> ftp.sbrafh.org.br /sbrafh/Web/zendLibrary/Zend/View/Helper HtmlObject.php
2011.06.30 03:08 B F:\xampp\htdocs\zendLibrary\Zend\View\Helper\HtmlList.php --> ftp.sbrafh.org.br /sbrafh/Web/zendLibrary/Zend/View/Helper HtmlList.php
2011.06.30 03:08 B F:\xampp\htdocs\zendLibrary\Zend\View\Helper\HtmlFlash.php --> ftp.sbrafh.org.br /sbrafh/Web/zendLibrary/Zend/View/Helper HtmlFlash.php
2011.06.30 03:08 B F:\xampp\htdocs\zendLibrary\Zend\View\Helper\HtmlElement.php --> ftp.sbrafh.org.br /sbrafh/Web/zendLibrary/Zend/View/Helper HtmlElement.php
2011.06.30 03:08 B F:\xampp\htdocs\zendLibrary\Zend\View\Helper\HeadTitle.php --> ftp.sbrafh.org.br /sbrafh/Web/zendLibrary/Zend/View/Helper HeadTitle.php
2011.06.30 03:08 B F:\xampp\htdocs\zendLibrary\Zend\View\Helper\HeadStyle.php --> ftp.sbrafh.org.br /sbrafh/Web/zendLibrary/Zend/View/Helper HeadStyle.php
2011.06.30 03:08 B F:\xampp\htdocs\zendLibrary\Zend\View\Helper\HeadScript.php --> ftp.sbrafh.org.br /sbrafh/Web/zendLibrary/Zend/View/Helper HeadScript.php
2011.06.30 03:08 B F:\xampp\htdocs\zendLibrary\Zend\View\Helper\HeadMeta.php --> ftp.sbrafh.org.br /sbrafh/Web/zendLibrary/Zend/View/Helper HeadMeta.php
2011.06.30 03:08 B F:\xampp\htdocs\zendLibrary\Zend\View\Helper\HeadLink.php --> ftp.sbrafh.org.br /sbrafh/Web/zendLibrary/Zend/View/Helper HeadLink.php
2011.06.30 03:08 B F:\xampp\htdocs\zendLibrary\Zend\View\Helper\FormTextarea.php --> ftp.sbrafh.org.br /sbrafh/Web/zendLibrary/Zend/View/Helper FormTextarea.php
2011.06.30 03:08 B F:\xampp\htdocs\zendLibrary\Zend\View\Helper\FormText.php --> ftp.sbrafh.org.br /sbrafh/Web/zendLibrary/Zend/View/Helper FormText.php
2011.06.30 03:08 B F:\xampp\htdocs\zendLibrary\Zend\View\Helper\FormSubmit.php --> ftp.sbrafh.org.br /sbrafh/Web/zendLibrary/Zend/View/Helper FormSubmit.php
2011.06.30 03:08 B F:\xampp\htdocs\zendLibrary\Zend\View\Helper\FormSelect.php --> ftp.sbrafh.org.br /sbrafh/Web/zendLibrary/Zend/View/Helper FormSelect.php
2011.06.30 03:08 B F:\xampp\htdocs\zendLibrary\Zend\View\Helper\FormReset.php --> ftp.sbrafh.org.br /sbrafh/Web/zendLibrary/Zend/View/Helper FormReset.php
2011.06.30 03:08 B F:\xampp\htdocs\zendLibrary\Zend\View\Helper\FormRadio.php --> ftp.sbrafh.org.br /sbrafh/Web/zendLibrary/Zend/View/Helper FormRadio.php
2011.06.30 03:08 B F:\xampp\htdocs\zendLibrary\Zend\View\Helper\FormPassword.php --> ftp.sbrafh.org.br /sbrafh/Web/zendLibrary/Zend/View/Helper FormPassword.php
2011.06.30 03:08 B F:\xampp\htdocs\zendLibrary\Zend\View\Helper\FormNote.php --> ftp.sbrafh.org.br /sbrafh/Web/zendLibrary/Zend/View/Helper FormNote.php
2011.06.30 03:08 B F:\xampp\htdocs\zendLibrary\Zend\View\Helper\FormMultiCheckbox.php --> ftp.sbrafh.org.br /sbrafh/Web/zendLibrary/Zend/View/Helper FormMultiCheckbox.php
2011.06.30 03:08 B F:\xampp\htdocs\zendLibrary\Zend\View\Helper\FormLabel.php --> ftp.sbrafh.org.br /sbrafh/Web/zendLibrary/Zend/View/Helper FormLabel.php
2011.06.30 03:08 B F:\xampp\htdocs\zendLibrary\Zend\View\Helper\FormImage.php --> ftp.sbrafh.org.br /sbrafh/Web/zendLibrary/Zend/View/Helper FormImage.php
2011.06.30 03:08 B F:\xampp\htdocs\zendLibrary\Zend\View\Helper\FormHidden.php --> ftp.sbrafh.org.br /sbrafh/Web/zendLibrary/Zend/View/Helper FormHidden.php
2011.06.30 03:08 B F:\xampp\htdocs\zendLibrary\Zend\View\Helper\FormFile.php --> ftp.sbrafh.org.br /sbrafh/Web/zendLibrary/Zend/View/Helper FormFile.php
2011.06.30 03:08 B F:\xampp\htdocs\zendLibrary\Zend\View\Helper\FormErrors.php --> ftp.sbrafh.org.br /sbrafh/Web/zendLibrary/Zend/View/Helper FormErrors.php
2011.06.30 03:08 B F:\xampp\htdocs\zendLibrary\Zend\View\Helper\FormElement.php --> ftp.sbrafh.org.br /sbrafh/Web/zendLibrary/Zend/View/Helper FormElement.php
2011.06.30 03:08 B F:\xampp\htdocs\zendLibrary\Zend\View\Helper\FormCheckbox.php --> ftp.sbrafh.org.br /sbrafh/Web/zendLibrary/Zend/View/Helper FormCheckbox.php
2011.06.30 03:08 B F:\xampp\htdocs\zendLibrary\Zend\View\Helper\FormButton.php --> ftp.sbrafh.org.br /sbrafh/Web/zendLibrary/Zend/View/Helper FormButton.php
2011.06.30 03:08 B F:\xampp\htdocs\zendLibrary\Zend\View\Helper\Form.php --> ftp.sbrafh.org.br /sbrafh/Web/zendLibrary/Zend/View/Helper Form.php
2011.06.30 03:08 B F:\xampp\htdocs\zendLibrary\Zend\View\Helper\Fieldset.php --> ftp.sbrafh.org.br /sbrafh/Web/zendLibrary/Zend/View/Helper Fieldset.php
2011.06.30 03:08 B F:\xampp\htdocs\zendLibrary\Zend\View\Helper\Doctype.php --> ftp.sbrafh.org.br /sbrafh/Web/zendLibrary/Zend/View/Helper Doctype.php
2011.06.30 03:08 B F:\xampp\htdocs\zendLibrary\Zend\View\Helper\DeclareVars.php --> ftp.sbrafh.org.br /sbrafh/Web/zendLibrary/Zend/View/Helper DeclareVars.php
2011.06.30 03:08 B F:\xampp\htdocs\zendLibrary\Zend\View\Helper\Currency.php --> ftp.sbrafh.org.br /sbrafh/Web/zendLibrary/Zend/View/Helper Currency.php
2011.06.30 03:08 B F:\xampp\htdocs\zendLibrary\Zend\View\Helper\Action.php --> ftp.sbrafh.org.br /sbrafh/Web/zendLibrary/Zend/View/Helper Action.php
2011.06.30 03:08 B F:\xampp\htdocs\zendLibrary\Zend\View\Helper\Abstract.php --> ftp.sbrafh.org.br /sbrafh/Web/zendLibrary/Zend/View/Helper Abstract.php
2011.06.30 03:08 B F:\xampp\htdocs\zendLibrary\Zend\View\Helper\Gravatar.php --> ftp.sbrafh.org.br /sbrafh/Web/zendLibrary/Zend/View/Helper Gravatar.php
2011.07.09 00:26 B F:\xampp\htdocs\zendLibrary\Zend\View\Helper\Abstract.php --> ftp.radiofone.com.br /public_html/radiofone/zendLibrary/Zend/View/Helper Abstract.php
2011.07.09 00:26 B F:\xampp\htdocs\zendLibrary\Zend\View\Helper\Action.php --> ftp.radiofone.com.br /public_html/radiofone/zendLibrary/Zend/View/Helper Action.php
2011.07.09 00:26 B F:\xampp\htdocs\zendLibrary\Zend\View\Helper\BaseUrl.php --> ftp.radiofone.com.br /public_html/radiofone/zendLibrary/Zend/View/Helper BaseUrl.php
2011.07.09 00:26 B F:\xampp\htdocs\zendLibrary\Zend\View\Helper\Currency.php --> ftp.radiofone.com.br /public_html/radiofone/zendLibrary/Zend/View/Helper Currency.php
2011.07.09 00:26 B F:\xampp\htdocs\zendLibrary\Zend\View\Helper\Cycle.php --> ftp.radiofone.com.br /public_html/radiofone/zendLibrary/Zend/View/Helper Cycle.php
2011.07.09 00:26 B F:\xampp\htdocs\zendLibrary\Zend\View\Helper\DeclareVars.php --> ftp.radiofone.com.br /public_html/radiofone/zendLibrary/Zend/View/Helper DeclareVars.php
2011.07.09 00:26 B F:\xampp\htdocs\zendLibrary\Zend\View\Helper\Doctype.php --> ftp.radiofone.com.br /public_html/radiofone/zendLibrary/Zend/View/Helper Doctype.php
2011.07.09 00:26 B F:\xampp\htdocs\zendLibrary\Zend\View\Helper\Fieldset.php --> ftp.radiofone.com.br /public_html/radiofone/zendLibrary/Zend/View/Helper Fieldset.php
2011.07.09 00:26 B F:\xampp\htdocs\zendLibrary\Zend\View\Helper\Form.php --> ftp.radiofone.com.br /public_html/radiofone/zendLibrary/Zend/View/Helper Form.php
2011.07.09 00:26 B F:\xampp\htdocs\zendLibrary\Zend\View\Helper\FormButton.php --> ftp.radiofone.com.br /public_html/radiofone/zendLibrary/Zend/View/Helper FormButton.php
2011.07.09 00:26 B F:\xampp\htdocs\zendLibrary\Zend\View\Helper\FormCheckbox.php --> ftp.radiofone.com.br /public_html/radiofone/zendLibrary/Zend/View/Helper FormCheckbox.php
2011.07.09 00:26 B F:\xampp\htdocs\zendLibrary\Zend\View\Helper\FormElement.php --> ftp.radiofone.com.br /public_html/radiofone/zendLibrary/Zend/View/Helper FormElement.php
2011.07.09 00:26 B F:\xampp\htdocs\zendLibrary\Zend\View\Helper\FormErrors.php --> ftp.radiofone.com.br /public_html/radiofone/zendLibrary/Zend/View/Helper FormErrors.php
2011.07.09 00:26 B F:\xampp\htdocs\zendLibrary\Zend\View\Helper\FormFile.php --> ftp.radiofone.com.br /public_html/radiofone/zendLibrary/Zend/View/Helper FormFile.php
2011.07.09 00:26 B F:\xampp\htdocs\zendLibrary\Zend\View\Helper\FormHidden.php --> ftp.radiofone.com.br /public_html/radiofone/zendLibrary/Zend/View/Helper FormHidden.php
2011.07.09 00:26 B F:\xampp\htdocs\zendLibrary\Zend\View\Helper\FormImage.php --> ftp.radiofone.com.br /public_html/radiofone/zendLibrary/Zend/View/Helper FormImage.php
2011.07.09 00:26 B F:\xampp\htdocs\zendLibrary\Zend\View\Helper\FormLabel.php --> ftp.radiofone.com.br /public_html/radiofone/zendLibrary/Zend/View/Helper FormLabel.php
2011.07.09 00:26 B F:\xampp\htdocs\zendLibrary\Zend\View\Helper\FormMultiCheckbox.php --> ftp.radiofone.com.br /public_html/radiofone/zendLibrary/Zend/View/Helper FormMultiCheckbox.php
2011.07.09 00:26 B F:\xampp\htdocs\zendLibrary\Zend\View\Helper\FormNote.php --> ftp.radiofone.com.br /public_html/radiofone/zendLibrary/Zend/View/Helper FormNote.php
2011.07.09 00:26 B F:\xampp\htdocs\zendLibrary\Zend\View\Helper\FormPassword.php --> ftp.radiofone.com.br /public_html/radiofone/zendLibrary/Zend/View/Helper FormPassword.php
2011.07.09 00:26 B F:\xampp\htdocs\zendLibrary\Zend\View\Helper\FormRadio.php --> ftp.radiofone.com.br /public_html/radiofone/zendLibrary/Zend/View/Helper FormRadio.php
2011.07.09 00:26 B F:\xampp\htdocs\zendLibrary\Zend\View\Helper\FormReset.php --> ftp.radiofone.com.br /public_html/radiofone/zendLibrary/Zend/View/Helper FormReset.php
2011.07.09 00:26 B F:\xampp\htdocs\zendLibrary\Zend\View\Helper\FormSelect.php --> ftp.radiofone.com.br /public_html/radiofone/zendLibrary/Zend/View/Helper FormSelect.php
2011.07.09 00:26 B F:\xampp\htdocs\zendLibrary\Zend\View\Helper\FormSubmit.php --> ftp.radiofone.com.br /public_html/radiofone/zendLibrary/Zend/View/Helper FormSubmit.php
2011.07.09 00:26 B F:\xampp\htdocs\zendLibrary\Zend\View\Helper\FormText.php --> ftp.radiofone.com.br /public_html/radiofone/zendLibrary/Zend/View/Helper FormText.php
2011.07.09 00:26 B F:\xampp\htdocs\zendLibrary\Zend\View\Helper\FormTextarea.php --> ftp.radiofone.com.br /public_html/radiofone/zendLibrary/Zend/View/Helper FormTextarea.php
2011.07.09 00:26 B F:\xampp\htdocs\zendLibrary\Zend\View\Helper\Gravatar.php --> ftp.radiofone.com.br /public_html/radiofone/zendLibrary/Zend/View/Helper Gravatar.php
2011.07.09 00:26 B F:\xampp\htdocs\zendLibrary\Zend\View\Helper\HeadLink.php --> ftp.radiofone.com.br /public_html/radiofone/zendLibrary/Zend/View/Helper HeadLink.php
2011.07.09 00:26 B F:\xampp\htdocs\zendLibrary\Zend\View\Helper\HeadMeta.php --> ftp.radiofone.com.br /public_html/radiofone/zendLibrary/Zend/View/Helper HeadMeta.php
2011.07.09 00:26 B F:\xampp\htdocs\zendLibrary\Zend\View\Helper\HeadScript.php --> ftp.radiofone.com.br /public_html/radiofone/zendLibrary/Zend/View/Helper HeadScript.php
2011.07.09 00:26 B F:\xampp\htdocs\zendLibrary\Zend\View\Helper\HeadStyle.php --> ftp.radiofone.com.br /public_html/radiofone/zendLibrary/Zend/View/Helper HeadStyle.php
2011.07.09 00:26 B F:\xampp\htdocs\zendLibrary\Zend\View\Helper\HeadTitle.php --> ftp.radiofone.com.br /public_html/radiofone/zendLibrary/Zend/View/Helper HeadTitle.php
2011.07.09 00:26 B F:\xampp\htdocs\zendLibrary\Zend\View\Helper\HtmlElement.php --> ftp.radiofone.com.br /public_html/radiofone/zendLibrary/Zend/View/Helper HtmlElement.php
2011.07.09 00:26 B F:\xampp\htdocs\zendLibrary\Zend\View\Helper\HtmlFlash.php --> ftp.radiofone.com.br /public_html/radiofone/zendLibrary/Zend/View/Helper HtmlFlash.php
2011.07.09 00:26 B F:\xampp\htdocs\zendLibrary\Zend\View\Helper\HtmlList.php --> ftp.radiofone.com.br /public_html/radiofone/zendLibrary/Zend/View/Helper HtmlList.php
2011.07.09 00:26 B F:\xampp\htdocs\zendLibrary\Zend\View\Helper\HtmlObject.php --> ftp.radiofone.com.br /public_html/radiofone/zendLibrary/Zend/View/Helper HtmlObject.php
2011.07.09 00:26 B F:\xampp\htdocs\zendLibrary\Zend\View\Helper\HtmlPage.php --> ftp.radiofone.com.br /public_html/radiofone/zendLibrary/Zend/View/Helper HtmlPage.php
2011.07.09 00:26 B F:\xampp\htdocs\zendLibrary\Zend\View\Helper\HtmlQuicktime.php --> ftp.radiofone.com.br /public_html/radiofone/zendLibrary/Zend/View/Helper HtmlQuicktime.php
2011.07.09 00:26 B F:\xampp\htdocs\zendLibrary\Zend\View\Helper\InlineScript.php --> ftp.radiofone.com.br /public_html/radiofone/zendLibrary/Zend/View/Helper InlineScript.php
2011.07.09 00:26 B F:\xampp\htdocs\zendLibrary\Zend\View\Helper\Interface.php --> ftp.radiofone.com.br /public_html/radiofone/zendLibrary/Zend/View/Helper Interface.php
2011.07.09 00:26 B F:\xampp\htdocs\zendLibrary\Zend\View\Helper\Json.php --> ftp.radiofone.com.br /public_html/radiofone/zendLibrary/Zend/View/Helper Json.php
2011.07.09 00:26 B F:\xampp\htdocs\zendLibrary\Zend\View\Helper\Layout.php --> ftp.radiofone.com.br /public_html/radiofone/zendLibrary/Zend/View/Helper Layout.php
2011.07.09 00:26 B F:\xampp\htdocs\zendLibrary\Zend\View\Helper\Navigation.php --> ftp.radiofone.com.br /public_html/radiofone/zendLibrary/Zend/View/Helper Navigation.php
2011.07.09 00:26 B F:\xampp\htdocs\zendLibrary\Zend\View\Helper\PaginationControl.php --> ftp.radiofone.com.br /public_html/radiofone/zendLibrary/Zend/View/Helper PaginationControl.php
2011.07.09 00:26 B F:\xampp\htdocs\zendLibrary\Zend\View\Helper\Partial.php --> ftp.radiofone.com.br /public_html/radiofone/zendLibrary/Zend/View/Helper Partial.php
2011.07.09 00:26 B F:\xampp\htdocs\zendLibrary\Zend\View\Helper\PartialLoop.php --> ftp.radiofone.com.br /public_html/radiofone/zendLibrary/Zend/View/Helper PartialLoop.php
2011.07.09 00:26 B F:\xampp\htdocs\zendLibrary\Zend\View\Helper\Placeholder.php --> ftp.radiofone.com.br /public_html/radiofone/zendLibrary/Zend/View/Helper Placeholder.php
2011.07.09 00:26 B F:\xampp\htdocs\zendLibrary\Zend\View\Helper\RenderToPlaceholder.php --> ftp.radiofone.com.br /public_html/radiofone/zendLibrary/Zend/View/Helper RenderToPlaceholder.php
2011.07.09 00:26 B F:\xampp\htdocs\zendLibrary\Zend\View\Helper\ServerUrl.php --> ftp.radiofone.com.br /public_html/radiofone/zendLibrary/Zend/View/Helper ServerUrl.php
2011.07.09 00:26 B F:\xampp\htdocs\zendLibrary\Zend\View\Helper\TinySrc.php --> ftp.radiofone.com.br /public_html/radiofone/zendLibrary/Zend/View/Helper TinySrc.php
2011.07.09 00:26 B F:\xampp\htdocs\zendLibrary\Zend\View\Helper\Translate.php --> ftp.radiofone.com.br /public_html/radiofone/zendLibrary/Zend/View/Helper Translate.php
2011.07.09 00:26 B F:\xampp\htdocs\zendLibrary\Zend\View\Helper\Url.php --> ftp.radiofone.com.br /public_html/radiofone/zendLibrary/Zend/View/Helper Url.php
2011.07.09 00:26 B F:\xampp\htdocs\zendLibrary\Zend\View\Helper\UserAgent.php --> ftp.radiofone.com.br /public_html/radiofone/zendLibrary/Zend/View/Helper UserAgent.php
2011.07.09 00:26 B F:\xampp\htdocs\zendLibrary\Zend\View\Helper\WS_FTP.LOG --> ftp.radiofone.com.br /public_html/radiofone/zendLibrary/Zend/View/Helper WS_FTP.LOG
2011.07.09 00:54 B F:\xampp\htdocs\zendLibrary\Zend\View\Helper\WS_FTP.LOG --> ftp.radiofone.com.br /public_html/radiofone/zendLibrary/Zend/View/Helper WS_FTP.LOG
2011.07.26 23:14 B F:\xampp\htdocs\zendLibrary\Zend\View\Helper\Abstract.php --> ftp.sobrafo.org.br /public_html/zendLibrary/Zend/View/Helper Abstract.php
2011.07.26 23:14 B F:\xampp\htdocs\zendLibrary\Zend\View\Helper\Action.php --> ftp.sobrafo.org.br /public_html/zendLibrary/Zend/View/Helper Action.php
2011.07.26 23:14 B F:\xampp\htdocs\zendLibrary\Zend\View\Helper\BaseUrl.php --> ftp.sobrafo.org.br /public_html/zendLibrary/Zend/View/Helper BaseUrl.php
2011.07.26 23:14 B F:\xampp\htdocs\zendLibrary\Zend\View\Helper\Currency.php --> ftp.sobrafo.org.br /public_html/zendLibrary/Zend/View/Helper Currency.php
2011.07.26 23:14 B F:\xampp\htdocs\zendLibrary\Zend\View\Helper\Cycle.php --> ftp.sobrafo.org.br /public_html/zendLibrary/Zend/View/Helper Cycle.php
2011.07.26 23:14 B F:\xampp\htdocs\zendLibrary\Zend\View\Helper\DeclareVars.php --> ftp.sobrafo.org.br /public_html/zendLibrary/Zend/View/Helper DeclareVars.php
2011.07.26 23:14 B F:\xampp\htdocs\zendLibrary\Zend\View\Helper\Doctype.php --> ftp.sobrafo.org.br /public_html/zendLibrary/Zend/View/Helper Doctype.php
2011.07.26 23:14 B F:\xampp\htdocs\zendLibrary\Zend\View\Helper\Fieldset.php --> ftp.sobrafo.org.br /public_html/zendLibrary/Zend/View/Helper Fieldset.php
2011.07.26 23:14 B F:\xampp\htdocs\zendLibrary\Zend\View\Helper\Form.php --> ftp.sobrafo.org.br /public_html/zendLibrary/Zend/View/Helper Form.php
2011.07.26 23:14 B F:\xampp\htdocs\zendLibrary\Zend\View\Helper\FormButton.php --> ftp.sobrafo.org.br /public_html/zendLibrary/Zend/View/Helper FormButton.php
2011.07.26 23:14 B F:\xampp\htdocs\zendLibrary\Zend\View\Helper\FormCheckbox.php --> ftp.sobrafo.org.br /public_html/zendLibrary/Zend/View/Helper FormCheckbox.php
2011.07.26 23:14 B F:\xampp\htdocs\zendLibrary\Zend\View\Helper\FormElement.php --> ftp.sobrafo.org.br /public_html/zendLibrary/Zend/View/Helper FormElement.php
2011.07.26 23:14 B F:\xampp\htdocs\zendLibrary\Zend\View\Helper\FormErrors.php --> ftp.sobrafo.org.br /public_html/zendLibrary/Zend/View/Helper FormErrors.php
2011.07.26 23:14 B F:\xampp\htdocs\zendLibrary\Zend\View\Helper\FormFile.php --> ftp.sobrafo.org.br /public_html/zendLibrary/Zend/View/Helper FormFile.php
2011.07.26 23:14 B F:\xampp\htdocs\zendLibrary\Zend\View\Helper\FormHidden.php --> ftp.sobrafo.org.br /public_html/zendLibrary/Zend/View/Helper FormHidden.php
2011.07.26 23:14 B F:\xampp\htdocs\zendLibrary\Zend\View\Helper\FormImage.php --> ftp.sobrafo.org.br /public_html/zendLibrary/Zend/View/Helper FormImage.php
2011.07.26 23:14 B F:\xampp\htdocs\zendLibrary\Zend\View\Helper\FormLabel.php --> ftp.sobrafo.org.br /public_html/zendLibrary/Zend/View/Helper FormLabel.php
2011.07.26 23:14 B F:\xampp\htdocs\zendLibrary\Zend\View\Helper\FormMultiCheckbox.php --> ftp.sobrafo.org.br /public_html/zendLibrary/Zend/View/Helper FormMultiCheckbox.php
2011.07.26 23:14 B F:\xampp\htdocs\zendLibrary\Zend\View\Helper\FormNote.php --> ftp.sobrafo.org.br /public_html/zendLibrary/Zend/View/Helper FormNote.php
2011.07.26 23:14 B F:\xampp\htdocs\zendLibrary\Zend\View\Helper\FormPassword.php --> ftp.sobrafo.org.br /public_html/zendLibrary/Zend/View/Helper FormPassword.php
2011.07.26 23:14 B F:\xampp\htdocs\zendLibrary\Zend\View\Helper\FormRadio.php --> ftp.sobrafo.org.br /public_html/zendLibrary/Zend/View/Helper FormRadio.php
2011.07.26 23:14 B F:\xampp\htdocs\zendLibrary\Zend\View\Helper\FormReset.php --> ftp.sobrafo.org.br /public_html/zendLibrary/Zend/View/Helper FormReset.php
2011.07.26 23:14 B F:\xampp\htdocs\zendLibrary\Zend\View\Helper\FormSelect.php --> ftp.sobrafo.org.br /public_html/zendLibrary/Zend/View/Helper FormSelect.php
2011.07.26 23:14 B F:\xampp\htdocs\zendLibrary\Zend\View\Helper\FormSubmit.php --> ftp.sobrafo.org.br /public_html/zendLibrary/Zend/View/Helper FormSubmit.php
2011.07.26 23:14 B F:\xampp\htdocs\zendLibrary\Zend\View\Helper\FormText.php --> ftp.sobrafo.org.br /public_html/zendLibrary/Zend/View/Helper FormText.php
2011.07.26 23:14 B F:\xampp\htdocs\zendLibrary\Zend\View\Helper\FormTextarea.php --> ftp.sobrafo.org.br /public_html/zendLibrary/Zend/View/Helper FormTextarea.php
2011.07.26 23:14 B F:\xampp\htdocs\zendLibrary\Zend\View\Helper\Gravatar.php --> ftp.sobrafo.org.br /public_html/zendLibrary/Zend/View/Helper Gravatar.php
2011.07.26 23:14 B F:\xampp\htdocs\zendLibrary\Zend\View\Helper\HeadLink.php --> ftp.sobrafo.org.br /public_html/zendLibrary/Zend/View/Helper HeadLink.php
2011.07.26 23:14 B F:\xampp\htdocs\zendLibrary\Zend\View\Helper\HeadMeta.php --> ftp.sobrafo.org.br /public_html/zendLibrary/Zend/View/Helper HeadMeta.php
2011.07.26 23:14 B F:\xampp\htdocs\zendLibrary\Zend\View\Helper\HeadScript.php --> ftp.sobrafo.org.br /public_html/zendLibrary/Zend/View/Helper HeadScript.php
2011.07.26 23:14 B F:\xampp\htdocs\zendLibrary\Zend\View\Helper\HeadStyle.php --> ftp.sobrafo.org.br /public_html/zendLibrary/Zend/View/Helper HeadStyle.php
2011.07.26 23:14 B F:\xampp\htdocs\zendLibrary\Zend\View\Helper\HeadTitle.php --> ftp.sobrafo.org.br /public_html/zendLibrary/Zend/View/Helper HeadTitle.php
2011.07.26 23:14 B F:\xampp\htdocs\zendLibrary\Zend\View\Helper\HtmlElement.php --> ftp.sobrafo.org.br /public_html/zendLibrary/Zend/View/Helper HtmlElement.php
2011.07.26 23:14 B F:\xampp\htdocs\zendLibrary\Zend\View\Helper\HtmlFlash.php --> ftp.sobrafo.org.br /public_html/zendLibrary/Zend/View/Helper HtmlFlash.php
2011.07.26 23:14 B F:\xampp\htdocs\zendLibrary\Zend\View\Helper\HtmlList.php --> ftp.sobrafo.org.br /public_html/zendLibrary/Zend/View/Helper HtmlList.php
2011.07.26 23:14 B F:\xampp\htdocs\zendLibrary\Zend\View\Helper\HtmlObject.php --> ftp.sobrafo.org.br /public_html/zendLibrary/Zend/View/Helper HtmlObject.php
2011.07.26 23:14 B F:\xampp\htdocs\zendLibrary\Zend\View\Helper\HtmlPage.php --> ftp.sobrafo.org.br /public_html/zendLibrary/Zend/View/Helper HtmlPage.php
2011.07.26 23:14 B F:\xampp\htdocs\zendLibrary\Zend\View\Helper\HtmlQuicktime.php --> ftp.sobrafo.org.br /public_html/zendLibrary/Zend/View/Helper HtmlQuicktime.php
2011.07.26 23:14 B F:\xampp\htdocs\zendLibrary\Zend\View\Helper\InlineScript.php --> ftp.sobrafo.org.br /public_html/zendLibrary/Zend/View/Helper InlineScript.php
2011.07.26 23:14 B F:\xampp\htdocs\zendLibrary\Zend\View\Helper\Interface.php --> ftp.sobrafo.org.br /public_html/zendLibrary/Zend/View/Helper Interface.php
2011.07.26 23:14 B F:\xampp\htdocs\zendLibrary\Zend\View\Helper\Json.php --> ftp.sobrafo.org.br /public_html/zendLibrary/Zend/View/Helper Json.php
2011.07.26 23:14 B F:\xampp\htdocs\zendLibrary\Zend\View\Helper\Layout.php --> ftp.sobrafo.org.br /public_html/zendLibrary/Zend/View/Helper Layout.php
2011.07.26 23:14 B F:\xampp\htdocs\zendLibrary\Zend\View\Helper\Navigation.php --> ftp.sobrafo.org.br /public_html/zendLibrary/Zend/View/Helper Navigation.php
2011.07.26 23:14 B F:\xampp\htdocs\zendLibrary\Zend\View\Helper\PaginationControl.php --> ftp.sobrafo.org.br /public_html/zendLibrary/Zend/View/Helper PaginationControl.php
2011.07.26 23:14 B F:\xampp\htdocs\zendLibrary\Zend\View\Helper\Partial.php --> ftp.sobrafo.org.br /public_html/zendLibrary/Zend/View/Helper Partial.php
2011.07.26 23:14 B F:\xampp\htdocs\zendLibrary\Zend\View\Helper\PartialLoop.php --> ftp.sobrafo.org.br /public_html/zendLibrary/Zend/View/Helper PartialLoop.php
2011.07.26 23:14 B F:\xampp\htdocs\zendLibrary\Zend\View\Helper\Placeholder.php --> ftp.sobrafo.org.br /public_html/zendLibrary/Zend/View/Helper Placeholder.php
2011.07.26 23:14 B F:\xampp\htdocs\zendLibrary\Zend\View\Helper\RenderToPlaceholder.php --> ftp.sobrafo.org.br /public_html/zendLibrary/Zend/View/Helper RenderToPlaceholder.php
2011.07.26 23:14 B F:\xampp\htdocs\zendLibrary\Zend\View\Helper\ServerUrl.php --> ftp.sobrafo.org.br /public_html/zendLibrary/Zend/View/Helper ServerUrl.php
2011.07.26 23:14 B F:\xampp\htdocs\zendLibrary\Zend\View\Helper\TinySrc.php --> ftp.sobrafo.org.br /public_html/zendLibrary/Zend/View/Helper TinySrc.php
2011.07.26 23:14 B F:\xampp\htdocs\zendLibrary\Zend\View\Helper\Translate.php --> ftp.sobrafo.org.br /public_html/zendLibrary/Zend/View/Helper Translate.php
2011.07.26 23:14 B F:\xampp\htdocs\zendLibrary\Zend\View\Helper\Url.php --> ftp.sobrafo.org.br /public_html/zendLibrary/Zend/View/Helper Url.php
2011.07.26 23:15 B F:\xampp\htdocs\zendLibrary\Zend\View\Helper\UserAgent.php --> ftp.sobrafo.org.br /public_html/zendLibrary/Zend/View/Helper UserAgent.php
2011.07.26 23:15 B F:\xampp\htdocs\zendLibrary\Zend\View\Helper\WS_FTP.LOG --> ftp.sobrafo.org.br /public_html/zendLibrary/Zend/View/Helper WS_FTP.LOG
2011.08.09 17:34 B F:\xampp\htdocs\ZendLibrary\Zend\View\Helper\Abstract.php --> ftp.amfar.com.br /public_html/ZendLibrary/Zend/View/Helper Abstract.php
2011.08.09 17:34 B F:\xampp\htdocs\ZendLibrary\Zend\View\Helper\Action.php --> ftp.amfar.com.br /public_html/ZendLibrary/Zend/View/Helper Action.php
2011.08.09 17:34 B F:\xampp\htdocs\ZendLibrary\Zend\View\Helper\BaseUrl.php --> ftp.amfar.com.br /public_html/ZendLibrary/Zend/View/Helper BaseUrl.php
2011.08.09 17:34 B F:\xampp\htdocs\ZendLibrary\Zend\View\Helper\Currency.php --> ftp.amfar.com.br /public_html/ZendLibrary/Zend/View/Helper Currency.php
2011.08.09 17:34 B F:\xampp\htdocs\ZendLibrary\Zend\View\Helper\Cycle.php --> ftp.amfar.com.br /public_html/ZendLibrary/Zend/View/Helper Cycle.php
2011.08.09 17:34 B F:\xampp\htdocs\ZendLibrary\Zend\View\Helper\DeclareVars.php --> ftp.amfar.com.br /public_html/ZendLibrary/Zend/View/Helper DeclareVars.php
2011.08.09 17:34 B F:\xampp\htdocs\ZendLibrary\Zend\View\Helper\Doctype.php --> ftp.amfar.com.br /public_html/ZendLibrary/Zend/View/Helper Doctype.php
2011.08.09 17:34 B F:\xampp\htdocs\ZendLibrary\Zend\View\Helper\Fieldset.php --> ftp.amfar.com.br /public_html/ZendLibrary/Zend/View/Helper Fieldset.php
2011.08.09 17:34 B F:\xampp\htdocs\ZendLibrary\Zend\View\Helper\Form.php --> ftp.amfar.com.br /public_html/ZendLibrary/Zend/View/Helper Form.php
2011.08.09 17:34 B F:\xampp\htdocs\ZendLibrary\Zend\View\Helper\FormButton.php --> ftp.amfar.com.br /public_html/ZendLibrary/Zend/View/Helper FormButton.php
2011.08.09 17:34 B F:\xampp\htdocs\ZendLibrary\Zend\View\Helper\FormCheckbox.php --> ftp.amfar.com.br /public_html/ZendLibrary/Zend/View/Helper FormCheckbox.php
2011.08.09 17:34 B F:\xampp\htdocs\ZendLibrary\Zend\View\Helper\FormElement.php --> ftp.amfar.com.br /public_html/ZendLibrary/Zend/View/Helper FormElement.php
2011.08.09 17:34 B F:\xampp\htdocs\ZendLibrary\Zend\View\Helper\FormErrors.php --> ftp.amfar.com.br /public_html/ZendLibrary/Zend/View/Helper FormErrors.php
2011.08.09 17:34 B F:\xampp\htdocs\ZendLibrary\Zend\View\Helper\FormFile.php --> ftp.amfar.com.br /public_html/ZendLibrary/Zend/View/Helper FormFile.php
2011.08.09 17:34 B F:\xampp\htdocs\ZendLibrary\Zend\View\Helper\FormHidden.php --> ftp.amfar.com.br /public_html/ZendLibrary/Zend/View/Helper FormHidden.php
2011.08.09 17:34 B F:\xampp\htdocs\ZendLibrary\Zend\View\Helper\FormImage.php --> ftp.amfar.com.br /public_html/ZendLibrary/Zend/View/Helper FormImage.php
2011.08.09 17:34 B F:\xampp\htdocs\ZendLibrary\Zend\View\Helper\FormLabel.php --> ftp.amfar.com.br /public_html/ZendLibrary/Zend/View/Helper FormLabel.php
2011.08.09 17:34 B F:\xampp\htdocs\ZendLibrary\Zend\View\Helper\FormMultiCheckbox.php --> ftp.amfar.com.br /public_html/ZendLibrary/Zend/View/Helper FormMultiCheckbox.php
2011.08.09 17:34 B F:\xampp\htdocs\ZendLibrary\Zend\View\Helper\FormNote.php --> ftp.amfar.com.br /public_html/ZendLibrary/Zend/View/Helper FormNote.php
2011.08.09 17:34 B F:\xampp\htdocs\ZendLibrary\Zend\View\Helper\FormPassword.php --> ftp.amfar.com.br /public_html/ZendLibrary/Zend/View/Helper FormPassword.php
2011.08.09 17:34 B F:\xampp\htdocs\ZendLibrary\Zend\View\Helper\FormRadio.php --> ftp.amfar.com.br /public_html/ZendLibrary/Zend/View/Helper FormRadio.php
2011.08.09 17:34 B F:\xampp\htdocs\ZendLibrary\Zend\View\Helper\FormReset.php --> ftp.amfar.com.br /public_html/ZendLibrary/Zend/View/Helper FormReset.php
2011.08.09 17:34 B F:\xampp\htdocs\ZendLibrary\Zend\View\Helper\FormSelect.php --> ftp.amfar.com.br /public_html/ZendLibrary/Zend/View/Helper FormSelect.php
2011.08.09 17:34 B F:\xampp\htdocs\ZendLibrary\Zend\View\Helper\FormSubmit.php --> ftp.amfar.com.br /public_html/ZendLibrary/Zend/View/Helper FormSubmit.php
2011.08.09 17:34 B F:\xampp\htdocs\ZendLibrary\Zend\View\Helper\FormText.php --> ftp.amfar.com.br /public_html/ZendLibrary/Zend/View/Helper FormText.php
2011.08.09 17:34 B F:\xampp\htdocs\ZendLibrary\Zend\View\Helper\FormTextarea.php --> ftp.amfar.com.br /public_html/ZendLibrary/Zend/View/Helper FormTextarea.php
2011.08.09 17:34 B F:\xampp\htdocs\ZendLibrary\Zend\View\Helper\Gravatar.php --> ftp.amfar.com.br /public_html/ZendLibrary/Zend/View/Helper Gravatar.php
2011.08.09 17:34 B F:\xampp\htdocs\ZendLibrary\Zend\View\Helper\HeadLink.php --> ftp.amfar.com.br /public_html/ZendLibrary/Zend/View/Helper HeadLink.php
2011.08.09 17:34 B F:\xampp\htdocs\ZendLibrary\Zend\View\Helper\HeadMeta.php --> ftp.amfar.com.br /public_html/ZendLibrary/Zend/View/Helper HeadMeta.php
2011.08.09 17:34 B F:\xampp\htdocs\ZendLibrary\Zend\View\Helper\HeadScript.php --> ftp.amfar.com.br /public_html/ZendLibrary/Zend/View/Helper HeadScript.php
2011.08.09 17:34 B F:\xampp\htdocs\ZendLibrary\Zend\View\Helper\HeadStyle.php --> ftp.amfar.com.br /public_html/ZendLibrary/Zend/View/Helper HeadStyle.php
2011.08.09 17:34 B F:\xampp\htdocs\ZendLibrary\Zend\View\Helper\HeadTitle.php --> ftp.amfar.com.br /public_html/ZendLibrary/Zend/View/Helper HeadTitle.php
2011.08.09 17:34 B F:\xampp\htdocs\ZendLibrary\Zend\View\Helper\HtmlElement.php --> ftp.amfar.com.br /public_html/ZendLibrary/Zend/View/Helper HtmlElement.php
2011.08.09 17:34 B F:\xampp\htdocs\ZendLibrary\Zend\View\Helper\HtmlFlash.php --> ftp.amfar.com.br /public_html/ZendLibrary/Zend/View/Helper HtmlFlash.php
2011.08.09 17:34 B F:\xampp\htdocs\ZendLibrary\Zend\View\Helper\HtmlList.php --> ftp.amfar.com.br /public_html/ZendLibrary/Zend/View/Helper HtmlList.php
2011.08.09 17:34 B F:\xampp\htdocs\ZendLibrary\Zend\View\Helper\HtmlObject.php --> ftp.amfar.com.br /public_html/ZendLibrary/Zend/View/Helper HtmlObject.php
2011.08.09 17:34 B F:\xampp\htdocs\ZendLibrary\Zend\View\Helper\HtmlPage.php --> ftp.amfar.com.br /public_html/ZendLibrary/Zend/View/Helper HtmlPage.php
2011.08.09 17:34 B F:\xampp\htdocs\ZendLibrary\Zend\View\Helper\HtmlQuicktime.php --> ftp.amfar.com.br /public_html/ZendLibrary/Zend/View/Helper HtmlQuicktime.php
2011.08.09 17:34 B F:\xampp\htdocs\ZendLibrary\Zend\View\Helper\InlineScript.php --> ftp.amfar.com.br /public_html/ZendLibrary/Zend/View/Helper InlineScript.php
2011.08.09 17:34 B F:\xampp\htdocs\ZendLibrary\Zend\View\Helper\Interface.php --> ftp.amfar.com.br /public_html/ZendLibrary/Zend/View/Helper Interface.php
2011.08.09 17:34 B F:\xampp\htdocs\ZendLibrary\Zend\View\Helper\Json.php --> ftp.amfar.com.br /public_html/ZendLibrary/Zend/View/Helper Json.php
2011.08.09 17:34 B F:\xampp\htdocs\ZendLibrary\Zend\View\Helper\Layout.php --> ftp.amfar.com.br /public_html/ZendLibrary/Zend/View/Helper Layout.php
2011.08.09 17:34 B F:\xampp\htdocs\ZendLibrary\Zend\View\Helper\Navigation.php --> ftp.amfar.com.br /public_html/ZendLibrary/Zend/View/Helper Navigation.php
2011.08.09 17:34 B F:\xampp\htdocs\ZendLibrary\Zend\View\Helper\PaginationControl.php --> ftp.amfar.com.br /public_html/ZendLibrary/Zend/View/Helper PaginationControl.php
2011.08.09 17:34 B F:\xampp\htdocs\ZendLibrary\Zend\View\Helper\Partial.php --> ftp.amfar.com.br /public_html/ZendLibrary/Zend/View/Helper Partial.php
2011.08.09 17:34 B F:\xampp\htdocs\ZendLibrary\Zend\View\Helper\PartialLoop.php --> ftp.amfar.com.br /public_html/ZendLibrary/Zend/View/Helper PartialLoop.php
2011.08.09 17:36 B F:\xampp\htdocs\ZendLibrary\Zend\View\Helper\Placeholder.php --> ftp.amfar.com.br /public_html/ZendLibrary/Zend/View/Helper Placeholder.php
2011.08.22 21:36 B X:\xampp\htdocs\ZendLibrary\Zend\View\Helper\Abstract.php --> ftp.jairodepaula.com.br /jairodepaula/web/ZendLibrary/Zend/View/Helper Abstract.php
2011.08.22 21:36 B X:\xampp\htdocs\ZendLibrary\Zend\View\Helper\Action.php --> ftp.jairodepaula.com.br /jairodepaula/web/ZendLibrary/Zend/View/Helper Action.php
2011.08.22 21:36 B X:\xampp\htdocs\ZendLibrary\Zend\View\Helper\BaseUrl.php --> ftp.jairodepaula.com.br /jairodepaula/web/ZendLibrary/Zend/View/Helper BaseUrl.php
2011.08.22 21:36 B X:\xampp\htdocs\ZendLibrary\Zend\View\Helper\Currency.php --> ftp.jairodepaula.com.br /jairodepaula/web/ZendLibrary/Zend/View/Helper Currency.php
2011.08.22 21:37 B X:\xampp\htdocs\ZendLibrary\Zend\View\Helper\Cycle.php --> ftp.jairodepaula.com.br /jairodepaula/web/ZendLibrary/Zend/View/Helper Cycle.php
2011.08.22 21:37 B X:\xampp\htdocs\ZendLibrary\Zend\View\Helper\DeclareVars.php --> ftp.jairodepaula.com.br /jairodepaula/web/ZendLibrary/Zend/View/Helper DeclareVars.php
2011.08.22 21:37 B X:\xampp\htdocs\ZendLibrary\Zend\View\Helper\Doctype.php --> ftp.jairodepaula.com.br /jairodepaula/web/ZendLibrary/Zend/View/Helper Doctype.php
2011.08.22 21:37 B X:\xampp\htdocs\ZendLibrary\Zend\View\Helper\Fieldset.php --> ftp.jairodepaula.com.br /jairodepaula/web/ZendLibrary/Zend/View/Helper Fieldset.php
2011.08.22 21:37 B X:\xampp\htdocs\ZendLibrary\Zend\View\Helper\Form.php --> ftp.jairodepaula.com.br /jairodepaula/web/ZendLibrary/Zend/View/Helper Form.php
2011.08.22 21:37 B X:\xampp\htdocs\ZendLibrary\Zend\View\Helper\FormButton.php --> ftp.jairodepaula.com.br /jairodepaula/web/ZendLibrary/Zend/View/Helper FormButton.php
2011.08.22 21:37 B X:\xampp\htdocs\ZendLibrary\Zend\View\Helper\FormCheckbox.php --> ftp.jairodepaula.com.br /jairodepaula/web/ZendLibrary/Zend/View/Helper FormCheckbox.php
2011.08.22 21:37 B X:\xampp\htdocs\ZendLibrary\Zend\View\Helper\FormElement.php --> ftp.jairodepaula.com.br /jairodepaula/web/ZendLibrary/Zend/View/Helper FormElement.php
2011.08.22 21:37 B X:\xampp\htdocs\ZendLibrary\Zend\View\Helper\FormErrors.php --> ftp.jairodepaula.com.br /jairodepaula/web/ZendLibrary/Zend/View/Helper FormErrors.php
2011.08.22 21:37 B X:\xampp\htdocs\ZendLibrary\Zend\View\Helper\FormFile.php --> ftp.jairodepaula.com.br /jairodepaula/web/ZendLibrary/Zend/View/Helper FormFile.php
2011.08.22 21:37 B X:\xampp\htdocs\ZendLibrary\Zend\View\Helper\FormHidden.php --> ftp.jairodepaula.com.br /jairodepaula/web/ZendLibrary/Zend/View/Helper FormHidden.php
2011.08.22 21:37 B X:\xampp\htdocs\ZendLibrary\Zend\View\Helper\FormImage.php --> ftp.jairodepaula.com.br /jairodepaula/web/ZendLibrary/Zend/View/Helper FormImage.php
2011.08.22 21:37 B X:\xampp\htdocs\ZendLibrary\Zend\View\Helper\FormLabel.php --> ftp.jairodepaula.com.br /jairodepaula/web/ZendLibrary/Zend/View/Helper FormLabel.php
2011.08.22 21:37 B X:\xampp\htdocs\ZendLibrary\Zend\View\Helper\FormMultiCheckbox.php --> ftp.jairodepaula.com.br /jairodepaula/web/ZendLibrary/Zend/View/Helper FormMultiCheckbox.php
2011.08.22 21:37 B X:\xampp\htdocs\ZendLibrary\Zend\View\Helper\FormNote.php --> ftp.jairodepaula.com.br /jairodepaula/web/ZendLibrary/Zend/View/Helper FormNote.php
2011.08.22 21:37 B X:\xampp\htdocs\ZendLibrary\Zend\View\Helper\FormPassword.php --> ftp.jairodepaula.com.br /jairodepaula/web/ZendLibrary/Zend/View/Helper FormPassword.php
2011.08.22 21:37 B X:\xampp\htdocs\ZendLibrary\Zend\View\Helper\FormRadio.php --> ftp.jairodepaula.com.br /jairodepaula/web/ZendLibrary/Zend/View/Helper FormRadio.php
2011.08.22 21:37 B X:\xampp\htdocs\ZendLibrary\Zend\View\Helper\FormReset.php --> ftp.jairodepaula.com.br /jairodepaula/web/ZendLibrary/Zend/View/Helper FormReset.php
2011.08.22 21:37 B X:\xampp\htdocs\ZendLibrary\Zend\View\Helper\FormSelect.php --> ftp.jairodepaula.com.br /jairodepaula/web/ZendLibrary/Zend/View/Helper FormSelect.php
2011.08.22 21:37 B X:\xampp\htdocs\ZendLibrary\Zend\View\Helper\FormSubmit.php --> ftp.jairodepaula.com.br /jairodepaula/web/ZendLibrary/Zend/View/Helper FormSubmit.php
2011.08.22 21:37 B X:\xampp\htdocs\ZendLibrary\Zend\View\Helper\FormText.php --> ftp.jairodepaula.com.br /jairodepaula/web/ZendLibrary/Zend/View/Helper FormText.php
2011.08.22 21:37 B X:\xampp\htdocs\ZendLibrary\Zend\View\Helper\FormTextarea.php --> ftp.jairodepaula.com.br /jairodepaula/web/ZendLibrary/Zend/View/Helper FormTextarea.php
2011.08.22 21:37 B X:\xampp\htdocs\ZendLibrary\Zend\View\Helper\Gravatar.php --> ftp.jairodepaula.com.br /jairodepaula/web/ZendLibrary/Zend/View/Helper Gravatar.php
2011.08.22 21:37 B X:\xampp\htdocs\ZendLibrary\Zend\View\Helper\HeadLink.php --> ftp.jairodepaula.com.br /jairodepaula/web/ZendLibrary/Zend/View/Helper HeadLink.php
2011.08.22 21:37 B X:\xampp\htdocs\ZendLibrary\Zend\View\Helper\HeadMeta.php --> ftp.jairodepaula.com.br /jairodepaula/web/ZendLibrary/Zend/View/Helper HeadMeta.php
2011.08.22 21:37 B X:\xampp\htdocs\ZendLibrary\Zend\View\Helper\HeadScript.php --> ftp.jairodepaula.com.br /jairodepaula/web/ZendLibrary/Zend/View/Helper HeadScript.php
2011.08.22 21:37 B X:\xampp\htdocs\ZendLibrary\Zend\View\Helper\HeadStyle.php --> ftp.jairodepaula.com.br /jairodepaula/web/ZendLibrary/Zend/View/Helper HeadStyle.php
2011.08.22 21:37 B X:\xampp\htdocs\ZendLibrary\Zend\View\Helper\HeadTitle.php --> ftp.jairodepaula.com.br /jairodepaula/web/ZendLibrary/Zend/View/Helper HeadTitle.php
2011.08.22 21:37 B X:\xampp\htdocs\ZendLibrary\Zend\View\Helper\HtmlElement.php --> ftp.jairodepaula.com.br /jairodepaula/web/ZendLibrary/Zend/View/Helper HtmlElement.php
2011.08.22 21:37 B X:\xampp\htdocs\ZendLibrary\Zend\View\Helper\HtmlFlash.php --> ftp.jairodepaula.com.br /jairodepaula/web/ZendLibrary/Zend/View/Helper HtmlFlash.php
2011.08.22 21:37 B X:\xampp\htdocs\ZendLibrary\Zend\View\Helper\HtmlList.php --> ftp.jairodepaula.com.br /jairodepaula/web/ZendLibrary/Zend/View/Helper HtmlList.php
2011.08.22 21:37 B X:\xampp\htdocs\ZendLibrary\Zend\View\Helper\HtmlObject.php --> ftp.jairodepaula.com.br /jairodepaula/web/ZendLibrary/Zend/View/Helper HtmlObject.php
2011.08.22 21:37 B X:\xampp\htdocs\ZendLibrary\Zend\View\Helper\HtmlPage.php --> ftp.jairodepaula.com.br /jairodepaula/web/ZendLibrary/Zend/View/Helper HtmlPage.php
2011.08.22 21:37 B X:\xampp\htdocs\ZendLibrary\Zend\View\Helper\HtmlQuicktime.php --> ftp.jairodepaula.com.br /jairodepaula/web/ZendLibrary/Zend/View/Helper HtmlQuicktime.php
2011.08.22 21:37 B X:\xampp\htdocs\ZendLibrary\Zend\View\Helper\InlineScript.php --> ftp.jairodepaula.com.br /jairodepaula/web/ZendLibrary/Zend/View/Helper InlineScript.php
2011.08.22 21:37 B X:\xampp\htdocs\ZendLibrary\Zend\View\Helper\Interface.php --> ftp.jairodepaula.com.br /jairodepaula/web/ZendLibrary/Zend/View/Helper Interface.php
2011.08.22 21:37 B X:\xampp\htdocs\ZendLibrary\Zend\View\Helper\Json.php --> ftp.jairodepaula.com.br /jairodepaula/web/ZendLibrary/Zend/View/Helper Json.php
2011.08.22 21:37 B X:\xampp\htdocs\ZendLibrary\Zend\View\Helper\Layout.php --> ftp.jairodepaula.com.br /jairodepaula/web/ZendLibrary/Zend/View/Helper Layout.php
2011.08.22 21:37 B X:\xampp\htdocs\ZendLibrary\Zend\View\Helper\Navigation.php --> ftp.jairodepaula.com.br /jairodepaula/web/ZendLibrary/Zend/View/Helper Navigation.php
2011.08.22 21:37 B X:\xampp\htdocs\ZendLibrary\Zend\View\Helper\PaginationControl.php --> ftp.jairodepaula.com.br /jairodepaula/web/ZendLibrary/Zend/View/Helper PaginationControl.php
2011.08.22 21:37 B X:\xampp\htdocs\ZendLibrary\Zend\View\Helper\Partial.php --> ftp.jairodepaula.com.br /jairodepaula/web/ZendLibrary/Zend/View/Helper Partial.php
2011.08.22 21:37 B X:\xampp\htdocs\ZendLibrary\Zend\View\Helper\PartialLoop.php --> ftp.jairodepaula.com.br /jairodepaula/web/ZendLibrary/Zend/View/Helper PartialLoop.php
2011.08.22 21:37 B X:\xampp\htdocs\ZendLibrary\Zend\View\Helper\Placeholder.php --> ftp.jairodepaula.com.br /jairodepaula/web/ZendLibrary/Zend/View/Helper Placeholder.php
2011.08.22 21:37 B X:\xampp\htdocs\ZendLibrary\Zend\View\Helper\RenderToPlaceholder.php --> ftp.jairodepaula.com.br /jairodepaula/web/ZendLibrary/Zend/View/Helper RenderToPlaceholder.php
2011.08.22 21:37 B X:\xampp\htdocs\ZendLibrary\Zend\View\Helper\ServerUrl.php --> ftp.jairodepaula.com.br /jairodepaula/web/ZendLibrary/Zend/View/Helper ServerUrl.php
2011.08.22 21:37 B X:\xampp\htdocs\ZendLibrary\Zend\View\Helper\TinySrc.php --> ftp.jairodepaula.com.br /jairodepaula/web/ZendLibrary/Zend/View/Helper TinySrc.php
2011.08.22 21:37 B X:\xampp\htdocs\ZendLibrary\Zend\View\Helper\Translate.php --> ftp.jairodepaula.com.br /jairodepaula/web/ZendLibrary/Zend/View/Helper Translate.php
2011.08.22 21:37 B X:\xampp\htdocs\ZendLibrary\Zend\View\Helper\Url.php --> ftp.jairodepaula.com.br /jairodepaula/web/ZendLibrary/Zend/View/Helper Url.php
2011.08.22 21:37 B X:\xampp\htdocs\ZendLibrary\Zend\View\Helper\UserAgent.php --> ftp.jairodepaula.com.br /jairodepaula/web/ZendLibrary/Zend/View/Helper UserAgent.php
2011.08.22 21:37 B X:\xampp\htdocs\ZendLibrary\Zend\View\Helper\WS_FTP.LOG --> ftp.jairodepaula.com.br /jairodepaula/web/ZendLibrary/Zend/View/Helper WS_FTP.LOG
2011.12.31 15:13 B F:\xampp\htdocs\ZendLibrary\Zend\View\Helper\Abstract.php --> ftp.sbrafh.org.br /public_html/ZendLibrary/Zend/View/Helper Abstract.php
2011.12.31 15:13 B F:\xampp\htdocs\ZendLibrary\Zend\View\Helper\Action.php --> ftp.sbrafh.org.br /public_html/ZendLibrary/Zend/View/Helper Action.php
2011.12.31 15:13 B F:\xampp\htdocs\ZendLibrary\Zend\View\Helper\BaseUrl.php --> ftp.sbrafh.org.br /public_html/ZendLibrary/Zend/View/Helper BaseUrl.php
2011.12.31 15:13 B F:\xampp\htdocs\ZendLibrary\Zend\View\Helper\Currency.php --> ftp.sbrafh.org.br /public_html/ZendLibrary/Zend/View/Helper Currency.php
2011.12.31 15:13 B F:\xampp\htdocs\ZendLibrary\Zend\View\Helper\Cycle.php --> ftp.sbrafh.org.br /public_html/ZendLibrary/Zend/View/Helper Cycle.php
2011.12.31 15:13 B F:\xampp\htdocs\ZendLibrary\Zend\View\Helper\DeclareVars.php --> ftp.sbrafh.org.br /public_html/ZendLibrary/Zend/View/Helper DeclareVars.php
2011.12.31 15:13 B F:\xampp\htdocs\ZendLibrary\Zend\View\Helper\Doctype.php --> ftp.sbrafh.org.br /public_html/ZendLibrary/Zend/View/Helper Doctype.php
2011.12.31 15:13 B F:\xampp\htdocs\ZendLibrary\Zend\View\Helper\Fieldset.php --> ftp.sbrafh.org.br /public_html/ZendLibrary/Zend/View/Helper Fieldset.php
2011.12.31 15:13 B F:\xampp\htdocs\ZendLibrary\Zend\View\Helper\Form.php --> ftp.sbrafh.org.br /public_html/ZendLibrary/Zend/View/Helper Form.php
2011.12.31 15:13 B F:\xampp\htdocs\ZendLibrary\Zend\View\Helper\FormButton.php --> ftp.sbrafh.org.br /public_html/ZendLibrary/Zend/View/Helper FormButton.php
2011.12.31 15:13 B F:\xampp\htdocs\ZendLibrary\Zend\View\Helper\FormCheckbox.php --> ftp.sbrafh.org.br /public_html/ZendLibrary/Zend/View/Helper FormCheckbox.php
2011.12.31 15:13 B F:\xampp\htdocs\ZendLibrary\Zend\View\Helper\FormElement.php --> ftp.sbrafh.org.br /public_html/ZendLibrary/Zend/View/Helper FormElement.php
2011.12.31 15:13 B F:\xampp\htdocs\ZendLibrary\Zend\View\Helper\FormErrors.php --> ftp.sbrafh.org.br /public_html/ZendLibrary/Zend/View/Helper FormErrors.php
2011.12.31 15:13 B F:\xampp\htdocs\ZendLibrary\Zend\View\Helper\FormFile.php --> ftp.sbrafh.org.br /public_html/ZendLibrary/Zend/View/Helper FormFile.php
2011.12.31 15:13 B F:\xampp\htdocs\ZendLibrary\Zend\View\Helper\FormHidden.php --> ftp.sbrafh.org.br /public_html/ZendLibrary/Zend/View/Helper FormHidden.php
2011.12.31 15:13 B F:\xampp\htdocs\ZendLibrary\Zend\View\Helper\FormImage.php --> ftp.sbrafh.org.br /public_html/ZendLibrary/Zend/View/Helper FormImage.php
2011.12.31 15:13 B F:\xampp\htdocs\ZendLibrary\Zend\View\Helper\FormLabel.php --> ftp.sbrafh.org.br /public_html/ZendLibrary/Zend/View/Helper FormLabel.php
2011.12.31 15:13 B F:\xampp\htdocs\ZendLibrary\Zend\View\Helper\FormMultiCheckbox.php --> ftp.sbrafh.org.br /public_html/ZendLibrary/Zend/View/Helper FormMultiCheckbox.php
2011.12.31 15:13 B F:\xampp\htdocs\ZendLibrary\Zend\View\Helper\FormNote.php --> ftp.sbrafh.org.br /public_html/ZendLibrary/Zend/View/Helper FormNote.php
2011.12.31 15:13 B F:\xampp\htdocs\ZendLibrary\Zend\View\Helper\FormPassword.php --> ftp.sbrafh.org.br /public_html/ZendLibrary/Zend/View/Helper FormPassword.php
2011.12.31 15:13 B F:\xampp\htdocs\ZendLibrary\Zend\View\Helper\FormRadio.php --> ftp.sbrafh.org.br /public_html/ZendLibrary/Zend/View/Helper FormRadio.php
2011.12.31 15:13 B F:\xampp\htdocs\ZendLibrary\Zend\View\Helper\FormReset.php --> ftp.sbrafh.org.br /public_html/ZendLibrary/Zend/View/Helper FormReset.php
2011.12.31 15:13 B F:\xampp\htdocs\ZendLibrary\Zend\View\Helper\FormSelect.php --> ftp.sbrafh.org.br /public_html/ZendLibrary/Zend/View/Helper FormSelect.php
2011.12.31 15:13 B F:\xampp\htdocs\ZendLibrary\Zend\View\Helper\FormSubmit.php --> ftp.sbrafh.org.br /public_html/ZendLibrary/Zend/View/Helper FormSubmit.php
2011.12.31 15:13 B F:\xampp\htdocs\ZendLibrary\Zend\View\Helper\FormText.php --> ftp.sbrafh.org.br /public_html/ZendLibrary/Zend/View/Helper FormText.php
2011.12.31 15:13 B F:\xampp\htdocs\ZendLibrary\Zend\View\Helper\FormTextarea.php --> ftp.sbrafh.org.br /public_html/ZendLibrary/Zend/View/Helper FormTextarea.php
2011.12.31 15:13 B F:\xampp\htdocs\ZendLibrary\Zend\View\Helper\Gravatar.php --> ftp.sbrafh.org.br /public_html/ZendLibrary/Zend/View/Helper Gravatar.php
2011.12.31 15:13 B F:\xampp\htdocs\ZendLibrary\Zend\View\Helper\HeadLink.php --> ftp.sbrafh.org.br /public_html/ZendLibrary/Zend/View/Helper HeadLink.php
2011.12.31 15:13 B F:\xampp\htdocs\ZendLibrary\Zend\View\Helper\HeadMeta.php --> ftp.sbrafh.org.br /public_html/ZendLibrary/Zend/View/Helper HeadMeta.php
2011.12.31 15:13 B F:\xampp\htdocs\ZendLibrary\Zend\View\Helper\HeadScript.php --> ftp.sbrafh.org.br /public_html/ZendLibrary/Zend/View/Helper HeadScript.php
2011.12.31 15:13 B F:\xampp\htdocs\ZendLibrary\Zend\View\Helper\HeadStyle.php --> ftp.sbrafh.org.br /public_html/ZendLibrary/Zend/View/Helper HeadStyle.php
2011.12.31 15:13 B F:\xampp\htdocs\ZendLibrary\Zend\View\Helper\HeadTitle.php --> ftp.sbrafh.org.br /public_html/ZendLibrary/Zend/View/Helper HeadTitle.php
2011.12.31 15:13 B F:\xampp\htdocs\ZendLibrary\Zend\View\Helper\HtmlElement.php --> ftp.sbrafh.org.br /public_html/ZendLibrary/Zend/View/Helper HtmlElement.php
2011.12.31 15:13 B F:\xampp\htdocs\ZendLibrary\Zend\View\Helper\HtmlFlash.php --> ftp.sbrafh.org.br /public_html/ZendLibrary/Zend/View/Helper HtmlFlash.php
2011.12.31 15:13 B F:\xampp\htdocs\ZendLibrary\Zend\View\Helper\HtmlList.php --> ftp.sbrafh.org.br /public_html/ZendLibrary/Zend/View/Helper HtmlList.php
2011.12.31 15:13 B F:\xampp\htdocs\ZendLibrary\Zend\View\Helper\HtmlObject.php --> ftp.sbrafh.org.br /public_html/ZendLibrary/Zend/View/Helper HtmlObject.php
2011.12.31 15:13 B F:\xampp\htdocs\ZendLibrary\Zend\View\Helper\HtmlPage.php --> ftp.sbrafh.org.br /public_html/ZendLibrary/Zend/View/Helper HtmlPage.php
2011.12.31 15:13 B F:\xampp\htdocs\ZendLibrary\Zend\View\Helper\HtmlQuicktime.php --> ftp.sbrafh.org.br /public_html/ZendLibrary/Zend/View/Helper HtmlQuicktime.php
2011.12.31 15:13 B F:\xampp\htdocs\ZendLibrary\Zend\View\Helper\InlineScript.php --> ftp.sbrafh.org.br /public_html/ZendLibrary/Zend/View/Helper InlineScript.php
2011.12.31 15:13 B F:\xampp\htdocs\ZendLibrary\Zend\View\Helper\Interface.php --> ftp.sbrafh.org.br /public_html/ZendLibrary/Zend/View/Helper Interface.php
2011.12.31 15:13 B F:\xampp\htdocs\ZendLibrary\Zend\View\Helper\Json.php --> ftp.sbrafh.org.br /public_html/ZendLibrary/Zend/View/Helper Json.php
2011.12.31 15:13 B F:\xampp\htdocs\ZendLibrary\Zend\View\Helper\Layout.php --> ftp.sbrafh.org.br /public_html/ZendLibrary/Zend/View/Helper Layout.php
2011.12.31 15:13 B F:\xampp\htdocs\ZendLibrary\Zend\View\Helper\Navigation.php --> ftp.sbrafh.org.br /public_html/ZendLibrary/Zend/View/Helper Navigation.php
2011.12.31 15:13 B F:\xampp\htdocs\ZendLibrary\Zend\View\Helper\PaginationControl.php --> ftp.sbrafh.org.br /public_html/ZendLibrary/Zend/View/Helper PaginationControl.php
2011.12.31 15:13 B F:\xampp\htdocs\ZendLibrary\Zend\View\Helper\Partial.php --> ftp.sbrafh.org.br /public_html/ZendLibrary/Zend/View/Helper Partial.php
2011.12.31 15:13 B F:\xampp\htdocs\ZendLibrary\Zend\View\Helper\PartialLoop.php --> ftp.sbrafh.org.br /public_html/ZendLibrary/Zend/View/Helper PartialLoop.php
2011.12.31 15:13 B F:\xampp\htdocs\ZendLibrary\Zend\View\Helper\Placeholder.php --> ftp.sbrafh.org.br /public_html/ZendLibrary/Zend/View/Helper Placeholder.php
2011.12.31 15:13 B F:\xampp\htdocs\ZendLibrary\Zend\View\Helper\RenderToPlaceholder.php --> ftp.sbrafh.org.br /public_html/ZendLibrary/Zend/View/Helper RenderToPlaceholder.php
2011.12.31 15:13 B F:\xampp\htdocs\ZendLibrary\Zend\View\Helper\ServerUrl.php --> ftp.sbrafh.org.br /public_html/ZendLibrary/Zend/View/Helper ServerUrl.php
2011.12.31 15:13 B F:\xampp\htdocs\ZendLibrary\Zend\View\Helper\TinySrc.php --> ftp.sbrafh.org.br /public_html/ZendLibrary/Zend/View/Helper TinySrc.php
2011.12.31 15:13 B F:\xampp\htdocs\ZendLibrary\Zend\View\Helper\Translate.php --> ftp.sbrafh.org.br /public_html/ZendLibrary/Zend/View/Helper Translate.php
2011.12.31 15:13 B F:\xampp\htdocs\ZendLibrary\Zend\View\Helper\Url.php --> ftp.sbrafh.org.br /public_html/ZendLibrary/Zend/View/Helper Url.php
2011.12.31 15:13 B F:\xampp\htdocs\ZendLibrary\Zend\View\Helper\UserAgent.php --> ftp.sbrafh.org.br /public_html/ZendLibrary/Zend/View/Helper UserAgent.php
2011.12.31 15:13 B F:\xampp\htdocs\ZendLibrary\Zend\View\Helper\WS_FTP.LOG --> ftp.sbrafh.org.br /public_html/ZendLibrary/Zend/View/Helper WS_FTP.LOG
2012.01.06 03:51 B F:\xampp\htdocs\ZendLibrary\Zend\View\Helper\Abstract.php --> ftp461.locaweb.com.br /ridgid/web/ZendLibrary/Zend/View/Helper Abstract.php
2012.01.06 03:51 B F:\xampp\htdocs\ZendLibrary\Zend\View\Helper\Action.php --> ftp461.locaweb.com.br /ridgid/web/ZendLibrary/Zend/View/Helper Action.php
2012.01.06 03:51 B F:\xampp\htdocs\ZendLibrary\Zend\View\Helper\BaseUrl.php --> ftp461.locaweb.com.br /ridgid/web/ZendLibrary/Zend/View/Helper BaseUrl.php
2012.01.06 03:51 B F:\xampp\htdocs\ZendLibrary\Zend\View\Helper\Currency.php --> ftp461.locaweb.com.br /ridgid/web/ZendLibrary/Zend/View/Helper Currency.php
2012.01.06 03:51 B F:\xampp\htdocs\ZendLibrary\Zend\View\Helper\Cycle.php --> ftp461.locaweb.com.br /ridgid/web/ZendLibrary/Zend/View/Helper Cycle.php
2012.01.06 03:51 B F:\xampp\htdocs\ZendLibrary\Zend\View\Helper\DeclareVars.php --> ftp461.locaweb.com.br /ridgid/web/ZendLibrary/Zend/View/Helper DeclareVars.php
2012.01.06 03:51 B F:\xampp\htdocs\ZendLibrary\Zend\View\Helper\Doctype.php --> ftp461.locaweb.com.br /ridgid/web/ZendLibrary/Zend/View/Helper Doctype.php
2012.01.06 03:51 B F:\xampp\htdocs\ZendLibrary\Zend\View\Helper\Fieldset.php --> ftp461.locaweb.com.br /ridgid/web/ZendLibrary/Zend/View/Helper Fieldset.php
2012.01.06 03:51 B F:\xampp\htdocs\ZendLibrary\Zend\View\Helper\Form.php --> ftp461.locaweb.com.br /ridgid/web/ZendLibrary/Zend/View/Helper Form.php
2012.01.06 03:51 B F:\xampp\htdocs\ZendLibrary\Zend\View\Helper\FormButton.php --> ftp461.locaweb.com.br /ridgid/web/ZendLibrary/Zend/View/Helper FormButton.php
2012.01.06 03:51 B F:\xampp\htdocs\ZendLibrary\Zend\View\Helper\FormCheckbox.php --> ftp461.locaweb.com.br /ridgid/web/ZendLibrary/Zend/View/Helper FormCheckbox.php
2012.01.06 03:51 B F:\xampp\htdocs\ZendLibrary\Zend\View\Helper\FormElement.php --> ftp461.locaweb.com.br /ridgid/web/ZendLibrary/Zend/View/Helper FormElement.php
2012.01.06 03:51 B F:\xampp\htdocs\ZendLibrary\Zend\View\Helper\FormErrors.php --> ftp461.locaweb.com.br /ridgid/web/ZendLibrary/Zend/View/Helper FormErrors.php
2012.01.06 03:51 B F:\xampp\htdocs\ZendLibrary\Zend\View\Helper\FormFile.php --> ftp461.locaweb.com.br /ridgid/web/ZendLibrary/Zend/View/Helper FormFile.php
2012.01.06 03:51 B F:\xampp\htdocs\ZendLibrary\Zend\View\Helper\FormHidden.php --> ftp461.locaweb.com.br /ridgid/web/ZendLibrary/Zend/View/Helper FormHidden.php
2012.01.06 03:51 B F:\xampp\htdocs\ZendLibrary\Zend\View\Helper\FormImage.php --> ftp461.locaweb.com.br /ridgid/web/ZendLibrary/Zend/View/Helper FormImage.php
2012.01.06 03:51 B F:\xampp\htdocs\ZendLibrary\Zend\View\Helper\FormLabel.php --> ftp461.locaweb.com.br /ridgid/web/ZendLibrary/Zend/View/Helper FormLabel.php
2012.01.06 03:51 B F:\xampp\htdocs\ZendLibrary\Zend\View\Helper\FormMultiCheckbox.php --> ftp461.locaweb.com.br /ridgid/web/ZendLibrary/Zend/View/Helper FormMultiCheckbox.php
2012.01.06 03:51 B F:\xampp\htdocs\ZendLibrary\Zend\View\Helper\FormNote.php --> ftp461.locaweb.com.br /ridgid/web/ZendLibrary/Zend/View/Helper FormNote.php
2012.01.06 03:51 B F:\xampp\htdocs\ZendLibrary\Zend\View\Helper\FormPassword.php --> ftp461.locaweb.com.br /ridgid/web/ZendLibrary/Zend/View/Helper FormPassword.php
2012.01.06 03:51 B F:\xampp\htdocs\ZendLibrary\Zend\View\Helper\FormRadio.php --> ftp461.locaweb.com.br /ridgid/web/ZendLibrary/Zend/View/Helper FormRadio.php
2012.01.06 03:51 B F:\xampp\htdocs\ZendLibrary\Zend\View\Helper\FormReset.php --> ftp461.locaweb.com.br /ridgid/web/ZendLibrary/Zend/View/Helper FormReset.php
2012.01.06 03:51 B F:\xampp\htdocs\ZendLibrary\Zend\View\Helper\FormSelect.php --> ftp461.locaweb.com.br /ridgid/web/ZendLibrary/Zend/View/Helper FormSelect.php
2012.01.06 03:51 B F:\xampp\htdocs\ZendLibrary\Zend\View\Helper\FormSubmit.php --> ftp461.locaweb.com.br /ridgid/web/ZendLibrary/Zend/View/Helper FormSubmit.php
2012.01.06 03:51 B F:\xampp\htdocs\ZendLibrary\Zend\View\Helper\FormText.php --> ftp461.locaweb.com.br /ridgid/web/ZendLibrary/Zend/View/Helper FormText.php
2012.01.06 03:51 B F:\xampp\htdocs\ZendLibrary\Zend\View\Helper\FormTextarea.php --> ftp461.locaweb.com.br /ridgid/web/ZendLibrary/Zend/View/Helper FormTextarea.php
2012.01.06 03:51 B F:\xampp\htdocs\ZendLibrary\Zend\View\Helper\Gravatar.php --> ftp461.locaweb.com.br /ridgid/web/ZendLibrary/Zend/View/Helper Gravatar.php
2012.01.06 03:51 B F:\xampp\htdocs\ZendLibrary\Zend\View\Helper\HeadLink.php --> ftp461.locaweb.com.br /ridgid/web/ZendLibrary/Zend/View/Helper HeadLink.php
2012.01.06 03:51 B F:\xampp\htdocs\ZendLibrary\Zend\View\Helper\HeadMeta.php --> ftp461.locaweb.com.br /ridgid/web/ZendLibrary/Zend/View/Helper HeadMeta.php
2012.01.06 03:51 B F:\xampp\htdocs\ZendLibrary\Zend\View\Helper\HeadScript.php --> ftp461.locaweb.com.br /ridgid/web/ZendLibrary/Zend/View/Helper HeadScript.php
2012.01.06 03:51 B F:\xampp\htdocs\ZendLibrary\Zend\View\Helper\HeadStyle.php --> ftp461.locaweb.com.br /ridgid/web/ZendLibrary/Zend/View/Helper HeadStyle.php
2012.01.06 03:51 B F:\xampp\htdocs\ZendLibrary\Zend\View\Helper\HeadTitle.php --> ftp461.locaweb.com.br /ridgid/web/ZendLibrary/Zend/View/Helper HeadTitle.php
2012.01.06 03:51 B F:\xampp\htdocs\ZendLibrary\Zend\View\Helper\HtmlElement.php --> ftp461.locaweb.com.br /ridgid/web/ZendLibrary/Zend/View/Helper HtmlElement.php
2012.01.06 03:51 B F:\xampp\htdocs\ZendLibrary\Zend\View\Helper\HtmlFlash.php --> ftp461.locaweb.com.br /ridgid/web/ZendLibrary/Zend/View/Helper HtmlFlash.php
2012.01.06 03:51 B F:\xampp\htdocs\ZendLibrary\Zend\View\Helper\HtmlList.php --> ftp461.locaweb.com.br /ridgid/web/ZendLibrary/Zend/View/Helper HtmlList.php
2012.01.06 03:51 B F:\xampp\htdocs\ZendLibrary\Zend\View\Helper\HtmlObject.php --> ftp461.locaweb.com.br /ridgid/web/ZendLibrary/Zend/View/Helper HtmlObject.php
2012.01.06 03:51 B F:\xampp\htdocs\ZendLibrary\Zend\View\Helper\HtmlPage.php --> ftp461.locaweb.com.br /ridgid/web/ZendLibrary/Zend/View/Helper HtmlPage.php
2012.01.06 03:51 B F:\xampp\htdocs\ZendLibrary\Zend\View\Helper\HtmlQuicktime.php --> ftp461.locaweb.com.br /ridgid/web/ZendLibrary/Zend/View/Helper HtmlQuicktime.php
2012.01.06 03:51 B F:\xampp\htdocs\ZendLibrary\Zend\View\Helper\InlineScript.php --> ftp461.locaweb.com.br /ridgid/web/ZendLibrary/Zend/View/Helper InlineScript.php
2012.01.06 03:51 B F:\xampp\htdocs\ZendLibrary\Zend\View\Helper\Interface.php --> ftp461.locaweb.com.br /ridgid/web/ZendLibrary/Zend/View/Helper Interface.php
2012.01.06 03:51 B F:\xampp\htdocs\ZendLibrary\Zend\View\Helper\Json.php --> ftp461.locaweb.com.br /ridgid/web/ZendLibrary/Zend/View/Helper Json.php
2012.01.06 03:51 B F:\xampp\htdocs\ZendLibrary\Zend\View\Helper\Layout.php --> ftp461.locaweb.com.br /ridgid/web/ZendLibrary/Zend/View/Helper Layout.php
2012.01.06 03:51 B F:\xampp\htdocs\ZendLibrary\Zend\View\Helper\Navigation.php --> ftp461.locaweb.com.br /ridgid/web/ZendLibrary/Zend/View/Helper Navigation.php
2012.01.06 03:51 B F:\xampp\htdocs\ZendLibrary\Zend\View\Helper\PaginationControl.php --> ftp461.locaweb.com.br /ridgid/web/ZendLibrary/Zend/View/Helper PaginationControl.php
2012.01.06 03:51 B F:\xampp\htdocs\ZendLibrary\Zend\View\Helper\Partial.php --> ftp461.locaweb.com.br /ridgid/web/ZendLibrary/Zend/View/Helper Partial.php
2012.01.06 03:51 B F:\xampp\htdocs\ZendLibrary\Zend\View\Helper\PartialLoop.php --> ftp461.locaweb.com.br /ridgid/web/ZendLibrary/Zend/View/Helper PartialLoop.php
2012.01.06 03:51 B F:\xampp\htdocs\ZendLibrary\Zend\View\Helper\Placeholder.php --> ftp461.locaweb.com.br /ridgid/web/ZendLibrary/Zend/View/Helper Placeholder.php
2012.01.06 03:51 B F:\xampp\htdocs\ZendLibrary\Zend\View\Helper\RenderToPlaceholder.php --> ftp461.locaweb.com.br /ridgid/web/ZendLibrary/Zend/View/Helper RenderToPlaceholder.php
2012.01.06 03:51 B F:\xampp\htdocs\ZendLibrary\Zend\View\Helper\ServerUrl.php --> ftp461.locaweb.com.br /ridgid/web/ZendLibrary/Zend/View/Helper ServerUrl.php
2012.01.06 03:51 B F:\xampp\htdocs\ZendLibrary\Zend\View\Helper\TinySrc.php --> ftp461.locaweb.com.br /ridgid/web/ZendLibrary/Zend/View/Helper TinySrc.php
2012.01.06 03:51 B F:\xampp\htdocs\ZendLibrary\Zend\View\Helper\Translate.php --> ftp461.locaweb.com.br /ridgid/web/ZendLibrary/Zend/View/Helper Translate.php
2012.01.06 03:51 B F:\xampp\htdocs\ZendLibrary\Zend\View\Helper\Url.php --> ftp461.locaweb.com.br /ridgid/web/ZendLibrary/Zend/View/Helper Url.php
2012.01.06 03:51 B F:\xampp\htdocs\ZendLibrary\Zend\View\Helper\UserAgent.php --> ftp461.locaweb.com.br /ridgid/web/ZendLibrary/Zend/View/Helper UserAgent.php
2012.01.06 03:51 B F:\xampp\htdocs\ZendLibrary\Zend\View\Helper\WS_FTP.LOG --> ftp461.locaweb.com.br /ridgid/web/ZendLibrary/Zend/View/Helper WS_FTP.LOG
2012.01.24 19:20 B F:\xampp\htdocs\ZendLibrary\Zend\View\Helper\Abstract.php --> graficamarmar.com.br /htdocs/ZendLibrary/Zend/View/Helper Abstract.php
2012.01.24 19:20 B F:\xampp\htdocs\ZendLibrary\Zend\View\Helper\Action.php --> graficamarmar.com.br /htdocs/ZendLibrary/Zend/View/Helper Action.php
2012.01.24 19:20 B F:\xampp\htdocs\ZendLibrary\Zend\View\Helper\BaseUrl.php --> graficamarmar.com.br /htdocs/ZendLibrary/Zend/View/Helper BaseUrl.php
2012.01.24 19:20 B F:\xampp\htdocs\ZendLibrary\Zend\View\Helper\Currency.php --> graficamarmar.com.br /htdocs/ZendLibrary/Zend/View/Helper Currency.php
2012.01.24 19:20 B F:\xampp\htdocs\ZendLibrary\Zend\View\Helper\Cycle.php --> graficamarmar.com.br /htdocs/ZendLibrary/Zend/View/Helper Cycle.php
2012.01.24 19:20 B F:\xampp\htdocs\ZendLibrary\Zend\View\Helper\DeclareVars.php --> graficamarmar.com.br /htdocs/ZendLibrary/Zend/View/Helper DeclareVars.php
2012.01.24 19:20 B F:\xampp\htdocs\ZendLibrary\Zend\View\Helper\Doctype.php --> graficamarmar.com.br /htdocs/ZendLibrary/Zend/View/Helper Doctype.php
2012.01.24 19:20 B F:\xampp\htdocs\ZendLibrary\Zend\View\Helper\Fieldset.php --> graficamarmar.com.br /htdocs/ZendLibrary/Zend/View/Helper Fieldset.php
2012.01.24 19:20 B F:\xampp\htdocs\ZendLibrary\Zend\View\Helper\Form.php --> graficamarmar.com.br /htdocs/ZendLibrary/Zend/View/Helper Form.php
2012.01.24 19:20 B F:\xampp\htdocs\ZendLibrary\Zend\View\Helper\FormButton.php --> graficamarmar.com.br /htdocs/ZendLibrary/Zend/View/Helper FormButton.php
2012.01.24 19:20 B F:\xampp\htdocs\ZendLibrary\Zend\View\Helper\FormCheckbox.php --> graficamarmar.com.br /htdocs/ZendLibrary/Zend/View/Helper FormCheckbox.php
2012.01.24 19:20 B F:\xampp\htdocs\ZendLibrary\Zend\View\Helper\FormElement.php --> graficamarmar.com.br /htdocs/ZendLibrary/Zend/View/Helper FormElement.php
2012.01.24 19:20 B F:\xampp\htdocs\ZendLibrary\Zend\View\Helper\FormErrors.php --> graficamarmar.com.br /htdocs/ZendLibrary/Zend/View/Helper FormErrors.php
2012.01.24 19:20 B F:\xampp\htdocs\ZendLibrary\Zend\View\Helper\FormFile.php --> graficamarmar.com.br /htdocs/ZendLibrary/Zend/View/Helper FormFile.php
2012.01.24 19:20 B F:\xampp\htdocs\ZendLibrary\Zend\View\Helper\FormHidden.php --> graficamarmar.com.br /htdocs/ZendLibrary/Zend/View/Helper FormHidden.php
2012.01.24 19:20 B F:\xampp\htdocs\ZendLibrary\Zend\View\Helper\FormImage.php --> graficamarmar.com.br /htdocs/ZendLibrary/Zend/View/Helper FormImage.php
2012.01.24 19:20 B F:\xampp\htdocs\ZendLibrary\Zend\View\Helper\FormLabel.php --> graficamarmar.com.br /htdocs/ZendLibrary/Zend/View/Helper FormLabel.php
2012.01.24 19:20 B F:\xampp\htdocs\ZendLibrary\Zend\View\Helper\FormMultiCheckbox.php --> graficamarmar.com.br /htdocs/ZendLibrary/Zend/View/Helper FormMultiCheckbox.php
2012.01.24 19:20 B F:\xampp\htdocs\ZendLibrary\Zend\View\Helper\FormNote.php --> graficamarmar.com.br /htdocs/ZendLibrary/Zend/View/Helper FormNote.php
2012.01.24 19:20 B F:\xampp\htdocs\ZendLibrary\Zend\View\Helper\FormPassword.php --> graficamarmar.com.br /htdocs/ZendLibrary/Zend/View/Helper FormPassword.php
2012.01.24 19:20 B F:\xampp\htdocs\ZendLibrary\Zend\View\Helper\FormRadio.php --> graficamarmar.com.br /htdocs/ZendLibrary/Zend/View/Helper FormRadio.php
2012.01.24 19:20 B F:\xampp\htdocs\ZendLibrary\Zend\View\Helper\FormReset.php --> graficamarmar.com.br /htdocs/ZendLibrary/Zend/View/Helper FormReset.php
2012.01.24 19:20 B F:\xampp\htdocs\ZendLibrary\Zend\View\Helper\FormSelect.php --> graficamarmar.com.br /htdocs/ZendLibrary/Zend/View/Helper FormSelect.php
2012.01.24 19:20 B F:\xampp\htdocs\ZendLibrary\Zend\View\Helper\FormSubmit.php --> graficamarmar.com.br /htdocs/ZendLibrary/Zend/View/Helper FormSubmit.php
2012.01.24 19:20 B F:\xampp\htdocs\ZendLibrary\Zend\View\Helper\FormText.php --> graficamarmar.com.br /htdocs/ZendLibrary/Zend/View/Helper FormText.php
2012.01.24 19:20 B F:\xampp\htdocs\ZendLibrary\Zend\View\Helper\FormTextarea.php --> graficamarmar.com.br /htdocs/ZendLibrary/Zend/View/Helper FormTextarea.php
2012.01.24 19:20 B F:\xampp\htdocs\ZendLibrary\Zend\View\Helper\Gravatar.php --> graficamarmar.com.br /htdocs/ZendLibrary/Zend/View/Helper Gravatar.php
2012.01.24 19:20 B F:\xampp\htdocs\ZendLibrary\Zend\View\Helper\HeadLink.php --> graficamarmar.com.br /htdocs/ZendLibrary/Zend/View/Helper HeadLink.php
2012.01.24 19:20 B F:\xampp\htdocs\ZendLibrary\Zend\View\Helper\HeadMeta.php --> graficamarmar.com.br /htdocs/ZendLibrary/Zend/View/Helper HeadMeta.php
2012.01.24 19:20 B F:\xampp\htdocs\ZendLibrary\Zend\View\Helper\HeadScript.php --> graficamarmar.com.br /htdocs/ZendLibrary/Zend/View/Helper HeadScript.php
2012.01.24 19:20 B F:\xampp\htdocs\ZendLibrary\Zend\View\Helper\HeadStyle.php --> graficamarmar.com.br /htdocs/ZendLibrary/Zend/View/Helper HeadStyle.php
2012.01.24 19:20 B F:\xampp\htdocs\ZendLibrary\Zend\View\Helper\HeadTitle.php --> graficamarmar.com.br /htdocs/ZendLibrary/Zend/View/Helper HeadTitle.php
2012.01.24 19:20 B F:\xampp\htdocs\ZendLibrary\Zend\View\Helper\HtmlElement.php --> graficamarmar.com.br /htdocs/ZendLibrary/Zend/View/Helper HtmlElement.php
2012.01.24 19:20 B F:\xampp\htdocs\ZendLibrary\Zend\View\Helper\HtmlFlash.php --> graficamarmar.com.br /htdocs/ZendLibrary/Zend/View/Helper HtmlFlash.php
2012.01.24 19:20 B F:\xampp\htdocs\ZendLibrary\Zend\View\Helper\HtmlList.php --> graficamarmar.com.br /htdocs/ZendLibrary/Zend/View/Helper HtmlList.php
2012.01.24 19:20 B F:\xampp\htdocs\ZendLibrary\Zend\View\Helper\HtmlObject.php --> graficamarmar.com.br /htdocs/ZendLibrary/Zend/View/Helper HtmlObject.php
2012.01.24 19:20 B F:\xampp\htdocs\ZendLibrary\Zend\View\Helper\HtmlPage.php --> graficamarmar.com.br /htdocs/ZendLibrary/Zend/View/Helper HtmlPage.php
2012.01.24 19:20 B F:\xampp\htdocs\ZendLibrary\Zend\View\Helper\HtmlQuicktime.php --> graficamarmar.com.br /htdocs/ZendLibrary/Zend/View/Helper HtmlQuicktime.php
2012.01.24 19:20 B F:\xampp\htdocs\ZendLibrary\Zend\View\Helper\InlineScript.php --> graficamarmar.com.br /htdocs/ZendLibrary/Zend/View/Helper InlineScript.php
2012.01.24 19:20 B F:\xampp\htdocs\ZendLibrary\Zend\View\Helper\Interface.php --> graficamarmar.com.br /htdocs/ZendLibrary/Zend/View/Helper Interface.php
2012.01.24 19:20 B F:\xampp\htdocs\ZendLibrary\Zend\View\Helper\Json.php --> graficamarmar.com.br /htdocs/ZendLibrary/Zend/View/Helper Json.php
2012.01.24 19:20 B F:\xampp\htdocs\ZendLibrary\Zend\View\Helper\Layout.php --> graficamarmar.com.br /htdocs/ZendLibrary/Zend/View/Helper Layout.php
2012.01.24 19:20 B F:\xampp\htdocs\ZendLibrary\Zend\View\Helper\Navigation.php --> graficamarmar.com.br /htdocs/ZendLibrary/Zend/View/Helper Navigation.php
2012.01.24 19:20 B F:\xampp\htdocs\ZendLibrary\Zend\View\Helper\PaginationControl.php --> graficamarmar.com.br /htdocs/ZendLibrary/Zend/View/Helper PaginationControl.php
2012.01.24 19:20 B F:\xampp\htdocs\ZendLibrary\Zend\View\Helper\Partial.php --> graficamarmar.com.br /htdocs/ZendLibrary/Zend/View/Helper Partial.php
2012.01.24 19:20 B F:\xampp\htdocs\ZendLibrary\Zend\View\Helper\PartialLoop.php --> graficamarmar.com.br /htdocs/ZendLibrary/Zend/View/Helper PartialLoop.php
2012.01.24 19:20 B F:\xampp\htdocs\ZendLibrary\Zend\View\Helper\Placeholder.php --> graficamarmar.com.br /htdocs/ZendLibrary/Zend/View/Helper Placeholder.php
2012.01.24 19:20 B F:\xampp\htdocs\ZendLibrary\Zend\View\Helper\RenderToPlaceholder.php --> graficamarmar.com.br /htdocs/ZendLibrary/Zend/View/Helper RenderToPlaceholder.php
2012.01.24 19:20 B F:\xampp\htdocs\ZendLibrary\Zend\View\Helper\ServerUrl.php --> graficamarmar.com.br /htdocs/ZendLibrary/Zend/View/Helper ServerUrl.php
2012.01.24 19:20 B F:\xampp\htdocs\ZendLibrary\Zend\View\Helper\TinySrc.php --> graficamarmar.com.br /htdocs/ZendLibrary/Zend/View/Helper TinySrc.php
2012.01.24 19:20 B F:\xampp\htdocs\ZendLibrary\Zend\View\Helper\Translate.php --> graficamarmar.com.br /htdocs/ZendLibrary/Zend/View/Helper Translate.php
2012.01.24 19:20 B F:\xampp\htdocs\ZendLibrary\Zend\View\Helper\Url.php --> graficamarmar.com.br /htdocs/ZendLibrary/Zend/View/Helper Url.php
2012.01.24 19:20 B F:\xampp\htdocs\ZendLibrary\Zend\View\Helper\UserAgent.php --> graficamarmar.com.br /htdocs/ZendLibrary/Zend/View/Helper UserAgent.php
2012.01.24 19:20 B F:\xampp\htdocs\ZendLibrary\Zend\View\Helper\WS_FTP.LOG --> graficamarmar.com.br /htdocs/ZendLibrary/Zend/View/Helper WS_FTP.LOG
2012.02.08 17:29 B F:\xampp\htdocs\ZendLibrary\Zend\View\Helper\Abstract.php --> graficamarmar.hospedagemdesites.ws /public_html/ZendLibrary/Zend/View/Helper Abstract.php
2012.02.08 17:29 B F:\xampp\htdocs\ZendLibrary\Zend\View\Helper\Action.php --> graficamarmar.hospedagemdesites.ws /public_html/ZendLibrary/Zend/View/Helper Action.php
2012.02.08 17:29 B F:\xampp\htdocs\ZendLibrary\Zend\View\Helper\BaseUrl.php --> graficamarmar.hospedagemdesites.ws /public_html/ZendLibrary/Zend/View/Helper BaseUrl.php
2012.02.08 17:29 B F:\xampp\htdocs\ZendLibrary\Zend\View\Helper\Currency.php --> graficamarmar.hospedagemdesites.ws /public_html/ZendLibrary/Zend/View/Helper Currency.php
2012.02.08 17:29 B F:\xampp\htdocs\ZendLibrary\Zend\View\Helper\Cycle.php --> graficamarmar.hospedagemdesites.ws /public_html/ZendLibrary/Zend/View/Helper Cycle.php
2012.02.08 17:29 B F:\xampp\htdocs\ZendLibrary\Zend\View\Helper\DeclareVars.php --> graficamarmar.hospedagemdesites.ws /public_html/ZendLibrary/Zend/View/Helper DeclareVars.php
2012.02.08 17:29 B F:\xampp\htdocs\ZendLibrary\Zend\View\Helper\Doctype.php --> graficamarmar.hospedagemdesites.ws /public_html/ZendLibrary/Zend/View/Helper Doctype.php
2012.02.08 17:29 B F:\xampp\htdocs\ZendLibrary\Zend\View\Helper\Fieldset.php --> graficamarmar.hospedagemdesites.ws /public_html/ZendLibrary/Zend/View/Helper Fieldset.php
2012.02.08 17:29 B F:\xampp\htdocs\ZendLibrary\Zend\View\Helper\Form.php --> graficamarmar.hospedagemdesites.ws /public_html/ZendLibrary/Zend/View/Helper Form.php
2012.02.08 17:29 B F:\xampp\htdocs\ZendLibrary\Zend\View\Helper\FormButton.php --> graficamarmar.hospedagemdesites.ws /public_html/ZendLibrary/Zend/View/Helper FormButton.php
2012.02.08 17:29 B F:\xampp\htdocs\ZendLibrary\Zend\View\Helper\FormCheckbox.php --> graficamarmar.hospedagemdesites.ws /public_html/ZendLibrary/Zend/View/Helper FormCheckbox.php
2012.02.08 17:29 B F:\xampp\htdocs\ZendLibrary\Zend\View\Helper\FormElement.php --> graficamarmar.hospedagemdesites.ws /public_html/ZendLibrary/Zend/View/Helper FormElement.php
2012.02.08 17:29 B F:\xampp\htdocs\ZendLibrary\Zend\View\Helper\FormErrors.php --> graficamarmar.hospedagemdesites.ws /public_html/ZendLibrary/Zend/View/Helper FormErrors.php
2012.02.08 17:29 B F:\xampp\htdocs\ZendLibrary\Zend\View\Helper\FormFile.php --> graficamarmar.hospedagemdesites.ws /public_html/ZendLibrary/Zend/View/Helper FormFile.php
2012.02.08 17:29 B F:\xampp\htdocs\ZendLibrary\Zend\View\Helper\FormHidden.php --> graficamarmar.hospedagemdesites.ws /public_html/ZendLibrary/Zend/View/Helper FormHidden.php
2012.02.08 17:29 B F:\xampp\htdocs\ZendLibrary\Zend\View\Helper\FormImage.php --> graficamarmar.hospedagemdesites.ws /public_html/ZendLibrary/Zend/View/Helper FormImage.php
2012.02.08 17:29 B F:\xampp\htdocs\ZendLibrary\Zend\View\Helper\FormLabel.php --> graficamarmar.hospedagemdesites.ws /public_html/ZendLibrary/Zend/View/Helper FormLabel.php
2012.02.08 17:29 B F:\xampp\htdocs\ZendLibrary\Zend\View\Helper\FormMultiCheckbox.php --> graficamarmar.hospedagemdesites.ws /public_html/ZendLibrary/Zend/View/Helper FormMultiCheckbox.php
2012.02.08 17:29 B F:\xampp\htdocs\ZendLibrary\Zend\View\Helper\FormNote.php --> graficamarmar.hospedagemdesites.ws /public_html/ZendLibrary/Zend/View/Helper FormNote.php
2012.02.08 17:29 B F:\xampp\htdocs\ZendLibrary\Zend\View\Helper\FormPassword.php --> graficamarmar.hospedagemdesites.ws /public_html/ZendLibrary/Zend/View/Helper FormPassword.php
2012.02.08 17:29 B F:\xampp\htdocs\ZendLibrary\Zend\View\Helper\FormRadio.php --> graficamarmar.hospedagemdesites.ws /public_html/ZendLibrary/Zend/View/Helper FormRadio.php
2012.02.08 17:29 B F:\xampp\htdocs\ZendLibrary\Zend\View\Helper\FormReset.php --> graficamarmar.hospedagemdesites.ws /public_html/ZendLibrary/Zend/View/Helper FormReset.php
2012.02.08 17:29 B F:\xampp\htdocs\ZendLibrary\Zend\View\Helper\FormSelect.php --> graficamarmar.hospedagemdesites.ws /public_html/ZendLibrary/Zend/View/Helper FormSelect.php
2012.02.08 17:29 B F:\xampp\htdocs\ZendLibrary\Zend\View\Helper\FormSubmit.php --> graficamarmar.hospedagemdesites.ws /public_html/ZendLibrary/Zend/View/Helper FormSubmit.php
2012.02.08 17:29 B F:\xampp\htdocs\ZendLibrary\Zend\View\Helper\FormText.php --> graficamarmar.hospedagemdesites.ws /public_html/ZendLibrary/Zend/View/Helper FormText.php
2012.02.08 17:29 B F:\xampp\htdocs\ZendLibrary\Zend\View\Helper\FormTextarea.php --> graficamarmar.hospedagemdesites.ws /public_html/ZendLibrary/Zend/View/Helper FormTextarea.php
2012.02.08 17:29 B F:\xampp\htdocs\ZendLibrary\Zend\View\Helper\Gravatar.php --> graficamarmar.hospedagemdesites.ws /public_html/ZendLibrary/Zend/View/Helper Gravatar.php
2012.02.08 17:29 B F:\xampp\htdocs\ZendLibrary\Zend\View\Helper\HeadLink.php --> graficamarmar.hospedagemdesites.ws /public_html/ZendLibrary/Zend/View/Helper HeadLink.php
2012.02.08 17:29 B F:\xampp\htdocs\ZendLibrary\Zend\View\Helper\HeadMeta.php --> graficamarmar.hospedagemdesites.ws /public_html/ZendLibrary/Zend/View/Helper HeadMeta.php
2012.02.08 17:29 B F:\xampp\htdocs\ZendLibrary\Zend\View\Helper\HeadScript.php --> graficamarmar.hospedagemdesites.ws /public_html/ZendLibrary/Zend/View/Helper HeadScript.php
2012.02.08 17:29 B F:\xampp\htdocs\ZendLibrary\Zend\View\Helper\HeadStyle.php --> graficamarmar.hospedagemdesites.ws /public_html/ZendLibrary/Zend/View/Helper HeadStyle.php
2012.02.08 17:29 B F:\xampp\htdocs\ZendLibrary\Zend\View\Helper\HeadTitle.php --> graficamarmar.hospedagemdesites.ws /public_html/ZendLibrary/Zend/View/Helper HeadTitle.php
2012.02.08 17:29 B F:\xampp\htdocs\ZendLibrary\Zend\View\Helper\HtmlElement.php --> graficamarmar.hospedagemdesites.ws /public_html/ZendLibrary/Zend/View/Helper HtmlElement.php
2012.02.08 17:29 B F:\xampp\htdocs\ZendLibrary\Zend\View\Helper\HtmlFlash.php --> graficamarmar.hospedagemdesites.ws /public_html/ZendLibrary/Zend/View/Helper HtmlFlash.php
2012.02.08 17:29 B F:\xampp\htdocs\ZendLibrary\Zend\View\Helper\HtmlList.php --> graficamarmar.hospedagemdesites.ws /public_html/ZendLibrary/Zend/View/Helper HtmlList.php
2012.02.08 17:29 B F:\xampp\htdocs\ZendLibrary\Zend\View\Helper\HtmlObject.php --> graficamarmar.hospedagemdesites.ws /public_html/ZendLibrary/Zend/View/Helper HtmlObject.php
2012.02.08 17:29 B F:\xampp\htdocs\ZendLibrary\Zend\View\Helper\HtmlPage.php --> graficamarmar.hospedagemdesites.ws /public_html/ZendLibrary/Zend/View/Helper HtmlPage.php
2012.02.08 17:29 B F:\xampp\htdocs\ZendLibrary\Zend\View\Helper\HtmlQuicktime.php --> graficamarmar.hospedagemdesites.ws /public_html/ZendLibrary/Zend/View/Helper HtmlQuicktime.php
2012.02.08 17:29 B F:\xampp\htdocs\ZendLibrary\Zend\View\Helper\InlineScript.php --> graficamarmar.hospedagemdesites.ws /public_html/ZendLibrary/Zend/View/Helper InlineScript.php
2012.02.08 17:29 B F:\xampp\htdocs\ZendLibrary\Zend\View\Helper\Interface.php --> graficamarmar.hospedagemdesites.ws /public_html/ZendLibrary/Zend/View/Helper Interface.php
2012.02.08 17:29 B F:\xampp\htdocs\ZendLibrary\Zend\View\Helper\Json.php --> graficamarmar.hospedagemdesites.ws /public_html/ZendLibrary/Zend/View/Helper Json.php
2012.02.08 17:29 B F:\xampp\htdocs\ZendLibrary\Zend\View\Helper\Layout.php --> graficamarmar.hospedagemdesites.ws /public_html/ZendLibrary/Zend/View/Helper Layout.php
2012.02.08 17:29 B F:\xampp\htdocs\ZendLibrary\Zend\View\Helper\Navigation.php --> graficamarmar.hospedagemdesites.ws /public_html/ZendLibrary/Zend/View/Helper Navigation.php
2012.02.08 17:29 B F:\xampp\htdocs\ZendLibrary\Zend\View\Helper\PaginationControl.php --> graficamarmar.hospedagemdesites.ws /public_html/ZendLibrary/Zend/View/Helper PaginationControl.php
2012.02.08 17:29 B F:\xampp\htdocs\ZendLibrary\Zend\View\Helper\Partial.php --> graficamarmar.hospedagemdesites.ws /public_html/ZendLibrary/Zend/View/Helper Partial.php
2012.02.08 17:29 B F:\xampp\htdocs\ZendLibrary\Zend\View\Helper\PartialLoop.php --> graficamarmar.hospedagemdesites.ws /public_html/ZendLibrary/Zend/View/Helper PartialLoop.php
2012.02.08 17:29 B F:\xampp\htdocs\ZendLibrary\Zend\View\Helper\Placeholder.php --> graficamarmar.hospedagemdesites.ws /public_html/ZendLibrary/Zend/View/Helper Placeholder.php
2012.02.08 17:29 B F:\xampp\htdocs\ZendLibrary\Zend\View\Helper\RenderToPlaceholder.php --> graficamarmar.hospedagemdesites.ws /public_html/ZendLibrary/Zend/View/Helper RenderToPlaceholder.php
2012.02.08 17:29 B F:\xampp\htdocs\ZendLibrary\Zend\View\Helper\ServerUrl.php --> graficamarmar.hospedagemdesites.ws /public_html/ZendLibrary/Zend/View/Helper ServerUrl.php
2012.02.08 17:29 B F:\xampp\htdocs\ZendLibrary\Zend\View\Helper\TinySrc.php --> graficamarmar.hospedagemdesites.ws /public_html/ZendLibrary/Zend/View/Helper TinySrc.php
2012.02.08 17:29 B F:\xampp\htdocs\ZendLibrary\Zend\View\Helper\Translate.php --> graficamarmar.hospedagemdesites.ws /public_html/ZendLibrary/Zend/View/Helper Translate.php
2012.02.08 17:29 B F:\xampp\htdocs\ZendLibrary\Zend\View\Helper\Url.php --> graficamarmar.hospedagemdesites.ws /public_html/ZendLibrary/Zend/View/Helper Url.php
2012.02.08 17:29 B F:\xampp\htdocs\ZendLibrary\Zend\View\Helper\UserAgent.php --> graficamarmar.hospedagemdesites.ws /public_html/ZendLibrary/Zend/View/Helper UserAgent.php
2012.02.08 17:29 B F:\xampp\htdocs\ZendLibrary\Zend\View\Helper\WS_FTP.LOG --> graficamarmar.hospedagemdesites.ws /public_html/ZendLibrary/Zend/View/Helper WS_FTP.LOG
2012.10.29 15:07 B F:\xampp\htdocs\ZendLibrary\Zend\View\Helper\Abstract.php --> 186.202.153.85 /public_html/ZendLibrary/Zend/View/Helper Abstract.php
2012.10.29 15:07 B F:\xampp\htdocs\ZendLibrary\Zend\View\Helper\Action.php --> 186.202.153.85 /public_html/ZendLibrary/Zend/View/Helper Action.php
2012.10.29 15:07 B F:\xampp\htdocs\ZendLibrary\Zend\View\Helper\BaseUrl.php --> 186.202.153.85 /public_html/ZendLibrary/Zend/View/Helper BaseUrl.php
2012.10.29 15:07 B F:\xampp\htdocs\ZendLibrary\Zend\View\Helper\Currency.php --> 186.202.153.85 /public_html/ZendLibrary/Zend/View/Helper Currency.php
2012.10.29 15:07 B F:\xampp\htdocs\ZendLibrary\Zend\View\Helper\Cycle.php --> 186.202.153.85 /public_html/ZendLibrary/Zend/View/Helper Cycle.php
2012.10.29 15:07 B F:\xampp\htdocs\ZendLibrary\Zend\View\Helper\DeclareVars.php --> 186.202.153.85 /public_html/ZendLibrary/Zend/View/Helper DeclareVars.php
2012.10.29 15:07 B F:\xampp\htdocs\ZendLibrary\Zend\View\Helper\Doctype.php --> 186.202.153.85 /public_html/ZendLibrary/Zend/View/Helper Doctype.php
2012.10.29 15:07 B F:\xampp\htdocs\ZendLibrary\Zend\View\Helper\Fieldset.php --> 186.202.153.85 /public_html/ZendLibrary/Zend/View/Helper Fieldset.php
2012.10.29 15:07 B F:\xampp\htdocs\ZendLibrary\Zend\View\Helper\Form.php --> 186.202.153.85 /public_html/ZendLibrary/Zend/View/Helper Form.php
2012.10.29 15:07 B F:\xampp\htdocs\ZendLibrary\Zend\View\Helper\FormButton.php --> 186.202.153.85 /public_html/ZendLibrary/Zend/View/Helper FormButton.php
2012.10.29 15:07 B F:\xampp\htdocs\ZendLibrary\Zend\View\Helper\FormCheckbox.php --> 186.202.153.85 /public_html/ZendLibrary/Zend/View/Helper FormCheckbox.php
2012.10.29 15:07 B F:\xampp\htdocs\ZendLibrary\Zend\View\Helper\FormElement.php --> 186.202.153.85 /public_html/ZendLibrary/Zend/View/Helper FormElement.php
2012.10.29 15:07 B F:\xampp\htdocs\ZendLibrary\Zend\View\Helper\FormErrors.php --> 186.202.153.85 /public_html/ZendLibrary/Zend/View/Helper FormErrors.php
2012.10.29 15:07 B F:\xampp\htdocs\ZendLibrary\Zend\View\Helper\FormFile.php --> 186.202.153.85 /public_html/ZendLibrary/Zend/View/Helper FormFile.php
2012.10.29 15:07 B F:\xampp\htdocs\ZendLibrary\Zend\View\Helper\FormHidden.php --> 186.202.153.85 /public_html/ZendLibrary/Zend/View/Helper FormHidden.php
2012.10.29 15:07 B F:\xampp\htdocs\ZendLibrary\Zend\View\Helper\FormImage.php --> 186.202.153.85 /public_html/ZendLibrary/Zend/View/Helper FormImage.php
2012.10.29 15:07 B F:\xampp\htdocs\ZendLibrary\Zend\View\Helper\FormLabel.php --> 186.202.153.85 /public_html/ZendLibrary/Zend/View/Helper FormLabel.php
2012.10.29 15:07 B F:\xampp\htdocs\ZendLibrary\Zend\View\Helper\FormMultiCheckbox.php --> 186.202.153.85 /public_html/ZendLibrary/Zend/View/Helper FormMultiCheckbox.php
2012.10.29 15:07 B F:\xampp\htdocs\ZendLibrary\Zend\View\Helper\FormNote.php --> 186.202.153.85 /public_html/ZendLibrary/Zend/View/Helper FormNote.php
2012.10.29 15:07 B F:\xampp\htdocs\ZendLibrary\Zend\View\Helper\FormPassword.php --> 186.202.153.85 /public_html/ZendLibrary/Zend/View/Helper FormPassword.php
2012.10.29 15:07 B F:\xampp\htdocs\ZendLibrary\Zend\View\Helper\FormRadio.php --> 186.202.153.85 /public_html/ZendLibrary/Zend/View/Helper FormRadio.php
2012.10.29 15:07 B F:\xampp\htdocs\ZendLibrary\Zend\View\Helper\FormReset.php --> 186.202.153.85 /public_html/ZendLibrary/Zend/View/Helper FormReset.php
2012.10.29 15:07 B F:\xampp\htdocs\ZendLibrary\Zend\View\Helper\FormSelect.php --> 186.202.153.85 /public_html/ZendLibrary/Zend/View/Helper FormSelect.php
2012.10.29 15:07 B F:\xampp\htdocs\ZendLibrary\Zend\View\Helper\FormSubmit.php --> 186.202.153.85 /public_html/ZendLibrary/Zend/View/Helper FormSubmit.php
2012.10.29 15:07 B F:\xampp\htdocs\ZendLibrary\Zend\View\Helper\FormText.php --> 186.202.153.85 /public_html/ZendLibrary/Zend/View/Helper FormText.php
2012.10.29 15:07 B F:\xampp\htdocs\ZendLibrary\Zend\View\Helper\FormTextarea.php --> 186.202.153.85 /public_html/ZendLibrary/Zend/View/Helper FormTextarea.php
2012.10.29 15:07 B F:\xampp\htdocs\ZendLibrary\Zend\View\Helper\Gravatar.php --> 186.202.153.85 /public_html/ZendLibrary/Zend/View/Helper Gravatar.php
2012.10.29 15:07 B F:\xampp\htdocs\ZendLibrary\Zend\View\Helper\HeadLink.php --> 186.202.153.85 /public_html/ZendLibrary/Zend/View/Helper HeadLink.php
2012.10.29 15:08 B F:\xampp\htdocs\ZendLibrary\Zend\View\Helper\HeadMeta.php --> 186.202.153.85 /public_html/ZendLibrary/Zend/View/Helper HeadMeta.php
2012.10.29 15:08 B F:\xampp\htdocs\ZendLibrary\Zend\View\Helper\HeadScript.php --> 186.202.153.85 /public_html/ZendLibrary/Zend/View/Helper HeadScript.php
2012.10.29 15:08 B F:\xampp\htdocs\ZendLibrary\Zend\View\Helper\HeadStyle.php --> 186.202.153.85 /public_html/ZendLibrary/Zend/View/Helper HeadStyle.php
2012.10.29 15:08 B F:\xampp\htdocs\ZendLibrary\Zend\View\Helper\HeadTitle.php --> 186.202.153.85 /public_html/ZendLibrary/Zend/View/Helper HeadTitle.php
2012.10.29 15:08 B F:\xampp\htdocs\ZendLibrary\Zend\View\Helper\HtmlElement.php --> 186.202.153.85 /public_html/ZendLibrary/Zend/View/Helper HtmlElement.php
2012.10.29 15:08 B F:\xampp\htdocs\ZendLibrary\Zend\View\Helper\HtmlFlash.php --> 186.202.153.85 /public_html/ZendLibrary/Zend/View/Helper HtmlFlash.php
2012.10.29 15:08 B F:\xampp\htdocs\ZendLibrary\Zend\View\Helper\HtmlList.php --> 186.202.153.85 /public_html/ZendLibrary/Zend/View/Helper HtmlList.php
2012.10.29 15:08 B F:\xampp\htdocs\ZendLibrary\Zend\View\Helper\HtmlObject.php --> 186.202.153.85 /public_html/ZendLibrary/Zend/View/Helper HtmlObject.php
2012.10.29 15:08 B F:\xampp\htdocs\ZendLibrary\Zend\View\Helper\HtmlPage.php --> 186.202.153.85 /public_html/ZendLibrary/Zend/View/Helper HtmlPage.php
2012.10.29 15:08 B F:\xampp\htdocs\ZendLibrary\Zend\View\Helper\HtmlQuicktime.php --> 186.202.153.85 /public_html/ZendLibrary/Zend/View/Helper HtmlQuicktime.php
2012.10.29 15:08 B F:\xampp\htdocs\ZendLibrary\Zend\View\Helper\InlineScript.php --> 186.202.153.85 /public_html/ZendLibrary/Zend/View/Helper InlineScript.php
2012.10.29 15:08 B F:\xampp\htdocs\ZendLibrary\Zend\View\Helper\Interface.php --> 186.202.153.85 /public_html/ZendLibrary/Zend/View/Helper Interface.php
2012.10.29 15:08 B F:\xampp\htdocs\ZendLibrary\Zend\View\Helper\Json.php --> 186.202.153.85 /public_html/ZendLibrary/Zend/View/Helper Json.php
2012.10.29 15:08 B F:\xampp\htdocs\ZendLibrary\Zend\View\Helper\Layout.php --> 186.202.153.85 /public_html/ZendLibrary/Zend/View/Helper Layout.php
2012.10.29 15:08 B F:\xampp\htdocs\ZendLibrary\Zend\View\Helper\Navigation.php --> 186.202.153.85 /public_html/ZendLibrary/Zend/View/Helper Navigation.php
2012.10.29 15:08 B F:\xampp\htdocs\ZendLibrary\Zend\View\Helper\PaginationControl.php --> 186.202.153.85 /public_html/ZendLibrary/Zend/View/Helper PaginationControl.php
2012.10.29 15:08 B F:\xampp\htdocs\ZendLibrary\Zend\View\Helper\Partial.php --> 186.202.153.85 /public_html/ZendLibrary/Zend/View/Helper Partial.php
2012.10.29 15:08 B F:\xampp\htdocs\ZendLibrary\Zend\View\Helper\PartialLoop.php --> 186.202.153.85 /public_html/ZendLibrary/Zend/View/Helper PartialLoop.php
2012.10.29 15:08 B F:\xampp\htdocs\ZendLibrary\Zend\View\Helper\Placeholder.php --> 186.202.153.85 /public_html/ZendLibrary/Zend/View/Helper Placeholder.php
2012.10.29 15:08 B F:\xampp\htdocs\ZendLibrary\Zend\View\Helper\RenderToPlaceholder.php --> 186.202.153.85 /public_html/ZendLibrary/Zend/View/Helper RenderToPlaceholder.php
2012.10.29 15:08 B F:\xampp\htdocs\ZendLibrary\Zend\View\Helper\ServerUrl.php --> 186.202.153.85 /public_html/ZendLibrary/Zend/View/Helper ServerUrl.php
2012.10.29 15:08 B F:\xampp\htdocs\ZendLibrary\Zend\View\Helper\TinySrc.php --> 186.202.153.85 /public_html/ZendLibrary/Zend/View/Helper TinySrc.php
2012.10.29 15:08 B F:\xampp\htdocs\ZendLibrary\Zend\View\Helper\Translate.php --> 186.202.153.85 /public_html/ZendLibrary/Zend/View/Helper Translate.php
2012.10.29 15:08 B F:\xampp\htdocs\ZendLibrary\Zend\View\Helper\Url.php --> 186.202.153.85 /public_html/ZendLibrary/Zend/View/Helper Url.php
2012.10.29 15:08 B F:\xampp\htdocs\ZendLibrary\Zend\View\Helper\UserAgent.php --> 186.202.153.85 /public_html/ZendLibrary/Zend/View/Helper UserAgent.php
2012.10.29 15:08 B F:\xampp\htdocs\ZendLibrary\Zend\View\Helper\WS_FTP.LOG --> 186.202.153.85 /public_html/ZendLibrary/Zend/View/Helper WS_FTP.LOG
