2012.09.19 01:04 B F:\xampp\htdocs\html2pdf\html2pdf\_tcpdf_5.0.002\fonts\utils\enc\cp1250.map --> ftp.sbrafh.org.br /public_html/html2pdf/html2pdf/_tcpdf_5.0.002/fonts/utils/enc cp1250.map
2012.09.19 01:04 B F:\xampp\htdocs\html2pdf\html2pdf\_tcpdf_5.0.002\fonts\utils\enc\cp1251.map --> ftp.sbrafh.org.br /public_html/html2pdf/html2pdf/_tcpdf_5.0.002/fonts/utils/enc cp1251.map
2012.09.19 01:04 B F:\xampp\htdocs\html2pdf\html2pdf\_tcpdf_5.0.002\fonts\utils\enc\cp1252.map --> ftp.sbrafh.org.br /public_html/html2pdf/html2pdf/_tcpdf_5.0.002/fonts/utils/enc cp1252.map
2012.09.19 01:04 B F:\xampp\htdocs\html2pdf\html2pdf\_tcpdf_5.0.002\fonts\utils\enc\cp1253.map --> ftp.sbrafh.org.br /public_html/html2pdf/html2pdf/_tcpdf_5.0.002/fonts/utils/enc cp1253.map
2012.09.19 01:04 B F:\xampp\htdocs\html2pdf\html2pdf\_tcpdf_5.0.002\fonts\utils\enc\cp1254.map --> ftp.sbrafh.org.br /public_html/html2pdf/html2pdf/_tcpdf_5.0.002/fonts/utils/enc cp1254.map
2012.09.19 01:04 B F:\xampp\htdocs\html2pdf\html2pdf\_tcpdf_5.0.002\fonts\utils\enc\cp1255.map --> ftp.sbrafh.org.br /public_html/html2pdf/html2pdf/_tcpdf_5.0.002/fonts/utils/enc cp1255.map
2012.09.19 01:04 B F:\xampp\htdocs\html2pdf\html2pdf\_tcpdf_5.0.002\fonts\utils\enc\cp1257.map --> ftp.sbrafh.org.br /public_html/html2pdf/html2pdf/_tcpdf_5.0.002/fonts/utils/enc cp1257.map
2012.09.19 01:04 B F:\xampp\htdocs\html2pdf\html2pdf\_tcpdf_5.0.002\fonts\utils\enc\cp1258.map --> ftp.sbrafh.org.br /public_html/html2pdf/html2pdf/_tcpdf_5.0.002/fonts/utils/enc cp1258.map
2012.09.19 01:04 B F:\xampp\htdocs\html2pdf\html2pdf\_tcpdf_5.0.002\fonts\utils\enc\cp874.map --> ftp.sbrafh.org.br /public_html/html2pdf/html2pdf/_tcpdf_5.0.002/fonts/utils/enc cp874.map
2012.09.19 01:04 B F:\xampp\htdocs\html2pdf\html2pdf\_tcpdf_5.0.002\fonts\utils\enc\iso-8859-1.map --> ftp.sbrafh.org.br /public_html/html2pdf/html2pdf/_tcpdf_5.0.002/fonts/utils/enc iso-8859-1.map
2012.09.19 01:04 B F:\xampp\htdocs\html2pdf\html2pdf\_tcpdf_5.0.002\fonts\utils\enc\iso-8859-11.map --> ftp.sbrafh.org.br /public_html/html2pdf/html2pdf/_tcpdf_5.0.002/fonts/utils/enc iso-8859-11.map
2012.09.19 01:04 B F:\xampp\htdocs\html2pdf\html2pdf\_tcpdf_5.0.002\fonts\utils\enc\iso-8859-15.map --> ftp.sbrafh.org.br /public_html/html2pdf/html2pdf/_tcpdf_5.0.002/fonts/utils/enc iso-8859-15.map
2012.09.19 01:04 B F:\xampp\htdocs\html2pdf\html2pdf\_tcpdf_5.0.002\fonts\utils\enc\iso-8859-16.map --> ftp.sbrafh.org.br /public_html/html2pdf/html2pdf/_tcpdf_5.0.002/fonts/utils/enc iso-8859-16.map
2012.09.19 01:04 B F:\xampp\htdocs\html2pdf\html2pdf\_tcpdf_5.0.002\fonts\utils\enc\iso-8859-2.map --> ftp.sbrafh.org.br /public_html/html2pdf/html2pdf/_tcpdf_5.0.002/fonts/utils/enc iso-8859-2.map
2012.09.19 01:04 B F:\xampp\htdocs\html2pdf\html2pdf\_tcpdf_5.0.002\fonts\utils\enc\iso-8859-4.map --> ftp.sbrafh.org.br /public_html/html2pdf/html2pdf/_tcpdf_5.0.002/fonts/utils/enc iso-8859-4.map
2012.09.19 01:04 B F:\xampp\htdocs\html2pdf\html2pdf\_tcpdf_5.0.002\fonts\utils\enc\iso-8859-5.map --> ftp.sbrafh.org.br /public_html/html2pdf/html2pdf/_tcpdf_5.0.002/fonts/utils/enc iso-8859-5.map
2012.09.19 01:04 B F:\xampp\htdocs\html2pdf\html2pdf\_tcpdf_5.0.002\fonts\utils\enc\iso-8859-7.map --> ftp.sbrafh.org.br /public_html/html2pdf/html2pdf/_tcpdf_5.0.002/fonts/utils/enc iso-8859-7.map
2012.09.19 01:04 B F:\xampp\htdocs\html2pdf\html2pdf\_tcpdf_5.0.002\fonts\utils\enc\iso-8859-9.map --> ftp.sbrafh.org.br /public_html/html2pdf/html2pdf/_tcpdf_5.0.002/fonts/utils/enc iso-8859-9.map
2012.09.19 01:04 B F:\xampp\htdocs\html2pdf\html2pdf\_tcpdf_5.0.002\fonts\utils\enc\koi8-r.map --> ftp.sbrafh.org.br /public_html/html2pdf/html2pdf/_tcpdf_5.0.002/fonts/utils/enc koi8-r.map
2012.09.19 01:04 B F:\xampp\htdocs\html2pdf\html2pdf\_tcpdf_5.0.002\fonts\utils\enc\koi8-u.map --> ftp.sbrafh.org.br /public_html/html2pdf/html2pdf/_tcpdf_5.0.002/fonts/utils/enc koi8-u.map
2012.09.19 14:37 B F:\xampp\htdocs\html2pdf\html2pdf\_tcpdf_5.0.002\fonts\utils\enc\cp1250.map --> ftp.sbrafh.org.br /public_html/site/application/classes/html2fpdf/_tcpdf_5.0.002/fonts/utils/enc cp1250.map
2012.09.19 14:37 B F:\xampp\htdocs\html2pdf\html2pdf\_tcpdf_5.0.002\fonts\utils\enc\cp1251.map --> ftp.sbrafh.org.br /public_html/site/application/classes/html2fpdf/_tcpdf_5.0.002/fonts/utils/enc cp1251.map
2012.09.19 14:37 B F:\xampp\htdocs\html2pdf\html2pdf\_tcpdf_5.0.002\fonts\utils\enc\cp1252.map --> ftp.sbrafh.org.br /public_html/site/application/classes/html2fpdf/_tcpdf_5.0.002/fonts/utils/enc cp1252.map
2012.09.19 14:37 B F:\xampp\htdocs\html2pdf\html2pdf\_tcpdf_5.0.002\fonts\utils\enc\cp1253.map --> ftp.sbrafh.org.br /public_html/site/application/classes/html2fpdf/_tcpdf_5.0.002/fonts/utils/enc cp1253.map
2012.09.19 14:37 B F:\xampp\htdocs\html2pdf\html2pdf\_tcpdf_5.0.002\fonts\utils\enc\cp1254.map --> ftp.sbrafh.org.br /public_html/site/application/classes/html2fpdf/_tcpdf_5.0.002/fonts/utils/enc cp1254.map
2012.09.19 14:37 B F:\xampp\htdocs\html2pdf\html2pdf\_tcpdf_5.0.002\fonts\utils\enc\cp1255.map --> ftp.sbrafh.org.br /public_html/site/application/classes/html2fpdf/_tcpdf_5.0.002/fonts/utils/enc cp1255.map
2012.09.19 14:37 B F:\xampp\htdocs\html2pdf\html2pdf\_tcpdf_5.0.002\fonts\utils\enc\cp1257.map --> ftp.sbrafh.org.br /public_html/site/application/classes/html2fpdf/_tcpdf_5.0.002/fonts/utils/enc cp1257.map
2012.09.19 14:37 B F:\xampp\htdocs\html2pdf\html2pdf\_tcpdf_5.0.002\fonts\utils\enc\cp1258.map --> ftp.sbrafh.org.br /public_html/site/application/classes/html2fpdf/_tcpdf_5.0.002/fonts/utils/enc cp1258.map
2012.09.19 14:37 B F:\xampp\htdocs\html2pdf\html2pdf\_tcpdf_5.0.002\fonts\utils\enc\cp874.map --> ftp.sbrafh.org.br /public_html/site/application/classes/html2fpdf/_tcpdf_5.0.002/fonts/utils/enc cp874.map
2012.09.19 14:37 B F:\xampp\htdocs\html2pdf\html2pdf\_tcpdf_5.0.002\fonts\utils\enc\iso-8859-1.map --> ftp.sbrafh.org.br /public_html/site/application/classes/html2fpdf/_tcpdf_5.0.002/fonts/utils/enc iso-8859-1.map
2012.09.19 14:37 B F:\xampp\htdocs\html2pdf\html2pdf\_tcpdf_5.0.002\fonts\utils\enc\iso-8859-11.map --> ftp.sbrafh.org.br /public_html/site/application/classes/html2fpdf/_tcpdf_5.0.002/fonts/utils/enc iso-8859-11.map
2012.09.19 14:37 B F:\xampp\htdocs\html2pdf\html2pdf\_tcpdf_5.0.002\fonts\utils\enc\iso-8859-15.map --> ftp.sbrafh.org.br /public_html/site/application/classes/html2fpdf/_tcpdf_5.0.002/fonts/utils/enc iso-8859-15.map
2012.09.19 14:37 B F:\xampp\htdocs\html2pdf\html2pdf\_tcpdf_5.0.002\fonts\utils\enc\iso-8859-16.map --> ftp.sbrafh.org.br /public_html/site/application/classes/html2fpdf/_tcpdf_5.0.002/fonts/utils/enc iso-8859-16.map
2012.09.19 14:37 B F:\xampp\htdocs\html2pdf\html2pdf\_tcpdf_5.0.002\fonts\utils\enc\iso-8859-2.map --> ftp.sbrafh.org.br /public_html/site/application/classes/html2fpdf/_tcpdf_5.0.002/fonts/utils/enc iso-8859-2.map
2012.09.19 14:37 B F:\xampp\htdocs\html2pdf\html2pdf\_tcpdf_5.0.002\fonts\utils\enc\iso-8859-4.map --> ftp.sbrafh.org.br /public_html/site/application/classes/html2fpdf/_tcpdf_5.0.002/fonts/utils/enc iso-8859-4.map
2012.09.19 14:37 B F:\xampp\htdocs\html2pdf\html2pdf\_tcpdf_5.0.002\fonts\utils\enc\iso-8859-5.map --> ftp.sbrafh.org.br /public_html/site/application/classes/html2fpdf/_tcpdf_5.0.002/fonts/utils/enc iso-8859-5.map
2012.09.19 14:37 B F:\xampp\htdocs\html2pdf\html2pdf\_tcpdf_5.0.002\fonts\utils\enc\iso-8859-7.map --> ftp.sbrafh.org.br /public_html/site/application/classes/html2fpdf/_tcpdf_5.0.002/fonts/utils/enc iso-8859-7.map
2012.09.19 14:37 B F:\xampp\htdocs\html2pdf\html2pdf\_tcpdf_5.0.002\fonts\utils\enc\iso-8859-9.map --> ftp.sbrafh.org.br /public_html/site/application/classes/html2fpdf/_tcpdf_5.0.002/fonts/utils/enc iso-8859-9.map
2012.09.19 14:37 B F:\xampp\htdocs\html2pdf\html2pdf\_tcpdf_5.0.002\fonts\utils\enc\koi8-r.map --> ftp.sbrafh.org.br /public_html/site/application/classes/html2fpdf/_tcpdf_5.0.002/fonts/utils/enc koi8-r.map
2012.09.19 14:37 B F:\xampp\htdocs\html2pdf\html2pdf\_tcpdf_5.0.002\fonts\utils\enc\koi8-u.map --> ftp.sbrafh.org.br /public_html/site/application/classes/html2fpdf/_tcpdf_5.0.002/fonts/utils/enc koi8-u.map
2012.09.19 14:37 B F:\xampp\htdocs\html2pdf\html2pdf\_tcpdf_5.0.002\fonts\utils\enc\WS_FTP.LOG --> ftp.sbrafh.org.br /public_html/site/application/classes/html2fpdf/_tcpdf_5.0.002/fonts/utils/enc WS_FTP.LOG
2012.11.23 12:05 B F:\xampp\htdocs\sbrafh\html2pdf\html2pdf\_tcpdf_5.0.002\fonts\utils\enc\cp1250.map --> ftp.jairodepaula.com.br /jairodepaula/web/html2pdf/html2pdf/_tcpdf_5.0.002/fonts/utils/enc cp1250.map
2012.11.23 12:05 B F:\xampp\htdocs\sbrafh\html2pdf\html2pdf\_tcpdf_5.0.002\fonts\utils\enc\cp1251.map --> ftp.jairodepaula.com.br /jairodepaula/web/html2pdf/html2pdf/_tcpdf_5.0.002/fonts/utils/enc cp1251.map
2012.11.23 12:05 B F:\xampp\htdocs\sbrafh\html2pdf\html2pdf\_tcpdf_5.0.002\fonts\utils\enc\cp1252.map --> ftp.jairodepaula.com.br /jairodepaula/web/html2pdf/html2pdf/_tcpdf_5.0.002/fonts/utils/enc cp1252.map
2012.11.23 12:05 B F:\xampp\htdocs\sbrafh\html2pdf\html2pdf\_tcpdf_5.0.002\fonts\utils\enc\cp1253.map --> ftp.jairodepaula.com.br /jairodepaula/web/html2pdf/html2pdf/_tcpdf_5.0.002/fonts/utils/enc cp1253.map
2012.11.23 12:05 B F:\xampp\htdocs\sbrafh\html2pdf\html2pdf\_tcpdf_5.0.002\fonts\utils\enc\cp1254.map --> ftp.jairodepaula.com.br /jairodepaula/web/html2pdf/html2pdf/_tcpdf_5.0.002/fonts/utils/enc cp1254.map
2012.11.23 12:05 B F:\xampp\htdocs\sbrafh\html2pdf\html2pdf\_tcpdf_5.0.002\fonts\utils\enc\cp1255.map --> ftp.jairodepaula.com.br /jairodepaula/web/html2pdf/html2pdf/_tcpdf_5.0.002/fonts/utils/enc cp1255.map
2012.11.23 12:05 B F:\xampp\htdocs\sbrafh\html2pdf\html2pdf\_tcpdf_5.0.002\fonts\utils\enc\cp1257.map --> ftp.jairodepaula.com.br /jairodepaula/web/html2pdf/html2pdf/_tcpdf_5.0.002/fonts/utils/enc cp1257.map
2012.11.23 12:05 B F:\xampp\htdocs\sbrafh\html2pdf\html2pdf\_tcpdf_5.0.002\fonts\utils\enc\cp1258.map --> ftp.jairodepaula.com.br /jairodepaula/web/html2pdf/html2pdf/_tcpdf_5.0.002/fonts/utils/enc cp1258.map
2012.11.23 12:05 B F:\xampp\htdocs\sbrafh\html2pdf\html2pdf\_tcpdf_5.0.002\fonts\utils\enc\cp874.map --> ftp.jairodepaula.com.br /jairodepaula/web/html2pdf/html2pdf/_tcpdf_5.0.002/fonts/utils/enc cp874.map
2012.11.23 12:05 B F:\xampp\htdocs\sbrafh\html2pdf\html2pdf\_tcpdf_5.0.002\fonts\utils\enc\iso-8859-1.map --> ftp.jairodepaula.com.br /jairodepaula/web/html2pdf/html2pdf/_tcpdf_5.0.002/fonts/utils/enc iso-8859-1.map
2012.11.23 12:05 B F:\xampp\htdocs\sbrafh\html2pdf\html2pdf\_tcpdf_5.0.002\fonts\utils\enc\iso-8859-11.map --> ftp.jairodepaula.com.br /jairodepaula/web/html2pdf/html2pdf/_tcpdf_5.0.002/fonts/utils/enc iso-8859-11.map
2012.11.23 12:05 B F:\xampp\htdocs\sbrafh\html2pdf\html2pdf\_tcpdf_5.0.002\fonts\utils\enc\iso-8859-15.map --> ftp.jairodepaula.com.br /jairodepaula/web/html2pdf/html2pdf/_tcpdf_5.0.002/fonts/utils/enc iso-8859-15.map
2012.11.23 12:05 B F:\xampp\htdocs\sbrafh\html2pdf\html2pdf\_tcpdf_5.0.002\fonts\utils\enc\iso-8859-16.map --> ftp.jairodepaula.com.br /jairodepaula/web/html2pdf/html2pdf/_tcpdf_5.0.002/fonts/utils/enc iso-8859-16.map
2012.11.23 12:05 B F:\xampp\htdocs\sbrafh\html2pdf\html2pdf\_tcpdf_5.0.002\fonts\utils\enc\iso-8859-2.map --> ftp.jairodepaula.com.br /jairodepaula/web/html2pdf/html2pdf/_tcpdf_5.0.002/fonts/utils/enc iso-8859-2.map
2012.11.23 12:05 B F:\xampp\htdocs\sbrafh\html2pdf\html2pdf\_tcpdf_5.0.002\fonts\utils\enc\iso-8859-4.map --> ftp.jairodepaula.com.br /jairodepaula/web/html2pdf/html2pdf/_tcpdf_5.0.002/fonts/utils/enc iso-8859-4.map
2012.11.23 12:05 B F:\xampp\htdocs\sbrafh\html2pdf\html2pdf\_tcpdf_5.0.002\fonts\utils\enc\iso-8859-5.map --> ftp.jairodepaula.com.br /jairodepaula/web/html2pdf/html2pdf/_tcpdf_5.0.002/fonts/utils/enc iso-8859-5.map
2012.11.23 12:05 B F:\xampp\htdocs\sbrafh\html2pdf\html2pdf\_tcpdf_5.0.002\fonts\utils\enc\iso-8859-7.map --> ftp.jairodepaula.com.br /jairodepaula/web/html2pdf/html2pdf/_tcpdf_5.0.002/fonts/utils/enc iso-8859-7.map
2012.11.23 12:05 B F:\xampp\htdocs\sbrafh\html2pdf\html2pdf\_tcpdf_5.0.002\fonts\utils\enc\iso-8859-9.map --> ftp.jairodepaula.com.br /jairodepaula/web/html2pdf/html2pdf/_tcpdf_5.0.002/fonts/utils/enc iso-8859-9.map
2012.11.23 12:05 B F:\xampp\htdocs\sbrafh\html2pdf\html2pdf\_tcpdf_5.0.002\fonts\utils\enc\koi8-r.map --> ftp.jairodepaula.com.br /jairodepaula/web/html2pdf/html2pdf/_tcpdf_5.0.002/fonts/utils/enc koi8-r.map
2012.11.23 12:05 B F:\xampp\htdocs\sbrafh\html2pdf\html2pdf\_tcpdf_5.0.002\fonts\utils\enc\koi8-u.map --> ftp.jairodepaula.com.br /jairodepaula/web/html2pdf/html2pdf/_tcpdf_5.0.002/fonts/utils/enc koi8-u.map
2012.11.23 12:05 B F:\xampp\htdocs\sbrafh\html2pdf\html2pdf\_tcpdf_5.0.002\fonts\utils\enc\WS_FTP.LOG --> ftp.jairodepaula.com.br /jairodepaula/web/html2pdf/html2pdf/_tcpdf_5.0.002/fonts/utils/enc WS_FTP.LOG
