2011.06.20 18:58 B F:\xampp\htdocs\zf-tutorial\library\Zend\XmlRpc\Server\Cache.php --> ftp.portalridgid.com.br /public_html/zf-tutorial/library/Zend/XmlRpc/Server Cache.php
2011.06.20 18:58 B F:\xampp\htdocs\zf-tutorial\library\Zend\XmlRpc\Server\Exception.php --> ftp.portalridgid.com.br /public_html/zf-tutorial/library/Zend/XmlRpc/Server Exception.php
2011.06.20 18:58 B F:\xampp\htdocs\zf-tutorial\library\Zend\XmlRpc\Server\Fault.php --> ftp.portalridgid.com.br /public_html/zf-tutorial/library/Zend/XmlRpc/Server Fault.php
2011.06.20 18:58 B F:\xampp\htdocs\zf-tutorial\library\Zend\XmlRpc\Server\System.php --> ftp.portalridgid.com.br /public_html/zf-tutorial/library/Zend/XmlRpc/Server System.php
2011.06.30 03:07 B F:\xampp\htdocs\zendLibrary\Zend\XmlRpc\Server\WS_FTP.LOG --> ftp.sbrafh.org.br /sbrafh/Web/zendLibrary/Zend/XmlRpc/Server WS_FTP.LOG
2011.06.30 03:07 B F:\xampp\htdocs\zendLibrary\Zend\XmlRpc\Server\System.php --> ftp.sbrafh.org.br /sbrafh/Web/zendLibrary/Zend/XmlRpc/Server System.php
2011.06.30 03:07 B F:\xampp\htdocs\zendLibrary\Zend\XmlRpc\Server\Fault.php --> ftp.sbrafh.org.br /sbrafh/Web/zendLibrary/Zend/XmlRpc/Server Fault.php
2011.06.30 03:07 B F:\xampp\htdocs\zendLibrary\Zend\XmlRpc\Server\Exception.php --> ftp.sbrafh.org.br /sbrafh/Web/zendLibrary/Zend/XmlRpc/Server Exception.php
2011.06.30 03:07 B F:\xampp\htdocs\zendLibrary\Zend\XmlRpc\Server\Cache.php --> ftp.sbrafh.org.br /sbrafh/Web/zendLibrary/Zend/XmlRpc/Server Cache.php
2011.07.09 00:26 B F:\xampp\htdocs\zendLibrary\Zend\XmlRpc\Server\Cache.php --> ftp.radiofone.com.br /public_html/radiofone/zendLibrary/Zend/XmlRpc/Server Cache.php
2011.07.09 00:26 B F:\xampp\htdocs\zendLibrary\Zend\XmlRpc\Server\Exception.php --> ftp.radiofone.com.br /public_html/radiofone/zendLibrary/Zend/XmlRpc/Server Exception.php
2011.07.09 00:26 B F:\xampp\htdocs\zendLibrary\Zend\XmlRpc\Server\Fault.php --> ftp.radiofone.com.br /public_html/radiofone/zendLibrary/Zend/XmlRpc/Server Fault.php
2011.07.09 00:26 B F:\xampp\htdocs\zendLibrary\Zend\XmlRpc\Server\System.php --> ftp.radiofone.com.br /public_html/radiofone/zendLibrary/Zend/XmlRpc/Server System.php
2011.07.09 00:26 B F:\xampp\htdocs\zendLibrary\Zend\XmlRpc\Server\WS_FTP.LOG --> ftp.radiofone.com.br /public_html/radiofone/zendLibrary/Zend/XmlRpc/Server WS_FTP.LOG
2011.07.26 23:15 B F:\xampp\htdocs\zendLibrary\Zend\XmlRpc\Server\Cache.php --> ftp.sobrafo.org.br /public_html/zendLibrary/Zend/XmlRpc/Server Cache.php
2011.07.26 23:15 B F:\xampp\htdocs\zendLibrary\Zend\XmlRpc\Server\Exception.php --> ftp.sobrafo.org.br /public_html/zendLibrary/Zend/XmlRpc/Server Exception.php
2011.07.26 23:15 B F:\xampp\htdocs\zendLibrary\Zend\XmlRpc\Server\Fault.php --> ftp.sobrafo.org.br /public_html/zendLibrary/Zend/XmlRpc/Server Fault.php
2011.07.26 23:15 B F:\xampp\htdocs\zendLibrary\Zend\XmlRpc\Server\System.php --> ftp.sobrafo.org.br /public_html/zendLibrary/Zend/XmlRpc/Server System.php
2011.07.26 23:15 B F:\xampp\htdocs\zendLibrary\Zend\XmlRpc\Server\WS_FTP.LOG --> ftp.sobrafo.org.br /public_html/zendLibrary/Zend/XmlRpc/Server WS_FTP.LOG
2011.08.09 18:18 B F:\xampp\htdocs\ZendLibrary\Zend\XmlRpc\Server\Cache.php --> ftp.amfar.com.br /public_html/ZendLibrary/Zend/XmlRpc/Server Cache.php
2011.08.09 18:18 B F:\xampp\htdocs\ZendLibrary\Zend\XmlRpc\Server\Exception.php --> ftp.amfar.com.br /public_html/ZendLibrary/Zend/XmlRpc/Server Exception.php
2011.08.09 18:18 B F:\xampp\htdocs\ZendLibrary\Zend\XmlRpc\Server\Fault.php --> ftp.amfar.com.br /public_html/ZendLibrary/Zend/XmlRpc/Server Fault.php
2011.08.09 18:18 B F:\xampp\htdocs\ZendLibrary\Zend\XmlRpc\Server\System.php --> ftp.amfar.com.br /public_html/ZendLibrary/Zend/XmlRpc/Server System.php
