2011.06.20 18:38 B F:\xampp\htdocs\zf-tutorial\library\Zend\Gdata\Health\ProfileEntry.php --> ftp.portalridgid.com.br /public_html/zf-tutorial/library/Zend/Gdata/Health ProfileEntry.php
2011.06.20 18:38 B F:\xampp\htdocs\zf-tutorial\library\Zend\Gdata\Health\ProfileFeed.php --> ftp.portalridgid.com.br /public_html/zf-tutorial/library/Zend/Gdata/Health ProfileFeed.php
2011.06.20 18:38 B F:\xampp\htdocs\zf-tutorial\library\Zend\Gdata\Health\ProfileListEntry.php --> ftp.portalridgid.com.br /public_html/zf-tutorial/library/Zend/Gdata/Health ProfileListEntry.php
2011.06.20 18:38 B F:\xampp\htdocs\zf-tutorial\library\Zend\Gdata\Health\ProfileListFeed.php --> ftp.portalridgid.com.br /public_html/zf-tutorial/library/Zend/Gdata/Health ProfileListFeed.php
2011.06.20 18:38 B F:\xampp\htdocs\zf-tutorial\library\Zend\Gdata\Health\Query.php --> ftp.portalridgid.com.br /public_html/zf-tutorial/library/Zend/Gdata/Health Query.php
2011.06.30 03:34 B F:\xampp\htdocs\zendLibrary\Zend\Gdata\Health\WS_FTP.LOG --> ftp.sbrafh.org.br /sbrafh/Web/zendLibrary/Zend/Gdata/Health WS_FTP.LOG
2011.06.30 03:34 B F:\xampp\htdocs\zendLibrary\Zend\Gdata\Health\Query.php --> ftp.sbrafh.org.br /sbrafh/Web/zendLibrary/Zend/Gdata/Health Query.php
2011.06.30 03:34 B F:\xampp\htdocs\zendLibrary\Zend\Gdata\Health\ProfileListFeed.php --> ftp.sbrafh.org.br /sbrafh/Web/zendLibrary/Zend/Gdata/Health ProfileListFeed.php
2011.06.30 03:34 B F:\xampp\htdocs\zendLibrary\Zend\Gdata\Health\ProfileListEntry.php --> ftp.sbrafh.org.br /sbrafh/Web/zendLibrary/Zend/Gdata/Health ProfileListEntry.php
2011.06.30 03:34 B F:\xampp\htdocs\zendLibrary\Zend\Gdata\Health\ProfileFeed.php --> ftp.sbrafh.org.br /sbrafh/Web/zendLibrary/Zend/Gdata/Health ProfileFeed.php
2011.06.30 03:34 B F:\xampp\htdocs\zendLibrary\Zend\Gdata\Health\ProfileEntry.php --> ftp.sbrafh.org.br /sbrafh/Web/zendLibrary/Zend/Gdata/Health ProfileEntry.php
2011.07.08 23:51 B F:\xampp\htdocs\zendLibrary\Zend\Gdata\Health\ProfileEntry.php --> ftp.radiofone.com.br /public_html/radiofone/zendLibrary/Zend/Gdata/Health ProfileEntry.php
2011.07.08 23:51 B F:\xampp\htdocs\zendLibrary\Zend\Gdata\Health\ProfileFeed.php --> ftp.radiofone.com.br /public_html/radiofone/zendLibrary/Zend/Gdata/Health ProfileFeed.php
2011.07.08 23:51 B F:\xampp\htdocs\zendLibrary\Zend\Gdata\Health\ProfileListEntry.php --> ftp.radiofone.com.br /public_html/radiofone/zendLibrary/Zend/Gdata/Health ProfileListEntry.php
2011.07.08 23:51 B F:\xampp\htdocs\zendLibrary\Zend\Gdata\Health\ProfileListFeed.php --> ftp.radiofone.com.br /public_html/radiofone/zendLibrary/Zend/Gdata/Health ProfileListFeed.php
2011.07.08 23:51 B F:\xampp\htdocs\zendLibrary\Zend\Gdata\Health\Query.php --> ftp.radiofone.com.br /public_html/radiofone/zendLibrary/Zend/Gdata/Health Query.php
2011.07.08 23:51 B F:\xampp\htdocs\zendLibrary\Zend\Gdata\Health\WS_FTP.LOG --> ftp.radiofone.com.br /public_html/radiofone/zendLibrary/Zend/Gdata/Health WS_FTP.LOG
2011.07.09 00:47 B F:\xampp\htdocs\zendLibrary\Zend\Gdata\Health\WS_FTP.LOG --> ftp.radiofone.com.br /public_html/radiofone/zendLibrary/Zend/Gdata/Health WS_FTP.LOG
2011.07.26 22:52 B F:\xampp\htdocs\zendLibrary\Zend\Gdata\Health\ProfileEntry.php --> ftp.sobrafo.org.br /public_html/zendLibrary/Zend/Gdata/Health ProfileEntry.php
2011.07.26 22:52 B F:\xampp\htdocs\zendLibrary\Zend\Gdata\Health\ProfileFeed.php --> ftp.sobrafo.org.br /public_html/zendLibrary/Zend/Gdata/Health ProfileFeed.php
2011.07.26 22:52 B F:\xampp\htdocs\zendLibrary\Zend\Gdata\Health\ProfileListEntry.php --> ftp.sobrafo.org.br /public_html/zendLibrary/Zend/Gdata/Health ProfileListEntry.php
2011.07.26 22:52 B F:\xampp\htdocs\zendLibrary\Zend\Gdata\Health\ProfileListFeed.php --> ftp.sobrafo.org.br /public_html/zendLibrary/Zend/Gdata/Health ProfileListFeed.php
2011.07.26 22:52 B F:\xampp\htdocs\zendLibrary\Zend\Gdata\Health\Query.php --> ftp.sobrafo.org.br /public_html/zendLibrary/Zend/Gdata/Health Query.php
2011.07.26 22:52 B F:\xampp\htdocs\zendLibrary\Zend\Gdata\Health\WS_FTP.LOG --> ftp.sobrafo.org.br /public_html/zendLibrary/Zend/Gdata/Health WS_FTP.LOG
2011.08.09 17:02 B F:\xampp\htdocs\ZendLibrary\Zend\Gdata\Health\ProfileEntry.php --> ftp.amfar.com.br /public_html/ZendLibrary/Zend/Gdata/Health ProfileEntry.php
2011.08.09 17:02 B F:\xampp\htdocs\ZendLibrary\Zend\Gdata\Health\ProfileFeed.php --> ftp.amfar.com.br /public_html/ZendLibrary/Zend/Gdata/Health ProfileFeed.php
2011.08.09 17:02 B F:\xampp\htdocs\ZendLibrary\Zend\Gdata\Health\ProfileListEntry.php --> ftp.amfar.com.br /public_html/ZendLibrary/Zend/Gdata/Health ProfileListEntry.php
2011.08.09 17:02 B F:\xampp\htdocs\ZendLibrary\Zend\Gdata\Health\ProfileListFeed.php --> ftp.amfar.com.br /public_html/ZendLibrary/Zend/Gdata/Health ProfileListFeed.php
2011.08.09 17:02 B F:\xampp\htdocs\ZendLibrary\Zend\Gdata\Health\Query.php --> ftp.amfar.com.br /public_html/ZendLibrary/Zend/Gdata/Health Query.php
