2010.07.07 02:43 B X:\radiofone\admin\themes\basic\images\checked.png --> ftp.radiofone.com.br /public_html/radiofone/rfadm/themes/basic/images checked.png
2010.07.07 02:43 B X:\radiofone\admin\themes\basic\images\notconnected.gif --> ftp.radiofone.com.br /public_html/radiofone/rfadm/themes/basic/images notconnected.gif
2010.07.07 02:43 B X:\radiofone\admin\themes\basic\images\notconnected.psd --> ftp.radiofone.com.br /public_html/radiofone/rfadm/themes/basic/images notconnected.psd
2010.07.07 02:43 B X:\radiofone\admin\themes\basic\images\unchecked.png --> ftp.radiofone.com.br /public_html/radiofone/rfadm/themes/basic/images unchecked.png
2010.08.05 20:39 B X:\radiofone\rfadm\themes\basic\images\WS_FTP.LOG --> ftp.radiofone.com.br /public_html/radiofone/rfadm/themes/basic/images WS_FTP.LOG
2010.08.19 00:53 B X:\radiofone\rfadm\themes\basic\images\WS_FTP.LOG --> ftp.sbrafh.org.br /sbrafh/Web/novosite/themes/basic/images WS_FTP.LOG
2010.08.19 00:53 B X:\radiofone\rfadm\themes\basic\images\checked.png --> ftp.sbrafh.org.br /sbrafh/Web/novosite/themes/basic/images checked.png
2010.08.19 00:53 B X:\radiofone\rfadm\themes\basic\images\unchecked.png --> ftp.sbrafh.org.br /sbrafh/Web/novosite/themes/basic/images unchecked.png
2010.08.19 00:53 B X:\radiofone\rfadm\themes\basic\images\notconnected.psd --> ftp.sbrafh.org.br /sbrafh/Web/novosite/themes/basic/images notconnected.psd
2010.08.19 00:53 B X:\radiofone\rfadm\themes\basic\images\notconnected.gif --> ftp.sbrafh.org.br /sbrafh/Web/novosite/themes/basic/images notconnected.gif
2010.09.09 23:44 B Z:\radiofone\rfadm\themes\basic\images\WS_FTP.LOG --> ftp.radiofone.com.br /public_html/radiofone/rfadm/themes/basic/images WS_FTP.LOG
2011.01.25 01:17 B Z:\radiofone\rfadm\themes\basic\images\checked.png --> ftp.sobrafo.org.br /public_html/admin/themes/basic/images checked.png
2011.01.25 01:17 B Z:\radiofone\rfadm\themes\basic\images\notconnected.gif --> ftp.sobrafo.org.br /public_html/admin/themes/basic/images notconnected.gif
2011.01.25 01:17 B Z:\radiofone\rfadm\themes\basic\images\notconnected.psd --> ftp.sobrafo.org.br /public_html/admin/themes/basic/images notconnected.psd
2011.01.25 01:17 B Z:\radiofone\rfadm\themes\basic\images\unchecked.png --> ftp.sobrafo.org.br /public_html/admin/themes/basic/images unchecked.png
2011.02.01 03:56 B Z:\sobrafo\webadmin\themes\basic\images\WS_FTP.LOG <-- sobrafo /public_html/admin/themes/basic/images WS_FTP.LOG
2011.02.01 03:57 B Z:\sobrafo\webadmin\themes\basic\images\checked.png --> ftp.sobrafo.org.br /public_html/webadmin/themes/basic/images checked.png
2011.02.01 03:57 B Z:\sobrafo\webadmin\themes\basic\images\notconnected.gif --> ftp.sobrafo.org.br /public_html/webadmin/themes/basic/images notconnected.gif
2011.02.01 03:57 B Z:\sobrafo\webadmin\themes\basic\images\notconnected.psd --> ftp.sobrafo.org.br /public_html/webadmin/themes/basic/images notconnected.psd
2011.02.01 03:57 B Z:\sobrafo\webadmin\themes\basic\images\unchecked.png --> ftp.sobrafo.org.br /public_html/webadmin/themes/basic/images unchecked.png
2011.02.24 20:40 B E:\web\sobrafo\webadmin\themes\basic\images\WS_FTP.LOG <-- sobrafo /public_html/webadmin/themes/basic/images WS_FTP.LOG
2011.03.18 11:33 B E:\web\sobrafo\webadmin\themes\basic\images\WS_FTP.LOG --> ftp.sbrafh.org.br /sbrafh/Web/congresso/webadmin/themes/basic/images WS_FTP.LOG
2011.03.18 11:33 B E:\web\sobrafo\webadmin\themes\basic\images\unchecked.png --> ftp.sbrafh.org.br /sbrafh/Web/congresso/webadmin/themes/basic/images unchecked.png
2011.03.18 11:33 B E:\web\sobrafo\webadmin\themes\basic\images\notconnected.psd --> ftp.sbrafh.org.br /sbrafh/Web/congresso/webadmin/themes/basic/images notconnected.psd
2011.03.18 11:33 B E:\web\sobrafo\webadmin\themes\basic\images\notconnected.gif --> ftp.sbrafh.org.br /sbrafh/Web/congresso/webadmin/themes/basic/images notconnected.gif
2011.03.18 11:33 B E:\web\sobrafo\webadmin\themes\basic\images\checked.png --> ftp.sbrafh.org.br /sbrafh/Web/congresso/webadmin/themes/basic/images checked.png
2011.07.29 21:26 B F:\xampp\htdocs\jsLibrary\themes\basic\images\checked.png --> ftp.sobrafo.org.br /public_html/jsLibrary/themes/basic/images checked.png
2011.07.29 21:26 B F:\xampp\htdocs\jsLibrary\themes\basic\images\notconnected.gif --> ftp.sobrafo.org.br /public_html/jsLibrary/themes/basic/images notconnected.gif
2011.07.29 21:26 B F:\xampp\htdocs\jsLibrary\themes\basic\images\notconnected.psd --> ftp.sobrafo.org.br /public_html/jsLibrary/themes/basic/images notconnected.psd
2011.07.29 21:26 B F:\xampp\htdocs\jsLibrary\themes\basic\images\unchecked.png --> ftp.sobrafo.org.br /public_html/jsLibrary/themes/basic/images unchecked.png
2011.07.29 21:26 B F:\xampp\htdocs\jsLibrary\themes\basic\images\WS_FTP.LOG --> ftp.sobrafo.org.br /public_html/jsLibrary/themes/basic/images WS_FTP.LOG
2011.08.05 01:09 B F:\xampp\htdocs\jsLibrary\themes\basic\images\checked.png --> ftp.portalridgid.com.br /public_html/jsLibrary/themes/basic/images checked.png
2011.08.05 01:09 B F:\xampp\htdocs\jsLibrary\themes\basic\images\notconnected.gif --> ftp.portalridgid.com.br /public_html/jsLibrary/themes/basic/images notconnected.gif
2011.08.05 01:09 B F:\xampp\htdocs\jsLibrary\themes\basic\images\notconnected.psd --> ftp.portalridgid.com.br /public_html/jsLibrary/themes/basic/images notconnected.psd
2011.08.05 01:09 B F:\xampp\htdocs\jsLibrary\themes\basic\images\unchecked.png --> ftp.portalridgid.com.br /public_html/jsLibrary/themes/basic/images unchecked.png
2011.08.05 01:09 B F:\xampp\htdocs\jsLibrary\themes\basic\images\WS_FTP.LOG --> ftp.portalridgid.com.br /public_html/jsLibrary/themes/basic/images WS_FTP.LOG
2011.08.09 16:31 B F:\xampp\htdocs\jsLibrary\themes\basic\images\checked.png --> ftp.amfar.com.br /public_html/jsLibrary/themes/basic/images checked.png
2011.08.09 16:31 B F:\xampp\htdocs\jsLibrary\themes\basic\images\notconnected.gif --> ftp.amfar.com.br /public_html/jsLibrary/themes/basic/images notconnected.gif
2011.08.09 16:31 B F:\xampp\htdocs\jsLibrary\themes\basic\images\notconnected.psd --> ftp.amfar.com.br /public_html/jsLibrary/themes/basic/images notconnected.psd
2011.08.09 16:31 B F:\xampp\htdocs\jsLibrary\themes\basic\images\unchecked.png --> ftp.amfar.com.br /public_html/jsLibrary/themes/basic/images unchecked.png
