2011.07.30 14:14 B F:\xampp\htdocs\jsLibrary\wysiwyg\popups\about.html --> ftp.sobrafo.org.br /public_html/jsLibrary/wysiwyg/popups about.html
2011.07.30 14:14 B F:\xampp\htdocs\jsLibrary\wysiwyg\popups\about_license.html --> ftp.sobrafo.org.br /public_html/jsLibrary/wysiwyg/popups about_license.html
2011.07.30 14:14 B F:\xampp\htdocs\jsLibrary\wysiwyg\popups\create_table.html --> ftp.sobrafo.org.br /public_html/jsLibrary/wysiwyg/popups create_table.html
2011.07.30 14:14 B F:\xampp\htdocs\jsLibrary\wysiwyg\popups\insert_hyperlink.html --> ftp.sobrafo.org.br /public_html/jsLibrary/wysiwyg/popups insert_hyperlink.html
2011.07.30 14:14 B F:\xampp\htdocs\jsLibrary\wysiwyg\popups\insert_image.html --> ftp.sobrafo.org.br /public_html/jsLibrary/wysiwyg/popups insert_image.html
2011.07.30 14:14 B F:\xampp\htdocs\jsLibrary\wysiwyg\popups\license.html --> ftp.sobrafo.org.br /public_html/jsLibrary/wysiwyg/popups license.html
2011.07.30 14:14 B F:\xampp\htdocs\jsLibrary\wysiwyg\popups\select_color.html --> ftp.sobrafo.org.br /public_html/jsLibrary/wysiwyg/popups select_color.html
2011.07.30 14:26 B F:\xampp\htdocs\jsLibrary\wysiwyg\popups\about.html --> ftp.sobrafo.org.br /public_html/adm/public/scripts/wysiwyg/popups about.html
2011.07.30 14:26 B F:\xampp\htdocs\jsLibrary\wysiwyg\popups\about_license.html --> ftp.sobrafo.org.br /public_html/adm/public/scripts/wysiwyg/popups about_license.html
2011.07.30 14:26 B F:\xampp\htdocs\jsLibrary\wysiwyg\popups\create_table.html --> ftp.sobrafo.org.br /public_html/adm/public/scripts/wysiwyg/popups create_table.html
2011.07.30 14:26 B F:\xampp\htdocs\jsLibrary\wysiwyg\popups\insert_hyperlink.html --> ftp.sobrafo.org.br /public_html/adm/public/scripts/wysiwyg/popups insert_hyperlink.html
2011.07.30 14:26 B F:\xampp\htdocs\jsLibrary\wysiwyg\popups\insert_image.html --> ftp.sobrafo.org.br /public_html/adm/public/scripts/wysiwyg/popups insert_image.html
2011.07.30 14:26 B F:\xampp\htdocs\jsLibrary\wysiwyg\popups\license.html --> ftp.sobrafo.org.br /public_html/adm/public/scripts/wysiwyg/popups license.html
2011.07.30 14:26 B F:\xampp\htdocs\jsLibrary\wysiwyg\popups\select_color.html --> ftp.sobrafo.org.br /public_html/adm/public/scripts/wysiwyg/popups select_color.html
2011.07.30 14:26 B F:\xampp\htdocs\jsLibrary\wysiwyg\popups\WS_FTP.LOG --> ftp.sobrafo.org.br /public_html/adm/public/scripts/wysiwyg/popups WS_FTP.LOG
2011.08.05 00:45 B F:\xampp\htdocs\portal\varejo\public\wysiwyg\popups\about.html --> ftp.portalridgid.com.br /public_html/varejo/public/wysiwyg/popups about.html
2011.08.05 00:45 B F:\xampp\htdocs\portal\varejo\public\wysiwyg\popups\about_license.html --> ftp.portalridgid.com.br /public_html/varejo/public/wysiwyg/popups about_license.html
2011.08.05 00:45 B F:\xampp\htdocs\portal\varejo\public\wysiwyg\popups\create_table.html --> ftp.portalridgid.com.br /public_html/varejo/public/wysiwyg/popups create_table.html
2011.08.05 00:45 B F:\xampp\htdocs\portal\varejo\public\wysiwyg\popups\insert_hyperlink.html --> ftp.portalridgid.com.br /public_html/varejo/public/wysiwyg/popups insert_hyperlink.html
2011.08.05 00:45 B F:\xampp\htdocs\portal\varejo\public\wysiwyg\popups\insert_image.php --> ftp.portalridgid.com.br /public_html/varejo/public/wysiwyg/popups insert_image.php
2011.08.05 00:45 B F:\xampp\htdocs\portal\varejo\public\wysiwyg\popups\license.html --> ftp.portalridgid.com.br /public_html/varejo/public/wysiwyg/popups license.html
2011.08.05 00:45 B F:\xampp\htdocs\portal\varejo\public\wysiwyg\popups\mini.php --> ftp.portalridgid.com.br /public_html/varejo/public/wysiwyg/popups mini.php
2011.08.05 00:45 B F:\xampp\htdocs\portal\varejo\public\wysiwyg\popups\select_color.html --> ftp.portalridgid.com.br /public_html/varejo/public/wysiwyg/popups select_color.html
2011.08.05 00:45 B F:\xampp\htdocs\portal\varejo\public\wysiwyg\popups\WS_FTP.LOG --> ftp.portalridgid.com.br /public_html/varejo/public/wysiwyg/popups WS_FTP.LOG
2011.08.05 01:26 B F:\xampp\htdocs\portal\varejo\public\wysiwyg\popups\insert_image.php --> ftp.portalridgid.com.br /public_html/ridgidnovarejo/public/wysiwyg/popups insert_image.php
2011.08.05 01:26 B F:\xampp\htdocs\portal\varejo\public\wysiwyg\popups\insert_image.php --> ftp.portalridgid.com.br /public_html/ridgidnovarejo/public/wysiwyg/popups insert_image.php
2011.08.05 01:39 B F:\xampp\htdocs\portal\varejo\public\wysiwyg\popups\insert_image.php --> ftp.portalridgid.com.br /public_html/ridgidnovarejo/public/wysiwyg/popups insert_image.php
2011.08.05 01:41 B F:\xampp\htdocs\portal\varejo\public\wysiwyg\popups\insert_image.php --> ftp.portalridgid.com.br /public_html/ridgidnovarejo/public/wysiwyg/popups insert_image.php
2011.08.05 01:49 B F:\xampp\htdocs\portal\varejo\public\wysiwyg\popups\insert_image.php --> ftp.portalridgid.com.br /public_html/ridgidnovarejo/public/wysiwyg/popups insert_image.php
2011.08.05 01:54 B F:\xampp\htdocs\portal\varejo\public\wysiwyg\popups\insert_image.php --> ftp.portalridgid.com.br /public_html/ridgidnovarejo/public/wysiwyg/popups insert_image.php
2011.08.23 13:53 B F:\xampp\htdocs\portal\varejo\public\wysiwyg\popups\insert_image.php --> ftp.portalridgid.com.br /public_html/ridgidnovarejo/public/wysiwyg/popups insert_image.php
2011.08.23 13:55 B F:\xampp\htdocs\portal\varejo\public\wysiwyg\popups\insert_image.php --> ftp.portalridgid.com.br /public_html/ridgidnovarejo/public/wysiwyg/popups insert_image.php
2011.10.14 13:48 B F:\xampp\htdocs\portal\varejo\public\wysiwyg\popups\insert_image.php --> ftp.portalridgid.com.br /public_html/ridgidnovarejo/public/wysiwyg/popups insert_image.php
2011.10.14 13:50 B F:\xampp\htdocs\portal\varejo\public\wysiwyg\popups\insert_image.php --> ftp.portalridgid.com.br /public_html/ridgidnovarejo/public/wysiwyg/popups insert_image.php
2011.10.14 13:51 B F:\xampp\htdocs\portal\varejo\public\wysiwyg\popups\insert_image.php --> ftp.portalridgid.com.br /public_html/ridgidnovarejo/public/wysiwyg/popups insert_image.php
2011.10.14 13:51 B F:\xampp\htdocs\portal\varejo\public\wysiwyg\popups\insert_image.php --> ftp.portalridgid.com.br /public_html/ridgidnovarejo/public/wysiwyg/popups insert_image.php
2011.10.14 13:53 B F:\xampp\htdocs\portal\varejo\public\wysiwyg\popups\insert_image.php --> ftp.portalridgid.com.br /public_html/ridgidnovarejo/public/wysiwyg/popups insert_image.php
2011.10.14 13:53 B F:\xampp\htdocs\portal\varejo\public\wysiwyg\popups\insert_image.php --> ftp.portalridgid.com.br /public_html/ridgidnovarejo/public/wysiwyg/popups insert_image.php
2011.10.19 14:44 B F:\xampp\htdocs\portal\varejo\public\wysiwyg\popups\insert_image.php --> ftp.portalridgid.com.br /public_html/ridgidnovarejo/public/wysiwyg/popups insert_image.php
2011.10.19 14:47 B F:\xampp\htdocs\portal\varejo\public\wysiwyg\popups\insert_image.php --> ftp.portalridgid.com.br /public_html/ridgidnovarejo/public/wysiwyg/popups insert_image.php
2012.04.05 13:50 B F:\xampp\htdocs\portal\varejo\public\wysiwyg\popups\about.html --> ftp.sbrafh.org.br /public_html/novosite/public/wysiwyg/popups about.html
2012.04.05 13:50 B F:\xampp\htdocs\portal\varejo\public\wysiwyg\popups\about_license.html --> ftp.sbrafh.org.br /public_html/novosite/public/wysiwyg/popups about_license.html
2012.04.05 13:50 B F:\xampp\htdocs\portal\varejo\public\wysiwyg\popups\create_table.html --> ftp.sbrafh.org.br /public_html/novosite/public/wysiwyg/popups create_table.html
2012.04.05 13:50 B F:\xampp\htdocs\portal\varejo\public\wysiwyg\popups\insert_hyperlink.html --> ftp.sbrafh.org.br /public_html/novosite/public/wysiwyg/popups insert_hyperlink.html
2012.04.05 13:50 B F:\xampp\htdocs\portal\varejo\public\wysiwyg\popups\insert_image.php --> ftp.sbrafh.org.br /public_html/novosite/public/wysiwyg/popups insert_image.php
2012.04.05 13:50 B F:\xampp\htdocs\portal\varejo\public\wysiwyg\popups\license.html --> ftp.sbrafh.org.br /public_html/novosite/public/wysiwyg/popups license.html
2012.04.05 13:50 B F:\xampp\htdocs\portal\varejo\public\wysiwyg\popups\mini.php --> ftp.sbrafh.org.br /public_html/novosite/public/wysiwyg/popups mini.php
2012.04.05 13:50 B F:\xampp\htdocs\portal\varejo\public\wysiwyg\popups\select_color.html --> ftp.sbrafh.org.br /public_html/novosite/public/wysiwyg/popups select_color.html
2012.04.10 00:53 B F:\xampp\htdocs\sbrafh\novosite\public\wysiwyg\popups\WS_FTP.LOG <-- sbrafh /public_html/novosite/public/wysiwyg/popups WS_FTP.LOG
2012.04.10 00:54 B F:\xampp\htdocs\sbrafh\novosite\public\wysiwyg\popups\insert_image.php --> ftp.sbrafh.org.br /public_html/novosite/public/wysiwyg/popups insert_image.php
2012.04.10 00:57 B F:\xampp\htdocs\sbrafh\novosite\public\wysiwyg\popups\insert_image.php --> ftp.sbrafh.org.br /public_html/novosite/public/wysiwyg/popups insert_image.php
2012.04.10 00:58 B F:\xampp\htdocs\sbrafh\novosite\public\wysiwyg\popups\insert_image.php --> ftp.sbrafh.org.br /public_html/novosite/public/wysiwyg/popups insert_image.php
2012.09.28 13:14 B F:\xampp\htdocs\sbrafh\site\public\wysiwyg\popups\WS_FTP.LOG --> ftp.sbrafh.org.br /public_html/rbfhss_nova/public/wysiwyg/popups WS_FTP.LOG
2012.09.28 13:14 B F:\xampp\htdocs\sbrafh\site\public\wysiwyg\popups\insert_image.php --> ftp.sbrafh.org.br /public_html/rbfhss_nova/public/wysiwyg/popups insert_image.php
2012.09.28 13:14 B F:\xampp\htdocs\sbrafh\site\public\wysiwyg\popups\select_color.html --> ftp.sbrafh.org.br /public_html/rbfhss_nova/public/wysiwyg/popups select_color.html
2012.09.28 13:14 B F:\xampp\htdocs\sbrafh\site\public\wysiwyg\popups\mini.php --> ftp.sbrafh.org.br /public_html/rbfhss_nova/public/wysiwyg/popups mini.php
2012.09.28 13:14 B F:\xampp\htdocs\sbrafh\site\public\wysiwyg\popups\license.html --> ftp.sbrafh.org.br /public_html/rbfhss_nova/public/wysiwyg/popups license.html
2012.09.28 13:14 B F:\xampp\htdocs\sbrafh\site\public\wysiwyg\popups\insert_hyperlink.html --> ftp.sbrafh.org.br /public_html/rbfhss_nova/public/wysiwyg/popups insert_hyperlink.html
2012.09.28 13:14 B F:\xampp\htdocs\sbrafh\site\public\wysiwyg\popups\create_table.html --> ftp.sbrafh.org.br /public_html/rbfhss_nova/public/wysiwyg/popups create_table.html
2012.09.28 13:14 B F:\xampp\htdocs\sbrafh\site\public\wysiwyg\popups\about_license.html --> ftp.sbrafh.org.br /public_html/rbfhss_nova/public/wysiwyg/popups about_license.html
2012.09.28 13:14 B F:\xampp\htdocs\sbrafh\site\public\wysiwyg\popups\about.html --> ftp.sbrafh.org.br /public_html/rbfhss_nova/public/wysiwyg/popups about.html
2013.01.03 14:09 B F:\xampp\htdocs\amfar\site\public\wysiwyg\popups\about.html --> ftp.amfar.com.br /public_html/site/public/wysiwyg/popups about.html
2013.01.03 14:09 B F:\xampp\htdocs\amfar\site\public\wysiwyg\popups\about_license.html --> ftp.amfar.com.br /public_html/site/public/wysiwyg/popups about_license.html
2013.01.03 14:09 B F:\xampp\htdocs\amfar\site\public\wysiwyg\popups\create_table.html --> ftp.amfar.com.br /public_html/site/public/wysiwyg/popups create_table.html
2013.01.03 14:09 B F:\xampp\htdocs\amfar\site\public\wysiwyg\popups\insert_hyperlink.html --> ftp.amfar.com.br /public_html/site/public/wysiwyg/popups insert_hyperlink.html
2013.01.03 14:09 B F:\xampp\htdocs\amfar\site\public\wysiwyg\popups\insert_image.php --> ftp.amfar.com.br /public_html/site/public/wysiwyg/popups insert_image.php
2013.01.03 14:09 B F:\xampp\htdocs\amfar\site\public\wysiwyg\popups\license.html --> ftp.amfar.com.br /public_html/site/public/wysiwyg/popups license.html
2013.01.03 14:09 B F:\xampp\htdocs\amfar\site\public\wysiwyg\popups\mini.php --> ftp.amfar.com.br /public_html/site/public/wysiwyg/popups mini.php
2013.01.03 14:09 B F:\xampp\htdocs\amfar\site\public\wysiwyg\popups\select_color.html --> ftp.amfar.com.br /public_html/site/public/wysiwyg/popups select_color.html
