2011.06.20 18:32 B F:\xampp\htdocs\zf-tutorial\library\Zend\Controller\Plugin\Abstract.php --> ftp.portalridgid.com.br /public_html/zf-tutorial/library/Zend/Controller/Plugin Abstract.php
2011.06.20 18:32 B F:\xampp\htdocs\zf-tutorial\library\Zend\Controller\Plugin\ActionStack.php --> ftp.portalridgid.com.br /public_html/zf-tutorial/library/Zend/Controller/Plugin ActionStack.php
2011.06.20 18:32 B F:\xampp\htdocs\zf-tutorial\library\Zend\Controller\Plugin\Broker.php --> ftp.portalridgid.com.br /public_html/zf-tutorial/library/Zend/Controller/Plugin Broker.php
2011.06.20 18:32 B F:\xampp\htdocs\zf-tutorial\library\Zend\Controller\Plugin\ErrorHandler.php --> ftp.portalridgid.com.br /public_html/zf-tutorial/library/Zend/Controller/Plugin ErrorHandler.php
2011.06.20 18:32 B F:\xampp\htdocs\zf-tutorial\library\Zend\Controller\Plugin\PutHandler.php --> ftp.portalridgid.com.br /public_html/zf-tutorial/library/Zend/Controller/Plugin PutHandler.php
2011.06.30 03:43 B F:\xampp\htdocs\zendLibrary\Zend\Controller\Plugin\WS_FTP.LOG --> ftp.sbrafh.org.br /sbrafh/Web/zendLibrary/Zend/Controller/Plugin WS_FTP.LOG
2011.06.30 03:43 B F:\xampp\htdocs\zendLibrary\Zend\Controller\Plugin\PutHandler.php --> ftp.sbrafh.org.br /sbrafh/Web/zendLibrary/Zend/Controller/Plugin PutHandler.php
2011.06.30 03:43 B F:\xampp\htdocs\zendLibrary\Zend\Controller\Plugin\ErrorHandler.php --> ftp.sbrafh.org.br /sbrafh/Web/zendLibrary/Zend/Controller/Plugin ErrorHandler.php
2011.06.30 03:43 B F:\xampp\htdocs\zendLibrary\Zend\Controller\Plugin\Broker.php --> ftp.sbrafh.org.br /sbrafh/Web/zendLibrary/Zend/Controller/Plugin Broker.php
2011.06.30 03:43 B F:\xampp\htdocs\zendLibrary\Zend\Controller\Plugin\ActionStack.php --> ftp.sbrafh.org.br /sbrafh/Web/zendLibrary/Zend/Controller/Plugin ActionStack.php
2011.06.30 03:43 B F:\xampp\htdocs\zendLibrary\Zend\Controller\Plugin\Abstract.php --> ftp.sbrafh.org.br /sbrafh/Web/zendLibrary/Zend/Controller/Plugin Abstract.php
2011.07.08 23:45 B F:\xampp\htdocs\zendLibrary\Zend\Controller\Plugin\Abstract.php --> ftp.radiofone.com.br /public_html/radiofone/zendLibrary/Zend/Controller/Plugin Abstract.php
2011.07.08 23:45 B F:\xampp\htdocs\zendLibrary\Zend\Controller\Plugin\ActionStack.php --> ftp.radiofone.com.br /public_html/radiofone/zendLibrary/Zend/Controller/Plugin ActionStack.php
2011.07.08 23:45 B F:\xampp\htdocs\zendLibrary\Zend\Controller\Plugin\Broker.php --> ftp.radiofone.com.br /public_html/radiofone/zendLibrary/Zend/Controller/Plugin Broker.php
2011.07.08 23:45 B F:\xampp\htdocs\zendLibrary\Zend\Controller\Plugin\ErrorHandler.php --> ftp.radiofone.com.br /public_html/radiofone/zendLibrary/Zend/Controller/Plugin ErrorHandler.php
2011.07.08 23:45 B F:\xampp\htdocs\zendLibrary\Zend\Controller\Plugin\PutHandler.php --> ftp.radiofone.com.br /public_html/radiofone/zendLibrary/Zend/Controller/Plugin PutHandler.php
2011.07.08 23:45 B F:\xampp\htdocs\zendLibrary\Zend\Controller\Plugin\WS_FTP.LOG --> ftp.radiofone.com.br /public_html/radiofone/zendLibrary/Zend/Controller/Plugin WS_FTP.LOG
2011.07.26 22:45 B F:\xampp\htdocs\zendLibrary\Zend\Controller\Plugin\Abstract.php --> ftp.sobrafo.org.br /public_html/zendLibrary/Zend/Controller/Plugin Abstract.php
2011.07.26 22:45 B F:\xampp\htdocs\zendLibrary\Zend\Controller\Plugin\ActionStack.php --> ftp.sobrafo.org.br /public_html/zendLibrary/Zend/Controller/Plugin ActionStack.php
2011.07.26 22:45 B F:\xampp\htdocs\zendLibrary\Zend\Controller\Plugin\Broker.php --> ftp.sobrafo.org.br /public_html/zendLibrary/Zend/Controller/Plugin Broker.php
2011.07.26 22:45 B F:\xampp\htdocs\zendLibrary\Zend\Controller\Plugin\ErrorHandler.php --> ftp.sobrafo.org.br /public_html/zendLibrary/Zend/Controller/Plugin ErrorHandler.php
2011.07.26 22:45 B F:\xampp\htdocs\zendLibrary\Zend\Controller\Plugin\PutHandler.php --> ftp.sobrafo.org.br /public_html/zendLibrary/Zend/Controller/Plugin PutHandler.php
2011.07.26 22:45 B F:\xampp\htdocs\zendLibrary\Zend\Controller\Plugin\WS_FTP.LOG --> ftp.sobrafo.org.br /public_html/zendLibrary/Zend/Controller/Plugin WS_FTP.LOG
2011.08.05 01:02 B F:\xampp\htdocs\ZendLibrary\Zend\Controller\Plugin\WS_FTP.LOG --> ftp.portalridgid.com.br /public_html/zendLibrary/Zend/Controller/Plugin WS_FTP.LOG
2011.08.09 16:56 B F:\xampp\htdocs\ZendLibrary\Zend\Controller\Plugin\Abstract.php --> ftp.amfar.com.br /public_html/ZendLibrary/Zend/Controller/Plugin Abstract.php
2011.08.09 16:56 B F:\xampp\htdocs\ZendLibrary\Zend\Controller\Plugin\ActionStack.php --> ftp.amfar.com.br /public_html/ZendLibrary/Zend/Controller/Plugin ActionStack.php
2011.08.09 16:56 B F:\xampp\htdocs\ZendLibrary\Zend\Controller\Plugin\Broker.php --> ftp.amfar.com.br /public_html/ZendLibrary/Zend/Controller/Plugin Broker.php
2011.08.09 16:56 B F:\xampp\htdocs\ZendLibrary\Zend\Controller\Plugin\ErrorHandler.php --> ftp.amfar.com.br /public_html/ZendLibrary/Zend/Controller/Plugin ErrorHandler.php
2011.08.09 16:56 B F:\xampp\htdocs\ZendLibrary\Zend\Controller\Plugin\PutHandler.php --> ftp.amfar.com.br /public_html/ZendLibrary/Zend/Controller/Plugin PutHandler.php
