2011.06.20 18:52 B F:\xampp\htdocs\zf-tutorial\library\Zend\Service\Delicious\Exception.php --> ftp.portalridgid.com.br /public_html/zf-tutorial/library/Zend/Service/Delicious Exception.php
2011.06.20 18:52 B F:\xampp\htdocs\zf-tutorial\library\Zend\Service\Delicious\Post.php --> ftp.portalridgid.com.br /public_html/zf-tutorial/library/Zend/Service/Delicious Post.php
2011.06.20 18:52 B F:\xampp\htdocs\zf-tutorial\library\Zend\Service\Delicious\PostList.php --> ftp.portalridgid.com.br /public_html/zf-tutorial/library/Zend/Service/Delicious PostList.php
2011.06.20 18:52 B F:\xampp\htdocs\zf-tutorial\library\Zend\Service\Delicious\SimplePost.php --> ftp.portalridgid.com.br /public_html/zf-tutorial/library/Zend/Service/Delicious SimplePost.php
2011.06.30 03:16 B F:\xampp\htdocs\zendLibrary\Zend\Service\Delicious\WS_FTP.LOG --> ftp.sbrafh.org.br /sbrafh/Web/zendLibrary/Zend/Service/Delicious WS_FTP.LOG
2011.06.30 03:16 B F:\xampp\htdocs\zendLibrary\Zend\Service\Delicious\SimplePost.php --> ftp.sbrafh.org.br /sbrafh/Web/zendLibrary/Zend/Service/Delicious SimplePost.php
2011.06.30 03:16 B F:\xampp\htdocs\zendLibrary\Zend\Service\Delicious\PostList.php --> ftp.sbrafh.org.br /sbrafh/Web/zendLibrary/Zend/Service/Delicious PostList.php
2011.06.30 03:16 B F:\xampp\htdocs\zendLibrary\Zend\Service\Delicious\Post.php --> ftp.sbrafh.org.br /sbrafh/Web/zendLibrary/Zend/Service/Delicious Post.php
2011.06.30 03:16 B F:\xampp\htdocs\zendLibrary\Zend\Service\Delicious\Exception.php --> ftp.sbrafh.org.br /sbrafh/Web/zendLibrary/Zend/Service/Delicious Exception.php
2011.07.09 00:18 B F:\xampp\htdocs\zendLibrary\Zend\Service\Delicious\Exception.php --> ftp.radiofone.com.br /public_html/radiofone/zendLibrary/Zend/Service/Delicious Exception.php
2011.07.09 00:18 B F:\xampp\htdocs\zendLibrary\Zend\Service\Delicious\Post.php --> ftp.radiofone.com.br /public_html/radiofone/zendLibrary/Zend/Service/Delicious Post.php
2011.07.09 00:18 B F:\xampp\htdocs\zendLibrary\Zend\Service\Delicious\PostList.php --> ftp.radiofone.com.br /public_html/radiofone/zendLibrary/Zend/Service/Delicious PostList.php
2011.07.09 00:18 B F:\xampp\htdocs\zendLibrary\Zend\Service\Delicious\SimplePost.php --> ftp.radiofone.com.br /public_html/radiofone/zendLibrary/Zend/Service/Delicious SimplePost.php
2011.07.09 00:18 B F:\xampp\htdocs\zendLibrary\Zend\Service\Delicious\WS_FTP.LOG --> ftp.radiofone.com.br /public_html/radiofone/zendLibrary/Zend/Service/Delicious WS_FTP.LOG
2011.07.26 23:07 B F:\xampp\htdocs\zendLibrary\Zend\Service\Delicious\Exception.php --> ftp.sobrafo.org.br /public_html/zendLibrary/Zend/Service/Delicious Exception.php
2011.07.26 23:07 B F:\xampp\htdocs\zendLibrary\Zend\Service\Delicious\Post.php --> ftp.sobrafo.org.br /public_html/zendLibrary/Zend/Service/Delicious Post.php
2011.07.26 23:07 B F:\xampp\htdocs\zendLibrary\Zend\Service\Delicious\PostList.php --> ftp.sobrafo.org.br /public_html/zendLibrary/Zend/Service/Delicious PostList.php
2011.07.26 23:07 B F:\xampp\htdocs\zendLibrary\Zend\Service\Delicious\SimplePost.php --> ftp.sobrafo.org.br /public_html/zendLibrary/Zend/Service/Delicious SimplePost.php
2011.07.26 23:07 B F:\xampp\htdocs\zendLibrary\Zend\Service\Delicious\WS_FTP.LOG --> ftp.sobrafo.org.br /public_html/zendLibrary/Zend/Service/Delicious WS_FTP.LOG
2011.08.09 17:27 B F:\xampp\htdocs\ZendLibrary\Zend\Service\Delicious\Exception.php --> ftp.amfar.com.br /public_html/ZendLibrary/Zend/Service/Delicious Exception.php
2011.08.09 17:27 B F:\xampp\htdocs\ZendLibrary\Zend\Service\Delicious\Post.php --> ftp.amfar.com.br /public_html/ZendLibrary/Zend/Service/Delicious Post.php
2011.08.09 17:27 B F:\xampp\htdocs\ZendLibrary\Zend\Service\Delicious\PostList.php --> ftp.amfar.com.br /public_html/ZendLibrary/Zend/Service/Delicious PostList.php
2011.08.09 17:27 B F:\xampp\htdocs\ZendLibrary\Zend\Service\Delicious\SimplePost.php --> ftp.amfar.com.br /public_html/ZendLibrary/Zend/Service/Delicious SimplePost.php
