2011.06.20 18:48 B F:\xampp\htdocs\zf-tutorial\library\Zend\OpenId\Consumer.php --> ftp.portalridgid.com.br /public_html/zf-tutorial/library/Zend/OpenId Consumer.php
2011.06.20 18:48 B F:\xampp\htdocs\zf-tutorial\library\Zend\OpenId\Exception.php --> ftp.portalridgid.com.br /public_html/zf-tutorial/library/Zend/OpenId Exception.php
2011.06.20 18:48 B F:\xampp\htdocs\zf-tutorial\library\Zend\OpenId\Extension.php --> ftp.portalridgid.com.br /public_html/zf-tutorial/library/Zend/OpenId Extension.php
2011.06.20 18:48 B F:\xampp\htdocs\zf-tutorial\library\Zend\OpenId\Provider.php --> ftp.portalridgid.com.br /public_html/zf-tutorial/library/Zend/OpenId Provider.php
2011.06.30 03:22 B F:\xampp\htdocs\zendLibrary\Zend\OpenId\WS_FTP.LOG --> ftp.sbrafh.org.br /sbrafh/Web/zendLibrary/Zend/OpenId WS_FTP.LOG
2011.06.30 03:22 B F:\xampp\htdocs\zendLibrary\Zend\OpenId\Provider.php --> ftp.sbrafh.org.br /sbrafh/Web/zendLibrary/Zend/OpenId Provider.php
2011.06.30 03:22 B F:\xampp\htdocs\zendLibrary\Zend\OpenId\Extension.php --> ftp.sbrafh.org.br /sbrafh/Web/zendLibrary/Zend/OpenId Extension.php
2011.06.30 03:22 B F:\xampp\htdocs\zendLibrary\Zend\OpenId\Exception.php --> ftp.sbrafh.org.br /sbrafh/Web/zendLibrary/Zend/OpenId Exception.php
2011.06.30 03:22 B F:\xampp\htdocs\zendLibrary\Zend\OpenId\Consumer.php --> ftp.sbrafh.org.br /sbrafh/Web/zendLibrary/Zend/OpenId Consumer.php
2011.07.09 00:13 B F:\xampp\htdocs\zendLibrary\Zend\OpenId\Consumer.php --> ftp.radiofone.com.br /public_html/radiofone/zendLibrary/Zend/OpenId Consumer.php
2011.07.09 00:13 B F:\xampp\htdocs\zendLibrary\Zend\OpenId\Exception.php --> ftp.radiofone.com.br /public_html/radiofone/zendLibrary/Zend/OpenId Exception.php
2011.07.09 00:13 B F:\xampp\htdocs\zendLibrary\Zend\OpenId\Extension.php --> ftp.radiofone.com.br /public_html/radiofone/zendLibrary/Zend/OpenId Extension.php
2011.07.09 00:14 B F:\xampp\htdocs\zendLibrary\Zend\OpenId\Provider.php --> ftp.radiofone.com.br /public_html/radiofone/zendLibrary/Zend/OpenId Provider.php
2011.07.09 00:14 B F:\xampp\htdocs\zendLibrary\Zend\OpenId\WS_FTP.LOG --> ftp.radiofone.com.br /public_html/radiofone/zendLibrary/Zend/OpenId WS_FTP.LOG
2011.07.09 00:50 B F:\xampp\htdocs\zendLibrary\Zend\OpenId\WS_FTP.LOG --> ftp.radiofone.com.br /public_html/radiofone/zendLibrary/Zend/OpenId WS_FTP.LOG
2011.07.26 23:02 B F:\xampp\htdocs\zendLibrary\Zend\OpenId\Consumer.php --> ftp.sobrafo.org.br /public_html/zendLibrary/Zend/OpenId Consumer.php
2011.07.26 23:02 B F:\xampp\htdocs\zendLibrary\Zend\OpenId\Exception.php --> ftp.sobrafo.org.br /public_html/zendLibrary/Zend/OpenId Exception.php
2011.07.26 23:02 B F:\xampp\htdocs\zendLibrary\Zend\OpenId\Extension.php --> ftp.sobrafo.org.br /public_html/zendLibrary/Zend/OpenId Extension.php
2011.07.26 23:02 B F:\xampp\htdocs\zendLibrary\Zend\OpenId\Provider.php --> ftp.sobrafo.org.br /public_html/zendLibrary/Zend/OpenId Provider.php
2011.07.26 23:02 B F:\xampp\htdocs\zendLibrary\Zend\OpenId\WS_FTP.LOG --> ftp.sobrafo.org.br /public_html/zendLibrary/Zend/OpenId WS_FTP.LOG
2011.08.09 17:23 B F:\xampp\htdocs\ZendLibrary\Zend\OpenId\Consumer.php --> ftp.amfar.com.br /public_html/ZendLibrary/Zend/OpenId Consumer.php
2011.08.09 17:23 B F:\xampp\htdocs\ZendLibrary\Zend\OpenId\Exception.php --> ftp.amfar.com.br /public_html/ZendLibrary/Zend/OpenId Exception.php
2011.08.09 17:23 B F:\xampp\htdocs\ZendLibrary\Zend\OpenId\Extension.php --> ftp.amfar.com.br /public_html/ZendLibrary/Zend/OpenId Extension.php
2011.08.09 17:23 B F:\xampp\htdocs\ZendLibrary\Zend\OpenId\Provider.php --> ftp.amfar.com.br /public_html/ZendLibrary/Zend/OpenId Provider.php
