2010.03.11 21:35 B X:\suporte\html2pdf\font\makefont\cp1250.map --> josecarlos.net.br /domains/josecarlos.net.br/public_html/suporte/html2pdf/font/makefont cp1250.map
2010.03.11 21:35 B X:\suporte\html2pdf\font\makefont\cp1251.map --> josecarlos.net.br /domains/josecarlos.net.br/public_html/suporte/html2pdf/font/makefont cp1251.map
2010.03.11 21:35 B X:\suporte\html2pdf\font\makefont\cp1252.map --> josecarlos.net.br /domains/josecarlos.net.br/public_html/suporte/html2pdf/font/makefont cp1252.map
2010.03.11 21:35 B X:\suporte\html2pdf\font\makefont\cp1253.map --> josecarlos.net.br /domains/josecarlos.net.br/public_html/suporte/html2pdf/font/makefont cp1253.map
2010.03.11 21:35 B X:\suporte\html2pdf\font\makefont\cp1254.map --> josecarlos.net.br /domains/josecarlos.net.br/public_html/suporte/html2pdf/font/makefont cp1254.map
2010.03.11 21:35 B X:\suporte\html2pdf\font\makefont\cp1255.map --> josecarlos.net.br /domains/josecarlos.net.br/public_html/suporte/html2pdf/font/makefont cp1255.map
2010.03.11 21:35 B X:\suporte\html2pdf\font\makefont\cp1257.map --> josecarlos.net.br /domains/josecarlos.net.br/public_html/suporte/html2pdf/font/makefont cp1257.map
2010.03.11 21:35 B X:\suporte\html2pdf\font\makefont\cp1258.map --> josecarlos.net.br /domains/josecarlos.net.br/public_html/suporte/html2pdf/font/makefont cp1258.map
2010.03.11 21:35 B X:\suporte\html2pdf\font\makefont\cp874.map --> josecarlos.net.br /domains/josecarlos.net.br/public_html/suporte/html2pdf/font/makefont cp874.map
2010.03.11 21:35 B X:\suporte\html2pdf\font\makefont\iso-8859-1.map --> josecarlos.net.br /domains/josecarlos.net.br/public_html/suporte/html2pdf/font/makefont iso-8859-1.map
2010.03.11 21:35 B X:\suporte\html2pdf\font\makefont\iso-8859-11.map --> josecarlos.net.br /domains/josecarlos.net.br/public_html/suporte/html2pdf/font/makefont iso-8859-11.map
2010.03.11 21:35 B X:\suporte\html2pdf\font\makefont\iso-8859-15.map --> josecarlos.net.br /domains/josecarlos.net.br/public_html/suporte/html2pdf/font/makefont iso-8859-15.map
2010.03.11 21:35 B X:\suporte\html2pdf\font\makefont\iso-8859-16.map --> josecarlos.net.br /domains/josecarlos.net.br/public_html/suporte/html2pdf/font/makefont iso-8859-16.map
2010.03.11 21:35 B X:\suporte\html2pdf\font\makefont\iso-8859-2.map --> josecarlos.net.br /domains/josecarlos.net.br/public_html/suporte/html2pdf/font/makefont iso-8859-2.map
2010.03.11 21:35 B X:\suporte\html2pdf\font\makefont\iso-8859-4.map --> josecarlos.net.br /domains/josecarlos.net.br/public_html/suporte/html2pdf/font/makefont iso-8859-4.map
2010.03.11 21:35 B X:\suporte\html2pdf\font\makefont\iso-8859-5.map --> josecarlos.net.br /domains/josecarlos.net.br/public_html/suporte/html2pdf/font/makefont iso-8859-5.map
2010.03.11 21:35 B X:\suporte\html2pdf\font\makefont\iso-8859-7.map --> josecarlos.net.br /domains/josecarlos.net.br/public_html/suporte/html2pdf/font/makefont iso-8859-7.map
2010.03.11 21:35 B X:\suporte\html2pdf\font\makefont\iso-8859-9.map --> josecarlos.net.br /domains/josecarlos.net.br/public_html/suporte/html2pdf/font/makefont iso-8859-9.map
2010.03.11 21:35 B X:\suporte\html2pdf\font\makefont\koi8-r.map --> josecarlos.net.br /domains/josecarlos.net.br/public_html/suporte/html2pdf/font/makefont koi8-r.map
2010.03.11 21:35 B X:\suporte\html2pdf\font\makefont\koi8-u.map --> josecarlos.net.br /domains/josecarlos.net.br/public_html/suporte/html2pdf/font/makefont koi8-u.map
2010.03.11 21:35 B X:\suporte\html2pdf\font\makefont\makefont.php --> josecarlos.net.br /domains/josecarlos.net.br/public_html/suporte/html2pdf/font/makefont makefont.php
2010.07.07 02:41 B X:\radiofone\admin\html2pdf\font\makefont\cp1250.map --> ftp.radiofone.com.br /public_html/radiofone/rfadm/html2pdf/font/makefont cp1250.map
2010.07.07 02:41 B X:\radiofone\admin\html2pdf\font\makefont\cp1251.map --> ftp.radiofone.com.br /public_html/radiofone/rfadm/html2pdf/font/makefont cp1251.map
2010.07.07 02:41 B X:\radiofone\admin\html2pdf\font\makefont\cp1252.map --> ftp.radiofone.com.br /public_html/radiofone/rfadm/html2pdf/font/makefont cp1252.map
2010.07.07 02:41 B X:\radiofone\admin\html2pdf\font\makefont\cp1253.map --> ftp.radiofone.com.br /public_html/radiofone/rfadm/html2pdf/font/makefont cp1253.map
2010.07.07 02:41 B X:\radiofone\admin\html2pdf\font\makefont\cp1254.map --> ftp.radiofone.com.br /public_html/radiofone/rfadm/html2pdf/font/makefont cp1254.map
2010.07.07 02:41 B X:\radiofone\admin\html2pdf\font\makefont\cp1255.map --> ftp.radiofone.com.br /public_html/radiofone/rfadm/html2pdf/font/makefont cp1255.map
2010.07.07 02:41 B X:\radiofone\admin\html2pdf\font\makefont\cp1257.map --> ftp.radiofone.com.br /public_html/radiofone/rfadm/html2pdf/font/makefont cp1257.map
2010.07.07 02:41 B X:\radiofone\admin\html2pdf\font\makefont\cp1258.map --> ftp.radiofone.com.br /public_html/radiofone/rfadm/html2pdf/font/makefont cp1258.map
2010.07.07 02:41 B X:\radiofone\admin\html2pdf\font\makefont\cp874.map --> ftp.radiofone.com.br /public_html/radiofone/rfadm/html2pdf/font/makefont cp874.map
2010.07.07 02:41 B X:\radiofone\admin\html2pdf\font\makefont\iso-8859-1.map --> ftp.radiofone.com.br /public_html/radiofone/rfadm/html2pdf/font/makefont iso-8859-1.map
2010.07.07 02:41 B X:\radiofone\admin\html2pdf\font\makefont\iso-8859-11.map --> ftp.radiofone.com.br /public_html/radiofone/rfadm/html2pdf/font/makefont iso-8859-11.map
2010.07.07 02:41 B X:\radiofone\admin\html2pdf\font\makefont\iso-8859-15.map --> ftp.radiofone.com.br /public_html/radiofone/rfadm/html2pdf/font/makefont iso-8859-15.map
2010.07.07 02:41 B X:\radiofone\admin\html2pdf\font\makefont\iso-8859-16.map --> ftp.radiofone.com.br /public_html/radiofone/rfadm/html2pdf/font/makefont iso-8859-16.map
2010.07.07 02:41 B X:\radiofone\admin\html2pdf\font\makefont\iso-8859-2.map --> ftp.radiofone.com.br /public_html/radiofone/rfadm/html2pdf/font/makefont iso-8859-2.map
2010.07.07 02:41 B X:\radiofone\admin\html2pdf\font\makefont\iso-8859-4.map --> ftp.radiofone.com.br /public_html/radiofone/rfadm/html2pdf/font/makefont iso-8859-4.map
2010.07.07 02:41 B X:\radiofone\admin\html2pdf\font\makefont\iso-8859-5.map --> ftp.radiofone.com.br /public_html/radiofone/rfadm/html2pdf/font/makefont iso-8859-5.map
2010.07.07 02:41 B X:\radiofone\admin\html2pdf\font\makefont\iso-8859-7.map --> ftp.radiofone.com.br /public_html/radiofone/rfadm/html2pdf/font/makefont iso-8859-7.map
2010.07.07 02:41 B X:\radiofone\admin\html2pdf\font\makefont\iso-8859-9.map --> ftp.radiofone.com.br /public_html/radiofone/rfadm/html2pdf/font/makefont iso-8859-9.map
2010.07.07 02:41 B X:\radiofone\admin\html2pdf\font\makefont\koi8-r.map --> ftp.radiofone.com.br /public_html/radiofone/rfadm/html2pdf/font/makefont koi8-r.map
2010.07.07 02:41 B X:\radiofone\admin\html2pdf\font\makefont\koi8-u.map --> ftp.radiofone.com.br /public_html/radiofone/rfadm/html2pdf/font/makefont koi8-u.map
2010.07.07 02:41 B X:\radiofone\admin\html2pdf\font\makefont\makefont.php --> ftp.radiofone.com.br /public_html/radiofone/rfadm/html2pdf/font/makefont makefont.php
2010.07.07 02:41 B X:\radiofone\admin\html2pdf\font\makefont\WS_FTP.LOG --> ftp.radiofone.com.br /public_html/radiofone/rfadm/html2pdf/font/makefont WS_FTP.LOG
2011.05.04 03:24 B F:\radiofone\rfadm\html2pdf\font\makefont\WS_FTP.LOG <-- radiofone /public_html/radiofone/rfadm/html2pdf/font/makefont WS_FTP.LOG
2011.08.24 14:23 B F:\xampp\htdocs\radiofone\ZFRFAdm\application\classes\html2fpdf\font\makefont\cp1250.map --> ftp.radiofone.com.br /public_html/radiofone/ZFRFAdm/application/classes/html2fpdf/font/makefont cp1250.map
2011.08.24 14:23 B F:\xampp\htdocs\radiofone\ZFRFAdm\application\classes\html2fpdf\font\makefont\cp1251.map --> ftp.radiofone.com.br /public_html/radiofone/ZFRFAdm/application/classes/html2fpdf/font/makefont cp1251.map
2011.08.24 14:23 B F:\xampp\htdocs\radiofone\ZFRFAdm\application\classes\html2fpdf\font\makefont\cp1252.map --> ftp.radiofone.com.br /public_html/radiofone/ZFRFAdm/application/classes/html2fpdf/font/makefont cp1252.map
2011.08.24 14:23 B F:\xampp\htdocs\radiofone\ZFRFAdm\application\classes\html2fpdf\font\makefont\cp1253.map --> ftp.radiofone.com.br /public_html/radiofone/ZFRFAdm/application/classes/html2fpdf/font/makefont cp1253.map
2011.08.24 14:23 B F:\xampp\htdocs\radiofone\ZFRFAdm\application\classes\html2fpdf\font\makefont\cp1254.map --> ftp.radiofone.com.br /public_html/radiofone/ZFRFAdm/application/classes/html2fpdf/font/makefont cp1254.map
2011.08.24 14:23 B F:\xampp\htdocs\radiofone\ZFRFAdm\application\classes\html2fpdf\font\makefont\cp1255.map --> ftp.radiofone.com.br /public_html/radiofone/ZFRFAdm/application/classes/html2fpdf/font/makefont cp1255.map
2011.08.24 14:23 B F:\xampp\htdocs\radiofone\ZFRFAdm\application\classes\html2fpdf\font\makefont\cp1257.map --> ftp.radiofone.com.br /public_html/radiofone/ZFRFAdm/application/classes/html2fpdf/font/makefont cp1257.map
2011.08.24 14:23 B F:\xampp\htdocs\radiofone\ZFRFAdm\application\classes\html2fpdf\font\makefont\cp1258.map --> ftp.radiofone.com.br /public_html/radiofone/ZFRFAdm/application/classes/html2fpdf/font/makefont cp1258.map
2011.08.24 14:23 B F:\xampp\htdocs\radiofone\ZFRFAdm\application\classes\html2fpdf\font\makefont\cp874.map --> ftp.radiofone.com.br /public_html/radiofone/ZFRFAdm/application/classes/html2fpdf/font/makefont cp874.map
2011.08.24 14:23 B F:\xampp\htdocs\radiofone\ZFRFAdm\application\classes\html2fpdf\font\makefont\iso-8859-1.map --> ftp.radiofone.com.br /public_html/radiofone/ZFRFAdm/application/classes/html2fpdf/font/makefont iso-8859-1.map
2011.08.24 14:23 B F:\xampp\htdocs\radiofone\ZFRFAdm\application\classes\html2fpdf\font\makefont\iso-8859-11.map --> ftp.radiofone.com.br /public_html/radiofone/ZFRFAdm/application/classes/html2fpdf/font/makefont iso-8859-11.map
2011.08.24 14:23 B F:\xampp\htdocs\radiofone\ZFRFAdm\application\classes\html2fpdf\font\makefont\iso-8859-15.map --> ftp.radiofone.com.br /public_html/radiofone/ZFRFAdm/application/classes/html2fpdf/font/makefont iso-8859-15.map
2011.08.24 14:23 B F:\xampp\htdocs\radiofone\ZFRFAdm\application\classes\html2fpdf\font\makefont\iso-8859-16.map --> ftp.radiofone.com.br /public_html/radiofone/ZFRFAdm/application/classes/html2fpdf/font/makefont iso-8859-16.map
2011.08.24 14:23 B F:\xampp\htdocs\radiofone\ZFRFAdm\application\classes\html2fpdf\font\makefont\iso-8859-2.map --> ftp.radiofone.com.br /public_html/radiofone/ZFRFAdm/application/classes/html2fpdf/font/makefont iso-8859-2.map
2011.08.24 14:23 B F:\xampp\htdocs\radiofone\ZFRFAdm\application\classes\html2fpdf\font\makefont\iso-8859-4.map --> ftp.radiofone.com.br /public_html/radiofone/ZFRFAdm/application/classes/html2fpdf/font/makefont iso-8859-4.map
2011.08.24 14:23 B F:\xampp\htdocs\radiofone\ZFRFAdm\application\classes\html2fpdf\font\makefont\iso-8859-5.map --> ftp.radiofone.com.br /public_html/radiofone/ZFRFAdm/application/classes/html2fpdf/font/makefont iso-8859-5.map
2011.08.24 14:23 B F:\xampp\htdocs\radiofone\ZFRFAdm\application\classes\html2fpdf\font\makefont\iso-8859-7.map --> ftp.radiofone.com.br /public_html/radiofone/ZFRFAdm/application/classes/html2fpdf/font/makefont iso-8859-7.map
2011.08.24 14:23 B F:\xampp\htdocs\radiofone\ZFRFAdm\application\classes\html2fpdf\font\makefont\iso-8859-9.map --> ftp.radiofone.com.br /public_html/radiofone/ZFRFAdm/application/classes/html2fpdf/font/makefont iso-8859-9.map
2011.08.24 14:23 B F:\xampp\htdocs\radiofone\ZFRFAdm\application\classes\html2fpdf\font\makefont\koi8-r.map --> ftp.radiofone.com.br /public_html/radiofone/ZFRFAdm/application/classes/html2fpdf/font/makefont koi8-r.map
2011.08.24 14:23 B F:\xampp\htdocs\radiofone\ZFRFAdm\application\classes\html2fpdf\font\makefont\koi8-u.map --> ftp.radiofone.com.br /public_html/radiofone/ZFRFAdm/application/classes/html2fpdf/font/makefont koi8-u.map
2011.08.24 14:23 B F:\xampp\htdocs\radiofone\ZFRFAdm\application\classes\html2fpdf\font\makefont\makefont.php --> ftp.radiofone.com.br /public_html/radiofone/ZFRFAdm/application/classes/html2fpdf/font/makefont makefont.php
2011.08.24 14:24 B F:\xampp\htdocs\radiofone\ZFRFAdm\application\classes\html2fpdf\font\makefont\WS_FTP.LOG --> ftp.radiofone.com.br /public_html/radiofone/ZFRFAdm/application/classes/html2fpdf/font/makefont WS_FTP.LOG
2011.08.24 15:28 B F:\xampp\htdocs\radiofone\ZFRFAdm\application\classes\html2fpdf\font\makefont\cp1250.map --> ftp.radiofone.com.br /public_html/radiofone/ZFRFAdm/application/classes/html2fpdf/font/makefont cp1250.map
2011.08.24 15:28 B F:\xampp\htdocs\radiofone\ZFRFAdm\application\classes\html2fpdf\font\makefont\cp1251.map --> ftp.radiofone.com.br /public_html/radiofone/ZFRFAdm/application/classes/html2fpdf/font/makefont cp1251.map
2011.08.24 15:28 B F:\xampp\htdocs\radiofone\ZFRFAdm\application\classes\html2fpdf\font\makefont\cp1252.map --> ftp.radiofone.com.br /public_html/radiofone/ZFRFAdm/application/classes/html2fpdf/font/makefont cp1252.map
2011.08.24 15:28 B F:\xampp\htdocs\radiofone\ZFRFAdm\application\classes\html2fpdf\font\makefont\cp1253.map --> ftp.radiofone.com.br /public_html/radiofone/ZFRFAdm/application/classes/html2fpdf/font/makefont cp1253.map
2011.08.24 15:28 B F:\xampp\htdocs\radiofone\ZFRFAdm\application\classes\html2fpdf\font\makefont\cp1254.map --> ftp.radiofone.com.br /public_html/radiofone/ZFRFAdm/application/classes/html2fpdf/font/makefont cp1254.map
2011.08.24 15:28 B F:\xampp\htdocs\radiofone\ZFRFAdm\application\classes\html2fpdf\font\makefont\cp1255.map --> ftp.radiofone.com.br /public_html/radiofone/ZFRFAdm/application/classes/html2fpdf/font/makefont cp1255.map
2011.08.24 15:28 B F:\xampp\htdocs\radiofone\ZFRFAdm\application\classes\html2fpdf\font\makefont\cp1257.map --> ftp.radiofone.com.br /public_html/radiofone/ZFRFAdm/application/classes/html2fpdf/font/makefont cp1257.map
2011.08.24 15:28 B F:\xampp\htdocs\radiofone\ZFRFAdm\application\classes\html2fpdf\font\makefont\cp1258.map --> ftp.radiofone.com.br /public_html/radiofone/ZFRFAdm/application/classes/html2fpdf/font/makefont cp1258.map
2011.08.24 15:28 B F:\xampp\htdocs\radiofone\ZFRFAdm\application\classes\html2fpdf\font\makefont\cp874.map --> ftp.radiofone.com.br /public_html/radiofone/ZFRFAdm/application/classes/html2fpdf/font/makefont cp874.map
2011.08.24 15:28 B F:\xampp\htdocs\radiofone\ZFRFAdm\application\classes\html2fpdf\font\makefont\iso-8859-1.map --> ftp.radiofone.com.br /public_html/radiofone/ZFRFAdm/application/classes/html2fpdf/font/makefont iso-8859-1.map
2011.08.24 15:28 B F:\xampp\htdocs\radiofone\ZFRFAdm\application\classes\html2fpdf\font\makefont\iso-8859-11.map --> ftp.radiofone.com.br /public_html/radiofone/ZFRFAdm/application/classes/html2fpdf/font/makefont iso-8859-11.map
2011.08.24 15:28 B F:\xampp\htdocs\radiofone\ZFRFAdm\application\classes\html2fpdf\font\makefont\iso-8859-15.map --> ftp.radiofone.com.br /public_html/radiofone/ZFRFAdm/application/classes/html2fpdf/font/makefont iso-8859-15.map
2011.08.24 15:28 B F:\xampp\htdocs\radiofone\ZFRFAdm\application\classes\html2fpdf\font\makefont\iso-8859-16.map --> ftp.radiofone.com.br /public_html/radiofone/ZFRFAdm/application/classes/html2fpdf/font/makefont iso-8859-16.map
2011.08.24 15:28 B F:\xampp\htdocs\radiofone\ZFRFAdm\application\classes\html2fpdf\font\makefont\iso-8859-2.map --> ftp.radiofone.com.br /public_html/radiofone/ZFRFAdm/application/classes/html2fpdf/font/makefont iso-8859-2.map
2011.08.24 15:28 B F:\xampp\htdocs\radiofone\ZFRFAdm\application\classes\html2fpdf\font\makefont\iso-8859-4.map --> ftp.radiofone.com.br /public_html/radiofone/ZFRFAdm/application/classes/html2fpdf/font/makefont iso-8859-4.map
2011.08.24 15:28 B F:\xampp\htdocs\radiofone\ZFRFAdm\application\classes\html2fpdf\font\makefont\iso-8859-5.map --> ftp.radiofone.com.br /public_html/radiofone/ZFRFAdm/application/classes/html2fpdf/font/makefont iso-8859-5.map
2011.08.24 15:28 B F:\xampp\htdocs\radiofone\ZFRFAdm\application\classes\html2fpdf\font\makefont\iso-8859-7.map --> ftp.radiofone.com.br /public_html/radiofone/ZFRFAdm/application/classes/html2fpdf/font/makefont iso-8859-7.map
2011.08.24 15:28 B F:\xampp\htdocs\radiofone\ZFRFAdm\application\classes\html2fpdf\font\makefont\iso-8859-9.map --> ftp.radiofone.com.br /public_html/radiofone/ZFRFAdm/application/classes/html2fpdf/font/makefont iso-8859-9.map
2011.08.24 15:28 B F:\xampp\htdocs\radiofone\ZFRFAdm\application\classes\html2fpdf\font\makefont\koi8-r.map --> ftp.radiofone.com.br /public_html/radiofone/ZFRFAdm/application/classes/html2fpdf/font/makefont koi8-r.map
2011.08.24 15:28 B F:\xampp\htdocs\radiofone\ZFRFAdm\application\classes\html2fpdf\font\makefont\koi8-u.map --> ftp.radiofone.com.br /public_html/radiofone/ZFRFAdm/application/classes/html2fpdf/font/makefont koi8-u.map
2011.08.24 15:28 B F:\xampp\htdocs\radiofone\ZFRFAdm\application\classes\html2fpdf\font\makefont\makefont.php --> ftp.radiofone.com.br /public_html/radiofone/ZFRFAdm/application/classes/html2fpdf/font/makefont makefont.php
2011.08.24 15:28 B F:\xampp\htdocs\radiofone\ZFRFAdm\application\classes\html2fpdf\font\makefont\WS_FTP.LOG --> ftp.radiofone.com.br /public_html/radiofone/ZFRFAdm/application/classes/html2fpdf/font/makefont WS_FTP.LOG
2011.08.24 15:50 B F:\xampp\htdocs\radiofone\ZFRFAdm\application\classes\html2fpdf\font\makefont\cp1250.map --> ftp.radiofone.com.br /public_html/radiofone/cp/ZFRFAdm/application/classes/html2fpdf/font/makefont cp1250.map
2011.08.24 15:50 B F:\xampp\htdocs\radiofone\ZFRFAdm\application\classes\html2fpdf\font\makefont\cp1251.map --> ftp.radiofone.com.br /public_html/radiofone/cp/ZFRFAdm/application/classes/html2fpdf/font/makefont cp1251.map
2011.08.24 15:50 B F:\xampp\htdocs\radiofone\ZFRFAdm\application\classes\html2fpdf\font\makefont\cp1252.map --> ftp.radiofone.com.br /public_html/radiofone/cp/ZFRFAdm/application/classes/html2fpdf/font/makefont cp1252.map
2011.08.24 15:50 B F:\xampp\htdocs\radiofone\ZFRFAdm\application\classes\html2fpdf\font\makefont\cp1253.map --> ftp.radiofone.com.br /public_html/radiofone/cp/ZFRFAdm/application/classes/html2fpdf/font/makefont cp1253.map
2011.08.24 15:50 B F:\xampp\htdocs\radiofone\ZFRFAdm\application\classes\html2fpdf\font\makefont\cp1254.map --> ftp.radiofone.com.br /public_html/radiofone/cp/ZFRFAdm/application/classes/html2fpdf/font/makefont cp1254.map
2011.08.24 15:50 B F:\xampp\htdocs\radiofone\ZFRFAdm\application\classes\html2fpdf\font\makefont\cp1255.map --> ftp.radiofone.com.br /public_html/radiofone/cp/ZFRFAdm/application/classes/html2fpdf/font/makefont cp1255.map
2011.08.24 15:50 B F:\xampp\htdocs\radiofone\ZFRFAdm\application\classes\html2fpdf\font\makefont\cp1257.map --> ftp.radiofone.com.br /public_html/radiofone/cp/ZFRFAdm/application/classes/html2fpdf/font/makefont cp1257.map
2011.08.24 15:50 B F:\xampp\htdocs\radiofone\ZFRFAdm\application\classes\html2fpdf\font\makefont\cp1258.map --> ftp.radiofone.com.br /public_html/radiofone/cp/ZFRFAdm/application/classes/html2fpdf/font/makefont cp1258.map
2011.08.24 15:50 B F:\xampp\htdocs\radiofone\ZFRFAdm\application\classes\html2fpdf\font\makefont\cp874.map --> ftp.radiofone.com.br /public_html/radiofone/cp/ZFRFAdm/application/classes/html2fpdf/font/makefont cp874.map
2011.08.24 15:50 B F:\xampp\htdocs\radiofone\ZFRFAdm\application\classes\html2fpdf\font\makefont\iso-8859-1.map --> ftp.radiofone.com.br /public_html/radiofone/cp/ZFRFAdm/application/classes/html2fpdf/font/makefont iso-8859-1.map
2011.08.24 15:50 B F:\xampp\htdocs\radiofone\ZFRFAdm\application\classes\html2fpdf\font\makefont\iso-8859-11.map --> ftp.radiofone.com.br /public_html/radiofone/cp/ZFRFAdm/application/classes/html2fpdf/font/makefont iso-8859-11.map
2011.08.24 15:51 B F:\xampp\htdocs\radiofone\ZFRFAdm\application\classes\html2fpdf\font\makefont\iso-8859-15.map --> ftp.radiofone.com.br /public_html/radiofone/cp/ZFRFAdm/application/classes/html2fpdf/font/makefont iso-8859-15.map
2011.08.24 15:51 B F:\xampp\htdocs\radiofone\ZFRFAdm\application\classes\html2fpdf\font\makefont\iso-8859-16.map --> ftp.radiofone.com.br /public_html/radiofone/cp/ZFRFAdm/application/classes/html2fpdf/font/makefont iso-8859-16.map
2011.08.24 15:51 B F:\xampp\htdocs\radiofone\ZFRFAdm\application\classes\html2fpdf\font\makefont\iso-8859-2.map --> ftp.radiofone.com.br /public_html/radiofone/cp/ZFRFAdm/application/classes/html2fpdf/font/makefont iso-8859-2.map
2011.08.24 15:51 B F:\xampp\htdocs\radiofone\ZFRFAdm\application\classes\html2fpdf\font\makefont\iso-8859-4.map --> ftp.radiofone.com.br /public_html/radiofone/cp/ZFRFAdm/application/classes/html2fpdf/font/makefont iso-8859-4.map
2011.08.24 15:51 B F:\xampp\htdocs\radiofone\ZFRFAdm\application\classes\html2fpdf\font\makefont\iso-8859-5.map --> ftp.radiofone.com.br /public_html/radiofone/cp/ZFRFAdm/application/classes/html2fpdf/font/makefont iso-8859-5.map
2011.08.24 15:51 B F:\xampp\htdocs\radiofone\ZFRFAdm\application\classes\html2fpdf\font\makefont\iso-8859-7.map --> ftp.radiofone.com.br /public_html/radiofone/cp/ZFRFAdm/application/classes/html2fpdf/font/makefont iso-8859-7.map
2011.08.24 15:51 B F:\xampp\htdocs\radiofone\ZFRFAdm\application\classes\html2fpdf\font\makefont\iso-8859-9.map --> ftp.radiofone.com.br /public_html/radiofone/cp/ZFRFAdm/application/classes/html2fpdf/font/makefont iso-8859-9.map
2011.08.24 15:51 B F:\xampp\htdocs\radiofone\ZFRFAdm\application\classes\html2fpdf\font\makefont\koi8-r.map --> ftp.radiofone.com.br /public_html/radiofone/cp/ZFRFAdm/application/classes/html2fpdf/font/makefont koi8-r.map
2011.08.24 15:51 B F:\xampp\htdocs\radiofone\ZFRFAdm\application\classes\html2fpdf\font\makefont\koi8-u.map --> ftp.radiofone.com.br /public_html/radiofone/cp/ZFRFAdm/application/classes/html2fpdf/font/makefont koi8-u.map
2011.08.24 15:51 B F:\xampp\htdocs\radiofone\ZFRFAdm\application\classes\html2fpdf\font\makefont\makefont.php --> ftp.radiofone.com.br /public_html/radiofone/cp/ZFRFAdm/application/classes/html2fpdf/font/makefont makefont.php
2011.08.24 15:51 B F:\xampp\htdocs\radiofone\ZFRFAdm\application\classes\html2fpdf\font\makefont\WS_FTP.LOG --> ftp.radiofone.com.br /public_html/radiofone/cp/ZFRFAdm/application/classes/html2fpdf/font/makefont WS_FTP.LOG
2011.08.29 04:41 B F:\xampp\htdocs\radiofone\ZFRFAdm\application\classes\html2fpdf\font\makefont\WS_FTP.LOG --> ftp.radiofone.com.br /public_html/radiofone/cp/ZRFAdm/application/classes/html2fpdf/font/makefont WS_FTP.LOG
2012.01.24 19:23 B F:\xampp\htdocs\marmar\application\classes\html2fpdf\font\makefont\cp1250.map --> graficamarmar.com.br /htdocs/wgadm/application/classes/html2fpdf/font/makefont cp1250.map
2012.01.24 19:23 B F:\xampp\htdocs\marmar\application\classes\html2fpdf\font\makefont\cp1251.map --> graficamarmar.com.br /htdocs/wgadm/application/classes/html2fpdf/font/makefont cp1251.map
2012.01.24 19:23 B F:\xampp\htdocs\marmar\application\classes\html2fpdf\font\makefont\cp1252.map --> graficamarmar.com.br /htdocs/wgadm/application/classes/html2fpdf/font/makefont cp1252.map
2012.01.24 19:23 B F:\xampp\htdocs\marmar\application\classes\html2fpdf\font\makefont\cp1253.map --> graficamarmar.com.br /htdocs/wgadm/application/classes/html2fpdf/font/makefont cp1253.map
2012.01.24 19:23 B F:\xampp\htdocs\marmar\application\classes\html2fpdf\font\makefont\cp1254.map --> graficamarmar.com.br /htdocs/wgadm/application/classes/html2fpdf/font/makefont cp1254.map
2012.01.24 19:23 B F:\xampp\htdocs\marmar\application\classes\html2fpdf\font\makefont\cp1255.map --> graficamarmar.com.br /htdocs/wgadm/application/classes/html2fpdf/font/makefont cp1255.map
2012.01.24 19:23 B F:\xampp\htdocs\marmar\application\classes\html2fpdf\font\makefont\cp1257.map --> graficamarmar.com.br /htdocs/wgadm/application/classes/html2fpdf/font/makefont cp1257.map
2012.01.24 19:23 B F:\xampp\htdocs\marmar\application\classes\html2fpdf\font\makefont\cp1258.map --> graficamarmar.com.br /htdocs/wgadm/application/classes/html2fpdf/font/makefont cp1258.map
2012.01.24 19:23 B F:\xampp\htdocs\marmar\application\classes\html2fpdf\font\makefont\cp874.map --> graficamarmar.com.br /htdocs/wgadm/application/classes/html2fpdf/font/makefont cp874.map
2012.01.24 19:23 B F:\xampp\htdocs\marmar\application\classes\html2fpdf\font\makefont\iso-8859-1.map --> graficamarmar.com.br /htdocs/wgadm/application/classes/html2fpdf/font/makefont iso-8859-1.map
2012.01.24 19:23 B F:\xampp\htdocs\marmar\application\classes\html2fpdf\font\makefont\iso-8859-11.map --> graficamarmar.com.br /htdocs/wgadm/application/classes/html2fpdf/font/makefont iso-8859-11.map
2012.01.24 19:23 B F:\xampp\htdocs\marmar\application\classes\html2fpdf\font\makefont\iso-8859-15.map --> graficamarmar.com.br /htdocs/wgadm/application/classes/html2fpdf/font/makefont iso-8859-15.map
2012.01.24 19:23 B F:\xampp\htdocs\marmar\application\classes\html2fpdf\font\makefont\iso-8859-16.map --> graficamarmar.com.br /htdocs/wgadm/application/classes/html2fpdf/font/makefont iso-8859-16.map
2012.01.24 19:23 B F:\xampp\htdocs\marmar\application\classes\html2fpdf\font\makefont\iso-8859-2.map --> graficamarmar.com.br /htdocs/wgadm/application/classes/html2fpdf/font/makefont iso-8859-2.map
2012.01.24 19:23 B F:\xampp\htdocs\marmar\application\classes\html2fpdf\font\makefont\iso-8859-4.map --> graficamarmar.com.br /htdocs/wgadm/application/classes/html2fpdf/font/makefont iso-8859-4.map
2012.01.24 19:23 B F:\xampp\htdocs\marmar\application\classes\html2fpdf\font\makefont\iso-8859-5.map --> graficamarmar.com.br /htdocs/wgadm/application/classes/html2fpdf/font/makefont iso-8859-5.map
2012.01.24 19:23 B F:\xampp\htdocs\marmar\application\classes\html2fpdf\font\makefont\iso-8859-7.map --> graficamarmar.com.br /htdocs/wgadm/application/classes/html2fpdf/font/makefont iso-8859-7.map
2012.01.24 19:23 B F:\xampp\htdocs\marmar\application\classes\html2fpdf\font\makefont\iso-8859-9.map --> graficamarmar.com.br /htdocs/wgadm/application/classes/html2fpdf/font/makefont iso-8859-9.map
2012.01.24 19:23 B F:\xampp\htdocs\marmar\application\classes\html2fpdf\font\makefont\koi8-r.map --> graficamarmar.com.br /htdocs/wgadm/application/classes/html2fpdf/font/makefont koi8-r.map
2012.01.24 19:23 B F:\xampp\htdocs\marmar\application\classes\html2fpdf\font\makefont\koi8-u.map --> graficamarmar.com.br /htdocs/wgadm/application/classes/html2fpdf/font/makefont koi8-u.map
2012.01.24 19:23 B F:\xampp\htdocs\marmar\application\classes\html2fpdf\font\makefont\makefont.php --> graficamarmar.com.br /htdocs/wgadm/application/classes/html2fpdf/font/makefont makefont.php
2012.01.24 19:23 B F:\xampp\htdocs\marmar\application\classes\html2fpdf\font\makefont\WS_FTP.LOG --> graficamarmar.com.br /htdocs/wgadm/application/classes/html2fpdf/font/makefont WS_FTP.LOG
2012.02.08 17:56 B F:\xampp\htdocs\marmar\application\classes\html2fpdf\font\makefont\cp1250.map --> graficamarmar.hospedagemdesites.ws /public_html/wgadm/application/classes/html2fpdf/font/makefont cp1250.map
2012.02.08 17:56 B F:\xampp\htdocs\marmar\application\classes\html2fpdf\font\makefont\cp1251.map --> graficamarmar.hospedagemdesites.ws /public_html/wgadm/application/classes/html2fpdf/font/makefont cp1251.map
2012.02.08 17:56 B F:\xampp\htdocs\marmar\application\classes\html2fpdf\font\makefont\cp1252.map --> graficamarmar.hospedagemdesites.ws /public_html/wgadm/application/classes/html2fpdf/font/makefont cp1252.map
2012.02.08 17:56 B F:\xampp\htdocs\marmar\application\classes\html2fpdf\font\makefont\cp1253.map --> graficamarmar.hospedagemdesites.ws /public_html/wgadm/application/classes/html2fpdf/font/makefont cp1253.map
2012.02.08 17:56 B F:\xampp\htdocs\marmar\application\classes\html2fpdf\font\makefont\cp1254.map --> graficamarmar.hospedagemdesites.ws /public_html/wgadm/application/classes/html2fpdf/font/makefont cp1254.map
2012.02.08 17:56 B F:\xampp\htdocs\marmar\application\classes\html2fpdf\font\makefont\cp1255.map --> graficamarmar.hospedagemdesites.ws /public_html/wgadm/application/classes/html2fpdf/font/makefont cp1255.map
2012.02.08 17:56 B F:\xampp\htdocs\marmar\application\classes\html2fpdf\font\makefont\cp1257.map --> graficamarmar.hospedagemdesites.ws /public_html/wgadm/application/classes/html2fpdf/font/makefont cp1257.map
2012.02.08 17:56 B F:\xampp\htdocs\marmar\application\classes\html2fpdf\font\makefont\cp1258.map --> graficamarmar.hospedagemdesites.ws /public_html/wgadm/application/classes/html2fpdf/font/makefont cp1258.map
2012.02.08 17:56 B F:\xampp\htdocs\marmar\application\classes\html2fpdf\font\makefont\cp874.map --> graficamarmar.hospedagemdesites.ws /public_html/wgadm/application/classes/html2fpdf/font/makefont cp874.map
2012.02.08 17:56 B F:\xampp\htdocs\marmar\application\classes\html2fpdf\font\makefont\iso-8859-1.map --> graficamarmar.hospedagemdesites.ws /public_html/wgadm/application/classes/html2fpdf/font/makefont iso-8859-1.map
2012.02.08 17:56 B F:\xampp\htdocs\marmar\application\classes\html2fpdf\font\makefont\iso-8859-11.map --> graficamarmar.hospedagemdesites.ws /public_html/wgadm/application/classes/html2fpdf/font/makefont iso-8859-11.map
2012.02.08 17:56 B F:\xampp\htdocs\marmar\application\classes\html2fpdf\font\makefont\iso-8859-15.map --> graficamarmar.hospedagemdesites.ws /public_html/wgadm/application/classes/html2fpdf/font/makefont iso-8859-15.map
2012.02.08 17:56 B F:\xampp\htdocs\marmar\application\classes\html2fpdf\font\makefont\iso-8859-16.map --> graficamarmar.hospedagemdesites.ws /public_html/wgadm/application/classes/html2fpdf/font/makefont iso-8859-16.map
2012.02.08 17:56 B F:\xampp\htdocs\marmar\application\classes\html2fpdf\font\makefont\iso-8859-2.map --> graficamarmar.hospedagemdesites.ws /public_html/wgadm/application/classes/html2fpdf/font/makefont iso-8859-2.map
2012.02.08 17:56 B F:\xampp\htdocs\marmar\application\classes\html2fpdf\font\makefont\iso-8859-4.map --> graficamarmar.hospedagemdesites.ws /public_html/wgadm/application/classes/html2fpdf/font/makefont iso-8859-4.map
2012.02.08 17:56 B F:\xampp\htdocs\marmar\application\classes\html2fpdf\font\makefont\iso-8859-5.map --> graficamarmar.hospedagemdesites.ws /public_html/wgadm/application/classes/html2fpdf/font/makefont iso-8859-5.map
2012.02.08 17:56 B F:\xampp\htdocs\marmar\application\classes\html2fpdf\font\makefont\iso-8859-7.map --> graficamarmar.hospedagemdesites.ws /public_html/wgadm/application/classes/html2fpdf/font/makefont iso-8859-7.map
2012.02.08 17:56 B F:\xampp\htdocs\marmar\application\classes\html2fpdf\font\makefont\iso-8859-9.map --> graficamarmar.hospedagemdesites.ws /public_html/wgadm/application/classes/html2fpdf/font/makefont iso-8859-9.map
2012.02.08 17:56 B F:\xampp\htdocs\marmar\application\classes\html2fpdf\font\makefont\koi8-r.map --> graficamarmar.hospedagemdesites.ws /public_html/wgadm/application/classes/html2fpdf/font/makefont koi8-r.map
2012.02.08 17:56 B F:\xampp\htdocs\marmar\application\classes\html2fpdf\font\makefont\koi8-u.map --> graficamarmar.hospedagemdesites.ws /public_html/wgadm/application/classes/html2fpdf/font/makefont koi8-u.map
2012.02.08 17:56 B F:\xampp\htdocs\marmar\application\classes\html2fpdf\font\makefont\makefont.php --> graficamarmar.hospedagemdesites.ws /public_html/wgadm/application/classes/html2fpdf/font/makefont makefont.php
2012.02.08 17:56 B F:\xampp\htdocs\marmar\application\classes\html2fpdf\font\makefont\WS_FTP.LOG --> graficamarmar.hospedagemdesites.ws /public_html/wgadm/application/classes/html2fpdf/font/makefont WS_FTP.LOG
2012.06.06 02:03 B F:\xampp\htdocs\sbrafh\novosite\application\classes\html2fpdf\font\makefont\WS_FTP.LOG --> ftp.sbrafh.org.br /public_html/site/application/classes/html2fpdf/font/makefont WS_FTP.LOG
2012.06.06 02:03 B F:\xampp\htdocs\sbrafh\novosite\application\classes\html2fpdf\font\makefont\makefont.php --> ftp.sbrafh.org.br /public_html/site/application/classes/html2fpdf/font/makefont makefont.php
2012.06.06 02:03 B F:\xampp\htdocs\sbrafh\novosite\application\classes\html2fpdf\font\makefont\koi8-u.map --> ftp.sbrafh.org.br /public_html/site/application/classes/html2fpdf/font/makefont koi8-u.map
2012.06.06 02:03 B F:\xampp\htdocs\sbrafh\novosite\application\classes\html2fpdf\font\makefont\koi8-r.map --> ftp.sbrafh.org.br /public_html/site/application/classes/html2fpdf/font/makefont koi8-r.map
2012.06.06 02:03 B F:\xampp\htdocs\sbrafh\novosite\application\classes\html2fpdf\font\makefont\iso-8859-9.map --> ftp.sbrafh.org.br /public_html/site/application/classes/html2fpdf/font/makefont iso-8859-9.map
2012.06.06 02:03 B F:\xampp\htdocs\sbrafh\novosite\application\classes\html2fpdf\font\makefont\iso-8859-7.map --> ftp.sbrafh.org.br /public_html/site/application/classes/html2fpdf/font/makefont iso-8859-7.map
2012.06.06 02:03 B F:\xampp\htdocs\sbrafh\novosite\application\classes\html2fpdf\font\makefont\iso-8859-5.map --> ftp.sbrafh.org.br /public_html/site/application/classes/html2fpdf/font/makefont iso-8859-5.map
2012.06.06 02:03 B F:\xampp\htdocs\sbrafh\novosite\application\classes\html2fpdf\font\makefont\iso-8859-4.map --> ftp.sbrafh.org.br /public_html/site/application/classes/html2fpdf/font/makefont iso-8859-4.map
2012.06.06 02:03 B F:\xampp\htdocs\sbrafh\novosite\application\classes\html2fpdf\font\makefont\iso-8859-2.map --> ftp.sbrafh.org.br /public_html/site/application/classes/html2fpdf/font/makefont iso-8859-2.map
2012.06.06 02:03 B F:\xampp\htdocs\sbrafh\novosite\application\classes\html2fpdf\font\makefont\iso-8859-16.map --> ftp.sbrafh.org.br /public_html/site/application/classes/html2fpdf/font/makefont iso-8859-16.map
2012.06.06 02:03 B F:\xampp\htdocs\sbrafh\novosite\application\classes\html2fpdf\font\makefont\iso-8859-15.map --> ftp.sbrafh.org.br /public_html/site/application/classes/html2fpdf/font/makefont iso-8859-15.map
2012.06.06 02:03 B F:\xampp\htdocs\sbrafh\novosite\application\classes\html2fpdf\font\makefont\iso-8859-11.map --> ftp.sbrafh.org.br /public_html/site/application/classes/html2fpdf/font/makefont iso-8859-11.map
2012.06.06 02:03 B F:\xampp\htdocs\sbrafh\novosite\application\classes\html2fpdf\font\makefont\iso-8859-1.map --> ftp.sbrafh.org.br /public_html/site/application/classes/html2fpdf/font/makefont iso-8859-1.map
2012.06.06 02:03 B F:\xampp\htdocs\sbrafh\novosite\application\classes\html2fpdf\font\makefont\cp874.map --> ftp.sbrafh.org.br /public_html/site/application/classes/html2fpdf/font/makefont cp874.map
2012.06.06 02:03 B F:\xampp\htdocs\sbrafh\novosite\application\classes\html2fpdf\font\makefont\cp1258.map --> ftp.sbrafh.org.br /public_html/site/application/classes/html2fpdf/font/makefont cp1258.map
2012.06.06 02:03 B F:\xampp\htdocs\sbrafh\novosite\application\classes\html2fpdf\font\makefont\cp1257.map --> ftp.sbrafh.org.br /public_html/site/application/classes/html2fpdf/font/makefont cp1257.map
2012.06.06 02:03 B F:\xampp\htdocs\sbrafh\novosite\application\classes\html2fpdf\font\makefont\cp1255.map --> ftp.sbrafh.org.br /public_html/site/application/classes/html2fpdf/font/makefont cp1255.map
2012.06.06 02:03 B F:\xampp\htdocs\sbrafh\novosite\application\classes\html2fpdf\font\makefont\cp1254.map --> ftp.sbrafh.org.br /public_html/site/application/classes/html2fpdf/font/makefont cp1254.map
2012.06.06 02:03 B F:\xampp\htdocs\sbrafh\novosite\application\classes\html2fpdf\font\makefont\cp1253.map --> ftp.sbrafh.org.br /public_html/site/application/classes/html2fpdf/font/makefont cp1253.map
2012.06.06 02:03 B F:\xampp\htdocs\sbrafh\novosite\application\classes\html2fpdf\font\makefont\cp1252.map --> ftp.sbrafh.org.br /public_html/site/application/classes/html2fpdf/font/makefont cp1252.map
2012.06.06 02:03 B F:\xampp\htdocs\sbrafh\novosite\application\classes\html2fpdf\font\makefont\cp1251.map --> ftp.sbrafh.org.br /public_html/site/application/classes/html2fpdf/font/makefont cp1251.map
2012.06.06 02:03 B F:\xampp\htdocs\sbrafh\novosite\application\classes\html2fpdf\font\makefont\cp1250.map --> ftp.sbrafh.org.br /public_html/site/application/classes/html2fpdf/font/makefont cp1250.map
