2011.06.20 18:57 B F:\xampp\htdocs\zf-tutorial\library\Zend\Translate\Adapter\Array.php --> ftp.portalridgid.com.br /public_html/zf-tutorial/library/Zend/Translate/Adapter Array.php
2011.06.20 18:57 B F:\xampp\htdocs\zf-tutorial\library\Zend\Translate\Adapter\Csv.php --> ftp.portalridgid.com.br /public_html/zf-tutorial/library/Zend/Translate/Adapter Csv.php
2011.06.20 18:57 B F:\xampp\htdocs\zf-tutorial\library\Zend\Translate\Adapter\Gettext.php --> ftp.portalridgid.com.br /public_html/zf-tutorial/library/Zend/Translate/Adapter Gettext.php
2011.06.20 18:57 B F:\xampp\htdocs\zf-tutorial\library\Zend\Translate\Adapter\Ini.php --> ftp.portalridgid.com.br /public_html/zf-tutorial/library/Zend/Translate/Adapter Ini.php
2011.06.20 18:57 B F:\xampp\htdocs\zf-tutorial\library\Zend\Translate\Adapter\Qt.php --> ftp.portalridgid.com.br /public_html/zf-tutorial/library/Zend/Translate/Adapter Qt.php
2011.06.20 18:57 B F:\xampp\htdocs\zf-tutorial\library\Zend\Translate\Adapter\Tbx.php --> ftp.portalridgid.com.br /public_html/zf-tutorial/library/Zend/Translate/Adapter Tbx.php
2011.06.20 18:57 B F:\xampp\htdocs\zf-tutorial\library\Zend\Translate\Adapter\Tmx.php --> ftp.portalridgid.com.br /public_html/zf-tutorial/library/Zend/Translate/Adapter Tmx.php
2011.06.20 18:57 B F:\xampp\htdocs\zf-tutorial\library\Zend\Translate\Adapter\Xliff.php --> ftp.portalridgid.com.br /public_html/zf-tutorial/library/Zend/Translate/Adapter Xliff.php
2011.06.20 18:57 B F:\xampp\htdocs\zf-tutorial\library\Zend\Translate\Adapter\XmlTm.php --> ftp.portalridgid.com.br /public_html/zf-tutorial/library/Zend/Translate/Adapter XmlTm.php
2011.06.30 03:09 B F:\xampp\htdocs\zendLibrary\Zend\Translate\Adapter\WS_FTP.LOG --> ftp.sbrafh.org.br /sbrafh/Web/zendLibrary/Zend/Translate/Adapter WS_FTP.LOG
2011.06.30 03:09 B F:\xampp\htdocs\zendLibrary\Zend\Translate\Adapter\Gettext.php --> ftp.sbrafh.org.br /sbrafh/Web/zendLibrary/Zend/Translate/Adapter Gettext.php
2011.06.30 03:10 B F:\xampp\htdocs\zendLibrary\Zend\Translate\Adapter\XmlTm.php --> ftp.sbrafh.org.br /sbrafh/Web/zendLibrary/Zend/Translate/Adapter XmlTm.php
2011.06.30 03:10 B F:\xampp\htdocs\zendLibrary\Zend\Translate\Adapter\Xliff.php --> ftp.sbrafh.org.br /sbrafh/Web/zendLibrary/Zend/Translate/Adapter Xliff.php
2011.06.30 03:10 B F:\xampp\htdocs\zendLibrary\Zend\Translate\Adapter\Tmx.php --> ftp.sbrafh.org.br /sbrafh/Web/zendLibrary/Zend/Translate/Adapter Tmx.php
2011.06.30 03:10 B F:\xampp\htdocs\zendLibrary\Zend\Translate\Adapter\Tbx.php --> ftp.sbrafh.org.br /sbrafh/Web/zendLibrary/Zend/Translate/Adapter Tbx.php
2011.06.30 03:10 B F:\xampp\htdocs\zendLibrary\Zend\Translate\Adapter\Qt.php --> ftp.sbrafh.org.br /sbrafh/Web/zendLibrary/Zend/Translate/Adapter Qt.php
2011.06.30 03:10 B F:\xampp\htdocs\zendLibrary\Zend\Translate\Adapter\Ini.php --> ftp.sbrafh.org.br /sbrafh/Web/zendLibrary/Zend/Translate/Adapter Ini.php
2011.06.30 03:10 B F:\xampp\htdocs\zendLibrary\Zend\Translate\Adapter\Csv.php --> ftp.sbrafh.org.br /sbrafh/Web/zendLibrary/Zend/Translate/Adapter Csv.php
2011.06.30 03:10 B F:\xampp\htdocs\zendLibrary\Zend\Translate\Adapter\Array.php --> ftp.sbrafh.org.br /sbrafh/Web/zendLibrary/Zend/Translate/Adapter Array.php
2011.07.09 00:24 B F:\xampp\htdocs\zendLibrary\Zend\Translate\Adapter\Array.php --> ftp.radiofone.com.br /public_html/radiofone/zendLibrary/Zend/Translate/Adapter Array.php
2011.07.09 00:24 B F:\xampp\htdocs\zendLibrary\Zend\Translate\Adapter\Csv.php --> ftp.radiofone.com.br /public_html/radiofone/zendLibrary/Zend/Translate/Adapter Csv.php
2011.07.09 00:24 B F:\xampp\htdocs\zendLibrary\Zend\Translate\Adapter\Gettext.php --> ftp.radiofone.com.br /public_html/radiofone/zendLibrary/Zend/Translate/Adapter Gettext.php
2011.07.09 00:24 B F:\xampp\htdocs\zendLibrary\Zend\Translate\Adapter\Ini.php --> ftp.radiofone.com.br /public_html/radiofone/zendLibrary/Zend/Translate/Adapter Ini.php
2011.07.09 00:24 B F:\xampp\htdocs\zendLibrary\Zend\Translate\Adapter\Qt.php --> ftp.radiofone.com.br /public_html/radiofone/zendLibrary/Zend/Translate/Adapter Qt.php
2011.07.09 00:24 B F:\xampp\htdocs\zendLibrary\Zend\Translate\Adapter\Tbx.php --> ftp.radiofone.com.br /public_html/radiofone/zendLibrary/Zend/Translate/Adapter Tbx.php
2011.07.09 00:24 B F:\xampp\htdocs\zendLibrary\Zend\Translate\Adapter\Tmx.php --> ftp.radiofone.com.br /public_html/radiofone/zendLibrary/Zend/Translate/Adapter Tmx.php
2011.07.09 00:24 B F:\xampp\htdocs\zendLibrary\Zend\Translate\Adapter\WS_FTP.LOG --> ftp.radiofone.com.br /public_html/radiofone/zendLibrary/Zend/Translate/Adapter WS_FTP.LOG
2011.07.09 00:24 B F:\xampp\htdocs\zendLibrary\Zend\Translate\Adapter\Xliff.php --> ftp.radiofone.com.br /public_html/radiofone/zendLibrary/Zend/Translate/Adapter Xliff.php
2011.07.09 00:24 B F:\xampp\htdocs\zendLibrary\Zend\Translate\Adapter\XmlTm.php --> ftp.radiofone.com.br /public_html/radiofone/zendLibrary/Zend/Translate/Adapter XmlTm.php
2011.07.26 23:13 B F:\xampp\htdocs\zendLibrary\Zend\Translate\Adapter\Array.php --> ftp.sobrafo.org.br /public_html/zendLibrary/Zend/Translate/Adapter Array.php
2011.07.26 23:13 B F:\xampp\htdocs\zendLibrary\Zend\Translate\Adapter\Csv.php --> ftp.sobrafo.org.br /public_html/zendLibrary/Zend/Translate/Adapter Csv.php
2011.07.26 23:13 B F:\xampp\htdocs\zendLibrary\Zend\Translate\Adapter\Gettext.php --> ftp.sobrafo.org.br /public_html/zendLibrary/Zend/Translate/Adapter Gettext.php
2011.07.26 23:13 B F:\xampp\htdocs\zendLibrary\Zend\Translate\Adapter\Ini.php --> ftp.sobrafo.org.br /public_html/zendLibrary/Zend/Translate/Adapter Ini.php
2011.07.26 23:13 B F:\xampp\htdocs\zendLibrary\Zend\Translate\Adapter\Qt.php --> ftp.sobrafo.org.br /public_html/zendLibrary/Zend/Translate/Adapter Qt.php
2011.07.26 23:13 B F:\xampp\htdocs\zendLibrary\Zend\Translate\Adapter\Tbx.php --> ftp.sobrafo.org.br /public_html/zendLibrary/Zend/Translate/Adapter Tbx.php
2011.07.26 23:13 B F:\xampp\htdocs\zendLibrary\Zend\Translate\Adapter\Tmx.php --> ftp.sobrafo.org.br /public_html/zendLibrary/Zend/Translate/Adapter Tmx.php
2011.07.26 23:13 B F:\xampp\htdocs\zendLibrary\Zend\Translate\Adapter\WS_FTP.LOG --> ftp.sobrafo.org.br /public_html/zendLibrary/Zend/Translate/Adapter WS_FTP.LOG
2011.07.26 23:13 B F:\xampp\htdocs\zendLibrary\Zend\Translate\Adapter\Xliff.php --> ftp.sobrafo.org.br /public_html/zendLibrary/Zend/Translate/Adapter Xliff.php
2011.07.26 23:13 B F:\xampp\htdocs\zendLibrary\Zend\Translate\Adapter\XmlTm.php --> ftp.sobrafo.org.br /public_html/zendLibrary/Zend/Translate/Adapter XmlTm.php
2011.08.09 17:33 B F:\xampp\htdocs\ZendLibrary\Zend\Translate\Adapter\Array.php --> ftp.amfar.com.br /public_html/ZendLibrary/Zend/Translate/Adapter Array.php
2011.08.09 17:33 B F:\xampp\htdocs\ZendLibrary\Zend\Translate\Adapter\Csv.php --> ftp.amfar.com.br /public_html/ZendLibrary/Zend/Translate/Adapter Csv.php
2011.08.09 17:33 B F:\xampp\htdocs\ZendLibrary\Zend\Translate\Adapter\Gettext.php --> ftp.amfar.com.br /public_html/ZendLibrary/Zend/Translate/Adapter Gettext.php
2011.08.09 17:33 B F:\xampp\htdocs\ZendLibrary\Zend\Translate\Adapter\Ini.php --> ftp.amfar.com.br /public_html/ZendLibrary/Zend/Translate/Adapter Ini.php
2011.08.09 17:33 B F:\xampp\htdocs\ZendLibrary\Zend\Translate\Adapter\Qt.php --> ftp.amfar.com.br /public_html/ZendLibrary/Zend/Translate/Adapter Qt.php
2011.08.09 17:33 B F:\xampp\htdocs\ZendLibrary\Zend\Translate\Adapter\Tbx.php --> ftp.amfar.com.br /public_html/ZendLibrary/Zend/Translate/Adapter Tbx.php
2011.08.09 17:33 B F:\xampp\htdocs\ZendLibrary\Zend\Translate\Adapter\Tmx.php --> ftp.amfar.com.br /public_html/ZendLibrary/Zend/Translate/Adapter Tmx.php
