2011.06.20 18:47 B F:\xampp\htdocs\zf-tutorial\library\Zend\Markup\Parser\Bbcode.php --> ftp.portalridgid.com.br /public_html/zf-tutorial/library/Zend/Markup/Parser Bbcode.php
2011.06.20 18:47 B F:\xampp\htdocs\zf-tutorial\library\Zend\Markup\Parser\Exception.php --> ftp.portalridgid.com.br /public_html/zf-tutorial/library/Zend/Markup/Parser Exception.php
2011.06.20 18:47 B F:\xampp\htdocs\zf-tutorial\library\Zend\Markup\Parser\ParserInterface.php --> ftp.portalridgid.com.br /public_html/zf-tutorial/library/Zend/Markup/Parser ParserInterface.php
2011.06.20 18:47 B F:\xampp\htdocs\zf-tutorial\library\Zend\Markup\Parser\Textile.php --> ftp.portalridgid.com.br /public_html/zf-tutorial/library/Zend/Markup/Parser Textile.php
2011.06.30 03:23 B F:\xampp\htdocs\zendLibrary\Zend\Markup\Parser\WS_FTP.LOG --> ftp.sbrafh.org.br /sbrafh/Web/zendLibrary/Zend/Markup/Parser WS_FTP.LOG
2011.06.30 03:23 B F:\xampp\htdocs\zendLibrary\Zend\Markup\Parser\Textile.php --> ftp.sbrafh.org.br /sbrafh/Web/zendLibrary/Zend/Markup/Parser Textile.php
2011.06.30 03:23 B F:\xampp\htdocs\zendLibrary\Zend\Markup\Parser\ParserInterface.php --> ftp.sbrafh.org.br /sbrafh/Web/zendLibrary/Zend/Markup/Parser ParserInterface.php
2011.06.30 03:23 B F:\xampp\htdocs\zendLibrary\Zend\Markup\Parser\Exception.php --> ftp.sbrafh.org.br /sbrafh/Web/zendLibrary/Zend/Markup/Parser Exception.php
2011.06.30 03:23 B F:\xampp\htdocs\zendLibrary\Zend\Markup\Parser\Bbcode.php --> ftp.sbrafh.org.br /sbrafh/Web/zendLibrary/Zend/Markup/Parser Bbcode.php
2011.07.09 00:12 B F:\xampp\htdocs\zendLibrary\Zend\Markup\Parser\Bbcode.php --> ftp.radiofone.com.br /public_html/radiofone/zendLibrary/Zend/Markup/Parser Bbcode.php
2011.07.09 00:12 B F:\xampp\htdocs\zendLibrary\Zend\Markup\Parser\Exception.php --> ftp.radiofone.com.br /public_html/radiofone/zendLibrary/Zend/Markup/Parser Exception.php
2011.07.09 00:12 B F:\xampp\htdocs\zendLibrary\Zend\Markup\Parser\ParserInterface.php --> ftp.radiofone.com.br /public_html/radiofone/zendLibrary/Zend/Markup/Parser ParserInterface.php
2011.07.09 00:12 B F:\xampp\htdocs\zendLibrary\Zend\Markup\Parser\Textile.php --> ftp.radiofone.com.br /public_html/radiofone/zendLibrary/Zend/Markup/Parser Textile.php
2011.07.09 00:12 B F:\xampp\htdocs\zendLibrary\Zend\Markup\Parser\WS_FTP.LOG --> ftp.radiofone.com.br /public_html/radiofone/zendLibrary/Zend/Markup/Parser WS_FTP.LOG
2011.07.26 23:01 B F:\xampp\htdocs\zendLibrary\Zend\Markup\Parser\Bbcode.php --> ftp.sobrafo.org.br /public_html/zendLibrary/Zend/Markup/Parser Bbcode.php
2011.07.26 23:01 B F:\xampp\htdocs\zendLibrary\Zend\Markup\Parser\Exception.php --> ftp.sobrafo.org.br /public_html/zendLibrary/Zend/Markup/Parser Exception.php
2011.07.26 23:01 B F:\xampp\htdocs\zendLibrary\Zend\Markup\Parser\ParserInterface.php --> ftp.sobrafo.org.br /public_html/zendLibrary/Zend/Markup/Parser ParserInterface.php
2011.07.26 23:01 B F:\xampp\htdocs\zendLibrary\Zend\Markup\Parser\Textile.php --> ftp.sobrafo.org.br /public_html/zendLibrary/Zend/Markup/Parser Textile.php
2011.07.26 23:01 B F:\xampp\htdocs\zendLibrary\Zend\Markup\Parser\WS_FTP.LOG --> ftp.sobrafo.org.br /public_html/zendLibrary/Zend/Markup/Parser WS_FTP.LOG
2011.08.09 17:22 B F:\xampp\htdocs\ZendLibrary\Zend\Markup\Parser\Bbcode.php --> ftp.amfar.com.br /public_html/ZendLibrary/Zend/Markup/Parser Bbcode.php
2011.08.09 17:22 B F:\xampp\htdocs\ZendLibrary\Zend\Markup\Parser\Exception.php --> ftp.amfar.com.br /public_html/ZendLibrary/Zend/Markup/Parser Exception.php
2011.08.09 17:22 B F:\xampp\htdocs\ZendLibrary\Zend\Markup\Parser\ParserInterface.php --> ftp.amfar.com.br /public_html/ZendLibrary/Zend/Markup/Parser ParserInterface.php
2011.08.09 17:22 B F:\xampp\htdocs\ZendLibrary\Zend\Markup\Parser\Textile.php --> ftp.amfar.com.br /public_html/ZendLibrary/Zend/Markup/Parser Textile.php
