2004.03.02 13:09 B E:\htdocs\wwwmantua\enquete\images\botao_adicionar.gif <-- Mantua-web /public_html/enquete/images botao_adicionar.gif
2004.03.02 13:09 B E:\htdocs\wwwmantua\enquete\images\botao_apagar.gif <-- Mantua-web /public_html/enquete/images botao_apagar.gif
2004.03.02 13:09 B E:\htdocs\wwwmantua\enquete\images\botao_editar.gif <-- Mantua-web /public_html/enquete/images botao_editar.gif
2004.03.02 13:09 B E:\htdocs\wwwmantua\enquete\images\botao_listar.gif <-- Mantua-web /public_html/enquete/images botao_listar.gif
2004.03.02 13:09 B E:\htdocs\wwwmantua\enquete\images\enquete.jpg <-- Mantua-web /public_html/enquete/images enquete.jpg
2004.03.02 13:09 B E:\htdocs\wwwmantua\enquete\images\percent.gif <-- Mantua-web /public_html/enquete/images percent.gif
2004.03.02 13:09 B E:\htdocs\wwwmantua\enquete\images\resultado.gif <-- Mantua-web /public_html/enquete/images resultado.gif
2004.03.02 13:09 B E:\htdocs\wwwmantua\enquete\images\voltar.gif <-- Mantua-web /public_html/enquete/images voltar.gif
2004.03.02 13:09 B E:\htdocs\wwwmantua\enquete\images\votar.gif <-- Mantua-web /public_html/enquete/images votar.gif
2004.03.05 00:23 B E:\htdocs\wwwmantua\enquete\images\bk_botao.jpg --> ftp.mantua.com.br /public_html/enquete/images bk_botao.jpg
2004.03.05 00:25 B E:\htdocs\wwwmantua\enquete\images\bk_topo.jpg --> ftp.mantua.com.br /public_html/enquete/images bk_topo.jpg
2004.03.05 00:26 B E:\htdocs\wwwmantua\enquete\images\bk_topo.jpg --> ftp.mantua.com.br /public_html/enquete/images bk_topo.jpg
2004.03.08 13:43 B E:\htdocs\wwwmantua\enquete\images\bk_botao.jpg --> 192.168.0.1 /var/www/html/mantua/enquete/images bk_botao.jpg
2004.03.08 13:43 B E:\htdocs\wwwmantua\enquete\images\bk_topo.jpg --> 192.168.0.1 /var/www/html/mantua/enquete/images bk_topo.jpg
2004.03.08 13:43 B E:\htdocs\wwwmantua\enquete\images\botao_adicionar.gif --> 192.168.0.1 /var/www/html/mantua/enquete/images botao_adicionar.gif
2004.03.08 13:43 B E:\htdocs\wwwmantua\enquete\images\botao_apagar.gif --> 192.168.0.1 /var/www/html/mantua/enquete/images botao_apagar.gif
2004.03.08 13:43 B E:\htdocs\wwwmantua\enquete\images\botao_editar.gif --> 192.168.0.1 /var/www/html/mantua/enquete/images botao_editar.gif
2004.03.08 13:43 B E:\htdocs\wwwmantua\enquete\images\botao_listar.gif --> 192.168.0.1 /var/www/html/mantua/enquete/images botao_listar.gif
2004.03.08 13:43 B E:\htdocs\wwwmantua\enquete\images\enquete.jpg --> 192.168.0.1 /var/www/html/mantua/enquete/images enquete.jpg
2004.03.08 13:43 B E:\htdocs\wwwmantua\enquete\images\percent.gif --> 192.168.0.1 /var/www/html/mantua/enquete/images percent.gif
2004.03.08 13:43 B E:\htdocs\wwwmantua\enquete\images\resultado.gif --> 192.168.0.1 /var/www/html/mantua/enquete/images resultado.gif
2004.03.08 13:43 B E:\htdocs\wwwmantua\enquete\images\voltar.gif --> 192.168.0.1 /var/www/html/mantua/enquete/images voltar.gif
2004.03.08 13:43 B E:\htdocs\wwwmantua\enquete\images\votar.gif --> 192.168.0.1 /var/www/html/mantua/enquete/images votar.gif
2004.03.08 13:43 B E:\htdocs\wwwmantua\enquete\images\WS_FTP.LOG --> 192.168.0.1 /var/www/html/mantua/enquete/images WS_FTP.LOG
2004.03.08 14:18 B E:\htdocs\wwwmantua\enquete\images\bk_botao.jpg --> ftp.mantua.com.br /public_html/admin/images bk_botao.jpg
2004.03.08 14:18 B E:\htdocs\wwwmantua\enquete\images\bk_topo.jpg --> ftp.mantua.com.br /public_html/admin/images bk_topo.jpg
2004.03.08 14:18 B E:\htdocs\wwwmantua\enquete\images\botao_adicionar.gif --> ftp.mantua.com.br /public_html/admin/images botao_adicionar.gif
2004.03.08 14:18 B E:\htdocs\wwwmantua\enquete\images\botao_apagar.gif --> ftp.mantua.com.br /public_html/admin/images botao_apagar.gif
2004.03.08 14:18 B E:\htdocs\wwwmantua\enquete\images\botao_editar.gif --> ftp.mantua.com.br /public_html/admin/images botao_editar.gif
2004.03.08 14:18 B E:\htdocs\wwwmantua\enquete\images\botao_listar.gif --> ftp.mantua.com.br /public_html/admin/images botao_listar.gif
2004.03.08 14:18 B E:\htdocs\wwwmantua\enquete\images\enquete.jpg --> ftp.mantua.com.br /public_html/admin/images enquete.jpg
2004.03.08 14:18 B E:\htdocs\wwwmantua\enquete\images\percent.gif --> ftp.mantua.com.br /public_html/admin/images percent.gif
2004.03.08 14:18 B E:\htdocs\wwwmantua\enquete\images\resultado.gif --> ftp.mantua.com.br /public_html/admin/images resultado.gif
2004.03.08 14:18 B E:\htdocs\wwwmantua\enquete\images\voltar.gif --> ftp.mantua.com.br /public_html/admin/images voltar.gif
2004.03.08 14:18 B E:\htdocs\wwwmantua\enquete\images\votar.gif --> ftp.mantua.com.br /public_html/admin/images votar.gif
105.02.03 22:01 B D:\internet\htdocs\wwwmantua\admin\images\WS_FTP.LOG <-- mantua /public_html/admin/images WS_FTP.LOG
2005.06.01 12:21 B D:\internet\htdocs\wwwmantua\admin\images\bk_botao.jpg --> ftp.toledocursos.com.br /toledocursos.com.br/loja/adm/images bk_botao.jpg
2005.06.01 12:21 B D:\internet\htdocs\wwwmantua\admin\images\bk_topo.jpg --> ftp.toledocursos.com.br /toledocursos.com.br/loja/adm/images bk_topo.jpg
2005.06.01 12:21 B D:\internet\htdocs\wwwmantua\admin\images\botao_adicionar.gif --> ftp.toledocursos.com.br /toledocursos.com.br/loja/adm/images botao_adicionar.gif
2005.06.01 12:21 B D:\internet\htdocs\wwwmantua\admin\images\botao_apagar.gif --> ftp.toledocursos.com.br /toledocursos.com.br/loja/adm/images botao_apagar.gif
2005.06.01 12:21 B D:\internet\htdocs\wwwmantua\admin\images\botao_editar.gif --> ftp.toledocursos.com.br /toledocursos.com.br/loja/adm/images botao_editar.gif
2005.06.01 12:21 B D:\internet\htdocs\wwwmantua\admin\images\botao_listar.gif --> ftp.toledocursos.com.br /toledocursos.com.br/loja/adm/images botao_listar.gif
2005.06.01 12:21 B D:\internet\htdocs\wwwmantua\admin\images\enquete.jpg --> ftp.toledocursos.com.br /toledocursos.com.br/loja/adm/images enquete.jpg
2005.06.01 12:21 B D:\internet\htdocs\wwwmantua\admin\images\percent.gif --> ftp.toledocursos.com.br /toledocursos.com.br/loja/adm/images percent.gif
2005.06.01 12:21 B D:\internet\htdocs\wwwmantua\admin\images\resultado.gif --> ftp.toledocursos.com.br /toledocursos.com.br/loja/adm/images resultado.gif
2005.06.01 12:21 B D:\internet\htdocs\wwwmantua\admin\images\voltar.gif --> ftp.toledocursos.com.br /toledocursos.com.br/loja/adm/images voltar.gif
2005.06.01 12:21 B D:\internet\htdocs\wwwmantua\admin\images\votar.gif --> ftp.toledocursos.com.br /toledocursos.com.br/loja/adm/images votar.gif
2005.06.01 12:21 B D:\internet\htdocs\wwwmantua\admin\images\WS_FTP.LOG --> ftp.toledocursos.com.br /toledocursos.com.br/loja/adm/images WS_FTP.LOG
106.01.11 01:03 B D:\PHP\shopland\adm\images\bk_botao.jpg --> ftp319.locaweb.com.br /public_html/adm/images bk_botao.jpg
106.01.11 01:03 B D:\PHP\shopland\adm\images\bk_topo.jpg --> ftp319.locaweb.com.br /public_html/adm/images bk_topo.jpg
106.01.11 01:03 B D:\PHP\shopland\adm\images\botao_adicionar.gif --> ftp319.locaweb.com.br /public_html/adm/images botao_adicionar.gif
106.01.11 01:03 B D:\PHP\shopland\adm\images\botao_apagar.gif --> ftp319.locaweb.com.br /public_html/adm/images botao_apagar.gif
106.01.11 01:03 B D:\PHP\shopland\adm\images\botao_editar.gif --> ftp319.locaweb.com.br /public_html/adm/images botao_editar.gif
106.01.11 01:03 B D:\PHP\shopland\adm\images\botao_listar.gif --> ftp319.locaweb.com.br /public_html/adm/images botao_listar.gif
106.01.11 01:03 B D:\PHP\shopland\adm\images\enquete.jpg --> ftp319.locaweb.com.br /public_html/adm/images enquete.jpg
106.01.11 01:03 B D:\PHP\shopland\adm\images\percent.gif --> ftp319.locaweb.com.br /public_html/adm/images percent.gif
106.01.11 01:03 B D:\PHP\shopland\adm\images\resultado.gif --> ftp319.locaweb.com.br /public_html/adm/images resultado.gif
106.01.11 01:03 B D:\PHP\shopland\adm\images\voltar.gif --> ftp319.locaweb.com.br /public_html/adm/images voltar.gif
106.01.11 01:03 B D:\PHP\shopland\adm\images\votar.gif --> ftp319.locaweb.com.br /public_html/adm/images votar.gif
106.01.11 01:03 B D:\PHP\shopland\adm\images\WS_FTP.LOG --> ftp319.locaweb.com.br /public_html/adm/images WS_FTP.LOG
106.02.06 17:01 B D:\PHP\shopland\admin\images\bk_botao.jpg --> ftp.sbrafh.org.br /public_html/admin/images bk_botao.jpg
106.02.06 17:01 B D:\PHP\shopland\admin\images\bk_topo.jpg --> ftp.sbrafh.org.br /public_html/admin/images bk_topo.jpg
106.02.06 17:01 B D:\PHP\shopland\admin\images\botao_adicionar.gif --> ftp.sbrafh.org.br /public_html/admin/images botao_adicionar.gif
106.02.06 17:01 B D:\PHP\shopland\admin\images\botao_apagar.gif --> ftp.sbrafh.org.br /public_html/admin/images botao_apagar.gif
106.02.06 17:01 B D:\PHP\shopland\admin\images\botao_editar.gif --> ftp.sbrafh.org.br /public_html/admin/images botao_editar.gif
106.02.06 17:01 B D:\PHP\shopland\admin\images\botao_listar.gif --> ftp.sbrafh.org.br /public_html/admin/images botao_listar.gif
106.02.06 17:01 B D:\PHP\shopland\admin\images\enquete.jpg --> ftp.sbrafh.org.br /public_html/admin/images enquete.jpg
106.02.06 17:01 B D:\PHP\shopland\admin\images\percent.gif --> ftp.sbrafh.org.br /public_html/admin/images percent.gif
106.02.06 17:01 B D:\PHP\shopland\admin\images\resultado.gif --> ftp.sbrafh.org.br /public_html/admin/images resultado.gif
106.02.06 17:01 B D:\PHP\shopland\admin\images\voltar.gif --> ftp.sbrafh.org.br /public_html/admin/images voltar.gif
106.02.06 17:01 B D:\PHP\shopland\admin\images\votar.gif --> ftp.sbrafh.org.br /public_html/admin/images votar.gif
106.02.06 17:12 B D:\PHP\sbrafh\admin\images\WS_FTP.LOG <-- sbrafh /public_html/admin/images WS_FTP.LOG
106.03.17 15:18 B D:\PHP\sbrafh\admin\images\bk_botao.jpg --> ftp273.locaweb.com.br /public_html/admin/images bk_botao.jpg
106.03.17 15:18 B D:\PHP\sbrafh\admin\images\bk_topo.jpg --> ftp273.locaweb.com.br /public_html/admin/images bk_topo.jpg
106.03.17 15:18 B D:\PHP\sbrafh\admin\images\botao_adicionar.gif --> ftp273.locaweb.com.br /public_html/admin/images botao_adicionar.gif
106.03.17 15:18 B D:\PHP\sbrafh\admin\images\botao_apagar.gif --> ftp273.locaweb.com.br /public_html/admin/images botao_apagar.gif
106.03.17 15:18 B D:\PHP\sbrafh\admin\images\botao_editar.gif --> ftp273.locaweb.com.br /public_html/admin/images botao_editar.gif
106.03.17 15:18 B D:\PHP\sbrafh\admin\images\botao_listar.gif --> ftp273.locaweb.com.br /public_html/admin/images botao_listar.gif
106.03.17 15:19 B D:\PHP\sbrafh\admin\images\bk_botao.jpg --> ftp273.locaweb.com.br /public_html/admin/images bk_botao.jpg
106.03.17 15:19 B D:\PHP\sbrafh\admin\images\bk_topo.jpg --> ftp273.locaweb.com.br /public_html/admin/images bk_topo.jpg
106.03.17 15:19 B D:\PHP\sbrafh\admin\images\botao_adicionar.gif --> ftp273.locaweb.com.br /public_html/admin/images botao_adicionar.gif
106.03.17 15:19 B D:\PHP\sbrafh\admin\images\botao_apagar.gif --> ftp273.locaweb.com.br /public_html/admin/images botao_apagar.gif
106.03.17 15:19 B D:\PHP\sbrafh\admin\images\botao_editar.gif --> ftp273.locaweb.com.br /public_html/admin/images botao_editar.gif
106.03.17 15:19 B D:\PHP\sbrafh\admin\images\botao_listar.gif --> ftp273.locaweb.com.br /public_html/admin/images botao_listar.gif
106.03.17 15:19 B D:\PHP\sbrafh\admin\images\enquete.jpg --> ftp273.locaweb.com.br /public_html/admin/images enquete.jpg
106.03.17 15:19 B D:\PHP\sbrafh\admin\images\logomail.jpg --> ftp273.locaweb.com.br /public_html/admin/images logomail.jpg
106.03.17 15:19 B D:\PHP\sbrafh\admin\images\percent.gif --> ftp273.locaweb.com.br /public_html/admin/images percent.gif
106.03.17 15:19 B D:\PHP\sbrafh\admin\images\resultado.gif --> ftp273.locaweb.com.br /public_html/admin/images resultado.gif
106.03.17 15:19 B D:\PHP\sbrafh\admin\images\voltar.gif --> ftp273.locaweb.com.br /public_html/admin/images voltar.gif
106.03.17 15:19 B D:\PHP\sbrafh\admin\images\votar.gif --> ftp273.locaweb.com.br /public_html/admin/images votar.gif
106.06.08 01:19 B Z:\sbrafh\admin\images\boleto.jpg --> ftp.sbrafh.org.br /public_html/admin/images boleto.jpg
2007.08.06 19:18 B Z:\amfar\admin\images\admBalancoCaixa.png --> ftp635.locaweb.com.br /public_html/admin/images admBalancoCaixa.png
2007.08.06 19:18 B Z:\amfar\admin\images\admCadastro.png --> ftp635.locaweb.com.br /public_html/admin/images admCadastro.png
2007.08.06 19:18 B Z:\amfar\admin\images\admCursos.png --> ftp635.locaweb.com.br /public_html/admin/images admCursos.png
2007.08.06 19:18 B Z:\amfar\admin\images\admEventos.png --> ftp635.locaweb.com.br /public_html/admin/images admEventos.png
2007.08.06 19:18 B Z:\amfar\admin\images\admLancaCaixa.png --> ftp635.locaweb.com.br /public_html/admin/images admLancaCaixa.png
2007.08.06 19:18 B Z:\amfar\admin\images\admListaAssociados.png --> ftp635.locaweb.com.br /public_html/admin/images admListaAssociados.png
2007.08.06 19:18 B Z:\amfar\admin\images\admListCadastros.png --> ftp635.locaweb.com.br /public_html/admin/images admListCadastros.png
2007.08.06 19:18 B Z:\amfar\admin\images\admListCursos.png --> ftp635.locaweb.com.br /public_html/admin/images admListCursos.png
2007.08.06 19:18 B Z:\amfar\admin\images\admListEventos.png --> ftp635.locaweb.com.br /public_html/admin/images admListEventos.png
2007.08.06 19:18 B Z:\amfar\admin\images\admListNoticias.png --> ftp635.locaweb.com.br /public_html/admin/images admListNoticias.png
2007.08.06 19:18 B Z:\amfar\admin\images\admLivroCaixa.png --> ftp635.locaweb.com.br /public_html/admin/images admLivroCaixa.png
2007.08.06 19:18 B Z:\amfar\admin\images\admPlanoContas.png --> ftp635.locaweb.com.br /public_html/admin/images admPlanoContas.png
2007.08.06 19:18 B Z:\amfar\admin\images\bk_botao.jpg --> ftp635.locaweb.com.br /public_html/admin/images bk_botao.jpg
2007.08.06 19:18 B Z:\amfar\admin\images\bk_topo.jpg --> ftp635.locaweb.com.br /public_html/admin/images bk_topo.jpg
2007.08.06 19:18 B Z:\amfar\admin\images\botao_adicionar.gif --> ftp635.locaweb.com.br /public_html/admin/images botao_adicionar.gif
2007.08.06 19:18 B Z:\amfar\admin\images\botao_apagar.gif --> ftp635.locaweb.com.br /public_html/admin/images botao_apagar.gif
2007.08.06 19:18 B Z:\amfar\admin\images\botao_editar.gif --> ftp635.locaweb.com.br /public_html/admin/images botao_editar.gif
2007.08.06 19:18 B Z:\amfar\admin\images\botao_listar.gif --> ftp635.locaweb.com.br /public_html/admin/images botao_listar.gif
2007.08.06 19:18 B Z:\amfar\admin\images\closeLayer.gif --> ftp635.locaweb.com.br /public_html/admin/images closeLayer.gif
2007.08.06 19:18 B Z:\amfar\admin\images\email.gif --> ftp635.locaweb.com.br /public_html/admin/images email.gif
2007.08.06 19:18 B Z:\amfar\admin\images\enquete.jpg --> ftp635.locaweb.com.br /public_html/admin/images enquete.jpg
2007.08.06 19:18 B Z:\amfar\admin\images\h_arrow.gif --> ftp635.locaweb.com.br /public_html/admin/images h_arrow.gif
2007.08.06 19:18 B Z:\amfar\admin\images\leftArrow.png --> ftp635.locaweb.com.br /public_html/admin/images leftArrow.png
2007.08.06 19:18 B Z:\amfar\admin\images\logoEmpresa.jpg --> ftp635.locaweb.com.br /public_html/admin/images logoEmpresa.jpg
2007.08.06 19:18 B Z:\amfar\admin\images\logoMail.gif --> ftp635.locaweb.com.br /public_html/admin/images logoMail.gif
2007.08.06 19:18 B Z:\amfar\admin\images\percent.gif --> ftp635.locaweb.com.br /public_html/admin/images percent.gif
2007.08.06 19:18 B Z:\amfar\admin\images\resultado.gif --> ftp635.locaweb.com.br /public_html/admin/images resultado.gif
2007.08.06 19:18 B Z:\amfar\admin\images\rightArrow.png --> ftp635.locaweb.com.br /public_html/admin/images rightArrow.png
2007.08.06 19:18 B Z:\amfar\admin\images\seta.png --> ftp635.locaweb.com.br /public_html/admin/images seta.png
2007.08.06 19:18 B Z:\amfar\admin\images\Thumbs.db --> ftp635.locaweb.com.br /public_html/admin/images Thumbs.db
2007.08.06 19:18 B Z:\amfar\admin\images\title_bg.jpg --> ftp635.locaweb.com.br /public_html/admin/images title_bg.jpg
2007.08.06 19:18 B Z:\amfar\admin\images\voltar.gif --> ftp635.locaweb.com.br /public_html/admin/images voltar.gif
2007.08.06 19:18 B Z:\amfar\admin\images\votar.gif --> ftp635.locaweb.com.br /public_html/admin/images votar.gif
