2011.06.20 18:38 B F:\xampp\htdocs\zf-tutorial\library\Zend\Gdata\Photos\Extension\Access.php --> ftp.portalridgid.com.br /public_html/zf-tutorial/library/Zend/Gdata/Photos/Extension Access.php
2011.06.20 18:38 B F:\xampp\htdocs\zf-tutorial\library\Zend\Gdata\Photos\Extension\AlbumId.php --> ftp.portalridgid.com.br /public_html/zf-tutorial/library/Zend/Gdata/Photos/Extension AlbumId.php
2011.06.20 18:38 B F:\xampp\htdocs\zf-tutorial\library\Zend\Gdata\Photos\Extension\BytesUsed.php --> ftp.portalridgid.com.br /public_html/zf-tutorial/library/Zend/Gdata/Photos/Extension BytesUsed.php
2011.06.20 18:38 B F:\xampp\htdocs\zf-tutorial\library\Zend\Gdata\Photos\Extension\Checksum.php --> ftp.portalridgid.com.br /public_html/zf-tutorial/library/Zend/Gdata/Photos/Extension Checksum.php
2011.06.20 18:38 B F:\xampp\htdocs\zf-tutorial\library\Zend\Gdata\Photos\Extension\Client.php --> ftp.portalridgid.com.br /public_html/zf-tutorial/library/Zend/Gdata/Photos/Extension Client.php
2011.06.20 18:38 B F:\xampp\htdocs\zf-tutorial\library\Zend\Gdata\Photos\Extension\CommentCount.php --> ftp.portalridgid.com.br /public_html/zf-tutorial/library/Zend/Gdata/Photos/Extension CommentCount.php
2011.06.20 18:38 B F:\xampp\htdocs\zf-tutorial\library\Zend\Gdata\Photos\Extension\CommentingEnabled.php --> ftp.portalridgid.com.br /public_html/zf-tutorial/library/Zend/Gdata/Photos/Extension CommentingEnabled.php
2011.06.20 18:38 B F:\xampp\htdocs\zf-tutorial\library\Zend\Gdata\Photos\Extension\Height.php --> ftp.portalridgid.com.br /public_html/zf-tutorial/library/Zend/Gdata/Photos/Extension Height.php
2011.06.20 18:38 B F:\xampp\htdocs\zf-tutorial\library\Zend\Gdata\Photos\Extension\Id.php --> ftp.portalridgid.com.br /public_html/zf-tutorial/library/Zend/Gdata/Photos/Extension Id.php
2011.06.20 18:38 B F:\xampp\htdocs\zf-tutorial\library\Zend\Gdata\Photos\Extension\Location.php --> ftp.portalridgid.com.br /public_html/zf-tutorial/library/Zend/Gdata/Photos/Extension Location.php
2011.06.20 18:38 B F:\xampp\htdocs\zf-tutorial\library\Zend\Gdata\Photos\Extension\MaxPhotosPerAlbum.php --> ftp.portalridgid.com.br /public_html/zf-tutorial/library/Zend/Gdata/Photos/Extension MaxPhotosPerAlbum.php
2011.06.20 18:38 B F:\xampp\htdocs\zf-tutorial\library\Zend\Gdata\Photos\Extension\Name.php --> ftp.portalridgid.com.br /public_html/zf-tutorial/library/Zend/Gdata/Photos/Extension Name.php
2011.06.20 18:38 B F:\xampp\htdocs\zf-tutorial\library\Zend\Gdata\Photos\Extension\Nickname.php --> ftp.portalridgid.com.br /public_html/zf-tutorial/library/Zend/Gdata/Photos/Extension Nickname.php
2011.06.20 18:38 B F:\xampp\htdocs\zf-tutorial\library\Zend\Gdata\Photos\Extension\NumPhotos.php --> ftp.portalridgid.com.br /public_html/zf-tutorial/library/Zend/Gdata/Photos/Extension NumPhotos.php
2011.06.20 18:38 B F:\xampp\htdocs\zf-tutorial\library\Zend\Gdata\Photos\Extension\NumPhotosRemaining.php --> ftp.portalridgid.com.br /public_html/zf-tutorial/library/Zend/Gdata/Photos/Extension NumPhotosRemaining.php
2011.06.20 18:38 B F:\xampp\htdocs\zf-tutorial\library\Zend\Gdata\Photos\Extension\PhotoId.php --> ftp.portalridgid.com.br /public_html/zf-tutorial/library/Zend/Gdata/Photos/Extension PhotoId.php
2011.06.20 18:38 B F:\xampp\htdocs\zf-tutorial\library\Zend\Gdata\Photos\Extension\Position.php --> ftp.portalridgid.com.br /public_html/zf-tutorial/library/Zend/Gdata/Photos/Extension Position.php
2011.06.20 18:38 B F:\xampp\htdocs\zf-tutorial\library\Zend\Gdata\Photos\Extension\QuotaCurrent.php --> ftp.portalridgid.com.br /public_html/zf-tutorial/library/Zend/Gdata/Photos/Extension QuotaCurrent.php
2011.06.20 18:38 B F:\xampp\htdocs\zf-tutorial\library\Zend\Gdata\Photos\Extension\QuotaLimit.php --> ftp.portalridgid.com.br /public_html/zf-tutorial/library/Zend/Gdata/Photos/Extension QuotaLimit.php
2011.06.20 18:38 B F:\xampp\htdocs\zf-tutorial\library\Zend\Gdata\Photos\Extension\Rotation.php --> ftp.portalridgid.com.br /public_html/zf-tutorial/library/Zend/Gdata/Photos/Extension Rotation.php
2011.06.20 18:38 B F:\xampp\htdocs\zf-tutorial\library\Zend\Gdata\Photos\Extension\Size.php --> ftp.portalridgid.com.br /public_html/zf-tutorial/library/Zend/Gdata/Photos/Extension Size.php
2011.06.20 18:38 B F:\xampp\htdocs\zf-tutorial\library\Zend\Gdata\Photos\Extension\Thumbnail.php --> ftp.portalridgid.com.br /public_html/zf-tutorial/library/Zend/Gdata/Photos/Extension Thumbnail.php
2011.06.20 18:38 B F:\xampp\htdocs\zf-tutorial\library\Zend\Gdata\Photos\Extension\Timestamp.php --> ftp.portalridgid.com.br /public_html/zf-tutorial/library/Zend/Gdata/Photos/Extension Timestamp.php
2011.06.20 18:38 B F:\xampp\htdocs\zf-tutorial\library\Zend\Gdata\Photos\Extension\User.php --> ftp.portalridgid.com.br /public_html/zf-tutorial/library/Zend/Gdata/Photos/Extension User.php
2011.06.20 18:38 B F:\xampp\htdocs\zf-tutorial\library\Zend\Gdata\Photos\Extension\Version.php --> ftp.portalridgid.com.br /public_html/zf-tutorial/library/Zend/Gdata/Photos/Extension Version.php
2011.06.20 18:38 B F:\xampp\htdocs\zf-tutorial\library\Zend\Gdata\Photos\Extension\Weight.php --> ftp.portalridgid.com.br /public_html/zf-tutorial/library/Zend/Gdata/Photos/Extension Weight.php
2011.06.20 18:38 B F:\xampp\htdocs\zf-tutorial\library\Zend\Gdata\Photos\Extension\Width.php --> ftp.portalridgid.com.br /public_html/zf-tutorial/library/Zend/Gdata/Photos/Extension Width.php
2011.06.30 03:34 B F:\xampp\htdocs\zendLibrary\Zend\Gdata\Photos\Extension\WS_FTP.LOG --> ftp.sbrafh.org.br /sbrafh/Web/zendLibrary/Zend/Gdata/Photos/Extension WS_FTP.LOG
2011.06.30 03:34 B F:\xampp\htdocs\zendLibrary\Zend\Gdata\Photos\Extension\Width.php --> ftp.sbrafh.org.br /sbrafh/Web/zendLibrary/Zend/Gdata/Photos/Extension Width.php
2011.06.30 03:34 B F:\xampp\htdocs\zendLibrary\Zend\Gdata\Photos\Extension\Weight.php --> ftp.sbrafh.org.br /sbrafh/Web/zendLibrary/Zend/Gdata/Photos/Extension Weight.php
2011.06.30 03:34 B F:\xampp\htdocs\zendLibrary\Zend\Gdata\Photos\Extension\Version.php --> ftp.sbrafh.org.br /sbrafh/Web/zendLibrary/Zend/Gdata/Photos/Extension Version.php
2011.06.30 03:34 B F:\xampp\htdocs\zendLibrary\Zend\Gdata\Photos\Extension\User.php --> ftp.sbrafh.org.br /sbrafh/Web/zendLibrary/Zend/Gdata/Photos/Extension User.php
2011.06.30 03:34 B F:\xampp\htdocs\zendLibrary\Zend\Gdata\Photos\Extension\Timestamp.php --> ftp.sbrafh.org.br /sbrafh/Web/zendLibrary/Zend/Gdata/Photos/Extension Timestamp.php
2011.06.30 03:34 B F:\xampp\htdocs\zendLibrary\Zend\Gdata\Photos\Extension\Thumbnail.php --> ftp.sbrafh.org.br /sbrafh/Web/zendLibrary/Zend/Gdata/Photos/Extension Thumbnail.php
2011.06.30 03:34 B F:\xampp\htdocs\zendLibrary\Zend\Gdata\Photos\Extension\Size.php --> ftp.sbrafh.org.br /sbrafh/Web/zendLibrary/Zend/Gdata/Photos/Extension Size.php
2011.06.30 03:34 B F:\xampp\htdocs\zendLibrary\Zend\Gdata\Photos\Extension\Rotation.php --> ftp.sbrafh.org.br /sbrafh/Web/zendLibrary/Zend/Gdata/Photos/Extension Rotation.php
2011.06.30 03:34 B F:\xampp\htdocs\zendLibrary\Zend\Gdata\Photos\Extension\QuotaLimit.php --> ftp.sbrafh.org.br /sbrafh/Web/zendLibrary/Zend/Gdata/Photos/Extension QuotaLimit.php
2011.06.30 03:34 B F:\xampp\htdocs\zendLibrary\Zend\Gdata\Photos\Extension\QuotaCurrent.php --> ftp.sbrafh.org.br /sbrafh/Web/zendLibrary/Zend/Gdata/Photos/Extension QuotaCurrent.php
2011.06.30 03:34 B F:\xampp\htdocs\zendLibrary\Zend\Gdata\Photos\Extension\Position.php --> ftp.sbrafh.org.br /sbrafh/Web/zendLibrary/Zend/Gdata/Photos/Extension Position.php
2011.06.30 03:34 B F:\xampp\htdocs\zendLibrary\Zend\Gdata\Photos\Extension\PhotoId.php --> ftp.sbrafh.org.br /sbrafh/Web/zendLibrary/Zend/Gdata/Photos/Extension PhotoId.php
2011.06.30 03:34 B F:\xampp\htdocs\zendLibrary\Zend\Gdata\Photos\Extension\NumPhotosRemaining.php --> ftp.sbrafh.org.br /sbrafh/Web/zendLibrary/Zend/Gdata/Photos/Extension NumPhotosRemaining.php
2011.06.30 03:34 B F:\xampp\htdocs\zendLibrary\Zend\Gdata\Photos\Extension\NumPhotos.php --> ftp.sbrafh.org.br /sbrafh/Web/zendLibrary/Zend/Gdata/Photos/Extension NumPhotos.php
2011.06.30 03:34 B F:\xampp\htdocs\zendLibrary\Zend\Gdata\Photos\Extension\Nickname.php --> ftp.sbrafh.org.br /sbrafh/Web/zendLibrary/Zend/Gdata/Photos/Extension Nickname.php
2011.06.30 03:34 B F:\xampp\htdocs\zendLibrary\Zend\Gdata\Photos\Extension\Name.php --> ftp.sbrafh.org.br /sbrafh/Web/zendLibrary/Zend/Gdata/Photos/Extension Name.php
2011.06.30 03:34 B F:\xampp\htdocs\zendLibrary\Zend\Gdata\Photos\Extension\MaxPhotosPerAlbum.php --> ftp.sbrafh.org.br /sbrafh/Web/zendLibrary/Zend/Gdata/Photos/Extension MaxPhotosPerAlbum.php
2011.06.30 03:34 B F:\xampp\htdocs\zendLibrary\Zend\Gdata\Photos\Extension\Location.php --> ftp.sbrafh.org.br /sbrafh/Web/zendLibrary/Zend/Gdata/Photos/Extension Location.php
2011.06.30 03:34 B F:\xampp\htdocs\zendLibrary\Zend\Gdata\Photos\Extension\Id.php --> ftp.sbrafh.org.br /sbrafh/Web/zendLibrary/Zend/Gdata/Photos/Extension Id.php
2011.06.30 03:34 B F:\xampp\htdocs\zendLibrary\Zend\Gdata\Photos\Extension\Height.php --> ftp.sbrafh.org.br /sbrafh/Web/zendLibrary/Zend/Gdata/Photos/Extension Height.php
2011.06.30 03:34 B F:\xampp\htdocs\zendLibrary\Zend\Gdata\Photos\Extension\CommentingEnabled.php --> ftp.sbrafh.org.br /sbrafh/Web/zendLibrary/Zend/Gdata/Photos/Extension CommentingEnabled.php
2011.06.30 03:34 B F:\xampp\htdocs\zendLibrary\Zend\Gdata\Photos\Extension\CommentCount.php --> ftp.sbrafh.org.br /sbrafh/Web/zendLibrary/Zend/Gdata/Photos/Extension CommentCount.php
2011.06.30 03:34 B F:\xampp\htdocs\zendLibrary\Zend\Gdata\Photos\Extension\Client.php --> ftp.sbrafh.org.br /sbrafh/Web/zendLibrary/Zend/Gdata/Photos/Extension Client.php
2011.06.30 03:34 B F:\xampp\htdocs\zendLibrary\Zend\Gdata\Photos\Extension\Checksum.php --> ftp.sbrafh.org.br /sbrafh/Web/zendLibrary/Zend/Gdata/Photos/Extension Checksum.php
2011.06.30 03:34 B F:\xampp\htdocs\zendLibrary\Zend\Gdata\Photos\Extension\BytesUsed.php --> ftp.sbrafh.org.br /sbrafh/Web/zendLibrary/Zend/Gdata/Photos/Extension BytesUsed.php
2011.06.30 03:34 B F:\xampp\htdocs\zendLibrary\Zend\Gdata\Photos\Extension\AlbumId.php --> ftp.sbrafh.org.br /sbrafh/Web/zendLibrary/Zend/Gdata/Photos/Extension AlbumId.php
2011.06.30 03:34 B F:\xampp\htdocs\zendLibrary\Zend\Gdata\Photos\Extension\Access.php --> ftp.sbrafh.org.br /sbrafh/Web/zendLibrary/Zend/Gdata/Photos/Extension Access.php
2011.07.08 23:51 B F:\xampp\htdocs\zendLibrary\Zend\Gdata\Photos\Extension\Access.php --> ftp.radiofone.com.br /public_html/radiofone/zendLibrary/Zend/Gdata/Photos/Extension Access.php
2011.07.08 23:51 B F:\xampp\htdocs\zendLibrary\Zend\Gdata\Photos\Extension\AlbumId.php --> ftp.radiofone.com.br /public_html/radiofone/zendLibrary/Zend/Gdata/Photos/Extension AlbumId.php
2011.07.08 23:51 B F:\xampp\htdocs\zendLibrary\Zend\Gdata\Photos\Extension\BytesUsed.php --> ftp.radiofone.com.br /public_html/radiofone/zendLibrary/Zend/Gdata/Photos/Extension BytesUsed.php
2011.07.08 23:51 B F:\xampp\htdocs\zendLibrary\Zend\Gdata\Photos\Extension\Checksum.php --> ftp.radiofone.com.br /public_html/radiofone/zendLibrary/Zend/Gdata/Photos/Extension Checksum.php
2011.07.08 23:51 B F:\xampp\htdocs\zendLibrary\Zend\Gdata\Photos\Extension\Client.php --> ftp.radiofone.com.br /public_html/radiofone/zendLibrary/Zend/Gdata/Photos/Extension Client.php
2011.07.08 23:51 B F:\xampp\htdocs\zendLibrary\Zend\Gdata\Photos\Extension\CommentCount.php --> ftp.radiofone.com.br /public_html/radiofone/zendLibrary/Zend/Gdata/Photos/Extension CommentCount.php
2011.07.08 23:51 B F:\xampp\htdocs\zendLibrary\Zend\Gdata\Photos\Extension\CommentingEnabled.php --> ftp.radiofone.com.br /public_html/radiofone/zendLibrary/Zend/Gdata/Photos/Extension CommentingEnabled.php
2011.07.08 23:51 B F:\xampp\htdocs\zendLibrary\Zend\Gdata\Photos\Extension\Height.php --> ftp.radiofone.com.br /public_html/radiofone/zendLibrary/Zend/Gdata/Photos/Extension Height.php
2011.07.08 23:51 B F:\xampp\htdocs\zendLibrary\Zend\Gdata\Photos\Extension\Id.php --> ftp.radiofone.com.br /public_html/radiofone/zendLibrary/Zend/Gdata/Photos/Extension Id.php
2011.07.08 23:51 B F:\xampp\htdocs\zendLibrary\Zend\Gdata\Photos\Extension\Location.php --> ftp.radiofone.com.br /public_html/radiofone/zendLibrary/Zend/Gdata/Photos/Extension Location.php
2011.07.08 23:51 B F:\xampp\htdocs\zendLibrary\Zend\Gdata\Photos\Extension\MaxPhotosPerAlbum.php --> ftp.radiofone.com.br /public_html/radiofone/zendLibrary/Zend/Gdata/Photos/Extension MaxPhotosPerAlbum.php
2011.07.08 23:51 B F:\xampp\htdocs\zendLibrary\Zend\Gdata\Photos\Extension\Name.php --> ftp.radiofone.com.br /public_html/radiofone/zendLibrary/Zend/Gdata/Photos/Extension Name.php
2011.07.08 23:51 B F:\xampp\htdocs\zendLibrary\Zend\Gdata\Photos\Extension\Nickname.php --> ftp.radiofone.com.br /public_html/radiofone/zendLibrary/Zend/Gdata/Photos/Extension Nickname.php
2011.07.08 23:51 B F:\xampp\htdocs\zendLibrary\Zend\Gdata\Photos\Extension\NumPhotos.php --> ftp.radiofone.com.br /public_html/radiofone/zendLibrary/Zend/Gdata/Photos/Extension NumPhotos.php
2011.07.08 23:51 B F:\xampp\htdocs\zendLibrary\Zend\Gdata\Photos\Extension\NumPhotosRemaining.php --> ftp.radiofone.com.br /public_html/radiofone/zendLibrary/Zend/Gdata/Photos/Extension NumPhotosRemaining.php
2011.07.08 23:51 B F:\xampp\htdocs\zendLibrary\Zend\Gdata\Photos\Extension\PhotoId.php --> ftp.radiofone.com.br /public_html/radiofone/zendLibrary/Zend/Gdata/Photos/Extension PhotoId.php
2011.07.08 23:51 B F:\xampp\htdocs\zendLibrary\Zend\Gdata\Photos\Extension\Position.php --> ftp.radiofone.com.br /public_html/radiofone/zendLibrary/Zend/Gdata/Photos/Extension Position.php
2011.07.08 23:51 B F:\xampp\htdocs\zendLibrary\Zend\Gdata\Photos\Extension\QuotaCurrent.php --> ftp.radiofone.com.br /public_html/radiofone/zendLibrary/Zend/Gdata/Photos/Extension QuotaCurrent.php
2011.07.08 23:51 B F:\xampp\htdocs\zendLibrary\Zend\Gdata\Photos\Extension\QuotaLimit.php --> ftp.radiofone.com.br /public_html/radiofone/zendLibrary/Zend/Gdata/Photos/Extension QuotaLimit.php
2011.07.08 23:51 B F:\xampp\htdocs\zendLibrary\Zend\Gdata\Photos\Extension\Rotation.php --> ftp.radiofone.com.br /public_html/radiofone/zendLibrary/Zend/Gdata/Photos/Extension Rotation.php
2011.07.08 23:51 B F:\xampp\htdocs\zendLibrary\Zend\Gdata\Photos\Extension\Size.php --> ftp.radiofone.com.br /public_html/radiofone/zendLibrary/Zend/Gdata/Photos/Extension Size.php
2011.07.08 23:51 B F:\xampp\htdocs\zendLibrary\Zend\Gdata\Photos\Extension\Thumbnail.php --> ftp.radiofone.com.br /public_html/radiofone/zendLibrary/Zend/Gdata/Photos/Extension Thumbnail.php
2011.07.08 23:51 B F:\xampp\htdocs\zendLibrary\Zend\Gdata\Photos\Extension\Timestamp.php --> ftp.radiofone.com.br /public_html/radiofone/zendLibrary/Zend/Gdata/Photos/Extension Timestamp.php
2011.07.08 23:51 B F:\xampp\htdocs\zendLibrary\Zend\Gdata\Photos\Extension\User.php --> ftp.radiofone.com.br /public_html/radiofone/zendLibrary/Zend/Gdata/Photos/Extension User.php
2011.07.08 23:51 B F:\xampp\htdocs\zendLibrary\Zend\Gdata\Photos\Extension\Version.php --> ftp.radiofone.com.br /public_html/radiofone/zendLibrary/Zend/Gdata/Photos/Extension Version.php
2011.07.08 23:51 B F:\xampp\htdocs\zendLibrary\Zend\Gdata\Photos\Extension\Weight.php --> ftp.radiofone.com.br /public_html/radiofone/zendLibrary/Zend/Gdata/Photos/Extension Weight.php
2011.07.08 23:51 B F:\xampp\htdocs\zendLibrary\Zend\Gdata\Photos\Extension\Width.php --> ftp.radiofone.com.br /public_html/radiofone/zendLibrary/Zend/Gdata/Photos/Extension Width.php
2011.07.08 23:51 B F:\xampp\htdocs\zendLibrary\Zend\Gdata\Photos\Extension\WS_FTP.LOG --> ftp.radiofone.com.br /public_html/radiofone/zendLibrary/Zend/Gdata/Photos/Extension WS_FTP.LOG
2011.07.26 22:52 B F:\xampp\htdocs\zendLibrary\Zend\Gdata\Photos\Extension\Access.php --> ftp.sobrafo.org.br /public_html/zendLibrary/Zend/Gdata/Photos/Extension Access.php
2011.07.26 22:52 B F:\xampp\htdocs\zendLibrary\Zend\Gdata\Photos\Extension\AlbumId.php --> ftp.sobrafo.org.br /public_html/zendLibrary/Zend/Gdata/Photos/Extension AlbumId.php
2011.07.26 22:52 B F:\xampp\htdocs\zendLibrary\Zend\Gdata\Photos\Extension\BytesUsed.php --> ftp.sobrafo.org.br /public_html/zendLibrary/Zend/Gdata/Photos/Extension BytesUsed.php
2011.07.26 22:52 B F:\xampp\htdocs\zendLibrary\Zend\Gdata\Photos\Extension\Checksum.php --> ftp.sobrafo.org.br /public_html/zendLibrary/Zend/Gdata/Photos/Extension Checksum.php
2011.07.26 22:52 B F:\xampp\htdocs\zendLibrary\Zend\Gdata\Photos\Extension\Client.php --> ftp.sobrafo.org.br /public_html/zendLibrary/Zend/Gdata/Photos/Extension Client.php
2011.07.26 22:52 B F:\xampp\htdocs\zendLibrary\Zend\Gdata\Photos\Extension\CommentCount.php --> ftp.sobrafo.org.br /public_html/zendLibrary/Zend/Gdata/Photos/Extension CommentCount.php
2011.07.26 22:52 B F:\xampp\htdocs\zendLibrary\Zend\Gdata\Photos\Extension\CommentingEnabled.php --> ftp.sobrafo.org.br /public_html/zendLibrary/Zend/Gdata/Photos/Extension CommentingEnabled.php
2011.07.26 22:52 B F:\xampp\htdocs\zendLibrary\Zend\Gdata\Photos\Extension\Height.php --> ftp.sobrafo.org.br /public_html/zendLibrary/Zend/Gdata/Photos/Extension Height.php
2011.07.26 22:52 B F:\xampp\htdocs\zendLibrary\Zend\Gdata\Photos\Extension\Id.php --> ftp.sobrafo.org.br /public_html/zendLibrary/Zend/Gdata/Photos/Extension Id.php
2011.07.26 22:52 B F:\xampp\htdocs\zendLibrary\Zend\Gdata\Photos\Extension\Location.php --> ftp.sobrafo.org.br /public_html/zendLibrary/Zend/Gdata/Photos/Extension Location.php
2011.07.26 22:52 B F:\xampp\htdocs\zendLibrary\Zend\Gdata\Photos\Extension\MaxPhotosPerAlbum.php --> ftp.sobrafo.org.br /public_html/zendLibrary/Zend/Gdata/Photos/Extension MaxPhotosPerAlbum.php
2011.07.26 22:52 B F:\xampp\htdocs\zendLibrary\Zend\Gdata\Photos\Extension\Name.php --> ftp.sobrafo.org.br /public_html/zendLibrary/Zend/Gdata/Photos/Extension Name.php
2011.07.26 22:52 B F:\xampp\htdocs\zendLibrary\Zend\Gdata\Photos\Extension\Nickname.php --> ftp.sobrafo.org.br /public_html/zendLibrary/Zend/Gdata/Photos/Extension Nickname.php
2011.07.26 22:52 B F:\xampp\htdocs\zendLibrary\Zend\Gdata\Photos\Extension\NumPhotos.php --> ftp.sobrafo.org.br /public_html/zendLibrary/Zend/Gdata/Photos/Extension NumPhotos.php
2011.07.26 22:52 B F:\xampp\htdocs\zendLibrary\Zend\Gdata\Photos\Extension\NumPhotosRemaining.php --> ftp.sobrafo.org.br /public_html/zendLibrary/Zend/Gdata/Photos/Extension NumPhotosRemaining.php
2011.07.26 22:52 B F:\xampp\htdocs\zendLibrary\Zend\Gdata\Photos\Extension\PhotoId.php --> ftp.sobrafo.org.br /public_html/zendLibrary/Zend/Gdata/Photos/Extension PhotoId.php
2011.07.26 22:52 B F:\xampp\htdocs\zendLibrary\Zend\Gdata\Photos\Extension\Position.php --> ftp.sobrafo.org.br /public_html/zendLibrary/Zend/Gdata/Photos/Extension Position.php
2011.07.26 22:52 B F:\xampp\htdocs\zendLibrary\Zend\Gdata\Photos\Extension\QuotaCurrent.php --> ftp.sobrafo.org.br /public_html/zendLibrary/Zend/Gdata/Photos/Extension QuotaCurrent.php
2011.07.26 22:52 B F:\xampp\htdocs\zendLibrary\Zend\Gdata\Photos\Extension\QuotaLimit.php --> ftp.sobrafo.org.br /public_html/zendLibrary/Zend/Gdata/Photos/Extension QuotaLimit.php
2011.07.26 22:52 B F:\xampp\htdocs\zendLibrary\Zend\Gdata\Photos\Extension\Rotation.php --> ftp.sobrafo.org.br /public_html/zendLibrary/Zend/Gdata/Photos/Extension Rotation.php
2011.07.26 22:52 B F:\xampp\htdocs\zendLibrary\Zend\Gdata\Photos\Extension\Size.php --> ftp.sobrafo.org.br /public_html/zendLibrary/Zend/Gdata/Photos/Extension Size.php
2011.07.26 22:52 B F:\xampp\htdocs\zendLibrary\Zend\Gdata\Photos\Extension\Thumbnail.php --> ftp.sobrafo.org.br /public_html/zendLibrary/Zend/Gdata/Photos/Extension Thumbnail.php
2011.07.26 22:52 B F:\xampp\htdocs\zendLibrary\Zend\Gdata\Photos\Extension\Timestamp.php --> ftp.sobrafo.org.br /public_html/zendLibrary/Zend/Gdata/Photos/Extension Timestamp.php
2011.07.26 22:52 B F:\xampp\htdocs\zendLibrary\Zend\Gdata\Photos\Extension\User.php --> ftp.sobrafo.org.br /public_html/zendLibrary/Zend/Gdata/Photos/Extension User.php
2011.07.26 22:52 B F:\xampp\htdocs\zendLibrary\Zend\Gdata\Photos\Extension\Version.php --> ftp.sobrafo.org.br /public_html/zendLibrary/Zend/Gdata/Photos/Extension Version.php
2011.07.26 22:52 B F:\xampp\htdocs\zendLibrary\Zend\Gdata\Photos\Extension\Weight.php --> ftp.sobrafo.org.br /public_html/zendLibrary/Zend/Gdata/Photos/Extension Weight.php
2011.07.26 22:52 B F:\xampp\htdocs\zendLibrary\Zend\Gdata\Photos\Extension\Width.php --> ftp.sobrafo.org.br /public_html/zendLibrary/Zend/Gdata/Photos/Extension Width.php
2011.07.26 22:52 B F:\xampp\htdocs\zendLibrary\Zend\Gdata\Photos\Extension\WS_FTP.LOG --> ftp.sobrafo.org.br /public_html/zendLibrary/Zend/Gdata/Photos/Extension WS_FTP.LOG
2011.08.09 17:02 B F:\xampp\htdocs\ZendLibrary\Zend\Gdata\Photos\Extension\Access.php --> ftp.amfar.com.br /public_html/ZendLibrary/Zend/Gdata/Photos/Extension Access.php
2011.08.09 17:02 B F:\xampp\htdocs\ZendLibrary\Zend\Gdata\Photos\Extension\AlbumId.php --> ftp.amfar.com.br /public_html/ZendLibrary/Zend/Gdata/Photos/Extension AlbumId.php
2011.08.09 17:02 B F:\xampp\htdocs\ZendLibrary\Zend\Gdata\Photos\Extension\BytesUsed.php --> ftp.amfar.com.br /public_html/ZendLibrary/Zend/Gdata/Photos/Extension BytesUsed.php
2011.08.09 17:02 B F:\xampp\htdocs\ZendLibrary\Zend\Gdata\Photos\Extension\Checksum.php --> ftp.amfar.com.br /public_html/ZendLibrary/Zend/Gdata/Photos/Extension Checksum.php
2011.08.09 17:02 B F:\xampp\htdocs\ZendLibrary\Zend\Gdata\Photos\Extension\Client.php --> ftp.amfar.com.br /public_html/ZendLibrary/Zend/Gdata/Photos/Extension Client.php
2011.08.09 17:02 B F:\xampp\htdocs\ZendLibrary\Zend\Gdata\Photos\Extension\CommentCount.php --> ftp.amfar.com.br /public_html/ZendLibrary/Zend/Gdata/Photos/Extension CommentCount.php
2011.08.09 17:02 B F:\xampp\htdocs\ZendLibrary\Zend\Gdata\Photos\Extension\CommentingEnabled.php --> ftp.amfar.com.br /public_html/ZendLibrary/Zend/Gdata/Photos/Extension CommentingEnabled.php
2011.08.09 17:02 B F:\xampp\htdocs\ZendLibrary\Zend\Gdata\Photos\Extension\Height.php --> ftp.amfar.com.br /public_html/ZendLibrary/Zend/Gdata/Photos/Extension Height.php
2011.08.09 17:02 B F:\xampp\htdocs\ZendLibrary\Zend\Gdata\Photos\Extension\Id.php --> ftp.amfar.com.br /public_html/ZendLibrary/Zend/Gdata/Photos/Extension Id.php
2011.08.09 17:02 B F:\xampp\htdocs\ZendLibrary\Zend\Gdata\Photos\Extension\Location.php --> ftp.amfar.com.br /public_html/ZendLibrary/Zend/Gdata/Photos/Extension Location.php
2011.08.09 17:02 B F:\xampp\htdocs\ZendLibrary\Zend\Gdata\Photos\Extension\MaxPhotosPerAlbum.php --> ftp.amfar.com.br /public_html/ZendLibrary/Zend/Gdata/Photos/Extension MaxPhotosPerAlbum.php
2011.08.09 17:02 B F:\xampp\htdocs\ZendLibrary\Zend\Gdata\Photos\Extension\Name.php --> ftp.amfar.com.br /public_html/ZendLibrary/Zend/Gdata/Photos/Extension Name.php
2011.08.09 17:02 B F:\xampp\htdocs\ZendLibrary\Zend\Gdata\Photos\Extension\Nickname.php --> ftp.amfar.com.br /public_html/ZendLibrary/Zend/Gdata/Photos/Extension Nickname.php
2011.08.09 17:02 B F:\xampp\htdocs\ZendLibrary\Zend\Gdata\Photos\Extension\NumPhotos.php --> ftp.amfar.com.br /public_html/ZendLibrary/Zend/Gdata/Photos/Extension NumPhotos.php
2011.08.09 17:02 B F:\xampp\htdocs\ZendLibrary\Zend\Gdata\Photos\Extension\NumPhotosRemaining.php --> ftp.amfar.com.br /public_html/ZendLibrary/Zend/Gdata/Photos/Extension NumPhotosRemaining.php
2011.08.09 17:02 B F:\xampp\htdocs\ZendLibrary\Zend\Gdata\Photos\Extension\PhotoId.php --> ftp.amfar.com.br /public_html/ZendLibrary/Zend/Gdata/Photos/Extension PhotoId.php
2011.08.09 17:02 B F:\xampp\htdocs\ZendLibrary\Zend\Gdata\Photos\Extension\Position.php --> ftp.amfar.com.br /public_html/ZendLibrary/Zend/Gdata/Photos/Extension Position.php
2011.08.09 17:02 B F:\xampp\htdocs\ZendLibrary\Zend\Gdata\Photos\Extension\QuotaCurrent.php --> ftp.amfar.com.br /public_html/ZendLibrary/Zend/Gdata/Photos/Extension QuotaCurrent.php
2011.08.09 17:02 B F:\xampp\htdocs\ZendLibrary\Zend\Gdata\Photos\Extension\QuotaLimit.php --> ftp.amfar.com.br /public_html/ZendLibrary/Zend/Gdata/Photos/Extension QuotaLimit.php
2011.08.09 17:02 B F:\xampp\htdocs\ZendLibrary\Zend\Gdata\Photos\Extension\Rotation.php --> ftp.amfar.com.br /public_html/ZendLibrary/Zend/Gdata/Photos/Extension Rotation.php
2011.08.09 17:02 B F:\xampp\htdocs\ZendLibrary\Zend\Gdata\Photos\Extension\Size.php --> ftp.amfar.com.br /public_html/ZendLibrary/Zend/Gdata/Photos/Extension Size.php
2011.08.09 17:02 B F:\xampp\htdocs\ZendLibrary\Zend\Gdata\Photos\Extension\Thumbnail.php --> ftp.amfar.com.br /public_html/ZendLibrary/Zend/Gdata/Photos/Extension Thumbnail.php
2011.08.09 17:02 B F:\xampp\htdocs\ZendLibrary\Zend\Gdata\Photos\Extension\Timestamp.php --> ftp.amfar.com.br /public_html/ZendLibrary/Zend/Gdata/Photos/Extension Timestamp.php
2011.08.09 17:02 B F:\xampp\htdocs\ZendLibrary\Zend\Gdata\Photos\Extension\User.php --> ftp.amfar.com.br /public_html/ZendLibrary/Zend/Gdata/Photos/Extension User.php
2011.08.09 17:02 B F:\xampp\htdocs\ZendLibrary\Zend\Gdata\Photos\Extension\Version.php --> ftp.amfar.com.br /public_html/ZendLibrary/Zend/Gdata/Photos/Extension Version.php
2011.08.09 17:02 B F:\xampp\htdocs\ZendLibrary\Zend\Gdata\Photos\Extension\Weight.php --> ftp.amfar.com.br /public_html/ZendLibrary/Zend/Gdata/Photos/Extension Weight.php
2011.08.09 17:02 B F:\xampp\htdocs\ZendLibrary\Zend\Gdata\Photos\Extension\Width.php --> ftp.amfar.com.br /public_html/ZendLibrary/Zend/Gdata/Photos/Extension Width.php
