2011.06.20 18:54 B F:\xampp\htdocs\zf-tutorial\library\Zend\Service\Yahoo\Image.php --> ftp.portalridgid.com.br /public_html/zf-tutorial/library/Zend/Service/Yahoo Image.php
2011.06.20 18:54 B F:\xampp\htdocs\zf-tutorial\library\Zend\Service\Yahoo\ImageResult.php --> ftp.portalridgid.com.br /public_html/zf-tutorial/library/Zend/Service/Yahoo ImageResult.php
2011.06.20 18:54 B F:\xampp\htdocs\zf-tutorial\library\Zend\Service\Yahoo\ImageResultSet.php --> ftp.portalridgid.com.br /public_html/zf-tutorial/library/Zend/Service/Yahoo ImageResultSet.php
2011.06.20 18:54 B F:\xampp\htdocs\zf-tutorial\library\Zend\Service\Yahoo\InlinkDataResult.php --> ftp.portalridgid.com.br /public_html/zf-tutorial/library/Zend/Service/Yahoo InlinkDataResult.php
2011.06.20 18:54 B F:\xampp\htdocs\zf-tutorial\library\Zend\Service\Yahoo\InlinkDataResultSet.php --> ftp.portalridgid.com.br /public_html/zf-tutorial/library/Zend/Service/Yahoo InlinkDataResultSet.php
2011.06.20 18:54 B F:\xampp\htdocs\zf-tutorial\library\Zend\Service\Yahoo\LocalResult.php --> ftp.portalridgid.com.br /public_html/zf-tutorial/library/Zend/Service/Yahoo LocalResult.php
2011.06.20 18:54 B F:\xampp\htdocs\zf-tutorial\library\Zend\Service\Yahoo\LocalResultSet.php --> ftp.portalridgid.com.br /public_html/zf-tutorial/library/Zend/Service/Yahoo LocalResultSet.php
2011.06.20 18:54 B F:\xampp\htdocs\zf-tutorial\library\Zend\Service\Yahoo\NewsResult.php --> ftp.portalridgid.com.br /public_html/zf-tutorial/library/Zend/Service/Yahoo NewsResult.php
2011.06.20 18:54 B F:\xampp\htdocs\zf-tutorial\library\Zend\Service\Yahoo\NewsResultSet.php --> ftp.portalridgid.com.br /public_html/zf-tutorial/library/Zend/Service/Yahoo NewsResultSet.php
2011.06.20 18:54 B F:\xampp\htdocs\zf-tutorial\library\Zend\Service\Yahoo\PageDataResult.php --> ftp.portalridgid.com.br /public_html/zf-tutorial/library/Zend/Service/Yahoo PageDataResult.php
2011.06.20 18:54 B F:\xampp\htdocs\zf-tutorial\library\Zend\Service\Yahoo\PageDataResultSet.php --> ftp.portalridgid.com.br /public_html/zf-tutorial/library/Zend/Service/Yahoo PageDataResultSet.php
2011.06.20 18:54 B F:\xampp\htdocs\zf-tutorial\library\Zend\Service\Yahoo\Result.php --> ftp.portalridgid.com.br /public_html/zf-tutorial/library/Zend/Service/Yahoo Result.php
2011.06.20 18:54 B F:\xampp\htdocs\zf-tutorial\library\Zend\Service\Yahoo\ResultSet.php --> ftp.portalridgid.com.br /public_html/zf-tutorial/library/Zend/Service/Yahoo ResultSet.php
2011.06.20 18:54 B F:\xampp\htdocs\zf-tutorial\library\Zend\Service\Yahoo\VideoResult.php --> ftp.portalridgid.com.br /public_html/zf-tutorial/library/Zend/Service/Yahoo VideoResult.php
2011.06.20 18:54 B F:\xampp\htdocs\zf-tutorial\library\Zend\Service\Yahoo\VideoResultSet.php --> ftp.portalridgid.com.br /public_html/zf-tutorial/library/Zend/Service/Yahoo VideoResultSet.php
2011.06.20 18:54 B F:\xampp\htdocs\zf-tutorial\library\Zend\Service\Yahoo\WebResult.php --> ftp.portalridgid.com.br /public_html/zf-tutorial/library/Zend/Service/Yahoo WebResult.php
2011.06.20 18:54 B F:\xampp\htdocs\zf-tutorial\library\Zend\Service\Yahoo\WebResultSet.php --> ftp.portalridgid.com.br /public_html/zf-tutorial/library/Zend/Service/Yahoo WebResultSet.php
2011.06.30 03:11 B F:\xampp\htdocs\zendLibrary\Zend\Service\Yahoo\WS_FTP.LOG --> ftp.sbrafh.org.br /sbrafh/Web/zendLibrary/Zend/Service/Yahoo WS_FTP.LOG
2011.06.30 03:11 B F:\xampp\htdocs\zendLibrary\Zend\Service\Yahoo\WebResultSet.php --> ftp.sbrafh.org.br /sbrafh/Web/zendLibrary/Zend/Service/Yahoo WebResultSet.php
2011.06.30 03:11 B F:\xampp\htdocs\zendLibrary\Zend\Service\Yahoo\WebResult.php --> ftp.sbrafh.org.br /sbrafh/Web/zendLibrary/Zend/Service/Yahoo WebResult.php
2011.06.30 03:11 B F:\xampp\htdocs\zendLibrary\Zend\Service\Yahoo\VideoResultSet.php --> ftp.sbrafh.org.br /sbrafh/Web/zendLibrary/Zend/Service/Yahoo VideoResultSet.php
2011.06.30 03:11 B F:\xampp\htdocs\zendLibrary\Zend\Service\Yahoo\VideoResult.php --> ftp.sbrafh.org.br /sbrafh/Web/zendLibrary/Zend/Service/Yahoo VideoResult.php
2011.06.30 03:11 B F:\xampp\htdocs\zendLibrary\Zend\Service\Yahoo\ResultSet.php --> ftp.sbrafh.org.br /sbrafh/Web/zendLibrary/Zend/Service/Yahoo ResultSet.php
2011.06.30 03:11 B F:\xampp\htdocs\zendLibrary\Zend\Service\Yahoo\Result.php --> ftp.sbrafh.org.br /sbrafh/Web/zendLibrary/Zend/Service/Yahoo Result.php
2011.06.30 03:11 B F:\xampp\htdocs\zendLibrary\Zend\Service\Yahoo\PageDataResultSet.php --> ftp.sbrafh.org.br /sbrafh/Web/zendLibrary/Zend/Service/Yahoo PageDataResultSet.php
2011.06.30 03:11 B F:\xampp\htdocs\zendLibrary\Zend\Service\Yahoo\PageDataResult.php --> ftp.sbrafh.org.br /sbrafh/Web/zendLibrary/Zend/Service/Yahoo PageDataResult.php
2011.06.30 03:11 B F:\xampp\htdocs\zendLibrary\Zend\Service\Yahoo\NewsResultSet.php --> ftp.sbrafh.org.br /sbrafh/Web/zendLibrary/Zend/Service/Yahoo NewsResultSet.php
2011.06.30 03:11 B F:\xampp\htdocs\zendLibrary\Zend\Service\Yahoo\NewsResult.php --> ftp.sbrafh.org.br /sbrafh/Web/zendLibrary/Zend/Service/Yahoo NewsResult.php
2011.06.30 03:11 B F:\xampp\htdocs\zendLibrary\Zend\Service\Yahoo\LocalResultSet.php --> ftp.sbrafh.org.br /sbrafh/Web/zendLibrary/Zend/Service/Yahoo LocalResultSet.php
2011.06.30 03:11 B F:\xampp\htdocs\zendLibrary\Zend\Service\Yahoo\LocalResult.php --> ftp.sbrafh.org.br /sbrafh/Web/zendLibrary/Zend/Service/Yahoo LocalResult.php
2011.06.30 03:11 B F:\xampp\htdocs\zendLibrary\Zend\Service\Yahoo\InlinkDataResultSet.php --> ftp.sbrafh.org.br /sbrafh/Web/zendLibrary/Zend/Service/Yahoo InlinkDataResultSet.php
2011.06.30 03:11 B F:\xampp\htdocs\zendLibrary\Zend\Service\Yahoo\InlinkDataResult.php --> ftp.sbrafh.org.br /sbrafh/Web/zendLibrary/Zend/Service/Yahoo InlinkDataResult.php
2011.06.30 03:11 B F:\xampp\htdocs\zendLibrary\Zend\Service\Yahoo\ImageResultSet.php --> ftp.sbrafh.org.br /sbrafh/Web/zendLibrary/Zend/Service/Yahoo ImageResultSet.php
2011.06.30 03:11 B F:\xampp\htdocs\zendLibrary\Zend\Service\Yahoo\ImageResult.php --> ftp.sbrafh.org.br /sbrafh/Web/zendLibrary/Zend/Service/Yahoo ImageResult.php
2011.06.30 03:11 B F:\xampp\htdocs\zendLibrary\Zend\Service\Yahoo\Image.php --> ftp.sbrafh.org.br /sbrafh/Web/zendLibrary/Zend/Service/Yahoo Image.php
2011.07.09 00:21 B F:\xampp\htdocs\zendLibrary\Zend\Service\Yahoo\Image.php --> ftp.radiofone.com.br /public_html/radiofone/zendLibrary/Zend/Service/Yahoo Image.php
2011.07.09 00:21 B F:\xampp\htdocs\zendLibrary\Zend\Service\Yahoo\ImageResult.php --> ftp.radiofone.com.br /public_html/radiofone/zendLibrary/Zend/Service/Yahoo ImageResult.php
2011.07.09 00:21 B F:\xampp\htdocs\zendLibrary\Zend\Service\Yahoo\ImageResultSet.php --> ftp.radiofone.com.br /public_html/radiofone/zendLibrary/Zend/Service/Yahoo ImageResultSet.php
2011.07.09 00:21 B F:\xampp\htdocs\zendLibrary\Zend\Service\Yahoo\InlinkDataResult.php --> ftp.radiofone.com.br /public_html/radiofone/zendLibrary/Zend/Service/Yahoo InlinkDataResult.php
2011.07.09 00:21 B F:\xampp\htdocs\zendLibrary\Zend\Service\Yahoo\InlinkDataResultSet.php --> ftp.radiofone.com.br /public_html/radiofone/zendLibrary/Zend/Service/Yahoo InlinkDataResultSet.php
2011.07.09 00:21 B F:\xampp\htdocs\zendLibrary\Zend\Service\Yahoo\LocalResult.php --> ftp.radiofone.com.br /public_html/radiofone/zendLibrary/Zend/Service/Yahoo LocalResult.php
2011.07.09 00:21 B F:\xampp\htdocs\zendLibrary\Zend\Service\Yahoo\LocalResultSet.php --> ftp.radiofone.com.br /public_html/radiofone/zendLibrary/Zend/Service/Yahoo LocalResultSet.php
2011.07.09 00:21 B F:\xampp\htdocs\zendLibrary\Zend\Service\Yahoo\NewsResult.php --> ftp.radiofone.com.br /public_html/radiofone/zendLibrary/Zend/Service/Yahoo NewsResult.php
2011.07.09 00:21 B F:\xampp\htdocs\zendLibrary\Zend\Service\Yahoo\NewsResultSet.php --> ftp.radiofone.com.br /public_html/radiofone/zendLibrary/Zend/Service/Yahoo NewsResultSet.php
2011.07.09 00:21 B F:\xampp\htdocs\zendLibrary\Zend\Service\Yahoo\PageDataResult.php --> ftp.radiofone.com.br /public_html/radiofone/zendLibrary/Zend/Service/Yahoo PageDataResult.php
2011.07.09 00:21 B F:\xampp\htdocs\zendLibrary\Zend\Service\Yahoo\PageDataResultSet.php --> ftp.radiofone.com.br /public_html/radiofone/zendLibrary/Zend/Service/Yahoo PageDataResultSet.php
2011.07.09 00:21 B F:\xampp\htdocs\zendLibrary\Zend\Service\Yahoo\Result.php --> ftp.radiofone.com.br /public_html/radiofone/zendLibrary/Zend/Service/Yahoo Result.php
2011.07.09 00:21 B F:\xampp\htdocs\zendLibrary\Zend\Service\Yahoo\ResultSet.php --> ftp.radiofone.com.br /public_html/radiofone/zendLibrary/Zend/Service/Yahoo ResultSet.php
2011.07.09 00:21 B F:\xampp\htdocs\zendLibrary\Zend\Service\Yahoo\VideoResult.php --> ftp.radiofone.com.br /public_html/radiofone/zendLibrary/Zend/Service/Yahoo VideoResult.php
2011.07.09 00:21 B F:\xampp\htdocs\zendLibrary\Zend\Service\Yahoo\VideoResultSet.php --> ftp.radiofone.com.br /public_html/radiofone/zendLibrary/Zend/Service/Yahoo VideoResultSet.php
2011.07.09 00:21 B F:\xampp\htdocs\zendLibrary\Zend\Service\Yahoo\WebResult.php --> ftp.radiofone.com.br /public_html/radiofone/zendLibrary/Zend/Service/Yahoo WebResult.php
2011.07.09 00:21 B F:\xampp\htdocs\zendLibrary\Zend\Service\Yahoo\WebResultSet.php --> ftp.radiofone.com.br /public_html/radiofone/zendLibrary/Zend/Service/Yahoo WebResultSet.php
2011.07.09 00:21 B F:\xampp\htdocs\zendLibrary\Zend\Service\Yahoo\WS_FTP.LOG --> ftp.radiofone.com.br /public_html/radiofone/zendLibrary/Zend/Service/Yahoo WS_FTP.LOG
2011.07.26 23:10 B F:\xampp\htdocs\zendLibrary\Zend\Service\Yahoo\Image.php --> ftp.sobrafo.org.br /public_html/zendLibrary/Zend/Service/Yahoo Image.php
2011.07.26 23:10 B F:\xampp\htdocs\zendLibrary\Zend\Service\Yahoo\ImageResult.php --> ftp.sobrafo.org.br /public_html/zendLibrary/Zend/Service/Yahoo ImageResult.php
2011.07.26 23:10 B F:\xampp\htdocs\zendLibrary\Zend\Service\Yahoo\ImageResultSet.php --> ftp.sobrafo.org.br /public_html/zendLibrary/Zend/Service/Yahoo ImageResultSet.php
2011.07.26 23:10 B F:\xampp\htdocs\zendLibrary\Zend\Service\Yahoo\InlinkDataResult.php --> ftp.sobrafo.org.br /public_html/zendLibrary/Zend/Service/Yahoo InlinkDataResult.php
2011.07.26 23:10 B F:\xampp\htdocs\zendLibrary\Zend\Service\Yahoo\InlinkDataResultSet.php --> ftp.sobrafo.org.br /public_html/zendLibrary/Zend/Service/Yahoo InlinkDataResultSet.php
2011.07.26 23:10 B F:\xampp\htdocs\zendLibrary\Zend\Service\Yahoo\LocalResult.php --> ftp.sobrafo.org.br /public_html/zendLibrary/Zend/Service/Yahoo LocalResult.php
2011.07.26 23:10 B F:\xampp\htdocs\zendLibrary\Zend\Service\Yahoo\LocalResultSet.php --> ftp.sobrafo.org.br /public_html/zendLibrary/Zend/Service/Yahoo LocalResultSet.php
2011.07.26 23:10 B F:\xampp\htdocs\zendLibrary\Zend\Service\Yahoo\NewsResult.php --> ftp.sobrafo.org.br /public_html/zendLibrary/Zend/Service/Yahoo NewsResult.php
2011.07.26 23:10 B F:\xampp\htdocs\zendLibrary\Zend\Service\Yahoo\NewsResultSet.php --> ftp.sobrafo.org.br /public_html/zendLibrary/Zend/Service/Yahoo NewsResultSet.php
2011.07.26 23:10 B F:\xampp\htdocs\zendLibrary\Zend\Service\Yahoo\PageDataResult.php --> ftp.sobrafo.org.br /public_html/zendLibrary/Zend/Service/Yahoo PageDataResult.php
2011.07.26 23:10 B F:\xampp\htdocs\zendLibrary\Zend\Service\Yahoo\PageDataResultSet.php --> ftp.sobrafo.org.br /public_html/zendLibrary/Zend/Service/Yahoo PageDataResultSet.php
2011.07.26 23:10 B F:\xampp\htdocs\zendLibrary\Zend\Service\Yahoo\Result.php --> ftp.sobrafo.org.br /public_html/zendLibrary/Zend/Service/Yahoo Result.php
2011.07.26 23:10 B F:\xampp\htdocs\zendLibrary\Zend\Service\Yahoo\ResultSet.php --> ftp.sobrafo.org.br /public_html/zendLibrary/Zend/Service/Yahoo ResultSet.php
2011.07.26 23:10 B F:\xampp\htdocs\zendLibrary\Zend\Service\Yahoo\VideoResult.php --> ftp.sobrafo.org.br /public_html/zendLibrary/Zend/Service/Yahoo VideoResult.php
2011.07.26 23:10 B F:\xampp\htdocs\zendLibrary\Zend\Service\Yahoo\VideoResultSet.php --> ftp.sobrafo.org.br /public_html/zendLibrary/Zend/Service/Yahoo VideoResultSet.php
2011.07.26 23:10 B F:\xampp\htdocs\zendLibrary\Zend\Service\Yahoo\WebResult.php --> ftp.sobrafo.org.br /public_html/zendLibrary/Zend/Service/Yahoo WebResult.php
2011.07.26 23:10 B F:\xampp\htdocs\zendLibrary\Zend\Service\Yahoo\WebResultSet.php --> ftp.sobrafo.org.br /public_html/zendLibrary/Zend/Service/Yahoo WebResultSet.php
2011.07.26 23:10 B F:\xampp\htdocs\zendLibrary\Zend\Service\Yahoo\WS_FTP.LOG --> ftp.sobrafo.org.br /public_html/zendLibrary/Zend/Service/Yahoo WS_FTP.LOG
2011.08.09 17:30 B F:\xampp\htdocs\ZendLibrary\Zend\Service\Yahoo\Image.php --> ftp.amfar.com.br /public_html/ZendLibrary/Zend/Service/Yahoo Image.php
2011.08.09 17:30 B F:\xampp\htdocs\ZendLibrary\Zend\Service\Yahoo\ImageResult.php --> ftp.amfar.com.br /public_html/ZendLibrary/Zend/Service/Yahoo ImageResult.php
2011.08.09 17:30 B F:\xampp\htdocs\ZendLibrary\Zend\Service\Yahoo\ImageResultSet.php --> ftp.amfar.com.br /public_html/ZendLibrary/Zend/Service/Yahoo ImageResultSet.php
2011.08.09 17:30 B F:\xampp\htdocs\ZendLibrary\Zend\Service\Yahoo\InlinkDataResult.php --> ftp.amfar.com.br /public_html/ZendLibrary/Zend/Service/Yahoo InlinkDataResult.php
2011.08.09 17:30 B F:\xampp\htdocs\ZendLibrary\Zend\Service\Yahoo\InlinkDataResultSet.php --> ftp.amfar.com.br /public_html/ZendLibrary/Zend/Service/Yahoo InlinkDataResultSet.php
2011.08.09 17:30 B F:\xampp\htdocs\ZendLibrary\Zend\Service\Yahoo\LocalResult.php --> ftp.amfar.com.br /public_html/ZendLibrary/Zend/Service/Yahoo LocalResult.php
2011.08.09 17:30 B F:\xampp\htdocs\ZendLibrary\Zend\Service\Yahoo\LocalResultSet.php --> ftp.amfar.com.br /public_html/ZendLibrary/Zend/Service/Yahoo LocalResultSet.php
2011.08.09 17:30 B F:\xampp\htdocs\ZendLibrary\Zend\Service\Yahoo\NewsResult.php --> ftp.amfar.com.br /public_html/ZendLibrary/Zend/Service/Yahoo NewsResult.php
2011.08.09 17:30 B F:\xampp\htdocs\ZendLibrary\Zend\Service\Yahoo\NewsResultSet.php --> ftp.amfar.com.br /public_html/ZendLibrary/Zend/Service/Yahoo NewsResultSet.php
2011.08.09 17:30 B F:\xampp\htdocs\ZendLibrary\Zend\Service\Yahoo\PageDataResult.php --> ftp.amfar.com.br /public_html/ZendLibrary/Zend/Service/Yahoo PageDataResult.php
2011.08.09 17:30 B F:\xampp\htdocs\ZendLibrary\Zend\Service\Yahoo\PageDataResultSet.php --> ftp.amfar.com.br /public_html/ZendLibrary/Zend/Service/Yahoo PageDataResultSet.php
2011.08.09 17:30 B F:\xampp\htdocs\ZendLibrary\Zend\Service\Yahoo\Result.php --> ftp.amfar.com.br /public_html/ZendLibrary/Zend/Service/Yahoo Result.php
2011.08.09 17:30 B F:\xampp\htdocs\ZendLibrary\Zend\Service\Yahoo\ResultSet.php --> ftp.amfar.com.br /public_html/ZendLibrary/Zend/Service/Yahoo ResultSet.php
2011.08.09 17:30 B F:\xampp\htdocs\ZendLibrary\Zend\Service\Yahoo\VideoResult.php --> ftp.amfar.com.br /public_html/ZendLibrary/Zend/Service/Yahoo VideoResult.php
2011.08.09 17:30 B F:\xampp\htdocs\ZendLibrary\Zend\Service\Yahoo\VideoResultSet.php --> ftp.amfar.com.br /public_html/ZendLibrary/Zend/Service/Yahoo VideoResultSet.php
2011.08.09 17:30 B F:\xampp\htdocs\ZendLibrary\Zend\Service\Yahoo\WebResult.php --> ftp.amfar.com.br /public_html/ZendLibrary/Zend/Service/Yahoo WebResult.php
2011.08.09 17:30 B F:\xampp\htdocs\ZendLibrary\Zend\Service\Yahoo\WebResultSet.php --> ftp.amfar.com.br /public_html/ZendLibrary/Zend/Service/Yahoo WebResultSet.php
