2011.06.20 18:52 B F:\xampp\htdocs\zf-tutorial\library\Zend\Service\DeveloperGarden\Response\SecurityTokenServer\Exception.php --> ftp.portalridgid.com.br /public_html/zf-tutorial/library/Zend/Service/DeveloperGarden/Response/SecurityTokenServer Exception.php
2011.06.20 18:52 B F:\xampp\htdocs\zf-tutorial\library\Zend\Service\DeveloperGarden\Response\SecurityTokenServer\GetTokensResponse.php --> ftp.portalridgid.com.br /public_html/zf-tutorial/library/Zend/Service/DeveloperGarden/Response/SecurityTokenServer GetTokensResponse.php
2011.06.20 18:52 B F:\xampp\htdocs\zf-tutorial\library\Zend\Service\DeveloperGarden\Response\SecurityTokenServer\Interface.php --> ftp.portalridgid.com.br /public_html/zf-tutorial/library/Zend/Service/DeveloperGarden/Response/SecurityTokenServer Interface.php
2011.06.20 18:52 B F:\xampp\htdocs\zf-tutorial\library\Zend\Service\DeveloperGarden\Response\SecurityTokenServer\SecurityTokenResponse.php --> ftp.portalridgid.com.br /public_html/zf-tutorial/library/Zend/Service/DeveloperGarden/Response/SecurityTokenServer SecurityTokenResponse.php
2011.06.30 03:14 B F:\xampp\htdocs\zendLibrary\Zend\Service\DeveloperGarden\Response\SecurityTokenServer\WS_FTP.LOG --> ftp.sbrafh.org.br /sbrafh/Web/zendLibrary/Zend/Service/DeveloperGarden/Response/SecurityTokenServer WS_FTP.LOG
2011.06.30 03:14 B F:\xampp\htdocs\zendLibrary\Zend\Service\DeveloperGarden\Response\SecurityTokenServer\SecurityTokenResponse.php --> ftp.sbrafh.org.br /sbrafh/Web/zendLibrary/Zend/Service/DeveloperGarden/Response/SecurityTokenServer SecurityTokenResponse.php
2011.06.30 03:14 B F:\xampp\htdocs\zendLibrary\Zend\Service\DeveloperGarden\Response\SecurityTokenServer\Interface.php --> ftp.sbrafh.org.br /sbrafh/Web/zendLibrary/Zend/Service/DeveloperGarden/Response/SecurityTokenServer Interface.php
2011.06.30 03:14 B F:\xampp\htdocs\zendLibrary\Zend\Service\DeveloperGarden\Response\SecurityTokenServer\GetTokensResponse.php --> ftp.sbrafh.org.br /sbrafh/Web/zendLibrary/Zend/Service/DeveloperGarden/Response/SecurityTokenServer GetTokensResponse.php
2011.06.30 03:14 B F:\xampp\htdocs\zendLibrary\Zend\Service\DeveloperGarden\Response\SecurityTokenServer\Exception.php --> ftp.sbrafh.org.br /sbrafh/Web/zendLibrary/Zend/Service/DeveloperGarden/Response/SecurityTokenServer Exception.php
2011.07.09 00:19 B F:\xampp\htdocs\zendLibrary\Zend\Service\DeveloperGarden\Response\SecurityTokenServer\Exception.php --> ftp.radiofone.com.br /public_html/radiofone/zendLibrary/Zend/Service/DeveloperGarden/Response/SecurityTokenServer Exception.php
2011.07.09 00:19 B F:\xampp\htdocs\zendLibrary\Zend\Service\DeveloperGarden\Response\SecurityTokenServer\GetTokensResponse.php --> ftp.radiofone.com.br /public_html/radiofone/zendLibrary/Zend/Service/DeveloperGarden/Response/SecurityTokenServer GetTokensResponse.php
2011.07.09 00:19 B F:\xampp\htdocs\zendLibrary\Zend\Service\DeveloperGarden\Response\SecurityTokenServer\Interface.php --> ftp.radiofone.com.br /public_html/radiofone/zendLibrary/Zend/Service/DeveloperGarden/Response/SecurityTokenServer Interface.php
2011.07.09 00:19 B F:\xampp\htdocs\zendLibrary\Zend\Service\DeveloperGarden\Response\SecurityTokenServer\SecurityTokenResponse.php --> ftp.radiofone.com.br /public_html/radiofone/zendLibrary/Zend/Service/DeveloperGarden/Response/SecurityTokenServer SecurityTokenResponse.php
2011.07.09 00:19 B F:\xampp\htdocs\zendLibrary\Zend\Service\DeveloperGarden\Response\SecurityTokenServer\WS_FTP.LOG --> ftp.radiofone.com.br /public_html/radiofone/zendLibrary/Zend/Service/DeveloperGarden/Response/SecurityTokenServer WS_FTP.LOG
2011.07.09 00:52 B F:\xampp\htdocs\zendLibrary\Zend\Service\DeveloperGarden\Response\SecurityTokenServer\WS_FTP.LOG --> ftp.radiofone.com.br /public_html/radiofone/zendLibrary/Zend/Service/DeveloperGarden/Response/SecurityTokenServer WS_FTP.LOG
2011.07.26 23:08 B F:\xampp\htdocs\zendLibrary\Zend\Service\DeveloperGarden\Response\SecurityTokenServer\Exception.php --> ftp.sobrafo.org.br /public_html/zendLibrary/Zend/Service/DeveloperGarden/Response/SecurityTokenServer Exception.php
2011.07.26 23:08 B F:\xampp\htdocs\zendLibrary\Zend\Service\DeveloperGarden\Response\SecurityTokenServer\GetTokensResponse.php --> ftp.sobrafo.org.br /public_html/zendLibrary/Zend/Service/DeveloperGarden/Response/SecurityTokenServer GetTokensResponse.php
2011.07.26 23:08 B F:\xampp\htdocs\zendLibrary\Zend\Service\DeveloperGarden\Response\SecurityTokenServer\Interface.php --> ftp.sobrafo.org.br /public_html/zendLibrary/Zend/Service/DeveloperGarden/Response/SecurityTokenServer Interface.php
2011.07.26 23:08 B F:\xampp\htdocs\zendLibrary\Zend\Service\DeveloperGarden\Response\SecurityTokenServer\SecurityTokenResponse.php --> ftp.sobrafo.org.br /public_html/zendLibrary/Zend/Service/DeveloperGarden/Response/SecurityTokenServer SecurityTokenResponse.php
2011.07.26 23:08 B F:\xampp\htdocs\zendLibrary\Zend\Service\DeveloperGarden\Response\SecurityTokenServer\WS_FTP.LOG --> ftp.sobrafo.org.br /public_html/zendLibrary/Zend/Service/DeveloperGarden/Response/SecurityTokenServer WS_FTP.LOG
2011.08.09 17:28 B F:\xampp\htdocs\ZendLibrary\Zend\Service\DeveloperGarden\Response\SecurityTokenServer\Exception.php --> ftp.amfar.com.br /public_html/ZendLibrary/Zend/Service/DeveloperGarden/Response/SecurityTokenServer Exception.php
2011.08.09 17:28 B F:\xampp\htdocs\ZendLibrary\Zend\Service\DeveloperGarden\Response\SecurityTokenServer\GetTokensResponse.php --> ftp.amfar.com.br /public_html/ZendLibrary/Zend/Service/DeveloperGarden/Response/SecurityTokenServer GetTokensResponse.php
2011.08.09 17:28 B F:\xampp\htdocs\ZendLibrary\Zend\Service\DeveloperGarden\Response\SecurityTokenServer\Interface.php --> ftp.amfar.com.br /public_html/ZendLibrary/Zend/Service/DeveloperGarden/Response/SecurityTokenServer Interface.php
2011.08.09 17:28 B F:\xampp\htdocs\ZendLibrary\Zend\Service\DeveloperGarden\Response\SecurityTokenServer\SecurityTokenResponse.php --> ftp.amfar.com.br /public_html/ZendLibrary/Zend/Service/DeveloperGarden/Response/SecurityTokenServer SecurityTokenResponse.php
