2011.06.20 18:48 B F:\xampp\htdocs\zf-tutorial\library\Zend\Paginator\Adapter\Array.php --> ftp.portalridgid.com.br /public_html/zf-tutorial/library/Zend/Paginator/Adapter Array.php
2011.06.20 18:48 B F:\xampp\htdocs\zf-tutorial\library\Zend\Paginator\Adapter\DbSelect.php --> ftp.portalridgid.com.br /public_html/zf-tutorial/library/Zend/Paginator/Adapter DbSelect.php
2011.06.20 18:48 B F:\xampp\htdocs\zf-tutorial\library\Zend\Paginator\Adapter\DbTableSelect.php --> ftp.portalridgid.com.br /public_html/zf-tutorial/library/Zend/Paginator/Adapter DbTableSelect.php
2011.06.20 18:48 B F:\xampp\htdocs\zf-tutorial\library\Zend\Paginator\Adapter\Interface.php --> ftp.portalridgid.com.br /public_html/zf-tutorial/library/Zend/Paginator/Adapter Interface.php
2011.06.20 18:48 B F:\xampp\htdocs\zf-tutorial\library\Zend\Paginator\Adapter\Iterator.php --> ftp.portalridgid.com.br /public_html/zf-tutorial/library/Zend/Paginator/Adapter Iterator.php
2011.06.20 18:48 B F:\xampp\htdocs\zf-tutorial\library\Zend\Paginator\Adapter\Null.php --> ftp.portalridgid.com.br /public_html/zf-tutorial/library/Zend/Paginator/Adapter Null.php
2011.06.30 03:21 B F:\xampp\htdocs\zendLibrary\Zend\Paginator\Adapter\WS_FTP.LOG --> ftp.sbrafh.org.br /sbrafh/Web/zendLibrary/Zend/Paginator/Adapter WS_FTP.LOG
2011.06.30 03:21 B F:\xampp\htdocs\zendLibrary\Zend\Paginator\Adapter\DbSelect.php --> ftp.sbrafh.org.br /sbrafh/Web/zendLibrary/Zend/Paginator/Adapter DbSelect.php
2011.06.30 03:21 B F:\xampp\htdocs\zendLibrary\Zend\Paginator\Adapter\Null.php --> ftp.sbrafh.org.br /sbrafh/Web/zendLibrary/Zend/Paginator/Adapter Null.php
2011.06.30 03:21 B F:\xampp\htdocs\zendLibrary\Zend\Paginator\Adapter\Iterator.php --> ftp.sbrafh.org.br /sbrafh/Web/zendLibrary/Zend/Paginator/Adapter Iterator.php
2011.06.30 03:22 B F:\xampp\htdocs\zendLibrary\Zend\Paginator\Adapter\Interface.php --> ftp.sbrafh.org.br /sbrafh/Web/zendLibrary/Zend/Paginator/Adapter Interface.php
2011.06.30 03:22 B F:\xampp\htdocs\zendLibrary\Zend\Paginator\Adapter\DbTableSelect.php --> ftp.sbrafh.org.br /sbrafh/Web/zendLibrary/Zend/Paginator/Adapter DbTableSelect.php
2011.06.30 03:22 B F:\xampp\htdocs\zendLibrary\Zend\Paginator\Adapter\Array.php --> ftp.sbrafh.org.br /sbrafh/Web/zendLibrary/Zend/Paginator/Adapter Array.php
2011.07.09 00:14 B F:\xampp\htdocs\zendLibrary\Zend\Paginator\Adapter\Array.php --> ftp.radiofone.com.br /public_html/radiofone/zendLibrary/Zend/Paginator/Adapter Array.php
2011.07.09 00:14 B F:\xampp\htdocs\zendLibrary\Zend\Paginator\Adapter\DbSelect.php --> ftp.radiofone.com.br /public_html/radiofone/zendLibrary/Zend/Paginator/Adapter DbSelect.php
2011.07.09 00:14 B F:\xampp\htdocs\zendLibrary\Zend\Paginator\Adapter\DbTableSelect.php --> ftp.radiofone.com.br /public_html/radiofone/zendLibrary/Zend/Paginator/Adapter DbTableSelect.php
2011.07.09 00:14 B F:\xampp\htdocs\zendLibrary\Zend\Paginator\Adapter\Interface.php --> ftp.radiofone.com.br /public_html/radiofone/zendLibrary/Zend/Paginator/Adapter Interface.php
2011.07.09 00:14 B F:\xampp\htdocs\zendLibrary\Zend\Paginator\Adapter\Iterator.php --> ftp.radiofone.com.br /public_html/radiofone/zendLibrary/Zend/Paginator/Adapter Iterator.php
2011.07.09 00:14 B F:\xampp\htdocs\zendLibrary\Zend\Paginator\Adapter\Null.php --> ftp.radiofone.com.br /public_html/radiofone/zendLibrary/Zend/Paginator/Adapter Null.php
2011.07.09 00:14 B F:\xampp\htdocs\zendLibrary\Zend\Paginator\Adapter\WS_FTP.LOG --> ftp.radiofone.com.br /public_html/radiofone/zendLibrary/Zend/Paginator/Adapter WS_FTP.LOG
2011.07.09 00:50 B F:\xampp\htdocs\zendLibrary\Zend\Paginator\Adapter\WS_FTP.LOG --> ftp.radiofone.com.br /public_html/radiofone/zendLibrary/Zend/Paginator/Adapter WS_FTP.LOG
2011.07.26 23:02 B F:\xampp\htdocs\zendLibrary\Zend\Paginator\Adapter\Array.php --> ftp.sobrafo.org.br /public_html/zendLibrary/Zend/Paginator/Adapter Array.php
2011.07.26 23:02 B F:\xampp\htdocs\zendLibrary\Zend\Paginator\Adapter\DbSelect.php --> ftp.sobrafo.org.br /public_html/zendLibrary/Zend/Paginator/Adapter DbSelect.php
2011.07.26 23:02 B F:\xampp\htdocs\zendLibrary\Zend\Paginator\Adapter\DbTableSelect.php --> ftp.sobrafo.org.br /public_html/zendLibrary/Zend/Paginator/Adapter DbTableSelect.php
2011.07.26 23:02 B F:\xampp\htdocs\zendLibrary\Zend\Paginator\Adapter\Interface.php --> ftp.sobrafo.org.br /public_html/zendLibrary/Zend/Paginator/Adapter Interface.php
2011.07.26 23:02 B F:\xampp\htdocs\zendLibrary\Zend\Paginator\Adapter\Iterator.php --> ftp.sobrafo.org.br /public_html/zendLibrary/Zend/Paginator/Adapter Iterator.php
2011.07.26 23:02 B F:\xampp\htdocs\zendLibrary\Zend\Paginator\Adapter\Null.php --> ftp.sobrafo.org.br /public_html/zendLibrary/Zend/Paginator/Adapter Null.php
2011.07.26 23:02 B F:\xampp\htdocs\zendLibrary\Zend\Paginator\Adapter\WS_FTP.LOG --> ftp.sobrafo.org.br /public_html/zendLibrary/Zend/Paginator/Adapter WS_FTP.LOG
2011.08.09 17:23 B F:\xampp\htdocs\ZendLibrary\Zend\Paginator\Adapter\Array.php --> ftp.amfar.com.br /public_html/ZendLibrary/Zend/Paginator/Adapter Array.php
2011.08.09 17:23 B F:\xampp\htdocs\ZendLibrary\Zend\Paginator\Adapter\DbSelect.php --> ftp.amfar.com.br /public_html/ZendLibrary/Zend/Paginator/Adapter DbSelect.php
2011.08.09 17:23 B F:\xampp\htdocs\ZendLibrary\Zend\Paginator\Adapter\DbTableSelect.php --> ftp.amfar.com.br /public_html/ZendLibrary/Zend/Paginator/Adapter DbTableSelect.php
2011.08.09 17:23 B F:\xampp\htdocs\ZendLibrary\Zend\Paginator\Adapter\Interface.php --> ftp.amfar.com.br /public_html/ZendLibrary/Zend/Paginator/Adapter Interface.php
2011.08.09 17:23 B F:\xampp\htdocs\ZendLibrary\Zend\Paginator\Adapter\Iterator.php --> ftp.amfar.com.br /public_html/ZendLibrary/Zend/Paginator/Adapter Iterator.php
2011.08.09 17:23 B F:\xampp\htdocs\ZendLibrary\Zend\Paginator\Adapter\Null.php --> ftp.amfar.com.br /public_html/ZendLibrary/Zend/Paginator/Adapter Null.php
