2011.06.20 18:38 B F:\xampp\htdocs\zf-tutorial\library\Zend\Gdata\YouTube\ActivityEntry.php --> ftp.portalridgid.com.br /public_html/zf-tutorial/library/Zend/Gdata/YouTube ActivityEntry.php
2011.06.20 18:38 B F:\xampp\htdocs\zf-tutorial\library\Zend\Gdata\YouTube\ActivityFeed.php --> ftp.portalridgid.com.br /public_html/zf-tutorial/library/Zend/Gdata/YouTube ActivityFeed.php
2011.06.20 18:38 B F:\xampp\htdocs\zf-tutorial\library\Zend\Gdata\YouTube\CommentEntry.php --> ftp.portalridgid.com.br /public_html/zf-tutorial/library/Zend/Gdata/YouTube CommentEntry.php
2011.06.20 18:38 B F:\xampp\htdocs\zf-tutorial\library\Zend\Gdata\YouTube\CommentFeed.php --> ftp.portalridgid.com.br /public_html/zf-tutorial/library/Zend/Gdata/YouTube CommentFeed.php
2011.06.20 18:38 B F:\xampp\htdocs\zf-tutorial\library\Zend\Gdata\YouTube\ContactEntry.php --> ftp.portalridgid.com.br /public_html/zf-tutorial/library/Zend/Gdata/YouTube ContactEntry.php
2011.06.20 18:38 B F:\xampp\htdocs\zf-tutorial\library\Zend\Gdata\YouTube\ContactFeed.php --> ftp.portalridgid.com.br /public_html/zf-tutorial/library/Zend/Gdata/YouTube ContactFeed.php
2011.06.20 18:38 B F:\xampp\htdocs\zf-tutorial\library\Zend\Gdata\YouTube\InboxEntry.php --> ftp.portalridgid.com.br /public_html/zf-tutorial/library/Zend/Gdata/YouTube InboxEntry.php
2011.06.20 18:38 B F:\xampp\htdocs\zf-tutorial\library\Zend\Gdata\YouTube\InboxFeed.php --> ftp.portalridgid.com.br /public_html/zf-tutorial/library/Zend/Gdata/YouTube InboxFeed.php
2011.06.20 18:38 B F:\xampp\htdocs\zf-tutorial\library\Zend\Gdata\YouTube\MediaEntry.php --> ftp.portalridgid.com.br /public_html/zf-tutorial/library/Zend/Gdata/YouTube MediaEntry.php
2011.06.20 18:38 B F:\xampp\htdocs\zf-tutorial\library\Zend\Gdata\YouTube\PlaylistListEntry.php --> ftp.portalridgid.com.br /public_html/zf-tutorial/library/Zend/Gdata/YouTube PlaylistListEntry.php
2011.06.20 18:38 B F:\xampp\htdocs\zf-tutorial\library\Zend\Gdata\YouTube\PlaylistListFeed.php --> ftp.portalridgid.com.br /public_html/zf-tutorial/library/Zend/Gdata/YouTube PlaylistListFeed.php
2011.06.20 18:38 B F:\xampp\htdocs\zf-tutorial\library\Zend\Gdata\YouTube\PlaylistVideoEntry.php --> ftp.portalridgid.com.br /public_html/zf-tutorial/library/Zend/Gdata/YouTube PlaylistVideoEntry.php
2011.06.20 18:38 B F:\xampp\htdocs\zf-tutorial\library\Zend\Gdata\YouTube\PlaylistVideoFeed.php --> ftp.portalridgid.com.br /public_html/zf-tutorial/library/Zend/Gdata/YouTube PlaylistVideoFeed.php
2011.06.20 18:38 B F:\xampp\htdocs\zf-tutorial\library\Zend\Gdata\YouTube\SubscriptionEntry.php --> ftp.portalridgid.com.br /public_html/zf-tutorial/library/Zend/Gdata/YouTube SubscriptionEntry.php
2011.06.20 18:38 B F:\xampp\htdocs\zf-tutorial\library\Zend\Gdata\YouTube\SubscriptionFeed.php --> ftp.portalridgid.com.br /public_html/zf-tutorial/library/Zend/Gdata/YouTube SubscriptionFeed.php
2011.06.20 18:38 B F:\xampp\htdocs\zf-tutorial\library\Zend\Gdata\YouTube\UserProfileEntry.php --> ftp.portalridgid.com.br /public_html/zf-tutorial/library/Zend/Gdata/YouTube UserProfileEntry.php
2011.06.20 18:38 B F:\xampp\htdocs\zf-tutorial\library\Zend\Gdata\YouTube\VideoEntry.php --> ftp.portalridgid.com.br /public_html/zf-tutorial/library/Zend/Gdata/YouTube VideoEntry.php
2011.06.20 18:38 B F:\xampp\htdocs\zf-tutorial\library\Zend\Gdata\YouTube\VideoFeed.php --> ftp.portalridgid.com.br /public_html/zf-tutorial/library/Zend/Gdata/YouTube VideoFeed.php
2011.06.20 18:38 B F:\xampp\htdocs\zf-tutorial\library\Zend\Gdata\YouTube\VideoQuery.php --> ftp.portalridgid.com.br /public_html/zf-tutorial/library/Zend/Gdata/YouTube VideoQuery.php
2011.06.30 03:34 B F:\xampp\htdocs\zendLibrary\Zend\Gdata\YouTube\WS_FTP.LOG --> ftp.sbrafh.org.br /sbrafh/Web/zendLibrary/Zend/Gdata/YouTube WS_FTP.LOG
2011.06.30 03:34 B F:\xampp\htdocs\zendLibrary\Zend\Gdata\YouTube\VideoQuery.php --> ftp.sbrafh.org.br /sbrafh/Web/zendLibrary/Zend/Gdata/YouTube VideoQuery.php
2011.06.30 03:34 B F:\xampp\htdocs\zendLibrary\Zend\Gdata\YouTube\VideoFeed.php --> ftp.sbrafh.org.br /sbrafh/Web/zendLibrary/Zend/Gdata/YouTube VideoFeed.php
2011.06.30 03:34 B F:\xampp\htdocs\zendLibrary\Zend\Gdata\YouTube\VideoEntry.php --> ftp.sbrafh.org.br /sbrafh/Web/zendLibrary/Zend/Gdata/YouTube VideoEntry.php
2011.06.30 03:34 B F:\xampp\htdocs\zendLibrary\Zend\Gdata\YouTube\UserProfileEntry.php --> ftp.sbrafh.org.br /sbrafh/Web/zendLibrary/Zend/Gdata/YouTube UserProfileEntry.php
2011.06.30 03:34 B F:\xampp\htdocs\zendLibrary\Zend\Gdata\YouTube\SubscriptionFeed.php --> ftp.sbrafh.org.br /sbrafh/Web/zendLibrary/Zend/Gdata/YouTube SubscriptionFeed.php
2011.06.30 03:34 B F:\xampp\htdocs\zendLibrary\Zend\Gdata\YouTube\SubscriptionEntry.php --> ftp.sbrafh.org.br /sbrafh/Web/zendLibrary/Zend/Gdata/YouTube SubscriptionEntry.php
2011.06.30 03:34 B F:\xampp\htdocs\zendLibrary\Zend\Gdata\YouTube\PlaylistVideoFeed.php --> ftp.sbrafh.org.br /sbrafh/Web/zendLibrary/Zend/Gdata/YouTube PlaylistVideoFeed.php
2011.06.30 03:34 B F:\xampp\htdocs\zendLibrary\Zend\Gdata\YouTube\PlaylistVideoEntry.php --> ftp.sbrafh.org.br /sbrafh/Web/zendLibrary/Zend/Gdata/YouTube PlaylistVideoEntry.php
2011.06.30 03:34 B F:\xampp\htdocs\zendLibrary\Zend\Gdata\YouTube\PlaylistListFeed.php --> ftp.sbrafh.org.br /sbrafh/Web/zendLibrary/Zend/Gdata/YouTube PlaylistListFeed.php
2011.06.30 03:34 B F:\xampp\htdocs\zendLibrary\Zend\Gdata\YouTube\PlaylistListEntry.php --> ftp.sbrafh.org.br /sbrafh/Web/zendLibrary/Zend/Gdata/YouTube PlaylistListEntry.php
2011.06.30 03:34 B F:\xampp\htdocs\zendLibrary\Zend\Gdata\YouTube\MediaEntry.php --> ftp.sbrafh.org.br /sbrafh/Web/zendLibrary/Zend/Gdata/YouTube MediaEntry.php
2011.06.30 03:34 B F:\xampp\htdocs\zendLibrary\Zend\Gdata\YouTube\InboxFeed.php --> ftp.sbrafh.org.br /sbrafh/Web/zendLibrary/Zend/Gdata/YouTube InboxFeed.php
2011.06.30 03:34 B F:\xampp\htdocs\zendLibrary\Zend\Gdata\YouTube\InboxEntry.php --> ftp.sbrafh.org.br /sbrafh/Web/zendLibrary/Zend/Gdata/YouTube InboxEntry.php
2011.06.30 03:34 B F:\xampp\htdocs\zendLibrary\Zend\Gdata\YouTube\ContactFeed.php --> ftp.sbrafh.org.br /sbrafh/Web/zendLibrary/Zend/Gdata/YouTube ContactFeed.php
2011.06.30 03:34 B F:\xampp\htdocs\zendLibrary\Zend\Gdata\YouTube\ContactEntry.php --> ftp.sbrafh.org.br /sbrafh/Web/zendLibrary/Zend/Gdata/YouTube ContactEntry.php
2011.06.30 03:34 B F:\xampp\htdocs\zendLibrary\Zend\Gdata\YouTube\CommentFeed.php --> ftp.sbrafh.org.br /sbrafh/Web/zendLibrary/Zend/Gdata/YouTube CommentFeed.php
2011.06.30 03:34 B F:\xampp\htdocs\zendLibrary\Zend\Gdata\YouTube\CommentEntry.php --> ftp.sbrafh.org.br /sbrafh/Web/zendLibrary/Zend/Gdata/YouTube CommentEntry.php
2011.06.30 03:34 B F:\xampp\htdocs\zendLibrary\Zend\Gdata\YouTube\ActivityFeed.php --> ftp.sbrafh.org.br /sbrafh/Web/zendLibrary/Zend/Gdata/YouTube ActivityFeed.php
2011.06.30 03:34 B F:\xampp\htdocs\zendLibrary\Zend\Gdata\YouTube\ActivityEntry.php --> ftp.sbrafh.org.br /sbrafh/Web/zendLibrary/Zend/Gdata/YouTube ActivityEntry.php
2011.07.08 23:52 B F:\xampp\htdocs\zendLibrary\Zend\Gdata\YouTube\ActivityEntry.php --> ftp.radiofone.com.br /public_html/radiofone/zendLibrary/Zend/Gdata/YouTube ActivityEntry.php
2011.07.08 23:52 B F:\xampp\htdocs\zendLibrary\Zend\Gdata\YouTube\ActivityFeed.php --> ftp.radiofone.com.br /public_html/radiofone/zendLibrary/Zend/Gdata/YouTube ActivityFeed.php
2011.07.08 23:52 B F:\xampp\htdocs\zendLibrary\Zend\Gdata\YouTube\CommentEntry.php --> ftp.radiofone.com.br /public_html/radiofone/zendLibrary/Zend/Gdata/YouTube CommentEntry.php
2011.07.08 23:52 B F:\xampp\htdocs\zendLibrary\Zend\Gdata\YouTube\CommentFeed.php --> ftp.radiofone.com.br /public_html/radiofone/zendLibrary/Zend/Gdata/YouTube CommentFeed.php
2011.07.08 23:52 B F:\xampp\htdocs\zendLibrary\Zend\Gdata\YouTube\ContactEntry.php --> ftp.radiofone.com.br /public_html/radiofone/zendLibrary/Zend/Gdata/YouTube ContactEntry.php
2011.07.08 23:52 B F:\xampp\htdocs\zendLibrary\Zend\Gdata\YouTube\ContactFeed.php --> ftp.radiofone.com.br /public_html/radiofone/zendLibrary/Zend/Gdata/YouTube ContactFeed.php
2011.07.08 23:52 B F:\xampp\htdocs\zendLibrary\Zend\Gdata\YouTube\InboxEntry.php --> ftp.radiofone.com.br /public_html/radiofone/zendLibrary/Zend/Gdata/YouTube InboxEntry.php
2011.07.08 23:52 B F:\xampp\htdocs\zendLibrary\Zend\Gdata\YouTube\InboxFeed.php --> ftp.radiofone.com.br /public_html/radiofone/zendLibrary/Zend/Gdata/YouTube InboxFeed.php
2011.07.08 23:52 B F:\xampp\htdocs\zendLibrary\Zend\Gdata\YouTube\MediaEntry.php --> ftp.radiofone.com.br /public_html/radiofone/zendLibrary/Zend/Gdata/YouTube MediaEntry.php
2011.07.08 23:52 B F:\xampp\htdocs\zendLibrary\Zend\Gdata\YouTube\PlaylistListEntry.php --> ftp.radiofone.com.br /public_html/radiofone/zendLibrary/Zend/Gdata/YouTube PlaylistListEntry.php
2011.07.08 23:52 B F:\xampp\htdocs\zendLibrary\Zend\Gdata\YouTube\PlaylistListFeed.php --> ftp.radiofone.com.br /public_html/radiofone/zendLibrary/Zend/Gdata/YouTube PlaylistListFeed.php
2011.07.08 23:52 B F:\xampp\htdocs\zendLibrary\Zend\Gdata\YouTube\PlaylistVideoEntry.php --> ftp.radiofone.com.br /public_html/radiofone/zendLibrary/Zend/Gdata/YouTube PlaylistVideoEntry.php
2011.07.08 23:52 B F:\xampp\htdocs\zendLibrary\Zend\Gdata\YouTube\PlaylistVideoFeed.php --> ftp.radiofone.com.br /public_html/radiofone/zendLibrary/Zend/Gdata/YouTube PlaylistVideoFeed.php
2011.07.08 23:52 B F:\xampp\htdocs\zendLibrary\Zend\Gdata\YouTube\SubscriptionEntry.php --> ftp.radiofone.com.br /public_html/radiofone/zendLibrary/Zend/Gdata/YouTube SubscriptionEntry.php
2011.07.08 23:52 B F:\xampp\htdocs\zendLibrary\Zend\Gdata\YouTube\SubscriptionFeed.php --> ftp.radiofone.com.br /public_html/radiofone/zendLibrary/Zend/Gdata/YouTube SubscriptionFeed.php
2011.07.08 23:52 B F:\xampp\htdocs\zendLibrary\Zend\Gdata\YouTube\UserProfileEntry.php --> ftp.radiofone.com.br /public_html/radiofone/zendLibrary/Zend/Gdata/YouTube UserProfileEntry.php
2011.07.08 23:52 B F:\xampp\htdocs\zendLibrary\Zend\Gdata\YouTube\VideoEntry.php --> ftp.radiofone.com.br /public_html/radiofone/zendLibrary/Zend/Gdata/YouTube VideoEntry.php
2011.07.08 23:52 B F:\xampp\htdocs\zendLibrary\Zend\Gdata\YouTube\VideoFeed.php --> ftp.radiofone.com.br /public_html/radiofone/zendLibrary/Zend/Gdata/YouTube VideoFeed.php
2011.07.08 23:52 B F:\xampp\htdocs\zendLibrary\Zend\Gdata\YouTube\VideoQuery.php --> ftp.radiofone.com.br /public_html/radiofone/zendLibrary/Zend/Gdata/YouTube VideoQuery.php
2011.07.08 23:52 B F:\xampp\htdocs\zendLibrary\Zend\Gdata\YouTube\WS_FTP.LOG --> ftp.radiofone.com.br /public_html/radiofone/zendLibrary/Zend/Gdata/YouTube WS_FTP.LOG
2011.07.09 00:48 B F:\xampp\htdocs\zendLibrary\Zend\Gdata\YouTube\WS_FTP.LOG --> ftp.radiofone.com.br /public_html/radiofone/zendLibrary/Zend/Gdata/YouTube WS_FTP.LOG
2011.07.26 22:52 B F:\xampp\htdocs\zendLibrary\Zend\Gdata\YouTube\ActivityEntry.php --> ftp.sobrafo.org.br /public_html/zendLibrary/Zend/Gdata/YouTube ActivityEntry.php
2011.07.26 22:52 B F:\xampp\htdocs\zendLibrary\Zend\Gdata\YouTube\ActivityFeed.php --> ftp.sobrafo.org.br /public_html/zendLibrary/Zend/Gdata/YouTube ActivityFeed.php
2011.07.26 22:52 B F:\xampp\htdocs\zendLibrary\Zend\Gdata\YouTube\CommentEntry.php --> ftp.sobrafo.org.br /public_html/zendLibrary/Zend/Gdata/YouTube CommentEntry.php
2011.07.26 22:52 B F:\xampp\htdocs\zendLibrary\Zend\Gdata\YouTube\CommentFeed.php --> ftp.sobrafo.org.br /public_html/zendLibrary/Zend/Gdata/YouTube CommentFeed.php
2011.07.26 22:52 B F:\xampp\htdocs\zendLibrary\Zend\Gdata\YouTube\ContactEntry.php --> ftp.sobrafo.org.br /public_html/zendLibrary/Zend/Gdata/YouTube ContactEntry.php
2011.07.26 22:52 B F:\xampp\htdocs\zendLibrary\Zend\Gdata\YouTube\ContactFeed.php --> ftp.sobrafo.org.br /public_html/zendLibrary/Zend/Gdata/YouTube ContactFeed.php
2011.07.26 22:52 B F:\xampp\htdocs\zendLibrary\Zend\Gdata\YouTube\InboxEntry.php --> ftp.sobrafo.org.br /public_html/zendLibrary/Zend/Gdata/YouTube InboxEntry.php
2011.07.26 22:52 B F:\xampp\htdocs\zendLibrary\Zend\Gdata\YouTube\InboxFeed.php --> ftp.sobrafo.org.br /public_html/zendLibrary/Zend/Gdata/YouTube InboxFeed.php
2011.07.26 22:52 B F:\xampp\htdocs\zendLibrary\Zend\Gdata\YouTube\MediaEntry.php --> ftp.sobrafo.org.br /public_html/zendLibrary/Zend/Gdata/YouTube MediaEntry.php
2011.07.26 22:53 B F:\xampp\htdocs\zendLibrary\Zend\Gdata\YouTube\PlaylistListEntry.php --> ftp.sobrafo.org.br /public_html/zendLibrary/Zend/Gdata/YouTube PlaylistListEntry.php
2011.07.26 22:53 B F:\xampp\htdocs\zendLibrary\Zend\Gdata\YouTube\PlaylistListFeed.php --> ftp.sobrafo.org.br /public_html/zendLibrary/Zend/Gdata/YouTube PlaylistListFeed.php
2011.07.26 22:53 B F:\xampp\htdocs\zendLibrary\Zend\Gdata\YouTube\PlaylistVideoEntry.php --> ftp.sobrafo.org.br /public_html/zendLibrary/Zend/Gdata/YouTube PlaylistVideoEntry.php
2011.07.26 22:53 B F:\xampp\htdocs\zendLibrary\Zend\Gdata\YouTube\PlaylistVideoFeed.php --> ftp.sobrafo.org.br /public_html/zendLibrary/Zend/Gdata/YouTube PlaylistVideoFeed.php
2011.07.26 22:53 B F:\xampp\htdocs\zendLibrary\Zend\Gdata\YouTube\SubscriptionEntry.php --> ftp.sobrafo.org.br /public_html/zendLibrary/Zend/Gdata/YouTube SubscriptionEntry.php
2011.07.26 22:53 B F:\xampp\htdocs\zendLibrary\Zend\Gdata\YouTube\SubscriptionFeed.php --> ftp.sobrafo.org.br /public_html/zendLibrary/Zend/Gdata/YouTube SubscriptionFeed.php
2011.07.26 22:53 B F:\xampp\htdocs\zendLibrary\Zend\Gdata\YouTube\UserProfileEntry.php --> ftp.sobrafo.org.br /public_html/zendLibrary/Zend/Gdata/YouTube UserProfileEntry.php
2011.07.26 22:53 B F:\xampp\htdocs\zendLibrary\Zend\Gdata\YouTube\VideoEntry.php --> ftp.sobrafo.org.br /public_html/zendLibrary/Zend/Gdata/YouTube VideoEntry.php
2011.07.26 22:53 B F:\xampp\htdocs\zendLibrary\Zend\Gdata\YouTube\VideoFeed.php --> ftp.sobrafo.org.br /public_html/zendLibrary/Zend/Gdata/YouTube VideoFeed.php
2011.07.26 22:53 B F:\xampp\htdocs\zendLibrary\Zend\Gdata\YouTube\VideoQuery.php --> ftp.sobrafo.org.br /public_html/zendLibrary/Zend/Gdata/YouTube VideoQuery.php
2011.07.26 22:53 B F:\xampp\htdocs\zendLibrary\Zend\Gdata\YouTube\WS_FTP.LOG --> ftp.sobrafo.org.br /public_html/zendLibrary/Zend/Gdata/YouTube WS_FTP.LOG
2011.08.09 17:02 B F:\xampp\htdocs\ZendLibrary\Zend\Gdata\YouTube\ActivityEntry.php --> ftp.amfar.com.br /public_html/ZendLibrary/Zend/Gdata/YouTube ActivityEntry.php
2011.08.09 17:02 B F:\xampp\htdocs\ZendLibrary\Zend\Gdata\YouTube\ActivityFeed.php --> ftp.amfar.com.br /public_html/ZendLibrary/Zend/Gdata/YouTube ActivityFeed.php
2011.08.09 17:02 B F:\xampp\htdocs\ZendLibrary\Zend\Gdata\YouTube\CommentEntry.php --> ftp.amfar.com.br /public_html/ZendLibrary/Zend/Gdata/YouTube CommentEntry.php
2011.08.09 17:02 B F:\xampp\htdocs\ZendLibrary\Zend\Gdata\YouTube\CommentFeed.php --> ftp.amfar.com.br /public_html/ZendLibrary/Zend/Gdata/YouTube CommentFeed.php
2011.08.09 17:02 B F:\xampp\htdocs\ZendLibrary\Zend\Gdata\YouTube\ContactEntry.php --> ftp.amfar.com.br /public_html/ZendLibrary/Zend/Gdata/YouTube ContactEntry.php
2011.08.09 17:02 B F:\xampp\htdocs\ZendLibrary\Zend\Gdata\YouTube\ContactFeed.php --> ftp.amfar.com.br /public_html/ZendLibrary/Zend/Gdata/YouTube ContactFeed.php
2011.08.09 17:02 B F:\xampp\htdocs\ZendLibrary\Zend\Gdata\YouTube\InboxEntry.php --> ftp.amfar.com.br /public_html/ZendLibrary/Zend/Gdata/YouTube InboxEntry.php
2011.08.09 17:02 B F:\xampp\htdocs\ZendLibrary\Zend\Gdata\YouTube\InboxFeed.php --> ftp.amfar.com.br /public_html/ZendLibrary/Zend/Gdata/YouTube InboxFeed.php
2011.08.09 17:02 B F:\xampp\htdocs\ZendLibrary\Zend\Gdata\YouTube\MediaEntry.php --> ftp.amfar.com.br /public_html/ZendLibrary/Zend/Gdata/YouTube MediaEntry.php
2011.08.09 17:02 B F:\xampp\htdocs\ZendLibrary\Zend\Gdata\YouTube\PlaylistListEntry.php --> ftp.amfar.com.br /public_html/ZendLibrary/Zend/Gdata/YouTube PlaylistListEntry.php
2011.08.09 17:02 B F:\xampp\htdocs\ZendLibrary\Zend\Gdata\YouTube\PlaylistListFeed.php --> ftp.amfar.com.br /public_html/ZendLibrary/Zend/Gdata/YouTube PlaylistListFeed.php
2011.08.09 17:02 B F:\xampp\htdocs\ZendLibrary\Zend\Gdata\YouTube\PlaylistVideoEntry.php --> ftp.amfar.com.br /public_html/ZendLibrary/Zend/Gdata/YouTube PlaylistVideoEntry.php
2011.08.09 17:02 B F:\xampp\htdocs\ZendLibrary\Zend\Gdata\YouTube\PlaylistVideoFeed.php --> ftp.amfar.com.br /public_html/ZendLibrary/Zend/Gdata/YouTube PlaylistVideoFeed.php
2011.08.09 17:02 B F:\xampp\htdocs\ZendLibrary\Zend\Gdata\YouTube\SubscriptionEntry.php --> ftp.amfar.com.br /public_html/ZendLibrary/Zend/Gdata/YouTube SubscriptionEntry.php
2011.08.09 17:02 B F:\xampp\htdocs\ZendLibrary\Zend\Gdata\YouTube\SubscriptionFeed.php --> ftp.amfar.com.br /public_html/ZendLibrary/Zend/Gdata/YouTube SubscriptionFeed.php
2011.08.09 17:02 B F:\xampp\htdocs\ZendLibrary\Zend\Gdata\YouTube\UserProfileEntry.php --> ftp.amfar.com.br /public_html/ZendLibrary/Zend/Gdata/YouTube UserProfileEntry.php
2011.08.09 17:02 B F:\xampp\htdocs\ZendLibrary\Zend\Gdata\YouTube\VideoEntry.php --> ftp.amfar.com.br /public_html/ZendLibrary/Zend/Gdata/YouTube VideoEntry.php
2011.08.09 17:02 B F:\xampp\htdocs\ZendLibrary\Zend\Gdata\YouTube\VideoFeed.php --> ftp.amfar.com.br /public_html/ZendLibrary/Zend/Gdata/YouTube VideoFeed.php
2011.08.09 17:02 B F:\xampp\htdocs\ZendLibrary\Zend\Gdata\YouTube\VideoQuery.php --> ftp.amfar.com.br /public_html/ZendLibrary/Zend/Gdata/YouTube VideoQuery.php
