2010.03.11 21:35 B X:\suporte\html2pdf\font\courier.php --> josecarlos.net.br /domains/josecarlos.net.br/public_html/suporte/html2pdf/font courier.php
2010.03.11 21:35 B X:\suporte\html2pdf\font\helvetica.php --> josecarlos.net.br /domains/josecarlos.net.br/public_html/suporte/html2pdf/font helvetica.php
2010.03.11 21:35 B X:\suporte\html2pdf\font\helveticab.php --> josecarlos.net.br /domains/josecarlos.net.br/public_html/suporte/html2pdf/font helveticab.php
2010.03.11 21:35 B X:\suporte\html2pdf\font\helveticabi.php --> josecarlos.net.br /domains/josecarlos.net.br/public_html/suporte/html2pdf/font helveticabi.php
2010.03.11 21:35 B X:\suporte\html2pdf\font\helveticai.php --> josecarlos.net.br /domains/josecarlos.net.br/public_html/suporte/html2pdf/font helveticai.php
2010.03.11 21:35 B X:\suporte\html2pdf\font\symbol.php --> josecarlos.net.br /domains/josecarlos.net.br/public_html/suporte/html2pdf/font symbol.php
2010.03.11 21:35 B X:\suporte\html2pdf\font\times.php --> josecarlos.net.br /domains/josecarlos.net.br/public_html/suporte/html2pdf/font times.php
2010.03.11 21:35 B X:\suporte\html2pdf\font\timesb.php --> josecarlos.net.br /domains/josecarlos.net.br/public_html/suporte/html2pdf/font timesb.php
2010.03.11 21:35 B X:\suporte\html2pdf\font\timesbi.php --> josecarlos.net.br /domains/josecarlos.net.br/public_html/suporte/html2pdf/font timesbi.php
2010.03.11 21:35 B X:\suporte\html2pdf\font\timesi.php --> josecarlos.net.br /domains/josecarlos.net.br/public_html/suporte/html2pdf/font timesi.php
2010.03.11 21:35 B X:\suporte\html2pdf\font\zapfdingbats.php --> josecarlos.net.br /domains/josecarlos.net.br/public_html/suporte/html2pdf/font zapfdingbats.php
2010.07.07 02:41 B X:\radiofone\admin\html2pdf\font\courier.php --> ftp.radiofone.com.br /public_html/radiofone/rfadm/html2pdf/font courier.php
2010.07.07 02:41 B X:\radiofone\admin\html2pdf\font\helvetica.php --> ftp.radiofone.com.br /public_html/radiofone/rfadm/html2pdf/font helvetica.php
2010.07.07 02:41 B X:\radiofone\admin\html2pdf\font\helveticab.php --> ftp.radiofone.com.br /public_html/radiofone/rfadm/html2pdf/font helveticab.php
2010.07.07 02:41 B X:\radiofone\admin\html2pdf\font\helveticabi.php --> ftp.radiofone.com.br /public_html/radiofone/rfadm/html2pdf/font helveticabi.php
2010.07.07 02:41 B X:\radiofone\admin\html2pdf\font\helveticai.php --> ftp.radiofone.com.br /public_html/radiofone/rfadm/html2pdf/font helveticai.php
2010.07.07 02:41 B X:\radiofone\admin\html2pdf\font\symbol.php --> ftp.radiofone.com.br /public_html/radiofone/rfadm/html2pdf/font symbol.php
2010.07.07 02:41 B X:\radiofone\admin\html2pdf\font\times.php --> ftp.radiofone.com.br /public_html/radiofone/rfadm/html2pdf/font times.php
2010.07.07 02:41 B X:\radiofone\admin\html2pdf\font\timesb.php --> ftp.radiofone.com.br /public_html/radiofone/rfadm/html2pdf/font timesb.php
2010.07.07 02:41 B X:\radiofone\admin\html2pdf\font\timesbi.php --> ftp.radiofone.com.br /public_html/radiofone/rfadm/html2pdf/font timesbi.php
2010.07.07 02:41 B X:\radiofone\admin\html2pdf\font\timesi.php --> ftp.radiofone.com.br /public_html/radiofone/rfadm/html2pdf/font timesi.php
2010.07.07 02:41 B X:\radiofone\admin\html2pdf\font\WS_FTP.LOG --> ftp.radiofone.com.br /public_html/radiofone/rfadm/html2pdf/font WS_FTP.LOG
2010.07.07 02:41 B X:\radiofone\admin\html2pdf\font\zapfdingbats.php --> ftp.radiofone.com.br /public_html/radiofone/rfadm/html2pdf/font zapfdingbats.php
2011.05.04 03:24 B F:\radiofone\rfadm\html2pdf\font\WS_FTP.LOG <-- radiofone /public_html/radiofone/rfadm/html2pdf/font WS_FTP.LOG
2011.05.04 03:24 B F:\radiofone\rfadm\html2pdf\font\zapfdingbats.php <-- radiofone /public_html/radiofone/rfadm/html2pdf/font zapfdingbats.php
2011.08.24 14:24 B F:\xampp\htdocs\radiofone\ZFRFAdm\application\classes\html2fpdf\font\courier.php --> ftp.radiofone.com.br /public_html/radiofone/ZFRFAdm/application/classes/html2fpdf/font courier.php
2011.08.24 14:24 B F:\xampp\htdocs\radiofone\ZFRFAdm\application\classes\html2fpdf\font\helvetica.php --> ftp.radiofone.com.br /public_html/radiofone/ZFRFAdm/application/classes/html2fpdf/font helvetica.php
2011.08.24 14:24 B F:\xampp\htdocs\radiofone\ZFRFAdm\application\classes\html2fpdf\font\helveticab.php --> ftp.radiofone.com.br /public_html/radiofone/ZFRFAdm/application/classes/html2fpdf/font helveticab.php
2011.08.24 14:24 B F:\xampp\htdocs\radiofone\ZFRFAdm\application\classes\html2fpdf\font\helveticabi.php --> ftp.radiofone.com.br /public_html/radiofone/ZFRFAdm/application/classes/html2fpdf/font helveticabi.php
2011.08.24 14:24 B F:\xampp\htdocs\radiofone\ZFRFAdm\application\classes\html2fpdf\font\helveticai.php --> ftp.radiofone.com.br /public_html/radiofone/ZFRFAdm/application/classes/html2fpdf/font helveticai.php
2011.08.24 14:24 B F:\xampp\htdocs\radiofone\ZFRFAdm\application\classes\html2fpdf\font\symbol.php --> ftp.radiofone.com.br /public_html/radiofone/ZFRFAdm/application/classes/html2fpdf/font symbol.php
2011.08.24 14:24 B F:\xampp\htdocs\radiofone\ZFRFAdm\application\classes\html2fpdf\font\times.php --> ftp.radiofone.com.br /public_html/radiofone/ZFRFAdm/application/classes/html2fpdf/font times.php
2011.08.24 14:24 B F:\xampp\htdocs\radiofone\ZFRFAdm\application\classes\html2fpdf\font\timesb.php --> ftp.radiofone.com.br /public_html/radiofone/ZFRFAdm/application/classes/html2fpdf/font timesb.php
2011.08.24 14:24 B F:\xampp\htdocs\radiofone\ZFRFAdm\application\classes\html2fpdf\font\timesbi.php --> ftp.radiofone.com.br /public_html/radiofone/ZFRFAdm/application/classes/html2fpdf/font timesbi.php
2011.08.24 14:24 B F:\xampp\htdocs\radiofone\ZFRFAdm\application\classes\html2fpdf\font\timesi.php --> ftp.radiofone.com.br /public_html/radiofone/ZFRFAdm/application/classes/html2fpdf/font timesi.php
2011.08.24 14:24 B F:\xampp\htdocs\radiofone\ZFRFAdm\application\classes\html2fpdf\font\WS_FTP.LOG --> ftp.radiofone.com.br /public_html/radiofone/ZFRFAdm/application/classes/html2fpdf/font WS_FTP.LOG
2011.08.24 14:24 B F:\xampp\htdocs\radiofone\ZFRFAdm\application\classes\html2fpdf\font\zapfdingbats.php --> ftp.radiofone.com.br /public_html/radiofone/ZFRFAdm/application/classes/html2fpdf/font zapfdingbats.php
2011.08.24 15:28 B F:\xampp\htdocs\radiofone\ZFRFAdm\application\classes\html2fpdf\font\courier.php --> ftp.radiofone.com.br /public_html/radiofone/ZFRFAdm/application/classes/html2fpdf/font courier.php
2011.08.24 15:28 B F:\xampp\htdocs\radiofone\ZFRFAdm\application\classes\html2fpdf\font\helvetica.php --> ftp.radiofone.com.br /public_html/radiofone/ZFRFAdm/application/classes/html2fpdf/font helvetica.php
2011.08.24 15:28 B F:\xampp\htdocs\radiofone\ZFRFAdm\application\classes\html2fpdf\font\helveticab.php --> ftp.radiofone.com.br /public_html/radiofone/ZFRFAdm/application/classes/html2fpdf/font helveticab.php
2011.08.24 15:28 B F:\xampp\htdocs\radiofone\ZFRFAdm\application\classes\html2fpdf\font\helveticabi.php --> ftp.radiofone.com.br /public_html/radiofone/ZFRFAdm/application/classes/html2fpdf/font helveticabi.php
2011.08.24 15:28 B F:\xampp\htdocs\radiofone\ZFRFAdm\application\classes\html2fpdf\font\helveticai.php --> ftp.radiofone.com.br /public_html/radiofone/ZFRFAdm/application/classes/html2fpdf/font helveticai.php
2011.08.24 15:28 B F:\xampp\htdocs\radiofone\ZFRFAdm\application\classes\html2fpdf\font\symbol.php --> ftp.radiofone.com.br /public_html/radiofone/ZFRFAdm/application/classes/html2fpdf/font symbol.php
2011.08.24 15:28 B F:\xampp\htdocs\radiofone\ZFRFAdm\application\classes\html2fpdf\font\times.php --> ftp.radiofone.com.br /public_html/radiofone/ZFRFAdm/application/classes/html2fpdf/font times.php
2011.08.24 15:28 B F:\xampp\htdocs\radiofone\ZFRFAdm\application\classes\html2fpdf\font\timesb.php --> ftp.radiofone.com.br /public_html/radiofone/ZFRFAdm/application/classes/html2fpdf/font timesb.php
2011.08.24 15:28 B F:\xampp\htdocs\radiofone\ZFRFAdm\application\classes\html2fpdf\font\timesbi.php --> ftp.radiofone.com.br /public_html/radiofone/ZFRFAdm/application/classes/html2fpdf/font timesbi.php
2011.08.24 15:28 B F:\xampp\htdocs\radiofone\ZFRFAdm\application\classes\html2fpdf\font\timesi.php --> ftp.radiofone.com.br /public_html/radiofone/ZFRFAdm/application/classes/html2fpdf/font timesi.php
2011.08.24 15:28 B F:\xampp\htdocs\radiofone\ZFRFAdm\application\classes\html2fpdf\font\WS_FTP.LOG --> ftp.radiofone.com.br /public_html/radiofone/ZFRFAdm/application/classes/html2fpdf/font WS_FTP.LOG
2011.08.24 15:28 B F:\xampp\htdocs\radiofone\ZFRFAdm\application\classes\html2fpdf\font\zapfdingbats.php --> ftp.radiofone.com.br /public_html/radiofone/ZFRFAdm/application/classes/html2fpdf/font zapfdingbats.php
2011.08.24 15:51 B F:\xampp\htdocs\radiofone\ZFRFAdm\application\classes\html2fpdf\font\courier.php --> ftp.radiofone.com.br /public_html/radiofone/cp/ZFRFAdm/application/classes/html2fpdf/font courier.php
2011.08.24 15:51 B F:\xampp\htdocs\radiofone\ZFRFAdm\application\classes\html2fpdf\font\helvetica.php --> ftp.radiofone.com.br /public_html/radiofone/cp/ZFRFAdm/application/classes/html2fpdf/font helvetica.php
2011.08.24 15:51 B F:\xampp\htdocs\radiofone\ZFRFAdm\application\classes\html2fpdf\font\helveticab.php --> ftp.radiofone.com.br /public_html/radiofone/cp/ZFRFAdm/application/classes/html2fpdf/font helveticab.php
2011.08.24 15:51 B F:\xampp\htdocs\radiofone\ZFRFAdm\application\classes\html2fpdf\font\helveticabi.php --> ftp.radiofone.com.br /public_html/radiofone/cp/ZFRFAdm/application/classes/html2fpdf/font helveticabi.php
2011.08.24 15:51 B F:\xampp\htdocs\radiofone\ZFRFAdm\application\classes\html2fpdf\font\helveticai.php --> ftp.radiofone.com.br /public_html/radiofone/cp/ZFRFAdm/application/classes/html2fpdf/font helveticai.php
2011.08.24 15:51 B F:\xampp\htdocs\radiofone\ZFRFAdm\application\classes\html2fpdf\font\symbol.php --> ftp.radiofone.com.br /public_html/radiofone/cp/ZFRFAdm/application/classes/html2fpdf/font symbol.php
2011.08.24 15:51 B F:\xampp\htdocs\radiofone\ZFRFAdm\application\classes\html2fpdf\font\times.php --> ftp.radiofone.com.br /public_html/radiofone/cp/ZFRFAdm/application/classes/html2fpdf/font times.php
2011.08.24 15:51 B F:\xampp\htdocs\radiofone\ZFRFAdm\application\classes\html2fpdf\font\timesb.php --> ftp.radiofone.com.br /public_html/radiofone/cp/ZFRFAdm/application/classes/html2fpdf/font timesb.php
2011.08.24 15:51 B F:\xampp\htdocs\radiofone\ZFRFAdm\application\classes\html2fpdf\font\timesbi.php --> ftp.radiofone.com.br /public_html/radiofone/cp/ZFRFAdm/application/classes/html2fpdf/font timesbi.php
2011.08.24 15:51 B F:\xampp\htdocs\radiofone\ZFRFAdm\application\classes\html2fpdf\font\timesi.php --> ftp.radiofone.com.br /public_html/radiofone/cp/ZFRFAdm/application/classes/html2fpdf/font timesi.php
2011.08.24 15:51 B F:\xampp\htdocs\radiofone\ZFRFAdm\application\classes\html2fpdf\font\WS_FTP.LOG --> ftp.radiofone.com.br /public_html/radiofone/cp/ZFRFAdm/application/classes/html2fpdf/font WS_FTP.LOG
2011.08.24 15:51 B F:\xampp\htdocs\radiofone\ZFRFAdm\application\classes\html2fpdf\font\zapfdingbats.php --> ftp.radiofone.com.br /public_html/radiofone/cp/ZFRFAdm/application/classes/html2fpdf/font zapfdingbats.php
2012.01.24 19:23 B F:\xampp\htdocs\marmar\application\classes\html2fpdf\font\courier.php --> graficamarmar.com.br /htdocs/wgadm/application/classes/html2fpdf/font courier.php
2012.01.24 19:23 B F:\xampp\htdocs\marmar\application\classes\html2fpdf\font\helvetica.php --> graficamarmar.com.br /htdocs/wgadm/application/classes/html2fpdf/font helvetica.php
2012.01.24 19:23 B F:\xampp\htdocs\marmar\application\classes\html2fpdf\font\helveticab.php --> graficamarmar.com.br /htdocs/wgadm/application/classes/html2fpdf/font helveticab.php
2012.01.24 19:23 B F:\xampp\htdocs\marmar\application\classes\html2fpdf\font\helveticabi.php --> graficamarmar.com.br /htdocs/wgadm/application/classes/html2fpdf/font helveticabi.php
2012.01.24 19:24 B F:\xampp\htdocs\marmar\application\classes\html2fpdf\font\helveticai.php --> graficamarmar.com.br /htdocs/wgadm/application/classes/html2fpdf/font helveticai.php
2012.01.24 19:24 B F:\xampp\htdocs\marmar\application\classes\html2fpdf\font\symbol.php --> graficamarmar.com.br /htdocs/wgadm/application/classes/html2fpdf/font symbol.php
2012.01.24 19:24 B F:\xampp\htdocs\marmar\application\classes\html2fpdf\font\times.php --> graficamarmar.com.br /htdocs/wgadm/application/classes/html2fpdf/font times.php
2012.01.24 19:24 B F:\xampp\htdocs\marmar\application\classes\html2fpdf\font\timesb.php --> graficamarmar.com.br /htdocs/wgadm/application/classes/html2fpdf/font timesb.php
2012.01.24 19:24 B F:\xampp\htdocs\marmar\application\classes\html2fpdf\font\timesbi.php --> graficamarmar.com.br /htdocs/wgadm/application/classes/html2fpdf/font timesbi.php
2012.01.24 19:24 B F:\xampp\htdocs\marmar\application\classes\html2fpdf\font\timesi.php --> graficamarmar.com.br /htdocs/wgadm/application/classes/html2fpdf/font timesi.php
2012.01.24 19:24 B F:\xampp\htdocs\marmar\application\classes\html2fpdf\font\WS_FTP.LOG --> graficamarmar.com.br /htdocs/wgadm/application/classes/html2fpdf/font WS_FTP.LOG
2012.01.24 19:24 B F:\xampp\htdocs\marmar\application\classes\html2fpdf\font\zapfdingbats.php --> graficamarmar.com.br /htdocs/wgadm/application/classes/html2fpdf/font zapfdingbats.php
2012.02.08 17:56 B F:\xampp\htdocs\marmar\application\classes\html2fpdf\font\courier.php --> graficamarmar.hospedagemdesites.ws /public_html/wgadm/application/classes/html2fpdf/font courier.php
2012.02.08 17:56 B F:\xampp\htdocs\marmar\application\classes\html2fpdf\font\helvetica.php --> graficamarmar.hospedagemdesites.ws /public_html/wgadm/application/classes/html2fpdf/font helvetica.php
2012.02.08 17:56 B F:\xampp\htdocs\marmar\application\classes\html2fpdf\font\helveticab.php --> graficamarmar.hospedagemdesites.ws /public_html/wgadm/application/classes/html2fpdf/font helveticab.php
2012.02.08 17:56 B F:\xampp\htdocs\marmar\application\classes\html2fpdf\font\helveticabi.php --> graficamarmar.hospedagemdesites.ws /public_html/wgadm/application/classes/html2fpdf/font helveticabi.php
2012.02.08 17:56 B F:\xampp\htdocs\marmar\application\classes\html2fpdf\font\helveticai.php --> graficamarmar.hospedagemdesites.ws /public_html/wgadm/application/classes/html2fpdf/font helveticai.php
2012.02.08 17:56 B F:\xampp\htdocs\marmar\application\classes\html2fpdf\font\symbol.php --> graficamarmar.hospedagemdesites.ws /public_html/wgadm/application/classes/html2fpdf/font symbol.php
2012.02.08 17:56 B F:\xampp\htdocs\marmar\application\classes\html2fpdf\font\times.php --> graficamarmar.hospedagemdesites.ws /public_html/wgadm/application/classes/html2fpdf/font times.php
2012.02.08 17:56 B F:\xampp\htdocs\marmar\application\classes\html2fpdf\font\timesb.php --> graficamarmar.hospedagemdesites.ws /public_html/wgadm/application/classes/html2fpdf/font timesb.php
2012.02.08 17:56 B F:\xampp\htdocs\marmar\application\classes\html2fpdf\font\timesbi.php --> graficamarmar.hospedagemdesites.ws /public_html/wgadm/application/classes/html2fpdf/font timesbi.php
2012.02.08 17:56 B F:\xampp\htdocs\marmar\application\classes\html2fpdf\font\timesi.php --> graficamarmar.hospedagemdesites.ws /public_html/wgadm/application/classes/html2fpdf/font timesi.php
2012.02.08 17:56 B F:\xampp\htdocs\marmar\application\classes\html2fpdf\font\WS_FTP.LOG --> graficamarmar.hospedagemdesites.ws /public_html/wgadm/application/classes/html2fpdf/font WS_FTP.LOG
2012.02.08 17:56 B F:\xampp\htdocs\marmar\application\classes\html2fpdf\font\zapfdingbats.php --> graficamarmar.hospedagemdesites.ws /public_html/wgadm/application/classes/html2fpdf/font zapfdingbats.php
2012.06.06 02:03 B F:\xampp\htdocs\sbrafh\novosite\application\classes\html2fpdf\font\WS_FTP.LOG --> ftp.sbrafh.org.br /public_html/site/application/classes/html2fpdf/font WS_FTP.LOG
2012.06.06 02:03 B F:\xampp\htdocs\sbrafh\novosite\application\classes\html2fpdf\font\zapfdingbats.php --> ftp.sbrafh.org.br /public_html/site/application/classes/html2fpdf/font zapfdingbats.php
2012.06.06 02:03 B F:\xampp\htdocs\sbrafh\novosite\application\classes\html2fpdf\font\timesi.php --> ftp.sbrafh.org.br /public_html/site/application/classes/html2fpdf/font timesi.php
2012.06.06 02:03 B F:\xampp\htdocs\sbrafh\novosite\application\classes\html2fpdf\font\timesbi.php --> ftp.sbrafh.org.br /public_html/site/application/classes/html2fpdf/font timesbi.php
2012.06.06 02:03 B F:\xampp\htdocs\sbrafh\novosite\application\classes\html2fpdf\font\timesb.php --> ftp.sbrafh.org.br /public_html/site/application/classes/html2fpdf/font timesb.php
2012.06.06 02:03 B F:\xampp\htdocs\sbrafh\novosite\application\classes\html2fpdf\font\times.php --> ftp.sbrafh.org.br /public_html/site/application/classes/html2fpdf/font times.php
2012.06.06 02:03 B F:\xampp\htdocs\sbrafh\novosite\application\classes\html2fpdf\font\symbol.php --> ftp.sbrafh.org.br /public_html/site/application/classes/html2fpdf/font symbol.php
2012.06.06 02:03 B F:\xampp\htdocs\sbrafh\novosite\application\classes\html2fpdf\font\helveticai.php --> ftp.sbrafh.org.br /public_html/site/application/classes/html2fpdf/font helveticai.php
2012.06.06 02:03 B F:\xampp\htdocs\sbrafh\novosite\application\classes\html2fpdf\font\helveticabi.php --> ftp.sbrafh.org.br /public_html/site/application/classes/html2fpdf/font helveticabi.php
2012.06.06 02:03 B F:\xampp\htdocs\sbrafh\novosite\application\classes\html2fpdf\font\helveticab.php --> ftp.sbrafh.org.br /public_html/site/application/classes/html2fpdf/font helveticab.php
2012.06.06 02:03 B F:\xampp\htdocs\sbrafh\novosite\application\classes\html2fpdf\font\helvetica.php --> ftp.sbrafh.org.br /public_html/site/application/classes/html2fpdf/font helvetica.php
2012.06.06 02:03 B F:\xampp\htdocs\sbrafh\novosite\application\classes\html2fpdf\font\courier.php --> ftp.sbrafh.org.br /public_html/site/application/classes/html2fpdf/font courier.php
2013.01.03 13:55 B F:\xampp\htdocs\amfar\site\application\classes\html2fpdf\font\courier.php --> ftp.amfar.com.br /public_html/site/application/classes/html2fpdf/font courier.php
2013.01.03 13:55 B F:\xampp\htdocs\amfar\site\application\classes\html2fpdf\font\helvetica.php --> ftp.amfar.com.br /public_html/site/application/classes/html2fpdf/font helvetica.php
2013.01.03 13:55 B F:\xampp\htdocs\amfar\site\application\classes\html2fpdf\font\helveticab.php --> ftp.amfar.com.br /public_html/site/application/classes/html2fpdf/font helveticab.php
2013.01.03 13:55 B F:\xampp\htdocs\amfar\site\application\classes\html2fpdf\font\helveticabi.php --> ftp.amfar.com.br /public_html/site/application/classes/html2fpdf/font helveticabi.php
2013.01.03 13:55 B F:\xampp\htdocs\amfar\site\application\classes\html2fpdf\font\helveticai.php --> ftp.amfar.com.br /public_html/site/application/classes/html2fpdf/font helveticai.php
2013.01.03 13:55 B F:\xampp\htdocs\amfar\site\application\classes\html2fpdf\font\symbol.php --> ftp.amfar.com.br /public_html/site/application/classes/html2fpdf/font symbol.php
2013.01.03 13:55 B F:\xampp\htdocs\amfar\site\application\classes\html2fpdf\font\times.php --> ftp.amfar.com.br /public_html/site/application/classes/html2fpdf/font times.php
2013.01.03 13:55 B F:\xampp\htdocs\amfar\site\application\classes\html2fpdf\font\timesb.php --> ftp.amfar.com.br /public_html/site/application/classes/html2fpdf/font timesb.php
2013.01.03 13:55 B F:\xampp\htdocs\amfar\site\application\classes\html2fpdf\font\timesbi.php --> ftp.amfar.com.br /public_html/site/application/classes/html2fpdf/font timesbi.php
2013.01.03 13:55 B F:\xampp\htdocs\amfar\site\application\classes\html2fpdf\font\timesi.php --> ftp.amfar.com.br /public_html/site/application/classes/html2fpdf/font timesi.php
2013.01.03 13:55 B F:\xampp\htdocs\amfar\site\application\classes\html2fpdf\font\WS_FTP.LOG --> ftp.amfar.com.br /public_html/site/application/classes/html2fpdf/font WS_FTP.LOG
2013.01.03 13:55 B F:\xampp\htdocs\amfar\site\application\classes\html2fpdf\font\zapfdingbats.php --> ftp.amfar.com.br /public_html/site/application/classes/html2fpdf/font zapfdingbats.php
