2012.09.19 01:11 B F:\xampp\htdocs\html2pdf\html2pdf\examples\about.php --> ftp.sbrafh.org.br /public_html/html2pdf/html2pdf/examples about.php
2012.09.19 01:11 B F:\xampp\htdocs\html2pdf\html2pdf\examples\bookmark.php --> ftp.sbrafh.org.br /public_html/html2pdf/html2pdf/examples bookmark.php
2012.09.19 01:11 B F:\xampp\htdocs\html2pdf\html2pdf\examples\exemple00.php --> ftp.sbrafh.org.br /public_html/html2pdf/html2pdf/examples exemple00.php
2012.09.19 01:11 B F:\xampp\htdocs\html2pdf\html2pdf\examples\exemple01.php --> ftp.sbrafh.org.br /public_html/html2pdf/html2pdf/examples exemple01.php
2012.09.19 01:11 B F:\xampp\htdocs\html2pdf\html2pdf\examples\exemple02.php --> ftp.sbrafh.org.br /public_html/html2pdf/html2pdf/examples exemple02.php
2012.09.19 01:11 B F:\xampp\htdocs\html2pdf\html2pdf\examples\exemple03.php --> ftp.sbrafh.org.br /public_html/html2pdf/html2pdf/examples exemple03.php
2012.09.19 01:11 B F:\xampp\htdocs\html2pdf\html2pdf\examples\exemple04.php --> ftp.sbrafh.org.br /public_html/html2pdf/html2pdf/examples exemple04.php
2012.09.19 01:11 B F:\xampp\htdocs\html2pdf\html2pdf\examples\exemple05.php --> ftp.sbrafh.org.br /public_html/html2pdf/html2pdf/examples exemple05.php
2012.09.19 01:11 B F:\xampp\htdocs\html2pdf\html2pdf\examples\exemple06.php --> ftp.sbrafh.org.br /public_html/html2pdf/html2pdf/examples exemple06.php
2012.09.19 01:11 B F:\xampp\htdocs\html2pdf\html2pdf\examples\exemple07.php --> ftp.sbrafh.org.br /public_html/html2pdf/html2pdf/examples exemple07.php
2012.09.19 01:11 B F:\xampp\htdocs\html2pdf\html2pdf\examples\exemple08.php --> ftp.sbrafh.org.br /public_html/html2pdf/html2pdf/examples exemple08.php
2012.09.19 01:11 B F:\xampp\htdocs\html2pdf\html2pdf\examples\exemple09.php --> ftp.sbrafh.org.br /public_html/html2pdf/html2pdf/examples exemple09.php
2012.09.19 01:11 B F:\xampp\htdocs\html2pdf\html2pdf\examples\exemple10.php --> ftp.sbrafh.org.br /public_html/html2pdf/html2pdf/examples exemple10.php
2012.09.19 01:11 B F:\xampp\htdocs\html2pdf\html2pdf\examples\exemple11.php --> ftp.sbrafh.org.br /public_html/html2pdf/html2pdf/examples exemple11.php
2012.09.19 01:11 B F:\xampp\htdocs\html2pdf\html2pdf\examples\exemple12.php --> ftp.sbrafh.org.br /public_html/html2pdf/html2pdf/examples exemple12.php
2012.09.19 01:11 B F:\xampp\htdocs\html2pdf\html2pdf\examples\exemple13.php --> ftp.sbrafh.org.br /public_html/html2pdf/html2pdf/examples exemple13.php
2012.09.19 01:11 B F:\xampp\htdocs\html2pdf\html2pdf\examples\forms.php --> ftp.sbrafh.org.br /public_html/html2pdf/html2pdf/examples forms.php
2012.09.19 01:11 B F:\xampp\htdocs\html2pdf\html2pdf\examples\groups.php --> ftp.sbrafh.org.br /public_html/html2pdf/html2pdf/examples groups.php
2012.09.19 01:11 B F:\xampp\htdocs\html2pdf\html2pdf\examples\js1.php --> ftp.sbrafh.org.br /public_html/html2pdf/html2pdf/examples js1.php
2012.09.19 01:11 B F:\xampp\htdocs\html2pdf\html2pdf\examples\js2.php --> ftp.sbrafh.org.br /public_html/html2pdf/html2pdf/examples js2.php
2012.09.19 01:11 B F:\xampp\htdocs\html2pdf\html2pdf\examples\js3.php --> ftp.sbrafh.org.br /public_html/html2pdf/html2pdf/examples js3.php
2012.09.19 01:11 B F:\xampp\htdocs\html2pdf\html2pdf\examples\qrcode.php --> ftp.sbrafh.org.br /public_html/html2pdf/html2pdf/examples qrcode.php
2012.09.19 01:11 B F:\xampp\htdocs\html2pdf\html2pdf\examples\radius.php --> ftp.sbrafh.org.br /public_html/html2pdf/html2pdf/examples radius.php
2012.09.19 01:11 B F:\xampp\htdocs\html2pdf\html2pdf\examples\regle.php --> ftp.sbrafh.org.br /public_html/html2pdf/html2pdf/examples regle.php
2012.09.19 01:11 B F:\xampp\htdocs\html2pdf\html2pdf\examples\svg.php --> ftp.sbrafh.org.br /public_html/html2pdf/html2pdf/examples svg.php
2012.09.19 01:11 B F:\xampp\htdocs\html2pdf\html2pdf\examples\svg_tiger.php --> ftp.sbrafh.org.br /public_html/html2pdf/html2pdf/examples svg_tiger.php
2012.09.19 01:11 B F:\xampp\htdocs\html2pdf\html2pdf\examples\svg_tree.php --> ftp.sbrafh.org.br /public_html/html2pdf/html2pdf/examples svg_tree.php
2012.09.19 01:11 B F:\xampp\htdocs\html2pdf\html2pdf\examples\ticket.php --> ftp.sbrafh.org.br /public_html/html2pdf/html2pdf/examples ticket.php
2012.09.19 01:11 B F:\xampp\htdocs\html2pdf\html2pdf\examples\utf8.php --> ftp.sbrafh.org.br /public_html/html2pdf/html2pdf/examples utf8.php
2012.11.23 12:27 B F:\xampp\htdocs\sbrafh\html2pdf\html2pdf\examples\about.php --> ftp.jairodepaula.com.br /jairodepaula/web/html2pdf/html2pdf/examples about.php
2012.11.23 12:27 B F:\xampp\htdocs\sbrafh\html2pdf\html2pdf\examples\bookmark.php --> ftp.jairodepaula.com.br /jairodepaula/web/html2pdf/html2pdf/examples bookmark.php
2012.11.23 12:27 B F:\xampp\htdocs\sbrafh\html2pdf\html2pdf\examples\exemple00.php --> ftp.jairodepaula.com.br /jairodepaula/web/html2pdf/html2pdf/examples exemple00.php
2012.11.23 12:27 B F:\xampp\htdocs\sbrafh\html2pdf\html2pdf\examples\exemple01.php --> ftp.jairodepaula.com.br /jairodepaula/web/html2pdf/html2pdf/examples exemple01.php
2012.11.23 12:27 B F:\xampp\htdocs\sbrafh\html2pdf\html2pdf\examples\exemple02.php --> ftp.jairodepaula.com.br /jairodepaula/web/html2pdf/html2pdf/examples exemple02.php
2012.11.23 12:27 B F:\xampp\htdocs\sbrafh\html2pdf\html2pdf\examples\exemple03.php --> ftp.jairodepaula.com.br /jairodepaula/web/html2pdf/html2pdf/examples exemple03.php
2012.11.23 12:27 B F:\xampp\htdocs\sbrafh\html2pdf\html2pdf\examples\exemple04.php --> ftp.jairodepaula.com.br /jairodepaula/web/html2pdf/html2pdf/examples exemple04.php
2012.11.23 12:27 B F:\xampp\htdocs\sbrafh\html2pdf\html2pdf\examples\exemple05.php --> ftp.jairodepaula.com.br /jairodepaula/web/html2pdf/html2pdf/examples exemple05.php
2012.11.23 12:27 B F:\xampp\htdocs\sbrafh\html2pdf\html2pdf\examples\exemple06.php --> ftp.jairodepaula.com.br /jairodepaula/web/html2pdf/html2pdf/examples exemple06.php
2012.11.23 12:27 B F:\xampp\htdocs\sbrafh\html2pdf\html2pdf\examples\exemple07.php --> ftp.jairodepaula.com.br /jairodepaula/web/html2pdf/html2pdf/examples exemple07.php
2012.11.23 12:27 B F:\xampp\htdocs\sbrafh\html2pdf\html2pdf\examples\exemple08.php --> ftp.jairodepaula.com.br /jairodepaula/web/html2pdf/html2pdf/examples exemple08.php
2012.11.23 12:27 B F:\xampp\htdocs\sbrafh\html2pdf\html2pdf\examples\exemple09.php --> ftp.jairodepaula.com.br /jairodepaula/web/html2pdf/html2pdf/examples exemple09.php
2012.11.23 12:27 B F:\xampp\htdocs\sbrafh\html2pdf\html2pdf\examples\exemple10.php --> ftp.jairodepaula.com.br /jairodepaula/web/html2pdf/html2pdf/examples exemple10.php
2012.11.23 12:27 B F:\xampp\htdocs\sbrafh\html2pdf\html2pdf\examples\exemple11.php --> ftp.jairodepaula.com.br /jairodepaula/web/html2pdf/html2pdf/examples exemple11.php
2012.11.23 12:27 B F:\xampp\htdocs\sbrafh\html2pdf\html2pdf\examples\exemple12.php --> ftp.jairodepaula.com.br /jairodepaula/web/html2pdf/html2pdf/examples exemple12.php
2012.11.23 12:27 B F:\xampp\htdocs\sbrafh\html2pdf\html2pdf\examples\exemple13.php --> ftp.jairodepaula.com.br /jairodepaula/web/html2pdf/html2pdf/examples exemple13.php
2012.11.23 12:27 B F:\xampp\htdocs\sbrafh\html2pdf\html2pdf\examples\forms.php --> ftp.jairodepaula.com.br /jairodepaula/web/html2pdf/html2pdf/examples forms.php
2012.11.23 12:27 B F:\xampp\htdocs\sbrafh\html2pdf\html2pdf\examples\groups.php --> ftp.jairodepaula.com.br /jairodepaula/web/html2pdf/html2pdf/examples groups.php
2012.11.23 12:27 B F:\xampp\htdocs\sbrafh\html2pdf\html2pdf\examples\js1.php --> ftp.jairodepaula.com.br /jairodepaula/web/html2pdf/html2pdf/examples js1.php
2012.11.23 12:27 B F:\xampp\htdocs\sbrafh\html2pdf\html2pdf\examples\js2.php --> ftp.jairodepaula.com.br /jairodepaula/web/html2pdf/html2pdf/examples js2.php
2012.11.23 12:27 B F:\xampp\htdocs\sbrafh\html2pdf\html2pdf\examples\js3.php --> ftp.jairodepaula.com.br /jairodepaula/web/html2pdf/html2pdf/examples js3.php
2012.11.23 12:27 B F:\xampp\htdocs\sbrafh\html2pdf\html2pdf\examples\qrcode.php --> ftp.jairodepaula.com.br /jairodepaula/web/html2pdf/html2pdf/examples qrcode.php
2012.11.23 12:27 B F:\xampp\htdocs\sbrafh\html2pdf\html2pdf\examples\radius.php --> ftp.jairodepaula.com.br /jairodepaula/web/html2pdf/html2pdf/examples radius.php
2012.11.23 12:28 B F:\xampp\htdocs\sbrafh\html2pdf\html2pdf\examples\regle.php --> ftp.jairodepaula.com.br /jairodepaula/web/html2pdf/html2pdf/examples regle.php
2012.11.23 12:28 B F:\xampp\htdocs\sbrafh\html2pdf\html2pdf\examples\svg.php --> ftp.jairodepaula.com.br /jairodepaula/web/html2pdf/html2pdf/examples svg.php
2012.11.23 12:28 B F:\xampp\htdocs\sbrafh\html2pdf\html2pdf\examples\svg_tiger.php --> ftp.jairodepaula.com.br /jairodepaula/web/html2pdf/html2pdf/examples svg_tiger.php
2012.11.23 12:28 B F:\xampp\htdocs\sbrafh\html2pdf\html2pdf\examples\svg_tree.php --> ftp.jairodepaula.com.br /jairodepaula/web/html2pdf/html2pdf/examples svg_tree.php
2012.11.23 12:28 B F:\xampp\htdocs\sbrafh\html2pdf\html2pdf\examples\ticket.php --> ftp.jairodepaula.com.br /jairodepaula/web/html2pdf/html2pdf/examples ticket.php
2012.11.23 12:28 B F:\xampp\htdocs\sbrafh\html2pdf\html2pdf\examples\utf8.php --> ftp.jairodepaula.com.br /jairodepaula/web/html2pdf/html2pdf/examples utf8.php
2012.11.23 12:28 B F:\xampp\htdocs\sbrafh\html2pdf\html2pdf\examples\WS_FTP.LOG --> ftp.jairodepaula.com.br /jairodepaula/web/html2pdf/html2pdf/examples WS_FTP.LOG
