2011.06.20 18:49 B F:\xampp\htdocs\zf-tutorial\library\Zend\Pdf\Resource\Font\CidFont.php --> ftp.portalridgid.com.br /public_html/zf-tutorial/library/Zend/Pdf/Resource/Font CidFont.php
2011.06.20 18:49 B F:\xampp\htdocs\zf-tutorial\library\Zend\Pdf\Resource\Font\Extracted.php --> ftp.portalridgid.com.br /public_html/zf-tutorial/library/Zend/Pdf/Resource/Font Extracted.php
2011.06.20 18:49 B F:\xampp\htdocs\zf-tutorial\library\Zend\Pdf\Resource\Font\FontDescriptor.php --> ftp.portalridgid.com.br /public_html/zf-tutorial/library/Zend/Pdf/Resource/Font FontDescriptor.php
2011.06.20 18:49 B F:\xampp\htdocs\zf-tutorial\library\Zend\Pdf\Resource\Font\Simple.php --> ftp.portalridgid.com.br /public_html/zf-tutorial/library/Zend/Pdf/Resource/Font Simple.php
2011.06.20 18:49 B F:\xampp\htdocs\zf-tutorial\library\Zend\Pdf\Resource\Font\Type0.php --> ftp.portalridgid.com.br /public_html/zf-tutorial/library/Zend/Pdf/Resource/Font Type0.php
2011.06.30 03:20 B F:\xampp\htdocs\zendLibrary\Zend\Pdf\Resource\Font\WS_FTP.LOG --> ftp.sbrafh.org.br /sbrafh/Web/zendLibrary/Zend/Pdf/Resource/Font WS_FTP.LOG
2011.06.30 03:20 B F:\xampp\htdocs\zendLibrary\Zend\Pdf\Resource\Font\Type0.php --> ftp.sbrafh.org.br /sbrafh/Web/zendLibrary/Zend/Pdf/Resource/Font Type0.php
2011.06.30 03:20 B F:\xampp\htdocs\zendLibrary\Zend\Pdf\Resource\Font\Simple.php --> ftp.sbrafh.org.br /sbrafh/Web/zendLibrary/Zend/Pdf/Resource/Font Simple.php
2011.06.30 03:20 B F:\xampp\htdocs\zendLibrary\Zend\Pdf\Resource\Font\FontDescriptor.php --> ftp.sbrafh.org.br /sbrafh/Web/zendLibrary/Zend/Pdf/Resource/Font FontDescriptor.php
2011.06.30 03:20 B F:\xampp\htdocs\zendLibrary\Zend\Pdf\Resource\Font\Extracted.php --> ftp.sbrafh.org.br /sbrafh/Web/zendLibrary/Zend/Pdf/Resource/Font Extracted.php
2011.06.30 03:20 B F:\xampp\htdocs\zendLibrary\Zend\Pdf\Resource\Font\CidFont.php --> ftp.sbrafh.org.br /sbrafh/Web/zendLibrary/Zend/Pdf/Resource/Font CidFont.php
2011.07.09 00:15 B F:\xampp\htdocs\zendLibrary\Zend\Pdf\Resource\Font\CidFont.php --> ftp.radiofone.com.br /public_html/radiofone/zendLibrary/Zend/Pdf/Resource/Font CidFont.php
2011.07.09 00:15 B F:\xampp\htdocs\zendLibrary\Zend\Pdf\Resource\Font\Extracted.php --> ftp.radiofone.com.br /public_html/radiofone/zendLibrary/Zend/Pdf/Resource/Font Extracted.php
2011.07.09 00:15 B F:\xampp\htdocs\zendLibrary\Zend\Pdf\Resource\Font\FontDescriptor.php --> ftp.radiofone.com.br /public_html/radiofone/zendLibrary/Zend/Pdf/Resource/Font FontDescriptor.php
2011.07.09 00:15 B F:\xampp\htdocs\zendLibrary\Zend\Pdf\Resource\Font\Simple.php --> ftp.radiofone.com.br /public_html/radiofone/zendLibrary/Zend/Pdf/Resource/Font Simple.php
2011.07.09 00:15 B F:\xampp\htdocs\zendLibrary\Zend\Pdf\Resource\Font\Type0.php --> ftp.radiofone.com.br /public_html/radiofone/zendLibrary/Zend/Pdf/Resource/Font Type0.php
2011.07.09 00:15 B F:\xampp\htdocs\zendLibrary\Zend\Pdf\Resource\Font\WS_FTP.LOG --> ftp.radiofone.com.br /public_html/radiofone/zendLibrary/Zend/Pdf/Resource/Font WS_FTP.LOG
2011.07.09 00:50 B F:\xampp\htdocs\zendLibrary\Zend\Pdf\Resource\Font\WS_FTP.LOG --> ftp.radiofone.com.br /public_html/radiofone/zendLibrary/Zend/Pdf/Resource/Font WS_FTP.LOG
2011.07.26 23:04 B F:\xampp\htdocs\zendLibrary\Zend\Pdf\Resource\Font\CidFont.php --> ftp.sobrafo.org.br /public_html/zendLibrary/Zend/Pdf/Resource/Font CidFont.php
2011.07.26 23:04 B F:\xampp\htdocs\zendLibrary\Zend\Pdf\Resource\Font\Extracted.php --> ftp.sobrafo.org.br /public_html/zendLibrary/Zend/Pdf/Resource/Font Extracted.php
2011.07.26 23:04 B F:\xampp\htdocs\zendLibrary\Zend\Pdf\Resource\Font\FontDescriptor.php --> ftp.sobrafo.org.br /public_html/zendLibrary/Zend/Pdf/Resource/Font FontDescriptor.php
2011.07.26 23:04 B F:\xampp\htdocs\zendLibrary\Zend\Pdf\Resource\Font\Simple.php --> ftp.sobrafo.org.br /public_html/zendLibrary/Zend/Pdf/Resource/Font Simple.php
2011.07.26 23:04 B F:\xampp\htdocs\zendLibrary\Zend\Pdf\Resource\Font\Type0.php --> ftp.sobrafo.org.br /public_html/zendLibrary/Zend/Pdf/Resource/Font Type0.php
2011.07.26 23:04 B F:\xampp\htdocs\zendLibrary\Zend\Pdf\Resource\Font\WS_FTP.LOG --> ftp.sobrafo.org.br /public_html/zendLibrary/Zend/Pdf/Resource/Font WS_FTP.LOG
2011.08.09 17:24 B F:\xampp\htdocs\ZendLibrary\Zend\Pdf\Resource\Font\CidFont.php --> ftp.amfar.com.br /public_html/ZendLibrary/Zend/Pdf/Resource/Font CidFont.php
2011.08.09 17:24 B F:\xampp\htdocs\ZendLibrary\Zend\Pdf\Resource\Font\Extracted.php --> ftp.amfar.com.br /public_html/ZendLibrary/Zend/Pdf/Resource/Font Extracted.php
2011.08.09 17:24 B F:\xampp\htdocs\ZendLibrary\Zend\Pdf\Resource\Font\FontDescriptor.php --> ftp.amfar.com.br /public_html/ZendLibrary/Zend/Pdf/Resource/Font FontDescriptor.php
2011.08.09 17:24 B F:\xampp\htdocs\ZendLibrary\Zend\Pdf\Resource\Font\Simple.php --> ftp.amfar.com.br /public_html/ZendLibrary/Zend/Pdf/Resource/Font Simple.php
2011.08.09 17:24 B F:\xampp\htdocs\ZendLibrary\Zend\Pdf\Resource\Font\Type0.php --> ftp.amfar.com.br /public_html/ZendLibrary/Zend/Pdf/Resource/Font Type0.php
