2011.06.20 18:56 B F:\xampp\htdocs\zf-tutorial\library\Zend\Tool\Framework\Manifest\ActionManifestable.php --> ftp.portalridgid.com.br /public_html/zf-tutorial/library/Zend/Tool/Framework/Manifest ActionManifestable.php
2011.06.20 18:56 B F:\xampp\htdocs\zf-tutorial\library\Zend\Tool\Framework\Manifest\Exception.php --> ftp.portalridgid.com.br /public_html/zf-tutorial/library/Zend/Tool/Framework/Manifest Exception.php
2011.06.20 18:56 B F:\xampp\htdocs\zf-tutorial\library\Zend\Tool\Framework\Manifest\Indexable.php --> ftp.portalridgid.com.br /public_html/zf-tutorial/library/Zend/Tool/Framework/Manifest Indexable.php
2011.06.20 18:56 B F:\xampp\htdocs\zf-tutorial\library\Zend\Tool\Framework\Manifest\Interface.php --> ftp.portalridgid.com.br /public_html/zf-tutorial/library/Zend/Tool/Framework/Manifest Interface.php
2011.06.20 18:56 B F:\xampp\htdocs\zf-tutorial\library\Zend\Tool\Framework\Manifest\MetadataManifestable.php --> ftp.portalridgid.com.br /public_html/zf-tutorial/library/Zend/Tool/Framework/Manifest MetadataManifestable.php
2011.06.20 18:56 B F:\xampp\htdocs\zf-tutorial\library\Zend\Tool\Framework\Manifest\ProviderManifestable.php --> ftp.portalridgid.com.br /public_html/zf-tutorial/library/Zend/Tool/Framework/Manifest ProviderManifestable.php
2011.06.20 18:56 B F:\xampp\htdocs\zf-tutorial\library\Zend\Tool\Framework\Manifest\Repository.php --> ftp.portalridgid.com.br /public_html/zf-tutorial/library/Zend/Tool/Framework/Manifest Repository.php
2011.06.30 03:48 B F:\xampp\htdocs\zendLibrary\Zend\Tool\Framework\Manifest\WS_FTP.LOG --> ftp.sbrafh.org.br /sbrafh/Web/zendLibrary/Zend/Tool/Framework/Manifest WS_FTP.LOG
2011.06.30 03:48 B F:\xampp\htdocs\zendLibrary\Zend\Tool\Framework\Manifest\Repository.php --> ftp.sbrafh.org.br /sbrafh/Web/zendLibrary/Zend/Tool/Framework/Manifest Repository.php
2011.06.30 03:48 B F:\xampp\htdocs\zendLibrary\Zend\Tool\Framework\Manifest\ProviderManifestable.php --> ftp.sbrafh.org.br /sbrafh/Web/zendLibrary/Zend/Tool/Framework/Manifest ProviderManifestable.php
2011.06.30 03:48 B F:\xampp\htdocs\zendLibrary\Zend\Tool\Framework\Manifest\MetadataManifestable.php --> ftp.sbrafh.org.br /sbrafh/Web/zendLibrary/Zend/Tool/Framework/Manifest MetadataManifestable.php
2011.06.30 03:48 B F:\xampp\htdocs\zendLibrary\Zend\Tool\Framework\Manifest\Interface.php --> ftp.sbrafh.org.br /sbrafh/Web/zendLibrary/Zend/Tool/Framework/Manifest Interface.php
2011.06.30 03:48 B F:\xampp\htdocs\zendLibrary\Zend\Tool\Framework\Manifest\Indexable.php --> ftp.sbrafh.org.br /sbrafh/Web/zendLibrary/Zend/Tool/Framework/Manifest Indexable.php
2011.06.30 03:48 B F:\xampp\htdocs\zendLibrary\Zend\Tool\Framework\Manifest\Exception.php --> ftp.sbrafh.org.br /sbrafh/Web/zendLibrary/Zend/Tool/Framework/Manifest Exception.php
2011.06.30 03:48 B F:\xampp\htdocs\zendLibrary\Zend\Tool\Framework\Manifest\ActionManifestable.php --> ftp.sbrafh.org.br /sbrafh/Web/zendLibrary/Zend/Tool/Framework/Manifest ActionManifestable.php
2011.07.09 00:23 B F:\xampp\htdocs\zendLibrary\Zend\Tool\Framework\Manifest\ActionManifestable.php --> ftp.radiofone.com.br /public_html/radiofone/zendLibrary/Zend/Tool/Framework/Manifest ActionManifestable.php
2011.07.09 00:23 B F:\xampp\htdocs\zendLibrary\Zend\Tool\Framework\Manifest\Exception.php --> ftp.radiofone.com.br /public_html/radiofone/zendLibrary/Zend/Tool/Framework/Manifest Exception.php
2011.07.09 00:23 B F:\xampp\htdocs\zendLibrary\Zend\Tool\Framework\Manifest\Indexable.php --> ftp.radiofone.com.br /public_html/radiofone/zendLibrary/Zend/Tool/Framework/Manifest Indexable.php
2011.07.09 00:23 B F:\xampp\htdocs\zendLibrary\Zend\Tool\Framework\Manifest\Interface.php --> ftp.radiofone.com.br /public_html/radiofone/zendLibrary/Zend/Tool/Framework/Manifest Interface.php
2011.07.09 00:23 B F:\xampp\htdocs\zendLibrary\Zend\Tool\Framework\Manifest\MetadataManifestable.php --> ftp.radiofone.com.br /public_html/radiofone/zendLibrary/Zend/Tool/Framework/Manifest MetadataManifestable.php
2011.07.09 00:23 B F:\xampp\htdocs\zendLibrary\Zend\Tool\Framework\Manifest\ProviderManifestable.php --> ftp.radiofone.com.br /public_html/radiofone/zendLibrary/Zend/Tool/Framework/Manifest ProviderManifestable.php
2011.07.09 00:23 B F:\xampp\htdocs\zendLibrary\Zend\Tool\Framework\Manifest\Repository.php --> ftp.radiofone.com.br /public_html/radiofone/zendLibrary/Zend/Tool/Framework/Manifest Repository.php
2011.07.09 00:23 B F:\xampp\htdocs\zendLibrary\Zend\Tool\Framework\Manifest\WS_FTP.LOG --> ftp.radiofone.com.br /public_html/radiofone/zendLibrary/Zend/Tool/Framework/Manifest WS_FTP.LOG
2011.07.09 00:53 B F:\xampp\htdocs\zendLibrary\Zend\Tool\Framework\Manifest\WS_FTP.LOG --> ftp.radiofone.com.br /public_html/radiofone/zendLibrary/Zend/Tool/Framework/Manifest WS_FTP.LOG
2011.07.26 23:12 B F:\xampp\htdocs\zendLibrary\Zend\Tool\Framework\Manifest\ActionManifestable.php --> ftp.sobrafo.org.br /public_html/zendLibrary/Zend/Tool/Framework/Manifest ActionManifestable.php
2011.07.26 23:12 B F:\xampp\htdocs\zendLibrary\Zend\Tool\Framework\Manifest\Exception.php --> ftp.sobrafo.org.br /public_html/zendLibrary/Zend/Tool/Framework/Manifest Exception.php
2011.07.26 23:12 B F:\xampp\htdocs\zendLibrary\Zend\Tool\Framework\Manifest\Indexable.php --> ftp.sobrafo.org.br /public_html/zendLibrary/Zend/Tool/Framework/Manifest Indexable.php
2011.07.26 23:12 B F:\xampp\htdocs\zendLibrary\Zend\Tool\Framework\Manifest\Interface.php --> ftp.sobrafo.org.br /public_html/zendLibrary/Zend/Tool/Framework/Manifest Interface.php
2011.07.26 23:12 B F:\xampp\htdocs\zendLibrary\Zend\Tool\Framework\Manifest\MetadataManifestable.php --> ftp.sobrafo.org.br /public_html/zendLibrary/Zend/Tool/Framework/Manifest MetadataManifestable.php
2011.07.26 23:12 B F:\xampp\htdocs\zendLibrary\Zend\Tool\Framework\Manifest\ProviderManifestable.php --> ftp.sobrafo.org.br /public_html/zendLibrary/Zend/Tool/Framework/Manifest ProviderManifestable.php
2011.07.26 23:12 B F:\xampp\htdocs\zendLibrary\Zend\Tool\Framework\Manifest\Repository.php --> ftp.sobrafo.org.br /public_html/zendLibrary/Zend/Tool/Framework/Manifest Repository.php
2011.07.26 23:12 B F:\xampp\htdocs\zendLibrary\Zend\Tool\Framework\Manifest\WS_FTP.LOG --> ftp.sobrafo.org.br /public_html/zendLibrary/Zend/Tool/Framework/Manifest WS_FTP.LOG
2011.08.09 17:32 B F:\xampp\htdocs\ZendLibrary\Zend\Tool\Framework\Manifest\ActionManifestable.php --> ftp.amfar.com.br /public_html/ZendLibrary/Zend/Tool/Framework/Manifest ActionManifestable.php
2011.08.09 17:32 B F:\xampp\htdocs\ZendLibrary\Zend\Tool\Framework\Manifest\Exception.php --> ftp.amfar.com.br /public_html/ZendLibrary/Zend/Tool/Framework/Manifest Exception.php
2011.08.09 17:32 B F:\xampp\htdocs\ZendLibrary\Zend\Tool\Framework\Manifest\Indexable.php --> ftp.amfar.com.br /public_html/ZendLibrary/Zend/Tool/Framework/Manifest Indexable.php
2011.08.09 17:32 B F:\xampp\htdocs\ZendLibrary\Zend\Tool\Framework\Manifest\Interface.php --> ftp.amfar.com.br /public_html/ZendLibrary/Zend/Tool/Framework/Manifest Interface.php
2011.08.09 17:32 B F:\xampp\htdocs\ZendLibrary\Zend\Tool\Framework\Manifest\MetadataManifestable.php --> ftp.amfar.com.br /public_html/ZendLibrary/Zend/Tool/Framework/Manifest MetadataManifestable.php
2011.08.09 17:32 B F:\xampp\htdocs\ZendLibrary\Zend\Tool\Framework\Manifest\ProviderManifestable.php --> ftp.amfar.com.br /public_html/ZendLibrary/Zend/Tool/Framework/Manifest ProviderManifestable.php
2011.08.09 17:32 B F:\xampp\htdocs\ZendLibrary\Zend\Tool\Framework\Manifest\Repository.php --> ftp.amfar.com.br /public_html/ZendLibrary/Zend/Tool/Framework/Manifest Repository.php
