2011.06.20 18:52 B F:\xampp\htdocs\zf-tutorial\library\Zend\Service\DeveloperGarden\Response\ConferenceCall\AddConferenceTemplateParticipantResponse.php --> ftp.portalridgid.com.br /public_html/zf-tutorial/library/Zend/Service/DeveloperGarden/Response/ConferenceCall AddConferenceTemplateParticipantResponse.php
2011.06.20 18:52 B F:\xampp\htdocs\zf-tutorial\library\Zend\Service\DeveloperGarden\Response\ConferenceCall\AddConferenceTemplateParticipantResponseType.php --> ftp.portalridgid.com.br /public_html/zf-tutorial/library/Zend/Service/DeveloperGarden/Response/ConferenceCall AddConferenceTemplateParticipantResponseType.php
2011.06.20 18:52 B F:\xampp\htdocs\zf-tutorial\library\Zend\Service\DeveloperGarden\Response\ConferenceCall\CCSResponseType.php --> ftp.portalridgid.com.br /public_html/zf-tutorial/library/Zend/Service/DeveloperGarden/Response/ConferenceCall CCSResponseType.php
2011.06.20 18:52 B F:\xampp\htdocs\zf-tutorial\library\Zend\Service\DeveloperGarden\Response\ConferenceCall\CommitConferenceResponse.php --> ftp.portalridgid.com.br /public_html/zf-tutorial/library/Zend/Service/DeveloperGarden/Response/ConferenceCall CommitConferenceResponse.php
2011.06.20 18:52 B F:\xampp\htdocs\zf-tutorial\library\Zend\Service\DeveloperGarden\Response\ConferenceCall\ConferenceCallAbstract.php --> ftp.portalridgid.com.br /public_html/zf-tutorial/library/Zend/Service/DeveloperGarden/Response/ConferenceCall ConferenceCallAbstract.php
2011.06.20 18:52 B F:\xampp\htdocs\zf-tutorial\library\Zend\Service\DeveloperGarden\Response\ConferenceCall\CreateConferenceResponse.php --> ftp.portalridgid.com.br /public_html/zf-tutorial/library/Zend/Service/DeveloperGarden/Response/ConferenceCall CreateConferenceResponse.php
2011.06.20 18:52 B F:\xampp\htdocs\zf-tutorial\library\Zend\Service\DeveloperGarden\Response\ConferenceCall\CreateConferenceResponseType.php --> ftp.portalridgid.com.br /public_html/zf-tutorial/library/Zend/Service/DeveloperGarden/Response/ConferenceCall CreateConferenceResponseType.php
2011.06.20 18:52 B F:\xampp\htdocs\zf-tutorial\library\Zend\Service\DeveloperGarden\Response\ConferenceCall\CreateConferenceTemplateResponse.php --> ftp.portalridgid.com.br /public_html/zf-tutorial/library/Zend/Service/DeveloperGarden/Response/ConferenceCall CreateConferenceTemplateResponse.php
2011.06.20 18:52 B F:\xampp\htdocs\zf-tutorial\library\Zend\Service\DeveloperGarden\Response\ConferenceCall\CreateConferenceTemplateResponseType.php --> ftp.portalridgid.com.br /public_html/zf-tutorial/library/Zend/Service/DeveloperGarden/Response/ConferenceCall CreateConferenceTemplateResponseType.php
2011.06.20 18:52 B F:\xampp\htdocs\zf-tutorial\library\Zend\Service\DeveloperGarden\Response\ConferenceCall\GetConferenceListResponse.php --> ftp.portalridgid.com.br /public_html/zf-tutorial/library/Zend/Service/DeveloperGarden/Response/ConferenceCall GetConferenceListResponse.php
2011.06.20 18:52 B F:\xampp\htdocs\zf-tutorial\library\Zend\Service\DeveloperGarden\Response\ConferenceCall\GetConferenceListResponseType.php --> ftp.portalridgid.com.br /public_html/zf-tutorial/library/Zend/Service/DeveloperGarden/Response/ConferenceCall GetConferenceListResponseType.php
2011.06.20 18:52 B F:\xampp\htdocs\zf-tutorial\library\Zend\Service\DeveloperGarden\Response\ConferenceCall\GetConferenceStatusResponse.php --> ftp.portalridgid.com.br /public_html/zf-tutorial/library/Zend/Service/DeveloperGarden/Response/ConferenceCall GetConferenceStatusResponse.php
2011.06.20 18:52 B F:\xampp\htdocs\zf-tutorial\library\Zend\Service\DeveloperGarden\Response\ConferenceCall\GetConferenceStatusResponseType.php --> ftp.portalridgid.com.br /public_html/zf-tutorial/library/Zend/Service/DeveloperGarden/Response/ConferenceCall GetConferenceStatusResponseType.php
2011.06.20 18:52 B F:\xampp\htdocs\zf-tutorial\library\Zend\Service\DeveloperGarden\Response\ConferenceCall\GetConferenceTemplateListResponse.php --> ftp.portalridgid.com.br /public_html/zf-tutorial/library/Zend/Service/DeveloperGarden/Response/ConferenceCall GetConferenceTemplateListResponse.php
2011.06.20 18:52 B F:\xampp\htdocs\zf-tutorial\library\Zend\Service\DeveloperGarden\Response\ConferenceCall\GetConferenceTemplateListResponseType.php --> ftp.portalridgid.com.br /public_html/zf-tutorial/library/Zend/Service/DeveloperGarden/Response/ConferenceCall GetConferenceTemplateListResponseType.php
2011.06.20 18:52 B F:\xampp\htdocs\zf-tutorial\library\Zend\Service\DeveloperGarden\Response\ConferenceCall\GetConferenceTemplateParticipantResponse.php --> ftp.portalridgid.com.br /public_html/zf-tutorial/library/Zend/Service/DeveloperGarden/Response/ConferenceCall GetConferenceTemplateParticipantResponse.php
2011.06.20 18:52 B F:\xampp\htdocs\zf-tutorial\library\Zend\Service\DeveloperGarden\Response\ConferenceCall\GetConferenceTemplateParticipantResponseType.php --> ftp.portalridgid.com.br /public_html/zf-tutorial/library/Zend/Service/DeveloperGarden/Response/ConferenceCall GetConferenceTemplateParticipantResponseType.php
2011.06.20 18:52 B F:\xampp\htdocs\zf-tutorial\library\Zend\Service\DeveloperGarden\Response\ConferenceCall\GetConferenceTemplateResponse.php --> ftp.portalridgid.com.br /public_html/zf-tutorial/library/Zend/Service/DeveloperGarden/Response/ConferenceCall GetConferenceTemplateResponse.php
2011.06.20 18:52 B F:\xampp\htdocs\zf-tutorial\library\Zend\Service\DeveloperGarden\Response\ConferenceCall\GetConferenceTemplateResponseType.php --> ftp.portalridgid.com.br /public_html/zf-tutorial/library/Zend/Service/DeveloperGarden/Response/ConferenceCall GetConferenceTemplateResponseType.php
2011.06.20 18:52 B F:\xampp\htdocs\zf-tutorial\library\Zend\Service\DeveloperGarden\Response\ConferenceCall\GetParticipantStatusResponse.php --> ftp.portalridgid.com.br /public_html/zf-tutorial/library/Zend/Service/DeveloperGarden/Response/ConferenceCall GetParticipantStatusResponse.php
2011.06.20 18:52 B F:\xampp\htdocs\zf-tutorial\library\Zend\Service\DeveloperGarden\Response\ConferenceCall\GetParticipantStatusResponseType.php --> ftp.portalridgid.com.br /public_html/zf-tutorial/library/Zend/Service/DeveloperGarden/Response/ConferenceCall GetParticipantStatusResponseType.php
2011.06.20 18:52 B F:\xampp\htdocs\zf-tutorial\library\Zend\Service\DeveloperGarden\Response\ConferenceCall\GetRunningConferenceResponse.php --> ftp.portalridgid.com.br /public_html/zf-tutorial/library/Zend/Service/DeveloperGarden/Response/ConferenceCall GetRunningConferenceResponse.php
2011.06.20 18:52 B F:\xampp\htdocs\zf-tutorial\library\Zend\Service\DeveloperGarden\Response\ConferenceCall\GetRunningConferenceResponseType.php --> ftp.portalridgid.com.br /public_html/zf-tutorial/library/Zend/Service/DeveloperGarden/Response/ConferenceCall GetRunningConferenceResponseType.php
2011.06.20 18:52 B F:\xampp\htdocs\zf-tutorial\library\Zend\Service\DeveloperGarden\Response\ConferenceCall\NewParticipantResponse.php --> ftp.portalridgid.com.br /public_html/zf-tutorial/library/Zend/Service/DeveloperGarden/Response/ConferenceCall NewParticipantResponse.php
2011.06.20 18:52 B F:\xampp\htdocs\zf-tutorial\library\Zend\Service\DeveloperGarden\Response\ConferenceCall\NewParticipantResponseType.php --> ftp.portalridgid.com.br /public_html/zf-tutorial/library/Zend/Service/DeveloperGarden/Response/ConferenceCall NewParticipantResponseType.php
2011.06.20 18:52 B F:\xampp\htdocs\zf-tutorial\library\Zend\Service\DeveloperGarden\Response\ConferenceCall\RemoveConferenceResponse.php --> ftp.portalridgid.com.br /public_html/zf-tutorial/library/Zend/Service/DeveloperGarden/Response/ConferenceCall RemoveConferenceResponse.php
2011.06.20 18:52 B F:\xampp\htdocs\zf-tutorial\library\Zend\Service\DeveloperGarden\Response\ConferenceCall\RemoveConferenceTemplateParticipantResponse.php --> ftp.portalridgid.com.br /public_html/zf-tutorial/library/Zend/Service/DeveloperGarden/Response/ConferenceCall RemoveConferenceTemplateParticipantResponse.php
2011.06.20 18:52 B F:\xampp\htdocs\zf-tutorial\library\Zend\Service\DeveloperGarden\Response\ConferenceCall\RemoveConferenceTemplateResponse.php --> ftp.portalridgid.com.br /public_html/zf-tutorial/library/Zend/Service/DeveloperGarden/Response/ConferenceCall RemoveConferenceTemplateResponse.php
2011.06.20 18:52 B F:\xampp\htdocs\zf-tutorial\library\Zend\Service\DeveloperGarden\Response\ConferenceCall\RemoveParticipantResponse.php --> ftp.portalridgid.com.br /public_html/zf-tutorial/library/Zend/Service/DeveloperGarden/Response/ConferenceCall RemoveParticipantResponse.php
2011.06.20 18:52 B F:\xampp\htdocs\zf-tutorial\library\Zend\Service\DeveloperGarden\Response\ConferenceCall\UpdateConferenceResponse.php --> ftp.portalridgid.com.br /public_html/zf-tutorial/library/Zend/Service/DeveloperGarden/Response/ConferenceCall UpdateConferenceResponse.php
2011.06.20 18:52 B F:\xampp\htdocs\zf-tutorial\library\Zend\Service\DeveloperGarden\Response\ConferenceCall\UpdateConferenceTemplateParticipantResponse.php --> ftp.portalridgid.com.br /public_html/zf-tutorial/library/Zend/Service/DeveloperGarden/Response/ConferenceCall UpdateConferenceTemplateParticipantResponse.php
2011.06.20 18:52 B F:\xampp\htdocs\zf-tutorial\library\Zend\Service\DeveloperGarden\Response\ConferenceCall\UpdateConferenceTemplateResponse.php --> ftp.portalridgid.com.br /public_html/zf-tutorial/library/Zend/Service/DeveloperGarden/Response/ConferenceCall UpdateConferenceTemplateResponse.php
2011.06.20 18:52 B F:\xampp\htdocs\zf-tutorial\library\Zend\Service\DeveloperGarden\Response\ConferenceCall\UpdateParticipantResponse.php --> ftp.portalridgid.com.br /public_html/zf-tutorial/library/Zend/Service/DeveloperGarden/Response/ConferenceCall UpdateParticipantResponse.php
2011.06.30 03:14 B F:\xampp\htdocs\zendLibrary\Zend\Service\DeveloperGarden\Response\ConferenceCall\WS_FTP.LOG --> ftp.sbrafh.org.br /sbrafh/Web/zendLibrary/Zend/Service/DeveloperGarden/Response/ConferenceCall WS_FTP.LOG
2011.06.30 03:14 B F:\xampp\htdocs\zendLibrary\Zend\Service\DeveloperGarden\Response\ConferenceCall\UpdateParticipantResponse.php --> ftp.sbrafh.org.br /sbrafh/Web/zendLibrary/Zend/Service/DeveloperGarden/Response/ConferenceCall UpdateParticipantResponse.php
2011.06.30 03:14 B F:\xampp\htdocs\zendLibrary\Zend\Service\DeveloperGarden\Response\ConferenceCall\UpdateConferenceTemplateResponse.php --> ftp.sbrafh.org.br /sbrafh/Web/zendLibrary/Zend/Service/DeveloperGarden/Response/ConferenceCall UpdateConferenceTemplateResponse.php
2011.06.30 03:14 B F:\xampp\htdocs\zendLibrary\Zend\Service\DeveloperGarden\Response\ConferenceCall\UpdateConferenceTemplateParticipantResponse.php --> ftp.sbrafh.org.br /sbrafh/Web/zendLibrary/Zend/Service/DeveloperGarden/Response/ConferenceCall UpdateConferenceTemplateParticipantResponse.php
2011.06.30 03:14 B F:\xampp\htdocs\zendLibrary\Zend\Service\DeveloperGarden\Response\ConferenceCall\UpdateConferenceResponse.php --> ftp.sbrafh.org.br /sbrafh/Web/zendLibrary/Zend/Service/DeveloperGarden/Response/ConferenceCall UpdateConferenceResponse.php
2011.06.30 03:14 B F:\xampp\htdocs\zendLibrary\Zend\Service\DeveloperGarden\Response\ConferenceCall\RemoveParticipantResponse.php --> ftp.sbrafh.org.br /sbrafh/Web/zendLibrary/Zend/Service/DeveloperGarden/Response/ConferenceCall RemoveParticipantResponse.php
2011.06.30 03:14 B F:\xampp\htdocs\zendLibrary\Zend\Service\DeveloperGarden\Response\ConferenceCall\RemoveConferenceTemplateResponse.php --> ftp.sbrafh.org.br /sbrafh/Web/zendLibrary/Zend/Service/DeveloperGarden/Response/ConferenceCall RemoveConferenceTemplateResponse.php
2011.06.30 03:15 B F:\xampp\htdocs\zendLibrary\Zend\Service\DeveloperGarden\Response\ConferenceCall\RemoveConferenceTemplateParticipantResponse.php --> ftp.sbrafh.org.br /sbrafh/Web/zendLibrary/Zend/Service/DeveloperGarden/Response/ConferenceCall RemoveConferenceTemplateParticipantResponse.php
2011.06.30 03:15 B F:\xampp\htdocs\zendLibrary\Zend\Service\DeveloperGarden\Response\ConferenceCall\RemoveConferenceResponse.php --> ftp.sbrafh.org.br /sbrafh/Web/zendLibrary/Zend/Service/DeveloperGarden/Response/ConferenceCall RemoveConferenceResponse.php
2011.06.30 03:15 B F:\xampp\htdocs\zendLibrary\Zend\Service\DeveloperGarden\Response\ConferenceCall\NewParticipantResponseType.php --> ftp.sbrafh.org.br /sbrafh/Web/zendLibrary/Zend/Service/DeveloperGarden/Response/ConferenceCall NewParticipantResponseType.php
2011.06.30 03:15 B F:\xampp\htdocs\zendLibrary\Zend\Service\DeveloperGarden\Response\ConferenceCall\NewParticipantResponse.php --> ftp.sbrafh.org.br /sbrafh/Web/zendLibrary/Zend/Service/DeveloperGarden/Response/ConferenceCall NewParticipantResponse.php
2011.06.30 03:15 B F:\xampp\htdocs\zendLibrary\Zend\Service\DeveloperGarden\Response\ConferenceCall\GetRunningConferenceResponseType.php --> ftp.sbrafh.org.br /sbrafh/Web/zendLibrary/Zend/Service/DeveloperGarden/Response/ConferenceCall GetRunningConferenceResponseType.php
2011.06.30 03:15 B F:\xampp\htdocs\zendLibrary\Zend\Service\DeveloperGarden\Response\ConferenceCall\GetRunningConferenceResponse.php --> ftp.sbrafh.org.br /sbrafh/Web/zendLibrary/Zend/Service/DeveloperGarden/Response/ConferenceCall GetRunningConferenceResponse.php
2011.06.30 03:15 B F:\xampp\htdocs\zendLibrary\Zend\Service\DeveloperGarden\Response\ConferenceCall\GetParticipantStatusResponseType.php --> ftp.sbrafh.org.br /sbrafh/Web/zendLibrary/Zend/Service/DeveloperGarden/Response/ConferenceCall GetParticipantStatusResponseType.php
2011.06.30 03:15 B F:\xampp\htdocs\zendLibrary\Zend\Service\DeveloperGarden\Response\ConferenceCall\GetParticipantStatusResponse.php --> ftp.sbrafh.org.br /sbrafh/Web/zendLibrary/Zend/Service/DeveloperGarden/Response/ConferenceCall GetParticipantStatusResponse.php
2011.06.30 03:15 B F:\xampp\htdocs\zendLibrary\Zend\Service\DeveloperGarden\Response\ConferenceCall\GetConferenceTemplateResponseType.php --> ftp.sbrafh.org.br /sbrafh/Web/zendLibrary/Zend/Service/DeveloperGarden/Response/ConferenceCall GetConferenceTemplateResponseType.php
2011.06.30 03:15 B F:\xampp\htdocs\zendLibrary\Zend\Service\DeveloperGarden\Response\ConferenceCall\GetConferenceTemplateResponse.php --> ftp.sbrafh.org.br /sbrafh/Web/zendLibrary/Zend/Service/DeveloperGarden/Response/ConferenceCall GetConferenceTemplateResponse.php
2011.06.30 03:15 B F:\xampp\htdocs\zendLibrary\Zend\Service\DeveloperGarden\Response\ConferenceCall\GetConferenceTemplateParticipantResponseType.php --> ftp.sbrafh.org.br /sbrafh/Web/zendLibrary/Zend/Service/DeveloperGarden/Response/ConferenceCall GetConferenceTemplateParticipantResponseType.php
2011.06.30 03:15 B F:\xampp\htdocs\zendLibrary\Zend\Service\DeveloperGarden\Response\ConferenceCall\GetConferenceTemplateParticipantResponse.php --> ftp.sbrafh.org.br /sbrafh/Web/zendLibrary/Zend/Service/DeveloperGarden/Response/ConferenceCall GetConferenceTemplateParticipantResponse.php
2011.06.30 03:15 B F:\xampp\htdocs\zendLibrary\Zend\Service\DeveloperGarden\Response\ConferenceCall\GetConferenceTemplateListResponseType.php --> ftp.sbrafh.org.br /sbrafh/Web/zendLibrary/Zend/Service/DeveloperGarden/Response/ConferenceCall GetConferenceTemplateListResponseType.php
2011.06.30 03:15 B F:\xampp\htdocs\zendLibrary\Zend\Service\DeveloperGarden\Response\ConferenceCall\GetConferenceTemplateListResponse.php --> ftp.sbrafh.org.br /sbrafh/Web/zendLibrary/Zend/Service/DeveloperGarden/Response/ConferenceCall GetConferenceTemplateListResponse.php
2011.06.30 03:15 B F:\xampp\htdocs\zendLibrary\Zend\Service\DeveloperGarden\Response\ConferenceCall\GetConferenceStatusResponseType.php --> ftp.sbrafh.org.br /sbrafh/Web/zendLibrary/Zend/Service/DeveloperGarden/Response/ConferenceCall GetConferenceStatusResponseType.php
2011.06.30 03:15 B F:\xampp\htdocs\zendLibrary\Zend\Service\DeveloperGarden\Response\ConferenceCall\GetConferenceStatusResponse.php --> ftp.sbrafh.org.br /sbrafh/Web/zendLibrary/Zend/Service/DeveloperGarden/Response/ConferenceCall GetConferenceStatusResponse.php
2011.06.30 03:15 B F:\xampp\htdocs\zendLibrary\Zend\Service\DeveloperGarden\Response\ConferenceCall\GetConferenceListResponseType.php --> ftp.sbrafh.org.br /sbrafh/Web/zendLibrary/Zend/Service/DeveloperGarden/Response/ConferenceCall GetConferenceListResponseType.php
2011.06.30 03:15 B F:\xampp\htdocs\zendLibrary\Zend\Service\DeveloperGarden\Response\ConferenceCall\GetConferenceListResponse.php --> ftp.sbrafh.org.br /sbrafh/Web/zendLibrary/Zend/Service/DeveloperGarden/Response/ConferenceCall GetConferenceListResponse.php
2011.06.30 03:15 B F:\xampp\htdocs\zendLibrary\Zend\Service\DeveloperGarden\Response\ConferenceCall\CreateConferenceTemplateResponseType.php --> ftp.sbrafh.org.br /sbrafh/Web/zendLibrary/Zend/Service/DeveloperGarden/Response/ConferenceCall CreateConferenceTemplateResponseType.php
2011.06.30 03:15 B F:\xampp\htdocs\zendLibrary\Zend\Service\DeveloperGarden\Response\ConferenceCall\CreateConferenceTemplateResponse.php --> ftp.sbrafh.org.br /sbrafh/Web/zendLibrary/Zend/Service/DeveloperGarden/Response/ConferenceCall CreateConferenceTemplateResponse.php
2011.06.30 03:15 B F:\xampp\htdocs\zendLibrary\Zend\Service\DeveloperGarden\Response\ConferenceCall\CreateConferenceResponseType.php --> ftp.sbrafh.org.br /sbrafh/Web/zendLibrary/Zend/Service/DeveloperGarden/Response/ConferenceCall CreateConferenceResponseType.php
2011.06.30 03:15 B F:\xampp\htdocs\zendLibrary\Zend\Service\DeveloperGarden\Response\ConferenceCall\CreateConferenceResponse.php --> ftp.sbrafh.org.br /sbrafh/Web/zendLibrary/Zend/Service/DeveloperGarden/Response/ConferenceCall CreateConferenceResponse.php
2011.06.30 03:15 B F:\xampp\htdocs\zendLibrary\Zend\Service\DeveloperGarden\Response\ConferenceCall\ConferenceCallAbstract.php --> ftp.sbrafh.org.br /sbrafh/Web/zendLibrary/Zend/Service/DeveloperGarden/Response/ConferenceCall ConferenceCallAbstract.php
2011.06.30 03:15 B F:\xampp\htdocs\zendLibrary\Zend\Service\DeveloperGarden\Response\ConferenceCall\CommitConferenceResponse.php --> ftp.sbrafh.org.br /sbrafh/Web/zendLibrary/Zend/Service/DeveloperGarden/Response/ConferenceCall CommitConferenceResponse.php
2011.06.30 03:15 B F:\xampp\htdocs\zendLibrary\Zend\Service\DeveloperGarden\Response\ConferenceCall\CCSResponseType.php --> ftp.sbrafh.org.br /sbrafh/Web/zendLibrary/Zend/Service/DeveloperGarden/Response/ConferenceCall CCSResponseType.php
2011.06.30 03:15 B F:\xampp\htdocs\zendLibrary\Zend\Service\DeveloperGarden\Response\ConferenceCall\AddConferenceTemplateParticipantResponseType.php --> ftp.sbrafh.org.br /sbrafh/Web/zendLibrary/Zend/Service/DeveloperGarden/Response/ConferenceCall AddConferenceTemplateParticipantResponseType.php
2011.06.30 03:15 B F:\xampp\htdocs\zendLibrary\Zend\Service\DeveloperGarden\Response\ConferenceCall\AddConferenceTemplateParticipantResponse.php --> ftp.sbrafh.org.br /sbrafh/Web/zendLibrary/Zend/Service/DeveloperGarden/Response/ConferenceCall AddConferenceTemplateParticipantResponse.php
2011.07.09 00:19 B F:\xampp\htdocs\zendLibrary\Zend\Service\DeveloperGarden\Response\ConferenceCall\AddConferenceTemplateParticipantResponse.php --> ftp.radiofone.com.br /public_html/radiofone/zendLibrary/Zend/Service/DeveloperGarden/Response/ConferenceCall AddConferenceTemplateParticipantResponse.php
2011.07.09 00:19 B F:\xampp\htdocs\zendLibrary\Zend\Service\DeveloperGarden\Response\ConferenceCall\AddConferenceTemplateParticipantResponseType.php --> ftp.radiofone.com.br /public_html/radiofone/zendLibrary/Zend/Service/DeveloperGarden/Response/ConferenceCall AddConferenceTemplateParticipantResponseType.php
2011.07.09 00:19 B F:\xampp\htdocs\zendLibrary\Zend\Service\DeveloperGarden\Response\ConferenceCall\CCSResponseType.php --> ftp.radiofone.com.br /public_html/radiofone/zendLibrary/Zend/Service/DeveloperGarden/Response/ConferenceCall CCSResponseType.php
2011.07.09 00:19 B F:\xampp\htdocs\zendLibrary\Zend\Service\DeveloperGarden\Response\ConferenceCall\CommitConferenceResponse.php --> ftp.radiofone.com.br /public_html/radiofone/zendLibrary/Zend/Service/DeveloperGarden/Response/ConferenceCall CommitConferenceResponse.php
2011.07.09 00:19 B F:\xampp\htdocs\zendLibrary\Zend\Service\DeveloperGarden\Response\ConferenceCall\ConferenceCallAbstract.php --> ftp.radiofone.com.br /public_html/radiofone/zendLibrary/Zend/Service/DeveloperGarden/Response/ConferenceCall ConferenceCallAbstract.php
2011.07.09 00:19 B F:\xampp\htdocs\zendLibrary\Zend\Service\DeveloperGarden\Response\ConferenceCall\CreateConferenceResponse.php --> ftp.radiofone.com.br /public_html/radiofone/zendLibrary/Zend/Service/DeveloperGarden/Response/ConferenceCall CreateConferenceResponse.php
2011.07.09 00:19 B F:\xampp\htdocs\zendLibrary\Zend\Service\DeveloperGarden\Response\ConferenceCall\CreateConferenceResponseType.php --> ftp.radiofone.com.br /public_html/radiofone/zendLibrary/Zend/Service/DeveloperGarden/Response/ConferenceCall CreateConferenceResponseType.php
2011.07.09 00:19 B F:\xampp\htdocs\zendLibrary\Zend\Service\DeveloperGarden\Response\ConferenceCall\CreateConferenceTemplateResponse.php --> ftp.radiofone.com.br /public_html/radiofone/zendLibrary/Zend/Service/DeveloperGarden/Response/ConferenceCall CreateConferenceTemplateResponse.php
2011.07.09 00:19 B F:\xampp\htdocs\zendLibrary\Zend\Service\DeveloperGarden\Response\ConferenceCall\CreateConferenceTemplateResponseType.php --> ftp.radiofone.com.br /public_html/radiofone/zendLibrary/Zend/Service/DeveloperGarden/Response/ConferenceCall CreateConferenceTemplateResponseType.php
2011.07.09 00:19 B F:\xampp\htdocs\zendLibrary\Zend\Service\DeveloperGarden\Response\ConferenceCall\GetConferenceListResponse.php --> ftp.radiofone.com.br /public_html/radiofone/zendLibrary/Zend/Service/DeveloperGarden/Response/ConferenceCall GetConferenceListResponse.php
2011.07.09 00:19 B F:\xampp\htdocs\zendLibrary\Zend\Service\DeveloperGarden\Response\ConferenceCall\GetConferenceListResponseType.php --> ftp.radiofone.com.br /public_html/radiofone/zendLibrary/Zend/Service/DeveloperGarden/Response/ConferenceCall GetConferenceListResponseType.php
2011.07.09 00:19 B F:\xampp\htdocs\zendLibrary\Zend\Service\DeveloperGarden\Response\ConferenceCall\GetConferenceStatusResponse.php --> ftp.radiofone.com.br /public_html/radiofone/zendLibrary/Zend/Service/DeveloperGarden/Response/ConferenceCall GetConferenceStatusResponse.php
2011.07.09 00:19 B F:\xampp\htdocs\zendLibrary\Zend\Service\DeveloperGarden\Response\ConferenceCall\GetConferenceStatusResponseType.php --> ftp.radiofone.com.br /public_html/radiofone/zendLibrary/Zend/Service/DeveloperGarden/Response/ConferenceCall GetConferenceStatusResponseType.php
2011.07.09 00:19 B F:\xampp\htdocs\zendLibrary\Zend\Service\DeveloperGarden\Response\ConferenceCall\GetConferenceTemplateListResponse.php --> ftp.radiofone.com.br /public_html/radiofone/zendLibrary/Zend/Service/DeveloperGarden/Response/ConferenceCall GetConferenceTemplateListResponse.php
2011.07.09 00:19 B F:\xampp\htdocs\zendLibrary\Zend\Service\DeveloperGarden\Response\ConferenceCall\GetConferenceTemplateListResponseType.php --> ftp.radiofone.com.br /public_html/radiofone/zendLibrary/Zend/Service/DeveloperGarden/Response/ConferenceCall GetConferenceTemplateListResponseType.php
2011.07.09 00:19 B F:\xampp\htdocs\zendLibrary\Zend\Service\DeveloperGarden\Response\ConferenceCall\GetConferenceTemplateParticipantResponse.php --> ftp.radiofone.com.br /public_html/radiofone/zendLibrary/Zend/Service/DeveloperGarden/Response/ConferenceCall GetConferenceTemplateParticipantResponse.php
2011.07.09 00:19 B F:\xampp\htdocs\zendLibrary\Zend\Service\DeveloperGarden\Response\ConferenceCall\GetConferenceTemplateParticipantResponseType.php --> ftp.radiofone.com.br /public_html/radiofone/zendLibrary/Zend/Service/DeveloperGarden/Response/ConferenceCall GetConferenceTemplateParticipantResponseType.php
2011.07.09 00:19 B F:\xampp\htdocs\zendLibrary\Zend\Service\DeveloperGarden\Response\ConferenceCall\GetConferenceTemplateResponse.php --> ftp.radiofone.com.br /public_html/radiofone/zendLibrary/Zend/Service/DeveloperGarden/Response/ConferenceCall GetConferenceTemplateResponse.php
2011.07.09 00:19 B F:\xampp\htdocs\zendLibrary\Zend\Service\DeveloperGarden\Response\ConferenceCall\GetConferenceTemplateResponseType.php --> ftp.radiofone.com.br /public_html/radiofone/zendLibrary/Zend/Service/DeveloperGarden/Response/ConferenceCall GetConferenceTemplateResponseType.php
2011.07.09 00:19 B F:\xampp\htdocs\zendLibrary\Zend\Service\DeveloperGarden\Response\ConferenceCall\GetParticipantStatusResponse.php --> ftp.radiofone.com.br /public_html/radiofone/zendLibrary/Zend/Service/DeveloperGarden/Response/ConferenceCall GetParticipantStatusResponse.php
2011.07.09 00:19 B F:\xampp\htdocs\zendLibrary\Zend\Service\DeveloperGarden\Response\ConferenceCall\GetParticipantStatusResponseType.php --> ftp.radiofone.com.br /public_html/radiofone/zendLibrary/Zend/Service/DeveloperGarden/Response/ConferenceCall GetParticipantStatusResponseType.php
2011.07.09 00:19 B F:\xampp\htdocs\zendLibrary\Zend\Service\DeveloperGarden\Response\ConferenceCall\GetRunningConferenceResponse.php --> ftp.radiofone.com.br /public_html/radiofone/zendLibrary/Zend/Service/DeveloperGarden/Response/ConferenceCall GetRunningConferenceResponse.php
2011.07.09 00:19 B F:\xampp\htdocs\zendLibrary\Zend\Service\DeveloperGarden\Response\ConferenceCall\GetRunningConferenceResponseType.php --> ftp.radiofone.com.br /public_html/radiofone/zendLibrary/Zend/Service/DeveloperGarden/Response/ConferenceCall GetRunningConferenceResponseType.php
2011.07.09 00:19 B F:\xampp\htdocs\zendLibrary\Zend\Service\DeveloperGarden\Response\ConferenceCall\NewParticipantResponse.php --> ftp.radiofone.com.br /public_html/radiofone/zendLibrary/Zend/Service/DeveloperGarden/Response/ConferenceCall NewParticipantResponse.php
2011.07.09 00:19 B F:\xampp\htdocs\zendLibrary\Zend\Service\DeveloperGarden\Response\ConferenceCall\NewParticipantResponseType.php --> ftp.radiofone.com.br /public_html/radiofone/zendLibrary/Zend/Service/DeveloperGarden/Response/ConferenceCall NewParticipantResponseType.php
2011.07.09 00:19 B F:\xampp\htdocs\zendLibrary\Zend\Service\DeveloperGarden\Response\ConferenceCall\RemoveConferenceResponse.php --> ftp.radiofone.com.br /public_html/radiofone/zendLibrary/Zend/Service/DeveloperGarden/Response/ConferenceCall RemoveConferenceResponse.php
2011.07.09 00:19 B F:\xampp\htdocs\zendLibrary\Zend\Service\DeveloperGarden\Response\ConferenceCall\RemoveConferenceTemplateParticipantResponse.php --> ftp.radiofone.com.br /public_html/radiofone/zendLibrary/Zend/Service/DeveloperGarden/Response/ConferenceCall RemoveConferenceTemplateParticipantResponse.php
2011.07.09 00:19 B F:\xampp\htdocs\zendLibrary\Zend\Service\DeveloperGarden\Response\ConferenceCall\RemoveConferenceTemplateResponse.php --> ftp.radiofone.com.br /public_html/radiofone/zendLibrary/Zend/Service/DeveloperGarden/Response/ConferenceCall RemoveConferenceTemplateResponse.php
2011.07.09 00:19 B F:\xampp\htdocs\zendLibrary\Zend\Service\DeveloperGarden\Response\ConferenceCall\RemoveParticipantResponse.php --> ftp.radiofone.com.br /public_html/radiofone/zendLibrary/Zend/Service/DeveloperGarden/Response/ConferenceCall RemoveParticipantResponse.php
2011.07.09 00:19 B F:\xampp\htdocs\zendLibrary\Zend\Service\DeveloperGarden\Response\ConferenceCall\UpdateConferenceResponse.php --> ftp.radiofone.com.br /public_html/radiofone/zendLibrary/Zend/Service/DeveloperGarden/Response/ConferenceCall UpdateConferenceResponse.php
2011.07.09 00:19 B F:\xampp\htdocs\zendLibrary\Zend\Service\DeveloperGarden\Response\ConferenceCall\UpdateConferenceTemplateParticipantResponse.php --> ftp.radiofone.com.br /public_html/radiofone/zendLibrary/Zend/Service/DeveloperGarden/Response/ConferenceCall UpdateConferenceTemplateParticipantResponse.php
2011.07.09 00:19 B F:\xampp\htdocs\zendLibrary\Zend\Service\DeveloperGarden\Response\ConferenceCall\UpdateConferenceTemplateResponse.php --> ftp.radiofone.com.br /public_html/radiofone/zendLibrary/Zend/Service/DeveloperGarden/Response/ConferenceCall UpdateConferenceTemplateResponse.php
2011.07.09 00:19 B F:\xampp\htdocs\zendLibrary\Zend\Service\DeveloperGarden\Response\ConferenceCall\UpdateParticipantResponse.php --> ftp.radiofone.com.br /public_html/radiofone/zendLibrary/Zend/Service/DeveloperGarden/Response/ConferenceCall UpdateParticipantResponse.php
2011.07.09 00:19 B F:\xampp\htdocs\zendLibrary\Zend\Service\DeveloperGarden\Response\ConferenceCall\WS_FTP.LOG --> ftp.radiofone.com.br /public_html/radiofone/zendLibrary/Zend/Service/DeveloperGarden/Response/ConferenceCall WS_FTP.LOG
2011.07.09 00:52 B F:\xampp\htdocs\zendLibrary\Zend\Service\DeveloperGarden\Response\ConferenceCall\WS_FTP.LOG --> ftp.radiofone.com.br /public_html/radiofone/zendLibrary/Zend/Service/DeveloperGarden/Response/ConferenceCall WS_FTP.LOG
2011.07.26 23:08 B F:\xampp\htdocs\zendLibrary\Zend\Service\DeveloperGarden\Response\ConferenceCall\AddConferenceTemplateParticipantResponse.php --> ftp.sobrafo.org.br /public_html/zendLibrary/Zend/Service/DeveloperGarden/Response/ConferenceCall AddConferenceTemplateParticipantResponse.php
2011.07.26 23:08 B F:\xampp\htdocs\zendLibrary\Zend\Service\DeveloperGarden\Response\ConferenceCall\AddConferenceTemplateParticipantResponseType.php --> ftp.sobrafo.org.br /public_html/zendLibrary/Zend/Service/DeveloperGarden/Response/ConferenceCall AddConferenceTemplateParticipantResponseType.php
2011.07.26 23:08 B F:\xampp\htdocs\zendLibrary\Zend\Service\DeveloperGarden\Response\ConferenceCall\CCSResponseType.php --> ftp.sobrafo.org.br /public_html/zendLibrary/Zend/Service/DeveloperGarden/Response/ConferenceCall CCSResponseType.php
2011.07.26 23:08 B F:\xampp\htdocs\zendLibrary\Zend\Service\DeveloperGarden\Response\ConferenceCall\CommitConferenceResponse.php --> ftp.sobrafo.org.br /public_html/zendLibrary/Zend/Service/DeveloperGarden/Response/ConferenceCall CommitConferenceResponse.php
2011.07.26 23:08 B F:\xampp\htdocs\zendLibrary\Zend\Service\DeveloperGarden\Response\ConferenceCall\ConferenceCallAbstract.php --> ftp.sobrafo.org.br /public_html/zendLibrary/Zend/Service/DeveloperGarden/Response/ConferenceCall ConferenceCallAbstract.php
2011.07.26 23:08 B F:\xampp\htdocs\zendLibrary\Zend\Service\DeveloperGarden\Response\ConferenceCall\CreateConferenceResponse.php --> ftp.sobrafo.org.br /public_html/zendLibrary/Zend/Service/DeveloperGarden/Response/ConferenceCall CreateConferenceResponse.php
2011.07.26 23:08 B F:\xampp\htdocs\zendLibrary\Zend\Service\DeveloperGarden\Response\ConferenceCall\CreateConferenceResponseType.php --> ftp.sobrafo.org.br /public_html/zendLibrary/Zend/Service/DeveloperGarden/Response/ConferenceCall CreateConferenceResponseType.php
2011.07.26 23:08 B F:\xampp\htdocs\zendLibrary\Zend\Service\DeveloperGarden\Response\ConferenceCall\CreateConferenceTemplateResponse.php --> ftp.sobrafo.org.br /public_html/zendLibrary/Zend/Service/DeveloperGarden/Response/ConferenceCall CreateConferenceTemplateResponse.php
2011.07.26 23:08 B F:\xampp\htdocs\zendLibrary\Zend\Service\DeveloperGarden\Response\ConferenceCall\CreateConferenceTemplateResponseType.php --> ftp.sobrafo.org.br /public_html/zendLibrary/Zend/Service/DeveloperGarden/Response/ConferenceCall CreateConferenceTemplateResponseType.php
2011.07.26 23:08 B F:\xampp\htdocs\zendLibrary\Zend\Service\DeveloperGarden\Response\ConferenceCall\GetConferenceListResponse.php --> ftp.sobrafo.org.br /public_html/zendLibrary/Zend/Service/DeveloperGarden/Response/ConferenceCall GetConferenceListResponse.php
2011.07.26 23:08 B F:\xampp\htdocs\zendLibrary\Zend\Service\DeveloperGarden\Response\ConferenceCall\GetConferenceListResponseType.php --> ftp.sobrafo.org.br /public_html/zendLibrary/Zend/Service/DeveloperGarden/Response/ConferenceCall GetConferenceListResponseType.php
2011.07.26 23:08 B F:\xampp\htdocs\zendLibrary\Zend\Service\DeveloperGarden\Response\ConferenceCall\GetConferenceStatusResponse.php --> ftp.sobrafo.org.br /public_html/zendLibrary/Zend/Service/DeveloperGarden/Response/ConferenceCall GetConferenceStatusResponse.php
2011.07.26 23:08 B F:\xampp\htdocs\zendLibrary\Zend\Service\DeveloperGarden\Response\ConferenceCall\GetConferenceStatusResponseType.php --> ftp.sobrafo.org.br /public_html/zendLibrary/Zend/Service/DeveloperGarden/Response/ConferenceCall GetConferenceStatusResponseType.php
2011.07.26 23:08 B F:\xampp\htdocs\zendLibrary\Zend\Service\DeveloperGarden\Response\ConferenceCall\GetConferenceTemplateListResponse.php --> ftp.sobrafo.org.br /public_html/zendLibrary/Zend/Service/DeveloperGarden/Response/ConferenceCall GetConferenceTemplateListResponse.php
2011.07.26 23:08 B F:\xampp\htdocs\zendLibrary\Zend\Service\DeveloperGarden\Response\ConferenceCall\GetConferenceTemplateListResponseType.php --> ftp.sobrafo.org.br /public_html/zendLibrary/Zend/Service/DeveloperGarden/Response/ConferenceCall GetConferenceTemplateListResponseType.php
2011.07.26 23:08 B F:\xampp\htdocs\zendLibrary\Zend\Service\DeveloperGarden\Response\ConferenceCall\GetConferenceTemplateParticipantResponse.php --> ftp.sobrafo.org.br /public_html/zendLibrary/Zend/Service/DeveloperGarden/Response/ConferenceCall GetConferenceTemplateParticipantResponse.php
2011.07.26 23:08 B F:\xampp\htdocs\zendLibrary\Zend\Service\DeveloperGarden\Response\ConferenceCall\GetConferenceTemplateParticipantResponseType.php --> ftp.sobrafo.org.br /public_html/zendLibrary/Zend/Service/DeveloperGarden/Response/ConferenceCall GetConferenceTemplateParticipantResponseType.php
2011.07.26 23:08 B F:\xampp\htdocs\zendLibrary\Zend\Service\DeveloperGarden\Response\ConferenceCall\GetConferenceTemplateResponse.php --> ftp.sobrafo.org.br /public_html/zendLibrary/Zend/Service/DeveloperGarden/Response/ConferenceCall GetConferenceTemplateResponse.php
2011.07.26 23:08 B F:\xampp\htdocs\zendLibrary\Zend\Service\DeveloperGarden\Response\ConferenceCall\GetConferenceTemplateResponseType.php --> ftp.sobrafo.org.br /public_html/zendLibrary/Zend/Service/DeveloperGarden/Response/ConferenceCall GetConferenceTemplateResponseType.php
2011.07.26 23:08 B F:\xampp\htdocs\zendLibrary\Zend\Service\DeveloperGarden\Response\ConferenceCall\GetParticipantStatusResponse.php --> ftp.sobrafo.org.br /public_html/zendLibrary/Zend/Service/DeveloperGarden/Response/ConferenceCall GetParticipantStatusResponse.php
2011.07.26 23:08 B F:\xampp\htdocs\zendLibrary\Zend\Service\DeveloperGarden\Response\ConferenceCall\GetParticipantStatusResponseType.php --> ftp.sobrafo.org.br /public_html/zendLibrary/Zend/Service/DeveloperGarden/Response/ConferenceCall GetParticipantStatusResponseType.php
2011.07.26 23:08 B F:\xampp\htdocs\zendLibrary\Zend\Service\DeveloperGarden\Response\ConferenceCall\GetRunningConferenceResponse.php --> ftp.sobrafo.org.br /public_html/zendLibrary/Zend/Service/DeveloperGarden/Response/ConferenceCall GetRunningConferenceResponse.php
2011.07.26 23:08 B F:\xampp\htdocs\zendLibrary\Zend\Service\DeveloperGarden\Response\ConferenceCall\GetRunningConferenceResponseType.php --> ftp.sobrafo.org.br /public_html/zendLibrary/Zend/Service/DeveloperGarden/Response/ConferenceCall GetRunningConferenceResponseType.php
2011.07.26 23:08 B F:\xampp\htdocs\zendLibrary\Zend\Service\DeveloperGarden\Response\ConferenceCall\NewParticipantResponse.php --> ftp.sobrafo.org.br /public_html/zendLibrary/Zend/Service/DeveloperGarden/Response/ConferenceCall NewParticipantResponse.php
2011.07.26 23:08 B F:\xampp\htdocs\zendLibrary\Zend\Service\DeveloperGarden\Response\ConferenceCall\NewParticipantResponseType.php --> ftp.sobrafo.org.br /public_html/zendLibrary/Zend/Service/DeveloperGarden/Response/ConferenceCall NewParticipantResponseType.php
2011.07.26 23:08 B F:\xampp\htdocs\zendLibrary\Zend\Service\DeveloperGarden\Response\ConferenceCall\RemoveConferenceResponse.php --> ftp.sobrafo.org.br /public_html/zendLibrary/Zend/Service/DeveloperGarden/Response/ConferenceCall RemoveConferenceResponse.php
2011.07.26 23:08 B F:\xampp\htdocs\zendLibrary\Zend\Service\DeveloperGarden\Response\ConferenceCall\RemoveConferenceTemplateParticipantResponse.php --> ftp.sobrafo.org.br /public_html/zendLibrary/Zend/Service/DeveloperGarden/Response/ConferenceCall RemoveConferenceTemplateParticipantResponse.php
2011.07.26 23:08 B F:\xampp\htdocs\zendLibrary\Zend\Service\DeveloperGarden\Response\ConferenceCall\RemoveConferenceTemplateResponse.php --> ftp.sobrafo.org.br /public_html/zendLibrary/Zend/Service/DeveloperGarden/Response/ConferenceCall RemoveConferenceTemplateResponse.php
2011.07.26 23:08 B F:\xampp\htdocs\zendLibrary\Zend\Service\DeveloperGarden\Response\ConferenceCall\RemoveParticipantResponse.php --> ftp.sobrafo.org.br /public_html/zendLibrary/Zend/Service/DeveloperGarden/Response/ConferenceCall RemoveParticipantResponse.php
2011.07.26 23:08 B F:\xampp\htdocs\zendLibrary\Zend\Service\DeveloperGarden\Response\ConferenceCall\UpdateConferenceResponse.php --> ftp.sobrafo.org.br /public_html/zendLibrary/Zend/Service/DeveloperGarden/Response/ConferenceCall UpdateConferenceResponse.php
2011.07.26 23:08 B F:\xampp\htdocs\zendLibrary\Zend\Service\DeveloperGarden\Response\ConferenceCall\UpdateConferenceTemplateParticipantResponse.php --> ftp.sobrafo.org.br /public_html/zendLibrary/Zend/Service/DeveloperGarden/Response/ConferenceCall UpdateConferenceTemplateParticipantResponse.php
2011.07.26 23:08 B F:\xampp\htdocs\zendLibrary\Zend\Service\DeveloperGarden\Response\ConferenceCall\UpdateConferenceTemplateResponse.php --> ftp.sobrafo.org.br /public_html/zendLibrary/Zend/Service/DeveloperGarden/Response/ConferenceCall UpdateConferenceTemplateResponse.php
2011.07.26 23:08 B F:\xampp\htdocs\zendLibrary\Zend\Service\DeveloperGarden\Response\ConferenceCall\UpdateParticipantResponse.php --> ftp.sobrafo.org.br /public_html/zendLibrary/Zend/Service/DeveloperGarden/Response/ConferenceCall UpdateParticipantResponse.php
2011.07.26 23:08 B F:\xampp\htdocs\zendLibrary\Zend\Service\DeveloperGarden\Response\ConferenceCall\WS_FTP.LOG --> ftp.sobrafo.org.br /public_html/zendLibrary/Zend/Service/DeveloperGarden/Response/ConferenceCall WS_FTP.LOG
2011.08.09 17:28 B F:\xampp\htdocs\ZendLibrary\Zend\Service\DeveloperGarden\Response\ConferenceCall\AddConferenceTemplateParticipantResponse.php --> ftp.amfar.com.br /public_html/ZendLibrary/Zend/Service/DeveloperGarden/Response/ConferenceCall AddConferenceTemplateParticipantResponse.php
2011.08.09 17:28 B F:\xampp\htdocs\ZendLibrary\Zend\Service\DeveloperGarden\Response\ConferenceCall\AddConferenceTemplateParticipantResponseType.php --> ftp.amfar.com.br /public_html/ZendLibrary/Zend/Service/DeveloperGarden/Response/ConferenceCall AddConferenceTemplateParticipantResponseType.php
2011.08.09 17:28 B F:\xampp\htdocs\ZendLibrary\Zend\Service\DeveloperGarden\Response\ConferenceCall\CCSResponseType.php --> ftp.amfar.com.br /public_html/ZendLibrary/Zend/Service/DeveloperGarden/Response/ConferenceCall CCSResponseType.php
2011.08.09 17:28 B F:\xampp\htdocs\ZendLibrary\Zend\Service\DeveloperGarden\Response\ConferenceCall\CommitConferenceResponse.php --> ftp.amfar.com.br /public_html/ZendLibrary/Zend/Service/DeveloperGarden/Response/ConferenceCall CommitConferenceResponse.php
2011.08.09 17:28 B F:\xampp\htdocs\ZendLibrary\Zend\Service\DeveloperGarden\Response\ConferenceCall\ConferenceCallAbstract.php --> ftp.amfar.com.br /public_html/ZendLibrary/Zend/Service/DeveloperGarden/Response/ConferenceCall ConferenceCallAbstract.php
2011.08.09 17:28 B F:\xampp\htdocs\ZendLibrary\Zend\Service\DeveloperGarden\Response\ConferenceCall\CreateConferenceResponse.php --> ftp.amfar.com.br /public_html/ZendLibrary/Zend/Service/DeveloperGarden/Response/ConferenceCall CreateConferenceResponse.php
2011.08.09 17:28 B F:\xampp\htdocs\ZendLibrary\Zend\Service\DeveloperGarden\Response\ConferenceCall\CreateConferenceResponseType.php --> ftp.amfar.com.br /public_html/ZendLibrary/Zend/Service/DeveloperGarden/Response/ConferenceCall CreateConferenceResponseType.php
2011.08.09 17:28 B F:\xampp\htdocs\ZendLibrary\Zend\Service\DeveloperGarden\Response\ConferenceCall\CreateConferenceTemplateResponse.php --> ftp.amfar.com.br /public_html/ZendLibrary/Zend/Service/DeveloperGarden/Response/ConferenceCall CreateConferenceTemplateResponse.php
2011.08.09 17:28 B F:\xampp\htdocs\ZendLibrary\Zend\Service\DeveloperGarden\Response\ConferenceCall\CreateConferenceTemplateResponseType.php --> ftp.amfar.com.br /public_html/ZendLibrary/Zend/Service/DeveloperGarden/Response/ConferenceCall CreateConferenceTemplateResponseType.php
2011.08.09 17:28 B F:\xampp\htdocs\ZendLibrary\Zend\Service\DeveloperGarden\Response\ConferenceCall\GetConferenceListResponse.php --> ftp.amfar.com.br /public_html/ZendLibrary/Zend/Service/DeveloperGarden/Response/ConferenceCall GetConferenceListResponse.php
2011.08.09 17:28 B F:\xampp\htdocs\ZendLibrary\Zend\Service\DeveloperGarden\Response\ConferenceCall\GetConferenceListResponseType.php --> ftp.amfar.com.br /public_html/ZendLibrary/Zend/Service/DeveloperGarden/Response/ConferenceCall GetConferenceListResponseType.php
2011.08.09 17:28 B F:\xampp\htdocs\ZendLibrary\Zend\Service\DeveloperGarden\Response\ConferenceCall\GetConferenceStatusResponse.php --> ftp.amfar.com.br /public_html/ZendLibrary/Zend/Service/DeveloperGarden/Response/ConferenceCall GetConferenceStatusResponse.php
2011.08.09 17:28 B F:\xampp\htdocs\ZendLibrary\Zend\Service\DeveloperGarden\Response\ConferenceCall\GetConferenceStatusResponseType.php --> ftp.amfar.com.br /public_html/ZendLibrary/Zend/Service/DeveloperGarden/Response/ConferenceCall GetConferenceStatusResponseType.php
2011.08.09 17:28 B F:\xampp\htdocs\ZendLibrary\Zend\Service\DeveloperGarden\Response\ConferenceCall\GetConferenceTemplateListResponse.php --> ftp.amfar.com.br /public_html/ZendLibrary/Zend/Service/DeveloperGarden/Response/ConferenceCall GetConferenceTemplateListResponse.php
2011.08.09 17:28 B F:\xampp\htdocs\ZendLibrary\Zend\Service\DeveloperGarden\Response\ConferenceCall\GetConferenceTemplateListResponseType.php --> ftp.amfar.com.br /public_html/ZendLibrary/Zend/Service/DeveloperGarden/Response/ConferenceCall GetConferenceTemplateListResponseType.php
2011.08.09 17:28 B F:\xampp\htdocs\ZendLibrary\Zend\Service\DeveloperGarden\Response\ConferenceCall\GetConferenceTemplateParticipantResponse.php --> ftp.amfar.com.br /public_html/ZendLibrary/Zend/Service/DeveloperGarden/Response/ConferenceCall GetConferenceTemplateParticipantResponse.php
2011.08.09 17:28 B F:\xampp\htdocs\ZendLibrary\Zend\Service\DeveloperGarden\Response\ConferenceCall\GetConferenceTemplateParticipantResponseType.php --> ftp.amfar.com.br /public_html/ZendLibrary/Zend/Service/DeveloperGarden/Response/ConferenceCall GetConferenceTemplateParticipantResponseType.php
2011.08.09 17:28 B F:\xampp\htdocs\ZendLibrary\Zend\Service\DeveloperGarden\Response\ConferenceCall\GetConferenceTemplateResponse.php --> ftp.amfar.com.br /public_html/ZendLibrary/Zend/Service/DeveloperGarden/Response/ConferenceCall GetConferenceTemplateResponse.php
2011.08.09 17:28 B F:\xampp\htdocs\ZendLibrary\Zend\Service\DeveloperGarden\Response\ConferenceCall\GetConferenceTemplateResponseType.php --> ftp.amfar.com.br /public_html/ZendLibrary/Zend/Service/DeveloperGarden/Response/ConferenceCall GetConferenceTemplateResponseType.php
2011.08.09 17:28 B F:\xampp\htdocs\ZendLibrary\Zend\Service\DeveloperGarden\Response\ConferenceCall\GetParticipantStatusResponse.php --> ftp.amfar.com.br /public_html/ZendLibrary/Zend/Service/DeveloperGarden/Response/ConferenceCall GetParticipantStatusResponse.php
2011.08.09 17:28 B F:\xampp\htdocs\ZendLibrary\Zend\Service\DeveloperGarden\Response\ConferenceCall\GetParticipantStatusResponseType.php --> ftp.amfar.com.br /public_html/ZendLibrary/Zend/Service/DeveloperGarden/Response/ConferenceCall GetParticipantStatusResponseType.php
2011.08.09 17:28 B F:\xampp\htdocs\ZendLibrary\Zend\Service\DeveloperGarden\Response\ConferenceCall\GetRunningConferenceResponse.php --> ftp.amfar.com.br /public_html/ZendLibrary/Zend/Service/DeveloperGarden/Response/ConferenceCall GetRunningConferenceResponse.php
2011.08.09 17:28 B F:\xampp\htdocs\ZendLibrary\Zend\Service\DeveloperGarden\Response\ConferenceCall\GetRunningConferenceResponseType.php --> ftp.amfar.com.br /public_html/ZendLibrary/Zend/Service/DeveloperGarden/Response/ConferenceCall GetRunningConferenceResponseType.php
2011.08.09 17:28 B F:\xampp\htdocs\ZendLibrary\Zend\Service\DeveloperGarden\Response\ConferenceCall\NewParticipantResponse.php --> ftp.amfar.com.br /public_html/ZendLibrary/Zend/Service/DeveloperGarden/Response/ConferenceCall NewParticipantResponse.php
2011.08.09 17:28 B F:\xampp\htdocs\ZendLibrary\Zend\Service\DeveloperGarden\Response\ConferenceCall\NewParticipantResponseType.php --> ftp.amfar.com.br /public_html/ZendLibrary/Zend/Service/DeveloperGarden/Response/ConferenceCall NewParticipantResponseType.php
2011.08.09 17:28 B F:\xampp\htdocs\ZendLibrary\Zend\Service\DeveloperGarden\Response\ConferenceCall\RemoveConferenceResponse.php --> ftp.amfar.com.br /public_html/ZendLibrary/Zend/Service/DeveloperGarden/Response/ConferenceCall RemoveConferenceResponse.php
2011.08.09 17:28 B F:\xampp\htdocs\ZendLibrary\Zend\Service\DeveloperGarden\Response\ConferenceCall\RemoveConferenceTemplateParticipantResponse.php --> ftp.amfar.com.br /public_html/ZendLibrary/Zend/Service/DeveloperGarden/Response/ConferenceCall RemoveConferenceTemplateParticipantResponse.php
2011.08.09 17:28 B F:\xampp\htdocs\ZendLibrary\Zend\Service\DeveloperGarden\Response\ConferenceCall\RemoveConferenceTemplateResponse.php --> ftp.amfar.com.br /public_html/ZendLibrary/Zend/Service/DeveloperGarden/Response/ConferenceCall RemoveConferenceTemplateResponse.php
2011.08.09 17:28 B F:\xampp\htdocs\ZendLibrary\Zend\Service\DeveloperGarden\Response\ConferenceCall\RemoveParticipantResponse.php --> ftp.amfar.com.br /public_html/ZendLibrary/Zend/Service/DeveloperGarden/Response/ConferenceCall RemoveParticipantResponse.php
2011.08.09 17:28 B F:\xampp\htdocs\ZendLibrary\Zend\Service\DeveloperGarden\Response\ConferenceCall\UpdateConferenceResponse.php --> ftp.amfar.com.br /public_html/ZendLibrary/Zend/Service/DeveloperGarden/Response/ConferenceCall UpdateConferenceResponse.php
2011.08.09 17:28 B F:\xampp\htdocs\ZendLibrary\Zend\Service\DeveloperGarden\Response\ConferenceCall\UpdateConferenceTemplateParticipantResponse.php --> ftp.amfar.com.br /public_html/ZendLibrary/Zend/Service/DeveloperGarden/Response/ConferenceCall UpdateConferenceTemplateParticipantResponse.php
2011.08.09 17:28 B F:\xampp\htdocs\ZendLibrary\Zend\Service\DeveloperGarden\Response\ConferenceCall\UpdateConferenceTemplateResponse.php --> ftp.amfar.com.br /public_html/ZendLibrary/Zend/Service/DeveloperGarden/Response/ConferenceCall UpdateConferenceTemplateResponse.php
2011.08.09 17:28 B F:\xampp\htdocs\ZendLibrary\Zend\Service\DeveloperGarden\Response\ConferenceCall\UpdateParticipantResponse.php --> ftp.amfar.com.br /public_html/ZendLibrary/Zend/Service/DeveloperGarden/Response/ConferenceCall UpdateParticipantResponse.php
