105.10.20 23:28 B D:\wwwsbrafh\enquete\home.php --> ftp.labgraphic.com.br /public_html/enquete home.php
105.10.20 23:28 B D:\wwwsbrafh\enquete\index.php --> ftp.labgraphic.com.br /public_html/enquete index.php
105.10.20 23:28 B D:\wwwsbrafh\enquete\manut.php --> ftp.labgraphic.com.br /public_html/enquete manut.php
105.10.20 23:28 B D:\wwwsbrafh\enquete\enquete.php --> ftp.labgraphic.com.br /public_html/enquete enquete.php
105.10.20 23:28 B D:\wwwsbrafh\enquete\resultados.php --> ftp.labgraphic.com.br /public_html/enquete resultados.php
105.10.20 23:36 B D:\wwwsbrafh\enquete\home.php --> ftp.labgraphic.com.br /public_html/sbrafh/enquete home.php
105.10.20 23:36 B D:\wwwsbrafh\enquete\index.php --> ftp.labgraphic.com.br /public_html/sbrafh/enquete index.php
105.10.20 23:36 B D:\wwwsbrafh\enquete\manut.php --> ftp.labgraphic.com.br /public_html/sbrafh/enquete manut.php
105.10.20 23:36 B D:\wwwsbrafh\enquete\enquete.php --> ftp.labgraphic.com.br /public_html/sbrafh/enquete enquete.php
105.10.20 23:36 B D:\wwwsbrafh\enquete\resultados.php --> ftp.labgraphic.com.br /public_html/sbrafh/enquete resultados.php
105.10.20 23:36 B D:\wwwsbrafh\enquete\WS_FTP.LOG --> ftp.labgraphic.com.br /public_html/sbrafh/enquete WS_FTP.LOG
105.10.20 23:37 B D:\wwwsbrafh\enquete\enquete.php --> ftp.labgraphic.com.br /public_html/sbrafh enquete.php
105.10.20 23:38 B D:\wwwsbrafh\enquete\enquete.php --> ftp.labgraphic.com.br /public_html/sbrafh/enquete enquete.php
105.10.20 23:39 B D:\wwwsbrafh\enquete\resultados.php --> ftp.labgraphic.com.br /public_html/sbrafh/enquete resultados.php
105.10.20 23:40 B D:\wwwsbrafh\enquete\manut.php --> ftp.labgraphic.com.br /public_html/sbrafh/enquete manut.php
105.10.20 23:40 B D:\wwwsbrafh\enquete\index.php --> ftp.labgraphic.com.br /public_html/sbrafh/enquete index.php
105.10.20 23:49 B D:\wwwsbrafh\enquete\resultados.php --> ftp.labgraphic.com.br /public_html/sbrafh/enquete resultados.php
105.10.20 23:51 B D:\wwwsbrafh\enquete\resultados.php --> ftp.labgraphic.com.br /public_html/sbrafh/enquete resultados.php
105.10.20 23:57 B D:\wwwsbrafh\enquete\enquete.php --> ftp.labgraphic.com.br /public_html/sbrafh/enquete enquete.php
105.10.20 23:58 B D:\wwwsbrafh\enquete\enquete.php --> ftp.labgraphic.com.br /public_html/sbrafh/enquete enquete.php
105.10.20 23:59 B D:\wwwsbrafh\enquete\enquete.php --> ftp.labgraphic.com.br /public_html/sbrafh/enquete enquete.php
105.10.21 00:00 B D:\wwwsbrafh\enquete\enquete.php --> ftp.labgraphic.com.br /public_html/sbrafh/enquete enquete.php
105.10.21 00:01 B D:\wwwsbrafh\enquete\enquete.php --> ftp.labgraphic.com.br /public_html/sbrafh/enquete enquete.php
105.10.21 00:03 B D:\wwwsbrafh\enquete\enquete.php --> ftp.labgraphic.com.br /public_html/sbrafh/enquete enquete.php
105.10.21 00:04 B D:\wwwsbrafh\enquete\enquete.php --> ftp.labgraphic.com.br /public_html/sbrafh/enquete enquete.php
105.10.21 00:07 B D:\wwwsbrafh\enquete\enquete.php --> ftp.labgraphic.com.br /public_html/sbrafh/enquete enquete.php
105.10.21 00:19 B D:\wwwsbrafh\enquete\enquete.php --> ftp.labgraphic.com.br /public_html/sbrafh/enquete enquete.php
105.10.21 00:19 B D:\wwwsbrafh\enquete\enquete.php --> ftp.labgraphic.com.br /public_html/sbrafh/enquete enquete.php
105.10.21 00:21 B D:\wwwsbrafh\enquete\enquete.php --> ftp.labgraphic.com.br /public_html/sbrafh/enquete enquete.php
105.10.21 00:23 B D:\wwwsbrafh\enquete\enquete.php --> ftp.labgraphic.com.br /public_html/sbrafh/enquete enquete.php
105.10.21 00:23 B D:\wwwsbrafh\enquete\enquete.php --> ftp.labgraphic.com.br /public_html/sbrafh/enquete enquete.php
105.10.21 00:25 B D:\wwwsbrafh\enquete\enquete.php --> ftp.labgraphic.com.br /public_html/sbrafh/enquete enquete.php
105.10.21 00:26 B D:\wwwsbrafh\enquete\enquete.php --> ftp.labgraphic.com.br /public_html/sbrafh/enquete enquete.php
105.10.21 00:27 B D:\wwwsbrafh\enquete\enquete.php --> ftp.labgraphic.com.br /public_html/sbrafh/enquete enquete.php
105.10.21 00:28 B D:\wwwsbrafh\enquete\enquete.php --> ftp.labgraphic.com.br /public_html/sbrafh/enquete enquete.php
105.10.21 00:29 B D:\wwwsbrafh\enquete\enquete.php --> ftp.labgraphic.com.br /public_html/sbrafh/enquete enquete.php
105.10.21 00:30 B D:\wwwsbrafh\enquete\enquete.php --> ftp.labgraphic.com.br /public_html/sbrafh/enquete enquete.php
105.10.21 00:33 B D:\wwwsbrafh\enquete\enquete.php --> ftp.labgraphic.com.br /public_html/sbrafh/enquete enquete.php
105.10.21 00:36 B D:\wwwsbrafh\enquete\enquete.php --> ftp.labgraphic.com.br /public_html/sbrafh/enquete enquete.php
105.10.21 00:38 B D:\wwwsbrafh\enquete\result_enq.php --> ftp.labgraphic.com.br /public_html/sbrafh/enquete result_enq.php
105.10.21 00:38 B D:\wwwsbrafh\enquete\result_enq.php --> ftp.labgraphic.com.br /public_html/sbrafh/enquete result_enq.php
105.10.21 00:39 B D:\wwwsbrafh\enquete\enquete.php --> ftp.labgraphic.com.br /public_html/sbrafh/enquete enquete.php
105.10.21 00:39 B D:\wwwsbrafh\enquete\enquete.php --> ftp.labgraphic.com.br /public_html/sbrafh/enquete enquete.php
105.10.21 00:40 B D:\wwwsbrafh\enquete\enquete.php --> ftp.labgraphic.com.br /public_html/sbrafh/enquete enquete.php
105.10.21 00:40 B D:\wwwsbrafh\enquete\enquete.php --> ftp.labgraphic.com.br /public_html/sbrafh/enquete enquete.php
105.10.21 00:44 B D:\wwwsbrafh\enquete\result_enq.php --> ftp.labgraphic.com.br /public_html/sbrafh/enquete result_enq.php
105.10.21 23:56 B D:\wwwsbrafh\enquete\enquete.php --> ftp.labgraphic.com.br /public_html/sbrafh/enquete enquete.php
105.10.21 23:56 B D:\wwwsbrafh\enquete\home.php --> ftp.labgraphic.com.br /public_html/sbrafh/enquete home.php
105.10.21 23:56 B D:\wwwsbrafh\enquete\index.php --> ftp.labgraphic.com.br /public_html/sbrafh/enquete index.php
105.10.21 23:56 B D:\wwwsbrafh\enquete\manut.php --> ftp.labgraphic.com.br /public_html/sbrafh/enquete manut.php
105.10.21 23:56 B D:\wwwsbrafh\enquete\result_enq.php --> ftp.labgraphic.com.br /public_html/sbrafh/enquete result_enq.php
105.10.22 14:26 B D:\wwwsbrafh\enquete\enquete.php --> ftp.labgraphic.com.br /public_html/sbrafh/enquete enquete.php
105.10.22 17:32 B D:\wwwsbrafh\enquete\enquete.php --> ftp.labgraphic.com.br /public_html/sbrafh/enquete enquete.php
105.10.22 17:32 B D:\wwwsbrafh\enquete\enquete.php --> ftp.labgraphic.com.br /public_html/sbrafh/enquete enquete.php
105.10.22 17:33 B D:\wwwsbrafh\enquete\enquete.php --> ftp.labgraphic.com.br /public_html/sbrafh/enquete enquete.php
105.10.24 12:50 B D:\wwwsbrafh\enquete\enquete.php --> ftp.sbrafh.org.br /public_html/enquete enquete.php
105.10.24 12:50 B D:\wwwsbrafh\enquete\home.php --> ftp.sbrafh.org.br /public_html/enquete home.php
105.10.24 12:50 B D:\wwwsbrafh\enquete\index.php --> ftp.sbrafh.org.br /public_html/enquete index.php
105.10.24 12:50 B D:\wwwsbrafh\enquete\manut.php --> ftp.sbrafh.org.br /public_html/enquete manut.php
105.10.24 12:50 B D:\wwwsbrafh\enquete\result_enq.php --> ftp.sbrafh.org.br /public_html/enquete result_enq.php
105.10.24 12:50 B D:\wwwsbrafh\enquete\WS_FTP.LOG --> ftp.sbrafh.org.br /public_html/enquete WS_FTP.LOG
105.10.24 13:15 B D:\wwwsbrafh\enquete\enquete.php --> ftp.sbrafh.org.br /public_html/enquete enquete.php
105.10.24 13:16 B D:\wwwsbrafh\enquete\enquete.php --> ftp.sbrafh.org.br /public_html/enquete enquete.php
105.10.24 17:43 B D:\wwwsbrafh\enquete\enquete.php --> ftp.sbrafh.org.br /public_html/enquete enquete.php
105.10.24 17:44 B D:\wwwsbrafh\enquete\enquete.php --> ftp.sbrafh.org.br /public_html/enquete enquete.php
105.10.24 17:45 B D:\wwwsbrafh\enquete\enquete.php --> ftp.sbrafh.org.br /public_html/enquete enquete.php
105.10.28 18:50 B D:\wwwsbrafh\enquete\enquete.php --> ftp.sbrafh.org.br /public_html/enquete enquete.php
105.10.28 18:50 B D:\wwwsbrafh\enquete\enquete.php --> ftp.sbrafh.org.br /public_html/enquete enquete.php
105.10.29 18:16 B D:\wwwsbrafh\enquete\result_enq.php --> ftp.sbrafh.org.br /public_html/enquete result_enq.php
105.10.29 18:17 B D:\wwwsbrafh\enquete\result_enq.php --> ftp.sbrafh.org.br /public_html/enquete result_enq.php
105.10.29 18:17 B D:\wwwsbrafh\enquete\result_enq.php --> ftp.sbrafh.org.br /public_html/enquete result_enq.php
105.10.29 18:18 B D:\wwwsbrafh\enquete\result_enq.php --> ftp.sbrafh.org.br /public_html/enquete result_enq.php
105.10.29 18:19 B D:\wwwsbrafh\enquete\result_enq.php --> ftp.sbrafh.org.br /public_html/enquete result_enq.php
105.10.29 18:20 B D:\wwwsbrafh\enquete\result_enq.php --> ftp.sbrafh.org.br /public_html/enquete result_enq.php
105.10.29 18:22 B D:\wwwsbrafh\enquete\result_enq.php --> ftp.sbrafh.org.br /public_html/enquete result_enq.php
105.10.29 18:23 B D:\wwwsbrafh\enquete\result_enq.php --> ftp.sbrafh.org.br /public_html/enquete result_enq.php
105.10.29 18:23 B D:\wwwsbrafh\enquete\result_enq.php --> ftp.sbrafh.org.br /public_html/enquete result_enq.php
105.10.29 18:26 B D:\wwwsbrafh\enquete\enquete.php --> ftp.sbrafh.org.br /public_html/enquete enquete.php
105.10.29 18:27 B D:\wwwsbrafh\enquete\enquete.php --> ftp.sbrafh.org.br /public_html/enquete enquete.php
105.11.02 12:57 B D:\wwwsbrafh\enquete\result_enq.php --> ftp.sbrafh.org.br /public_html/enquete result_enq.php
106.01.23 16:07 B D:\PHP\sbrafh\enquete\enquete.php --> ftp.sbrafh.org.br /public_html/enquete enquete.php
106.01.23 16:07 B D:\PHP\sbrafh\enquete\result_enq.php --> ftp.sbrafh.org.br /public_html/enquete result_enq.php
106.02.03 11:01 B D:\PHP\sbrafh\enquete\enquete.php --> ftp.sbrafh.org.br /public_html/enquete enquete.php
106.04.18 00:51 B D:\PHP\sbrafh\enquete\enquete.php --> ftp.shopland.com.br /public_html/enquete enquete.php
106.04.18 00:51 B D:\PHP\sbrafh\enquete\result_enq.php --> ftp.shopland.com.br /public_html/enquete result_enq.php
106.04.18 00:52 B D:\PHP\sbrafh\enquete\enquete.php <-- Shopland /public_html/enquete enquete.php
106.06.27 17:49 B Z:\sbrafh\enquete\resultado2.php --> ftp.sbrafh.org.br /public_html/enquete resultado2.php
106.06.27 17:49 B Z:\sbrafh\enquete\enquete2.php --> ftp.sbrafh.org.br /public_html/enquete enquete2.php
2007.07.25 03:55 B Z:\amfar\enquete\enquete.php --> ftp635.locaweb.com.br /public_html/enquete enquete.php
2007.07.25 03:55 B Z:\amfar\enquete\enquete2.php --> ftp635.locaweb.com.br /public_html/enquete enquete2.php
2007.07.25 03:55 B Z:\amfar\enquete\home.php --> ftp635.locaweb.com.br /public_html/enquete home.php
2007.07.25 03:55 B Z:\amfar\enquete\index.php --> ftp635.locaweb.com.br /public_html/enquete index.php
2007.07.25 03:55 B Z:\amfar\enquete\manut.php --> ftp635.locaweb.com.br /public_html/enquete manut.php
2007.07.25 03:55 B Z:\amfar\enquete\result_enq.php --> ftp635.locaweb.com.br /public_html/enquete result_enq.php
2007.07.25 03:55 B Z:\amfar\enquete\resultado2.php --> ftp635.locaweb.com.br /public_html/enquete resultado2.php
