2011.06.20 18:48 B F:\xampp\htdocs\zf-tutorial\library\Zend\Pdf\Action\GoTo.php --> ftp.portalridgid.com.br /public_html/zf-tutorial/library/Zend/Pdf/Action GoTo.php
2011.06.20 18:48 B F:\xampp\htdocs\zf-tutorial\library\Zend\Pdf\Action\GoTo3DView.php --> ftp.portalridgid.com.br /public_html/zf-tutorial/library/Zend/Pdf/Action GoTo3DView.php
2011.06.20 18:48 B F:\xampp\htdocs\zf-tutorial\library\Zend\Pdf\Action\GoToE.php --> ftp.portalridgid.com.br /public_html/zf-tutorial/library/Zend/Pdf/Action GoToE.php
2011.06.20 18:48 B F:\xampp\htdocs\zf-tutorial\library\Zend\Pdf\Action\GoToR.php --> ftp.portalridgid.com.br /public_html/zf-tutorial/library/Zend/Pdf/Action GoToR.php
2011.06.20 18:48 B F:\xampp\htdocs\zf-tutorial\library\Zend\Pdf\Action\Hide.php --> ftp.portalridgid.com.br /public_html/zf-tutorial/library/Zend/Pdf/Action Hide.php
2011.06.20 18:48 B F:\xampp\htdocs\zf-tutorial\library\Zend\Pdf\Action\ImportData.php --> ftp.portalridgid.com.br /public_html/zf-tutorial/library/Zend/Pdf/Action ImportData.php
2011.06.20 18:48 B F:\xampp\htdocs\zf-tutorial\library\Zend\Pdf\Action\JavaScript.php --> ftp.portalridgid.com.br /public_html/zf-tutorial/library/Zend/Pdf/Action JavaScript.php
2011.06.20 18:48 B F:\xampp\htdocs\zf-tutorial\library\Zend\Pdf\Action\Launch.php --> ftp.portalridgid.com.br /public_html/zf-tutorial/library/Zend/Pdf/Action Launch.php
2011.06.20 18:48 B F:\xampp\htdocs\zf-tutorial\library\Zend\Pdf\Action\Movie.php --> ftp.portalridgid.com.br /public_html/zf-tutorial/library/Zend/Pdf/Action Movie.php
2011.06.20 18:48 B F:\xampp\htdocs\zf-tutorial\library\Zend\Pdf\Action\Named.php --> ftp.portalridgid.com.br /public_html/zf-tutorial/library/Zend/Pdf/Action Named.php
2011.06.20 18:48 B F:\xampp\htdocs\zf-tutorial\library\Zend\Pdf\Action\Rendition.php --> ftp.portalridgid.com.br /public_html/zf-tutorial/library/Zend/Pdf/Action Rendition.php
2011.06.20 18:48 B F:\xampp\htdocs\zf-tutorial\library\Zend\Pdf\Action\ResetForm.php --> ftp.portalridgid.com.br /public_html/zf-tutorial/library/Zend/Pdf/Action ResetForm.php
2011.06.20 18:48 B F:\xampp\htdocs\zf-tutorial\library\Zend\Pdf\Action\SetOCGState.php --> ftp.portalridgid.com.br /public_html/zf-tutorial/library/Zend/Pdf/Action SetOCGState.php
2011.06.20 18:48 B F:\xampp\htdocs\zf-tutorial\library\Zend\Pdf\Action\Sound.php --> ftp.portalridgid.com.br /public_html/zf-tutorial/library/Zend/Pdf/Action Sound.php
2011.06.20 18:48 B F:\xampp\htdocs\zf-tutorial\library\Zend\Pdf\Action\SubmitForm.php --> ftp.portalridgid.com.br /public_html/zf-tutorial/library/Zend/Pdf/Action SubmitForm.php
2011.06.20 18:48 B F:\xampp\htdocs\zf-tutorial\library\Zend\Pdf\Action\Thread.php --> ftp.portalridgid.com.br /public_html/zf-tutorial/library/Zend/Pdf/Action Thread.php
2011.06.20 18:48 B F:\xampp\htdocs\zf-tutorial\library\Zend\Pdf\Action\Trans.php --> ftp.portalridgid.com.br /public_html/zf-tutorial/library/Zend/Pdf/Action Trans.php
2011.06.20 18:48 B F:\xampp\htdocs\zf-tutorial\library\Zend\Pdf\Action\Unknown.php --> ftp.portalridgid.com.br /public_html/zf-tutorial/library/Zend/Pdf/Action Unknown.php
2011.06.20 18:48 B F:\xampp\htdocs\zf-tutorial\library\Zend\Pdf\Action\URI.php --> ftp.portalridgid.com.br /public_html/zf-tutorial/library/Zend/Pdf/Action URI.php
2011.06.30 03:21 B F:\xampp\htdocs\zendLibrary\Zend\Pdf\Action\WS_FTP.LOG --> ftp.sbrafh.org.br /sbrafh/Web/zendLibrary/Zend/Pdf/Action WS_FTP.LOG
2011.06.30 03:21 B F:\xampp\htdocs\zendLibrary\Zend\Pdf\Action\URI.php --> ftp.sbrafh.org.br /sbrafh/Web/zendLibrary/Zend/Pdf/Action URI.php
2011.06.30 03:21 B F:\xampp\htdocs\zendLibrary\Zend\Pdf\Action\Unknown.php --> ftp.sbrafh.org.br /sbrafh/Web/zendLibrary/Zend/Pdf/Action Unknown.php
2011.06.30 03:21 B F:\xampp\htdocs\zendLibrary\Zend\Pdf\Action\Trans.php --> ftp.sbrafh.org.br /sbrafh/Web/zendLibrary/Zend/Pdf/Action Trans.php
2011.06.30 03:21 B F:\xampp\htdocs\zendLibrary\Zend\Pdf\Action\Thread.php --> ftp.sbrafh.org.br /sbrafh/Web/zendLibrary/Zend/Pdf/Action Thread.php
2011.06.30 03:21 B F:\xampp\htdocs\zendLibrary\Zend\Pdf\Action\SubmitForm.php --> ftp.sbrafh.org.br /sbrafh/Web/zendLibrary/Zend/Pdf/Action SubmitForm.php
2011.06.30 03:21 B F:\xampp\htdocs\zendLibrary\Zend\Pdf\Action\Sound.php --> ftp.sbrafh.org.br /sbrafh/Web/zendLibrary/Zend/Pdf/Action Sound.php
2011.06.30 03:21 B F:\xampp\htdocs\zendLibrary\Zend\Pdf\Action\SetOCGState.php --> ftp.sbrafh.org.br /sbrafh/Web/zendLibrary/Zend/Pdf/Action SetOCGState.php
2011.06.30 03:21 B F:\xampp\htdocs\zendLibrary\Zend\Pdf\Action\ResetForm.php --> ftp.sbrafh.org.br /sbrafh/Web/zendLibrary/Zend/Pdf/Action ResetForm.php
2011.06.30 03:21 B F:\xampp\htdocs\zendLibrary\Zend\Pdf\Action\Rendition.php --> ftp.sbrafh.org.br /sbrafh/Web/zendLibrary/Zend/Pdf/Action Rendition.php
2011.06.30 03:21 B F:\xampp\htdocs\zendLibrary\Zend\Pdf\Action\Named.php --> ftp.sbrafh.org.br /sbrafh/Web/zendLibrary/Zend/Pdf/Action Named.php
2011.06.30 03:21 B F:\xampp\htdocs\zendLibrary\Zend\Pdf\Action\Movie.php --> ftp.sbrafh.org.br /sbrafh/Web/zendLibrary/Zend/Pdf/Action Movie.php
2011.06.30 03:21 B F:\xampp\htdocs\zendLibrary\Zend\Pdf\Action\Launch.php --> ftp.sbrafh.org.br /sbrafh/Web/zendLibrary/Zend/Pdf/Action Launch.php
2011.06.30 03:21 B F:\xampp\htdocs\zendLibrary\Zend\Pdf\Action\JavaScript.php --> ftp.sbrafh.org.br /sbrafh/Web/zendLibrary/Zend/Pdf/Action JavaScript.php
2011.06.30 03:21 B F:\xampp\htdocs\zendLibrary\Zend\Pdf\Action\ImportData.php --> ftp.sbrafh.org.br /sbrafh/Web/zendLibrary/Zend/Pdf/Action ImportData.php
2011.06.30 03:21 B F:\xampp\htdocs\zendLibrary\Zend\Pdf\Action\Hide.php --> ftp.sbrafh.org.br /sbrafh/Web/zendLibrary/Zend/Pdf/Action Hide.php
2011.06.30 03:21 B F:\xampp\htdocs\zendLibrary\Zend\Pdf\Action\GoToR.php --> ftp.sbrafh.org.br /sbrafh/Web/zendLibrary/Zend/Pdf/Action GoToR.php
2011.06.30 03:21 B F:\xampp\htdocs\zendLibrary\Zend\Pdf\Action\GoToE.php --> ftp.sbrafh.org.br /sbrafh/Web/zendLibrary/Zend/Pdf/Action GoToE.php
2011.06.30 03:21 B F:\xampp\htdocs\zendLibrary\Zend\Pdf\Action\GoTo3DView.php --> ftp.sbrafh.org.br /sbrafh/Web/zendLibrary/Zend/Pdf/Action GoTo3DView.php
2011.06.30 03:21 B F:\xampp\htdocs\zendLibrary\Zend\Pdf\Action\GoTo.php --> ftp.sbrafh.org.br /sbrafh/Web/zendLibrary/Zend/Pdf/Action GoTo.php
2011.07.09 00:14 B F:\xampp\htdocs\zendLibrary\Zend\Pdf\Action\GoTo.php --> ftp.radiofone.com.br /public_html/radiofone/zendLibrary/Zend/Pdf/Action GoTo.php
2011.07.09 00:14 B F:\xampp\htdocs\zendLibrary\Zend\Pdf\Action\GoTo3DView.php --> ftp.radiofone.com.br /public_html/radiofone/zendLibrary/Zend/Pdf/Action GoTo3DView.php
2011.07.09 00:14 B F:\xampp\htdocs\zendLibrary\Zend\Pdf\Action\GoToE.php --> ftp.radiofone.com.br /public_html/radiofone/zendLibrary/Zend/Pdf/Action GoToE.php
2011.07.09 00:14 B F:\xampp\htdocs\zendLibrary\Zend\Pdf\Action\GoToR.php --> ftp.radiofone.com.br /public_html/radiofone/zendLibrary/Zend/Pdf/Action GoToR.php
2011.07.09 00:14 B F:\xampp\htdocs\zendLibrary\Zend\Pdf\Action\Hide.php --> ftp.radiofone.com.br /public_html/radiofone/zendLibrary/Zend/Pdf/Action Hide.php
2011.07.09 00:14 B F:\xampp\htdocs\zendLibrary\Zend\Pdf\Action\ImportData.php --> ftp.radiofone.com.br /public_html/radiofone/zendLibrary/Zend/Pdf/Action ImportData.php
2011.07.09 00:14 B F:\xampp\htdocs\zendLibrary\Zend\Pdf\Action\JavaScript.php --> ftp.radiofone.com.br /public_html/radiofone/zendLibrary/Zend/Pdf/Action JavaScript.php
2011.07.09 00:14 B F:\xampp\htdocs\zendLibrary\Zend\Pdf\Action\Launch.php --> ftp.radiofone.com.br /public_html/radiofone/zendLibrary/Zend/Pdf/Action Launch.php
2011.07.09 00:14 B F:\xampp\htdocs\zendLibrary\Zend\Pdf\Action\Movie.php --> ftp.radiofone.com.br /public_html/radiofone/zendLibrary/Zend/Pdf/Action Movie.php
2011.07.09 00:14 B F:\xampp\htdocs\zendLibrary\Zend\Pdf\Action\Named.php --> ftp.radiofone.com.br /public_html/radiofone/zendLibrary/Zend/Pdf/Action Named.php
2011.07.09 00:14 B F:\xampp\htdocs\zendLibrary\Zend\Pdf\Action\Rendition.php --> ftp.radiofone.com.br /public_html/radiofone/zendLibrary/Zend/Pdf/Action Rendition.php
2011.07.09 00:14 B F:\xampp\htdocs\zendLibrary\Zend\Pdf\Action\ResetForm.php --> ftp.radiofone.com.br /public_html/radiofone/zendLibrary/Zend/Pdf/Action ResetForm.php
2011.07.09 00:14 B F:\xampp\htdocs\zendLibrary\Zend\Pdf\Action\SetOCGState.php --> ftp.radiofone.com.br /public_html/radiofone/zendLibrary/Zend/Pdf/Action SetOCGState.php
2011.07.09 00:14 B F:\xampp\htdocs\zendLibrary\Zend\Pdf\Action\Sound.php --> ftp.radiofone.com.br /public_html/radiofone/zendLibrary/Zend/Pdf/Action Sound.php
2011.07.09 00:14 B F:\xampp\htdocs\zendLibrary\Zend\Pdf\Action\SubmitForm.php --> ftp.radiofone.com.br /public_html/radiofone/zendLibrary/Zend/Pdf/Action SubmitForm.php
2011.07.09 00:14 B F:\xampp\htdocs\zendLibrary\Zend\Pdf\Action\Thread.php --> ftp.radiofone.com.br /public_html/radiofone/zendLibrary/Zend/Pdf/Action Thread.php
2011.07.09 00:14 B F:\xampp\htdocs\zendLibrary\Zend\Pdf\Action\Trans.php --> ftp.radiofone.com.br /public_html/radiofone/zendLibrary/Zend/Pdf/Action Trans.php
2011.07.09 00:14 B F:\xampp\htdocs\zendLibrary\Zend\Pdf\Action\Unknown.php --> ftp.radiofone.com.br /public_html/radiofone/zendLibrary/Zend/Pdf/Action Unknown.php
2011.07.09 00:14 B F:\xampp\htdocs\zendLibrary\Zend\Pdf\Action\URI.php --> ftp.radiofone.com.br /public_html/radiofone/zendLibrary/Zend/Pdf/Action URI.php
2011.07.09 00:14 B F:\xampp\htdocs\zendLibrary\Zend\Pdf\Action\WS_FTP.LOG --> ftp.radiofone.com.br /public_html/radiofone/zendLibrary/Zend/Pdf/Action WS_FTP.LOG
2011.07.09 00:50 B F:\xampp\htdocs\zendLibrary\Zend\Pdf\Action\WS_FTP.LOG --> ftp.radiofone.com.br /public_html/radiofone/zendLibrary/Zend/Pdf/Action WS_FTP.LOG
2011.07.26 23:03 B F:\xampp\htdocs\zendLibrary\Zend\Pdf\Action\GoTo.php --> ftp.sobrafo.org.br /public_html/zendLibrary/Zend/Pdf/Action GoTo.php
2011.07.26 23:03 B F:\xampp\htdocs\zendLibrary\Zend\Pdf\Action\GoTo3DView.php --> ftp.sobrafo.org.br /public_html/zendLibrary/Zend/Pdf/Action GoTo3DView.php
2011.07.26 23:03 B F:\xampp\htdocs\zendLibrary\Zend\Pdf\Action\GoToE.php --> ftp.sobrafo.org.br /public_html/zendLibrary/Zend/Pdf/Action GoToE.php
2011.07.26 23:03 B F:\xampp\htdocs\zendLibrary\Zend\Pdf\Action\GoToR.php --> ftp.sobrafo.org.br /public_html/zendLibrary/Zend/Pdf/Action GoToR.php
2011.07.26 23:03 B F:\xampp\htdocs\zendLibrary\Zend\Pdf\Action\Hide.php --> ftp.sobrafo.org.br /public_html/zendLibrary/Zend/Pdf/Action Hide.php
2011.07.26 23:03 B F:\xampp\htdocs\zendLibrary\Zend\Pdf\Action\ImportData.php --> ftp.sobrafo.org.br /public_html/zendLibrary/Zend/Pdf/Action ImportData.php
2011.07.26 23:03 B F:\xampp\htdocs\zendLibrary\Zend\Pdf\Action\JavaScript.php --> ftp.sobrafo.org.br /public_html/zendLibrary/Zend/Pdf/Action JavaScript.php
2011.07.26 23:03 B F:\xampp\htdocs\zendLibrary\Zend\Pdf\Action\Launch.php --> ftp.sobrafo.org.br /public_html/zendLibrary/Zend/Pdf/Action Launch.php
2011.07.26 23:03 B F:\xampp\htdocs\zendLibrary\Zend\Pdf\Action\Movie.php --> ftp.sobrafo.org.br /public_html/zendLibrary/Zend/Pdf/Action Movie.php
2011.07.26 23:03 B F:\xampp\htdocs\zendLibrary\Zend\Pdf\Action\Named.php --> ftp.sobrafo.org.br /public_html/zendLibrary/Zend/Pdf/Action Named.php
2011.07.26 23:03 B F:\xampp\htdocs\zendLibrary\Zend\Pdf\Action\Rendition.php --> ftp.sobrafo.org.br /public_html/zendLibrary/Zend/Pdf/Action Rendition.php
2011.07.26 23:03 B F:\xampp\htdocs\zendLibrary\Zend\Pdf\Action\ResetForm.php --> ftp.sobrafo.org.br /public_html/zendLibrary/Zend/Pdf/Action ResetForm.php
2011.07.26 23:03 B F:\xampp\htdocs\zendLibrary\Zend\Pdf\Action\SetOCGState.php --> ftp.sobrafo.org.br /public_html/zendLibrary/Zend/Pdf/Action SetOCGState.php
2011.07.26 23:03 B F:\xampp\htdocs\zendLibrary\Zend\Pdf\Action\Sound.php --> ftp.sobrafo.org.br /public_html/zendLibrary/Zend/Pdf/Action Sound.php
2011.07.26 23:03 B F:\xampp\htdocs\zendLibrary\Zend\Pdf\Action\SubmitForm.php --> ftp.sobrafo.org.br /public_html/zendLibrary/Zend/Pdf/Action SubmitForm.php
2011.07.26 23:03 B F:\xampp\htdocs\zendLibrary\Zend\Pdf\Action\Thread.php --> ftp.sobrafo.org.br /public_html/zendLibrary/Zend/Pdf/Action Thread.php
2011.07.26 23:03 B F:\xampp\htdocs\zendLibrary\Zend\Pdf\Action\Trans.php --> ftp.sobrafo.org.br /public_html/zendLibrary/Zend/Pdf/Action Trans.php
2011.07.26 23:03 B F:\xampp\htdocs\zendLibrary\Zend\Pdf\Action\Unknown.php --> ftp.sobrafo.org.br /public_html/zendLibrary/Zend/Pdf/Action Unknown.php
2011.07.26 23:03 B F:\xampp\htdocs\zendLibrary\Zend\Pdf\Action\URI.php --> ftp.sobrafo.org.br /public_html/zendLibrary/Zend/Pdf/Action URI.php
2011.07.26 23:03 B F:\xampp\htdocs\zendLibrary\Zend\Pdf\Action\WS_FTP.LOG --> ftp.sobrafo.org.br /public_html/zendLibrary/Zend/Pdf/Action WS_FTP.LOG
2011.08.09 17:23 B F:\xampp\htdocs\ZendLibrary\Zend\Pdf\Action\GoTo.php --> ftp.amfar.com.br /public_html/ZendLibrary/Zend/Pdf/Action GoTo.php
2011.08.09 17:23 B F:\xampp\htdocs\ZendLibrary\Zend\Pdf\Action\GoTo3DView.php --> ftp.amfar.com.br /public_html/ZendLibrary/Zend/Pdf/Action GoTo3DView.php
2011.08.09 17:23 B F:\xampp\htdocs\ZendLibrary\Zend\Pdf\Action\GoToE.php --> ftp.amfar.com.br /public_html/ZendLibrary/Zend/Pdf/Action GoToE.php
2011.08.09 17:23 B F:\xampp\htdocs\ZendLibrary\Zend\Pdf\Action\GoToR.php --> ftp.amfar.com.br /public_html/ZendLibrary/Zend/Pdf/Action GoToR.php
2011.08.09 17:23 B F:\xampp\htdocs\ZendLibrary\Zend\Pdf\Action\Hide.php --> ftp.amfar.com.br /public_html/ZendLibrary/Zend/Pdf/Action Hide.php
2011.08.09 17:23 B F:\xampp\htdocs\ZendLibrary\Zend\Pdf\Action\ImportData.php --> ftp.amfar.com.br /public_html/ZendLibrary/Zend/Pdf/Action ImportData.php
2011.08.09 17:23 B F:\xampp\htdocs\ZendLibrary\Zend\Pdf\Action\JavaScript.php --> ftp.amfar.com.br /public_html/ZendLibrary/Zend/Pdf/Action JavaScript.php
2011.08.09 17:23 B F:\xampp\htdocs\ZendLibrary\Zend\Pdf\Action\Launch.php --> ftp.amfar.com.br /public_html/ZendLibrary/Zend/Pdf/Action Launch.php
2011.08.09 17:23 B F:\xampp\htdocs\ZendLibrary\Zend\Pdf\Action\Movie.php --> ftp.amfar.com.br /public_html/ZendLibrary/Zend/Pdf/Action Movie.php
2011.08.09 17:23 B F:\xampp\htdocs\ZendLibrary\Zend\Pdf\Action\Named.php --> ftp.amfar.com.br /public_html/ZendLibrary/Zend/Pdf/Action Named.php
2011.08.09 17:23 B F:\xampp\htdocs\ZendLibrary\Zend\Pdf\Action\Rendition.php --> ftp.amfar.com.br /public_html/ZendLibrary/Zend/Pdf/Action Rendition.php
2011.08.09 17:23 B F:\xampp\htdocs\ZendLibrary\Zend\Pdf\Action\ResetForm.php --> ftp.amfar.com.br /public_html/ZendLibrary/Zend/Pdf/Action ResetForm.php
2011.08.09 17:23 B F:\xampp\htdocs\ZendLibrary\Zend\Pdf\Action\SetOCGState.php --> ftp.amfar.com.br /public_html/ZendLibrary/Zend/Pdf/Action SetOCGState.php
2011.08.09 17:23 B F:\xampp\htdocs\ZendLibrary\Zend\Pdf\Action\Sound.php --> ftp.amfar.com.br /public_html/ZendLibrary/Zend/Pdf/Action Sound.php
2011.08.09 17:23 B F:\xampp\htdocs\ZendLibrary\Zend\Pdf\Action\SubmitForm.php --> ftp.amfar.com.br /public_html/ZendLibrary/Zend/Pdf/Action SubmitForm.php
2011.08.09 17:23 B F:\xampp\htdocs\ZendLibrary\Zend\Pdf\Action\Thread.php --> ftp.amfar.com.br /public_html/ZendLibrary/Zend/Pdf/Action Thread.php
2011.08.09 17:23 B F:\xampp\htdocs\ZendLibrary\Zend\Pdf\Action\Trans.php --> ftp.amfar.com.br /public_html/ZendLibrary/Zend/Pdf/Action Trans.php
2011.08.09 17:23 B F:\xampp\htdocs\ZendLibrary\Zend\Pdf\Action\Unknown.php --> ftp.amfar.com.br /public_html/ZendLibrary/Zend/Pdf/Action Unknown.php
2011.08.09 17:23 B F:\xampp\htdocs\ZendLibrary\Zend\Pdf\Action\URI.php --> ftp.amfar.com.br /public_html/ZendLibrary/Zend/Pdf/Action URI.php
