2011.06.20 18:53 B F:\xampp\htdocs\zf-tutorial\library\Zend\Service\DeveloperGarden\Wsdl\ccsPort.wsdl --> ftp.portalridgid.com.br /public_html/zf-tutorial/library/Zend/Service/DeveloperGarden/Wsdl ccsPort.wsdl
2011.06.20 18:53 B F:\xampp\htdocs\zf-tutorial\library\Zend\Service\DeveloperGarden\Wsdl\ccsPort.xsd --> ftp.portalridgid.com.br /public_html/zf-tutorial/library/Zend/Service/DeveloperGarden/Wsdl ccsPort.xsd
2011.06.20 18:53 B F:\xampp\htdocs\zf-tutorial\library\Zend\Service\DeveloperGarden\Wsdl\IPLocation.wsdl --> ftp.portalridgid.com.br /public_html/zf-tutorial/library/Zend/Service/DeveloperGarden/Wsdl IPLocation.wsdl
2011.06.20 18:53 B F:\xampp\htdocs\zf-tutorial\library\Zend\Service\DeveloperGarden\Wsdl\IPLocation.xsd --> ftp.portalridgid.com.br /public_html/zf-tutorial/library/Zend/Service/DeveloperGarden/Wsdl IPLocation.xsd
2011.06.20 18:53 B F:\xampp\htdocs\zf-tutorial\library\Zend\Service\DeveloperGarden\Wsdl\localsearch.wsdl --> ftp.portalridgid.com.br /public_html/zf-tutorial/library/Zend/Service/DeveloperGarden/Wsdl localsearch.wsdl
2011.06.20 18:53 B F:\xampp\htdocs\zf-tutorial\library\Zend\Service\DeveloperGarden\Wsdl\localsearch.xsd --> ftp.portalridgid.com.br /public_html/zf-tutorial/library/Zend/Service/DeveloperGarden/Wsdl localsearch.xsd
2011.06.20 18:53 B F:\xampp\htdocs\zf-tutorial\library\Zend\Service\DeveloperGarden\Wsdl\ODGBaseUserService.wsdl --> ftp.portalridgid.com.br /public_html/zf-tutorial/library/Zend/Service/DeveloperGarden/Wsdl ODGBaseUserService.wsdl
2011.06.20 18:53 B F:\xampp\htdocs\zf-tutorial\library\Zend\Service\DeveloperGarden\Wsdl\ODGBaseUserService.xsd --> ftp.portalridgid.com.br /public_html/zf-tutorial/library/Zend/Service/DeveloperGarden/Wsdl ODGBaseUserService.xsd
2011.06.20 18:53 B F:\xampp\htdocs\zf-tutorial\library\Zend\Service\DeveloperGarden\Wsdl\SmsService.wsdl --> ftp.portalridgid.com.br /public_html/zf-tutorial/library/Zend/Service/DeveloperGarden/Wsdl SmsService.wsdl
2011.06.20 18:53 B F:\xampp\htdocs\zf-tutorial\library\Zend\Service\DeveloperGarden\Wsdl\SmsValidationUserService.wsdl --> ftp.portalridgid.com.br /public_html/zf-tutorial/library/Zend/Service/DeveloperGarden/Wsdl SmsValidationUserService.wsdl
2011.06.20 18:53 B F:\xampp\htdocs\zf-tutorial\library\Zend\Service\DeveloperGarden\Wsdl\TokenService.wsdl --> ftp.portalridgid.com.br /public_html/zf-tutorial/library/Zend/Service/DeveloperGarden/Wsdl TokenService.wsdl
2011.06.20 18:53 B F:\xampp\htdocs\zf-tutorial\library\Zend\Service\DeveloperGarden\Wsdl\VoiceButlerService.wsdl --> ftp.portalridgid.com.br /public_html/zf-tutorial/library/Zend/Service/DeveloperGarden/Wsdl VoiceButlerService.wsdl
2011.06.20 18:53 B F:\xampp\htdocs\zf-tutorial\library\Zend\Service\DeveloperGarden\Wsdl\VoiceButlerService.xsd --> ftp.portalridgid.com.br /public_html/zf-tutorial/library/Zend/Service/DeveloperGarden/Wsdl VoiceButlerService.xsd
2011.06.30 03:14 B F:\xampp\htdocs\zendLibrary\Zend\Service\DeveloperGarden\Wsdl\WS_FTP.LOG --> ftp.sbrafh.org.br /sbrafh/Web/zendLibrary/Zend/Service/DeveloperGarden/Wsdl WS_FTP.LOG
2011.06.30 03:14 B F:\xampp\htdocs\zendLibrary\Zend\Service\DeveloperGarden\Wsdl\VoiceButlerService.xsd --> ftp.sbrafh.org.br /sbrafh/Web/zendLibrary/Zend/Service/DeveloperGarden/Wsdl VoiceButlerService.xsd
2011.06.30 03:14 B F:\xampp\htdocs\zendLibrary\Zend\Service\DeveloperGarden\Wsdl\VoiceButlerService.wsdl --> ftp.sbrafh.org.br /sbrafh/Web/zendLibrary/Zend/Service/DeveloperGarden/Wsdl VoiceButlerService.wsdl
2011.06.30 03:14 B F:\xampp\htdocs\zendLibrary\Zend\Service\DeveloperGarden\Wsdl\ODGBaseUserService.xsd --> ftp.sbrafh.org.br /sbrafh/Web/zendLibrary/Zend/Service/DeveloperGarden/Wsdl ODGBaseUserService.xsd
2011.06.30 03:14 B F:\xampp\htdocs\zendLibrary\Zend\Service\DeveloperGarden\Wsdl\ODGBaseUserService.wsdl --> ftp.sbrafh.org.br /sbrafh/Web/zendLibrary/Zend/Service/DeveloperGarden/Wsdl ODGBaseUserService.wsdl
2011.06.30 03:14 B F:\xampp\htdocs\zendLibrary\Zend\Service\DeveloperGarden\Wsdl\TokenService.wsdl --> ftp.sbrafh.org.br /sbrafh/Web/zendLibrary/Zend/Service/DeveloperGarden/Wsdl TokenService.wsdl
2011.06.30 03:14 B F:\xampp\htdocs\zendLibrary\Zend\Service\DeveloperGarden\Wsdl\SmsValidationUserService.wsdl --> ftp.sbrafh.org.br /sbrafh/Web/zendLibrary/Zend/Service/DeveloperGarden/Wsdl SmsValidationUserService.wsdl
2011.06.30 03:14 B F:\xampp\htdocs\zendLibrary\Zend\Service\DeveloperGarden\Wsdl\SmsService.wsdl --> ftp.sbrafh.org.br /sbrafh/Web/zendLibrary/Zend/Service/DeveloperGarden/Wsdl SmsService.wsdl
2011.06.30 03:14 B F:\xampp\htdocs\zendLibrary\Zend\Service\DeveloperGarden\Wsdl\localsearch.xsd --> ftp.sbrafh.org.br /sbrafh/Web/zendLibrary/Zend/Service/DeveloperGarden/Wsdl localsearch.xsd
2011.06.30 03:14 B F:\xampp\htdocs\zendLibrary\Zend\Service\DeveloperGarden\Wsdl\localsearch.wsdl --> ftp.sbrafh.org.br /sbrafh/Web/zendLibrary/Zend/Service/DeveloperGarden/Wsdl localsearch.wsdl
2011.06.30 03:14 B F:\xampp\htdocs\zendLibrary\Zend\Service\DeveloperGarden\Wsdl\IPLocation.xsd --> ftp.sbrafh.org.br /sbrafh/Web/zendLibrary/Zend/Service/DeveloperGarden/Wsdl IPLocation.xsd
2011.06.30 03:14 B F:\xampp\htdocs\zendLibrary\Zend\Service\DeveloperGarden\Wsdl\IPLocation.wsdl --> ftp.sbrafh.org.br /sbrafh/Web/zendLibrary/Zend/Service/DeveloperGarden/Wsdl IPLocation.wsdl
2011.06.30 03:14 B F:\xampp\htdocs\zendLibrary\Zend\Service\DeveloperGarden\Wsdl\ccsPort.xsd --> ftp.sbrafh.org.br /sbrafh/Web/zendLibrary/Zend/Service/DeveloperGarden/Wsdl ccsPort.xsd
2011.06.30 03:14 B F:\xampp\htdocs\zendLibrary\Zend\Service\DeveloperGarden\Wsdl\ccsPort.wsdl --> ftp.sbrafh.org.br /sbrafh/Web/zendLibrary/Zend/Service/DeveloperGarden/Wsdl ccsPort.wsdl
2011.07.09 00:19 B F:\xampp\htdocs\zendLibrary\Zend\Service\DeveloperGarden\Wsdl\ccsPort.wsdl --> ftp.radiofone.com.br /public_html/radiofone/zendLibrary/Zend/Service/DeveloperGarden/Wsdl ccsPort.wsdl
2011.07.09 00:19 B F:\xampp\htdocs\zendLibrary\Zend\Service\DeveloperGarden\Wsdl\ccsPort.xsd --> ftp.radiofone.com.br /public_html/radiofone/zendLibrary/Zend/Service/DeveloperGarden/Wsdl ccsPort.xsd
2011.07.09 00:19 B F:\xampp\htdocs\zendLibrary\Zend\Service\DeveloperGarden\Wsdl\IPLocation.wsdl --> ftp.radiofone.com.br /public_html/radiofone/zendLibrary/Zend/Service/DeveloperGarden/Wsdl IPLocation.wsdl
2011.07.09 00:19 B F:\xampp\htdocs\zendLibrary\Zend\Service\DeveloperGarden\Wsdl\IPLocation.xsd --> ftp.radiofone.com.br /public_html/radiofone/zendLibrary/Zend/Service/DeveloperGarden/Wsdl IPLocation.xsd
2011.07.09 00:19 B F:\xampp\htdocs\zendLibrary\Zend\Service\DeveloperGarden\Wsdl\localsearch.wsdl --> ftp.radiofone.com.br /public_html/radiofone/zendLibrary/Zend/Service/DeveloperGarden/Wsdl localsearch.wsdl
2011.07.09 00:19 B F:\xampp\htdocs\zendLibrary\Zend\Service\DeveloperGarden\Wsdl\localsearch.xsd --> ftp.radiofone.com.br /public_html/radiofone/zendLibrary/Zend/Service/DeveloperGarden/Wsdl localsearch.xsd
2011.07.09 00:19 B F:\xampp\htdocs\zendLibrary\Zend\Service\DeveloperGarden\Wsdl\ODGBaseUserService.wsdl --> ftp.radiofone.com.br /public_html/radiofone/zendLibrary/Zend/Service/DeveloperGarden/Wsdl ODGBaseUserService.wsdl
2011.07.09 00:19 B F:\xampp\htdocs\zendLibrary\Zend\Service\DeveloperGarden\Wsdl\ODGBaseUserService.xsd --> ftp.radiofone.com.br /public_html/radiofone/zendLibrary/Zend/Service/DeveloperGarden/Wsdl ODGBaseUserService.xsd
2011.07.09 00:19 B F:\xampp\htdocs\zendLibrary\Zend\Service\DeveloperGarden\Wsdl\SmsService.wsdl --> ftp.radiofone.com.br /public_html/radiofone/zendLibrary/Zend/Service/DeveloperGarden/Wsdl SmsService.wsdl
2011.07.09 00:20 B F:\xampp\htdocs\zendLibrary\Zend\Service\DeveloperGarden\Wsdl\SmsValidationUserService.wsdl --> ftp.radiofone.com.br /public_html/radiofone/zendLibrary/Zend/Service/DeveloperGarden/Wsdl SmsValidationUserService.wsdl
2011.07.09 00:20 B F:\xampp\htdocs\zendLibrary\Zend\Service\DeveloperGarden\Wsdl\TokenService.wsdl --> ftp.radiofone.com.br /public_html/radiofone/zendLibrary/Zend/Service/DeveloperGarden/Wsdl TokenService.wsdl
2011.07.09 00:20 B F:\xampp\htdocs\zendLibrary\Zend\Service\DeveloperGarden\Wsdl\VoiceButlerService.wsdl --> ftp.radiofone.com.br /public_html/radiofone/zendLibrary/Zend/Service/DeveloperGarden/Wsdl VoiceButlerService.wsdl
2011.07.09 00:20 B F:\xampp\htdocs\zendLibrary\Zend\Service\DeveloperGarden\Wsdl\VoiceButlerService.xsd --> ftp.radiofone.com.br /public_html/radiofone/zendLibrary/Zend/Service/DeveloperGarden/Wsdl VoiceButlerService.xsd
2011.07.09 00:20 B F:\xampp\htdocs\zendLibrary\Zend\Service\DeveloperGarden\Wsdl\WS_FTP.LOG --> ftp.radiofone.com.br /public_html/radiofone/zendLibrary/Zend/Service/DeveloperGarden/Wsdl WS_FTP.LOG
2011.07.09 00:52 B F:\xampp\htdocs\zendLibrary\Zend\Service\DeveloperGarden\Wsdl\WS_FTP.LOG --> ftp.radiofone.com.br /public_html/radiofone/zendLibrary/Zend/Service/DeveloperGarden/Wsdl WS_FTP.LOG
2011.07.26 23:08 B F:\xampp\htdocs\zendLibrary\Zend\Service\DeveloperGarden\Wsdl\ccsPort.wsdl --> ftp.sobrafo.org.br /public_html/zendLibrary/Zend/Service/DeveloperGarden/Wsdl ccsPort.wsdl
2011.07.26 23:08 B F:\xampp\htdocs\zendLibrary\Zend\Service\DeveloperGarden\Wsdl\ccsPort.xsd --> ftp.sobrafo.org.br /public_html/zendLibrary/Zend/Service/DeveloperGarden/Wsdl ccsPort.xsd
2011.07.26 23:08 B F:\xampp\htdocs\zendLibrary\Zend\Service\DeveloperGarden\Wsdl\IPLocation.wsdl --> ftp.sobrafo.org.br /public_html/zendLibrary/Zend/Service/DeveloperGarden/Wsdl IPLocation.wsdl
2011.07.26 23:08 B F:\xampp\htdocs\zendLibrary\Zend\Service\DeveloperGarden\Wsdl\IPLocation.xsd --> ftp.sobrafo.org.br /public_html/zendLibrary/Zend/Service/DeveloperGarden/Wsdl IPLocation.xsd
2011.07.26 23:08 B F:\xampp\htdocs\zendLibrary\Zend\Service\DeveloperGarden\Wsdl\localsearch.wsdl --> ftp.sobrafo.org.br /public_html/zendLibrary/Zend/Service/DeveloperGarden/Wsdl localsearch.wsdl
2011.07.26 23:08 B F:\xampp\htdocs\zendLibrary\Zend\Service\DeveloperGarden\Wsdl\localsearch.xsd --> ftp.sobrafo.org.br /public_html/zendLibrary/Zend/Service/DeveloperGarden/Wsdl localsearch.xsd
2011.07.26 23:08 B F:\xampp\htdocs\zendLibrary\Zend\Service\DeveloperGarden\Wsdl\ODGBaseUserService.wsdl --> ftp.sobrafo.org.br /public_html/zendLibrary/Zend/Service/DeveloperGarden/Wsdl ODGBaseUserService.wsdl
2011.07.26 23:08 B F:\xampp\htdocs\zendLibrary\Zend\Service\DeveloperGarden\Wsdl\ODGBaseUserService.xsd --> ftp.sobrafo.org.br /public_html/zendLibrary/Zend/Service/DeveloperGarden/Wsdl ODGBaseUserService.xsd
2011.07.26 23:08 B F:\xampp\htdocs\zendLibrary\Zend\Service\DeveloperGarden\Wsdl\SmsService.wsdl --> ftp.sobrafo.org.br /public_html/zendLibrary/Zend/Service/DeveloperGarden/Wsdl SmsService.wsdl
2011.07.26 23:08 B F:\xampp\htdocs\zendLibrary\Zend\Service\DeveloperGarden\Wsdl\SmsValidationUserService.wsdl --> ftp.sobrafo.org.br /public_html/zendLibrary/Zend/Service/DeveloperGarden/Wsdl SmsValidationUserService.wsdl
2011.07.26 23:08 B F:\xampp\htdocs\zendLibrary\Zend\Service\DeveloperGarden\Wsdl\TokenService.wsdl --> ftp.sobrafo.org.br /public_html/zendLibrary/Zend/Service/DeveloperGarden/Wsdl TokenService.wsdl
2011.07.26 23:08 B F:\xampp\htdocs\zendLibrary\Zend\Service\DeveloperGarden\Wsdl\VoiceButlerService.wsdl --> ftp.sobrafo.org.br /public_html/zendLibrary/Zend/Service/DeveloperGarden/Wsdl VoiceButlerService.wsdl
2011.07.26 23:08 B F:\xampp\htdocs\zendLibrary\Zend\Service\DeveloperGarden\Wsdl\VoiceButlerService.xsd --> ftp.sobrafo.org.br /public_html/zendLibrary/Zend/Service/DeveloperGarden/Wsdl VoiceButlerService.xsd
2011.07.26 23:08 B F:\xampp\htdocs\zendLibrary\Zend\Service\DeveloperGarden\Wsdl\WS_FTP.LOG --> ftp.sobrafo.org.br /public_html/zendLibrary/Zend/Service/DeveloperGarden/Wsdl WS_FTP.LOG
2011.08.09 17:29 B F:\xampp\htdocs\ZendLibrary\Zend\Service\DeveloperGarden\Wsdl\ccsPort.wsdl --> ftp.amfar.com.br /public_html/ZendLibrary/Zend/Service/DeveloperGarden/Wsdl ccsPort.wsdl
2011.08.09 17:29 B F:\xampp\htdocs\ZendLibrary\Zend\Service\DeveloperGarden\Wsdl\ccsPort.xsd --> ftp.amfar.com.br /public_html/ZendLibrary/Zend/Service/DeveloperGarden/Wsdl ccsPort.xsd
2011.08.09 17:29 B F:\xampp\htdocs\ZendLibrary\Zend\Service\DeveloperGarden\Wsdl\IPLocation.wsdl --> ftp.amfar.com.br /public_html/ZendLibrary/Zend/Service/DeveloperGarden/Wsdl IPLocation.wsdl
2011.08.09 17:29 B F:\xampp\htdocs\ZendLibrary\Zend\Service\DeveloperGarden\Wsdl\IPLocation.xsd --> ftp.amfar.com.br /public_html/ZendLibrary/Zend/Service/DeveloperGarden/Wsdl IPLocation.xsd
2011.08.09 17:29 B F:\xampp\htdocs\ZendLibrary\Zend\Service\DeveloperGarden\Wsdl\localsearch.wsdl --> ftp.amfar.com.br /public_html/ZendLibrary/Zend/Service/DeveloperGarden/Wsdl localsearch.wsdl
2011.08.09 17:29 B F:\xampp\htdocs\ZendLibrary\Zend\Service\DeveloperGarden\Wsdl\localsearch.xsd --> ftp.amfar.com.br /public_html/ZendLibrary/Zend/Service/DeveloperGarden/Wsdl localsearch.xsd
2011.08.09 17:29 B F:\xampp\htdocs\ZendLibrary\Zend\Service\DeveloperGarden\Wsdl\ODGBaseUserService.wsdl --> ftp.amfar.com.br /public_html/ZendLibrary/Zend/Service/DeveloperGarden/Wsdl ODGBaseUserService.wsdl
2011.08.09 17:29 B F:\xampp\htdocs\ZendLibrary\Zend\Service\DeveloperGarden\Wsdl\ODGBaseUserService.xsd --> ftp.amfar.com.br /public_html/ZendLibrary/Zend/Service/DeveloperGarden/Wsdl ODGBaseUserService.xsd
2011.08.09 17:29 B F:\xampp\htdocs\ZendLibrary\Zend\Service\DeveloperGarden\Wsdl\SmsService.wsdl --> ftp.amfar.com.br /public_html/ZendLibrary/Zend/Service/DeveloperGarden/Wsdl SmsService.wsdl
2011.08.09 17:29 B F:\xampp\htdocs\ZendLibrary\Zend\Service\DeveloperGarden\Wsdl\SmsValidationUserService.wsdl --> ftp.amfar.com.br /public_html/ZendLibrary/Zend/Service/DeveloperGarden/Wsdl SmsValidationUserService.wsdl
2011.08.09 17:29 B F:\xampp\htdocs\ZendLibrary\Zend\Service\DeveloperGarden\Wsdl\TokenService.wsdl --> ftp.amfar.com.br /public_html/ZendLibrary/Zend/Service/DeveloperGarden/Wsdl TokenService.wsdl
2011.08.09 17:29 B F:\xampp\htdocs\ZendLibrary\Zend\Service\DeveloperGarden\Wsdl\VoiceButlerService.wsdl --> ftp.amfar.com.br /public_html/ZendLibrary/Zend/Service/DeveloperGarden/Wsdl VoiceButlerService.wsdl
2011.08.09 17:29 B F:\xampp\htdocs\ZendLibrary\Zend\Service\DeveloperGarden\Wsdl\VoiceButlerService.xsd --> ftp.amfar.com.br /public_html/ZendLibrary/Zend/Service/DeveloperGarden/Wsdl VoiceButlerService.xsd
