2012.09.19 01:03 B F:\xampp\htdocs\html2pdf\html2pdf\_class\exception.class.php --> ftp.sbrafh.org.br /public_html/html2pdf/html2pdf/_class exception.class.php
2012.09.19 01:03 B F:\xampp\htdocs\html2pdf\html2pdf\_class\locale.class.php --> ftp.sbrafh.org.br /public_html/html2pdf/html2pdf/_class locale.class.php
2012.09.19 01:03 B F:\xampp\htdocs\html2pdf\html2pdf\_class\myPdf.class.php --> ftp.sbrafh.org.br /public_html/html2pdf/html2pdf/_class myPdf.class.php
2012.09.19 01:03 B F:\xampp\htdocs\html2pdf\html2pdf\_class\parsingCss.class.php --> ftp.sbrafh.org.br /public_html/html2pdf/html2pdf/_class parsingCss.class.php
2012.09.19 01:03 B F:\xampp\htdocs\html2pdf\html2pdf\_class\parsingHtml.class.php --> ftp.sbrafh.org.br /public_html/html2pdf/html2pdf/_class parsingHtml.class.php
2012.09.19 01:03 B F:\xampp\htdocs\html2pdf\html2pdf\_class\tcpdfConfig.php --> ftp.sbrafh.org.br /public_html/html2pdf/html2pdf/_class tcpdfConfig.php
2012.09.19 14:35 B F:\xampp\htdocs\html2pdf\html2pdf\_class\exception.class.php --> ftp.sbrafh.org.br /public_html/site/application/classes/html2fpdf/_class exception.class.php
2012.09.19 14:35 B F:\xampp\htdocs\html2pdf\html2pdf\_class\locale.class.php --> ftp.sbrafh.org.br /public_html/site/application/classes/html2fpdf/_class locale.class.php
2012.09.19 14:35 B F:\xampp\htdocs\html2pdf\html2pdf\_class\myPdf.class.php --> ftp.sbrafh.org.br /public_html/site/application/classes/html2fpdf/_class myPdf.class.php
2012.09.19 14:35 B F:\xampp\htdocs\html2pdf\html2pdf\_class\parsingCss.class.php --> ftp.sbrafh.org.br /public_html/site/application/classes/html2fpdf/_class parsingCss.class.php
2012.09.19 14:35 B F:\xampp\htdocs\html2pdf\html2pdf\_class\parsingHtml.class.php --> ftp.sbrafh.org.br /public_html/site/application/classes/html2fpdf/_class parsingHtml.class.php
2012.09.19 14:35 B F:\xampp\htdocs\html2pdf\html2pdf\_class\tcpdfConfig.php --> ftp.sbrafh.org.br /public_html/site/application/classes/html2fpdf/_class tcpdfConfig.php
2012.09.19 14:35 B F:\xampp\htdocs\html2pdf\html2pdf\_class\WS_FTP.LOG --> ftp.sbrafh.org.br /public_html/site/application/classes/html2fpdf/_class WS_FTP.LOG
2012.11.23 12:03 B F:\xampp\htdocs\sbrafh\html2pdf\html2pdf\_class\exception.class.php --> ftp.jairodepaula.com.br /jairodepaula/web/html2pdf/html2pdf/_class exception.class.php
2012.11.23 12:03 B F:\xampp\htdocs\sbrafh\html2pdf\html2pdf\_class\locale.class.php --> ftp.jairodepaula.com.br /jairodepaula/web/html2pdf/html2pdf/_class locale.class.php
2012.11.23 12:03 B F:\xampp\htdocs\sbrafh\html2pdf\html2pdf\_class\myPdf.class.php --> ftp.jairodepaula.com.br /jairodepaula/web/html2pdf/html2pdf/_class myPdf.class.php
2012.11.23 12:03 B F:\xampp\htdocs\sbrafh\html2pdf\html2pdf\_class\parsingCss.class.php --> ftp.jairodepaula.com.br /jairodepaula/web/html2pdf/html2pdf/_class parsingCss.class.php
2012.11.23 12:04 B F:\xampp\htdocs\sbrafh\html2pdf\html2pdf\_class\parsingHtml.class.php --> ftp.jairodepaula.com.br /jairodepaula/web/html2pdf/html2pdf/_class parsingHtml.class.php
2012.11.23 12:04 B F:\xampp\htdocs\sbrafh\html2pdf\html2pdf\_class\tcpdfConfig.php --> ftp.jairodepaula.com.br /jairodepaula/web/html2pdf/html2pdf/_class tcpdfConfig.php
2012.11.23 12:04 B F:\xampp\htdocs\sbrafh\html2pdf\html2pdf\_class\WS_FTP.LOG --> ftp.jairodepaula.com.br /jairodepaula/web/html2pdf/html2pdf/_class WS_FTP.LOG
