2011.06.20 18:50 B F:\xampp\htdocs\zf-tutorial\library\Zend\Search\Lucene\Index\DictionaryLoader.php --> ftp.portalridgid.com.br /public_html/zf-tutorial/library/Zend/Search/Lucene/Index DictionaryLoader.php
2011.06.20 18:50 B F:\xampp\htdocs\zf-tutorial\library\Zend\Search\Lucene\Index\DocsFilter.php --> ftp.portalridgid.com.br /public_html/zf-tutorial/library/Zend/Search/Lucene/Index DocsFilter.php
2011.06.20 18:50 B F:\xampp\htdocs\zf-tutorial\library\Zend\Search\Lucene\Index\FieldInfo.php --> ftp.portalridgid.com.br /public_html/zf-tutorial/library/Zend/Search/Lucene/Index FieldInfo.php
2011.06.20 18:50 B F:\xampp\htdocs\zf-tutorial\library\Zend\Search\Lucene\Index\SegmentInfo.php --> ftp.portalridgid.com.br /public_html/zf-tutorial/library/Zend/Search/Lucene/Index SegmentInfo.php
2011.06.20 18:50 B F:\xampp\htdocs\zf-tutorial\library\Zend\Search\Lucene\Index\SegmentMerger.php --> ftp.portalridgid.com.br /public_html/zf-tutorial/library/Zend/Search/Lucene/Index SegmentMerger.php
2011.06.20 18:50 B F:\xampp\htdocs\zf-tutorial\library\Zend\Search\Lucene\Index\SegmentWriter.php --> ftp.portalridgid.com.br /public_html/zf-tutorial/library/Zend/Search/Lucene/Index SegmentWriter.php
2011.06.20 18:50 B F:\xampp\htdocs\zf-tutorial\library\Zend\Search\Lucene\Index\Term.php --> ftp.portalridgid.com.br /public_html/zf-tutorial/library/Zend/Search/Lucene/Index Term.php
2011.06.20 18:50 B F:\xampp\htdocs\zf-tutorial\library\Zend\Search\Lucene\Index\TermInfo.php --> ftp.portalridgid.com.br /public_html/zf-tutorial/library/Zend/Search/Lucene/Index TermInfo.php
2011.06.20 18:50 B F:\xampp\htdocs\zf-tutorial\library\Zend\Search\Lucene\Index\TermsPriorityQueue.php --> ftp.portalridgid.com.br /public_html/zf-tutorial/library/Zend/Search/Lucene/Index TermsPriorityQueue.php
2011.06.20 18:50 B F:\xampp\htdocs\zf-tutorial\library\Zend\Search\Lucene\Index\Writer.php --> ftp.portalridgid.com.br /public_html/zf-tutorial/library/Zend/Search/Lucene/Index Writer.php
2011.06.30 03:18 B F:\xampp\htdocs\zendLibrary\Zend\Search\Lucene\Index\WS_FTP.LOG --> ftp.sbrafh.org.br /sbrafh/Web/zendLibrary/Zend/Search/Lucene/Index WS_FTP.LOG
2011.06.30 03:18 B F:\xampp\htdocs\zendLibrary\Zend\Search\Lucene\Index\Writer.php --> ftp.sbrafh.org.br /sbrafh/Web/zendLibrary/Zend/Search/Lucene/Index Writer.php
2011.06.30 03:18 B F:\xampp\htdocs\zendLibrary\Zend\Search\Lucene\Index\TermsPriorityQueue.php --> ftp.sbrafh.org.br /sbrafh/Web/zendLibrary/Zend/Search/Lucene/Index TermsPriorityQueue.php
2011.06.30 03:18 B F:\xampp\htdocs\zendLibrary\Zend\Search\Lucene\Index\TermInfo.php --> ftp.sbrafh.org.br /sbrafh/Web/zendLibrary/Zend/Search/Lucene/Index TermInfo.php
2011.06.30 03:18 B F:\xampp\htdocs\zendLibrary\Zend\Search\Lucene\Index\Term.php --> ftp.sbrafh.org.br /sbrafh/Web/zendLibrary/Zend/Search/Lucene/Index Term.php
2011.06.30 03:18 B F:\xampp\htdocs\zendLibrary\Zend\Search\Lucene\Index\SegmentWriter.php --> ftp.sbrafh.org.br /sbrafh/Web/zendLibrary/Zend/Search/Lucene/Index SegmentWriter.php
2011.06.30 03:18 B F:\xampp\htdocs\zendLibrary\Zend\Search\Lucene\Index\SegmentMerger.php --> ftp.sbrafh.org.br /sbrafh/Web/zendLibrary/Zend/Search/Lucene/Index SegmentMerger.php
2011.06.30 03:18 B F:\xampp\htdocs\zendLibrary\Zend\Search\Lucene\Index\SegmentInfo.php --> ftp.sbrafh.org.br /sbrafh/Web/zendLibrary/Zend/Search/Lucene/Index SegmentInfo.php
2011.06.30 03:18 B F:\xampp\htdocs\zendLibrary\Zend\Search\Lucene\Index\FieldInfo.php --> ftp.sbrafh.org.br /sbrafh/Web/zendLibrary/Zend/Search/Lucene/Index FieldInfo.php
2011.06.30 03:18 B F:\xampp\htdocs\zendLibrary\Zend\Search\Lucene\Index\DocsFilter.php --> ftp.sbrafh.org.br /sbrafh/Web/zendLibrary/Zend/Search/Lucene/Index DocsFilter.php
2011.06.30 03:18 B F:\xampp\htdocs\zendLibrary\Zend\Search\Lucene\Index\DictionaryLoader.php --> ftp.sbrafh.org.br /sbrafh/Web/zendLibrary/Zend/Search/Lucene/Index DictionaryLoader.php
2011.07.09 00:16 B F:\xampp\htdocs\zendLibrary\Zend\Search\Lucene\Index\DictionaryLoader.php --> ftp.radiofone.com.br /public_html/radiofone/zendLibrary/Zend/Search/Lucene/Index DictionaryLoader.php
2011.07.09 00:16 B F:\xampp\htdocs\zendLibrary\Zend\Search\Lucene\Index\DocsFilter.php --> ftp.radiofone.com.br /public_html/radiofone/zendLibrary/Zend/Search/Lucene/Index DocsFilter.php
2011.07.09 00:16 B F:\xampp\htdocs\zendLibrary\Zend\Search\Lucene\Index\FieldInfo.php --> ftp.radiofone.com.br /public_html/radiofone/zendLibrary/Zend/Search/Lucene/Index FieldInfo.php
2011.07.09 00:16 B F:\xampp\htdocs\zendLibrary\Zend\Search\Lucene\Index\SegmentInfo.php --> ftp.radiofone.com.br /public_html/radiofone/zendLibrary/Zend/Search/Lucene/Index SegmentInfo.php
2011.07.09 00:16 B F:\xampp\htdocs\zendLibrary\Zend\Search\Lucene\Index\SegmentMerger.php --> ftp.radiofone.com.br /public_html/radiofone/zendLibrary/Zend/Search/Lucene/Index SegmentMerger.php
2011.07.09 00:16 B F:\xampp\htdocs\zendLibrary\Zend\Search\Lucene\Index\SegmentWriter.php --> ftp.radiofone.com.br /public_html/radiofone/zendLibrary/Zend/Search/Lucene/Index SegmentWriter.php
2011.07.09 00:16 B F:\xampp\htdocs\zendLibrary\Zend\Search\Lucene\Index\Term.php --> ftp.radiofone.com.br /public_html/radiofone/zendLibrary/Zend/Search/Lucene/Index Term.php
2011.07.09 00:16 B F:\xampp\htdocs\zendLibrary\Zend\Search\Lucene\Index\TermInfo.php --> ftp.radiofone.com.br /public_html/radiofone/zendLibrary/Zend/Search/Lucene/Index TermInfo.php
2011.07.09 00:16 B F:\xampp\htdocs\zendLibrary\Zend\Search\Lucene\Index\TermsPriorityQueue.php --> ftp.radiofone.com.br /public_html/radiofone/zendLibrary/Zend/Search/Lucene/Index TermsPriorityQueue.php
2011.07.09 00:16 B F:\xampp\htdocs\zendLibrary\Zend\Search\Lucene\Index\Writer.php --> ftp.radiofone.com.br /public_html/radiofone/zendLibrary/Zend/Search/Lucene/Index Writer.php
2011.07.09 00:16 B F:\xampp\htdocs\zendLibrary\Zend\Search\Lucene\Index\WS_FTP.LOG --> ftp.radiofone.com.br /public_html/radiofone/zendLibrary/Zend/Search/Lucene/Index WS_FTP.LOG
2011.07.26 23:05 B F:\xampp\htdocs\zendLibrary\Zend\Search\Lucene\Index\DictionaryLoader.php --> ftp.sobrafo.org.br /public_html/zendLibrary/Zend/Search/Lucene/Index DictionaryLoader.php
2011.07.26 23:05 B F:\xampp\htdocs\zendLibrary\Zend\Search\Lucene\Index\DocsFilter.php --> ftp.sobrafo.org.br /public_html/zendLibrary/Zend/Search/Lucene/Index DocsFilter.php
2011.07.26 23:05 B F:\xampp\htdocs\zendLibrary\Zend\Search\Lucene\Index\FieldInfo.php --> ftp.sobrafo.org.br /public_html/zendLibrary/Zend/Search/Lucene/Index FieldInfo.php
2011.07.26 23:05 B F:\xampp\htdocs\zendLibrary\Zend\Search\Lucene\Index\SegmentInfo.php --> ftp.sobrafo.org.br /public_html/zendLibrary/Zend/Search/Lucene/Index SegmentInfo.php
2011.07.26 23:05 B F:\xampp\htdocs\zendLibrary\Zend\Search\Lucene\Index\SegmentMerger.php --> ftp.sobrafo.org.br /public_html/zendLibrary/Zend/Search/Lucene/Index SegmentMerger.php
2011.07.26 23:05 B F:\xampp\htdocs\zendLibrary\Zend\Search\Lucene\Index\SegmentWriter.php --> ftp.sobrafo.org.br /public_html/zendLibrary/Zend/Search/Lucene/Index SegmentWriter.php
2011.07.26 23:05 B F:\xampp\htdocs\zendLibrary\Zend\Search\Lucene\Index\Term.php --> ftp.sobrafo.org.br /public_html/zendLibrary/Zend/Search/Lucene/Index Term.php
2011.07.26 23:05 B F:\xampp\htdocs\zendLibrary\Zend\Search\Lucene\Index\TermInfo.php --> ftp.sobrafo.org.br /public_html/zendLibrary/Zend/Search/Lucene/Index TermInfo.php
2011.07.26 23:05 B F:\xampp\htdocs\zendLibrary\Zend\Search\Lucene\Index\TermsPriorityQueue.php --> ftp.sobrafo.org.br /public_html/zendLibrary/Zend/Search/Lucene/Index TermsPriorityQueue.php
2011.07.26 23:05 B F:\xampp\htdocs\zendLibrary\Zend\Search\Lucene\Index\Writer.php --> ftp.sobrafo.org.br /public_html/zendLibrary/Zend/Search/Lucene/Index Writer.php
2011.07.26 23:05 B F:\xampp\htdocs\zendLibrary\Zend\Search\Lucene\Index\WS_FTP.LOG --> ftp.sobrafo.org.br /public_html/zendLibrary/Zend/Search/Lucene/Index WS_FTP.LOG
2011.08.09 17:26 B F:\xampp\htdocs\ZendLibrary\Zend\Search\Lucene\Index\DictionaryLoader.php --> ftp.amfar.com.br /public_html/ZendLibrary/Zend/Search/Lucene/Index DictionaryLoader.php
2011.08.09 17:26 B F:\xampp\htdocs\ZendLibrary\Zend\Search\Lucene\Index\DocsFilter.php --> ftp.amfar.com.br /public_html/ZendLibrary/Zend/Search/Lucene/Index DocsFilter.php
2011.08.09 17:26 B F:\xampp\htdocs\ZendLibrary\Zend\Search\Lucene\Index\FieldInfo.php --> ftp.amfar.com.br /public_html/ZendLibrary/Zend/Search/Lucene/Index FieldInfo.php
2011.08.09 17:26 B F:\xampp\htdocs\ZendLibrary\Zend\Search\Lucene\Index\SegmentInfo.php --> ftp.amfar.com.br /public_html/ZendLibrary/Zend/Search/Lucene/Index SegmentInfo.php
2011.08.09 17:26 B F:\xampp\htdocs\ZendLibrary\Zend\Search\Lucene\Index\SegmentMerger.php --> ftp.amfar.com.br /public_html/ZendLibrary/Zend/Search/Lucene/Index SegmentMerger.php
2011.08.09 17:26 B F:\xampp\htdocs\ZendLibrary\Zend\Search\Lucene\Index\SegmentWriter.php --> ftp.amfar.com.br /public_html/ZendLibrary/Zend/Search/Lucene/Index SegmentWriter.php
2011.08.09 17:26 B F:\xampp\htdocs\ZendLibrary\Zend\Search\Lucene\Index\Term.php --> ftp.amfar.com.br /public_html/ZendLibrary/Zend/Search/Lucene/Index Term.php
2011.08.09 17:26 B F:\xampp\htdocs\ZendLibrary\Zend\Search\Lucene\Index\TermInfo.php --> ftp.amfar.com.br /public_html/ZendLibrary/Zend/Search/Lucene/Index TermInfo.php
2011.08.09 17:26 B F:\xampp\htdocs\ZendLibrary\Zend\Search\Lucene\Index\TermsPriorityQueue.php --> ftp.amfar.com.br /public_html/ZendLibrary/Zend/Search/Lucene/Index TermsPriorityQueue.php
2011.08.09 17:26 B F:\xampp\htdocs\ZendLibrary\Zend\Search\Lucene\Index\Writer.php --> ftp.amfar.com.br /public_html/ZendLibrary/Zend/Search/Lucene/Index Writer.php
