2011.06.20 18:34 B F:\xampp\htdocs\zf-tutorial\library\Zend\Feed\Pubsubhubbub\CallbackAbstract.php --> ftp.portalridgid.com.br /public_html/zf-tutorial/library/Zend/Feed/Pubsubhubbub CallbackAbstract.php
2011.06.20 18:34 B F:\xampp\htdocs\zf-tutorial\library\Zend\Feed\Pubsubhubbub\CallbackInterface.php --> ftp.portalridgid.com.br /public_html/zf-tutorial/library/Zend/Feed/Pubsubhubbub CallbackInterface.php
2011.06.20 18:34 B F:\xampp\htdocs\zf-tutorial\library\Zend\Feed\Pubsubhubbub\Exception.php --> ftp.portalridgid.com.br /public_html/zf-tutorial/library/Zend/Feed/Pubsubhubbub Exception.php
2011.06.20 18:34 B F:\xampp\htdocs\zf-tutorial\library\Zend\Feed\Pubsubhubbub\HttpResponse.php --> ftp.portalridgid.com.br /public_html/zf-tutorial/library/Zend/Feed/Pubsubhubbub HttpResponse.php
2011.06.20 18:34 B F:\xampp\htdocs\zf-tutorial\library\Zend\Feed\Pubsubhubbub\Publisher.php --> ftp.portalridgid.com.br /public_html/zf-tutorial/library/Zend/Feed/Pubsubhubbub Publisher.php
2011.06.20 18:34 B F:\xampp\htdocs\zf-tutorial\library\Zend\Feed\Pubsubhubbub\Subscriber.php --> ftp.portalridgid.com.br /public_html/zf-tutorial/library/Zend/Feed/Pubsubhubbub Subscriber.php
2011.06.30 03:40 B F:\xampp\htdocs\zendLibrary\Zend\Feed\Pubsubhubbub\WS_FTP.LOG --> ftp.sbrafh.org.br /sbrafh/Web/zendLibrary/Zend/Feed/Pubsubhubbub WS_FTP.LOG
2011.06.30 03:40 B F:\xampp\htdocs\zendLibrary\Zend\Feed\Pubsubhubbub\Subscriber.php --> ftp.sbrafh.org.br /sbrafh/Web/zendLibrary/Zend/Feed/Pubsubhubbub Subscriber.php
2011.06.30 03:40 B F:\xampp\htdocs\zendLibrary\Zend\Feed\Pubsubhubbub\Publisher.php --> ftp.sbrafh.org.br /sbrafh/Web/zendLibrary/Zend/Feed/Pubsubhubbub Publisher.php
2011.06.30 03:40 B F:\xampp\htdocs\zendLibrary\Zend\Feed\Pubsubhubbub\HttpResponse.php --> ftp.sbrafh.org.br /sbrafh/Web/zendLibrary/Zend/Feed/Pubsubhubbub HttpResponse.php
2011.06.30 03:40 B F:\xampp\htdocs\zendLibrary\Zend\Feed\Pubsubhubbub\Exception.php --> ftp.sbrafh.org.br /sbrafh/Web/zendLibrary/Zend/Feed/Pubsubhubbub Exception.php
2011.06.30 03:40 B F:\xampp\htdocs\zendLibrary\Zend\Feed\Pubsubhubbub\CallbackInterface.php --> ftp.sbrafh.org.br /sbrafh/Web/zendLibrary/Zend/Feed/Pubsubhubbub CallbackInterface.php
2011.06.30 03:40 B F:\xampp\htdocs\zendLibrary\Zend\Feed\Pubsubhubbub\CallbackAbstract.php --> ftp.sbrafh.org.br /sbrafh/Web/zendLibrary/Zend/Feed/Pubsubhubbub CallbackAbstract.php
2011.07.08 23:47 B F:\xampp\htdocs\zendLibrary\Zend\Feed\Pubsubhubbub\CallbackAbstract.php --> ftp.radiofone.com.br /public_html/radiofone/zendLibrary/Zend/Feed/Pubsubhubbub CallbackAbstract.php
2011.07.08 23:47 B F:\xampp\htdocs\zendLibrary\Zend\Feed\Pubsubhubbub\CallbackInterface.php --> ftp.radiofone.com.br /public_html/radiofone/zendLibrary/Zend/Feed/Pubsubhubbub CallbackInterface.php
2011.07.08 23:47 B F:\xampp\htdocs\zendLibrary\Zend\Feed\Pubsubhubbub\Exception.php --> ftp.radiofone.com.br /public_html/radiofone/zendLibrary/Zend/Feed/Pubsubhubbub Exception.php
2011.07.08 23:47 B F:\xampp\htdocs\zendLibrary\Zend\Feed\Pubsubhubbub\HttpResponse.php --> ftp.radiofone.com.br /public_html/radiofone/zendLibrary/Zend/Feed/Pubsubhubbub HttpResponse.php
2011.07.08 23:47 B F:\xampp\htdocs\zendLibrary\Zend\Feed\Pubsubhubbub\Publisher.php --> ftp.radiofone.com.br /public_html/radiofone/zendLibrary/Zend/Feed/Pubsubhubbub Publisher.php
2011.07.08 23:47 B F:\xampp\htdocs\zendLibrary\Zend\Feed\Pubsubhubbub\Subscriber.php --> ftp.radiofone.com.br /public_html/radiofone/zendLibrary/Zend/Feed/Pubsubhubbub Subscriber.php
2011.07.08 23:47 B F:\xampp\htdocs\zendLibrary\Zend\Feed\Pubsubhubbub\WS_FTP.LOG --> ftp.radiofone.com.br /public_html/radiofone/zendLibrary/Zend/Feed/Pubsubhubbub WS_FTP.LOG
2011.07.26 22:48 B F:\xampp\htdocs\zendLibrary\Zend\Feed\Pubsubhubbub\CallbackAbstract.php --> ftp.sobrafo.org.br /public_html/zendLibrary/Zend/Feed/Pubsubhubbub CallbackAbstract.php
2011.07.26 22:48 B F:\xampp\htdocs\zendLibrary\Zend\Feed\Pubsubhubbub\CallbackInterface.php --> ftp.sobrafo.org.br /public_html/zendLibrary/Zend/Feed/Pubsubhubbub CallbackInterface.php
2011.07.26 22:48 B F:\xampp\htdocs\zendLibrary\Zend\Feed\Pubsubhubbub\Exception.php --> ftp.sobrafo.org.br /public_html/zendLibrary/Zend/Feed/Pubsubhubbub Exception.php
2011.07.26 22:48 B F:\xampp\htdocs\zendLibrary\Zend\Feed\Pubsubhubbub\HttpResponse.php --> ftp.sobrafo.org.br /public_html/zendLibrary/Zend/Feed/Pubsubhubbub HttpResponse.php
2011.07.26 22:48 B F:\xampp\htdocs\zendLibrary\Zend\Feed\Pubsubhubbub\Publisher.php --> ftp.sobrafo.org.br /public_html/zendLibrary/Zend/Feed/Pubsubhubbub Publisher.php
2011.07.26 22:48 B F:\xampp\htdocs\zendLibrary\Zend\Feed\Pubsubhubbub\Subscriber.php --> ftp.sobrafo.org.br /public_html/zendLibrary/Zend/Feed/Pubsubhubbub Subscriber.php
2011.07.26 22:48 B F:\xampp\htdocs\zendLibrary\Zend\Feed\Pubsubhubbub\WS_FTP.LOG --> ftp.sobrafo.org.br /public_html/zendLibrary/Zend/Feed/Pubsubhubbub WS_FTP.LOG
2011.08.09 16:58 B F:\xampp\htdocs\ZendLibrary\Zend\Feed\Pubsubhubbub\CallbackAbstract.php --> ftp.amfar.com.br /public_html/ZendLibrary/Zend/Feed/Pubsubhubbub CallbackAbstract.php
2011.08.09 16:58 B F:\xampp\htdocs\ZendLibrary\Zend\Feed\Pubsubhubbub\CallbackInterface.php --> ftp.amfar.com.br /public_html/ZendLibrary/Zend/Feed/Pubsubhubbub CallbackInterface.php
2011.08.09 16:58 B F:\xampp\htdocs\ZendLibrary\Zend\Feed\Pubsubhubbub\Exception.php --> ftp.amfar.com.br /public_html/ZendLibrary/Zend/Feed/Pubsubhubbub Exception.php
2011.08.09 16:58 B F:\xampp\htdocs\ZendLibrary\Zend\Feed\Pubsubhubbub\HttpResponse.php --> ftp.amfar.com.br /public_html/ZendLibrary/Zend/Feed/Pubsubhubbub HttpResponse.php
2011.08.09 16:58 B F:\xampp\htdocs\ZendLibrary\Zend\Feed\Pubsubhubbub\Publisher.php --> ftp.amfar.com.br /public_html/ZendLibrary/Zend/Feed/Pubsubhubbub Publisher.php
2011.08.09 16:58 B F:\xampp\htdocs\ZendLibrary\Zend\Feed\Pubsubhubbub\Subscriber.php --> ftp.amfar.com.br /public_html/ZendLibrary/Zend/Feed/Pubsubhubbub Subscriber.php
