2011.06.20 18:36 B F:\xampp\htdocs\zf-tutorial\library\Zend\Form\Decorator\Abstract.php --> ftp.portalridgid.com.br /public_html/zf-tutorial/library/Zend/Form/Decorator Abstract.php
2011.06.20 18:36 B F:\xampp\htdocs\zf-tutorial\library\Zend\Form\Decorator\Callback.php --> ftp.portalridgid.com.br /public_html/zf-tutorial/library/Zend/Form/Decorator Callback.php
2011.06.20 18:36 B F:\xampp\htdocs\zf-tutorial\library\Zend\Form\Decorator\Captcha.php --> ftp.portalridgid.com.br /public_html/zf-tutorial/library/Zend/Form/Decorator Captcha.php
2011.06.20 18:36 B F:\xampp\htdocs\zf-tutorial\library\Zend\Form\Decorator\Description.php --> ftp.portalridgid.com.br /public_html/zf-tutorial/library/Zend/Form/Decorator Description.php
2011.06.20 18:36 B F:\xampp\htdocs\zf-tutorial\library\Zend\Form\Decorator\DtDdWrapper.php --> ftp.portalridgid.com.br /public_html/zf-tutorial/library/Zend/Form/Decorator DtDdWrapper.php
2011.06.20 18:36 B F:\xampp\htdocs\zf-tutorial\library\Zend\Form\Decorator\Errors.php --> ftp.portalridgid.com.br /public_html/zf-tutorial/library/Zend/Form/Decorator Errors.php
2011.06.20 18:36 B F:\xampp\htdocs\zf-tutorial\library\Zend\Form\Decorator\Exception.php --> ftp.portalridgid.com.br /public_html/zf-tutorial/library/Zend/Form/Decorator Exception.php
2011.06.20 18:36 B F:\xampp\htdocs\zf-tutorial\library\Zend\Form\Decorator\Fieldset.php --> ftp.portalridgid.com.br /public_html/zf-tutorial/library/Zend/Form/Decorator Fieldset.php
2011.06.20 18:36 B F:\xampp\htdocs\zf-tutorial\library\Zend\Form\Decorator\File.php --> ftp.portalridgid.com.br /public_html/zf-tutorial/library/Zend/Form/Decorator File.php
2011.06.20 18:36 B F:\xampp\htdocs\zf-tutorial\library\Zend\Form\Decorator\Form.php --> ftp.portalridgid.com.br /public_html/zf-tutorial/library/Zend/Form/Decorator Form.php
2011.06.20 18:36 B F:\xampp\htdocs\zf-tutorial\library\Zend\Form\Decorator\FormElements.php --> ftp.portalridgid.com.br /public_html/zf-tutorial/library/Zend/Form/Decorator FormElements.php
2011.06.20 18:36 B F:\xampp\htdocs\zf-tutorial\library\Zend\Form\Decorator\FormErrors.php --> ftp.portalridgid.com.br /public_html/zf-tutorial/library/Zend/Form/Decorator FormErrors.php
2011.06.20 18:36 B F:\xampp\htdocs\zf-tutorial\library\Zend\Form\Decorator\HtmlTag.php --> ftp.portalridgid.com.br /public_html/zf-tutorial/library/Zend/Form/Decorator HtmlTag.php
2011.06.20 18:36 B F:\xampp\htdocs\zf-tutorial\library\Zend\Form\Decorator\Image.php --> ftp.portalridgid.com.br /public_html/zf-tutorial/library/Zend/Form/Decorator Image.php
2011.06.20 18:36 B F:\xampp\htdocs\zf-tutorial\library\Zend\Form\Decorator\Interface.php --> ftp.portalridgid.com.br /public_html/zf-tutorial/library/Zend/Form/Decorator Interface.php
2011.06.20 18:36 B F:\xampp\htdocs\zf-tutorial\library\Zend\Form\Decorator\Label.php --> ftp.portalridgid.com.br /public_html/zf-tutorial/library/Zend/Form/Decorator Label.php
2011.06.20 18:36 B F:\xampp\htdocs\zf-tutorial\library\Zend\Form\Decorator\PrepareElements.php --> ftp.portalridgid.com.br /public_html/zf-tutorial/library/Zend/Form/Decorator PrepareElements.php
2011.06.20 18:36 B F:\xampp\htdocs\zf-tutorial\library\Zend\Form\Decorator\Tooltip.php --> ftp.portalridgid.com.br /public_html/zf-tutorial/library/Zend/Form/Decorator Tooltip.php
2011.06.20 18:36 B F:\xampp\htdocs\zf-tutorial\library\Zend\Form\Decorator\ViewHelper.php --> ftp.portalridgid.com.br /public_html/zf-tutorial/library/Zend/Form/Decorator ViewHelper.php
2011.06.20 18:36 B F:\xampp\htdocs\zf-tutorial\library\Zend\Form\Decorator\ViewScript.php --> ftp.portalridgid.com.br /public_html/zf-tutorial/library/Zend/Form/Decorator ViewScript.php
2011.06.30 03:37 B F:\xampp\htdocs\zendLibrary\Zend\Form\Decorator\WS_FTP.LOG --> ftp.sbrafh.org.br /sbrafh/Web/zendLibrary/Zend/Form/Decorator WS_FTP.LOG
2011.06.30 03:37 B F:\xampp\htdocs\zendLibrary\Zend\Form\Decorator\Label.php --> ftp.sbrafh.org.br /sbrafh/Web/zendLibrary/Zend/Form/Decorator Label.php
2011.06.30 03:37 B F:\xampp\htdocs\zendLibrary\Zend\Form\Decorator\FormErrors.php --> ftp.sbrafh.org.br /sbrafh/Web/zendLibrary/Zend/Form/Decorator FormErrors.php
2011.06.30 03:37 B F:\xampp\htdocs\zendLibrary\Zend\Form\Decorator\ViewScript.php --> ftp.sbrafh.org.br /sbrafh/Web/zendLibrary/Zend/Form/Decorator ViewScript.php
2011.06.30 03:37 B F:\xampp\htdocs\zendLibrary\Zend\Form\Decorator\ViewHelper.php --> ftp.sbrafh.org.br /sbrafh/Web/zendLibrary/Zend/Form/Decorator ViewHelper.php
2011.06.30 03:37 B F:\xampp\htdocs\zendLibrary\Zend\Form\Decorator\Tooltip.php --> ftp.sbrafh.org.br /sbrafh/Web/zendLibrary/Zend/Form/Decorator Tooltip.php
2011.06.30 03:37 B F:\xampp\htdocs\zendLibrary\Zend\Form\Decorator\PrepareElements.php --> ftp.sbrafh.org.br /sbrafh/Web/zendLibrary/Zend/Form/Decorator PrepareElements.php
2011.06.30 03:37 B F:\xampp\htdocs\zendLibrary\Zend\Form\Decorator\Interface.php --> ftp.sbrafh.org.br /sbrafh/Web/zendLibrary/Zend/Form/Decorator Interface.php
2011.06.30 03:37 B F:\xampp\htdocs\zendLibrary\Zend\Form\Decorator\Image.php --> ftp.sbrafh.org.br /sbrafh/Web/zendLibrary/Zend/Form/Decorator Image.php
2011.06.30 03:37 B F:\xampp\htdocs\zendLibrary\Zend\Form\Decorator\HtmlTag.php --> ftp.sbrafh.org.br /sbrafh/Web/zendLibrary/Zend/Form/Decorator HtmlTag.php
2011.06.30 03:37 B F:\xampp\htdocs\zendLibrary\Zend\Form\Decorator\FormElements.php --> ftp.sbrafh.org.br /sbrafh/Web/zendLibrary/Zend/Form/Decorator FormElements.php
2011.06.30 03:37 B F:\xampp\htdocs\zendLibrary\Zend\Form\Decorator\Form.php --> ftp.sbrafh.org.br /sbrafh/Web/zendLibrary/Zend/Form/Decorator Form.php
2011.06.30 03:37 B F:\xampp\htdocs\zendLibrary\Zend\Form\Decorator\File.php --> ftp.sbrafh.org.br /sbrafh/Web/zendLibrary/Zend/Form/Decorator File.php
2011.06.30 03:37 B F:\xampp\htdocs\zendLibrary\Zend\Form\Decorator\Fieldset.php --> ftp.sbrafh.org.br /sbrafh/Web/zendLibrary/Zend/Form/Decorator Fieldset.php
2011.06.30 03:37 B F:\xampp\htdocs\zendLibrary\Zend\Form\Decorator\Exception.php --> ftp.sbrafh.org.br /sbrafh/Web/zendLibrary/Zend/Form/Decorator Exception.php
2011.06.30 03:37 B F:\xampp\htdocs\zendLibrary\Zend\Form\Decorator\Errors.php --> ftp.sbrafh.org.br /sbrafh/Web/zendLibrary/Zend/Form/Decorator Errors.php
2011.06.30 03:37 B F:\xampp\htdocs\zendLibrary\Zend\Form\Decorator\DtDdWrapper.php --> ftp.sbrafh.org.br /sbrafh/Web/zendLibrary/Zend/Form/Decorator DtDdWrapper.php
2011.06.30 03:37 B F:\xampp\htdocs\zendLibrary\Zend\Form\Decorator\Description.php --> ftp.sbrafh.org.br /sbrafh/Web/zendLibrary/Zend/Form/Decorator Description.php
2011.06.30 03:37 B F:\xampp\htdocs\zendLibrary\Zend\Form\Decorator\Captcha.php --> ftp.sbrafh.org.br /sbrafh/Web/zendLibrary/Zend/Form/Decorator Captcha.php
2011.06.30 03:37 B F:\xampp\htdocs\zendLibrary\Zend\Form\Decorator\Callback.php --> ftp.sbrafh.org.br /sbrafh/Web/zendLibrary/Zend/Form/Decorator Callback.php
2011.06.30 03:37 B F:\xampp\htdocs\zendLibrary\Zend\Form\Decorator\Abstract.php --> ftp.sbrafh.org.br /sbrafh/Web/zendLibrary/Zend/Form/Decorator Abstract.php
2011.07.08 23:49 B F:\xampp\htdocs\zendLibrary\Zend\Form\Decorator\Abstract.php --> ftp.radiofone.com.br /public_html/radiofone/zendLibrary/Zend/Form/Decorator Abstract.php
2011.07.08 23:49 B F:\xampp\htdocs\zendLibrary\Zend\Form\Decorator\Callback.php --> ftp.radiofone.com.br /public_html/radiofone/zendLibrary/Zend/Form/Decorator Callback.php
2011.07.08 23:49 B F:\xampp\htdocs\zendLibrary\Zend\Form\Decorator\Captcha.php --> ftp.radiofone.com.br /public_html/radiofone/zendLibrary/Zend/Form/Decorator Captcha.php
2011.07.08 23:49 B F:\xampp\htdocs\zendLibrary\Zend\Form\Decorator\Description.php --> ftp.radiofone.com.br /public_html/radiofone/zendLibrary/Zend/Form/Decorator Description.php
2011.07.08 23:49 B F:\xampp\htdocs\zendLibrary\Zend\Form\Decorator\DtDdWrapper.php --> ftp.radiofone.com.br /public_html/radiofone/zendLibrary/Zend/Form/Decorator DtDdWrapper.php
2011.07.08 23:49 B F:\xampp\htdocs\zendLibrary\Zend\Form\Decorator\Errors.php --> ftp.radiofone.com.br /public_html/radiofone/zendLibrary/Zend/Form/Decorator Errors.php
2011.07.08 23:49 B F:\xampp\htdocs\zendLibrary\Zend\Form\Decorator\Exception.php --> ftp.radiofone.com.br /public_html/radiofone/zendLibrary/Zend/Form/Decorator Exception.php
2011.07.08 23:49 B F:\xampp\htdocs\zendLibrary\Zend\Form\Decorator\Fieldset.php --> ftp.radiofone.com.br /public_html/radiofone/zendLibrary/Zend/Form/Decorator Fieldset.php
2011.07.08 23:49 B F:\xampp\htdocs\zendLibrary\Zend\Form\Decorator\File.php --> ftp.radiofone.com.br /public_html/radiofone/zendLibrary/Zend/Form/Decorator File.php
2011.07.08 23:49 B F:\xampp\htdocs\zendLibrary\Zend\Form\Decorator\Form.php --> ftp.radiofone.com.br /public_html/radiofone/zendLibrary/Zend/Form/Decorator Form.php
2011.07.08 23:49 B F:\xampp\htdocs\zendLibrary\Zend\Form\Decorator\FormElements.php --> ftp.radiofone.com.br /public_html/radiofone/zendLibrary/Zend/Form/Decorator FormElements.php
2011.07.08 23:49 B F:\xampp\htdocs\zendLibrary\Zend\Form\Decorator\FormErrors.php --> ftp.radiofone.com.br /public_html/radiofone/zendLibrary/Zend/Form/Decorator FormErrors.php
2011.07.08 23:49 B F:\xampp\htdocs\zendLibrary\Zend\Form\Decorator\HtmlTag.php --> ftp.radiofone.com.br /public_html/radiofone/zendLibrary/Zend/Form/Decorator HtmlTag.php
2011.07.08 23:49 B F:\xampp\htdocs\zendLibrary\Zend\Form\Decorator\Image.php --> ftp.radiofone.com.br /public_html/radiofone/zendLibrary/Zend/Form/Decorator Image.php
2011.07.08 23:49 B F:\xampp\htdocs\zendLibrary\Zend\Form\Decorator\Interface.php --> ftp.radiofone.com.br /public_html/radiofone/zendLibrary/Zend/Form/Decorator Interface.php
2011.07.08 23:49 B F:\xampp\htdocs\zendLibrary\Zend\Form\Decorator\Label.php --> ftp.radiofone.com.br /public_html/radiofone/zendLibrary/Zend/Form/Decorator Label.php
2011.07.08 23:49 B F:\xampp\htdocs\zendLibrary\Zend\Form\Decorator\PrepareElements.php --> ftp.radiofone.com.br /public_html/radiofone/zendLibrary/Zend/Form/Decorator PrepareElements.php
2011.07.08 23:49 B F:\xampp\htdocs\zendLibrary\Zend\Form\Decorator\Tooltip.php --> ftp.radiofone.com.br /public_html/radiofone/zendLibrary/Zend/Form/Decorator Tooltip.php
2011.07.08 23:49 B F:\xampp\htdocs\zendLibrary\Zend\Form\Decorator\ViewHelper.php --> ftp.radiofone.com.br /public_html/radiofone/zendLibrary/Zend/Form/Decorator ViewHelper.php
2011.07.08 23:49 B F:\xampp\htdocs\zendLibrary\Zend\Form\Decorator\ViewScript.php --> ftp.radiofone.com.br /public_html/radiofone/zendLibrary/Zend/Form/Decorator ViewScript.php
2011.07.08 23:49 B F:\xampp\htdocs\zendLibrary\Zend\Form\Decorator\WS_FTP.LOG --> ftp.radiofone.com.br /public_html/radiofone/zendLibrary/Zend/Form/Decorator WS_FTP.LOG
2011.07.26 22:50 B F:\xampp\htdocs\zendLibrary\Zend\Form\Decorator\Abstract.php --> ftp.sobrafo.org.br /public_html/zendLibrary/Zend/Form/Decorator Abstract.php
2011.07.26 22:50 B F:\xampp\htdocs\zendLibrary\Zend\Form\Decorator\Callback.php --> ftp.sobrafo.org.br /public_html/zendLibrary/Zend/Form/Decorator Callback.php
2011.07.26 22:50 B F:\xampp\htdocs\zendLibrary\Zend\Form\Decorator\Captcha.php --> ftp.sobrafo.org.br /public_html/zendLibrary/Zend/Form/Decorator Captcha.php
2011.07.26 22:50 B F:\xampp\htdocs\zendLibrary\Zend\Form\Decorator\Description.php --> ftp.sobrafo.org.br /public_html/zendLibrary/Zend/Form/Decorator Description.php
2011.07.26 22:50 B F:\xampp\htdocs\zendLibrary\Zend\Form\Decorator\DtDdWrapper.php --> ftp.sobrafo.org.br /public_html/zendLibrary/Zend/Form/Decorator DtDdWrapper.php
2011.07.26 22:50 B F:\xampp\htdocs\zendLibrary\Zend\Form\Decorator\Errors.php --> ftp.sobrafo.org.br /public_html/zendLibrary/Zend/Form/Decorator Errors.php
2011.07.26 22:50 B F:\xampp\htdocs\zendLibrary\Zend\Form\Decorator\Exception.php --> ftp.sobrafo.org.br /public_html/zendLibrary/Zend/Form/Decorator Exception.php
2011.07.26 22:50 B F:\xampp\htdocs\zendLibrary\Zend\Form\Decorator\Fieldset.php --> ftp.sobrafo.org.br /public_html/zendLibrary/Zend/Form/Decorator Fieldset.php
2011.07.26 22:50 B F:\xampp\htdocs\zendLibrary\Zend\Form\Decorator\File.php --> ftp.sobrafo.org.br /public_html/zendLibrary/Zend/Form/Decorator File.php
2011.07.26 22:50 B F:\xampp\htdocs\zendLibrary\Zend\Form\Decorator\Form.php --> ftp.sobrafo.org.br /public_html/zendLibrary/Zend/Form/Decorator Form.php
2011.07.26 22:50 B F:\xampp\htdocs\zendLibrary\Zend\Form\Decorator\FormElements.php --> ftp.sobrafo.org.br /public_html/zendLibrary/Zend/Form/Decorator FormElements.php
2011.07.26 22:50 B F:\xampp\htdocs\zendLibrary\Zend\Form\Decorator\FormErrors.php --> ftp.sobrafo.org.br /public_html/zendLibrary/Zend/Form/Decorator FormErrors.php
2011.07.26 22:50 B F:\xampp\htdocs\zendLibrary\Zend\Form\Decorator\HtmlTag.php --> ftp.sobrafo.org.br /public_html/zendLibrary/Zend/Form/Decorator HtmlTag.php
2011.07.26 22:50 B F:\xampp\htdocs\zendLibrary\Zend\Form\Decorator\Image.php --> ftp.sobrafo.org.br /public_html/zendLibrary/Zend/Form/Decorator Image.php
2011.07.26 22:50 B F:\xampp\htdocs\zendLibrary\Zend\Form\Decorator\Interface.php --> ftp.sobrafo.org.br /public_html/zendLibrary/Zend/Form/Decorator Interface.php
2011.07.26 22:50 B F:\xampp\htdocs\zendLibrary\Zend\Form\Decorator\Label.php --> ftp.sobrafo.org.br /public_html/zendLibrary/Zend/Form/Decorator Label.php
2011.07.26 22:50 B F:\xampp\htdocs\zendLibrary\Zend\Form\Decorator\PrepareElements.php --> ftp.sobrafo.org.br /public_html/zendLibrary/Zend/Form/Decorator PrepareElements.php
2011.07.26 22:50 B F:\xampp\htdocs\zendLibrary\Zend\Form\Decorator\Tooltip.php --> ftp.sobrafo.org.br /public_html/zendLibrary/Zend/Form/Decorator Tooltip.php
2011.07.26 22:50 B F:\xampp\htdocs\zendLibrary\Zend\Form\Decorator\ViewHelper.php --> ftp.sobrafo.org.br /public_html/zendLibrary/Zend/Form/Decorator ViewHelper.php
2011.07.26 22:50 B F:\xampp\htdocs\zendLibrary\Zend\Form\Decorator\ViewScript.php --> ftp.sobrafo.org.br /public_html/zendLibrary/Zend/Form/Decorator ViewScript.php
2011.07.26 22:50 B F:\xampp\htdocs\zendLibrary\Zend\Form\Decorator\WS_FTP.LOG --> ftp.sobrafo.org.br /public_html/zendLibrary/Zend/Form/Decorator WS_FTP.LOG
2011.08.09 17:00 B F:\xampp\htdocs\ZendLibrary\Zend\Form\Decorator\Abstract.php --> ftp.amfar.com.br /public_html/ZendLibrary/Zend/Form/Decorator Abstract.php
2011.08.09 17:00 B F:\xampp\htdocs\ZendLibrary\Zend\Form\Decorator\Callback.php --> ftp.amfar.com.br /public_html/ZendLibrary/Zend/Form/Decorator Callback.php
2011.08.09 17:00 B F:\xampp\htdocs\ZendLibrary\Zend\Form\Decorator\Captcha.php --> ftp.amfar.com.br /public_html/ZendLibrary/Zend/Form/Decorator Captcha.php
2011.08.09 17:00 B F:\xampp\htdocs\ZendLibrary\Zend\Form\Decorator\Description.php --> ftp.amfar.com.br /public_html/ZendLibrary/Zend/Form/Decorator Description.php
2011.08.09 17:00 B F:\xampp\htdocs\ZendLibrary\Zend\Form\Decorator\DtDdWrapper.php --> ftp.amfar.com.br /public_html/ZendLibrary/Zend/Form/Decorator DtDdWrapper.php
2011.08.09 17:00 B F:\xampp\htdocs\ZendLibrary\Zend\Form\Decorator\Errors.php --> ftp.amfar.com.br /public_html/ZendLibrary/Zend/Form/Decorator Errors.php
2011.08.09 17:00 B F:\xampp\htdocs\ZendLibrary\Zend\Form\Decorator\Exception.php --> ftp.amfar.com.br /public_html/ZendLibrary/Zend/Form/Decorator Exception.php
2011.08.09 17:00 B F:\xampp\htdocs\ZendLibrary\Zend\Form\Decorator\Fieldset.php --> ftp.amfar.com.br /public_html/ZendLibrary/Zend/Form/Decorator Fieldset.php
2011.08.09 17:00 B F:\xampp\htdocs\ZendLibrary\Zend\Form\Decorator\File.php --> ftp.amfar.com.br /public_html/ZendLibrary/Zend/Form/Decorator File.php
2011.08.09 17:00 B F:\xampp\htdocs\ZendLibrary\Zend\Form\Decorator\Form.php --> ftp.amfar.com.br /public_html/ZendLibrary/Zend/Form/Decorator Form.php
2011.08.09 17:00 B F:\xampp\htdocs\ZendLibrary\Zend\Form\Decorator\FormElements.php --> ftp.amfar.com.br /public_html/ZendLibrary/Zend/Form/Decorator FormElements.php
2011.08.09 17:00 B F:\xampp\htdocs\ZendLibrary\Zend\Form\Decorator\FormErrors.php --> ftp.amfar.com.br /public_html/ZendLibrary/Zend/Form/Decorator FormErrors.php
2011.08.09 17:00 B F:\xampp\htdocs\ZendLibrary\Zend\Form\Decorator\HtmlTag.php --> ftp.amfar.com.br /public_html/ZendLibrary/Zend/Form/Decorator HtmlTag.php
2011.08.09 17:00 B F:\xampp\htdocs\ZendLibrary\Zend\Form\Decorator\Image.php --> ftp.amfar.com.br /public_html/ZendLibrary/Zend/Form/Decorator Image.php
2011.08.09 17:00 B F:\xampp\htdocs\ZendLibrary\Zend\Form\Decorator\Interface.php --> ftp.amfar.com.br /public_html/ZendLibrary/Zend/Form/Decorator Interface.php
2011.08.09 17:00 B F:\xampp\htdocs\ZendLibrary\Zend\Form\Decorator\Label.php --> ftp.amfar.com.br /public_html/ZendLibrary/Zend/Form/Decorator Label.php
2011.08.09 17:00 B F:\xampp\htdocs\ZendLibrary\Zend\Form\Decorator\PrepareElements.php --> ftp.amfar.com.br /public_html/ZendLibrary/Zend/Form/Decorator PrepareElements.php
2011.08.09 17:00 B F:\xampp\htdocs\ZendLibrary\Zend\Form\Decorator\Tooltip.php --> ftp.amfar.com.br /public_html/ZendLibrary/Zend/Form/Decorator Tooltip.php
2011.08.09 17:00 B F:\xampp\htdocs\ZendLibrary\Zend\Form\Decorator\ViewHelper.php --> ftp.amfar.com.br /public_html/ZendLibrary/Zend/Form/Decorator ViewHelper.php
2011.08.09 17:00 B F:\xampp\htdocs\ZendLibrary\Zend\Form\Decorator\ViewScript.php --> ftp.amfar.com.br /public_html/ZendLibrary/Zend/Form/Decorator ViewScript.php
