2011.06.20 18:32 B F:\xampp\htdocs\zf-tutorial\library\Zend\Controller\Request\Abstract.php --> ftp.portalridgid.com.br /public_html/zf-tutorial/library/Zend/Controller/Request Abstract.php
2011.06.20 18:32 B F:\xampp\htdocs\zf-tutorial\library\Zend\Controller\Request\Apache404.php --> ftp.portalridgid.com.br /public_html/zf-tutorial/library/Zend/Controller/Request Apache404.php
2011.06.20 18:32 B F:\xampp\htdocs\zf-tutorial\library\Zend\Controller\Request\Exception.php --> ftp.portalridgid.com.br /public_html/zf-tutorial/library/Zend/Controller/Request Exception.php
2011.06.20 18:32 B F:\xampp\htdocs\zf-tutorial\library\Zend\Controller\Request\Http.php --> ftp.portalridgid.com.br /public_html/zf-tutorial/library/Zend/Controller/Request Http.php
2011.06.20 18:32 B F:\xampp\htdocs\zf-tutorial\library\Zend\Controller\Request\HttpTestCase.php --> ftp.portalridgid.com.br /public_html/zf-tutorial/library/Zend/Controller/Request HttpTestCase.php
2011.06.20 18:32 B F:\xampp\htdocs\zf-tutorial\library\Zend\Controller\Request\Simple.php --> ftp.portalridgid.com.br /public_html/zf-tutorial/library/Zend/Controller/Request Simple.php
2011.06.30 03:42 B F:\xampp\htdocs\zendLibrary\Zend\Controller\Request\WS_FTP.LOG --> ftp.sbrafh.org.br /sbrafh/Web/zendLibrary/Zend/Controller/Request WS_FTP.LOG
2011.06.30 03:43 B F:\xampp\htdocs\zendLibrary\Zend\Controller\Request\Http.php --> ftp.sbrafh.org.br /sbrafh/Web/zendLibrary/Zend/Controller/Request Http.php
2011.06.30 03:43 B F:\xampp\htdocs\zendLibrary\Zend\Controller\Request\Apache404.php --> ftp.sbrafh.org.br /sbrafh/Web/zendLibrary/Zend/Controller/Request Apache404.php
2011.06.30 03:43 B F:\xampp\htdocs\zendLibrary\Zend\Controller\Request\Simple.php --> ftp.sbrafh.org.br /sbrafh/Web/zendLibrary/Zend/Controller/Request Simple.php
2011.06.30 03:43 B F:\xampp\htdocs\zendLibrary\Zend\Controller\Request\HttpTestCase.php --> ftp.sbrafh.org.br /sbrafh/Web/zendLibrary/Zend/Controller/Request HttpTestCase.php
2011.06.30 03:43 B F:\xampp\htdocs\zendLibrary\Zend\Controller\Request\Exception.php --> ftp.sbrafh.org.br /sbrafh/Web/zendLibrary/Zend/Controller/Request Exception.php
2011.06.30 03:43 B F:\xampp\htdocs\zendLibrary\Zend\Controller\Request\Abstract.php --> ftp.sbrafh.org.br /sbrafh/Web/zendLibrary/Zend/Controller/Request Abstract.php
2011.07.08 23:45 B F:\xampp\htdocs\zendLibrary\Zend\Controller\Request\Abstract.php --> ftp.radiofone.com.br /public_html/radiofone/zendLibrary/Zend/Controller/Request Abstract.php
2011.07.08 23:45 B F:\xampp\htdocs\zendLibrary\Zend\Controller\Request\Apache404.php --> ftp.radiofone.com.br /public_html/radiofone/zendLibrary/Zend/Controller/Request Apache404.php
2011.07.08 23:45 B F:\xampp\htdocs\zendLibrary\Zend\Controller\Request\Exception.php --> ftp.radiofone.com.br /public_html/radiofone/zendLibrary/Zend/Controller/Request Exception.php
2011.07.08 23:45 B F:\xampp\htdocs\zendLibrary\Zend\Controller\Request\Http.php --> ftp.radiofone.com.br /public_html/radiofone/zendLibrary/Zend/Controller/Request Http.php
2011.07.08 23:45 B F:\xampp\htdocs\zendLibrary\Zend\Controller\Request\HttpTestCase.php --> ftp.radiofone.com.br /public_html/radiofone/zendLibrary/Zend/Controller/Request HttpTestCase.php
2011.07.08 23:45 B F:\xampp\htdocs\zendLibrary\Zend\Controller\Request\Simple.php --> ftp.radiofone.com.br /public_html/radiofone/zendLibrary/Zend/Controller/Request Simple.php
2011.07.08 23:45 B F:\xampp\htdocs\zendLibrary\Zend\Controller\Request\WS_FTP.LOG --> ftp.radiofone.com.br /public_html/radiofone/zendLibrary/Zend/Controller/Request WS_FTP.LOG
2011.07.26 22:45 B F:\xampp\htdocs\zendLibrary\Zend\Controller\Request\Abstract.php --> ftp.sobrafo.org.br /public_html/zendLibrary/Zend/Controller/Request Abstract.php
2011.07.26 22:46 B F:\xampp\htdocs\zendLibrary\Zend\Controller\Request\Apache404.php --> ftp.sobrafo.org.br /public_html/zendLibrary/Zend/Controller/Request Apache404.php
2011.07.26 22:46 B F:\xampp\htdocs\zendLibrary\Zend\Controller\Request\Exception.php --> ftp.sobrafo.org.br /public_html/zendLibrary/Zend/Controller/Request Exception.php
2011.07.26 22:46 B F:\xampp\htdocs\zendLibrary\Zend\Controller\Request\Http.php --> ftp.sobrafo.org.br /public_html/zendLibrary/Zend/Controller/Request Http.php
2011.07.26 22:46 B F:\xampp\htdocs\zendLibrary\Zend\Controller\Request\HttpTestCase.php --> ftp.sobrafo.org.br /public_html/zendLibrary/Zend/Controller/Request HttpTestCase.php
2011.07.26 22:46 B F:\xampp\htdocs\zendLibrary\Zend\Controller\Request\Simple.php --> ftp.sobrafo.org.br /public_html/zendLibrary/Zend/Controller/Request Simple.php
2011.07.26 22:46 B F:\xampp\htdocs\zendLibrary\Zend\Controller\Request\WS_FTP.LOG --> ftp.sobrafo.org.br /public_html/zendLibrary/Zend/Controller/Request WS_FTP.LOG
2011.08.05 01:02 B F:\xampp\htdocs\ZendLibrary\Zend\Controller\Request\WS_FTP.LOG --> ftp.portalridgid.com.br /public_html/zendLibrary/Zend/Controller/Request WS_FTP.LOG
2011.08.09 16:56 B F:\xampp\htdocs\ZendLibrary\Zend\Controller\Request\Abstract.php --> ftp.amfar.com.br /public_html/ZendLibrary/Zend/Controller/Request Abstract.php
2011.08.09 16:56 B F:\xampp\htdocs\ZendLibrary\Zend\Controller\Request\Apache404.php --> ftp.amfar.com.br /public_html/ZendLibrary/Zend/Controller/Request Apache404.php
2011.08.09 16:56 B F:\xampp\htdocs\ZendLibrary\Zend\Controller\Request\Exception.php --> ftp.amfar.com.br /public_html/ZendLibrary/Zend/Controller/Request Exception.php
2011.08.09 16:56 B F:\xampp\htdocs\ZendLibrary\Zend\Controller\Request\Http.php --> ftp.amfar.com.br /public_html/ZendLibrary/Zend/Controller/Request Http.php
2011.08.09 16:56 B F:\xampp\htdocs\ZendLibrary\Zend\Controller\Request\HttpTestCase.php --> ftp.amfar.com.br /public_html/ZendLibrary/Zend/Controller/Request HttpTestCase.php
2011.08.09 16:56 B F:\xampp\htdocs\ZendLibrary\Zend\Controller\Request\Simple.php --> ftp.amfar.com.br /public_html/ZendLibrary/Zend/Controller/Request Simple.php
