2010.05.06 01:05 B X:\portalridgid\newproducts\themes\base\ui.base.css --> ftp.portalridgid.com.br /public_html/newproducts/themes/base ui.base.css
2010.05.06 01:05 B X:\portalridgid\newproducts\themes\base\ui.theme.css --> ftp.portalridgid.com.br /public_html/newproducts/themes/base ui.theme.css
2010.05.06 01:05 B X:\portalridgid\newproducts\themes\base\ui.tabs.css --> ftp.portalridgid.com.br /public_html/newproducts/themes/base ui.tabs.css
2010.05.06 01:05 B X:\portalridgid\newproducts\themes\base\ui.slider.css --> ftp.portalridgid.com.br /public_html/newproducts/themes/base ui.slider.css
2010.05.06 01:05 B X:\portalridgid\newproducts\themes\base\ui.resizable.css --> ftp.portalridgid.com.br /public_html/newproducts/themes/base ui.resizable.css
2010.05.06 01:05 B X:\portalridgid\newproducts\themes\base\ui.progressbar.css --> ftp.portalridgid.com.br /public_html/newproducts/themes/base ui.progressbar.css
2010.05.06 01:05 B X:\portalridgid\newproducts\themes\base\ui.dialog.css --> ftp.portalridgid.com.br /public_html/newproducts/themes/base ui.dialog.css
2010.05.06 01:05 B X:\portalridgid\newproducts\themes\base\ui.datepicker.css --> ftp.portalridgid.com.br /public_html/newproducts/themes/base ui.datepicker.css
2010.05.06 01:05 B X:\portalridgid\newproducts\themes\base\ui.core.css --> ftp.portalridgid.com.br /public_html/newproducts/themes/base ui.core.css
2010.05.06 01:05 B X:\portalridgid\newproducts\themes\base\ui.all.css --> ftp.portalridgid.com.br /public_html/newproducts/themes/base ui.all.css
2010.05.06 01:05 B X:\portalridgid\newproducts\themes\base\ui.accordion.css --> ftp.portalridgid.com.br /public_html/newproducts/themes/base ui.accordion.css
2010.07.07 02:43 B X:\radiofone\admin\themes\base\ui.accordion.css --> ftp.radiofone.com.br /public_html/radiofone/rfadm/themes/base ui.accordion.css
2010.07.07 02:43 B X:\radiofone\admin\themes\base\ui.all.css --> ftp.radiofone.com.br /public_html/radiofone/rfadm/themes/base ui.all.css
2010.07.07 02:43 B X:\radiofone\admin\themes\base\ui.base.css --> ftp.radiofone.com.br /public_html/radiofone/rfadm/themes/base ui.base.css
2010.07.07 02:43 B X:\radiofone\admin\themes\base\ui.core.css --> ftp.radiofone.com.br /public_html/radiofone/rfadm/themes/base ui.core.css
2010.07.07 02:43 B X:\radiofone\admin\themes\base\ui.datepicker.css --> ftp.radiofone.com.br /public_html/radiofone/rfadm/themes/base ui.datepicker.css
2010.07.07 02:43 B X:\radiofone\admin\themes\base\ui.dialog.css --> ftp.radiofone.com.br /public_html/radiofone/rfadm/themes/base ui.dialog.css
2010.07.07 02:43 B X:\radiofone\admin\themes\base\ui.progressbar.css --> ftp.radiofone.com.br /public_html/radiofone/rfadm/themes/base ui.progressbar.css
2010.07.07 02:43 B X:\radiofone\admin\themes\base\ui.resizable.css --> ftp.radiofone.com.br /public_html/radiofone/rfadm/themes/base ui.resizable.css
2010.07.07 02:43 B X:\radiofone\admin\themes\base\ui.slider.css --> ftp.radiofone.com.br /public_html/radiofone/rfadm/themes/base ui.slider.css
2010.07.07 02:43 B X:\radiofone\admin\themes\base\ui.tabs.css --> ftp.radiofone.com.br /public_html/radiofone/rfadm/themes/base ui.tabs.css
2010.07.07 02:43 B X:\radiofone\admin\themes\base\ui.theme.css --> ftp.radiofone.com.br /public_html/radiofone/rfadm/themes/base ui.theme.css
2010.07.07 02:43 B X:\radiofone\admin\themes\base\WS_FTP.LOG --> ftp.radiofone.com.br /public_html/radiofone/rfadm/themes/base WS_FTP.LOG
2010.08.05 20:39 B X:\radiofone\rfadm\themes\base\WS_FTP.LOG --> ftp.radiofone.com.br /public_html/radiofone/rfadm/themes/base WS_FTP.LOG
2010.08.19 00:53 B X:\radiofone\rfadm\themes\base\WS_FTP.LOG --> ftp.sbrafh.org.br /sbrafh/Web/novosite/themes/base WS_FTP.LOG
2010.08.19 00:53 B X:\radiofone\rfadm\themes\base\ui.datepicker.css --> ftp.sbrafh.org.br /sbrafh/Web/novosite/themes/base ui.datepicker.css
2010.08.19 00:53 B X:\radiofone\rfadm\themes\base\ui.base.css --> ftp.sbrafh.org.br /sbrafh/Web/novosite/themes/base ui.base.css
2010.08.19 00:53 B X:\radiofone\rfadm\themes\base\ui.theme.css --> ftp.sbrafh.org.br /sbrafh/Web/novosite/themes/base ui.theme.css
2010.08.19 00:53 B X:\radiofone\rfadm\themes\base\ui.tabs.css --> ftp.sbrafh.org.br /sbrafh/Web/novosite/themes/base ui.tabs.css
2010.08.19 00:53 B X:\radiofone\rfadm\themes\base\ui.slider.css --> ftp.sbrafh.org.br /sbrafh/Web/novosite/themes/base ui.slider.css
2010.08.19 00:53 B X:\radiofone\rfadm\themes\base\ui.resizable.css --> ftp.sbrafh.org.br /sbrafh/Web/novosite/themes/base ui.resizable.css
2010.08.19 00:53 B X:\radiofone\rfadm\themes\base\ui.progressbar.css --> ftp.sbrafh.org.br /sbrafh/Web/novosite/themes/base ui.progressbar.css
2010.08.19 00:53 B X:\radiofone\rfadm\themes\base\ui.dialog.css --> ftp.sbrafh.org.br /sbrafh/Web/novosite/themes/base ui.dialog.css
2010.08.19 00:53 B X:\radiofone\rfadm\themes\base\ui.core.css --> ftp.sbrafh.org.br /sbrafh/Web/novosite/themes/base ui.core.css
2010.08.19 00:53 B X:\radiofone\rfadm\themes\base\ui.all.css --> ftp.sbrafh.org.br /sbrafh/Web/novosite/themes/base ui.all.css
2010.08.19 00:53 B X:\radiofone\rfadm\themes\base\ui.accordion.css --> ftp.sbrafh.org.br /sbrafh/Web/novosite/themes/base ui.accordion.css
2010.09.09 23:44 B Z:\radiofone\rfadm\themes\base\WS_FTP.LOG --> ftp.radiofone.com.br /public_html/radiofone/rfadm/themes/base WS_FTP.LOG
2011.01.25 01:17 B Z:\radiofone\rfadm\themes\base\ui.accordion.css --> ftp.sobrafo.org.br /public_html/admin/themes/base ui.accordion.css
2011.01.25 01:17 B Z:\radiofone\rfadm\themes\base\ui.all.css --> ftp.sobrafo.org.br /public_html/admin/themes/base ui.all.css
2011.01.25 01:17 B Z:\radiofone\rfadm\themes\base\ui.base.css --> ftp.sobrafo.org.br /public_html/admin/themes/base ui.base.css
2011.01.25 01:17 B Z:\radiofone\rfadm\themes\base\ui.core.css --> ftp.sobrafo.org.br /public_html/admin/themes/base ui.core.css
2011.01.25 01:17 B Z:\radiofone\rfadm\themes\base\ui.datepicker.css --> ftp.sobrafo.org.br /public_html/admin/themes/base ui.datepicker.css
2011.01.25 01:17 B Z:\radiofone\rfadm\themes\base\ui.dialog.css --> ftp.sobrafo.org.br /public_html/admin/themes/base ui.dialog.css
2011.01.25 01:17 B Z:\radiofone\rfadm\themes\base\ui.progressbar.css --> ftp.sobrafo.org.br /public_html/admin/themes/base ui.progressbar.css
2011.01.25 01:17 B Z:\radiofone\rfadm\themes\base\ui.resizable.css --> ftp.sobrafo.org.br /public_html/admin/themes/base ui.resizable.css
2011.01.25 01:17 B Z:\radiofone\rfadm\themes\base\ui.slider.css --> ftp.sobrafo.org.br /public_html/admin/themes/base ui.slider.css
2011.01.25 01:17 B Z:\radiofone\rfadm\themes\base\ui.tabs.css --> ftp.sobrafo.org.br /public_html/admin/themes/base ui.tabs.css
2011.01.25 01:17 B Z:\radiofone\rfadm\themes\base\ui.theme.css --> ftp.sobrafo.org.br /public_html/admin/themes/base ui.theme.css
2011.02.01 03:56 B Z:\sobrafo\webadmin\themes\base\WS_FTP.LOG <-- sobrafo /public_html/admin/themes/base WS_FTP.LOG
2011.02.01 03:57 B Z:\sobrafo\webadmin\themes\base\ui.accordion.css --> ftp.sobrafo.org.br /public_html/webadmin/themes/base ui.accordion.css
2011.02.01 03:57 B Z:\sobrafo\webadmin\themes\base\ui.all.css --> ftp.sobrafo.org.br /public_html/webadmin/themes/base ui.all.css
2011.02.01 03:57 B Z:\sobrafo\webadmin\themes\base\ui.base.css --> ftp.sobrafo.org.br /public_html/webadmin/themes/base ui.base.css
2011.02.01 03:57 B Z:\sobrafo\webadmin\themes\base\ui.core.css --> ftp.sobrafo.org.br /public_html/webadmin/themes/base ui.core.css
2011.02.01 03:57 B Z:\sobrafo\webadmin\themes\base\ui.datepicker.css --> ftp.sobrafo.org.br /public_html/webadmin/themes/base ui.datepicker.css
2011.02.01 03:57 B Z:\sobrafo\webadmin\themes\base\ui.dialog.css --> ftp.sobrafo.org.br /public_html/webadmin/themes/base ui.dialog.css
2011.02.01 03:57 B Z:\sobrafo\webadmin\themes\base\ui.progressbar.css --> ftp.sobrafo.org.br /public_html/webadmin/themes/base ui.progressbar.css
2011.02.01 03:57 B Z:\sobrafo\webadmin\themes\base\ui.resizable.css --> ftp.sobrafo.org.br /public_html/webadmin/themes/base ui.resizable.css
2011.02.01 03:57 B Z:\sobrafo\webadmin\themes\base\ui.slider.css --> ftp.sobrafo.org.br /public_html/webadmin/themes/base ui.slider.css
2011.02.01 03:57 B Z:\sobrafo\webadmin\themes\base\ui.tabs.css --> ftp.sobrafo.org.br /public_html/webadmin/themes/base ui.tabs.css
2011.02.01 03:57 B Z:\sobrafo\webadmin\themes\base\ui.theme.css --> ftp.sobrafo.org.br /public_html/webadmin/themes/base ui.theme.css
2011.02.24 20:40 B E:\web\sobrafo\webadmin\themes\base\WS_FTP.LOG <-- sobrafo /public_html/webadmin/themes/base WS_FTP.LOG
2011.03.18 11:34 B E:\web\sobrafo\webadmin\themes\base\WS_FTP.LOG --> ftp.sbrafh.org.br /sbrafh/Web/congresso/webadmin/themes/base WS_FTP.LOG
2011.03.18 11:34 B E:\web\sobrafo\webadmin\themes\base\ui.theme.css --> ftp.sbrafh.org.br /sbrafh/Web/congresso/webadmin/themes/base ui.theme.css
2011.03.18 11:34 B E:\web\sobrafo\webadmin\themes\base\ui.tabs.css --> ftp.sbrafh.org.br /sbrafh/Web/congresso/webadmin/themes/base ui.tabs.css
2011.03.18 11:34 B E:\web\sobrafo\webadmin\themes\base\ui.slider.css --> ftp.sbrafh.org.br /sbrafh/Web/congresso/webadmin/themes/base ui.slider.css
2011.03.18 11:34 B E:\web\sobrafo\webadmin\themes\base\ui.resizable.css --> ftp.sbrafh.org.br /sbrafh/Web/congresso/webadmin/themes/base ui.resizable.css
2011.03.18 11:34 B E:\web\sobrafo\webadmin\themes\base\ui.progressbar.css --> ftp.sbrafh.org.br /sbrafh/Web/congresso/webadmin/themes/base ui.progressbar.css
2011.03.18 11:34 B E:\web\sobrafo\webadmin\themes\base\ui.dialog.css --> ftp.sbrafh.org.br /sbrafh/Web/congresso/webadmin/themes/base ui.dialog.css
2011.03.18 11:34 B E:\web\sobrafo\webadmin\themes\base\ui.datepicker.css --> ftp.sbrafh.org.br /sbrafh/Web/congresso/webadmin/themes/base ui.datepicker.css
2011.03.18 11:34 B E:\web\sobrafo\webadmin\themes\base\ui.core.css --> ftp.sbrafh.org.br /sbrafh/Web/congresso/webadmin/themes/base ui.core.css
2011.03.18 11:34 B E:\web\sobrafo\webadmin\themes\base\ui.base.css --> ftp.sbrafh.org.br /sbrafh/Web/congresso/webadmin/themes/base ui.base.css
2011.03.18 11:34 B E:\web\sobrafo\webadmin\themes\base\ui.all.css --> ftp.sbrafh.org.br /sbrafh/Web/congresso/webadmin/themes/base ui.all.css
2011.03.18 11:34 B E:\web\sobrafo\webadmin\themes\base\ui.accordion.css --> ftp.sbrafh.org.br /sbrafh/Web/congresso/webadmin/themes/base ui.accordion.css
2011.07.29 21:26 B F:\xampp\htdocs\jsLibrary\themes\base\ui.accordion.css --> ftp.sobrafo.org.br /public_html/jsLibrary/themes/base ui.accordion.css
2011.07.29 21:26 B F:\xampp\htdocs\jsLibrary\themes\base\ui.all.css --> ftp.sobrafo.org.br /public_html/jsLibrary/themes/base ui.all.css
2011.07.29 21:26 B F:\xampp\htdocs\jsLibrary\themes\base\ui.base.css --> ftp.sobrafo.org.br /public_html/jsLibrary/themes/base ui.base.css
2011.07.29 21:26 B F:\xampp\htdocs\jsLibrary\themes\base\ui.core.css --> ftp.sobrafo.org.br /public_html/jsLibrary/themes/base ui.core.css
2011.07.29 21:26 B F:\xampp\htdocs\jsLibrary\themes\base\ui.datepicker.css --> ftp.sobrafo.org.br /public_html/jsLibrary/themes/base ui.datepicker.css
2011.07.29 21:26 B F:\xampp\htdocs\jsLibrary\themes\base\ui.dialog.css --> ftp.sobrafo.org.br /public_html/jsLibrary/themes/base ui.dialog.css
2011.07.29 21:26 B F:\xampp\htdocs\jsLibrary\themes\base\ui.progressbar.css --> ftp.sobrafo.org.br /public_html/jsLibrary/themes/base ui.progressbar.css
2011.07.29 21:26 B F:\xampp\htdocs\jsLibrary\themes\base\ui.resizable.css --> ftp.sobrafo.org.br /public_html/jsLibrary/themes/base ui.resizable.css
2011.07.29 21:26 B F:\xampp\htdocs\jsLibrary\themes\base\ui.slider.css --> ftp.sobrafo.org.br /public_html/jsLibrary/themes/base ui.slider.css
2011.07.29 21:26 B F:\xampp\htdocs\jsLibrary\themes\base\ui.tabs.css --> ftp.sobrafo.org.br /public_html/jsLibrary/themes/base ui.tabs.css
2011.07.29 21:26 B F:\xampp\htdocs\jsLibrary\themes\base\ui.theme.css --> ftp.sobrafo.org.br /public_html/jsLibrary/themes/base ui.theme.css
2011.07.29 21:26 B F:\xampp\htdocs\jsLibrary\themes\base\WS_FTP.LOG --> ftp.sobrafo.org.br /public_html/jsLibrary/themes/base WS_FTP.LOG
2011.08.05 01:09 B F:\xampp\htdocs\jsLibrary\themes\base\ui.accordion.css --> ftp.portalridgid.com.br /public_html/jsLibrary/themes/base ui.accordion.css
2011.08.05 01:09 B F:\xampp\htdocs\jsLibrary\themes\base\ui.all.css --> ftp.portalridgid.com.br /public_html/jsLibrary/themes/base ui.all.css
2011.08.05 01:09 B F:\xampp\htdocs\jsLibrary\themes\base\ui.base.css --> ftp.portalridgid.com.br /public_html/jsLibrary/themes/base ui.base.css
2011.08.05 01:09 B F:\xampp\htdocs\jsLibrary\themes\base\ui.core.css --> ftp.portalridgid.com.br /public_html/jsLibrary/themes/base ui.core.css
2011.08.05 01:09 B F:\xampp\htdocs\jsLibrary\themes\base\ui.datepicker.css --> ftp.portalridgid.com.br /public_html/jsLibrary/themes/base ui.datepicker.css
2011.08.05 01:09 B F:\xampp\htdocs\jsLibrary\themes\base\ui.dialog.css --> ftp.portalridgid.com.br /public_html/jsLibrary/themes/base ui.dialog.css
2011.08.05 01:09 B F:\xampp\htdocs\jsLibrary\themes\base\ui.progressbar.css --> ftp.portalridgid.com.br /public_html/jsLibrary/themes/base ui.progressbar.css
2011.08.05 01:09 B F:\xampp\htdocs\jsLibrary\themes\base\ui.resizable.css --> ftp.portalridgid.com.br /public_html/jsLibrary/themes/base ui.resizable.css
2011.08.05 01:09 B F:\xampp\htdocs\jsLibrary\themes\base\ui.slider.css --> ftp.portalridgid.com.br /public_html/jsLibrary/themes/base ui.slider.css
2011.08.05 01:09 B F:\xampp\htdocs\jsLibrary\themes\base\ui.tabs.css --> ftp.portalridgid.com.br /public_html/jsLibrary/themes/base ui.tabs.css
2011.08.05 01:09 B F:\xampp\htdocs\jsLibrary\themes\base\ui.theme.css --> ftp.portalridgid.com.br /public_html/jsLibrary/themes/base ui.theme.css
2011.08.05 01:09 B F:\xampp\htdocs\jsLibrary\themes\base\WS_FTP.LOG --> ftp.portalridgid.com.br /public_html/jsLibrary/themes/base WS_FTP.LOG
2011.08.09 16:31 B F:\xampp\htdocs\jsLibrary\themes\base\ui.accordion.css --> ftp.amfar.com.br /public_html/jsLibrary/themes/base ui.accordion.css
2011.08.09 16:31 B F:\xampp\htdocs\jsLibrary\themes\base\ui.all.css --> ftp.amfar.com.br /public_html/jsLibrary/themes/base ui.all.css
2011.08.09 16:31 B F:\xampp\htdocs\jsLibrary\themes\base\ui.base.css --> ftp.amfar.com.br /public_html/jsLibrary/themes/base ui.base.css
2011.08.09 16:31 B F:\xampp\htdocs\jsLibrary\themes\base\ui.core.css --> ftp.amfar.com.br /public_html/jsLibrary/themes/base ui.core.css
2011.08.09 16:31 B F:\xampp\htdocs\jsLibrary\themes\base\ui.datepicker.css --> ftp.amfar.com.br /public_html/jsLibrary/themes/base ui.datepicker.css
2011.08.09 16:31 B F:\xampp\htdocs\jsLibrary\themes\base\ui.dialog.css --> ftp.amfar.com.br /public_html/jsLibrary/themes/base ui.dialog.css
2011.08.09 16:31 B F:\xampp\htdocs\jsLibrary\themes\base\ui.progressbar.css --> ftp.amfar.com.br /public_html/jsLibrary/themes/base ui.progressbar.css
2011.08.09 16:31 B F:\xampp\htdocs\jsLibrary\themes\base\ui.resizable.css --> ftp.amfar.com.br /public_html/jsLibrary/themes/base ui.resizable.css
2011.08.09 16:31 B F:\xampp\htdocs\jsLibrary\themes\base\ui.slider.css --> ftp.amfar.com.br /public_html/jsLibrary/themes/base ui.slider.css
2011.08.09 16:31 B F:\xampp\htdocs\jsLibrary\themes\base\ui.tabs.css --> ftp.amfar.com.br /public_html/jsLibrary/themes/base ui.tabs.css
2011.08.09 16:31 B F:\xampp\htdocs\jsLibrary\themes\base\ui.theme.css --> ftp.amfar.com.br /public_html/jsLibrary/themes/base ui.theme.css
