2010.03.11 21:36 B X:\suporte\html2pdf\credits.txt --> josecarlos.net.br /domains/josecarlos.net.br/public_html/suporte/html2pdf credits.txt
2010.03.11 21:36 B X:\suporte\html2pdf\fpdf.php --> josecarlos.net.br /domains/josecarlos.net.br/public_html/suporte/html2pdf fpdf.php
2010.03.11 21:36 B X:\suporte\html2pdf\gif.php --> josecarlos.net.br /domains/josecarlos.net.br/public_html/suporte/html2pdf gif.php
2010.03.11 21:36 B X:\suporte\html2pdf\html2fpdf.php --> josecarlos.net.br /domains/josecarlos.net.br/public_html/suporte/html2pdf html2fpdf.php
2010.03.11 21:36 B X:\suporte\html2pdf\htmltoolkit.php --> josecarlos.net.br /domains/josecarlos.net.br/public_html/suporte/html2pdf htmltoolkit.php
2010.03.11 21:36 B X:\suporte\html2pdf\license.txt --> josecarlos.net.br /domains/josecarlos.net.br/public_html/suporte/html2pdf license.txt
2010.03.11 21:36 B X:\suporte\html2pdf\no_img.gif --> josecarlos.net.br /domains/josecarlos.net.br/public_html/suporte/html2pdf no_img.gif
2010.03.11 21:36 B X:\suporte\html2pdf\source2doc.php --> josecarlos.net.br /domains/josecarlos.net.br/public_html/suporte/html2pdf source2doc.php
2010.03.11 21:54 B X:\suporte\html2pdf\html2fpdf.php --> josecarlos.net.br /domains/josecarlos.net.br/public_html/suporte/html2pdf html2fpdf.php
2010.03.11 21:54 B X:\suporte\html2pdf\html2fpdf.php --> josecarlos.net.br /domains/josecarlos.net.br/public_html/suporte/html2pdf html2fpdf.php
2010.03.11 21:57 B X:\suporte\html2pdf\html2fpdf.php --> josecarlos.net.br /domains/josecarlos.net.br/public_html/suporte/html2pdf html2fpdf.php
2010.03.11 21:57 B X:\suporte\html2pdf\html2fpdf.php --> josecarlos.net.br /domains/josecarlos.net.br/public_html/suporte/html2pdf html2fpdf.php
2010.03.12 22:31 B X:\suporte\html2pdf\fpdf.css --> josecarlos.net.br /domains/josecarlos.net.br/public_html/suporte/html2pdf fpdf.css
2010.03.12 22:33 B X:\suporte\html2pdf\html2fpdf.php --> josecarlos.net.br /domains/josecarlos.net.br/public_html/suporte/html2pdf html2fpdf.php
2010.03.12 22:34 B X:\suporte\html2pdf\html2fpdf.php --> josecarlos.net.br /domains/josecarlos.net.br/public_html/suporte/html2pdf html2fpdf.php
2010.03.12 22:37 B X:\suporte\html2pdf\html2fpdf.php --> josecarlos.net.br /domains/josecarlos.net.br/public_html/suporte/html2pdf html2fpdf.php
2010.03.12 23:11 B X:\suporte\html2pdf\html2fpdf.php --> josecarlos.net.br /domains/josecarlos.net.br/public_html/suporte/html2pdf html2fpdf.php
2010.03.12 23:18 B X:\suporte\html2pdf\html2fpdf.php --> josecarlos.net.br /domains/josecarlos.net.br/public_html/suporte/html2pdf html2fpdf.php
2010.03.12 23:19 B X:\suporte\html2pdf\html2fpdf.php --> josecarlos.net.br /domains/josecarlos.net.br/public_html/suporte/html2pdf html2fpdf.php
2010.03.12 23:26 B X:\suporte\html2pdf\html2fpdf.php --> josecarlos.net.br /domains/josecarlos.net.br/public_html/suporte/html2pdf html2fpdf.php
2010.03.12 23:27 B X:\suporte\html2pdf\html2fpdf.php --> josecarlos.net.br /domains/josecarlos.net.br/public_html/suporte/html2pdf html2fpdf.php
2010.03.12 23:30 B X:\suporte\html2pdf\html2fpdf.php --> josecarlos.net.br /domains/josecarlos.net.br/public_html/suporte/html2pdf html2fpdf.php
2010.03.12 23:31 B X:\suporte\html2pdf\html2fpdf.php --> josecarlos.net.br /domains/josecarlos.net.br/public_html/suporte/html2pdf html2fpdf.php
2010.03.12 23:32 B X:\suporte\html2pdf\html2fpdf.php --> josecarlos.net.br /domains/josecarlos.net.br/public_html/suporte/html2pdf html2fpdf.php
2010.03.12 23:34 B X:\suporte\html2pdf\html2fpdf.php --> josecarlos.net.br /domains/josecarlos.net.br/public_html/suporte/html2pdf html2fpdf.php
2010.03.12 23:35 B X:\suporte\html2pdf\html2fpdf.php --> josecarlos.net.br /domains/josecarlos.net.br/public_html/suporte/html2pdf html2fpdf.php
2010.03.12 23:36 B X:\suporte\html2pdf\html2fpdf.php --> josecarlos.net.br /domains/josecarlos.net.br/public_html/suporte/html2pdf html2fpdf.php
2010.03.12 23:36 B X:\suporte\html2pdf\html2fpdf.php --> josecarlos.net.br /domains/josecarlos.net.br/public_html/suporte/html2pdf html2fpdf.php
2010.03.12 23:37 B X:\suporte\html2pdf\html2fpdf.php --> josecarlos.net.br /domains/josecarlos.net.br/public_html/suporte/html2pdf html2fpdf.php
2010.03.12 23:38 B X:\suporte\html2pdf\html2fpdf.php --> josecarlos.net.br /domains/josecarlos.net.br/public_html/suporte/html2pdf html2fpdf.php
2010.03.12 23:39 B X:\suporte\html2pdf\html2fpdf.php --> josecarlos.net.br /domains/josecarlos.net.br/public_html/suporte/html2pdf html2fpdf.php
2010.03.12 23:40 B X:\suporte\html2pdf\html2fpdf.php --> josecarlos.net.br /domains/josecarlos.net.br/public_html/suporte/html2pdf html2fpdf.php
2010.03.12 23:42 B X:\suporte\html2pdf\fpdf.css --> josecarlos.net.br /domains/josecarlos.net.br/public_html/suporte/html2pdf fpdf.css
2010.03.12 23:43 B X:\suporte\html2pdf\html2fpdf.php --> josecarlos.net.br /domains/josecarlos.net.br/public_html/suporte/html2pdf html2fpdf.php
2010.03.12 23:44 B X:\suporte\html2pdf\html2fpdf.php --> josecarlos.net.br /domains/josecarlos.net.br/public_html/suporte/html2pdf html2fpdf.php
2010.03.12 23:45 B X:\suporte\html2pdf\html2fpdf.php --> josecarlos.net.br /domains/josecarlos.net.br/public_html/suporte/html2pdf html2fpdf.php
2010.03.12 23:45 B X:\suporte\html2pdf\fpdf.css --> josecarlos.net.br /domains/josecarlos.net.br/public_html/suporte/html2pdf fpdf.css
2010.03.12 23:46 B X:\suporte\html2pdf\fpdf.css --> josecarlos.net.br /domains/josecarlos.net.br/public_html/suporte/html2pdf fpdf.css
2010.03.12 23:48 B X:\suporte\html2pdf\fpdf.css --> josecarlos.net.br /domains/josecarlos.net.br/public_html/suporte/html2pdf fpdf.css
2010.03.12 23:49 B X:\suporte\html2pdf\fpdf.css --> josecarlos.net.br /domains/josecarlos.net.br/public_html/suporte/html2pdf fpdf.css
2010.03.12 23:49 B X:\suporte\html2pdf\fpdf.css --> josecarlos.net.br /domains/josecarlos.net.br/public_html/suporte/html2pdf fpdf.css
2010.03.12 23:50 B X:\suporte\html2pdf\fpdf.css --> josecarlos.net.br /domains/josecarlos.net.br/public_html/suporte/html2pdf fpdf.css
2010.03.12 23:53 B X:\suporte\html2pdf\html2fpdf.php --> josecarlos.net.br /domains/josecarlos.net.br/public_html/suporte/html2pdf html2fpdf.php
2010.03.12 23:56 B X:\suporte\html2pdf\html2fpdf.php --> josecarlos.net.br /domains/josecarlos.net.br/public_html/suporte/html2pdf html2fpdf.php
2010.03.12 23:57 B X:\suporte\html2pdf\html2fpdf.php --> josecarlos.net.br /domains/josecarlos.net.br/public_html/suporte/html2pdf html2fpdf.php
2010.03.12 23:58 B X:\suporte\html2pdf\html2fpdf.php --> josecarlos.net.br /domains/josecarlos.net.br/public_html/suporte/html2pdf html2fpdf.php
2010.03.12 23:59 B X:\suporte\html2pdf\html2fpdf.php --> josecarlos.net.br /domains/josecarlos.net.br/public_html/suporte/html2pdf html2fpdf.php
2010.03.13 01:05 B X:\suporte\html2pdf\html2fpdf.php --> josecarlos.net.br /domains/josecarlos.net.br/public_html/suporte/html2pdf html2fpdf.php
2010.03.13 01:06 B X:\suporte\html2pdf\html2fpdf.php --> josecarlos.net.br /domains/josecarlos.net.br/public_html/suporte/html2pdf html2fpdf.php
2010.03.13 01:07 B X:\suporte\html2pdf\html2fpdf.php --> josecarlos.net.br /domains/josecarlos.net.br/public_html/suporte/html2pdf html2fpdf.php
2010.03.13 01:08 B X:\suporte\html2pdf\html2fpdf.php --> josecarlos.net.br /domains/josecarlos.net.br/public_html/suporte/html2pdf html2fpdf.php
2010.03.13 01:10 B X:\suporte\html2pdf\html2fpdf.php --> josecarlos.net.br /domains/josecarlos.net.br/public_html/suporte/html2pdf html2fpdf.php
2010.03.13 01:11 B X:\suporte\html2pdf\html2fpdf.php --> josecarlos.net.br /domains/josecarlos.net.br/public_html/suporte/html2pdf html2fpdf.php
2010.03.13 01:13 B X:\suporte\html2pdf\html2fpdf.php --> josecarlos.net.br /domains/josecarlos.net.br/public_html/suporte/html2pdf html2fpdf.php
2010.03.13 01:13 B X:\suporte\html2pdf\fpdf.php --> josecarlos.net.br /domains/josecarlos.net.br/public_html/suporte/html2pdf fpdf.php
2010.03.13 01:14 B X:\suporte\html2pdf\fpdf.php --> josecarlos.net.br /domains/josecarlos.net.br/public_html/suporte/html2pdf fpdf.php
2010.03.13 02:24 B X:\suporte\html2pdf\html2fpdf.php --> josecarlos.net.br /domains/josecarlos.net.br/public_html/suporte/html2pdf html2fpdf.php
2010.03.13 02:24 B X:\suporte\html2pdf\fpdf.php --> josecarlos.net.br /domains/josecarlos.net.br/public_html/suporte/html2pdf fpdf.php
2010.03.13 02:25 B X:\suporte\html2pdf\html2fpdf.php --> josecarlos.net.br /domains/josecarlos.net.br/public_html/suporte/html2pdf html2fpdf.php
2010.03.13 02:25 B X:\suporte\html2pdf\fpdf.php --> josecarlos.net.br /domains/josecarlos.net.br/public_html/suporte/html2pdf fpdf.php
2010.07.07 02:41 B X:\radiofone\admin\html2pdf\credits.txt --> ftp.radiofone.com.br /public_html/radiofone/rfadm/html2pdf credits.txt
2010.07.07 02:41 B X:\radiofone\admin\html2pdf\fpdf.css --> ftp.radiofone.com.br /public_html/radiofone/rfadm/html2pdf fpdf.css
2010.07.07 02:41 B X:\radiofone\admin\html2pdf\fpdf.php --> ftp.radiofone.com.br /public_html/radiofone/rfadm/html2pdf fpdf.php
2010.07.07 02:41 B X:\radiofone\admin\html2pdf\gif.php --> ftp.radiofone.com.br /public_html/radiofone/rfadm/html2pdf gif.php
2010.07.07 02:41 B X:\radiofone\admin\html2pdf\html2fpdf.php --> ftp.radiofone.com.br /public_html/radiofone/rfadm/html2pdf html2fpdf.php
2010.07.07 02:41 B X:\radiofone\admin\html2pdf\htmltoolkit.php --> ftp.radiofone.com.br /public_html/radiofone/rfadm/html2pdf htmltoolkit.php
2010.07.07 02:41 B X:\radiofone\admin\html2pdf\license.txt --> ftp.radiofone.com.br /public_html/radiofone/rfadm/html2pdf license.txt
2010.07.07 02:41 B X:\radiofone\admin\html2pdf\no_img.gif --> ftp.radiofone.com.br /public_html/radiofone/rfadm/html2pdf no_img.gif
2010.07.07 02:41 B X:\radiofone\admin\html2pdf\source2doc.php --> ftp.radiofone.com.br /public_html/radiofone/rfadm/html2pdf source2doc.php
2010.07.07 02:41 B X:\radiofone\admin\html2pdf\Thumbs.db --> ftp.radiofone.com.br /public_html/radiofone/rfadm/html2pdf Thumbs.db
2010.07.07 02:41 B X:\radiofone\admin\html2pdf\WS_FTP.LOG --> ftp.radiofone.com.br /public_html/radiofone/rfadm/html2pdf WS_FTP.LOG
2010.08.05 15:24 B X:\radiofone\rfadm\html2pdf\html2fpdf.php --> ftp.radiofone.com.br /public_html/radiofone/rfadm/html2pdf html2fpdf.php
2011.05.04 03:24 B F:\radiofone\rfadm\html2pdf\WS_FTP.LOG <-- radiofone /public_html/radiofone/rfadm/html2pdf WS_FTP.LOG
2011.08.24 14:24 B F:\xampp\htdocs\radiofone\ZFRFAdm\application\classes\html2fpdf\credits.txt --> ftp.radiofone.com.br /public_html/radiofone/ZFRFAdm/application/classes/html2fpdf credits.txt
2011.08.24 14:24 B F:\xampp\htdocs\radiofone\ZFRFAdm\application\classes\html2fpdf\fpdf.css --> ftp.radiofone.com.br /public_html/radiofone/ZFRFAdm/application/classes/html2fpdf fpdf.css
2011.08.24 14:24 B F:\xampp\htdocs\radiofone\ZFRFAdm\application\classes\html2fpdf\fpdf.php --> ftp.radiofone.com.br /public_html/radiofone/ZFRFAdm/application/classes/html2fpdf fpdf.php
2011.08.24 14:24 B F:\xampp\htdocs\radiofone\ZFRFAdm\application\classes\html2fpdf\gif.php --> ftp.radiofone.com.br /public_html/radiofone/ZFRFAdm/application/classes/html2fpdf gif.php
2011.08.24 14:24 B F:\xampp\htdocs\radiofone\ZFRFAdm\application\classes\html2fpdf\html2fpdf.php --> ftp.radiofone.com.br /public_html/radiofone/ZFRFAdm/application/classes/html2fpdf html2fpdf.php
2011.08.24 14:24 B F:\xampp\htdocs\radiofone\ZFRFAdm\application\classes\html2fpdf\htmltoolkit.php --> ftp.radiofone.com.br /public_html/radiofone/ZFRFAdm/application/classes/html2fpdf htmltoolkit.php
2011.08.24 14:24 B F:\xampp\htdocs\radiofone\ZFRFAdm\application\classes\html2fpdf\license.txt --> ftp.radiofone.com.br /public_html/radiofone/ZFRFAdm/application/classes/html2fpdf license.txt
2011.08.24 14:24 B F:\xampp\htdocs\radiofone\ZFRFAdm\application\classes\html2fpdf\no_img.gif --> ftp.radiofone.com.br /public_html/radiofone/ZFRFAdm/application/classes/html2fpdf no_img.gif
2011.08.24 14:24 B F:\xampp\htdocs\radiofone\ZFRFAdm\application\classes\html2fpdf\source2doc.php --> ftp.radiofone.com.br /public_html/radiofone/ZFRFAdm/application/classes/html2fpdf source2doc.php
2011.08.24 14:24 B F:\xampp\htdocs\radiofone\ZFRFAdm\application\classes\html2fpdf\Thumbs.db --> ftp.radiofone.com.br /public_html/radiofone/ZFRFAdm/application/classes/html2fpdf Thumbs.db
2011.08.24 14:24 B F:\xampp\htdocs\radiofone\ZFRFAdm\application\classes\html2fpdf\WS_FTP.LOG --> ftp.radiofone.com.br /public_html/radiofone/ZFRFAdm/application/classes/html2fpdf WS_FTP.LOG
2011.08.24 15:28 B F:\xampp\htdocs\radiofone\ZFRFAdm\application\classes\html2fpdf\credits.txt --> ftp.radiofone.com.br /public_html/radiofone/ZFRFAdm/application/classes/html2fpdf credits.txt
2011.08.24 15:28 B F:\xampp\htdocs\radiofone\ZFRFAdm\application\classes\html2fpdf\fpdf.css --> ftp.radiofone.com.br /public_html/radiofone/ZFRFAdm/application/classes/html2fpdf fpdf.css
2011.08.24 15:28 B F:\xampp\htdocs\radiofone\ZFRFAdm\application\classes\html2fpdf\fpdf.php --> ftp.radiofone.com.br /public_html/radiofone/ZFRFAdm/application/classes/html2fpdf fpdf.php
2011.08.24 15:28 B F:\xampp\htdocs\radiofone\ZFRFAdm\application\classes\html2fpdf\gif.php --> ftp.radiofone.com.br /public_html/radiofone/ZFRFAdm/application/classes/html2fpdf gif.php
2011.08.24 15:28 B F:\xampp\htdocs\radiofone\ZFRFAdm\application\classes\html2fpdf\html2fpdf.php --> ftp.radiofone.com.br /public_html/radiofone/ZFRFAdm/application/classes/html2fpdf html2fpdf.php
2011.08.24 15:28 B F:\xampp\htdocs\radiofone\ZFRFAdm\application\classes\html2fpdf\htmltoolkit.php --> ftp.radiofone.com.br /public_html/radiofone/ZFRFAdm/application/classes/html2fpdf htmltoolkit.php
2011.08.24 15:28 B F:\xampp\htdocs\radiofone\ZFRFAdm\application\classes\html2fpdf\license.txt --> ftp.radiofone.com.br /public_html/radiofone/ZFRFAdm/application/classes/html2fpdf license.txt
2011.08.24 15:28 B F:\xampp\htdocs\radiofone\ZFRFAdm\application\classes\html2fpdf\no_img.gif --> ftp.radiofone.com.br /public_html/radiofone/ZFRFAdm/application/classes/html2fpdf no_img.gif
2011.08.24 15:28 B F:\xampp\htdocs\radiofone\ZFRFAdm\application\classes\html2fpdf\source2doc.php --> ftp.radiofone.com.br /public_html/radiofone/ZFRFAdm/application/classes/html2fpdf source2doc.php
2011.08.24 15:28 B F:\xampp\htdocs\radiofone\ZFRFAdm\application\classes\html2fpdf\Thumbs.db --> ftp.radiofone.com.br /public_html/radiofone/ZFRFAdm/application/classes/html2fpdf Thumbs.db
2011.08.24 15:28 B F:\xampp\htdocs\radiofone\ZFRFAdm\application\classes\html2fpdf\WS_FTP.LOG --> ftp.radiofone.com.br /public_html/radiofone/ZFRFAdm/application/classes/html2fpdf WS_FTP.LOG
2011.08.24 15:34 B F:\xampp\htdocs\radiofone\ZFRFAdm\application\classes\html2fpdf\credits.txt --> ftp.radiofone.com.br /public_html/radiofone/ZFRFAdm/application/classes/html2fpdf credits.txt
2011.08.24 15:34 B F:\xampp\htdocs\radiofone\ZFRFAdm\application\classes\html2fpdf\fpdf.css --> ftp.radiofone.com.br /public_html/radiofone/ZFRFAdm/application/classes/html2fpdf fpdf.css
2011.08.24 15:34 B F:\xampp\htdocs\radiofone\ZFRFAdm\application\classes\html2fpdf\fpdf.php --> ftp.radiofone.com.br /public_html/radiofone/ZFRFAdm/application/classes/html2fpdf fpdf.php
2011.08.24 15:34 B F:\xampp\htdocs\radiofone\ZFRFAdm\application\classes\html2fpdf\gif.php --> ftp.radiofone.com.br /public_html/radiofone/ZFRFAdm/application/classes/html2fpdf gif.php
2011.08.24 15:34 B F:\xampp\htdocs\radiofone\ZFRFAdm\application\classes\html2fpdf\html2fpdf.php --> ftp.radiofone.com.br /public_html/radiofone/ZFRFAdm/application/classes/html2fpdf html2fpdf.php
2011.08.24 15:34 B F:\xampp\htdocs\radiofone\ZFRFAdm\application\classes\html2fpdf\htmltoolkit.php --> ftp.radiofone.com.br /public_html/radiofone/ZFRFAdm/application/classes/html2fpdf htmltoolkit.php
2011.08.24 15:34 B F:\xampp\htdocs\radiofone\ZFRFAdm\application\classes\html2fpdf\license.txt --> ftp.radiofone.com.br /public_html/radiofone/ZFRFAdm/application/classes/html2fpdf license.txt
2011.08.24 15:34 B F:\xampp\htdocs\radiofone\ZFRFAdm\application\classes\html2fpdf\no_img.gif --> ftp.radiofone.com.br /public_html/radiofone/ZFRFAdm/application/classes/html2fpdf no_img.gif
2011.08.24 15:34 B F:\xampp\htdocs\radiofone\ZFRFAdm\application\classes\html2fpdf\source2doc.php --> ftp.radiofone.com.br /public_html/radiofone/ZFRFAdm/application/classes/html2fpdf source2doc.php
2011.08.24 15:51 B F:\xampp\htdocs\radiofone\ZFRFAdm\application\classes\html2fpdf\credits.txt --> ftp.radiofone.com.br /public_html/radiofone/cp/ZFRFAdm/application/classes/html2fpdf credits.txt
2011.08.24 15:51 B F:\xampp\htdocs\radiofone\ZFRFAdm\application\classes\html2fpdf\fpdf.css --> ftp.radiofone.com.br /public_html/radiofone/cp/ZFRFAdm/application/classes/html2fpdf fpdf.css
2011.08.24 15:51 B F:\xampp\htdocs\radiofone\ZFRFAdm\application\classes\html2fpdf\fpdf.php --> ftp.radiofone.com.br /public_html/radiofone/cp/ZFRFAdm/application/classes/html2fpdf fpdf.php
2011.08.24 15:51 B F:\xampp\htdocs\radiofone\ZFRFAdm\application\classes\html2fpdf\gif.php --> ftp.radiofone.com.br /public_html/radiofone/cp/ZFRFAdm/application/classes/html2fpdf gif.php
2011.08.24 15:51 B F:\xampp\htdocs\radiofone\ZFRFAdm\application\classes\html2fpdf\html2fpdf.php --> ftp.radiofone.com.br /public_html/radiofone/cp/ZFRFAdm/application/classes/html2fpdf html2fpdf.php
2011.08.24 15:51 B F:\xampp\htdocs\radiofone\ZFRFAdm\application\classes\html2fpdf\htmltoolkit.php --> ftp.radiofone.com.br /public_html/radiofone/cp/ZFRFAdm/application/classes/html2fpdf htmltoolkit.php
2011.08.24 15:51 B F:\xampp\htdocs\radiofone\ZFRFAdm\application\classes\html2fpdf\license.txt --> ftp.radiofone.com.br /public_html/radiofone/cp/ZFRFAdm/application/classes/html2fpdf license.txt
2011.08.24 15:51 B F:\xampp\htdocs\radiofone\ZFRFAdm\application\classes\html2fpdf\no_img.gif --> ftp.radiofone.com.br /public_html/radiofone/cp/ZFRFAdm/application/classes/html2fpdf no_img.gif
2011.08.24 15:51 B F:\xampp\htdocs\radiofone\ZFRFAdm\application\classes\html2fpdf\source2doc.php --> ftp.radiofone.com.br /public_html/radiofone/cp/ZFRFAdm/application/classes/html2fpdf source2doc.php
2011.08.24 15:51 B F:\xampp\htdocs\radiofone\ZFRFAdm\application\classes\html2fpdf\Thumbs.db --> ftp.radiofone.com.br /public_html/radiofone/cp/ZFRFAdm/application/classes/html2fpdf Thumbs.db
2011.08.24 15:51 B F:\xampp\htdocs\radiofone\ZFRFAdm\application\classes\html2fpdf\WS_FTP.LOG --> ftp.radiofone.com.br /public_html/radiofone/cp/ZFRFAdm/application/classes/html2fpdf WS_FTP.LOG
2011.08.29 05:10 B F:\xampp\htdocs\radiofone\ZFRFAdm\application\classes\html2fpdf\html2fpdf.php --> ftp.radiofone.com.br /public_html/radiofone/cp/ZRFAdm/application/classes/html2fpdf html2fpdf.php
2012.01.24 19:24 B F:\xampp\htdocs\marmar\application\classes\html2fpdf\credits.txt --> graficamarmar.com.br /htdocs/wgadm/application/classes/html2fpdf credits.txt
2012.01.24 19:24 B F:\xampp\htdocs\marmar\application\classes\html2fpdf\fpdf.css --> graficamarmar.com.br /htdocs/wgadm/application/classes/html2fpdf fpdf.css
2012.01.24 19:24 B F:\xampp\htdocs\marmar\application\classes\html2fpdf\fpdf.php --> graficamarmar.com.br /htdocs/wgadm/application/classes/html2fpdf fpdf.php
2012.01.24 19:24 B F:\xampp\htdocs\marmar\application\classes\html2fpdf\gif.php --> graficamarmar.com.br /htdocs/wgadm/application/classes/html2fpdf gif.php
2012.01.24 19:24 B F:\xampp\htdocs\marmar\application\classes\html2fpdf\html2fpdf.php --> graficamarmar.com.br /htdocs/wgadm/application/classes/html2fpdf html2fpdf.php
2012.01.24 19:24 B F:\xampp\htdocs\marmar\application\classes\html2fpdf\htmltoolkit.php --> graficamarmar.com.br /htdocs/wgadm/application/classes/html2fpdf htmltoolkit.php
2012.01.24 19:24 B F:\xampp\htdocs\marmar\application\classes\html2fpdf\license.txt --> graficamarmar.com.br /htdocs/wgadm/application/classes/html2fpdf license.txt
2012.01.24 19:24 B F:\xampp\htdocs\marmar\application\classes\html2fpdf\no_img.gif --> graficamarmar.com.br /htdocs/wgadm/application/classes/html2fpdf no_img.gif
2012.01.24 19:24 B F:\xampp\htdocs\marmar\application\classes\html2fpdf\source2doc.php --> graficamarmar.com.br /htdocs/wgadm/application/classes/html2fpdf source2doc.php
2012.01.24 19:24 B F:\xampp\htdocs\marmar\application\classes\html2fpdf\Thumbs.db --> graficamarmar.com.br /htdocs/wgadm/application/classes/html2fpdf Thumbs.db
2012.01.24 19:24 B F:\xampp\htdocs\marmar\application\classes\html2fpdf\WS_FTP.LOG --> graficamarmar.com.br /htdocs/wgadm/application/classes/html2fpdf WS_FTP.LOG
2012.02.08 17:56 B F:\xampp\htdocs\marmar\application\classes\html2fpdf\credits.txt --> graficamarmar.hospedagemdesites.ws /public_html/wgadm/application/classes/html2fpdf credits.txt
2012.02.08 17:56 B F:\xampp\htdocs\marmar\application\classes\html2fpdf\fpdf.css --> graficamarmar.hospedagemdesites.ws /public_html/wgadm/application/classes/html2fpdf fpdf.css
2012.02.08 17:56 B F:\xampp\htdocs\marmar\application\classes\html2fpdf\fpdf.php --> graficamarmar.hospedagemdesites.ws /public_html/wgadm/application/classes/html2fpdf fpdf.php
2012.02.08 17:56 B F:\xampp\htdocs\marmar\application\classes\html2fpdf\gif.php --> graficamarmar.hospedagemdesites.ws /public_html/wgadm/application/classes/html2fpdf gif.php
2012.02.08 17:56 B F:\xampp\htdocs\marmar\application\classes\html2fpdf\html2fpdf.php --> graficamarmar.hospedagemdesites.ws /public_html/wgadm/application/classes/html2fpdf html2fpdf.php
2012.02.08 17:56 B F:\xampp\htdocs\marmar\application\classes\html2fpdf\htmltoolkit.php --> graficamarmar.hospedagemdesites.ws /public_html/wgadm/application/classes/html2fpdf htmltoolkit.php
2012.02.08 17:56 B F:\xampp\htdocs\marmar\application\classes\html2fpdf\license.txt --> graficamarmar.hospedagemdesites.ws /public_html/wgadm/application/classes/html2fpdf license.txt
2012.02.08 17:56 B F:\xampp\htdocs\marmar\application\classes\html2fpdf\no_img.gif --> graficamarmar.hospedagemdesites.ws /public_html/wgadm/application/classes/html2fpdf no_img.gif
2012.02.08 17:56 B F:\xampp\htdocs\marmar\application\classes\html2fpdf\source2doc.php --> graficamarmar.hospedagemdesites.ws /public_html/wgadm/application/classes/html2fpdf source2doc.php
2012.02.08 17:56 B F:\xampp\htdocs\marmar\application\classes\html2fpdf\Thumbs.db --> graficamarmar.hospedagemdesites.ws /public_html/wgadm/application/classes/html2fpdf Thumbs.db
2012.02.08 17:56 B F:\xampp\htdocs\marmar\application\classes\html2fpdf\WS_FTP.LOG --> graficamarmar.hospedagemdesites.ws /public_html/wgadm/application/classes/html2fpdf WS_FTP.LOG
2012.06.06 02:03 B F:\xampp\htdocs\sbrafh\novosite\application\classes\html2fpdf\fpdf.php --> ftp.sbrafh.org.br /public_html/site/application/classes/html2fpdf fpdf.php
2012.06.06 02:03 B F:\xampp\htdocs\sbrafh\novosite\application\classes\html2fpdf\WS_FTP.LOG --> ftp.sbrafh.org.br /public_html/site/application/classes/html2fpdf WS_FTP.LOG
2012.06.06 02:03 B F:\xampp\htdocs\sbrafh\novosite\application\classes\html2fpdf\html2fpdf.php --> ftp.sbrafh.org.br /public_html/site/application/classes/html2fpdf html2fpdf.php
2012.06.06 02:03 B F:\xampp\htdocs\sbrafh\novosite\application\classes\html2fpdf\Thumbs.db --> ftp.sbrafh.org.br /public_html/site/application/classes/html2fpdf Thumbs.db
2012.06.06 02:03 B F:\xampp\htdocs\sbrafh\novosite\application\classes\html2fpdf\source2doc.php --> ftp.sbrafh.org.br /public_html/site/application/classes/html2fpdf source2doc.php
2012.06.06 02:03 B F:\xampp\htdocs\sbrafh\novosite\application\classes\html2fpdf\no_img.gif --> ftp.sbrafh.org.br /public_html/site/application/classes/html2fpdf no_img.gif
2012.06.06 02:03 B F:\xampp\htdocs\sbrafh\novosite\application\classes\html2fpdf\license.txt --> ftp.sbrafh.org.br /public_html/site/application/classes/html2fpdf license.txt
2012.06.06 02:03 B F:\xampp\htdocs\sbrafh\novosite\application\classes\html2fpdf\htmltoolkit.php --> ftp.sbrafh.org.br /public_html/site/application/classes/html2fpdf htmltoolkit.php
2012.06.06 02:03 B F:\xampp\htdocs\sbrafh\novosite\application\classes\html2fpdf\gif.php --> ftp.sbrafh.org.br /public_html/site/application/classes/html2fpdf gif.php
2012.06.06 02:03 B F:\xampp\htdocs\sbrafh\novosite\application\classes\html2fpdf\fpdf.css --> ftp.sbrafh.org.br /public_html/site/application/classes/html2fpdf fpdf.css
2012.06.06 02:03 B F:\xampp\htdocs\sbrafh\novosite\application\classes\html2fpdf\credits.txt --> ftp.sbrafh.org.br /public_html/site/application/classes/html2fpdf credits.txt
2012.06.06 02:03 B F:\xampp\htdocs\sbrafh\novosite\application\classes\html2fpdf\funcoes_bradesco.php --> ftp.sbrafh.org.br /public_html/site/application/classes/html2fpdf funcoes_bradesco.php
2012.06.07 15:17 B F:\xampp\htdocs\sbrafh\novosite\application\classes\html2fpdf\fpdf.php --> ftp.sbrafh.org.br /public_html/site/application/classes/html2fpdf fpdf.php
2012.06.07 15:27 B F:\xampp\htdocs\sbrafh\novosite\application\classes\html2fpdf\fpdf.php --> ftp.sbrafh.org.br /public_html/site/application/classes/html2fpdf fpdf.php
2012.06.07 15:27 B F:\xampp\htdocs\sbrafh\novosite\application\classes\html2fpdf\fpdf.php --> ftp.sbrafh.org.br /public_html/site/application/classes/html2fpdf fpdf.php
2012.06.07 15:28 B F:\xampp\htdocs\sbrafh\novosite\application\classes\html2fpdf\fpdf.php --> ftp.sbrafh.org.br /public_html/site/application/classes/html2fpdf fpdf.php
2012.06.07 15:30 B F:\xampp\htdocs\sbrafh\novosite\application\classes\html2fpdf\fpdf.php --> ftp.sbrafh.org.br /public_html/site/application/classes/html2fpdf fpdf.php
2013.01.03 13:56 B F:\xampp\htdocs\amfar\site\application\classes\html2fpdf\credits.txt --> ftp.amfar.com.br /public_html/site/application/classes/html2fpdf credits.txt
2013.01.03 13:56 B F:\xampp\htdocs\amfar\site\application\classes\html2fpdf\fpdf.css --> ftp.amfar.com.br /public_html/site/application/classes/html2fpdf fpdf.css
2013.01.03 13:56 B F:\xampp\htdocs\amfar\site\application\classes\html2fpdf\fpdf.php --> ftp.amfar.com.br /public_html/site/application/classes/html2fpdf fpdf.php
2013.01.03 13:56 B F:\xampp\htdocs\amfar\site\application\classes\html2fpdf\gif.php --> ftp.amfar.com.br /public_html/site/application/classes/html2fpdf gif.php
2013.01.03 13:56 B F:\xampp\htdocs\amfar\site\application\classes\html2fpdf\html2fpdf.php --> ftp.amfar.com.br /public_html/site/application/classes/html2fpdf html2fpdf.php
2013.01.03 13:56 B F:\xampp\htdocs\amfar\site\application\classes\html2fpdf\htmltoolkit.php --> ftp.amfar.com.br /public_html/site/application/classes/html2fpdf htmltoolkit.php
2013.01.03 13:56 B F:\xampp\htdocs\amfar\site\application\classes\html2fpdf\license.txt --> ftp.amfar.com.br /public_html/site/application/classes/html2fpdf license.txt
2013.01.03 13:56 B F:\xampp\htdocs\amfar\site\application\classes\html2fpdf\no_img.gif --> ftp.amfar.com.br /public_html/site/application/classes/html2fpdf no_img.gif
2013.01.03 13:56 B F:\xampp\htdocs\amfar\site\application\classes\html2fpdf\source2doc.php --> ftp.amfar.com.br /public_html/site/application/classes/html2fpdf source2doc.php
2013.01.03 13:56 B F:\xampp\htdocs\amfar\site\application\classes\html2fpdf\Thumbs.db --> ftp.amfar.com.br /public_html/site/application/classes/html2fpdf Thumbs.db
