2011.06.20 18:37 B F:\xampp\htdocs\zf-tutorial\library\Zend\Gdata\Calendar\EventEntry.php --> ftp.portalridgid.com.br /public_html/zf-tutorial/library/Zend/Gdata/Calendar EventEntry.php
2011.06.20 18:37 B F:\xampp\htdocs\zf-tutorial\library\Zend\Gdata\Calendar\EventFeed.php --> ftp.portalridgid.com.br /public_html/zf-tutorial/library/Zend/Gdata/Calendar EventFeed.php
2011.06.20 18:37 B F:\xampp\htdocs\zf-tutorial\library\Zend\Gdata\Calendar\EventQuery.php --> ftp.portalridgid.com.br /public_html/zf-tutorial/library/Zend/Gdata/Calendar EventQuery.php
2011.06.20 18:37 B F:\xampp\htdocs\zf-tutorial\library\Zend\Gdata\Calendar\ListEntry.php --> ftp.portalridgid.com.br /public_html/zf-tutorial/library/Zend/Gdata/Calendar ListEntry.php
2011.06.20 18:37 B F:\xampp\htdocs\zf-tutorial\library\Zend\Gdata\Calendar\ListFeed.php --> ftp.portalridgid.com.br /public_html/zf-tutorial/library/Zend/Gdata/Calendar ListFeed.php
2011.06.30 03:36 B F:\xampp\htdocs\zendLibrary\Zend\Gdata\Calendar\WS_FTP.LOG --> ftp.sbrafh.org.br /sbrafh/Web/zendLibrary/Zend/Gdata/Calendar WS_FTP.LOG
2011.06.30 03:36 B F:\xampp\htdocs\zendLibrary\Zend\Gdata\Calendar\EventQuery.php --> ftp.sbrafh.org.br /sbrafh/Web/zendLibrary/Zend/Gdata/Calendar EventQuery.php
2011.06.30 03:36 B F:\xampp\htdocs\zendLibrary\Zend\Gdata\Calendar\ListFeed.php --> ftp.sbrafh.org.br /sbrafh/Web/zendLibrary/Zend/Gdata/Calendar ListFeed.php
2011.06.30 03:36 B F:\xampp\htdocs\zendLibrary\Zend\Gdata\Calendar\ListEntry.php --> ftp.sbrafh.org.br /sbrafh/Web/zendLibrary/Zend/Gdata/Calendar ListEntry.php
2011.06.30 03:36 B F:\xampp\htdocs\zendLibrary\Zend\Gdata\Calendar\EventFeed.php --> ftp.sbrafh.org.br /sbrafh/Web/zendLibrary/Zend/Gdata/Calendar EventFeed.php
2011.06.30 03:36 B F:\xampp\htdocs\zendLibrary\Zend\Gdata\Calendar\EventEntry.php --> ftp.sbrafh.org.br /sbrafh/Web/zendLibrary/Zend/Gdata/Calendar EventEntry.php
2011.07.08 23:50 B F:\xampp\htdocs\zendLibrary\Zend\Gdata\Calendar\EventEntry.php --> ftp.radiofone.com.br /public_html/radiofone/zendLibrary/Zend/Gdata/Calendar EventEntry.php
2011.07.08 23:50 B F:\xampp\htdocs\zendLibrary\Zend\Gdata\Calendar\EventFeed.php --> ftp.radiofone.com.br /public_html/radiofone/zendLibrary/Zend/Gdata/Calendar EventFeed.php
2011.07.08 23:50 B F:\xampp\htdocs\zendLibrary\Zend\Gdata\Calendar\EventQuery.php --> ftp.radiofone.com.br /public_html/radiofone/zendLibrary/Zend/Gdata/Calendar EventQuery.php
2011.07.08 23:50 B F:\xampp\htdocs\zendLibrary\Zend\Gdata\Calendar\ListEntry.php --> ftp.radiofone.com.br /public_html/radiofone/zendLibrary/Zend/Gdata/Calendar ListEntry.php
2011.07.08 23:50 B F:\xampp\htdocs\zendLibrary\Zend\Gdata\Calendar\ListFeed.php --> ftp.radiofone.com.br /public_html/radiofone/zendLibrary/Zend/Gdata/Calendar ListFeed.php
2011.07.08 23:50 B F:\xampp\htdocs\zendLibrary\Zend\Gdata\Calendar\WS_FTP.LOG --> ftp.radiofone.com.br /public_html/radiofone/zendLibrary/Zend/Gdata/Calendar WS_FTP.LOG
2011.07.09 00:47 B F:\xampp\htdocs\zendLibrary\Zend\Gdata\Calendar\WS_FTP.LOG --> ftp.radiofone.com.br /public_html/radiofone/zendLibrary/Zend/Gdata/Calendar WS_FTP.LOG
2011.07.26 22:51 B F:\xampp\htdocs\zendLibrary\Zend\Gdata\Calendar\EventEntry.php --> ftp.sobrafo.org.br /public_html/zendLibrary/Zend/Gdata/Calendar EventEntry.php
2011.07.26 22:51 B F:\xampp\htdocs\zendLibrary\Zend\Gdata\Calendar\EventFeed.php --> ftp.sobrafo.org.br /public_html/zendLibrary/Zend/Gdata/Calendar EventFeed.php
2011.07.26 22:51 B F:\xampp\htdocs\zendLibrary\Zend\Gdata\Calendar\EventQuery.php --> ftp.sobrafo.org.br /public_html/zendLibrary/Zend/Gdata/Calendar EventQuery.php
2011.07.26 22:51 B F:\xampp\htdocs\zendLibrary\Zend\Gdata\Calendar\ListEntry.php --> ftp.sobrafo.org.br /public_html/zendLibrary/Zend/Gdata/Calendar ListEntry.php
2011.07.26 22:51 B F:\xampp\htdocs\zendLibrary\Zend\Gdata\Calendar\ListFeed.php --> ftp.sobrafo.org.br /public_html/zendLibrary/Zend/Gdata/Calendar ListFeed.php
2011.07.26 22:51 B F:\xampp\htdocs\zendLibrary\Zend\Gdata\Calendar\WS_FTP.LOG --> ftp.sobrafo.org.br /public_html/zendLibrary/Zend/Gdata/Calendar WS_FTP.LOG
2011.08.09 17:01 B F:\xampp\htdocs\ZendLibrary\Zend\Gdata\Calendar\EventEntry.php --> ftp.amfar.com.br /public_html/ZendLibrary/Zend/Gdata/Calendar EventEntry.php
2011.08.09 17:01 B F:\xampp\htdocs\ZendLibrary\Zend\Gdata\Calendar\EventFeed.php --> ftp.amfar.com.br /public_html/ZendLibrary/Zend/Gdata/Calendar EventFeed.php
2011.08.09 17:01 B F:\xampp\htdocs\ZendLibrary\Zend\Gdata\Calendar\EventQuery.php --> ftp.amfar.com.br /public_html/ZendLibrary/Zend/Gdata/Calendar EventQuery.php
2011.08.09 17:01 B F:\xampp\htdocs\ZendLibrary\Zend\Gdata\Calendar\ListEntry.php --> ftp.amfar.com.br /public_html/ZendLibrary/Zend/Gdata/Calendar ListEntry.php
2011.08.09 17:01 B F:\xampp\htdocs\ZendLibrary\Zend\Gdata\Calendar\ListFeed.php --> ftp.amfar.com.br /public_html/ZendLibrary/Zend/Gdata/Calendar ListFeed.php
