2011.06.20 18:33 B F:\xampp\htdocs\zf-tutorial\library\Zend\Db\Statement\Db2.php --> ftp.portalridgid.com.br /public_html/zf-tutorial/library/Zend/Db/Statement Db2.php
2011.06.20 18:33 B F:\xampp\htdocs\zf-tutorial\library\Zend\Db\Statement\Exception.php --> ftp.portalridgid.com.br /public_html/zf-tutorial/library/Zend/Db/Statement Exception.php
2011.06.20 18:33 B F:\xampp\htdocs\zf-tutorial\library\Zend\Db\Statement\Interface.php --> ftp.portalridgid.com.br /public_html/zf-tutorial/library/Zend/Db/Statement Interface.php
2011.06.20 18:33 B F:\xampp\htdocs\zf-tutorial\library\Zend\Db\Statement\Mysqli.php --> ftp.portalridgid.com.br /public_html/zf-tutorial/library/Zend/Db/Statement Mysqli.php
2011.06.20 18:33 B F:\xampp\htdocs\zf-tutorial\library\Zend\Db\Statement\Oracle.php --> ftp.portalridgid.com.br /public_html/zf-tutorial/library/Zend/Db/Statement Oracle.php
2011.06.20 18:33 B F:\xampp\htdocs\zf-tutorial\library\Zend\Db\Statement\Pdo.php --> ftp.portalridgid.com.br /public_html/zf-tutorial/library/Zend/Db/Statement Pdo.php
2011.06.20 18:33 B F:\xampp\htdocs\zf-tutorial\library\Zend\Db\Statement\Sqlsrv.php --> ftp.portalridgid.com.br /public_html/zf-tutorial/library/Zend/Db/Statement Sqlsrv.php
2011.06.30 03:41 B F:\xampp\htdocs\zendLibrary\Zend\Db\Statement\WS_FTP.LOG --> ftp.sbrafh.org.br /sbrafh/Web/zendLibrary/Zend/Db/Statement WS_FTP.LOG
2011.06.30 03:41 B F:\xampp\htdocs\zendLibrary\Zend\Db\Statement\Oracle.php --> ftp.sbrafh.org.br /sbrafh/Web/zendLibrary/Zend/Db/Statement Oracle.php
2011.06.30 03:41 B F:\xampp\htdocs\zendLibrary\Zend\Db\Statement\Sqlsrv.php --> ftp.sbrafh.org.br /sbrafh/Web/zendLibrary/Zend/Db/Statement Sqlsrv.php
2011.06.30 03:41 B F:\xampp\htdocs\zendLibrary\Zend\Db\Statement\Pdo.php --> ftp.sbrafh.org.br /sbrafh/Web/zendLibrary/Zend/Db/Statement Pdo.php
2011.06.30 03:41 B F:\xampp\htdocs\zendLibrary\Zend\Db\Statement\Mysqli.php --> ftp.sbrafh.org.br /sbrafh/Web/zendLibrary/Zend/Db/Statement Mysqli.php
2011.06.30 03:41 B F:\xampp\htdocs\zendLibrary\Zend\Db\Statement\Interface.php --> ftp.sbrafh.org.br /sbrafh/Web/zendLibrary/Zend/Db/Statement Interface.php
2011.06.30 03:41 B F:\xampp\htdocs\zendLibrary\Zend\Db\Statement\Exception.php --> ftp.sbrafh.org.br /sbrafh/Web/zendLibrary/Zend/Db/Statement Exception.php
2011.06.30 03:41 B F:\xampp\htdocs\zendLibrary\Zend\Db\Statement\Db2.php --> ftp.sbrafh.org.br /sbrafh/Web/zendLibrary/Zend/Db/Statement Db2.php
2011.07.08 23:46 B F:\xampp\htdocs\zendLibrary\Zend\Db\Statement\Db2.php --> ftp.radiofone.com.br /public_html/radiofone/zendLibrary/Zend/Db/Statement Db2.php
2011.07.08 23:46 B F:\xampp\htdocs\zendLibrary\Zend\Db\Statement\Exception.php --> ftp.radiofone.com.br /public_html/radiofone/zendLibrary/Zend/Db/Statement Exception.php
2011.07.08 23:46 B F:\xampp\htdocs\zendLibrary\Zend\Db\Statement\Interface.php --> ftp.radiofone.com.br /public_html/radiofone/zendLibrary/Zend/Db/Statement Interface.php
2011.07.08 23:46 B F:\xampp\htdocs\zendLibrary\Zend\Db\Statement\Mysqli.php --> ftp.radiofone.com.br /public_html/radiofone/zendLibrary/Zend/Db/Statement Mysqli.php
2011.07.08 23:46 B F:\xampp\htdocs\zendLibrary\Zend\Db\Statement\Oracle.php --> ftp.radiofone.com.br /public_html/radiofone/zendLibrary/Zend/Db/Statement Oracle.php
2011.07.08 23:46 B F:\xampp\htdocs\zendLibrary\Zend\Db\Statement\Pdo.php --> ftp.radiofone.com.br /public_html/radiofone/zendLibrary/Zend/Db/Statement Pdo.php
2011.07.08 23:46 B F:\xampp\htdocs\zendLibrary\Zend\Db\Statement\Sqlsrv.php --> ftp.radiofone.com.br /public_html/radiofone/zendLibrary/Zend/Db/Statement Sqlsrv.php
2011.07.08 23:46 B F:\xampp\htdocs\zendLibrary\Zend\Db\Statement\WS_FTP.LOG --> ftp.radiofone.com.br /public_html/radiofone/zendLibrary/Zend/Db/Statement WS_FTP.LOG
2011.07.26 22:47 B F:\xampp\htdocs\zendLibrary\Zend\Db\Statement\Db2.php --> ftp.sobrafo.org.br /public_html/zendLibrary/Zend/Db/Statement Db2.php
2011.07.26 22:47 B F:\xampp\htdocs\zendLibrary\Zend\Db\Statement\Exception.php --> ftp.sobrafo.org.br /public_html/zendLibrary/Zend/Db/Statement Exception.php
2011.07.26 22:47 B F:\xampp\htdocs\zendLibrary\Zend\Db\Statement\Interface.php --> ftp.sobrafo.org.br /public_html/zendLibrary/Zend/Db/Statement Interface.php
2011.07.26 22:47 B F:\xampp\htdocs\zendLibrary\Zend\Db\Statement\Mysqli.php --> ftp.sobrafo.org.br /public_html/zendLibrary/Zend/Db/Statement Mysqli.php
2011.07.26 22:47 B F:\xampp\htdocs\zendLibrary\Zend\Db\Statement\Oracle.php --> ftp.sobrafo.org.br /public_html/zendLibrary/Zend/Db/Statement Oracle.php
2011.07.26 22:47 B F:\xampp\htdocs\zendLibrary\Zend\Db\Statement\Pdo.php --> ftp.sobrafo.org.br /public_html/zendLibrary/Zend/Db/Statement Pdo.php
2011.07.26 22:47 B F:\xampp\htdocs\zendLibrary\Zend\Db\Statement\Sqlsrv.php --> ftp.sobrafo.org.br /public_html/zendLibrary/Zend/Db/Statement Sqlsrv.php
2011.07.26 22:47 B F:\xampp\htdocs\zendLibrary\Zend\Db\Statement\WS_FTP.LOG --> ftp.sobrafo.org.br /public_html/zendLibrary/Zend/Db/Statement WS_FTP.LOG
2011.08.09 16:57 B F:\xampp\htdocs\ZendLibrary\Zend\Db\Statement\Db2.php --> ftp.amfar.com.br /public_html/ZendLibrary/Zend/Db/Statement Db2.php
2011.08.09 16:57 B F:\xampp\htdocs\ZendLibrary\Zend\Db\Statement\Exception.php --> ftp.amfar.com.br /public_html/ZendLibrary/Zend/Db/Statement Exception.php
2011.08.09 16:57 B F:\xampp\htdocs\ZendLibrary\Zend\Db\Statement\Interface.php --> ftp.amfar.com.br /public_html/ZendLibrary/Zend/Db/Statement Interface.php
2011.08.09 16:57 B F:\xampp\htdocs\ZendLibrary\Zend\Db\Statement\Mysqli.php --> ftp.amfar.com.br /public_html/ZendLibrary/Zend/Db/Statement Mysqli.php
2011.08.09 16:57 B F:\xampp\htdocs\ZendLibrary\Zend\Db\Statement\Oracle.php --> ftp.amfar.com.br /public_html/ZendLibrary/Zend/Db/Statement Oracle.php
2011.08.09 16:57 B F:\xampp\htdocs\ZendLibrary\Zend\Db\Statement\Pdo.php --> ftp.amfar.com.br /public_html/ZendLibrary/Zend/Db/Statement Pdo.php
2011.08.09 16:57 B F:\xampp\htdocs\ZendLibrary\Zend\Db\Statement\Sqlsrv.php --> ftp.amfar.com.br /public_html/ZendLibrary/Zend/Db/Statement Sqlsrv.php
2011.08.09 16:57 B F:\xampp\htdocs\ZendLibrary\Zend\Db\Statement\WS_FTP.LOG --> ftp.amfar.com.br /public_html/ZendLibrary/Zend/Db/Statement WS_FTP.LOG
2011.08.22 21:00 B X:\xampp\htdocs\ZendLibrary\Zend\Db\Statement\Db2.php --> ftp.jairodepaula.com.br /jairodepaula/web/ZendLibrary/Zend/Db/Statement Db2.php
2011.08.22 21:00 B X:\xampp\htdocs\ZendLibrary\Zend\Db\Statement\Exception.php --> ftp.jairodepaula.com.br /jairodepaula/web/ZendLibrary/Zend/Db/Statement Exception.php
2011.08.22 21:00 B X:\xampp\htdocs\ZendLibrary\Zend\Db\Statement\Interface.php --> ftp.jairodepaula.com.br /jairodepaula/web/ZendLibrary/Zend/Db/Statement Interface.php
2011.08.22 21:00 B X:\xampp\htdocs\ZendLibrary\Zend\Db\Statement\Mysqli.php --> ftp.jairodepaula.com.br /jairodepaula/web/ZendLibrary/Zend/Db/Statement Mysqli.php
2011.08.22 21:00 B X:\xampp\htdocs\ZendLibrary\Zend\Db\Statement\Oracle.php --> ftp.jairodepaula.com.br /jairodepaula/web/ZendLibrary/Zend/Db/Statement Oracle.php
2011.08.22 21:00 B X:\xampp\htdocs\ZendLibrary\Zend\Db\Statement\Pdo.php --> ftp.jairodepaula.com.br /jairodepaula/web/ZendLibrary/Zend/Db/Statement Pdo.php
2011.08.22 21:00 B X:\xampp\htdocs\ZendLibrary\Zend\Db\Statement\Sqlsrv.php --> ftp.jairodepaula.com.br /jairodepaula/web/ZendLibrary/Zend/Db/Statement Sqlsrv.php
2011.08.22 21:00 B X:\xampp\htdocs\ZendLibrary\Zend\Db\Statement\WS_FTP.LOG --> ftp.jairodepaula.com.br /jairodepaula/web/ZendLibrary/Zend/Db/Statement WS_FTP.LOG
2011.12.31 14:49 B F:\xampp\htdocs\ZendLibrary\Zend\Db\Statement\Db2.php --> ftp.sbrafh.org.br /public_html/ZendLibrary/Zend/Db/Statement Db2.php
2011.12.31 14:49 B F:\xampp\htdocs\ZendLibrary\Zend\Db\Statement\Exception.php --> ftp.sbrafh.org.br /public_html/ZendLibrary/Zend/Db/Statement Exception.php
2011.12.31 14:49 B F:\xampp\htdocs\ZendLibrary\Zend\Db\Statement\Interface.php --> ftp.sbrafh.org.br /public_html/ZendLibrary/Zend/Db/Statement Interface.php
2011.12.31 14:49 B F:\xampp\htdocs\ZendLibrary\Zend\Db\Statement\Mysqli.php --> ftp.sbrafh.org.br /public_html/ZendLibrary/Zend/Db/Statement Mysqli.php
2011.12.31 14:49 B F:\xampp\htdocs\ZendLibrary\Zend\Db\Statement\Oracle.php --> ftp.sbrafh.org.br /public_html/ZendLibrary/Zend/Db/Statement Oracle.php
2011.12.31 14:49 B F:\xampp\htdocs\ZendLibrary\Zend\Db\Statement\Pdo.php --> ftp.sbrafh.org.br /public_html/ZendLibrary/Zend/Db/Statement Pdo.php
2011.12.31 14:49 B F:\xampp\htdocs\ZendLibrary\Zend\Db\Statement\Sqlsrv.php --> ftp.sbrafh.org.br /public_html/ZendLibrary/Zend/Db/Statement Sqlsrv.php
2011.12.31 14:49 B F:\xampp\htdocs\ZendLibrary\Zend\Db\Statement\WS_FTP.LOG --> ftp.sbrafh.org.br /public_html/ZendLibrary/Zend/Db/Statement WS_FTP.LOG
2012.01.06 03:18 B F:\xampp\htdocs\ZendLibrary\Zend\Db\Statement\Db2.php --> ftp461.locaweb.com.br /ridgid/web/ZendLibrary/Zend/Db/Statement Db2.php
2012.01.06 03:18 B F:\xampp\htdocs\ZendLibrary\Zend\Db\Statement\Exception.php --> ftp461.locaweb.com.br /ridgid/web/ZendLibrary/Zend/Db/Statement Exception.php
2012.01.06 03:19 B F:\xampp\htdocs\ZendLibrary\Zend\Db\Statement\Interface.php --> ftp461.locaweb.com.br /ridgid/web/ZendLibrary/Zend/Db/Statement Interface.php
2012.01.06 03:19 B F:\xampp\htdocs\ZendLibrary\Zend\Db\Statement\Mysqli.php --> ftp461.locaweb.com.br /ridgid/web/ZendLibrary/Zend/Db/Statement Mysqli.php
2012.01.06 03:19 B F:\xampp\htdocs\ZendLibrary\Zend\Db\Statement\Oracle.php --> ftp461.locaweb.com.br /ridgid/web/ZendLibrary/Zend/Db/Statement Oracle.php
2012.01.06 03:19 B F:\xampp\htdocs\ZendLibrary\Zend\Db\Statement\Pdo.php --> ftp461.locaweb.com.br /ridgid/web/ZendLibrary/Zend/Db/Statement Pdo.php
2012.01.06 03:19 B F:\xampp\htdocs\ZendLibrary\Zend\Db\Statement\Sqlsrv.php --> ftp461.locaweb.com.br /ridgid/web/ZendLibrary/Zend/Db/Statement Sqlsrv.php
2012.01.06 03:19 B F:\xampp\htdocs\ZendLibrary\Zend\Db\Statement\WS_FTP.LOG --> ftp461.locaweb.com.br /ridgid/web/ZendLibrary/Zend/Db/Statement WS_FTP.LOG
2012.01.24 17:34 B F:\xampp\htdocs\ZendLibrary\Zend\Db\Statement\Db2.php --> graficamarmar.com.br /htdocs/ZendLibrary/Zend/Db/Statement Db2.php
2012.01.24 17:34 B F:\xampp\htdocs\ZendLibrary\Zend\Db\Statement\Exception.php --> graficamarmar.com.br /htdocs/ZendLibrary/Zend/Db/Statement Exception.php
2012.01.24 17:34 B F:\xampp\htdocs\ZendLibrary\Zend\Db\Statement\Interface.php --> graficamarmar.com.br /htdocs/ZendLibrary/Zend/Db/Statement Interface.php
2012.01.24 17:34 B F:\xampp\htdocs\ZendLibrary\Zend\Db\Statement\Mysqli.php --> graficamarmar.com.br /htdocs/ZendLibrary/Zend/Db/Statement Mysqli.php
2012.01.24 17:34 B F:\xampp\htdocs\ZendLibrary\Zend\Db\Statement\Oracle.php --> graficamarmar.com.br /htdocs/ZendLibrary/Zend/Db/Statement Oracle.php
2012.01.24 17:34 B F:\xampp\htdocs\ZendLibrary\Zend\Db\Statement\Pdo.php --> graficamarmar.com.br /htdocs/ZendLibrary/Zend/Db/Statement Pdo.php
2012.01.24 17:34 B F:\xampp\htdocs\ZendLibrary\Zend\Db\Statement\Sqlsrv.php --> graficamarmar.com.br /htdocs/ZendLibrary/Zend/Db/Statement Sqlsrv.php
2012.01.24 17:34 B F:\xampp\htdocs\ZendLibrary\Zend\Db\Statement\WS_FTP.LOG --> graficamarmar.com.br /htdocs/ZendLibrary/Zend/Db/Statement WS_FTP.LOG
2012.02.08 17:06 B F:\xampp\htdocs\ZendLibrary\Zend\Db\Statement\Db2.php --> graficamarmar.hospedagemdesites.ws /public_html/ZendLibrary/Zend/Db/Statement Db2.php
2012.02.08 17:06 B F:\xampp\htdocs\ZendLibrary\Zend\Db\Statement\Exception.php --> graficamarmar.hospedagemdesites.ws /public_html/ZendLibrary/Zend/Db/Statement Exception.php
2012.02.08 17:06 B F:\xampp\htdocs\ZendLibrary\Zend\Db\Statement\Interface.php --> graficamarmar.hospedagemdesites.ws /public_html/ZendLibrary/Zend/Db/Statement Interface.php
2012.02.08 17:06 B F:\xampp\htdocs\ZendLibrary\Zend\Db\Statement\Mysqli.php --> graficamarmar.hospedagemdesites.ws /public_html/ZendLibrary/Zend/Db/Statement Mysqli.php
2012.02.08 17:06 B F:\xampp\htdocs\ZendLibrary\Zend\Db\Statement\Oracle.php --> graficamarmar.hospedagemdesites.ws /public_html/ZendLibrary/Zend/Db/Statement Oracle.php
2012.02.08 17:06 B F:\xampp\htdocs\ZendLibrary\Zend\Db\Statement\Pdo.php --> graficamarmar.hospedagemdesites.ws /public_html/ZendLibrary/Zend/Db/Statement Pdo.php
2012.02.08 17:06 B F:\xampp\htdocs\ZendLibrary\Zend\Db\Statement\Sqlsrv.php --> graficamarmar.hospedagemdesites.ws /public_html/ZendLibrary/Zend/Db/Statement Sqlsrv.php
2012.02.08 17:06 B F:\xampp\htdocs\ZendLibrary\Zend\Db\Statement\WS_FTP.LOG --> graficamarmar.hospedagemdesites.ws /public_html/ZendLibrary/Zend/Db/Statement WS_FTP.LOG
2012.10.29 14:42 B F:\xampp\htdocs\ZendLibrary\Zend\Db\Statement\Db2.php --> 186.202.153.85 /public_html/ZendLibrary/Zend/Db/Statement Db2.php
2012.10.29 14:42 B F:\xampp\htdocs\ZendLibrary\Zend\Db\Statement\Exception.php --> 186.202.153.85 /public_html/ZendLibrary/Zend/Db/Statement Exception.php
2012.10.29 14:42 B F:\xampp\htdocs\ZendLibrary\Zend\Db\Statement\Interface.php --> 186.202.153.85 /public_html/ZendLibrary/Zend/Db/Statement Interface.php
2012.10.29 14:42 B F:\xampp\htdocs\ZendLibrary\Zend\Db\Statement\Mysqli.php --> 186.202.153.85 /public_html/ZendLibrary/Zend/Db/Statement Mysqli.php
2012.10.29 14:42 B F:\xampp\htdocs\ZendLibrary\Zend\Db\Statement\Oracle.php --> 186.202.153.85 /public_html/ZendLibrary/Zend/Db/Statement Oracle.php
2012.10.29 14:42 B F:\xampp\htdocs\ZendLibrary\Zend\Db\Statement\Pdo.php --> 186.202.153.85 /public_html/ZendLibrary/Zend/Db/Statement Pdo.php
2012.10.29 14:42 B F:\xampp\htdocs\ZendLibrary\Zend\Db\Statement\Sqlsrv.php --> 186.202.153.85 /public_html/ZendLibrary/Zend/Db/Statement Sqlsrv.php
2012.10.29 14:42 B F:\xampp\htdocs\ZendLibrary\Zend\Db\Statement\WS_FTP.LOG --> 186.202.153.85 /public_html/ZendLibrary/Zend/Db/Statement WS_FTP.LOG
