2011.06.20 18:31 B F:\xampp\htdocs\zf-tutorial\library\Zend\Cloud\AbstractFactory.php --> ftp.portalridgid.com.br /public_html/zf-tutorial/library/Zend/Cloud AbstractFactory.php
2011.06.20 18:31 B F:\xampp\htdocs\zf-tutorial\library\Zend\Cloud\Exception.php --> ftp.portalridgid.com.br /public_html/zf-tutorial/library/Zend/Cloud Exception.php
2011.06.20 18:31 B F:\xampp\htdocs\zf-tutorial\library\Zend\Cloud\OperationNotAvailableException.php --> ftp.portalridgid.com.br /public_html/zf-tutorial/library/Zend/Cloud OperationNotAvailableException.php
2011.06.30 03:44 B F:\xampp\htdocs\zendLibrary\Zend\Cloud\WS_FTP.LOG --> ftp.sbrafh.org.br /sbrafh/Web/zendLibrary/Zend/Cloud WS_FTP.LOG
2011.06.30 03:44 B F:\xampp\htdocs\zendLibrary\Zend\Cloud\OperationNotAvailableException.php --> ftp.sbrafh.org.br /sbrafh/Web/zendLibrary/Zend/Cloud OperationNotAvailableException.php
2011.06.30 03:44 B F:\xampp\htdocs\zendLibrary\Zend\Cloud\Exception.php --> ftp.sbrafh.org.br /sbrafh/Web/zendLibrary/Zend/Cloud Exception.php
2011.06.30 03:44 B F:\xampp\htdocs\zendLibrary\Zend\Cloud\AbstractFactory.php --> ftp.sbrafh.org.br /sbrafh/Web/zendLibrary/Zend/Cloud AbstractFactory.php
2011.07.08 23:44 B F:\xampp\htdocs\zendLibrary\Zend\Cloud\AbstractFactory.php --> ftp.radiofone.com.br /public_html/radiofone/zendLibrary/Zend/Cloud AbstractFactory.php
2011.07.08 23:44 B F:\xampp\htdocs\zendLibrary\Zend\Cloud\Exception.php --> ftp.radiofone.com.br /public_html/radiofone/zendLibrary/Zend/Cloud Exception.php
2011.07.08 23:44 B F:\xampp\htdocs\zendLibrary\Zend\Cloud\OperationNotAvailableException.php --> ftp.radiofone.com.br /public_html/radiofone/zendLibrary/Zend/Cloud OperationNotAvailableException.php
2011.07.08 23:44 B F:\xampp\htdocs\zendLibrary\Zend\Cloud\WS_FTP.LOG --> ftp.radiofone.com.br /public_html/radiofone/zendLibrary/Zend/Cloud WS_FTP.LOG
2011.07.26 22:45 B F:\xampp\htdocs\zendLibrary\Zend\Cloud\AbstractFactory.php --> ftp.sobrafo.org.br /public_html/zendLibrary/Zend/Cloud AbstractFactory.php
2011.07.26 22:45 B F:\xampp\htdocs\zendLibrary\Zend\Cloud\Exception.php --> ftp.sobrafo.org.br /public_html/zendLibrary/Zend/Cloud Exception.php
2011.07.26 22:45 B F:\xampp\htdocs\zendLibrary\Zend\Cloud\OperationNotAvailableException.php --> ftp.sobrafo.org.br /public_html/zendLibrary/Zend/Cloud OperationNotAvailableException.php
2011.07.26 22:45 B F:\xampp\htdocs\zendLibrary\Zend\Cloud\WS_FTP.LOG --> ftp.sobrafo.org.br /public_html/zendLibrary/Zend/Cloud WS_FTP.LOG
2011.08.05 01:01 B F:\xampp\htdocs\ZendLibrary\Zend\Cloud\WS_FTP.LOG --> ftp.portalridgid.com.br /public_html/zendLibrary/Zend/Cloud WS_FTP.LOG
2011.08.09 16:55 B F:\xampp\htdocs\ZendLibrary\Zend\Cloud\AbstractFactory.php --> ftp.amfar.com.br /public_html/ZendLibrary/Zend/Cloud AbstractFactory.php
2011.08.09 16:55 B F:\xampp\htdocs\ZendLibrary\Zend\Cloud\Exception.php --> ftp.amfar.com.br /public_html/ZendLibrary/Zend/Cloud Exception.php
2011.08.09 16:55 B F:\xampp\htdocs\ZendLibrary\Zend\Cloud\OperationNotAvailableException.php --> ftp.amfar.com.br /public_html/ZendLibrary/Zend/Cloud OperationNotAvailableException.php
2011.08.09 16:55 B F:\xampp\htdocs\ZendLibrary\Zend\Cloud\WS_FTP.LOG --> ftp.amfar.com.br /public_html/ZendLibrary/Zend/Cloud WS_FTP.LOG
2011.08.22 20:57 B X:\xampp\htdocs\ZendLibrary\Zend\Cloud\AbstractFactory.php --> ftp.jairodepaula.com.br /jairodepaula/web/ZendLibrary/Zend/Cloud AbstractFactory.php
2011.08.22 20:57 B X:\xampp\htdocs\ZendLibrary\Zend\Cloud\Exception.php --> ftp.jairodepaula.com.br /jairodepaula/web/ZendLibrary/Zend/Cloud Exception.php
2011.08.22 20:57 B X:\xampp\htdocs\ZendLibrary\Zend\Cloud\OperationNotAvailableException.php --> ftp.jairodepaula.com.br /jairodepaula/web/ZendLibrary/Zend/Cloud OperationNotAvailableException.php
2011.08.22 20:57 B X:\xampp\htdocs\ZendLibrary\Zend\Cloud\WS_FTP.LOG --> ftp.jairodepaula.com.br /jairodepaula/web/ZendLibrary/Zend/Cloud WS_FTP.LOG
2011.12.31 14:47 B F:\xampp\htdocs\ZendLibrary\Zend\Cloud\AbstractFactory.php --> ftp.sbrafh.org.br /public_html/ZendLibrary/Zend/Cloud AbstractFactory.php
2011.12.31 14:47 B F:\xampp\htdocs\ZendLibrary\Zend\Cloud\Exception.php --> ftp.sbrafh.org.br /public_html/ZendLibrary/Zend/Cloud Exception.php
2011.12.31 14:47 B F:\xampp\htdocs\ZendLibrary\Zend\Cloud\OperationNotAvailableException.php --> ftp.sbrafh.org.br /public_html/ZendLibrary/Zend/Cloud OperationNotAvailableException.php
2011.12.31 14:47 B F:\xampp\htdocs\ZendLibrary\Zend\Cloud\WS_FTP.LOG --> ftp.sbrafh.org.br /public_html/ZendLibrary/Zend/Cloud WS_FTP.LOG
2012.01.06 03:16 B F:\xampp\htdocs\ZendLibrary\Zend\Cloud\AbstractFactory.php --> ftp461.locaweb.com.br /ridgid/web/ZendLibrary/Zend/Cloud AbstractFactory.php
2012.01.06 03:16 B F:\xampp\htdocs\ZendLibrary\Zend\Cloud\Exception.php --> ftp461.locaweb.com.br /ridgid/web/ZendLibrary/Zend/Cloud Exception.php
2012.01.06 03:16 B F:\xampp\htdocs\ZendLibrary\Zend\Cloud\OperationNotAvailableException.php --> ftp461.locaweb.com.br /ridgid/web/ZendLibrary/Zend/Cloud OperationNotAvailableException.php
2012.01.06 03:16 B F:\xampp\htdocs\ZendLibrary\Zend\Cloud\WS_FTP.LOG --> ftp461.locaweb.com.br /ridgid/web/ZendLibrary/Zend/Cloud WS_FTP.LOG
2012.01.24 17:30 B F:\xampp\htdocs\ZendLibrary\Zend\Cloud\AbstractFactory.php --> graficamarmar.com.br /htdocs/ZendLibrary/Zend/Cloud AbstractFactory.php
2012.01.24 17:30 B F:\xampp\htdocs\ZendLibrary\Zend\Cloud\Exception.php --> graficamarmar.com.br /htdocs/ZendLibrary/Zend/Cloud Exception.php
2012.01.24 17:30 B F:\xampp\htdocs\ZendLibrary\Zend\Cloud\OperationNotAvailableException.php --> graficamarmar.com.br /htdocs/ZendLibrary/Zend/Cloud OperationNotAvailableException.php
2012.01.24 17:30 B F:\xampp\htdocs\ZendLibrary\Zend\Cloud\WS_FTP.LOG --> graficamarmar.com.br /htdocs/ZendLibrary/Zend/Cloud WS_FTP.LOG
2012.02.08 17:04 B F:\xampp\htdocs\ZendLibrary\Zend\Cloud\AbstractFactory.php --> graficamarmar.hospedagemdesites.ws /public_html/ZendLibrary/Zend/Cloud AbstractFactory.php
2012.02.08 17:04 B F:\xampp\htdocs\ZendLibrary\Zend\Cloud\Exception.php --> graficamarmar.hospedagemdesites.ws /public_html/ZendLibrary/Zend/Cloud Exception.php
2012.02.08 17:04 B F:\xampp\htdocs\ZendLibrary\Zend\Cloud\OperationNotAvailableException.php --> graficamarmar.hospedagemdesites.ws /public_html/ZendLibrary/Zend/Cloud OperationNotAvailableException.php
2012.02.08 17:04 B F:\xampp\htdocs\ZendLibrary\Zend\Cloud\WS_FTP.LOG --> graficamarmar.hospedagemdesites.ws /public_html/ZendLibrary/Zend/Cloud WS_FTP.LOG
2012.10.29 14:41 B F:\xampp\htdocs\ZendLibrary\Zend\Cloud\AbstractFactory.php --> 186.202.153.85 /public_html/ZendLibrary/Zend/Cloud AbstractFactory.php
2012.10.29 14:41 B F:\xampp\htdocs\ZendLibrary\Zend\Cloud\Exception.php --> 186.202.153.85 /public_html/ZendLibrary/Zend/Cloud Exception.php
2012.10.29 14:41 B F:\xampp\htdocs\ZendLibrary\Zend\Cloud\OperationNotAvailableException.php --> 186.202.153.85 /public_html/ZendLibrary/Zend/Cloud OperationNotAvailableException.php
2012.10.29 14:41 B F:\xampp\htdocs\ZendLibrary\Zend\Cloud\WS_FTP.LOG --> 186.202.153.85 /public_html/ZendLibrary/Zend/Cloud WS_FTP.LOG
