2011.06.20 18:51 B F:\xampp\htdocs\zf-tutorial\library\Zend\Service\Amazon\Abstract.php --> ftp.portalridgid.com.br /public_html/zf-tutorial/library/Zend/Service/Amazon Abstract.php
2011.06.20 18:51 B F:\xampp\htdocs\zf-tutorial\library\Zend\Service\Amazon\Accessories.php --> ftp.portalridgid.com.br /public_html/zf-tutorial/library/Zend/Service/Amazon Accessories.php
2011.06.20 18:51 B F:\xampp\htdocs\zf-tutorial\library\Zend\Service\Amazon\Authentication.php --> ftp.portalridgid.com.br /public_html/zf-tutorial/library/Zend/Service/Amazon Authentication.php
2011.06.20 18:51 B F:\xampp\htdocs\zf-tutorial\library\Zend\Service\Amazon\CustomerReview.php --> ftp.portalridgid.com.br /public_html/zf-tutorial/library/Zend/Service/Amazon CustomerReview.php
2011.06.20 18:51 B F:\xampp\htdocs\zf-tutorial\library\Zend\Service\Amazon\Ec2.php --> ftp.portalridgid.com.br /public_html/zf-tutorial/library/Zend/Service/Amazon Ec2.php
2011.06.20 18:51 B F:\xampp\htdocs\zf-tutorial\library\Zend\Service\Amazon\EditorialReview.php --> ftp.portalridgid.com.br /public_html/zf-tutorial/library/Zend/Service/Amazon EditorialReview.php
2011.06.20 18:52 B F:\xampp\htdocs\zf-tutorial\library\Zend\Service\Amazon\Exception.php --> ftp.portalridgid.com.br /public_html/zf-tutorial/library/Zend/Service/Amazon Exception.php
2011.06.20 18:52 B F:\xampp\htdocs\zf-tutorial\library\Zend\Service\Amazon\Image.php --> ftp.portalridgid.com.br /public_html/zf-tutorial/library/Zend/Service/Amazon Image.php
2011.06.20 18:52 B F:\xampp\htdocs\zf-tutorial\library\Zend\Service\Amazon\Item.php --> ftp.portalridgid.com.br /public_html/zf-tutorial/library/Zend/Service/Amazon Item.php
2011.06.20 18:52 B F:\xampp\htdocs\zf-tutorial\library\Zend\Service\Amazon\ListmaniaList.php --> ftp.portalridgid.com.br /public_html/zf-tutorial/library/Zend/Service/Amazon ListmaniaList.php
2011.06.20 18:52 B F:\xampp\htdocs\zf-tutorial\library\Zend\Service\Amazon\Offer.php --> ftp.portalridgid.com.br /public_html/zf-tutorial/library/Zend/Service/Amazon Offer.php
2011.06.20 18:52 B F:\xampp\htdocs\zf-tutorial\library\Zend\Service\Amazon\OfferSet.php --> ftp.portalridgid.com.br /public_html/zf-tutorial/library/Zend/Service/Amazon OfferSet.php
2011.06.20 18:52 B F:\xampp\htdocs\zf-tutorial\library\Zend\Service\Amazon\Query.php --> ftp.portalridgid.com.br /public_html/zf-tutorial/library/Zend/Service/Amazon Query.php
2011.06.20 18:52 B F:\xampp\htdocs\zf-tutorial\library\Zend\Service\Amazon\ResultSet.php --> ftp.portalridgid.com.br /public_html/zf-tutorial/library/Zend/Service/Amazon ResultSet.php
2011.06.20 18:52 B F:\xampp\htdocs\zf-tutorial\library\Zend\Service\Amazon\S3.php --> ftp.portalridgid.com.br /public_html/zf-tutorial/library/Zend/Service/Amazon S3.php
2011.06.20 18:52 B F:\xampp\htdocs\zf-tutorial\library\Zend\Service\Amazon\SimilarProduct.php --> ftp.portalridgid.com.br /public_html/zf-tutorial/library/Zend/Service/Amazon SimilarProduct.php
2011.06.20 18:52 B F:\xampp\htdocs\zf-tutorial\library\Zend\Service\Amazon\SimpleDb.php --> ftp.portalridgid.com.br /public_html/zf-tutorial/library/Zend/Service/Amazon SimpleDb.php
2011.06.20 18:52 B F:\xampp\htdocs\zf-tutorial\library\Zend\Service\Amazon\Sqs.php --> ftp.portalridgid.com.br /public_html/zf-tutorial/library/Zend/Service/Amazon Sqs.php
2011.06.30 03:16 B F:\xampp\htdocs\zendLibrary\Zend\Service\Amazon\WS_FTP.LOG --> ftp.sbrafh.org.br /sbrafh/Web/zendLibrary/Zend/Service/Amazon WS_FTP.LOG
2011.06.30 03:16 B F:\xampp\htdocs\zendLibrary\Zend\Service\Amazon\Sqs.php --> ftp.sbrafh.org.br /sbrafh/Web/zendLibrary/Zend/Service/Amazon Sqs.php
2011.06.30 03:16 B F:\xampp\htdocs\zendLibrary\Zend\Service\Amazon\Ec2.php --> ftp.sbrafh.org.br /sbrafh/Web/zendLibrary/Zend/Service/Amazon Ec2.php
2011.06.30 03:16 B F:\xampp\htdocs\zendLibrary\Zend\Service\Amazon\Abstract.php --> ftp.sbrafh.org.br /sbrafh/Web/zendLibrary/Zend/Service/Amazon Abstract.php
2011.06.30 03:16 B F:\xampp\htdocs\zendLibrary\Zend\Service\Amazon\SimpleDb.php --> ftp.sbrafh.org.br /sbrafh/Web/zendLibrary/Zend/Service/Amazon SimpleDb.php
2011.06.30 03:16 B F:\xampp\htdocs\zendLibrary\Zend\Service\Amazon\SimilarProduct.php --> ftp.sbrafh.org.br /sbrafh/Web/zendLibrary/Zend/Service/Amazon SimilarProduct.php
2011.06.30 03:16 B F:\xampp\htdocs\zendLibrary\Zend\Service\Amazon\S3.php --> ftp.sbrafh.org.br /sbrafh/Web/zendLibrary/Zend/Service/Amazon S3.php
2011.06.30 03:16 B F:\xampp\htdocs\zendLibrary\Zend\Service\Amazon\ResultSet.php --> ftp.sbrafh.org.br /sbrafh/Web/zendLibrary/Zend/Service/Amazon ResultSet.php
2011.06.30 03:16 B F:\xampp\htdocs\zendLibrary\Zend\Service\Amazon\Query.php --> ftp.sbrafh.org.br /sbrafh/Web/zendLibrary/Zend/Service/Amazon Query.php
2011.06.30 03:16 B F:\xampp\htdocs\zendLibrary\Zend\Service\Amazon\OfferSet.php --> ftp.sbrafh.org.br /sbrafh/Web/zendLibrary/Zend/Service/Amazon OfferSet.php
2011.06.30 03:16 B F:\xampp\htdocs\zendLibrary\Zend\Service\Amazon\Offer.php --> ftp.sbrafh.org.br /sbrafh/Web/zendLibrary/Zend/Service/Amazon Offer.php
2011.06.30 03:16 B F:\xampp\htdocs\zendLibrary\Zend\Service\Amazon\ListmaniaList.php --> ftp.sbrafh.org.br /sbrafh/Web/zendLibrary/Zend/Service/Amazon ListmaniaList.php
2011.06.30 03:16 B F:\xampp\htdocs\zendLibrary\Zend\Service\Amazon\Item.php --> ftp.sbrafh.org.br /sbrafh/Web/zendLibrary/Zend/Service/Amazon Item.php
2011.06.30 03:16 B F:\xampp\htdocs\zendLibrary\Zend\Service\Amazon\Image.php --> ftp.sbrafh.org.br /sbrafh/Web/zendLibrary/Zend/Service/Amazon Image.php
2011.06.30 03:16 B F:\xampp\htdocs\zendLibrary\Zend\Service\Amazon\Exception.php --> ftp.sbrafh.org.br /sbrafh/Web/zendLibrary/Zend/Service/Amazon Exception.php
2011.06.30 03:16 B F:\xampp\htdocs\zendLibrary\Zend\Service\Amazon\EditorialReview.php --> ftp.sbrafh.org.br /sbrafh/Web/zendLibrary/Zend/Service/Amazon EditorialReview.php
2011.06.30 03:16 B F:\xampp\htdocs\zendLibrary\Zend\Service\Amazon\CustomerReview.php --> ftp.sbrafh.org.br /sbrafh/Web/zendLibrary/Zend/Service/Amazon CustomerReview.php
2011.06.30 03:16 B F:\xampp\htdocs\zendLibrary\Zend\Service\Amazon\Authentication.php --> ftp.sbrafh.org.br /sbrafh/Web/zendLibrary/Zend/Service/Amazon Authentication.php
2011.06.30 03:16 B F:\xampp\htdocs\zendLibrary\Zend\Service\Amazon\Accessories.php --> ftp.sbrafh.org.br /sbrafh/Web/zendLibrary/Zend/Service/Amazon Accessories.php
2011.07.09 00:18 B F:\xampp\htdocs\zendLibrary\Zend\Service\Amazon\Abstract.php --> ftp.radiofone.com.br /public_html/radiofone/zendLibrary/Zend/Service/Amazon Abstract.php
2011.07.09 00:18 B F:\xampp\htdocs\zendLibrary\Zend\Service\Amazon\Accessories.php --> ftp.radiofone.com.br /public_html/radiofone/zendLibrary/Zend/Service/Amazon Accessories.php
2011.07.09 00:18 B F:\xampp\htdocs\zendLibrary\Zend\Service\Amazon\Authentication.php --> ftp.radiofone.com.br /public_html/radiofone/zendLibrary/Zend/Service/Amazon Authentication.php
2011.07.09 00:18 B F:\xampp\htdocs\zendLibrary\Zend\Service\Amazon\CustomerReview.php --> ftp.radiofone.com.br /public_html/radiofone/zendLibrary/Zend/Service/Amazon CustomerReview.php
2011.07.09 00:18 B F:\xampp\htdocs\zendLibrary\Zend\Service\Amazon\Ec2.php --> ftp.radiofone.com.br /public_html/radiofone/zendLibrary/Zend/Service/Amazon Ec2.php
2011.07.09 00:18 B F:\xampp\htdocs\zendLibrary\Zend\Service\Amazon\EditorialReview.php --> ftp.radiofone.com.br /public_html/radiofone/zendLibrary/Zend/Service/Amazon EditorialReview.php
2011.07.09 00:18 B F:\xampp\htdocs\zendLibrary\Zend\Service\Amazon\Exception.php --> ftp.radiofone.com.br /public_html/radiofone/zendLibrary/Zend/Service/Amazon Exception.php
2011.07.09 00:18 B F:\xampp\htdocs\zendLibrary\Zend\Service\Amazon\Image.php --> ftp.radiofone.com.br /public_html/radiofone/zendLibrary/Zend/Service/Amazon Image.php
2011.07.09 00:18 B F:\xampp\htdocs\zendLibrary\Zend\Service\Amazon\Item.php --> ftp.radiofone.com.br /public_html/radiofone/zendLibrary/Zend/Service/Amazon Item.php
2011.07.09 00:18 B F:\xampp\htdocs\zendLibrary\Zend\Service\Amazon\ListmaniaList.php --> ftp.radiofone.com.br /public_html/radiofone/zendLibrary/Zend/Service/Amazon ListmaniaList.php
2011.07.09 00:18 B F:\xampp\htdocs\zendLibrary\Zend\Service\Amazon\Offer.php --> ftp.radiofone.com.br /public_html/radiofone/zendLibrary/Zend/Service/Amazon Offer.php
2011.07.09 00:18 B F:\xampp\htdocs\zendLibrary\Zend\Service\Amazon\OfferSet.php --> ftp.radiofone.com.br /public_html/radiofone/zendLibrary/Zend/Service/Amazon OfferSet.php
2011.07.09 00:18 B F:\xampp\htdocs\zendLibrary\Zend\Service\Amazon\Query.php --> ftp.radiofone.com.br /public_html/radiofone/zendLibrary/Zend/Service/Amazon Query.php
2011.07.09 00:18 B F:\xampp\htdocs\zendLibrary\Zend\Service\Amazon\ResultSet.php --> ftp.radiofone.com.br /public_html/radiofone/zendLibrary/Zend/Service/Amazon ResultSet.php
2011.07.09 00:18 B F:\xampp\htdocs\zendLibrary\Zend\Service\Amazon\S3.php --> ftp.radiofone.com.br /public_html/radiofone/zendLibrary/Zend/Service/Amazon S3.php
2011.07.09 00:18 B F:\xampp\htdocs\zendLibrary\Zend\Service\Amazon\SimilarProduct.php --> ftp.radiofone.com.br /public_html/radiofone/zendLibrary/Zend/Service/Amazon SimilarProduct.php
2011.07.09 00:18 B F:\xampp\htdocs\zendLibrary\Zend\Service\Amazon\SimpleDb.php --> ftp.radiofone.com.br /public_html/radiofone/zendLibrary/Zend/Service/Amazon SimpleDb.php
2011.07.09 00:18 B F:\xampp\htdocs\zendLibrary\Zend\Service\Amazon\Sqs.php --> ftp.radiofone.com.br /public_html/radiofone/zendLibrary/Zend/Service/Amazon Sqs.php
2011.07.09 00:18 B F:\xampp\htdocs\zendLibrary\Zend\Service\Amazon\WS_FTP.LOG --> ftp.radiofone.com.br /public_html/radiofone/zendLibrary/Zend/Service/Amazon WS_FTP.LOG
2011.07.09 00:52 B F:\xampp\htdocs\zendLibrary\Zend\Service\Amazon\WS_FTP.LOG --> ftp.radiofone.com.br /public_html/radiofone/zendLibrary/Zend/Service/Amazon WS_FTP.LOG
2011.07.26 23:07 B F:\xampp\htdocs\zendLibrary\Zend\Service\Amazon\Abstract.php --> ftp.sobrafo.org.br /public_html/zendLibrary/Zend/Service/Amazon Abstract.php
2011.07.26 23:07 B F:\xampp\htdocs\zendLibrary\Zend\Service\Amazon\Accessories.php --> ftp.sobrafo.org.br /public_html/zendLibrary/Zend/Service/Amazon Accessories.php
2011.07.26 23:07 B F:\xampp\htdocs\zendLibrary\Zend\Service\Amazon\Authentication.php --> ftp.sobrafo.org.br /public_html/zendLibrary/Zend/Service/Amazon Authentication.php
2011.07.26 23:07 B F:\xampp\htdocs\zendLibrary\Zend\Service\Amazon\CustomerReview.php --> ftp.sobrafo.org.br /public_html/zendLibrary/Zend/Service/Amazon CustomerReview.php
2011.07.26 23:07 B F:\xampp\htdocs\zendLibrary\Zend\Service\Amazon\Ec2.php --> ftp.sobrafo.org.br /public_html/zendLibrary/Zend/Service/Amazon Ec2.php
2011.07.26 23:07 B F:\xampp\htdocs\zendLibrary\Zend\Service\Amazon\EditorialReview.php --> ftp.sobrafo.org.br /public_html/zendLibrary/Zend/Service/Amazon EditorialReview.php
2011.07.26 23:07 B F:\xampp\htdocs\zendLibrary\Zend\Service\Amazon\Exception.php --> ftp.sobrafo.org.br /public_html/zendLibrary/Zend/Service/Amazon Exception.php
2011.07.26 23:07 B F:\xampp\htdocs\zendLibrary\Zend\Service\Amazon\Image.php --> ftp.sobrafo.org.br /public_html/zendLibrary/Zend/Service/Amazon Image.php
2011.07.26 23:07 B F:\xampp\htdocs\zendLibrary\Zend\Service\Amazon\Item.php --> ftp.sobrafo.org.br /public_html/zendLibrary/Zend/Service/Amazon Item.php
2011.07.26 23:07 B F:\xampp\htdocs\zendLibrary\Zend\Service\Amazon\ListmaniaList.php --> ftp.sobrafo.org.br /public_html/zendLibrary/Zend/Service/Amazon ListmaniaList.php
2011.07.26 23:07 B F:\xampp\htdocs\zendLibrary\Zend\Service\Amazon\Offer.php --> ftp.sobrafo.org.br /public_html/zendLibrary/Zend/Service/Amazon Offer.php
2011.07.26 23:07 B F:\xampp\htdocs\zendLibrary\Zend\Service\Amazon\OfferSet.php --> ftp.sobrafo.org.br /public_html/zendLibrary/Zend/Service/Amazon OfferSet.php
2011.07.26 23:07 B F:\xampp\htdocs\zendLibrary\Zend\Service\Amazon\Query.php --> ftp.sobrafo.org.br /public_html/zendLibrary/Zend/Service/Amazon Query.php
2011.07.26 23:07 B F:\xampp\htdocs\zendLibrary\Zend\Service\Amazon\ResultSet.php --> ftp.sobrafo.org.br /public_html/zendLibrary/Zend/Service/Amazon ResultSet.php
2011.07.26 23:07 B F:\xampp\htdocs\zendLibrary\Zend\Service\Amazon\S3.php --> ftp.sobrafo.org.br /public_html/zendLibrary/Zend/Service/Amazon S3.php
2011.07.26 23:07 B F:\xampp\htdocs\zendLibrary\Zend\Service\Amazon\SimilarProduct.php --> ftp.sobrafo.org.br /public_html/zendLibrary/Zend/Service/Amazon SimilarProduct.php
2011.07.26 23:07 B F:\xampp\htdocs\zendLibrary\Zend\Service\Amazon\SimpleDb.php --> ftp.sobrafo.org.br /public_html/zendLibrary/Zend/Service/Amazon SimpleDb.php
2011.07.26 23:07 B F:\xampp\htdocs\zendLibrary\Zend\Service\Amazon\Sqs.php --> ftp.sobrafo.org.br /public_html/zendLibrary/Zend/Service/Amazon Sqs.php
2011.07.26 23:07 B F:\xampp\htdocs\zendLibrary\Zend\Service\Amazon\WS_FTP.LOG --> ftp.sobrafo.org.br /public_html/zendLibrary/Zend/Service/Amazon WS_FTP.LOG
2011.08.09 17:27 B F:\xampp\htdocs\ZendLibrary\Zend\Service\Amazon\Abstract.php --> ftp.amfar.com.br /public_html/ZendLibrary/Zend/Service/Amazon Abstract.php
2011.08.09 17:27 B F:\xampp\htdocs\ZendLibrary\Zend\Service\Amazon\Accessories.php --> ftp.amfar.com.br /public_html/ZendLibrary/Zend/Service/Amazon Accessories.php
2011.08.09 17:27 B F:\xampp\htdocs\ZendLibrary\Zend\Service\Amazon\Authentication.php --> ftp.amfar.com.br /public_html/ZendLibrary/Zend/Service/Amazon Authentication.php
2011.08.09 17:27 B F:\xampp\htdocs\ZendLibrary\Zend\Service\Amazon\CustomerReview.php --> ftp.amfar.com.br /public_html/ZendLibrary/Zend/Service/Amazon CustomerReview.php
2011.08.09 17:27 B F:\xampp\htdocs\ZendLibrary\Zend\Service\Amazon\Ec2.php --> ftp.amfar.com.br /public_html/ZendLibrary/Zend/Service/Amazon Ec2.php
2011.08.09 17:27 B F:\xampp\htdocs\ZendLibrary\Zend\Service\Amazon\EditorialReview.php --> ftp.amfar.com.br /public_html/ZendLibrary/Zend/Service/Amazon EditorialReview.php
2011.08.09 17:27 B F:\xampp\htdocs\ZendLibrary\Zend\Service\Amazon\Exception.php --> ftp.amfar.com.br /public_html/ZendLibrary/Zend/Service/Amazon Exception.php
2011.08.09 17:27 B F:\xampp\htdocs\ZendLibrary\Zend\Service\Amazon\Image.php --> ftp.amfar.com.br /public_html/ZendLibrary/Zend/Service/Amazon Image.php
2011.08.09 17:27 B F:\xampp\htdocs\ZendLibrary\Zend\Service\Amazon\Item.php --> ftp.amfar.com.br /public_html/ZendLibrary/Zend/Service/Amazon Item.php
2011.08.09 17:27 B F:\xampp\htdocs\ZendLibrary\Zend\Service\Amazon\ListmaniaList.php --> ftp.amfar.com.br /public_html/ZendLibrary/Zend/Service/Amazon ListmaniaList.php
2011.08.09 17:27 B F:\xampp\htdocs\ZendLibrary\Zend\Service\Amazon\Offer.php --> ftp.amfar.com.br /public_html/ZendLibrary/Zend/Service/Amazon Offer.php
2011.08.09 17:27 B F:\xampp\htdocs\ZendLibrary\Zend\Service\Amazon\OfferSet.php --> ftp.amfar.com.br /public_html/ZendLibrary/Zend/Service/Amazon OfferSet.php
2011.08.09 17:27 B F:\xampp\htdocs\ZendLibrary\Zend\Service\Amazon\Query.php --> ftp.amfar.com.br /public_html/ZendLibrary/Zend/Service/Amazon Query.php
2011.08.09 17:27 B F:\xampp\htdocs\ZendLibrary\Zend\Service\Amazon\ResultSet.php --> ftp.amfar.com.br /public_html/ZendLibrary/Zend/Service/Amazon ResultSet.php
2011.08.09 17:27 B F:\xampp\htdocs\ZendLibrary\Zend\Service\Amazon\S3.php --> ftp.amfar.com.br /public_html/ZendLibrary/Zend/Service/Amazon S3.php
2011.08.09 17:27 B F:\xampp\htdocs\ZendLibrary\Zend\Service\Amazon\SimilarProduct.php --> ftp.amfar.com.br /public_html/ZendLibrary/Zend/Service/Amazon SimilarProduct.php
2011.08.09 17:27 B F:\xampp\htdocs\ZendLibrary\Zend\Service\Amazon\SimpleDb.php --> ftp.amfar.com.br /public_html/ZendLibrary/Zend/Service/Amazon SimpleDb.php
2011.08.09 17:27 B F:\xampp\htdocs\ZendLibrary\Zend\Service\Amazon\Sqs.php --> ftp.amfar.com.br /public_html/ZendLibrary/Zend/Service/Amazon Sqs.php
