2010.07.07 02:43 B X:\radiofone\admin\themes\ui.jqgrid.css --> ftp.radiofone.com.br /public_html/radiofone/rfadm/themes ui.jqgrid.css
2010.07.07 02:43 B X:\radiofone\admin\themes\ui.multiselect.css --> ftp.radiofone.com.br /public_html/radiofone/rfadm/themes ui.multiselect.css
2010.08.04 01:41 B X:\radiofone\rfadm\themes\ui.jqgrid.css --> ftp.radiofone.com.br /public_html/radiofone/rfadm/themes ui.jqgrid.css
2010.08.04 01:45 B X:\radiofone\rfadm\themes\ui.jqgrid.css --> ftp.radiofone.com.br /public_html/radiofone/rfadm/themes ui.jqgrid.css
2010.08.04 01:46 B X:\radiofone\rfadm\themes\ui.jqgrid.css --> ftp.radiofone.com.br /public_html/radiofone/rfadm/themes ui.jqgrid.css
2010.08.04 01:46 B X:\radiofone\rfadm\themes\ui.jqgrid.css --> ftp.radiofone.com.br /public_html/radiofone/rfadm/themes ui.jqgrid.css
2010.08.04 01:47 B X:\radiofone\rfadm\themes\ui.jqgrid.css --> ftp.radiofone.com.br /public_html/radiofone/rfadm/themes ui.jqgrid.css
2010.08.04 01:47 B X:\radiofone\rfadm\themes\ui.jqgrid.css --> ftp.radiofone.com.br /public_html/radiofone/rfadm/themes ui.jqgrid.css
2010.08.04 01:48 B X:\radiofone\rfadm\themes\ui.jqgrid.css --> ftp.radiofone.com.br /public_html/radiofone/rfadm/themes ui.jqgrid.css
2010.08.04 01:48 B X:\radiofone\rfadm\themes\ui.jqgrid.css --> ftp.radiofone.com.br /public_html/radiofone/rfadm/themes ui.jqgrid.css
2010.08.04 01:48 B X:\radiofone\rfadm\themes\ui.jqgrid.css --> ftp.radiofone.com.br /public_html/radiofone/rfadm/themes ui.jqgrid.css
2010.08.04 01:50 B X:\radiofone\rfadm\themes\ui.jqgrid.css --> ftp.radiofone.com.br /public_html/radiofone/rfadm/themes ui.jqgrid.css
2010.08.04 01:51 B X:\radiofone\rfadm\themes\ui.jqgrid.css --> ftp.radiofone.com.br /public_html/radiofone/rfadm/themes ui.jqgrid.css
2010.08.04 01:52 B X:\radiofone\rfadm\themes\ui.jqgrid.css --> ftp.radiofone.com.br /public_html/radiofone/rfadm/themes ui.jqgrid.css
2010.08.04 01:52 B X:\radiofone\rfadm\themes\ui.jqgrid.css --> ftp.radiofone.com.br /public_html/radiofone/rfadm/themes ui.jqgrid.css
2010.08.04 01:52 B X:\radiofone\rfadm\themes\ui.jqgrid.css --> ftp.radiofone.com.br /public_html/radiofone/rfadm/themes ui.jqgrid.css
2010.08.04 01:53 B X:\radiofone\rfadm\themes\ui.jqgrid.css --> ftp.radiofone.com.br /public_html/radiofone/rfadm/themes ui.jqgrid.css
2010.08.04 01:53 B X:\radiofone\rfadm\themes\ui.jqgrid.css --> ftp.radiofone.com.br /public_html/radiofone/rfadm/themes ui.jqgrid.css
2010.08.04 01:54 B X:\radiofone\rfadm\themes\ui.jqgrid.css --> ftp.radiofone.com.br /public_html/radiofone/rfadm/themes ui.jqgrid.css
2010.08.04 01:54 B X:\radiofone\rfadm\themes\ui.jqgrid.css --> ftp.radiofone.com.br /public_html/radiofone/rfadm/themes ui.jqgrid.css
2010.08.04 01:55 B X:\radiofone\rfadm\themes\ui.jqgrid.css --> ftp.radiofone.com.br /public_html/radiofone/rfadm/themes ui.jqgrid.css
2010.08.05 20:39 B X:\radiofone\rfadm\themes\WS_FTP.LOG --> ftp.radiofone.com.br /public_html/radiofone/rfadm/themes WS_FTP.LOG
2010.08.05 20:41 B X:\radiofone\rfadm\themes\ui.jqgrid.css --> ftp.radiofone.com.br /public_html/radiofone/rfadm/themes ui.jqgrid.css
2010.08.05 20:41 B X:\radiofone\rfadm\themes\ui.jqgrid.css --> ftp.radiofone.com.br /public_html/radiofone/rfadm/themes ui.jqgrid.css
2010.08.05 20:41 B X:\radiofone\rfadm\themes\ui.jqgrid.css --> ftp.radiofone.com.br /public_html/radiofone/rfadm/themes ui.jqgrid.css
2010.08.05 20:42 B X:\radiofone\rfadm\themes\ui.jqgrid.css --> ftp.radiofone.com.br /public_html/radiofone/rfadm/themes ui.jqgrid.css
2010.08.05 20:43 B X:\radiofone\rfadm\themes\ui.jqgrid.css --> ftp.radiofone.com.br /public_html/radiofone/rfadm/themes ui.jqgrid.css
2010.08.05 20:43 B X:\radiofone\rfadm\themes\ui.jqgrid.css --> ftp.radiofone.com.br /public_html/radiofone/rfadm/themes ui.jqgrid.css
2010.08.05 20:43 B X:\radiofone\rfadm\themes\ui.jqgrid.css --> ftp.radiofone.com.br /public_html/radiofone/rfadm/themes ui.jqgrid.css
2010.08.05 20:44 B X:\radiofone\rfadm\themes\ui.jqgrid.css --> ftp.radiofone.com.br /public_html/radiofone/rfadm ui.jqgrid.css
2010.08.05 20:44 B X:\radiofone\rfadm\themes\ui.jqgrid.css --> ftp.radiofone.com.br /public_html/radiofone/rfadm ui.jqgrid.css
2010.08.05 20:44 B X:\radiofone\rfadm\themes\ui.jqgrid.css --> ftp.radiofone.com.br /public_html/radiofone/rfadm ui.jqgrid.css
2010.08.05 20:45 B X:\radiofone\rfadm\themes\ui.jqgrid.css --> ftp.radiofone.com.br /public_html/radiofone/rfadm ui.jqgrid.css
2010.08.05 20:45 B X:\radiofone\rfadm\themes\ui.jqgrid.css --> ftp.radiofone.com.br /public_html/radiofone/rfadm ui.jqgrid.css
2010.08.05 20:50 B X:\radiofone\rfadm\themes\ui.jqgrid.css --> ftp.radiofone.com.br /public_html/radiofone/rfadm ui.jqgrid.css
2010.08.19 00:53 B X:\radiofone\rfadm\themes\ui.jqgrid.css --> ftp.sbrafh.org.br /sbrafh/Web/novosite/themes ui.jqgrid.css
2010.08.19 00:53 B X:\radiofone\rfadm\themes\WS_FTP.LOG --> ftp.sbrafh.org.br /sbrafh/Web/novosite/themes WS_FTP.LOG
2010.08.19 00:53 B X:\radiofone\rfadm\themes\ui.multiselect.css --> ftp.sbrafh.org.br /sbrafh/Web/novosite/themes ui.multiselect.css
2010.09.09 23:44 B Z:\radiofone\rfadm\themes\ui.jqgrid.css --> ftp.radiofone.com.br /public_html/radiofone/rfadm/themes ui.jqgrid.css
2010.09.09 23:44 B Z:\radiofone\rfadm\themes\WS_FTP.LOG --> ftp.radiofone.com.br /public_html/radiofone/rfadm/themes WS_FTP.LOG
2011.01.25 01:18 B Z:\radiofone\rfadm\themes\ui.jqgrid.css --> ftp.sobrafo.org.br /public_html/admin/themes ui.jqgrid.css
2011.01.25 01:18 B Z:\radiofone\rfadm\themes\ui.multiselect.css --> ftp.sobrafo.org.br /public_html/admin/themes ui.multiselect.css
2011.02.01 03:56 B Z:\sobrafo\webadmin\themes\WS_FTP.LOG <-- sobrafo /public_html/admin/themes WS_FTP.LOG
2011.02.01 03:57 B Z:\sobrafo\webadmin\themes\ui.jqgrid.css --> ftp.sobrafo.org.br /public_html/webadmin/themes ui.jqgrid.css
2011.02.01 03:57 B Z:\sobrafo\webadmin\themes\ui.multiselect.css --> ftp.sobrafo.org.br /public_html/webadmin/themes ui.multiselect.css
2011.02.24 20:40 B E:\web\sobrafo\webadmin\themes\WS_FTP.LOG <-- sobrafo /public_html/webadmin/themes WS_FTP.LOG
2011.03.18 11:34 B E:\web\sobrafo\webadmin\themes\WS_FTP.LOG --> ftp.sbrafh.org.br /sbrafh/Web/congresso/webadmin/themes WS_FTP.LOG
2011.03.18 11:34 B E:\web\sobrafo\webadmin\themes\ui.multiselect.css --> ftp.sbrafh.org.br /sbrafh/Web/congresso/webadmin/themes ui.multiselect.css
2011.03.18 11:34 B E:\web\sobrafo\webadmin\themes\ui.jqgrid.css --> ftp.sbrafh.org.br /sbrafh/Web/congresso/webadmin/themes ui.jqgrid.css
2011.07.29 21:27 B F:\xampp\htdocs\jsLibrary\themes\ui.jqgrid.css --> ftp.sobrafo.org.br /public_html/jsLibrary/themes ui.jqgrid.css
2011.07.29 21:27 B F:\xampp\htdocs\jsLibrary\themes\ui.multiselect.css --> ftp.sobrafo.org.br /public_html/jsLibrary/themes ui.multiselect.css
2011.07.29 21:27 B F:\xampp\htdocs\jsLibrary\themes\WS_FTP.LOG --> ftp.sobrafo.org.br /public_html/jsLibrary/themes WS_FTP.LOG
2011.08.05 01:10 B F:\xampp\htdocs\jsLibrary\themes\ui.jqgrid.css --> ftp.portalridgid.com.br /public_html/jsLibrary/themes ui.jqgrid.css
2011.08.05 01:10 B F:\xampp\htdocs\jsLibrary\themes\ui.multiselect.css --> ftp.portalridgid.com.br /public_html/jsLibrary/themes ui.multiselect.css
2011.08.05 01:10 B F:\xampp\htdocs\jsLibrary\themes\WS_FTP.LOG --> ftp.portalridgid.com.br /public_html/jsLibrary/themes WS_FTP.LOG
2011.08.09 16:31 B F:\xampp\htdocs\jsLibrary\themes\ui.jqgrid.css --> ftp.amfar.com.br /public_html/jsLibrary/themes ui.jqgrid.css
2011.08.09 16:31 B F:\xampp\htdocs\jsLibrary\themes\ui.multiselect.css --> ftp.amfar.com.br /public_html/jsLibrary/themes ui.multiselect.css
