2011.06.20 18:40 B F:\xampp\htdocs\zf-tutorial\library\Zend\Ldap\Attribute.php --> ftp.portalridgid.com.br /public_html/zf-tutorial/library/Zend/Ldap Attribute.php
2011.06.20 18:40 B F:\xampp\htdocs\zf-tutorial\library\Zend\Ldap\Collection.php --> ftp.portalridgid.com.br /public_html/zf-tutorial/library/Zend/Ldap Collection.php
2011.06.20 18:40 B F:\xampp\htdocs\zf-tutorial\library\Zend\Ldap\Converter.php --> ftp.portalridgid.com.br /public_html/zf-tutorial/library/Zend/Ldap Converter.php
2011.06.20 18:40 B F:\xampp\htdocs\zf-tutorial\library\Zend\Ldap\Dn.php --> ftp.portalridgid.com.br /public_html/zf-tutorial/library/Zend/Ldap Dn.php
2011.06.20 18:40 B F:\xampp\htdocs\zf-tutorial\library\Zend\Ldap\Exception.php --> ftp.portalridgid.com.br /public_html/zf-tutorial/library/Zend/Ldap Exception.php
2011.06.20 18:40 B F:\xampp\htdocs\zf-tutorial\library\Zend\Ldap\Filter.php --> ftp.portalridgid.com.br /public_html/zf-tutorial/library/Zend/Ldap Filter.php
2011.06.20 18:40 B F:\xampp\htdocs\zf-tutorial\library\Zend\Ldap\Node.php --> ftp.portalridgid.com.br /public_html/zf-tutorial/library/Zend/Ldap Node.php
2011.06.30 03:31 B F:\xampp\htdocs\zendLibrary\Zend\Ldap\WS_FTP.LOG --> ftp.sbrafh.org.br /sbrafh/Web/zendLibrary/Zend/Ldap WS_FTP.LOG
2011.06.30 03:31 B F:\xampp\htdocs\zendLibrary\Zend\Ldap\Node.php --> ftp.sbrafh.org.br /sbrafh/Web/zendLibrary/Zend/Ldap Node.php
2011.06.30 03:31 B F:\xampp\htdocs\zendLibrary\Zend\Ldap\Filter.php --> ftp.sbrafh.org.br /sbrafh/Web/zendLibrary/Zend/Ldap Filter.php
2011.06.30 03:31 B F:\xampp\htdocs\zendLibrary\Zend\Ldap\Exception.php --> ftp.sbrafh.org.br /sbrafh/Web/zendLibrary/Zend/Ldap Exception.php
2011.06.30 03:31 B F:\xampp\htdocs\zendLibrary\Zend\Ldap\Dn.php --> ftp.sbrafh.org.br /sbrafh/Web/zendLibrary/Zend/Ldap Dn.php
2011.06.30 03:31 B F:\xampp\htdocs\zendLibrary\Zend\Ldap\Converter.php --> ftp.sbrafh.org.br /sbrafh/Web/zendLibrary/Zend/Ldap Converter.php
2011.06.30 03:31 B F:\xampp\htdocs\zendLibrary\Zend\Ldap\Collection.php --> ftp.sbrafh.org.br /sbrafh/Web/zendLibrary/Zend/Ldap Collection.php
2011.06.30 03:31 B F:\xampp\htdocs\zendLibrary\Zend\Ldap\Attribute.php --> ftp.sbrafh.org.br /sbrafh/Web/zendLibrary/Zend/Ldap Attribute.php
2011.07.08 23:54 B F:\xampp\htdocs\zendLibrary\Zend\Ldap\Attribute.php --> ftp.radiofone.com.br /public_html/radiofone/zendLibrary/Zend/Ldap Attribute.php
2011.07.08 23:54 B F:\xampp\htdocs\zendLibrary\Zend\Ldap\Collection.php --> ftp.radiofone.com.br /public_html/radiofone/zendLibrary/Zend/Ldap Collection.php
2011.07.08 23:54 B F:\xampp\htdocs\zendLibrary\Zend\Ldap\Converter.php --> ftp.radiofone.com.br /public_html/radiofone/zendLibrary/Zend/Ldap Converter.php
2011.07.08 23:54 B F:\xampp\htdocs\zendLibrary\Zend\Ldap\Dn.php --> ftp.radiofone.com.br /public_html/radiofone/zendLibrary/Zend/Ldap Dn.php
2011.07.08 23:54 B F:\xampp\htdocs\zendLibrary\Zend\Ldap\Exception.php --> ftp.radiofone.com.br /public_html/radiofone/zendLibrary/Zend/Ldap Exception.php
2011.07.08 23:54 B F:\xampp\htdocs\zendLibrary\Zend\Ldap\Filter.php --> ftp.radiofone.com.br /public_html/radiofone/zendLibrary/Zend/Ldap Filter.php
2011.07.08 23:54 B F:\xampp\htdocs\zendLibrary\Zend\Ldap\Node.php --> ftp.radiofone.com.br /public_html/radiofone/zendLibrary/Zend/Ldap Node.php
2011.07.08 23:54 B F:\xampp\htdocs\zendLibrary\Zend\Ldap\WS_FTP.LOG --> ftp.radiofone.com.br /public_html/radiofone/zendLibrary/Zend/Ldap WS_FTP.LOG
2011.07.09 00:49 B F:\xampp\htdocs\zendLibrary\Zend\Ldap\WS_FTP.LOG --> ftp.radiofone.com.br /public_html/radiofone/zendLibrary/Zend/Ldap WS_FTP.LOG
2011.07.26 22:55 B F:\xampp\htdocs\zendLibrary\Zend\Ldap\Attribute.php --> ftp.sobrafo.org.br /public_html/zendLibrary/Zend/Ldap Attribute.php
2011.07.26 22:55 B F:\xampp\htdocs\zendLibrary\Zend\Ldap\Collection.php --> ftp.sobrafo.org.br /public_html/zendLibrary/Zend/Ldap Collection.php
2011.07.26 22:55 B F:\xampp\htdocs\zendLibrary\Zend\Ldap\Converter.php --> ftp.sobrafo.org.br /public_html/zendLibrary/Zend/Ldap Converter.php
2011.07.26 22:55 B F:\xampp\htdocs\zendLibrary\Zend\Ldap\Dn.php --> ftp.sobrafo.org.br /public_html/zendLibrary/Zend/Ldap Dn.php
2011.07.26 22:55 B F:\xampp\htdocs\zendLibrary\Zend\Ldap\Exception.php --> ftp.sobrafo.org.br /public_html/zendLibrary/Zend/Ldap Exception.php
2011.07.26 22:55 B F:\xampp\htdocs\zendLibrary\Zend\Ldap\Filter.php --> ftp.sobrafo.org.br /public_html/zendLibrary/Zend/Ldap Filter.php
2011.07.26 22:55 B F:\xampp\htdocs\zendLibrary\Zend\Ldap\Node.php --> ftp.sobrafo.org.br /public_html/zendLibrary/Zend/Ldap Node.php
2011.07.26 22:55 B F:\xampp\htdocs\zendLibrary\Zend\Ldap\WS_FTP.LOG --> ftp.sobrafo.org.br /public_html/zendLibrary/Zend/Ldap WS_FTP.LOG
2011.08.09 17:15 B F:\xampp\htdocs\ZendLibrary\Zend\Ldap\Attribute.php --> ftp.amfar.com.br /public_html/ZendLibrary/Zend/Ldap Attribute.php
2011.08.09 17:15 B F:\xampp\htdocs\ZendLibrary\Zend\Ldap\Collection.php --> ftp.amfar.com.br /public_html/ZendLibrary/Zend/Ldap Collection.php
2011.08.09 17:15 B F:\xampp\htdocs\ZendLibrary\Zend\Ldap\Converter.php --> ftp.amfar.com.br /public_html/ZendLibrary/Zend/Ldap Converter.php
2011.08.09 17:15 B F:\xampp\htdocs\ZendLibrary\Zend\Ldap\Dn.php --> ftp.amfar.com.br /public_html/ZendLibrary/Zend/Ldap Dn.php
2011.08.09 17:15 B F:\xampp\htdocs\ZendLibrary\Zend\Ldap\Exception.php --> ftp.amfar.com.br /public_html/ZendLibrary/Zend/Ldap Exception.php
2011.08.09 17:15 B F:\xampp\htdocs\ZendLibrary\Zend\Ldap\Filter.php --> ftp.amfar.com.br /public_html/ZendLibrary/Zend/Ldap Filter.php
2011.08.09 17:15 B F:\xampp\htdocs\ZendLibrary\Zend\Ldap\Node.php --> ftp.amfar.com.br /public_html/ZendLibrary/Zend/Ldap Node.php
