2011.06.20 18:58 B F:\xampp\htdocs\zf-tutorial\library\Zend\XmlRpc\Client\Exception.php --> ftp.portalridgid.com.br /public_html/zf-tutorial/library/Zend/XmlRpc/Client Exception.php
2011.06.20 18:58 B F:\xampp\htdocs\zf-tutorial\library\Zend\XmlRpc\Client\FaultException.php --> ftp.portalridgid.com.br /public_html/zf-tutorial/library/Zend/XmlRpc/Client FaultException.php
2011.06.20 18:58 B F:\xampp\htdocs\zf-tutorial\library\Zend\XmlRpc\Client\HttpException.php --> ftp.portalridgid.com.br /public_html/zf-tutorial/library/Zend/XmlRpc/Client HttpException.php
2011.06.20 18:58 B F:\xampp\htdocs\zf-tutorial\library\Zend\XmlRpc\Client\IntrospectException.php --> ftp.portalridgid.com.br /public_html/zf-tutorial/library/Zend/XmlRpc/Client IntrospectException.php
2011.06.20 18:58 B F:\xampp\htdocs\zf-tutorial\library\Zend\XmlRpc\Client\ServerIntrospection.php --> ftp.portalridgid.com.br /public_html/zf-tutorial/library/Zend/XmlRpc/Client ServerIntrospection.php
2011.06.20 18:58 B F:\xampp\htdocs\zf-tutorial\library\Zend\XmlRpc\Client\ServerProxy.php --> ftp.portalridgid.com.br /public_html/zf-tutorial/library/Zend/XmlRpc/Client ServerProxy.php
2011.06.30 03:07 B F:\xampp\htdocs\zendLibrary\Zend\XmlRpc\Client\WS_FTP.LOG --> ftp.sbrafh.org.br /sbrafh/Web/zendLibrary/Zend/XmlRpc/Client WS_FTP.LOG
2011.06.30 03:07 B F:\xampp\htdocs\zendLibrary\Zend\XmlRpc\Client\ServerProxy.php --> ftp.sbrafh.org.br /sbrafh/Web/zendLibrary/Zend/XmlRpc/Client ServerProxy.php
2011.06.30 03:07 B F:\xampp\htdocs\zendLibrary\Zend\XmlRpc\Client\ServerIntrospection.php --> ftp.sbrafh.org.br /sbrafh/Web/zendLibrary/Zend/XmlRpc/Client ServerIntrospection.php
2011.06.30 03:07 B F:\xampp\htdocs\zendLibrary\Zend\XmlRpc\Client\IntrospectException.php --> ftp.sbrafh.org.br /sbrafh/Web/zendLibrary/Zend/XmlRpc/Client IntrospectException.php
2011.06.30 03:07 B F:\xampp\htdocs\zendLibrary\Zend\XmlRpc\Client\HttpException.php --> ftp.sbrafh.org.br /sbrafh/Web/zendLibrary/Zend/XmlRpc/Client HttpException.php
2011.06.30 03:07 B F:\xampp\htdocs\zendLibrary\Zend\XmlRpc\Client\FaultException.php --> ftp.sbrafh.org.br /sbrafh/Web/zendLibrary/Zend/XmlRpc/Client FaultException.php
2011.06.30 03:07 B F:\xampp\htdocs\zendLibrary\Zend\XmlRpc\Client\Exception.php --> ftp.sbrafh.org.br /sbrafh/Web/zendLibrary/Zend/XmlRpc/Client Exception.php
2011.07.09 00:26 B F:\xampp\htdocs\zendLibrary\Zend\XmlRpc\Client\Exception.php --> ftp.radiofone.com.br /public_html/radiofone/zendLibrary/Zend/XmlRpc/Client Exception.php
2011.07.09 00:26 B F:\xampp\htdocs\zendLibrary\Zend\XmlRpc\Client\FaultException.php --> ftp.radiofone.com.br /public_html/radiofone/zendLibrary/Zend/XmlRpc/Client FaultException.php
2011.07.09 00:26 B F:\xampp\htdocs\zendLibrary\Zend\XmlRpc\Client\HttpException.php --> ftp.radiofone.com.br /public_html/radiofone/zendLibrary/Zend/XmlRpc/Client HttpException.php
2011.07.09 00:26 B F:\xampp\htdocs\zendLibrary\Zend\XmlRpc\Client\IntrospectException.php --> ftp.radiofone.com.br /public_html/radiofone/zendLibrary/Zend/XmlRpc/Client IntrospectException.php
2011.07.09 00:26 B F:\xampp\htdocs\zendLibrary\Zend\XmlRpc\Client\ServerIntrospection.php --> ftp.radiofone.com.br /public_html/radiofone/zendLibrary/Zend/XmlRpc/Client ServerIntrospection.php
2011.07.09 00:26 B F:\xampp\htdocs\zendLibrary\Zend\XmlRpc\Client\ServerProxy.php --> ftp.radiofone.com.br /public_html/radiofone/zendLibrary/Zend/XmlRpc/Client ServerProxy.php
2011.07.09 00:26 B F:\xampp\htdocs\zendLibrary\Zend\XmlRpc\Client\WS_FTP.LOG --> ftp.radiofone.com.br /public_html/radiofone/zendLibrary/Zend/XmlRpc/Client WS_FTP.LOG
2011.07.26 23:15 B F:\xampp\htdocs\zendLibrary\Zend\XmlRpc\Client\Exception.php --> ftp.sobrafo.org.br /public_html/zendLibrary/Zend/XmlRpc/Client Exception.php
2011.07.26 23:15 B F:\xampp\htdocs\zendLibrary\Zend\XmlRpc\Client\FaultException.php --> ftp.sobrafo.org.br /public_html/zendLibrary/Zend/XmlRpc/Client FaultException.php
2011.07.26 23:15 B F:\xampp\htdocs\zendLibrary\Zend\XmlRpc\Client\HttpException.php --> ftp.sobrafo.org.br /public_html/zendLibrary/Zend/XmlRpc/Client HttpException.php
2011.07.26 23:15 B F:\xampp\htdocs\zendLibrary\Zend\XmlRpc\Client\IntrospectException.php --> ftp.sobrafo.org.br /public_html/zendLibrary/Zend/XmlRpc/Client IntrospectException.php
2011.07.26 23:15 B F:\xampp\htdocs\zendLibrary\Zend\XmlRpc\Client\ServerIntrospection.php --> ftp.sobrafo.org.br /public_html/zendLibrary/Zend/XmlRpc/Client ServerIntrospection.php
2011.07.26 23:15 B F:\xampp\htdocs\zendLibrary\Zend\XmlRpc\Client\ServerProxy.php --> ftp.sobrafo.org.br /public_html/zendLibrary/Zend/XmlRpc/Client ServerProxy.php
2011.07.26 23:15 B F:\xampp\htdocs\zendLibrary\Zend\XmlRpc\Client\WS_FTP.LOG --> ftp.sobrafo.org.br /public_html/zendLibrary/Zend/XmlRpc/Client WS_FTP.LOG
2011.08.09 18:18 B F:\xampp\htdocs\ZendLibrary\Zend\XmlRpc\Client\Exception.php --> ftp.amfar.com.br /public_html/ZendLibrary/Zend/XmlRpc/Client Exception.php
2011.08.09 18:18 B F:\xampp\htdocs\ZendLibrary\Zend\XmlRpc\Client\FaultException.php --> ftp.amfar.com.br /public_html/ZendLibrary/Zend/XmlRpc/Client FaultException.php
2011.08.09 18:18 B F:\xampp\htdocs\ZendLibrary\Zend\XmlRpc\Client\HttpException.php --> ftp.amfar.com.br /public_html/ZendLibrary/Zend/XmlRpc/Client HttpException.php
2011.08.09 18:18 B F:\xampp\htdocs\ZendLibrary\Zend\XmlRpc\Client\IntrospectException.php --> ftp.amfar.com.br /public_html/ZendLibrary/Zend/XmlRpc/Client IntrospectException.php
2011.08.09 18:18 B F:\xampp\htdocs\ZendLibrary\Zend\XmlRpc\Client\ServerIntrospection.php --> ftp.amfar.com.br /public_html/ZendLibrary/Zend/XmlRpc/Client ServerIntrospection.php
2011.08.09 18:18 B F:\xampp\htdocs\ZendLibrary\Zend\XmlRpc\Client\ServerProxy.php --> ftp.amfar.com.br /public_html/ZendLibrary/Zend/XmlRpc/Client ServerProxy.php
