2011.06.20 18:40 B F:\xampp\htdocs\zf-tutorial\library\Zend\Json\Server\Cache.php --> ftp.portalridgid.com.br /public_html/zf-tutorial/library/Zend/Json/Server Cache.php
2011.06.20 18:40 B F:\xampp\htdocs\zf-tutorial\library\Zend\Json\Server\Error.php --> ftp.portalridgid.com.br /public_html/zf-tutorial/library/Zend/Json/Server Error.php
2011.06.20 18:40 B F:\xampp\htdocs\zf-tutorial\library\Zend\Json\Server\Exception.php --> ftp.portalridgid.com.br /public_html/zf-tutorial/library/Zend/Json/Server Exception.php
2011.06.20 18:40 B F:\xampp\htdocs\zf-tutorial\library\Zend\Json\Server\Request.php --> ftp.portalridgid.com.br /public_html/zf-tutorial/library/Zend/Json/Server Request.php
2011.06.20 18:40 B F:\xampp\htdocs\zf-tutorial\library\Zend\Json\Server\Response.php --> ftp.portalridgid.com.br /public_html/zf-tutorial/library/Zend/Json/Server Response.php
2011.06.20 18:40 B F:\xampp\htdocs\zf-tutorial\library\Zend\Json\Server\Smd.php --> ftp.portalridgid.com.br /public_html/zf-tutorial/library/Zend/Json/Server Smd.php
2011.06.30 03:32 B F:\xampp\htdocs\zendLibrary\Zend\Json\Server\WS_FTP.LOG --> ftp.sbrafh.org.br /sbrafh/Web/zendLibrary/Zend/Json/Server WS_FTP.LOG
2011.06.30 03:32 B F:\xampp\htdocs\zendLibrary\Zend\Json\Server\Smd.php --> ftp.sbrafh.org.br /sbrafh/Web/zendLibrary/Zend/Json/Server Smd.php
2011.06.30 03:32 B F:\xampp\htdocs\zendLibrary\Zend\Json\Server\Response.php --> ftp.sbrafh.org.br /sbrafh/Web/zendLibrary/Zend/Json/Server Response.php
2011.06.30 03:32 B F:\xampp\htdocs\zendLibrary\Zend\Json\Server\Request.php --> ftp.sbrafh.org.br /sbrafh/Web/zendLibrary/Zend/Json/Server Request.php
2011.06.30 03:32 B F:\xampp\htdocs\zendLibrary\Zend\Json\Server\Exception.php --> ftp.sbrafh.org.br /sbrafh/Web/zendLibrary/Zend/Json/Server Exception.php
2011.06.30 03:32 B F:\xampp\htdocs\zendLibrary\Zend\Json\Server\Error.php --> ftp.sbrafh.org.br /sbrafh/Web/zendLibrary/Zend/Json/Server Error.php
2011.06.30 03:32 B F:\xampp\htdocs\zendLibrary\Zend\Json\Server\Cache.php --> ftp.sbrafh.org.br /sbrafh/Web/zendLibrary/Zend/Json/Server Cache.php
2011.07.08 23:53 B F:\xampp\htdocs\zendLibrary\Zend\Json\Server\Cache.php --> ftp.radiofone.com.br /public_html/radiofone/zendLibrary/Zend/Json/Server Cache.php
2011.07.08 23:53 B F:\xampp\htdocs\zendLibrary\Zend\Json\Server\Error.php --> ftp.radiofone.com.br /public_html/radiofone/zendLibrary/Zend/Json/Server Error.php
2011.07.08 23:53 B F:\xampp\htdocs\zendLibrary\Zend\Json\Server\Exception.php --> ftp.radiofone.com.br /public_html/radiofone/zendLibrary/Zend/Json/Server Exception.php
2011.07.08 23:53 B F:\xampp\htdocs\zendLibrary\Zend\Json\Server\Request.php --> ftp.radiofone.com.br /public_html/radiofone/zendLibrary/Zend/Json/Server Request.php
2011.07.08 23:53 B F:\xampp\htdocs\zendLibrary\Zend\Json\Server\Response.php --> ftp.radiofone.com.br /public_html/radiofone/zendLibrary/Zend/Json/Server Response.php
2011.07.08 23:53 B F:\xampp\htdocs\zendLibrary\Zend\Json\Server\Smd.php --> ftp.radiofone.com.br /public_html/radiofone/zendLibrary/Zend/Json/Server Smd.php
2011.07.08 23:53 B F:\xampp\htdocs\zendLibrary\Zend\Json\Server\WS_FTP.LOG --> ftp.radiofone.com.br /public_html/radiofone/zendLibrary/Zend/Json/Server WS_FTP.LOG
2011.07.26 22:54 B F:\xampp\htdocs\zendLibrary\Zend\Json\Server\Cache.php --> ftp.sobrafo.org.br /public_html/zendLibrary/Zend/Json/Server Cache.php
2011.07.26 22:54 B F:\xampp\htdocs\zendLibrary\Zend\Json\Server\Error.php --> ftp.sobrafo.org.br /public_html/zendLibrary/Zend/Json/Server Error.php
2011.07.26 22:54 B F:\xampp\htdocs\zendLibrary\Zend\Json\Server\Exception.php --> ftp.sobrafo.org.br /public_html/zendLibrary/Zend/Json/Server Exception.php
2011.07.26 22:54 B F:\xampp\htdocs\zendLibrary\Zend\Json\Server\Request.php --> ftp.sobrafo.org.br /public_html/zendLibrary/Zend/Json/Server Request.php
2011.07.26 22:54 B F:\xampp\htdocs\zendLibrary\Zend\Json\Server\Response.php --> ftp.sobrafo.org.br /public_html/zendLibrary/Zend/Json/Server Response.php
2011.07.26 22:54 B F:\xampp\htdocs\zendLibrary\Zend\Json\Server\Smd.php --> ftp.sobrafo.org.br /public_html/zendLibrary/Zend/Json/Server Smd.php
2011.07.26 22:54 B F:\xampp\htdocs\zendLibrary\Zend\Json\Server\WS_FTP.LOG --> ftp.sobrafo.org.br /public_html/zendLibrary/Zend/Json/Server WS_FTP.LOG
2011.08.09 17:15 B F:\xampp\htdocs\ZendLibrary\Zend\Json\Server\Cache.php --> ftp.amfar.com.br /public_html/ZendLibrary/Zend/Json/Server Cache.php
2011.08.09 17:15 B F:\xampp\htdocs\ZendLibrary\Zend\Json\Server\Error.php --> ftp.amfar.com.br /public_html/ZendLibrary/Zend/Json/Server Error.php
2011.08.09 17:15 B F:\xampp\htdocs\ZendLibrary\Zend\Json\Server\Exception.php --> ftp.amfar.com.br /public_html/ZendLibrary/Zend/Json/Server Exception.php
2011.08.09 17:15 B F:\xampp\htdocs\ZendLibrary\Zend\Json\Server\Request.php --> ftp.amfar.com.br /public_html/ZendLibrary/Zend/Json/Server Request.php
2011.08.09 17:15 B F:\xampp\htdocs\ZendLibrary\Zend\Json\Server\Response.php --> ftp.amfar.com.br /public_html/ZendLibrary/Zend/Json/Server Response.php
2011.08.09 17:15 B F:\xampp\htdocs\ZendLibrary\Zend\Json\Server\Smd.php --> ftp.amfar.com.br /public_html/ZendLibrary/Zend/Json/Server Smd.php
