2011.06.20 18:47 B F:\xampp\htdocs\zf-tutorial\library\Zend\Measure\Abstract.php --> ftp.portalridgid.com.br /public_html/zf-tutorial/library/Zend/Measure Abstract.php
2011.06.20 18:47 B F:\xampp\htdocs\zf-tutorial\library\Zend\Measure\Acceleration.php --> ftp.portalridgid.com.br /public_html/zf-tutorial/library/Zend/Measure Acceleration.php
2011.06.20 18:47 B F:\xampp\htdocs\zf-tutorial\library\Zend\Measure\Angle.php --> ftp.portalridgid.com.br /public_html/zf-tutorial/library/Zend/Measure Angle.php
2011.06.20 18:47 B F:\xampp\htdocs\zf-tutorial\library\Zend\Measure\Area.php --> ftp.portalridgid.com.br /public_html/zf-tutorial/library/Zend/Measure Area.php
2011.06.20 18:47 B F:\xampp\htdocs\zf-tutorial\library\Zend\Measure\Binary.php --> ftp.portalridgid.com.br /public_html/zf-tutorial/library/Zend/Measure Binary.php
2011.06.20 18:47 B F:\xampp\htdocs\zf-tutorial\library\Zend\Measure\Capacitance.php --> ftp.portalridgid.com.br /public_html/zf-tutorial/library/Zend/Measure Capacitance.php
2011.06.20 18:47 B F:\xampp\htdocs\zf-tutorial\library\Zend\Measure\Current.php --> ftp.portalridgid.com.br /public_html/zf-tutorial/library/Zend/Measure Current.php
2011.06.20 18:47 B F:\xampp\htdocs\zf-tutorial\library\Zend\Measure\Density.php --> ftp.portalridgid.com.br /public_html/zf-tutorial/library/Zend/Measure Density.php
2011.06.20 18:47 B F:\xampp\htdocs\zf-tutorial\library\Zend\Measure\Energy.php --> ftp.portalridgid.com.br /public_html/zf-tutorial/library/Zend/Measure Energy.php
2011.06.20 18:47 B F:\xampp\htdocs\zf-tutorial\library\Zend\Measure\Exception.php --> ftp.portalridgid.com.br /public_html/zf-tutorial/library/Zend/Measure Exception.php
2011.06.20 18:47 B F:\xampp\htdocs\zf-tutorial\library\Zend\Measure\Force.php --> ftp.portalridgid.com.br /public_html/zf-tutorial/library/Zend/Measure Force.php
2011.06.20 18:47 B F:\xampp\htdocs\zf-tutorial\library\Zend\Measure\Frequency.php --> ftp.portalridgid.com.br /public_html/zf-tutorial/library/Zend/Measure Frequency.php
2011.06.20 18:47 B F:\xampp\htdocs\zf-tutorial\library\Zend\Measure\Illumination.php --> ftp.portalridgid.com.br /public_html/zf-tutorial/library/Zend/Measure Illumination.php
2011.06.20 18:47 B F:\xampp\htdocs\zf-tutorial\library\Zend\Measure\Length.php --> ftp.portalridgid.com.br /public_html/zf-tutorial/library/Zend/Measure Length.php
2011.06.20 18:47 B F:\xampp\htdocs\zf-tutorial\library\Zend\Measure\Lightness.php --> ftp.portalridgid.com.br /public_html/zf-tutorial/library/Zend/Measure Lightness.php
2011.06.20 18:47 B F:\xampp\htdocs\zf-tutorial\library\Zend\Measure\Number.php --> ftp.portalridgid.com.br /public_html/zf-tutorial/library/Zend/Measure Number.php
2011.06.20 18:47 B F:\xampp\htdocs\zf-tutorial\library\Zend\Measure\Power.php --> ftp.portalridgid.com.br /public_html/zf-tutorial/library/Zend/Measure Power.php
2011.06.20 18:47 B F:\xampp\htdocs\zf-tutorial\library\Zend\Measure\Pressure.php --> ftp.portalridgid.com.br /public_html/zf-tutorial/library/Zend/Measure Pressure.php
2011.06.20 18:47 B F:\xampp\htdocs\zf-tutorial\library\Zend\Measure\Speed.php --> ftp.portalridgid.com.br /public_html/zf-tutorial/library/Zend/Measure Speed.php
2011.06.20 18:47 B F:\xampp\htdocs\zf-tutorial\library\Zend\Measure\Temperature.php --> ftp.portalridgid.com.br /public_html/zf-tutorial/library/Zend/Measure Temperature.php
2011.06.20 18:47 B F:\xampp\htdocs\zf-tutorial\library\Zend\Measure\Time.php --> ftp.portalridgid.com.br /public_html/zf-tutorial/library/Zend/Measure Time.php
2011.06.20 18:47 B F:\xampp\htdocs\zf-tutorial\library\Zend\Measure\Torque.php --> ftp.portalridgid.com.br /public_html/zf-tutorial/library/Zend/Measure Torque.php
2011.06.20 18:47 B F:\xampp\htdocs\zf-tutorial\library\Zend\Measure\Volume.php --> ftp.portalridgid.com.br /public_html/zf-tutorial/library/Zend/Measure Volume.php
2011.06.20 18:47 B F:\xampp\htdocs\zf-tutorial\library\Zend\Measure\Weight.php --> ftp.portalridgid.com.br /public_html/zf-tutorial/library/Zend/Measure Weight.php
2011.06.30 03:23 B F:\xampp\htdocs\zendLibrary\Zend\Measure\WS_FTP.LOG --> ftp.sbrafh.org.br /sbrafh/Web/zendLibrary/Zend/Measure WS_FTP.LOG
2011.06.30 03:23 B F:\xampp\htdocs\zendLibrary\Zend\Measure\Weight.php --> ftp.sbrafh.org.br /sbrafh/Web/zendLibrary/Zend/Measure Weight.php
2011.06.30 03:23 B F:\xampp\htdocs\zendLibrary\Zend\Measure\Volume.php --> ftp.sbrafh.org.br /sbrafh/Web/zendLibrary/Zend/Measure Volume.php
2011.06.30 03:23 B F:\xampp\htdocs\zendLibrary\Zend\Measure\Torque.php --> ftp.sbrafh.org.br /sbrafh/Web/zendLibrary/Zend/Measure Torque.php
2011.06.30 03:23 B F:\xampp\htdocs\zendLibrary\Zend\Measure\Time.php --> ftp.sbrafh.org.br /sbrafh/Web/zendLibrary/Zend/Measure Time.php
2011.06.30 03:23 B F:\xampp\htdocs\zendLibrary\Zend\Measure\Temperature.php --> ftp.sbrafh.org.br /sbrafh/Web/zendLibrary/Zend/Measure Temperature.php
2011.06.30 03:23 B F:\xampp\htdocs\zendLibrary\Zend\Measure\Speed.php --> ftp.sbrafh.org.br /sbrafh/Web/zendLibrary/Zend/Measure Speed.php
2011.06.30 03:23 B F:\xampp\htdocs\zendLibrary\Zend\Measure\Pressure.php --> ftp.sbrafh.org.br /sbrafh/Web/zendLibrary/Zend/Measure Pressure.php
2011.06.30 03:23 B F:\xampp\htdocs\zendLibrary\Zend\Measure\Power.php --> ftp.sbrafh.org.br /sbrafh/Web/zendLibrary/Zend/Measure Power.php
2011.06.30 03:23 B F:\xampp\htdocs\zendLibrary\Zend\Measure\Number.php --> ftp.sbrafh.org.br /sbrafh/Web/zendLibrary/Zend/Measure Number.php
2011.06.30 03:23 B F:\xampp\htdocs\zendLibrary\Zend\Measure\Lightness.php --> ftp.sbrafh.org.br /sbrafh/Web/zendLibrary/Zend/Measure Lightness.php
2011.06.30 03:23 B F:\xampp\htdocs\zendLibrary\Zend\Measure\Length.php --> ftp.sbrafh.org.br /sbrafh/Web/zendLibrary/Zend/Measure Length.php
2011.06.30 03:23 B F:\xampp\htdocs\zendLibrary\Zend\Measure\Illumination.php --> ftp.sbrafh.org.br /sbrafh/Web/zendLibrary/Zend/Measure Illumination.php
2011.06.30 03:23 B F:\xampp\htdocs\zendLibrary\Zend\Measure\Frequency.php --> ftp.sbrafh.org.br /sbrafh/Web/zendLibrary/Zend/Measure Frequency.php
2011.06.30 03:23 B F:\xampp\htdocs\zendLibrary\Zend\Measure\Force.php --> ftp.sbrafh.org.br /sbrafh/Web/zendLibrary/Zend/Measure Force.php
2011.06.30 03:23 B F:\xampp\htdocs\zendLibrary\Zend\Measure\Exception.php --> ftp.sbrafh.org.br /sbrafh/Web/zendLibrary/Zend/Measure Exception.php
2011.06.30 03:23 B F:\xampp\htdocs\zendLibrary\Zend\Measure\Energy.php --> ftp.sbrafh.org.br /sbrafh/Web/zendLibrary/Zend/Measure Energy.php
2011.06.30 03:23 B F:\xampp\htdocs\zendLibrary\Zend\Measure\Density.php --> ftp.sbrafh.org.br /sbrafh/Web/zendLibrary/Zend/Measure Density.php
2011.06.30 03:23 B F:\xampp\htdocs\zendLibrary\Zend\Measure\Current.php --> ftp.sbrafh.org.br /sbrafh/Web/zendLibrary/Zend/Measure Current.php
2011.06.30 03:23 B F:\xampp\htdocs\zendLibrary\Zend\Measure\Capacitance.php --> ftp.sbrafh.org.br /sbrafh/Web/zendLibrary/Zend/Measure Capacitance.php
2011.06.30 03:23 B F:\xampp\htdocs\zendLibrary\Zend\Measure\Binary.php --> ftp.sbrafh.org.br /sbrafh/Web/zendLibrary/Zend/Measure Binary.php
2011.06.30 03:23 B F:\xampp\htdocs\zendLibrary\Zend\Measure\Area.php --> ftp.sbrafh.org.br /sbrafh/Web/zendLibrary/Zend/Measure Area.php
2011.06.30 03:23 B F:\xampp\htdocs\zendLibrary\Zend\Measure\Angle.php --> ftp.sbrafh.org.br /sbrafh/Web/zendLibrary/Zend/Measure Angle.php
2011.06.30 03:23 B F:\xampp\htdocs\zendLibrary\Zend\Measure\Acceleration.php --> ftp.sbrafh.org.br /sbrafh/Web/zendLibrary/Zend/Measure Acceleration.php
2011.06.30 03:23 B F:\xampp\htdocs\zendLibrary\Zend\Measure\Abstract.php --> ftp.sbrafh.org.br /sbrafh/Web/zendLibrary/Zend/Measure Abstract.php
2011.07.09 00:13 B F:\xampp\htdocs\zendLibrary\Zend\Measure\Abstract.php --> ftp.radiofone.com.br /public_html/radiofone/zendLibrary/Zend/Measure Abstract.php
2011.07.09 00:13 B F:\xampp\htdocs\zendLibrary\Zend\Measure\Acceleration.php --> ftp.radiofone.com.br /public_html/radiofone/zendLibrary/Zend/Measure Acceleration.php
2011.07.09 00:13 B F:\xampp\htdocs\zendLibrary\Zend\Measure\Angle.php --> ftp.radiofone.com.br /public_html/radiofone/zendLibrary/Zend/Measure Angle.php
2011.07.09 00:13 B F:\xampp\htdocs\zendLibrary\Zend\Measure\Area.php --> ftp.radiofone.com.br /public_html/radiofone/zendLibrary/Zend/Measure Area.php
2011.07.09 00:13 B F:\xampp\htdocs\zendLibrary\Zend\Measure\Binary.php --> ftp.radiofone.com.br /public_html/radiofone/zendLibrary/Zend/Measure Binary.php
2011.07.09 00:13 B F:\xampp\htdocs\zendLibrary\Zend\Measure\Capacitance.php --> ftp.radiofone.com.br /public_html/radiofone/zendLibrary/Zend/Measure Capacitance.php
2011.07.09 00:13 B F:\xampp\htdocs\zendLibrary\Zend\Measure\Current.php --> ftp.radiofone.com.br /public_html/radiofone/zendLibrary/Zend/Measure Current.php
2011.07.09 00:13 B F:\xampp\htdocs\zendLibrary\Zend\Measure\Density.php --> ftp.radiofone.com.br /public_html/radiofone/zendLibrary/Zend/Measure Density.php
2011.07.09 00:13 B F:\xampp\htdocs\zendLibrary\Zend\Measure\Energy.php --> ftp.radiofone.com.br /public_html/radiofone/zendLibrary/Zend/Measure Energy.php
2011.07.09 00:13 B F:\xampp\htdocs\zendLibrary\Zend\Measure\Exception.php --> ftp.radiofone.com.br /public_html/radiofone/zendLibrary/Zend/Measure Exception.php
2011.07.09 00:13 B F:\xampp\htdocs\zendLibrary\Zend\Measure\Force.php --> ftp.radiofone.com.br /public_html/radiofone/zendLibrary/Zend/Measure Force.php
2011.07.09 00:13 B F:\xampp\htdocs\zendLibrary\Zend\Measure\Frequency.php --> ftp.radiofone.com.br /public_html/radiofone/zendLibrary/Zend/Measure Frequency.php
2011.07.09 00:13 B F:\xampp\htdocs\zendLibrary\Zend\Measure\Illumination.php --> ftp.radiofone.com.br /public_html/radiofone/zendLibrary/Zend/Measure Illumination.php
2011.07.09 00:13 B F:\xampp\htdocs\zendLibrary\Zend\Measure\Length.php --> ftp.radiofone.com.br /public_html/radiofone/zendLibrary/Zend/Measure Length.php
2011.07.09 00:13 B F:\xampp\htdocs\zendLibrary\Zend\Measure\Lightness.php --> ftp.radiofone.com.br /public_html/radiofone/zendLibrary/Zend/Measure Lightness.php
2011.07.09 00:13 B F:\xampp\htdocs\zendLibrary\Zend\Measure\Number.php --> ftp.radiofone.com.br /public_html/radiofone/zendLibrary/Zend/Measure Number.php
2011.07.09 00:13 B F:\xampp\htdocs\zendLibrary\Zend\Measure\Power.php --> ftp.radiofone.com.br /public_html/radiofone/zendLibrary/Zend/Measure Power.php
2011.07.09 00:13 B F:\xampp\htdocs\zendLibrary\Zend\Measure\Pressure.php --> ftp.radiofone.com.br /public_html/radiofone/zendLibrary/Zend/Measure Pressure.php
2011.07.09 00:13 B F:\xampp\htdocs\zendLibrary\Zend\Measure\Speed.php --> ftp.radiofone.com.br /public_html/radiofone/zendLibrary/Zend/Measure Speed.php
2011.07.09 00:13 B F:\xampp\htdocs\zendLibrary\Zend\Measure\Temperature.php --> ftp.radiofone.com.br /public_html/radiofone/zendLibrary/Zend/Measure Temperature.php
2011.07.09 00:13 B F:\xampp\htdocs\zendLibrary\Zend\Measure\Time.php --> ftp.radiofone.com.br /public_html/radiofone/zendLibrary/Zend/Measure Time.php
2011.07.09 00:13 B F:\xampp\htdocs\zendLibrary\Zend\Measure\Torque.php --> ftp.radiofone.com.br /public_html/radiofone/zendLibrary/Zend/Measure Torque.php
2011.07.09 00:13 B F:\xampp\htdocs\zendLibrary\Zend\Measure\Volume.php --> ftp.radiofone.com.br /public_html/radiofone/zendLibrary/Zend/Measure Volume.php
2011.07.09 00:13 B F:\xampp\htdocs\zendLibrary\Zend\Measure\Weight.php --> ftp.radiofone.com.br /public_html/radiofone/zendLibrary/Zend/Measure Weight.php
2011.07.09 00:13 B F:\xampp\htdocs\zendLibrary\Zend\Measure\WS_FTP.LOG --> ftp.radiofone.com.br /public_html/radiofone/zendLibrary/Zend/Measure WS_FTP.LOG
2011.07.09 00:49 B F:\xampp\htdocs\zendLibrary\Zend\Measure\WS_FTP.LOG --> ftp.radiofone.com.br /public_html/radiofone/zendLibrary/Zend/Measure WS_FTP.LOG
2011.07.26 23:02 B F:\xampp\htdocs\zendLibrary\Zend\Measure\Abstract.php --> ftp.sobrafo.org.br /public_html/zendLibrary/Zend/Measure Abstract.php
2011.07.26 23:02 B F:\xampp\htdocs\zendLibrary\Zend\Measure\Acceleration.php --> ftp.sobrafo.org.br /public_html/zendLibrary/Zend/Measure Acceleration.php
2011.07.26 23:02 B F:\xampp\htdocs\zendLibrary\Zend\Measure\Angle.php --> ftp.sobrafo.org.br /public_html/zendLibrary/Zend/Measure Angle.php
2011.07.26 23:02 B F:\xampp\htdocs\zendLibrary\Zend\Measure\Area.php --> ftp.sobrafo.org.br /public_html/zendLibrary/Zend/Measure Area.php
2011.07.26 23:02 B F:\xampp\htdocs\zendLibrary\Zend\Measure\Binary.php --> ftp.sobrafo.org.br /public_html/zendLibrary/Zend/Measure Binary.php
2011.07.26 23:02 B F:\xampp\htdocs\zendLibrary\Zend\Measure\Capacitance.php --> ftp.sobrafo.org.br /public_html/zendLibrary/Zend/Measure Capacitance.php
2011.07.26 23:02 B F:\xampp\htdocs\zendLibrary\Zend\Measure\Current.php --> ftp.sobrafo.org.br /public_html/zendLibrary/Zend/Measure Current.php
2011.07.26 23:02 B F:\xampp\htdocs\zendLibrary\Zend\Measure\Density.php --> ftp.sobrafo.org.br /public_html/zendLibrary/Zend/Measure Density.php
2011.07.26 23:02 B F:\xampp\htdocs\zendLibrary\Zend\Measure\Energy.php --> ftp.sobrafo.org.br /public_html/zendLibrary/Zend/Measure Energy.php
2011.07.26 23:02 B F:\xampp\htdocs\zendLibrary\Zend\Measure\Exception.php --> ftp.sobrafo.org.br /public_html/zendLibrary/Zend/Measure Exception.php
2011.07.26 23:02 B F:\xampp\htdocs\zendLibrary\Zend\Measure\Force.php --> ftp.sobrafo.org.br /public_html/zendLibrary/Zend/Measure Force.php
2011.07.26 23:02 B F:\xampp\htdocs\zendLibrary\Zend\Measure\Frequency.php --> ftp.sobrafo.org.br /public_html/zendLibrary/Zend/Measure Frequency.php
2011.07.26 23:02 B F:\xampp\htdocs\zendLibrary\Zend\Measure\Illumination.php --> ftp.sobrafo.org.br /public_html/zendLibrary/Zend/Measure Illumination.php
2011.07.26 23:02 B F:\xampp\htdocs\zendLibrary\Zend\Measure\Length.php --> ftp.sobrafo.org.br /public_html/zendLibrary/Zend/Measure Length.php
2011.07.26 23:02 B F:\xampp\htdocs\zendLibrary\Zend\Measure\Lightness.php --> ftp.sobrafo.org.br /public_html/zendLibrary/Zend/Measure Lightness.php
2011.07.26 23:02 B F:\xampp\htdocs\zendLibrary\Zend\Measure\Number.php --> ftp.sobrafo.org.br /public_html/zendLibrary/Zend/Measure Number.php
2011.07.26 23:02 B F:\xampp\htdocs\zendLibrary\Zend\Measure\Power.php --> ftp.sobrafo.org.br /public_html/zendLibrary/Zend/Measure Power.php
2011.07.26 23:02 B F:\xampp\htdocs\zendLibrary\Zend\Measure\Pressure.php --> ftp.sobrafo.org.br /public_html/zendLibrary/Zend/Measure Pressure.php
2011.07.26 23:02 B F:\xampp\htdocs\zendLibrary\Zend\Measure\Speed.php --> ftp.sobrafo.org.br /public_html/zendLibrary/Zend/Measure Speed.php
2011.07.26 23:02 B F:\xampp\htdocs\zendLibrary\Zend\Measure\Temperature.php --> ftp.sobrafo.org.br /public_html/zendLibrary/Zend/Measure Temperature.php
2011.07.26 23:02 B F:\xampp\htdocs\zendLibrary\Zend\Measure\Time.php --> ftp.sobrafo.org.br /public_html/zendLibrary/Zend/Measure Time.php
2011.07.26 23:02 B F:\xampp\htdocs\zendLibrary\Zend\Measure\Torque.php --> ftp.sobrafo.org.br /public_html/zendLibrary/Zend/Measure Torque.php
2011.07.26 23:02 B F:\xampp\htdocs\zendLibrary\Zend\Measure\Volume.php --> ftp.sobrafo.org.br /public_html/zendLibrary/Zend/Measure Volume.php
2011.07.26 23:02 B F:\xampp\htdocs\zendLibrary\Zend\Measure\Weight.php --> ftp.sobrafo.org.br /public_html/zendLibrary/Zend/Measure Weight.php
2011.07.26 23:02 B F:\xampp\htdocs\zendLibrary\Zend\Measure\WS_FTP.LOG --> ftp.sobrafo.org.br /public_html/zendLibrary/Zend/Measure WS_FTP.LOG
2011.08.09 17:22 B F:\xampp\htdocs\ZendLibrary\Zend\Measure\Abstract.php --> ftp.amfar.com.br /public_html/ZendLibrary/Zend/Measure Abstract.php
2011.08.09 17:22 B F:\xampp\htdocs\ZendLibrary\Zend\Measure\Acceleration.php --> ftp.amfar.com.br /public_html/ZendLibrary/Zend/Measure Acceleration.php
2011.08.09 17:22 B F:\xampp\htdocs\ZendLibrary\Zend\Measure\Angle.php --> ftp.amfar.com.br /public_html/ZendLibrary/Zend/Measure Angle.php
2011.08.09 17:22 B F:\xampp\htdocs\ZendLibrary\Zend\Measure\Area.php --> ftp.amfar.com.br /public_html/ZendLibrary/Zend/Measure Area.php
2011.08.09 17:22 B F:\xampp\htdocs\ZendLibrary\Zend\Measure\Binary.php --> ftp.amfar.com.br /public_html/ZendLibrary/Zend/Measure Binary.php
2011.08.09 17:22 B F:\xampp\htdocs\ZendLibrary\Zend\Measure\Capacitance.php --> ftp.amfar.com.br /public_html/ZendLibrary/Zend/Measure Capacitance.php
2011.08.09 17:22 B F:\xampp\htdocs\ZendLibrary\Zend\Measure\Current.php --> ftp.amfar.com.br /public_html/ZendLibrary/Zend/Measure Current.php
2011.08.09 17:22 B F:\xampp\htdocs\ZendLibrary\Zend\Measure\Density.php --> ftp.amfar.com.br /public_html/ZendLibrary/Zend/Measure Density.php
2011.08.09 17:22 B F:\xampp\htdocs\ZendLibrary\Zend\Measure\Energy.php --> ftp.amfar.com.br /public_html/ZendLibrary/Zend/Measure Energy.php
2011.08.09 17:22 B F:\xampp\htdocs\ZendLibrary\Zend\Measure\Exception.php --> ftp.amfar.com.br /public_html/ZendLibrary/Zend/Measure Exception.php
2011.08.09 17:22 B F:\xampp\htdocs\ZendLibrary\Zend\Measure\Force.php --> ftp.amfar.com.br /public_html/ZendLibrary/Zend/Measure Force.php
2011.08.09 17:22 B F:\xampp\htdocs\ZendLibrary\Zend\Measure\Frequency.php --> ftp.amfar.com.br /public_html/ZendLibrary/Zend/Measure Frequency.php
2011.08.09 17:22 B F:\xampp\htdocs\ZendLibrary\Zend\Measure\Illumination.php --> ftp.amfar.com.br /public_html/ZendLibrary/Zend/Measure Illumination.php
2011.08.09 17:22 B F:\xampp\htdocs\ZendLibrary\Zend\Measure\Length.php --> ftp.amfar.com.br /public_html/ZendLibrary/Zend/Measure Length.php
2011.08.09 17:22 B F:\xampp\htdocs\ZendLibrary\Zend\Measure\Lightness.php --> ftp.amfar.com.br /public_html/ZendLibrary/Zend/Measure Lightness.php
2011.08.09 17:22 B F:\xampp\htdocs\ZendLibrary\Zend\Measure\Number.php --> ftp.amfar.com.br /public_html/ZendLibrary/Zend/Measure Number.php
2011.08.09 17:22 B F:\xampp\htdocs\ZendLibrary\Zend\Measure\Power.php --> ftp.amfar.com.br /public_html/ZendLibrary/Zend/Measure Power.php
2011.08.09 17:22 B F:\xampp\htdocs\ZendLibrary\Zend\Measure\Pressure.php --> ftp.amfar.com.br /public_html/ZendLibrary/Zend/Measure Pressure.php
2011.08.09 17:22 B F:\xampp\htdocs\ZendLibrary\Zend\Measure\Speed.php --> ftp.amfar.com.br /public_html/ZendLibrary/Zend/Measure Speed.php
2011.08.09 17:22 B F:\xampp\htdocs\ZendLibrary\Zend\Measure\Temperature.php --> ftp.amfar.com.br /public_html/ZendLibrary/Zend/Measure Temperature.php
2011.08.09 17:22 B F:\xampp\htdocs\ZendLibrary\Zend\Measure\Time.php --> ftp.amfar.com.br /public_html/ZendLibrary/Zend/Measure Time.php
2011.08.09 17:22 B F:\xampp\htdocs\ZendLibrary\Zend\Measure\Torque.php --> ftp.amfar.com.br /public_html/ZendLibrary/Zend/Measure Torque.php
2011.08.09 17:22 B F:\xampp\htdocs\ZendLibrary\Zend\Measure\Volume.php --> ftp.amfar.com.br /public_html/ZendLibrary/Zend/Measure Volume.php
2011.08.09 17:22 B F:\xampp\htdocs\ZendLibrary\Zend\Measure\Weight.php --> ftp.amfar.com.br /public_html/ZendLibrary/Zend/Measure Weight.php
