2011.06.20 18:58 B F:\xampp\htdocs\zf-tutorial\library\Zend\XmlRpc\Value\Array.php --> ftp.portalridgid.com.br /public_html/zf-tutorial/library/Zend/XmlRpc/Value Array.php
2011.06.20 18:58 B F:\xampp\htdocs\zf-tutorial\library\Zend\XmlRpc\Value\Base64.php --> ftp.portalridgid.com.br /public_html/zf-tutorial/library/Zend/XmlRpc/Value Base64.php
2011.06.20 18:58 B F:\xampp\htdocs\zf-tutorial\library\Zend\XmlRpc\Value\BigInteger.php --> ftp.portalridgid.com.br /public_html/zf-tutorial/library/Zend/XmlRpc/Value BigInteger.php
2011.06.20 18:58 B F:\xampp\htdocs\zf-tutorial\library\Zend\XmlRpc\Value\Boolean.php --> ftp.portalridgid.com.br /public_html/zf-tutorial/library/Zend/XmlRpc/Value Boolean.php
2011.06.20 18:58 B F:\xampp\htdocs\zf-tutorial\library\Zend\XmlRpc\Value\Collection.php --> ftp.portalridgid.com.br /public_html/zf-tutorial/library/Zend/XmlRpc/Value Collection.php
2011.06.20 18:58 B F:\xampp\htdocs\zf-tutorial\library\Zend\XmlRpc\Value\DateTime.php --> ftp.portalridgid.com.br /public_html/zf-tutorial/library/Zend/XmlRpc/Value DateTime.php
2011.06.20 18:58 B F:\xampp\htdocs\zf-tutorial\library\Zend\XmlRpc\Value\Double.php --> ftp.portalridgid.com.br /public_html/zf-tutorial/library/Zend/XmlRpc/Value Double.php
2011.06.20 18:58 B F:\xampp\htdocs\zf-tutorial\library\Zend\XmlRpc\Value\Exception.php --> ftp.portalridgid.com.br /public_html/zf-tutorial/library/Zend/XmlRpc/Value Exception.php
2011.06.20 18:58 B F:\xampp\htdocs\zf-tutorial\library\Zend\XmlRpc\Value\Integer.php --> ftp.portalridgid.com.br /public_html/zf-tutorial/library/Zend/XmlRpc/Value Integer.php
2011.06.20 18:58 B F:\xampp\htdocs\zf-tutorial\library\Zend\XmlRpc\Value\Nil.php --> ftp.portalridgid.com.br /public_html/zf-tutorial/library/Zend/XmlRpc/Value Nil.php
2011.06.20 18:58 B F:\xampp\htdocs\zf-tutorial\library\Zend\XmlRpc\Value\Scalar.php --> ftp.portalridgid.com.br /public_html/zf-tutorial/library/Zend/XmlRpc/Value Scalar.php
2011.06.20 18:58 B F:\xampp\htdocs\zf-tutorial\library\Zend\XmlRpc\Value\String.php --> ftp.portalridgid.com.br /public_html/zf-tutorial/library/Zend/XmlRpc/Value String.php
2011.06.20 18:58 B F:\xampp\htdocs\zf-tutorial\library\Zend\XmlRpc\Value\Struct.php --> ftp.portalridgid.com.br /public_html/zf-tutorial/library/Zend/XmlRpc/Value Struct.php
2011.06.30 03:07 B F:\xampp\htdocs\zendLibrary\Zend\XmlRpc\Value\WS_FTP.LOG --> ftp.sbrafh.org.br /sbrafh/Web/zendLibrary/Zend/XmlRpc/Value WS_FTP.LOG
2011.06.30 03:07 B F:\xampp\htdocs\zendLibrary\Zend\XmlRpc\Value\BigInteger.php --> ftp.sbrafh.org.br /sbrafh/Web/zendLibrary/Zend/XmlRpc/Value BigInteger.php
2011.06.30 03:07 B F:\xampp\htdocs\zendLibrary\Zend\XmlRpc\Value\Struct.php --> ftp.sbrafh.org.br /sbrafh/Web/zendLibrary/Zend/XmlRpc/Value Struct.php
2011.06.30 03:07 B F:\xampp\htdocs\zendLibrary\Zend\XmlRpc\Value\String.php --> ftp.sbrafh.org.br /sbrafh/Web/zendLibrary/Zend/XmlRpc/Value String.php
2011.06.30 03:07 B F:\xampp\htdocs\zendLibrary\Zend\XmlRpc\Value\Scalar.php --> ftp.sbrafh.org.br /sbrafh/Web/zendLibrary/Zend/XmlRpc/Value Scalar.php
2011.06.30 03:07 B F:\xampp\htdocs\zendLibrary\Zend\XmlRpc\Value\Nil.php --> ftp.sbrafh.org.br /sbrafh/Web/zendLibrary/Zend/XmlRpc/Value Nil.php
2011.06.30 03:07 B F:\xampp\htdocs\zendLibrary\Zend\XmlRpc\Value\Integer.php --> ftp.sbrafh.org.br /sbrafh/Web/zendLibrary/Zend/XmlRpc/Value Integer.php
2011.06.30 03:07 B F:\xampp\htdocs\zendLibrary\Zend\XmlRpc\Value\Exception.php --> ftp.sbrafh.org.br /sbrafh/Web/zendLibrary/Zend/XmlRpc/Value Exception.php
2011.06.30 03:07 B F:\xampp\htdocs\zendLibrary\Zend\XmlRpc\Value\Double.php --> ftp.sbrafh.org.br /sbrafh/Web/zendLibrary/Zend/XmlRpc/Value Double.php
2011.06.30 03:07 B F:\xampp\htdocs\zendLibrary\Zend\XmlRpc\Value\DateTime.php --> ftp.sbrafh.org.br /sbrafh/Web/zendLibrary/Zend/XmlRpc/Value DateTime.php
2011.06.30 03:07 B F:\xampp\htdocs\zendLibrary\Zend\XmlRpc\Value\Collection.php --> ftp.sbrafh.org.br /sbrafh/Web/zendLibrary/Zend/XmlRpc/Value Collection.php
2011.06.30 03:07 B F:\xampp\htdocs\zendLibrary\Zend\XmlRpc\Value\Boolean.php --> ftp.sbrafh.org.br /sbrafh/Web/zendLibrary/Zend/XmlRpc/Value Boolean.php
2011.06.30 03:07 B F:\xampp\htdocs\zendLibrary\Zend\XmlRpc\Value\Base64.php --> ftp.sbrafh.org.br /sbrafh/Web/zendLibrary/Zend/XmlRpc/Value Base64.php
2011.06.30 03:07 B F:\xampp\htdocs\zendLibrary\Zend\XmlRpc\Value\Array.php --> ftp.sbrafh.org.br /sbrafh/Web/zendLibrary/Zend/XmlRpc/Value Array.php
2011.07.09 00:26 B F:\xampp\htdocs\zendLibrary\Zend\XmlRpc\Value\Array.php --> ftp.radiofone.com.br /public_html/radiofone/zendLibrary/Zend/XmlRpc/Value Array.php
2011.07.09 00:26 B F:\xampp\htdocs\zendLibrary\Zend\XmlRpc\Value\Base64.php --> ftp.radiofone.com.br /public_html/radiofone/zendLibrary/Zend/XmlRpc/Value Base64.php
2011.07.09 00:26 B F:\xampp\htdocs\zendLibrary\Zend\XmlRpc\Value\BigInteger.php --> ftp.radiofone.com.br /public_html/radiofone/zendLibrary/Zend/XmlRpc/Value BigInteger.php
2011.07.09 00:26 B F:\xampp\htdocs\zendLibrary\Zend\XmlRpc\Value\Boolean.php --> ftp.radiofone.com.br /public_html/radiofone/zendLibrary/Zend/XmlRpc/Value Boolean.php
2011.07.09 00:26 B F:\xampp\htdocs\zendLibrary\Zend\XmlRpc\Value\Collection.php --> ftp.radiofone.com.br /public_html/radiofone/zendLibrary/Zend/XmlRpc/Value Collection.php
2011.07.09 00:26 B F:\xampp\htdocs\zendLibrary\Zend\XmlRpc\Value\DateTime.php --> ftp.radiofone.com.br /public_html/radiofone/zendLibrary/Zend/XmlRpc/Value DateTime.php
2011.07.09 00:26 B F:\xampp\htdocs\zendLibrary\Zend\XmlRpc\Value\Double.php --> ftp.radiofone.com.br /public_html/radiofone/zendLibrary/Zend/XmlRpc/Value Double.php
2011.07.09 00:26 B F:\xampp\htdocs\zendLibrary\Zend\XmlRpc\Value\Exception.php --> ftp.radiofone.com.br /public_html/radiofone/zendLibrary/Zend/XmlRpc/Value Exception.php
2011.07.09 00:26 B F:\xampp\htdocs\zendLibrary\Zend\XmlRpc\Value\Integer.php --> ftp.radiofone.com.br /public_html/radiofone/zendLibrary/Zend/XmlRpc/Value Integer.php
2011.07.09 00:26 B F:\xampp\htdocs\zendLibrary\Zend\XmlRpc\Value\Nil.php --> ftp.radiofone.com.br /public_html/radiofone/zendLibrary/Zend/XmlRpc/Value Nil.php
2011.07.09 00:26 B F:\xampp\htdocs\zendLibrary\Zend\XmlRpc\Value\Scalar.php --> ftp.radiofone.com.br /public_html/radiofone/zendLibrary/Zend/XmlRpc/Value Scalar.php
2011.07.09 00:26 B F:\xampp\htdocs\zendLibrary\Zend\XmlRpc\Value\String.php --> ftp.radiofone.com.br /public_html/radiofone/zendLibrary/Zend/XmlRpc/Value String.php
2011.07.09 00:26 B F:\xampp\htdocs\zendLibrary\Zend\XmlRpc\Value\Struct.php --> ftp.radiofone.com.br /public_html/radiofone/zendLibrary/Zend/XmlRpc/Value Struct.php
2011.07.09 00:26 B F:\xampp\htdocs\zendLibrary\Zend\XmlRpc\Value\WS_FTP.LOG --> ftp.radiofone.com.br /public_html/radiofone/zendLibrary/Zend/XmlRpc/Value WS_FTP.LOG
2011.07.26 23:15 B F:\xampp\htdocs\zendLibrary\Zend\XmlRpc\Value\Array.php --> ftp.sobrafo.org.br /public_html/zendLibrary/Zend/XmlRpc/Value Array.php
2011.07.26 23:15 B F:\xampp\htdocs\zendLibrary\Zend\XmlRpc\Value\Base64.php --> ftp.sobrafo.org.br /public_html/zendLibrary/Zend/XmlRpc/Value Base64.php
2011.07.26 23:15 B F:\xampp\htdocs\zendLibrary\Zend\XmlRpc\Value\BigInteger.php --> ftp.sobrafo.org.br /public_html/zendLibrary/Zend/XmlRpc/Value BigInteger.php
2011.07.26 23:15 B F:\xampp\htdocs\zendLibrary\Zend\XmlRpc\Value\Boolean.php --> ftp.sobrafo.org.br /public_html/zendLibrary/Zend/XmlRpc/Value Boolean.php
2011.07.26 23:15 B F:\xampp\htdocs\zendLibrary\Zend\XmlRpc\Value\Collection.php --> ftp.sobrafo.org.br /public_html/zendLibrary/Zend/XmlRpc/Value Collection.php
2011.07.26 23:15 B F:\xampp\htdocs\zendLibrary\Zend\XmlRpc\Value\DateTime.php --> ftp.sobrafo.org.br /public_html/zendLibrary/Zend/XmlRpc/Value DateTime.php
2011.07.26 23:15 B F:\xampp\htdocs\zendLibrary\Zend\XmlRpc\Value\Double.php --> ftp.sobrafo.org.br /public_html/zendLibrary/Zend/XmlRpc/Value Double.php
2011.07.26 23:15 B F:\xampp\htdocs\zendLibrary\Zend\XmlRpc\Value\Exception.php --> ftp.sobrafo.org.br /public_html/zendLibrary/Zend/XmlRpc/Value Exception.php
2011.07.26 23:15 B F:\xampp\htdocs\zendLibrary\Zend\XmlRpc\Value\Integer.php --> ftp.sobrafo.org.br /public_html/zendLibrary/Zend/XmlRpc/Value Integer.php
2011.07.26 23:15 B F:\xampp\htdocs\zendLibrary\Zend\XmlRpc\Value\Nil.php --> ftp.sobrafo.org.br /public_html/zendLibrary/Zend/XmlRpc/Value Nil.php
2011.07.26 23:15 B F:\xampp\htdocs\zendLibrary\Zend\XmlRpc\Value\Scalar.php --> ftp.sobrafo.org.br /public_html/zendLibrary/Zend/XmlRpc/Value Scalar.php
2011.07.26 23:15 B F:\xampp\htdocs\zendLibrary\Zend\XmlRpc\Value\String.php --> ftp.sobrafo.org.br /public_html/zendLibrary/Zend/XmlRpc/Value String.php
2011.07.26 23:15 B F:\xampp\htdocs\zendLibrary\Zend\XmlRpc\Value\Struct.php --> ftp.sobrafo.org.br /public_html/zendLibrary/Zend/XmlRpc/Value Struct.php
2011.07.26 23:15 B F:\xampp\htdocs\zendLibrary\Zend\XmlRpc\Value\WS_FTP.LOG --> ftp.sobrafo.org.br /public_html/zendLibrary/Zend/XmlRpc/Value WS_FTP.LOG
2011.08.09 18:18 B F:\xampp\htdocs\ZendLibrary\Zend\XmlRpc\Value\Array.php --> ftp.amfar.com.br /public_html/ZendLibrary/Zend/XmlRpc/Value Array.php
2011.08.09 18:18 B F:\xampp\htdocs\ZendLibrary\Zend\XmlRpc\Value\Base64.php --> ftp.amfar.com.br /public_html/ZendLibrary/Zend/XmlRpc/Value Base64.php
2011.08.09 18:18 B F:\xampp\htdocs\ZendLibrary\Zend\XmlRpc\Value\BigInteger.php --> ftp.amfar.com.br /public_html/ZendLibrary/Zend/XmlRpc/Value BigInteger.php
2011.08.09 18:18 B F:\xampp\htdocs\ZendLibrary\Zend\XmlRpc\Value\Boolean.php --> ftp.amfar.com.br /public_html/ZendLibrary/Zend/XmlRpc/Value Boolean.php
2011.08.09 18:18 B F:\xampp\htdocs\ZendLibrary\Zend\XmlRpc\Value\Collection.php --> ftp.amfar.com.br /public_html/ZendLibrary/Zend/XmlRpc/Value Collection.php
2011.08.09 18:18 B F:\xampp\htdocs\ZendLibrary\Zend\XmlRpc\Value\DateTime.php --> ftp.amfar.com.br /public_html/ZendLibrary/Zend/XmlRpc/Value DateTime.php
2011.08.09 18:18 B F:\xampp\htdocs\ZendLibrary\Zend\XmlRpc\Value\Double.php --> ftp.amfar.com.br /public_html/ZendLibrary/Zend/XmlRpc/Value Double.php
2011.08.09 18:18 B F:\xampp\htdocs\ZendLibrary\Zend\XmlRpc\Value\Exception.php --> ftp.amfar.com.br /public_html/ZendLibrary/Zend/XmlRpc/Value Exception.php
2011.08.09 18:18 B F:\xampp\htdocs\ZendLibrary\Zend\XmlRpc\Value\Integer.php --> ftp.amfar.com.br /public_html/ZendLibrary/Zend/XmlRpc/Value Integer.php
2011.08.09 18:18 B F:\xampp\htdocs\ZendLibrary\Zend\XmlRpc\Value\Nil.php --> ftp.amfar.com.br /public_html/ZendLibrary/Zend/XmlRpc/Value Nil.php
2011.08.09 18:18 B F:\xampp\htdocs\ZendLibrary\Zend\XmlRpc\Value\Scalar.php --> ftp.amfar.com.br /public_html/ZendLibrary/Zend/XmlRpc/Value Scalar.php
2011.08.09 18:18 B F:\xampp\htdocs\ZendLibrary\Zend\XmlRpc\Value\String.php --> ftp.amfar.com.br /public_html/ZendLibrary/Zend/XmlRpc/Value String.php
2011.08.09 18:18 B F:\xampp\htdocs\ZendLibrary\Zend\XmlRpc\Value\Struct.php --> ftp.amfar.com.br /public_html/ZendLibrary/Zend/XmlRpc/Value Struct.php
