2011.06.20 18:37 B F:\xampp\htdocs\zf-tutorial\library\Zend\Gdata\Gapps\Extension\EmailList.php --> ftp.portalridgid.com.br /public_html/zf-tutorial/library/Zend/Gdata/Gapps/Extension EmailList.php
2011.06.20 18:37 B F:\xampp\htdocs\zf-tutorial\library\Zend\Gdata\Gapps\Extension\Login.php --> ftp.portalridgid.com.br /public_html/zf-tutorial/library/Zend/Gdata/Gapps/Extension Login.php
2011.06.20 18:37 B F:\xampp\htdocs\zf-tutorial\library\Zend\Gdata\Gapps\Extension\Name.php --> ftp.portalridgid.com.br /public_html/zf-tutorial/library/Zend/Gdata/Gapps/Extension Name.php
2011.06.20 18:37 B F:\xampp\htdocs\zf-tutorial\library\Zend\Gdata\Gapps\Extension\Nickname.php --> ftp.portalridgid.com.br /public_html/zf-tutorial/library/Zend/Gdata/Gapps/Extension Nickname.php
2011.06.20 18:37 B F:\xampp\htdocs\zf-tutorial\library\Zend\Gdata\Gapps\Extension\Property.php --> ftp.portalridgid.com.br /public_html/zf-tutorial/library/Zend/Gdata/Gapps/Extension Property.php
2011.06.20 18:37 B F:\xampp\htdocs\zf-tutorial\library\Zend\Gdata\Gapps\Extension\Quota.php --> ftp.portalridgid.com.br /public_html/zf-tutorial/library/Zend/Gdata/Gapps/Extension Quota.php
2011.06.30 03:35 B F:\xampp\htdocs\zendLibrary\Zend\Gdata\Gapps\Extension\WS_FTP.LOG --> ftp.sbrafh.org.br /sbrafh/Web/zendLibrary/Zend/Gdata/Gapps/Extension WS_FTP.LOG
2011.06.30 03:35 B F:\xampp\htdocs\zendLibrary\Zend\Gdata\Gapps\Extension\Quota.php --> ftp.sbrafh.org.br /sbrafh/Web/zendLibrary/Zend/Gdata/Gapps/Extension Quota.php
2011.06.30 03:35 B F:\xampp\htdocs\zendLibrary\Zend\Gdata\Gapps\Extension\Property.php --> ftp.sbrafh.org.br /sbrafh/Web/zendLibrary/Zend/Gdata/Gapps/Extension Property.php
2011.06.30 03:35 B F:\xampp\htdocs\zendLibrary\Zend\Gdata\Gapps\Extension\Nickname.php --> ftp.sbrafh.org.br /sbrafh/Web/zendLibrary/Zend/Gdata/Gapps/Extension Nickname.php
2011.06.30 03:35 B F:\xampp\htdocs\zendLibrary\Zend\Gdata\Gapps\Extension\Name.php --> ftp.sbrafh.org.br /sbrafh/Web/zendLibrary/Zend/Gdata/Gapps/Extension Name.php
2011.06.30 03:35 B F:\xampp\htdocs\zendLibrary\Zend\Gdata\Gapps\Extension\Login.php --> ftp.sbrafh.org.br /sbrafh/Web/zendLibrary/Zend/Gdata/Gapps/Extension Login.php
2011.06.30 03:35 B F:\xampp\htdocs\zendLibrary\Zend\Gdata\Gapps\Extension\EmailList.php --> ftp.sbrafh.org.br /sbrafh/Web/zendLibrary/Zend/Gdata/Gapps/Extension EmailList.php
2011.07.08 23:50 B F:\xampp\htdocs\zendLibrary\Zend\Gdata\Gapps\Extension\EmailList.php --> ftp.radiofone.com.br /public_html/radiofone/zendLibrary/Zend/Gdata/Gapps/Extension EmailList.php
2011.07.08 23:50 B F:\xampp\htdocs\zendLibrary\Zend\Gdata\Gapps\Extension\Login.php --> ftp.radiofone.com.br /public_html/radiofone/zendLibrary/Zend/Gdata/Gapps/Extension Login.php
2011.07.08 23:50 B F:\xampp\htdocs\zendLibrary\Zend\Gdata\Gapps\Extension\Name.php --> ftp.radiofone.com.br /public_html/radiofone/zendLibrary/Zend/Gdata/Gapps/Extension Name.php
2011.07.08 23:50 B F:\xampp\htdocs\zendLibrary\Zend\Gdata\Gapps\Extension\Nickname.php --> ftp.radiofone.com.br /public_html/radiofone/zendLibrary/Zend/Gdata/Gapps/Extension Nickname.php
2011.07.08 23:51 B F:\xampp\htdocs\zendLibrary\Zend\Gdata\Gapps\Extension\Property.php --> ftp.radiofone.com.br /public_html/radiofone/zendLibrary/Zend/Gdata/Gapps/Extension Property.php
2011.07.08 23:51 B F:\xampp\htdocs\zendLibrary\Zend\Gdata\Gapps\Extension\Quota.php --> ftp.radiofone.com.br /public_html/radiofone/zendLibrary/Zend/Gdata/Gapps/Extension Quota.php
2011.07.08 23:51 B F:\xampp\htdocs\zendLibrary\Zend\Gdata\Gapps\Extension\WS_FTP.LOG --> ftp.radiofone.com.br /public_html/radiofone/zendLibrary/Zend/Gdata/Gapps/Extension WS_FTP.LOG
2011.07.09 00:47 B F:\xampp\htdocs\zendLibrary\Zend\Gdata\Gapps\Extension\WS_FTP.LOG --> ftp.radiofone.com.br /public_html/radiofone/zendLibrary/Zend/Gdata/Gapps/Extension WS_FTP.LOG
2011.07.26 22:51 B F:\xampp\htdocs\zendLibrary\Zend\Gdata\Gapps\Extension\EmailList.php --> ftp.sobrafo.org.br /public_html/zendLibrary/Zend/Gdata/Gapps/Extension EmailList.php
2011.07.26 22:51 B F:\xampp\htdocs\zendLibrary\Zend\Gdata\Gapps\Extension\Login.php --> ftp.sobrafo.org.br /public_html/zendLibrary/Zend/Gdata/Gapps/Extension Login.php
2011.07.26 22:51 B F:\xampp\htdocs\zendLibrary\Zend\Gdata\Gapps\Extension\Name.php --> ftp.sobrafo.org.br /public_html/zendLibrary/Zend/Gdata/Gapps/Extension Name.php
2011.07.26 22:51 B F:\xampp\htdocs\zendLibrary\Zend\Gdata\Gapps\Extension\Nickname.php --> ftp.sobrafo.org.br /public_html/zendLibrary/Zend/Gdata/Gapps/Extension Nickname.php
2011.07.26 22:51 B F:\xampp\htdocs\zendLibrary\Zend\Gdata\Gapps\Extension\Property.php --> ftp.sobrafo.org.br /public_html/zendLibrary/Zend/Gdata/Gapps/Extension Property.php
2011.07.26 22:51 B F:\xampp\htdocs\zendLibrary\Zend\Gdata\Gapps\Extension\Quota.php --> ftp.sobrafo.org.br /public_html/zendLibrary/Zend/Gdata/Gapps/Extension Quota.php
2011.07.26 22:51 B F:\xampp\htdocs\zendLibrary\Zend\Gdata\Gapps\Extension\WS_FTP.LOG --> ftp.sobrafo.org.br /public_html/zendLibrary/Zend/Gdata/Gapps/Extension WS_FTP.LOG
2011.08.09 17:01 B F:\xampp\htdocs\ZendLibrary\Zend\Gdata\Gapps\Extension\EmailList.php --> ftp.amfar.com.br /public_html/ZendLibrary/Zend/Gdata/Gapps/Extension EmailList.php
2011.08.09 17:01 B F:\xampp\htdocs\ZendLibrary\Zend\Gdata\Gapps\Extension\Login.php --> ftp.amfar.com.br /public_html/ZendLibrary/Zend/Gdata/Gapps/Extension Login.php
2011.08.09 17:01 B F:\xampp\htdocs\ZendLibrary\Zend\Gdata\Gapps\Extension\Name.php --> ftp.amfar.com.br /public_html/ZendLibrary/Zend/Gdata/Gapps/Extension Name.php
2011.08.09 17:01 B F:\xampp\htdocs\ZendLibrary\Zend\Gdata\Gapps\Extension\Nickname.php --> ftp.amfar.com.br /public_html/ZendLibrary/Zend/Gdata/Gapps/Extension Nickname.php
2011.08.09 17:01 B F:\xampp\htdocs\ZendLibrary\Zend\Gdata\Gapps\Extension\Property.php --> ftp.amfar.com.br /public_html/ZendLibrary/Zend/Gdata/Gapps/Extension Property.php
2011.08.09 17:01 B F:\xampp\htdocs\ZendLibrary\Zend\Gdata\Gapps\Extension\Quota.php --> ftp.amfar.com.br /public_html/ZendLibrary/Zend/Gdata/Gapps/Extension Quota.php
