2011.06.20 18:31 B F:\xampp\htdocs\zf-tutorial\library\Zend\Barcode\Renderer\Exception.php --> ftp.portalridgid.com.br /public_html/zf-tutorial/library/Zend/Barcode/Renderer Exception.php
2011.06.20 18:31 B F:\xampp\htdocs\zf-tutorial\library\Zend\Barcode\Renderer\Image.php --> ftp.portalridgid.com.br /public_html/zf-tutorial/library/Zend/Barcode/Renderer Image.php
2011.06.20 18:31 B F:\xampp\htdocs\zf-tutorial\library\Zend\Barcode\Renderer\Pdf.php --> ftp.portalridgid.com.br /public_html/zf-tutorial/library/Zend/Barcode/Renderer Pdf.php
2011.06.20 18:31 B F:\xampp\htdocs\zf-tutorial\library\Zend\Barcode\Renderer\RendererAbstract.php --> ftp.portalridgid.com.br /public_html/zf-tutorial/library/Zend/Barcode/Renderer RendererAbstract.php
2011.06.20 18:31 B F:\xampp\htdocs\zf-tutorial\library\Zend\Barcode\Renderer\Svg.php --> ftp.portalridgid.com.br /public_html/zf-tutorial/library/Zend/Barcode/Renderer Svg.php
2011.06.30 03:45 B F:\xampp\htdocs\zendLibrary\Zend\Barcode\Renderer\WS_FTP.LOG --> ftp.sbrafh.org.br /sbrafh/Web/zendLibrary/Zend/Barcode/Renderer WS_FTP.LOG
2011.06.30 03:45 B F:\xampp\htdocs\zendLibrary\Zend\Barcode\Renderer\Svg.php --> ftp.sbrafh.org.br /sbrafh/Web/zendLibrary/Zend/Barcode/Renderer Svg.php
2011.06.30 03:45 B F:\xampp\htdocs\zendLibrary\Zend\Barcode\Renderer\RendererAbstract.php --> ftp.sbrafh.org.br /sbrafh/Web/zendLibrary/Zend/Barcode/Renderer RendererAbstract.php
2011.06.30 03:45 B F:\xampp\htdocs\zendLibrary\Zend\Barcode\Renderer\Pdf.php --> ftp.sbrafh.org.br /sbrafh/Web/zendLibrary/Zend/Barcode/Renderer Pdf.php
2011.06.30 03:45 B F:\xampp\htdocs\zendLibrary\Zend\Barcode\Renderer\Image.php --> ftp.sbrafh.org.br /sbrafh/Web/zendLibrary/Zend/Barcode/Renderer Image.php
2011.06.30 03:45 B F:\xampp\htdocs\zendLibrary\Zend\Barcode\Renderer\Exception.php --> ftp.sbrafh.org.br /sbrafh/Web/zendLibrary/Zend/Barcode/Renderer Exception.php
2011.07.08 23:44 B F:\xampp\htdocs\zendLibrary\Zend\Barcode\Renderer\Exception.php --> ftp.radiofone.com.br /public_html/radiofone/zendLibrary/Zend/Barcode/Renderer Exception.php
2011.07.08 23:44 B F:\xampp\htdocs\zendLibrary\Zend\Barcode\Renderer\Image.php --> ftp.radiofone.com.br /public_html/radiofone/zendLibrary/Zend/Barcode/Renderer Image.php
2011.07.08 23:44 B F:\xampp\htdocs\zendLibrary\Zend\Barcode\Renderer\Pdf.php --> ftp.radiofone.com.br /public_html/radiofone/zendLibrary/Zend/Barcode/Renderer Pdf.php
2011.07.08 23:44 B F:\xampp\htdocs\zendLibrary\Zend\Barcode\Renderer\RendererAbstract.php --> ftp.radiofone.com.br /public_html/radiofone/zendLibrary/Zend/Barcode/Renderer RendererAbstract.php
2011.07.08 23:44 B F:\xampp\htdocs\zendLibrary\Zend\Barcode\Renderer\Svg.php --> ftp.radiofone.com.br /public_html/radiofone/zendLibrary/Zend/Barcode/Renderer Svg.php
2011.07.08 23:44 B F:\xampp\htdocs\zendLibrary\Zend\Barcode\Renderer\WS_FTP.LOG --> ftp.radiofone.com.br /public_html/radiofone/zendLibrary/Zend/Barcode/Renderer WS_FTP.LOG
2011.07.09 00:44 B F:\xampp\htdocs\zendLibrary\Zend\Barcode\Renderer\WS_FTP.LOG --> ftp.radiofone.com.br /public_html/radiofone/zendLibrary/Zend/Barcode/Renderer WS_FTP.LOG
2011.07.26 22:44 B F:\xampp\htdocs\zendLibrary\Zend\Barcode\Renderer\Exception.php --> ftp.sobrafo.org.br /public_html/zendLibrary/Zend/Barcode/Renderer Exception.php
2011.07.26 22:44 B F:\xampp\htdocs\zendLibrary\Zend\Barcode\Renderer\Image.php --> ftp.sobrafo.org.br /public_html/zendLibrary/Zend/Barcode/Renderer Image.php
2011.07.26 22:44 B F:\xampp\htdocs\zendLibrary\Zend\Barcode\Renderer\Pdf.php --> ftp.sobrafo.org.br /public_html/zendLibrary/Zend/Barcode/Renderer Pdf.php
2011.07.26 22:44 B F:\xampp\htdocs\zendLibrary\Zend\Barcode\Renderer\RendererAbstract.php --> ftp.sobrafo.org.br /public_html/zendLibrary/Zend/Barcode/Renderer RendererAbstract.php
2011.07.26 22:44 B F:\xampp\htdocs\zendLibrary\Zend\Barcode\Renderer\Svg.php --> ftp.sobrafo.org.br /public_html/zendLibrary/Zend/Barcode/Renderer Svg.php
2011.07.26 22:44 B F:\xampp\htdocs\zendLibrary\Zend\Barcode\Renderer\WS_FTP.LOG --> ftp.sobrafo.org.br /public_html/zendLibrary/Zend/Barcode/Renderer WS_FTP.LOG
2011.08.05 01:00 B F:\xampp\htdocs\ZendLibrary\Zend\Barcode\Renderer\WS_FTP.LOG --> ftp.portalridgid.com.br /public_html/zendLibrary/Zend/Barcode/Renderer WS_FTP.LOG
2011.08.09 16:54 B F:\xampp\htdocs\ZendLibrary\Zend\Barcode\Renderer\Exception.php --> ftp.amfar.com.br /public_html/ZendLibrary/Zend/Barcode/Renderer Exception.php
2011.08.09 16:54 B F:\xampp\htdocs\ZendLibrary\Zend\Barcode\Renderer\Image.php --> ftp.amfar.com.br /public_html/ZendLibrary/Zend/Barcode/Renderer Image.php
2011.08.09 16:54 B F:\xampp\htdocs\ZendLibrary\Zend\Barcode\Renderer\Pdf.php --> ftp.amfar.com.br /public_html/ZendLibrary/Zend/Barcode/Renderer Pdf.php
2011.08.09 16:54 B F:\xampp\htdocs\ZendLibrary\Zend\Barcode\Renderer\RendererAbstract.php --> ftp.amfar.com.br /public_html/ZendLibrary/Zend/Barcode/Renderer RendererAbstract.php
2011.08.09 16:54 B F:\xampp\htdocs\ZendLibrary\Zend\Barcode\Renderer\Svg.php --> ftp.amfar.com.br /public_html/ZendLibrary/Zend/Barcode/Renderer Svg.php
2011.08.09 16:54 B F:\xampp\htdocs\ZendLibrary\Zend\Barcode\Renderer\WS_FTP.LOG --> ftp.amfar.com.br /public_html/ZendLibrary/Zend/Barcode/Renderer WS_FTP.LOG
2011.08.22 20:56 B X:\xampp\htdocs\ZendLibrary\Zend\Barcode\Renderer\Exception.php --> ftp.jairodepaula.com.br /jairodepaula/web/ZendLibrary/Zend/Barcode/Renderer Exception.php
2011.08.22 20:56 B X:\xampp\htdocs\ZendLibrary\Zend\Barcode\Renderer\Image.php --> ftp.jairodepaula.com.br /jairodepaula/web/ZendLibrary/Zend/Barcode/Renderer Image.php
2011.08.22 20:56 B X:\xampp\htdocs\ZendLibrary\Zend\Barcode\Renderer\Pdf.php --> ftp.jairodepaula.com.br /jairodepaula/web/ZendLibrary/Zend/Barcode/Renderer Pdf.php
2011.08.22 20:56 B X:\xampp\htdocs\ZendLibrary\Zend\Barcode\Renderer\RendererAbstract.php --> ftp.jairodepaula.com.br /jairodepaula/web/ZendLibrary/Zend/Barcode/Renderer RendererAbstract.php
2011.08.22 20:56 B X:\xampp\htdocs\ZendLibrary\Zend\Barcode\Renderer\Svg.php --> ftp.jairodepaula.com.br /jairodepaula/web/ZendLibrary/Zend/Barcode/Renderer Svg.php
2011.08.22 20:56 B X:\xampp\htdocs\ZendLibrary\Zend\Barcode\Renderer\WS_FTP.LOG --> ftp.jairodepaula.com.br /jairodepaula/web/ZendLibrary/Zend/Barcode/Renderer WS_FTP.LOG
2011.12.31 14:47 B F:\xampp\htdocs\ZendLibrary\Zend\Barcode\Renderer\Exception.php --> ftp.sbrafh.org.br /public_html/ZendLibrary/Zend/Barcode/Renderer Exception.php
2011.12.31 14:47 B F:\xampp\htdocs\ZendLibrary\Zend\Barcode\Renderer\Image.php --> ftp.sbrafh.org.br /public_html/ZendLibrary/Zend/Barcode/Renderer Image.php
2011.12.31 14:47 B F:\xampp\htdocs\ZendLibrary\Zend\Barcode\Renderer\Pdf.php --> ftp.sbrafh.org.br /public_html/ZendLibrary/Zend/Barcode/Renderer Pdf.php
2011.12.31 14:47 B F:\xampp\htdocs\ZendLibrary\Zend\Barcode\Renderer\RendererAbstract.php --> ftp.sbrafh.org.br /public_html/ZendLibrary/Zend/Barcode/Renderer RendererAbstract.php
2011.12.31 14:47 B F:\xampp\htdocs\ZendLibrary\Zend\Barcode\Renderer\Svg.php --> ftp.sbrafh.org.br /public_html/ZendLibrary/Zend/Barcode/Renderer Svg.php
2011.12.31 14:47 B F:\xampp\htdocs\ZendLibrary\Zend\Barcode\Renderer\WS_FTP.LOG --> ftp.sbrafh.org.br /public_html/ZendLibrary/Zend/Barcode/Renderer WS_FTP.LOG
2012.01.06 03:15 B F:\xampp\htdocs\ZendLibrary\Zend\Barcode\Renderer\Exception.php --> ftp461.locaweb.com.br /ridgid/web/ZendLibrary/Zend/Barcode/Renderer Exception.php
2012.01.06 03:15 B F:\xampp\htdocs\ZendLibrary\Zend\Barcode\Renderer\Image.php --> ftp461.locaweb.com.br /ridgid/web/ZendLibrary/Zend/Barcode/Renderer Image.php
2012.01.06 03:15 B F:\xampp\htdocs\ZendLibrary\Zend\Barcode\Renderer\Pdf.php --> ftp461.locaweb.com.br /ridgid/web/ZendLibrary/Zend/Barcode/Renderer Pdf.php
2012.01.06 03:15 B F:\xampp\htdocs\ZendLibrary\Zend\Barcode\Renderer\RendererAbstract.php --> ftp461.locaweb.com.br /ridgid/web/ZendLibrary/Zend/Barcode/Renderer RendererAbstract.php
2012.01.06 03:15 B F:\xampp\htdocs\ZendLibrary\Zend\Barcode\Renderer\Svg.php --> ftp461.locaweb.com.br /ridgid/web/ZendLibrary/Zend/Barcode/Renderer Svg.php
2012.01.06 03:15 B F:\xampp\htdocs\ZendLibrary\Zend\Barcode\Renderer\WS_FTP.LOG --> ftp461.locaweb.com.br /ridgid/web/ZendLibrary/Zend/Barcode/Renderer WS_FTP.LOG
2012.01.24 17:29 B F:\xampp\htdocs\ZendLibrary\Zend\Barcode\Renderer\Exception.php --> graficamarmar.com.br /htdocs/ZendLibrary/Zend/Barcode/Renderer Exception.php
2012.01.24 17:29 B F:\xampp\htdocs\ZendLibrary\Zend\Barcode\Renderer\Image.php --> graficamarmar.com.br /htdocs/ZendLibrary/Zend/Barcode/Renderer Image.php
2012.01.24 17:29 B F:\xampp\htdocs\ZendLibrary\Zend\Barcode\Renderer\Pdf.php --> graficamarmar.com.br /htdocs/ZendLibrary/Zend/Barcode/Renderer Pdf.php
2012.01.24 17:29 B F:\xampp\htdocs\ZendLibrary\Zend\Barcode\Renderer\RendererAbstract.php --> graficamarmar.com.br /htdocs/ZendLibrary/Zend/Barcode/Renderer RendererAbstract.php
2012.01.24 17:29 B F:\xampp\htdocs\ZendLibrary\Zend\Barcode\Renderer\Svg.php --> graficamarmar.com.br /htdocs/ZendLibrary/Zend/Barcode/Renderer Svg.php
2012.01.24 17:29 B F:\xampp\htdocs\ZendLibrary\Zend\Barcode\Renderer\WS_FTP.LOG --> graficamarmar.com.br /htdocs/ZendLibrary/Zend/Barcode/Renderer WS_FTP.LOG
2012.02.08 17:03 B F:\xampp\htdocs\ZendLibrary\Zend\Barcode\Renderer\Exception.php --> graficamarmar.hospedagemdesites.ws /public_html/ZendLibrary/Zend/Barcode/Renderer Exception.php
2012.02.08 17:03 B F:\xampp\htdocs\ZendLibrary\Zend\Barcode\Renderer\Image.php --> graficamarmar.hospedagemdesites.ws /public_html/ZendLibrary/Zend/Barcode/Renderer Image.php
2012.02.08 17:03 B F:\xampp\htdocs\ZendLibrary\Zend\Barcode\Renderer\Pdf.php --> graficamarmar.hospedagemdesites.ws /public_html/ZendLibrary/Zend/Barcode/Renderer Pdf.php
2012.02.08 17:03 B F:\xampp\htdocs\ZendLibrary\Zend\Barcode\Renderer\RendererAbstract.php --> graficamarmar.hospedagemdesites.ws /public_html/ZendLibrary/Zend/Barcode/Renderer RendererAbstract.php
2012.02.08 17:03 B F:\xampp\htdocs\ZendLibrary\Zend\Barcode\Renderer\Svg.php --> graficamarmar.hospedagemdesites.ws /public_html/ZendLibrary/Zend/Barcode/Renderer Svg.php
2012.02.08 17:03 B F:\xampp\htdocs\ZendLibrary\Zend\Barcode\Renderer\WS_FTP.LOG --> graficamarmar.hospedagemdesites.ws /public_html/ZendLibrary/Zend/Barcode/Renderer WS_FTP.LOG
2012.10.29 14:40 B F:\xampp\htdocs\ZendLibrary\Zend\Barcode\Renderer\Exception.php --> 186.202.153.85 /public_html/ZendLibrary/Zend/Barcode/Renderer Exception.php
2012.10.29 14:40 B F:\xampp\htdocs\ZendLibrary\Zend\Barcode\Renderer\Image.php --> 186.202.153.85 /public_html/ZendLibrary/Zend/Barcode/Renderer Image.php
2012.10.29 14:40 B F:\xampp\htdocs\ZendLibrary\Zend\Barcode\Renderer\Pdf.php --> 186.202.153.85 /public_html/ZendLibrary/Zend/Barcode/Renderer Pdf.php
2012.10.29 14:40 B F:\xampp\htdocs\ZendLibrary\Zend\Barcode\Renderer\RendererAbstract.php --> 186.202.153.85 /public_html/ZendLibrary/Zend/Barcode/Renderer RendererAbstract.php
2012.10.29 14:40 B F:\xampp\htdocs\ZendLibrary\Zend\Barcode\Renderer\Svg.php --> 186.202.153.85 /public_html/ZendLibrary/Zend/Barcode/Renderer Svg.php
2012.10.29 14:40 B F:\xampp\htdocs\ZendLibrary\Zend\Barcode\Renderer\WS_FTP.LOG --> 186.202.153.85 /public_html/ZendLibrary/Zend/Barcode/Renderer WS_FTP.LOG
