2011.06.20 18:46 B F:\xampp\htdocs\zf-tutorial\library\Zend\Log\Formatter\Abstract.php --> ftp.portalridgid.com.br /public_html/zf-tutorial/library/Zend/Log/Formatter Abstract.php
2011.06.20 18:46 B F:\xampp\htdocs\zf-tutorial\library\Zend\Log\Formatter\Firebug.php --> ftp.portalridgid.com.br /public_html/zf-tutorial/library/Zend/Log/Formatter Firebug.php
2011.06.20 18:46 B F:\xampp\htdocs\zf-tutorial\library\Zend\Log\Formatter\Interface.php --> ftp.portalridgid.com.br /public_html/zf-tutorial/library/Zend/Log/Formatter Interface.php
2011.06.20 18:46 B F:\xampp\htdocs\zf-tutorial\library\Zend\Log\Formatter\Simple.php --> ftp.portalridgid.com.br /public_html/zf-tutorial/library/Zend/Log/Formatter Simple.php
2011.06.20 18:46 B F:\xampp\htdocs\zf-tutorial\library\Zend\Log\Formatter\Xml.php --> ftp.portalridgid.com.br /public_html/zf-tutorial/library/Zend/Log/Formatter Xml.php
2011.06.30 03:24 B F:\xampp\htdocs\zendLibrary\Zend\Log\Formatter\WS_FTP.LOG --> ftp.sbrafh.org.br /sbrafh/Web/zendLibrary/Zend/Log/Formatter WS_FTP.LOG
2011.06.30 03:24 B F:\xampp\htdocs\zendLibrary\Zend\Log\Formatter\Xml.php --> ftp.sbrafh.org.br /sbrafh/Web/zendLibrary/Zend/Log/Formatter Xml.php
2011.06.30 03:24 B F:\xampp\htdocs\zendLibrary\Zend\Log\Formatter\Simple.php --> ftp.sbrafh.org.br /sbrafh/Web/zendLibrary/Zend/Log/Formatter Simple.php
2011.06.30 03:24 B F:\xampp\htdocs\zendLibrary\Zend\Log\Formatter\Interface.php --> ftp.sbrafh.org.br /sbrafh/Web/zendLibrary/Zend/Log/Formatter Interface.php
2011.06.30 03:24 B F:\xampp\htdocs\zendLibrary\Zend\Log\Formatter\Firebug.php --> ftp.sbrafh.org.br /sbrafh/Web/zendLibrary/Zend/Log/Formatter Firebug.php
2011.06.30 03:24 B F:\xampp\htdocs\zendLibrary\Zend\Log\Formatter\Abstract.php --> ftp.sbrafh.org.br /sbrafh/Web/zendLibrary/Zend/Log/Formatter Abstract.php
2011.07.09 00:12 B F:\xampp\htdocs\zendLibrary\Zend\Log\Formatter\Abstract.php --> ftp.radiofone.com.br /public_html/radiofone/zendLibrary/Zend/Log/Formatter Abstract.php
2011.07.09 00:12 B F:\xampp\htdocs\zendLibrary\Zend\Log\Formatter\Firebug.php --> ftp.radiofone.com.br /public_html/radiofone/zendLibrary/Zend/Log/Formatter Firebug.php
2011.07.09 00:12 B F:\xampp\htdocs\zendLibrary\Zend\Log\Formatter\Interface.php --> ftp.radiofone.com.br /public_html/radiofone/zendLibrary/Zend/Log/Formatter Interface.php
2011.07.09 00:12 B F:\xampp\htdocs\zendLibrary\Zend\Log\Formatter\Simple.php --> ftp.radiofone.com.br /public_html/radiofone/zendLibrary/Zend/Log/Formatter Simple.php
2011.07.09 00:12 B F:\xampp\htdocs\zendLibrary\Zend\Log\Formatter\WS_FTP.LOG --> ftp.radiofone.com.br /public_html/radiofone/zendLibrary/Zend/Log/Formatter WS_FTP.LOG
2011.07.09 00:12 B F:\xampp\htdocs\zendLibrary\Zend\Log\Formatter\Xml.php --> ftp.radiofone.com.br /public_html/radiofone/zendLibrary/Zend/Log/Formatter Xml.php
2011.07.09 00:49 B F:\xampp\htdocs\zendLibrary\Zend\Log\Formatter\WS_FTP.LOG --> ftp.radiofone.com.br /public_html/radiofone/zendLibrary/Zend/Log/Formatter WS_FTP.LOG
2011.07.26 23:01 B F:\xampp\htdocs\zendLibrary\Zend\Log\Formatter\Abstract.php --> ftp.sobrafo.org.br /public_html/zendLibrary/Zend/Log/Formatter Abstract.php
2011.07.26 23:01 B F:\xampp\htdocs\zendLibrary\Zend\Log\Formatter\Firebug.php --> ftp.sobrafo.org.br /public_html/zendLibrary/Zend/Log/Formatter Firebug.php
2011.07.26 23:01 B F:\xampp\htdocs\zendLibrary\Zend\Log\Formatter\Interface.php --> ftp.sobrafo.org.br /public_html/zendLibrary/Zend/Log/Formatter Interface.php
2011.07.26 23:01 B F:\xampp\htdocs\zendLibrary\Zend\Log\Formatter\Simple.php --> ftp.sobrafo.org.br /public_html/zendLibrary/Zend/Log/Formatter Simple.php
2011.07.26 23:01 B F:\xampp\htdocs\zendLibrary\Zend\Log\Formatter\WS_FTP.LOG --> ftp.sobrafo.org.br /public_html/zendLibrary/Zend/Log/Formatter WS_FTP.LOG
2011.07.26 23:01 B F:\xampp\htdocs\zendLibrary\Zend\Log\Formatter\Xml.php --> ftp.sobrafo.org.br /public_html/zendLibrary/Zend/Log/Formatter Xml.php
2011.08.09 17:21 B F:\xampp\htdocs\ZendLibrary\Zend\Log\Formatter\Abstract.php --> ftp.amfar.com.br /public_html/ZendLibrary/Zend/Log/Formatter Abstract.php
2011.08.09 17:21 B F:\xampp\htdocs\ZendLibrary\Zend\Log\Formatter\Firebug.php --> ftp.amfar.com.br /public_html/ZendLibrary/Zend/Log/Formatter Firebug.php
2011.08.09 17:21 B F:\xampp\htdocs\ZendLibrary\Zend\Log\Formatter\Interface.php --> ftp.amfar.com.br /public_html/ZendLibrary/Zend/Log/Formatter Interface.php
2011.08.09 17:21 B F:\xampp\htdocs\ZendLibrary\Zend\Log\Formatter\Simple.php --> ftp.amfar.com.br /public_html/ZendLibrary/Zend/Log/Formatter Simple.php
