2011.06.20 18:37 B F:\xampp\htdocs\zf-tutorial\library\Zend\Gdata\Books\CollectionEntry.php --> ftp.portalridgid.com.br /public_html/zf-tutorial/library/Zend/Gdata/Books CollectionEntry.php
2011.06.20 18:37 B F:\xampp\htdocs\zf-tutorial\library\Zend\Gdata\Books\CollectionFeed.php --> ftp.portalridgid.com.br /public_html/zf-tutorial/library/Zend/Gdata/Books CollectionFeed.php
2011.06.20 18:37 B F:\xampp\htdocs\zf-tutorial\library\Zend\Gdata\Books\VolumeEntry.php --> ftp.portalridgid.com.br /public_html/zf-tutorial/library/Zend/Gdata/Books VolumeEntry.php
2011.06.20 18:37 B F:\xampp\htdocs\zf-tutorial\library\Zend\Gdata\Books\VolumeFeed.php --> ftp.portalridgid.com.br /public_html/zf-tutorial/library/Zend/Gdata/Books VolumeFeed.php
2011.06.20 18:37 B F:\xampp\htdocs\zf-tutorial\library\Zend\Gdata\Books\VolumeQuery.php --> ftp.portalridgid.com.br /public_html/zf-tutorial/library/Zend/Gdata/Books VolumeQuery.php
2011.06.30 03:36 B F:\xampp\htdocs\zendLibrary\Zend\Gdata\Books\WS_FTP.LOG --> ftp.sbrafh.org.br /sbrafh/Web/zendLibrary/Zend/Gdata/Books WS_FTP.LOG
2011.06.30 03:36 B F:\xampp\htdocs\zendLibrary\Zend\Gdata\Books\VolumeQuery.php --> ftp.sbrafh.org.br /sbrafh/Web/zendLibrary/Zend/Gdata/Books VolumeQuery.php
2011.06.30 03:36 B F:\xampp\htdocs\zendLibrary\Zend\Gdata\Books\VolumeFeed.php --> ftp.sbrafh.org.br /sbrafh/Web/zendLibrary/Zend/Gdata/Books VolumeFeed.php
2011.06.30 03:36 B F:\xampp\htdocs\zendLibrary\Zend\Gdata\Books\VolumeEntry.php --> ftp.sbrafh.org.br /sbrafh/Web/zendLibrary/Zend/Gdata/Books VolumeEntry.php
2011.06.30 03:36 B F:\xampp\htdocs\zendLibrary\Zend\Gdata\Books\CollectionFeed.php --> ftp.sbrafh.org.br /sbrafh/Web/zendLibrary/Zend/Gdata/Books CollectionFeed.php
2011.06.30 03:36 B F:\xampp\htdocs\zendLibrary\Zend\Gdata\Books\CollectionEntry.php --> ftp.sbrafh.org.br /sbrafh/Web/zendLibrary/Zend/Gdata/Books CollectionEntry.php
2011.07.08 23:50 B F:\xampp\htdocs\zendLibrary\Zend\Gdata\Books\CollectionEntry.php --> ftp.radiofone.com.br /public_html/radiofone/zendLibrary/Zend/Gdata/Books CollectionEntry.php
2011.07.08 23:50 B F:\xampp\htdocs\zendLibrary\Zend\Gdata\Books\CollectionFeed.php --> ftp.radiofone.com.br /public_html/radiofone/zendLibrary/Zend/Gdata/Books CollectionFeed.php
2011.07.08 23:50 B F:\xampp\htdocs\zendLibrary\Zend\Gdata\Books\VolumeEntry.php --> ftp.radiofone.com.br /public_html/radiofone/zendLibrary/Zend/Gdata/Books VolumeEntry.php
2011.07.08 23:50 B F:\xampp\htdocs\zendLibrary\Zend\Gdata\Books\VolumeFeed.php --> ftp.radiofone.com.br /public_html/radiofone/zendLibrary/Zend/Gdata/Books VolumeFeed.php
2011.07.08 23:50 B F:\xampp\htdocs\zendLibrary\Zend\Gdata\Books\VolumeQuery.php --> ftp.radiofone.com.br /public_html/radiofone/zendLibrary/Zend/Gdata/Books VolumeQuery.php
2011.07.08 23:50 B F:\xampp\htdocs\zendLibrary\Zend\Gdata\Books\WS_FTP.LOG --> ftp.radiofone.com.br /public_html/radiofone/zendLibrary/Zend/Gdata/Books WS_FTP.LOG
2011.07.09 00:47 B F:\xampp\htdocs\zendLibrary\Zend\Gdata\Books\WS_FTP.LOG --> ftp.radiofone.com.br /public_html/radiofone/zendLibrary/Zend/Gdata/Books WS_FTP.LOG
2011.07.26 22:51 B F:\xampp\htdocs\zendLibrary\Zend\Gdata\Books\CollectionEntry.php --> ftp.sobrafo.org.br /public_html/zendLibrary/Zend/Gdata/Books CollectionEntry.php
2011.07.26 22:51 B F:\xampp\htdocs\zendLibrary\Zend\Gdata\Books\CollectionFeed.php --> ftp.sobrafo.org.br /public_html/zendLibrary/Zend/Gdata/Books CollectionFeed.php
2011.07.26 22:51 B F:\xampp\htdocs\zendLibrary\Zend\Gdata\Books\VolumeEntry.php --> ftp.sobrafo.org.br /public_html/zendLibrary/Zend/Gdata/Books VolumeEntry.php
2011.07.26 22:51 B F:\xampp\htdocs\zendLibrary\Zend\Gdata\Books\VolumeFeed.php --> ftp.sobrafo.org.br /public_html/zendLibrary/Zend/Gdata/Books VolumeFeed.php
2011.07.26 22:51 B F:\xampp\htdocs\zendLibrary\Zend\Gdata\Books\VolumeQuery.php --> ftp.sobrafo.org.br /public_html/zendLibrary/Zend/Gdata/Books VolumeQuery.php
2011.07.26 22:51 B F:\xampp\htdocs\zendLibrary\Zend\Gdata\Books\WS_FTP.LOG --> ftp.sobrafo.org.br /public_html/zendLibrary/Zend/Gdata/Books WS_FTP.LOG
2011.08.09 17:01 B F:\xampp\htdocs\ZendLibrary\Zend\Gdata\Books\CollectionEntry.php --> ftp.amfar.com.br /public_html/ZendLibrary/Zend/Gdata/Books CollectionEntry.php
2011.08.09 17:01 B F:\xampp\htdocs\ZendLibrary\Zend\Gdata\Books\CollectionFeed.php --> ftp.amfar.com.br /public_html/ZendLibrary/Zend/Gdata/Books CollectionFeed.php
2011.08.09 17:01 B F:\xampp\htdocs\ZendLibrary\Zend\Gdata\Books\VolumeEntry.php --> ftp.amfar.com.br /public_html/ZendLibrary/Zend/Gdata/Books VolumeEntry.php
2011.08.09 17:01 B F:\xampp\htdocs\ZendLibrary\Zend\Gdata\Books\VolumeFeed.php --> ftp.amfar.com.br /public_html/ZendLibrary/Zend/Gdata/Books VolumeFeed.php
2011.08.09 17:01 B F:\xampp\htdocs\ZendLibrary\Zend\Gdata\Books\VolumeQuery.php --> ftp.amfar.com.br /public_html/ZendLibrary/Zend/Gdata/Books VolumeQuery.php
