2011.06.20 18:31 B F:\xampp\htdocs\zf-tutorial\library\Zend\Cloud\QueueService\Adapter\AbstractAdapter.php --> ftp.portalridgid.com.br /public_html/zf-tutorial/library/Zend/Cloud/QueueService/Adapter AbstractAdapter.php
2011.06.20 18:31 B F:\xampp\htdocs\zf-tutorial\library\Zend\Cloud\QueueService\Adapter\Sqs.php --> ftp.portalridgid.com.br /public_html/zf-tutorial/library/Zend/Cloud/QueueService/Adapter Sqs.php
2011.06.20 18:31 B F:\xampp\htdocs\zf-tutorial\library\Zend\Cloud\QueueService\Adapter\WindowsAzure.php --> ftp.portalridgid.com.br /public_html/zf-tutorial/library/Zend/Cloud/QueueService/Adapter WindowsAzure.php
2011.06.20 18:31 B F:\xampp\htdocs\zf-tutorial\library\Zend\Cloud\QueueService\Adapter\ZendQueue.php --> ftp.portalridgid.com.br /public_html/zf-tutorial/library/Zend/Cloud/QueueService/Adapter ZendQueue.php
2011.06.30 03:44 B F:\xampp\htdocs\zendLibrary\Zend\Cloud\QueueService\Adapter\WS_FTP.LOG --> ftp.sbrafh.org.br /sbrafh/Web/zendLibrary/Zend/Cloud/QueueService/Adapter WS_FTP.LOG
2011.06.30 03:44 B F:\xampp\htdocs\zendLibrary\Zend\Cloud\QueueService\Adapter\ZendQueue.php --> ftp.sbrafh.org.br /sbrafh/Web/zendLibrary/Zend/Cloud/QueueService/Adapter ZendQueue.php
2011.06.30 03:44 B F:\xampp\htdocs\zendLibrary\Zend\Cloud\QueueService\Adapter\WindowsAzure.php --> ftp.sbrafh.org.br /sbrafh/Web/zendLibrary/Zend/Cloud/QueueService/Adapter WindowsAzure.php
2011.06.30 03:44 B F:\xampp\htdocs\zendLibrary\Zend\Cloud\QueueService\Adapter\Sqs.php --> ftp.sbrafh.org.br /sbrafh/Web/zendLibrary/Zend/Cloud/QueueService/Adapter Sqs.php
2011.06.30 03:44 B F:\xampp\htdocs\zendLibrary\Zend\Cloud\QueueService\Adapter\AbstractAdapter.php --> ftp.sbrafh.org.br /sbrafh/Web/zendLibrary/Zend/Cloud/QueueService/Adapter AbstractAdapter.php
2011.07.08 23:44 B F:\xampp\htdocs\zendLibrary\Zend\Cloud\QueueService\Adapter\AbstractAdapter.php --> ftp.radiofone.com.br /public_html/radiofone/zendLibrary/Zend/Cloud/QueueService/Adapter AbstractAdapter.php
2011.07.08 23:44 B F:\xampp\htdocs\zendLibrary\Zend\Cloud\QueueService\Adapter\Sqs.php --> ftp.radiofone.com.br /public_html/radiofone/zendLibrary/Zend/Cloud/QueueService/Adapter Sqs.php
2011.07.08 23:44 B F:\xampp\htdocs\zendLibrary\Zend\Cloud\QueueService\Adapter\WindowsAzure.php --> ftp.radiofone.com.br /public_html/radiofone/zendLibrary/Zend/Cloud/QueueService/Adapter WindowsAzure.php
2011.07.08 23:44 B F:\xampp\htdocs\zendLibrary\Zend\Cloud\QueueService\Adapter\WS_FTP.LOG --> ftp.radiofone.com.br /public_html/radiofone/zendLibrary/Zend/Cloud/QueueService/Adapter WS_FTP.LOG
2011.07.08 23:44 B F:\xampp\htdocs\zendLibrary\Zend\Cloud\QueueService\Adapter\ZendQueue.php --> ftp.radiofone.com.br /public_html/radiofone/zendLibrary/Zend/Cloud/QueueService/Adapter ZendQueue.php
2011.07.26 22:45 B F:\xampp\htdocs\zendLibrary\Zend\Cloud\QueueService\Adapter\AbstractAdapter.php --> ftp.sobrafo.org.br /public_html/zendLibrary/Zend/Cloud/QueueService/Adapter AbstractAdapter.php
2011.07.26 22:45 B F:\xampp\htdocs\zendLibrary\Zend\Cloud\QueueService\Adapter\Sqs.php --> ftp.sobrafo.org.br /public_html/zendLibrary/Zend/Cloud/QueueService/Adapter Sqs.php
2011.07.26 22:45 B F:\xampp\htdocs\zendLibrary\Zend\Cloud\QueueService\Adapter\WindowsAzure.php --> ftp.sobrafo.org.br /public_html/zendLibrary/Zend/Cloud/QueueService/Adapter WindowsAzure.php
2011.07.26 22:45 B F:\xampp\htdocs\zendLibrary\Zend\Cloud\QueueService\Adapter\WS_FTP.LOG --> ftp.sobrafo.org.br /public_html/zendLibrary/Zend/Cloud/QueueService/Adapter WS_FTP.LOG
2011.07.26 22:45 B F:\xampp\htdocs\zendLibrary\Zend\Cloud\QueueService\Adapter\ZendQueue.php --> ftp.sobrafo.org.br /public_html/zendLibrary/Zend/Cloud/QueueService/Adapter ZendQueue.php
2011.08.05 01:00 B F:\xampp\htdocs\ZendLibrary\Zend\Cloud\QueueService\Adapter\WS_FTP.LOG --> ftp.portalridgid.com.br /public_html/zendLibrary/Zend/Cloud/QueueService/Adapter WS_FTP.LOG
2011.08.09 16:55 B F:\xampp\htdocs\ZendLibrary\Zend\Cloud\QueueService\Adapter\AbstractAdapter.php --> ftp.amfar.com.br /public_html/ZendLibrary/Zend/Cloud/QueueService/Adapter AbstractAdapter.php
2011.08.09 16:55 B F:\xampp\htdocs\ZendLibrary\Zend\Cloud\QueueService\Adapter\Sqs.php --> ftp.amfar.com.br /public_html/ZendLibrary/Zend/Cloud/QueueService/Adapter Sqs.php
2011.08.09 16:55 B F:\xampp\htdocs\ZendLibrary\Zend\Cloud\QueueService\Adapter\WindowsAzure.php --> ftp.amfar.com.br /public_html/ZendLibrary/Zend/Cloud/QueueService/Adapter WindowsAzure.php
2011.08.09 16:55 B F:\xampp\htdocs\ZendLibrary\Zend\Cloud\QueueService\Adapter\WS_FTP.LOG --> ftp.amfar.com.br /public_html/ZendLibrary/Zend/Cloud/QueueService/Adapter WS_FTP.LOG
2011.08.09 16:55 B F:\xampp\htdocs\ZendLibrary\Zend\Cloud\QueueService\Adapter\ZendQueue.php --> ftp.amfar.com.br /public_html/ZendLibrary/Zend/Cloud/QueueService/Adapter ZendQueue.php
2011.08.22 20:57 B X:\xampp\htdocs\ZendLibrary\Zend\Cloud\QueueService\Adapter\AbstractAdapter.php --> ftp.jairodepaula.com.br /jairodepaula/web/ZendLibrary/Zend/Cloud/QueueService/Adapter AbstractAdapter.php
2011.08.22 20:57 B X:\xampp\htdocs\ZendLibrary\Zend\Cloud\QueueService\Adapter\Sqs.php --> ftp.jairodepaula.com.br /jairodepaula/web/ZendLibrary/Zend/Cloud/QueueService/Adapter Sqs.php
2011.08.22 20:57 B X:\xampp\htdocs\ZendLibrary\Zend\Cloud\QueueService\Adapter\WindowsAzure.php --> ftp.jairodepaula.com.br /jairodepaula/web/ZendLibrary/Zend/Cloud/QueueService/Adapter WindowsAzure.php
2011.08.22 20:57 B X:\xampp\htdocs\ZendLibrary\Zend\Cloud\QueueService\Adapter\WS_FTP.LOG --> ftp.jairodepaula.com.br /jairodepaula/web/ZendLibrary/Zend/Cloud/QueueService/Adapter WS_FTP.LOG
2011.08.22 20:57 B X:\xampp\htdocs\ZendLibrary\Zend\Cloud\QueueService\Adapter\ZendQueue.php --> ftp.jairodepaula.com.br /jairodepaula/web/ZendLibrary/Zend/Cloud/QueueService/Adapter ZendQueue.php
2011.12.31 14:47 B F:\xampp\htdocs\ZendLibrary\Zend\Cloud\QueueService\Adapter\AbstractAdapter.php --> ftp.sbrafh.org.br /public_html/ZendLibrary/Zend/Cloud/QueueService/Adapter AbstractAdapter.php
2011.12.31 14:47 B F:\xampp\htdocs\ZendLibrary\Zend\Cloud\QueueService\Adapter\Sqs.php --> ftp.sbrafh.org.br /public_html/ZendLibrary/Zend/Cloud/QueueService/Adapter Sqs.php
2011.12.31 14:47 B F:\xampp\htdocs\ZendLibrary\Zend\Cloud\QueueService\Adapter\WindowsAzure.php --> ftp.sbrafh.org.br /public_html/ZendLibrary/Zend/Cloud/QueueService/Adapter WindowsAzure.php
2011.12.31 14:47 B F:\xampp\htdocs\ZendLibrary\Zend\Cloud\QueueService\Adapter\WS_FTP.LOG --> ftp.sbrafh.org.br /public_html/ZendLibrary/Zend/Cloud/QueueService/Adapter WS_FTP.LOG
2011.12.31 14:47 B F:\xampp\htdocs\ZendLibrary\Zend\Cloud\QueueService\Adapter\ZendQueue.php --> ftp.sbrafh.org.br /public_html/ZendLibrary/Zend/Cloud/QueueService/Adapter ZendQueue.php
2012.01.06 03:16 B F:\xampp\htdocs\ZendLibrary\Zend\Cloud\QueueService\Adapter\AbstractAdapter.php --> ftp461.locaweb.com.br /ridgid/web/ZendLibrary/Zend/Cloud/QueueService/Adapter AbstractAdapter.php
2012.01.06 03:16 B F:\xampp\htdocs\ZendLibrary\Zend\Cloud\QueueService\Adapter\Sqs.php --> ftp461.locaweb.com.br /ridgid/web/ZendLibrary/Zend/Cloud/QueueService/Adapter Sqs.php
2012.01.06 03:16 B F:\xampp\htdocs\ZendLibrary\Zend\Cloud\QueueService\Adapter\WindowsAzure.php --> ftp461.locaweb.com.br /ridgid/web/ZendLibrary/Zend/Cloud/QueueService/Adapter WindowsAzure.php
2012.01.06 03:16 B F:\xampp\htdocs\ZendLibrary\Zend\Cloud\QueueService\Adapter\WS_FTP.LOG --> ftp461.locaweb.com.br /ridgid/web/ZendLibrary/Zend/Cloud/QueueService/Adapter WS_FTP.LOG
2012.01.06 03:16 B F:\xampp\htdocs\ZendLibrary\Zend\Cloud\QueueService\Adapter\ZendQueue.php --> ftp461.locaweb.com.br /ridgid/web/ZendLibrary/Zend/Cloud/QueueService/Adapter ZendQueue.php
2012.01.24 17:30 B F:\xampp\htdocs\ZendLibrary\Zend\Cloud\QueueService\Adapter\AbstractAdapter.php --> graficamarmar.com.br /htdocs/ZendLibrary/Zend/Cloud/QueueService/Adapter AbstractAdapter.php
2012.01.24 17:30 B F:\xampp\htdocs\ZendLibrary\Zend\Cloud\QueueService\Adapter\Sqs.php --> graficamarmar.com.br /htdocs/ZendLibrary/Zend/Cloud/QueueService/Adapter Sqs.php
2012.01.24 17:30 B F:\xampp\htdocs\ZendLibrary\Zend\Cloud\QueueService\Adapter\WindowsAzure.php --> graficamarmar.com.br /htdocs/ZendLibrary/Zend/Cloud/QueueService/Adapter WindowsAzure.php
2012.01.24 17:30 B F:\xampp\htdocs\ZendLibrary\Zend\Cloud\QueueService\Adapter\WS_FTP.LOG --> graficamarmar.com.br /htdocs/ZendLibrary/Zend/Cloud/QueueService/Adapter WS_FTP.LOG
2012.01.24 17:30 B F:\xampp\htdocs\ZendLibrary\Zend\Cloud\QueueService\Adapter\ZendQueue.php --> graficamarmar.com.br /htdocs/ZendLibrary/Zend/Cloud/QueueService/Adapter ZendQueue.php
2012.02.08 17:04 B F:\xampp\htdocs\ZendLibrary\Zend\Cloud\QueueService\Adapter\AbstractAdapter.php --> graficamarmar.hospedagemdesites.ws /public_html/ZendLibrary/Zend/Cloud/QueueService/Adapter AbstractAdapter.php
2012.02.08 17:04 B F:\xampp\htdocs\ZendLibrary\Zend\Cloud\QueueService\Adapter\Sqs.php --> graficamarmar.hospedagemdesites.ws /public_html/ZendLibrary/Zend/Cloud/QueueService/Adapter Sqs.php
2012.02.08 17:04 B F:\xampp\htdocs\ZendLibrary\Zend\Cloud\QueueService\Adapter\WindowsAzure.php --> graficamarmar.hospedagemdesites.ws /public_html/ZendLibrary/Zend/Cloud/QueueService/Adapter WindowsAzure.php
2012.02.08 17:04 B F:\xampp\htdocs\ZendLibrary\Zend\Cloud\QueueService\Adapter\WS_FTP.LOG --> graficamarmar.hospedagemdesites.ws /public_html/ZendLibrary/Zend/Cloud/QueueService/Adapter WS_FTP.LOG
2012.02.08 17:04 B F:\xampp\htdocs\ZendLibrary\Zend\Cloud\QueueService\Adapter\ZendQueue.php --> graficamarmar.hospedagemdesites.ws /public_html/ZendLibrary/Zend/Cloud/QueueService/Adapter ZendQueue.php
2012.10.29 14:40 B F:\xampp\htdocs\ZendLibrary\Zend\Cloud\QueueService\Adapter\AbstractAdapter.php --> 186.202.153.85 /public_html/ZendLibrary/Zend/Cloud/QueueService/Adapter AbstractAdapter.php
2012.10.29 14:40 B F:\xampp\htdocs\ZendLibrary\Zend\Cloud\QueueService\Adapter\Sqs.php --> 186.202.153.85 /public_html/ZendLibrary/Zend/Cloud/QueueService/Adapter Sqs.php
2012.10.29 14:40 B F:\xampp\htdocs\ZendLibrary\Zend\Cloud\QueueService\Adapter\WindowsAzure.php --> 186.202.153.85 /public_html/ZendLibrary/Zend/Cloud/QueueService/Adapter WindowsAzure.php
2012.10.29 14:40 B F:\xampp\htdocs\ZendLibrary\Zend\Cloud\QueueService\Adapter\WS_FTP.LOG --> 186.202.153.85 /public_html/ZendLibrary/Zend/Cloud/QueueService/Adapter WS_FTP.LOG
2012.10.29 14:40 B F:\xampp\htdocs\ZendLibrary\Zend\Cloud\QueueService\Adapter\ZendQueue.php --> 186.202.153.85 /public_html/ZendLibrary/Zend/Cloud/QueueService/Adapter ZendQueue.php
