2011.06.20 18:49 B F:\xampp\htdocs\zf-tutorial\library\Zend\Pdf\Action.php --> ftp.portalridgid.com.br /public_html/zf-tutorial/library/Zend/Pdf Action.php
2011.06.20 18:49 B F:\xampp\htdocs\zf-tutorial\library\Zend\Pdf\Annotation.php --> ftp.portalridgid.com.br /public_html/zf-tutorial/library/Zend/Pdf Annotation.php
2011.06.20 18:49 B F:\xampp\htdocs\zf-tutorial\library\Zend\Pdf\Canvas.php --> ftp.portalridgid.com.br /public_html/zf-tutorial/library/Zend/Pdf Canvas.php
2011.06.20 18:49 B F:\xampp\htdocs\zf-tutorial\library\Zend\Pdf\Cmap.php --> ftp.portalridgid.com.br /public_html/zf-tutorial/library/Zend/Pdf Cmap.php
2011.06.20 18:49 B F:\xampp\htdocs\zf-tutorial\library\Zend\Pdf\Color.php --> ftp.portalridgid.com.br /public_html/zf-tutorial/library/Zend/Pdf Color.php
2011.06.20 18:49 B F:\xampp\htdocs\zf-tutorial\library\Zend\Pdf\Destination.php --> ftp.portalridgid.com.br /public_html/zf-tutorial/library/Zend/Pdf Destination.php
2011.06.20 18:49 B F:\xampp\htdocs\zf-tutorial\library\Zend\Pdf\Element.php --> ftp.portalridgid.com.br /public_html/zf-tutorial/library/Zend/Pdf Element.php
2011.06.20 18:49 B F:\xampp\htdocs\zf-tutorial\library\Zend\Pdf\ElementFactory.php --> ftp.portalridgid.com.br /public_html/zf-tutorial/library/Zend/Pdf ElementFactory.php
2011.06.20 18:49 B F:\xampp\htdocs\zf-tutorial\library\Zend\Pdf\Exception.php --> ftp.portalridgid.com.br /public_html/zf-tutorial/library/Zend/Pdf Exception.php
2011.06.20 18:49 B F:\xampp\htdocs\zf-tutorial\library\Zend\Pdf\FileParser.php --> ftp.portalridgid.com.br /public_html/zf-tutorial/library/Zend/Pdf FileParser.php
2011.06.20 18:49 B F:\xampp\htdocs\zf-tutorial\library\Zend\Pdf\FileParserDataSource.php --> ftp.portalridgid.com.br /public_html/zf-tutorial/library/Zend/Pdf FileParserDataSource.php
2011.06.20 18:49 B F:\xampp\htdocs\zf-tutorial\library\Zend\Pdf\Font.php --> ftp.portalridgid.com.br /public_html/zf-tutorial/library/Zend/Pdf Font.php
2011.06.20 18:49 B F:\xampp\htdocs\zf-tutorial\library\Zend\Pdf\Image.php --> ftp.portalridgid.com.br /public_html/zf-tutorial/library/Zend/Pdf Image.php
2011.06.20 18:49 B F:\xampp\htdocs\zf-tutorial\library\Zend\Pdf\NameTree.php --> ftp.portalridgid.com.br /public_html/zf-tutorial/library/Zend/Pdf NameTree.php
2011.06.20 18:49 B F:\xampp\htdocs\zf-tutorial\library\Zend\Pdf\Outline.php --> ftp.portalridgid.com.br /public_html/zf-tutorial/library/Zend/Pdf Outline.php
2011.06.20 18:49 B F:\xampp\htdocs\zf-tutorial\library\Zend\Pdf\Page.php --> ftp.portalridgid.com.br /public_html/zf-tutorial/library/Zend/Pdf Page.php
2011.06.20 18:49 B F:\xampp\htdocs\zf-tutorial\library\Zend\Pdf\Parser.php --> ftp.portalridgid.com.br /public_html/zf-tutorial/library/Zend/Pdf Parser.php
2011.06.20 18:49 B F:\xampp\htdocs\zf-tutorial\library\Zend\Pdf\RecursivelyIteratableObjectsContainer.php --> ftp.portalridgid.com.br /public_html/zf-tutorial/library/Zend/Pdf RecursivelyIteratableObjectsContainer.php
2011.06.20 18:49 B F:\xampp\htdocs\zf-tutorial\library\Zend\Pdf\Resource.php --> ftp.portalridgid.com.br /public_html/zf-tutorial/library/Zend/Pdf Resource.php
2011.06.20 18:49 B F:\xampp\htdocs\zf-tutorial\library\Zend\Pdf\StringParser.php --> ftp.portalridgid.com.br /public_html/zf-tutorial/library/Zend/Pdf StringParser.php
2011.06.20 18:49 B F:\xampp\htdocs\zf-tutorial\library\Zend\Pdf\Style.php --> ftp.portalridgid.com.br /public_html/zf-tutorial/library/Zend/Pdf Style.php
2011.06.20 18:49 B F:\xampp\htdocs\zf-tutorial\library\Zend\Pdf\Target.php --> ftp.portalridgid.com.br /public_html/zf-tutorial/library/Zend/Pdf Target.php
2011.06.20 18:49 B F:\xampp\htdocs\zf-tutorial\library\Zend\Pdf\Trailer.php --> ftp.portalridgid.com.br /public_html/zf-tutorial/library/Zend/Pdf Trailer.php
2011.06.20 18:49 B F:\xampp\htdocs\zf-tutorial\library\Zend\Pdf\UpdateInfoContainer.php --> ftp.portalridgid.com.br /public_html/zf-tutorial/library/Zend/Pdf UpdateInfoContainer.php
2011.06.30 03:21 B F:\xampp\htdocs\zendLibrary\Zend\Pdf\WS_FTP.LOG --> ftp.sbrafh.org.br /sbrafh/Web/zendLibrary/Zend/Pdf WS_FTP.LOG
2011.06.30 03:21 B F:\xampp\htdocs\zendLibrary\Zend\Pdf\UpdateInfoContainer.php --> ftp.sbrafh.org.br /sbrafh/Web/zendLibrary/Zend/Pdf UpdateInfoContainer.php
2011.06.30 03:21 B F:\xampp\htdocs\zendLibrary\Zend\Pdf\Trailer.php --> ftp.sbrafh.org.br /sbrafh/Web/zendLibrary/Zend/Pdf Trailer.php
2011.06.30 03:21 B F:\xampp\htdocs\zendLibrary\Zend\Pdf\Target.php --> ftp.sbrafh.org.br /sbrafh/Web/zendLibrary/Zend/Pdf Target.php
2011.06.30 03:21 B F:\xampp\htdocs\zendLibrary\Zend\Pdf\Style.php --> ftp.sbrafh.org.br /sbrafh/Web/zendLibrary/Zend/Pdf Style.php
2011.06.30 03:21 B F:\xampp\htdocs\zendLibrary\Zend\Pdf\StringParser.php --> ftp.sbrafh.org.br /sbrafh/Web/zendLibrary/Zend/Pdf StringParser.php
2011.06.30 03:21 B F:\xampp\htdocs\zendLibrary\Zend\Pdf\Resource.php --> ftp.sbrafh.org.br /sbrafh/Web/zendLibrary/Zend/Pdf Resource.php
2011.06.30 03:21 B F:\xampp\htdocs\zendLibrary\Zend\Pdf\RecursivelyIteratableObjectsContainer.php --> ftp.sbrafh.org.br /sbrafh/Web/zendLibrary/Zend/Pdf RecursivelyIteratableObjectsContainer.php
2011.06.30 03:21 B F:\xampp\htdocs\zendLibrary\Zend\Pdf\Parser.php --> ftp.sbrafh.org.br /sbrafh/Web/zendLibrary/Zend/Pdf Parser.php
2011.06.30 03:21 B F:\xampp\htdocs\zendLibrary\Zend\Pdf\Page.php --> ftp.sbrafh.org.br /sbrafh/Web/zendLibrary/Zend/Pdf Page.php
2011.06.30 03:21 B F:\xampp\htdocs\zendLibrary\Zend\Pdf\Outline.php --> ftp.sbrafh.org.br /sbrafh/Web/zendLibrary/Zend/Pdf Outline.php
2011.06.30 03:21 B F:\xampp\htdocs\zendLibrary\Zend\Pdf\NameTree.php --> ftp.sbrafh.org.br /sbrafh/Web/zendLibrary/Zend/Pdf NameTree.php
2011.06.30 03:21 B F:\xampp\htdocs\zendLibrary\Zend\Pdf\Image.php --> ftp.sbrafh.org.br /sbrafh/Web/zendLibrary/Zend/Pdf Image.php
2011.06.30 03:21 B F:\xampp\htdocs\zendLibrary\Zend\Pdf\Font.php --> ftp.sbrafh.org.br /sbrafh/Web/zendLibrary/Zend/Pdf Font.php
2011.06.30 03:21 B F:\xampp\htdocs\zendLibrary\Zend\Pdf\FileParserDataSource.php --> ftp.sbrafh.org.br /sbrafh/Web/zendLibrary/Zend/Pdf FileParserDataSource.php
2011.06.30 03:21 B F:\xampp\htdocs\zendLibrary\Zend\Pdf\FileParser.php --> ftp.sbrafh.org.br /sbrafh/Web/zendLibrary/Zend/Pdf FileParser.php
2011.06.30 03:21 B F:\xampp\htdocs\zendLibrary\Zend\Pdf\Exception.php --> ftp.sbrafh.org.br /sbrafh/Web/zendLibrary/Zend/Pdf Exception.php
2011.06.30 03:21 B F:\xampp\htdocs\zendLibrary\Zend\Pdf\ElementFactory.php --> ftp.sbrafh.org.br /sbrafh/Web/zendLibrary/Zend/Pdf ElementFactory.php
2011.06.30 03:21 B F:\xampp\htdocs\zendLibrary\Zend\Pdf\Element.php --> ftp.sbrafh.org.br /sbrafh/Web/zendLibrary/Zend/Pdf Element.php
2011.06.30 03:21 B F:\xampp\htdocs\zendLibrary\Zend\Pdf\Destination.php --> ftp.sbrafh.org.br /sbrafh/Web/zendLibrary/Zend/Pdf Destination.php
2011.06.30 03:21 B F:\xampp\htdocs\zendLibrary\Zend\Pdf\Color.php --> ftp.sbrafh.org.br /sbrafh/Web/zendLibrary/Zend/Pdf Color.php
2011.06.30 03:21 B F:\xampp\htdocs\zendLibrary\Zend\Pdf\Cmap.php --> ftp.sbrafh.org.br /sbrafh/Web/zendLibrary/Zend/Pdf Cmap.php
2011.06.30 03:21 B F:\xampp\htdocs\zendLibrary\Zend\Pdf\Canvas.php --> ftp.sbrafh.org.br /sbrafh/Web/zendLibrary/Zend/Pdf Canvas.php
2011.06.30 03:21 B F:\xampp\htdocs\zendLibrary\Zend\Pdf\Annotation.php --> ftp.sbrafh.org.br /sbrafh/Web/zendLibrary/Zend/Pdf Annotation.php
2011.06.30 03:21 B F:\xampp\htdocs\zendLibrary\Zend\Pdf\Action.php --> ftp.sbrafh.org.br /sbrafh/Web/zendLibrary/Zend/Pdf Action.php
2011.07.09 00:15 B F:\xampp\htdocs\zendLibrary\Zend\Pdf\Action.php --> ftp.radiofone.com.br /public_html/radiofone/zendLibrary/Zend/Pdf Action.php
2011.07.09 00:15 B F:\xampp\htdocs\zendLibrary\Zend\Pdf\Annotation.php --> ftp.radiofone.com.br /public_html/radiofone/zendLibrary/Zend/Pdf Annotation.php
2011.07.09 00:15 B F:\xampp\htdocs\zendLibrary\Zend\Pdf\Canvas.php --> ftp.radiofone.com.br /public_html/radiofone/zendLibrary/Zend/Pdf Canvas.php
2011.07.09 00:15 B F:\xampp\htdocs\zendLibrary\Zend\Pdf\Cmap.php --> ftp.radiofone.com.br /public_html/radiofone/zendLibrary/Zend/Pdf Cmap.php
2011.07.09 00:15 B F:\xampp\htdocs\zendLibrary\Zend\Pdf\Color.php --> ftp.radiofone.com.br /public_html/radiofone/zendLibrary/Zend/Pdf Color.php
2011.07.09 00:15 B F:\xampp\htdocs\zendLibrary\Zend\Pdf\Destination.php --> ftp.radiofone.com.br /public_html/radiofone/zendLibrary/Zend/Pdf Destination.php
2011.07.09 00:15 B F:\xampp\htdocs\zendLibrary\Zend\Pdf\Element.php --> ftp.radiofone.com.br /public_html/radiofone/zendLibrary/Zend/Pdf Element.php
2011.07.09 00:15 B F:\xampp\htdocs\zendLibrary\Zend\Pdf\ElementFactory.php --> ftp.radiofone.com.br /public_html/radiofone/zendLibrary/Zend/Pdf ElementFactory.php
2011.07.09 00:15 B F:\xampp\htdocs\zendLibrary\Zend\Pdf\Exception.php --> ftp.radiofone.com.br /public_html/radiofone/zendLibrary/Zend/Pdf Exception.php
2011.07.09 00:15 B F:\xampp\htdocs\zendLibrary\Zend\Pdf\FileParser.php --> ftp.radiofone.com.br /public_html/radiofone/zendLibrary/Zend/Pdf FileParser.php
2011.07.09 00:15 B F:\xampp\htdocs\zendLibrary\Zend\Pdf\FileParserDataSource.php --> ftp.radiofone.com.br /public_html/radiofone/zendLibrary/Zend/Pdf FileParserDataSource.php
2011.07.09 00:15 B F:\xampp\htdocs\zendLibrary\Zend\Pdf\Font.php --> ftp.radiofone.com.br /public_html/radiofone/zendLibrary/Zend/Pdf Font.php
2011.07.09 00:15 B F:\xampp\htdocs\zendLibrary\Zend\Pdf\Image.php --> ftp.radiofone.com.br /public_html/radiofone/zendLibrary/Zend/Pdf Image.php
2011.07.09 00:15 B F:\xampp\htdocs\zendLibrary\Zend\Pdf\NameTree.php --> ftp.radiofone.com.br /public_html/radiofone/zendLibrary/Zend/Pdf NameTree.php
2011.07.09 00:15 B F:\xampp\htdocs\zendLibrary\Zend\Pdf\Outline.php --> ftp.radiofone.com.br /public_html/radiofone/zendLibrary/Zend/Pdf Outline.php
2011.07.09 00:15 B F:\xampp\htdocs\zendLibrary\Zend\Pdf\Page.php --> ftp.radiofone.com.br /public_html/radiofone/zendLibrary/Zend/Pdf Page.php
2011.07.09 00:15 B F:\xampp\htdocs\zendLibrary\Zend\Pdf\Parser.php --> ftp.radiofone.com.br /public_html/radiofone/zendLibrary/Zend/Pdf Parser.php
2011.07.09 00:15 B F:\xampp\htdocs\zendLibrary\Zend\Pdf\RecursivelyIteratableObjectsContainer.php --> ftp.radiofone.com.br /public_html/radiofone/zendLibrary/Zend/Pdf RecursivelyIteratableObjectsContainer.php
2011.07.09 00:15 B F:\xampp\htdocs\zendLibrary\Zend\Pdf\Resource.php --> ftp.radiofone.com.br /public_html/radiofone/zendLibrary/Zend/Pdf Resource.php
2011.07.09 00:15 B F:\xampp\htdocs\zendLibrary\Zend\Pdf\StringParser.php --> ftp.radiofone.com.br /public_html/radiofone/zendLibrary/Zend/Pdf StringParser.php
2011.07.09 00:15 B F:\xampp\htdocs\zendLibrary\Zend\Pdf\Style.php --> ftp.radiofone.com.br /public_html/radiofone/zendLibrary/Zend/Pdf Style.php
2011.07.09 00:15 B F:\xampp\htdocs\zendLibrary\Zend\Pdf\Target.php --> ftp.radiofone.com.br /public_html/radiofone/zendLibrary/Zend/Pdf Target.php
2011.07.09 00:15 B F:\xampp\htdocs\zendLibrary\Zend\Pdf\Trailer.php --> ftp.radiofone.com.br /public_html/radiofone/zendLibrary/Zend/Pdf Trailer.php
2011.07.09 00:15 B F:\xampp\htdocs\zendLibrary\Zend\Pdf\UpdateInfoContainer.php --> ftp.radiofone.com.br /public_html/radiofone/zendLibrary/Zend/Pdf UpdateInfoContainer.php
2011.07.09 00:15 B F:\xampp\htdocs\zendLibrary\Zend\Pdf\WS_FTP.LOG --> ftp.radiofone.com.br /public_html/radiofone/zendLibrary/Zend/Pdf WS_FTP.LOG
2011.07.26 23:04 B F:\xampp\htdocs\zendLibrary\Zend\Pdf\Action.php --> ftp.sobrafo.org.br /public_html/zendLibrary/Zend/Pdf Action.php
2011.07.26 23:04 B F:\xampp\htdocs\zendLibrary\Zend\Pdf\Annotation.php --> ftp.sobrafo.org.br /public_html/zendLibrary/Zend/Pdf Annotation.php
2011.07.26 23:04 B F:\xampp\htdocs\zendLibrary\Zend\Pdf\Canvas.php --> ftp.sobrafo.org.br /public_html/zendLibrary/Zend/Pdf Canvas.php
2011.07.26 23:04 B F:\xampp\htdocs\zendLibrary\Zend\Pdf\Cmap.php --> ftp.sobrafo.org.br /public_html/zendLibrary/Zend/Pdf Cmap.php
2011.07.26 23:04 B F:\xampp\htdocs\zendLibrary\Zend\Pdf\Color.php --> ftp.sobrafo.org.br /public_html/zendLibrary/Zend/Pdf Color.php
2011.07.26 23:04 B F:\xampp\htdocs\zendLibrary\Zend\Pdf\Destination.php --> ftp.sobrafo.org.br /public_html/zendLibrary/Zend/Pdf Destination.php
2011.07.26 23:04 B F:\xampp\htdocs\zendLibrary\Zend\Pdf\Element.php --> ftp.sobrafo.org.br /public_html/zendLibrary/Zend/Pdf Element.php
2011.07.26 23:04 B F:\xampp\htdocs\zendLibrary\Zend\Pdf\ElementFactory.php --> ftp.sobrafo.org.br /public_html/zendLibrary/Zend/Pdf ElementFactory.php
2011.07.26 23:04 B F:\xampp\htdocs\zendLibrary\Zend\Pdf\Exception.php --> ftp.sobrafo.org.br /public_html/zendLibrary/Zend/Pdf Exception.php
2011.07.26 23:04 B F:\xampp\htdocs\zendLibrary\Zend\Pdf\FileParser.php --> ftp.sobrafo.org.br /public_html/zendLibrary/Zend/Pdf FileParser.php
2011.07.26 23:04 B F:\xampp\htdocs\zendLibrary\Zend\Pdf\FileParserDataSource.php --> ftp.sobrafo.org.br /public_html/zendLibrary/Zend/Pdf FileParserDataSource.php
2011.07.26 23:04 B F:\xampp\htdocs\zendLibrary\Zend\Pdf\Font.php --> ftp.sobrafo.org.br /public_html/zendLibrary/Zend/Pdf Font.php
2011.07.26 23:04 B F:\xampp\htdocs\zendLibrary\Zend\Pdf\Image.php --> ftp.sobrafo.org.br /public_html/zendLibrary/Zend/Pdf Image.php
2011.07.26 23:04 B F:\xampp\htdocs\zendLibrary\Zend\Pdf\NameTree.php --> ftp.sobrafo.org.br /public_html/zendLibrary/Zend/Pdf NameTree.php
2011.07.26 23:04 B F:\xampp\htdocs\zendLibrary\Zend\Pdf\Outline.php --> ftp.sobrafo.org.br /public_html/zendLibrary/Zend/Pdf Outline.php
2011.07.26 23:04 B F:\xampp\htdocs\zendLibrary\Zend\Pdf\Page.php --> ftp.sobrafo.org.br /public_html/zendLibrary/Zend/Pdf Page.php
2011.07.26 23:04 B F:\xampp\htdocs\zendLibrary\Zend\Pdf\Parser.php --> ftp.sobrafo.org.br /public_html/zendLibrary/Zend/Pdf Parser.php
2011.07.26 23:04 B F:\xampp\htdocs\zendLibrary\Zend\Pdf\RecursivelyIteratableObjectsContainer.php --> ftp.sobrafo.org.br /public_html/zendLibrary/Zend/Pdf RecursivelyIteratableObjectsContainer.php
2011.07.26 23:04 B F:\xampp\htdocs\zendLibrary\Zend\Pdf\Resource.php --> ftp.sobrafo.org.br /public_html/zendLibrary/Zend/Pdf Resource.php
2011.07.26 23:04 B F:\xampp\htdocs\zendLibrary\Zend\Pdf\StringParser.php --> ftp.sobrafo.org.br /public_html/zendLibrary/Zend/Pdf StringParser.php
2011.07.26 23:04 B F:\xampp\htdocs\zendLibrary\Zend\Pdf\Style.php --> ftp.sobrafo.org.br /public_html/zendLibrary/Zend/Pdf Style.php
2011.07.26 23:04 B F:\xampp\htdocs\zendLibrary\Zend\Pdf\Target.php --> ftp.sobrafo.org.br /public_html/zendLibrary/Zend/Pdf Target.php
2011.07.26 23:04 B F:\xampp\htdocs\zendLibrary\Zend\Pdf\Trailer.php --> ftp.sobrafo.org.br /public_html/zendLibrary/Zend/Pdf Trailer.php
2011.07.26 23:04 B F:\xampp\htdocs\zendLibrary\Zend\Pdf\UpdateInfoContainer.php --> ftp.sobrafo.org.br /public_html/zendLibrary/Zend/Pdf UpdateInfoContainer.php
2011.07.26 23:04 B F:\xampp\htdocs\zendLibrary\Zend\Pdf\WS_FTP.LOG --> ftp.sobrafo.org.br /public_html/zendLibrary/Zend/Pdf WS_FTP.LOG
2011.08.09 17:24 B F:\xampp\htdocs\ZendLibrary\Zend\Pdf\Action.php --> ftp.amfar.com.br /public_html/ZendLibrary/Zend/Pdf Action.php
2011.08.09 17:24 B F:\xampp\htdocs\ZendLibrary\Zend\Pdf\Annotation.php --> ftp.amfar.com.br /public_html/ZendLibrary/Zend/Pdf Annotation.php
2011.08.09 17:24 B F:\xampp\htdocs\ZendLibrary\Zend\Pdf\Canvas.php --> ftp.amfar.com.br /public_html/ZendLibrary/Zend/Pdf Canvas.php
2011.08.09 17:24 B F:\xampp\htdocs\ZendLibrary\Zend\Pdf\Cmap.php --> ftp.amfar.com.br /public_html/ZendLibrary/Zend/Pdf Cmap.php
2011.08.09 17:24 B F:\xampp\htdocs\ZendLibrary\Zend\Pdf\Color.php --> ftp.amfar.com.br /public_html/ZendLibrary/Zend/Pdf Color.php
2011.08.09 17:24 B F:\xampp\htdocs\ZendLibrary\Zend\Pdf\Destination.php --> ftp.amfar.com.br /public_html/ZendLibrary/Zend/Pdf Destination.php
2011.08.09 17:24 B F:\xampp\htdocs\ZendLibrary\Zend\Pdf\Element.php --> ftp.amfar.com.br /public_html/ZendLibrary/Zend/Pdf Element.php
2011.08.09 17:24 B F:\xampp\htdocs\ZendLibrary\Zend\Pdf\ElementFactory.php --> ftp.amfar.com.br /public_html/ZendLibrary/Zend/Pdf ElementFactory.php
2011.08.09 17:25 B F:\xampp\htdocs\ZendLibrary\Zend\Pdf\Exception.php --> ftp.amfar.com.br /public_html/ZendLibrary/Zend/Pdf Exception.php
2011.08.09 17:25 B F:\xampp\htdocs\ZendLibrary\Zend\Pdf\FileParser.php --> ftp.amfar.com.br /public_html/ZendLibrary/Zend/Pdf FileParser.php
2011.08.09 17:25 B F:\xampp\htdocs\ZendLibrary\Zend\Pdf\FileParserDataSource.php --> ftp.amfar.com.br /public_html/ZendLibrary/Zend/Pdf FileParserDataSource.php
2011.08.09 17:25 B F:\xampp\htdocs\ZendLibrary\Zend\Pdf\Font.php --> ftp.amfar.com.br /public_html/ZendLibrary/Zend/Pdf Font.php
2011.08.09 17:25 B F:\xampp\htdocs\ZendLibrary\Zend\Pdf\Image.php --> ftp.amfar.com.br /public_html/ZendLibrary/Zend/Pdf Image.php
2011.08.09 17:25 B F:\xampp\htdocs\ZendLibrary\Zend\Pdf\NameTree.php --> ftp.amfar.com.br /public_html/ZendLibrary/Zend/Pdf NameTree.php
2011.08.09 17:25 B F:\xampp\htdocs\ZendLibrary\Zend\Pdf\Outline.php --> ftp.amfar.com.br /public_html/ZendLibrary/Zend/Pdf Outline.php
2011.08.09 17:25 B F:\xampp\htdocs\ZendLibrary\Zend\Pdf\Page.php --> ftp.amfar.com.br /public_html/ZendLibrary/Zend/Pdf Page.php
2011.08.09 17:25 B F:\xampp\htdocs\ZendLibrary\Zend\Pdf\Parser.php --> ftp.amfar.com.br /public_html/ZendLibrary/Zend/Pdf Parser.php
2011.08.09 17:25 B F:\xampp\htdocs\ZendLibrary\Zend\Pdf\RecursivelyIteratableObjectsContainer.php --> ftp.amfar.com.br /public_html/ZendLibrary/Zend/Pdf RecursivelyIteratableObjectsContainer.php
2011.08.09 17:25 B F:\xampp\htdocs\ZendLibrary\Zend\Pdf\Resource.php --> ftp.amfar.com.br /public_html/ZendLibrary/Zend/Pdf Resource.php
2011.08.09 17:25 B F:\xampp\htdocs\ZendLibrary\Zend\Pdf\StringParser.php --> ftp.amfar.com.br /public_html/ZendLibrary/Zend/Pdf StringParser.php
2011.08.09 17:25 B F:\xampp\htdocs\ZendLibrary\Zend\Pdf\Style.php --> ftp.amfar.com.br /public_html/ZendLibrary/Zend/Pdf Style.php
2011.08.09 17:25 B F:\xampp\htdocs\ZendLibrary\Zend\Pdf\Target.php --> ftp.amfar.com.br /public_html/ZendLibrary/Zend/Pdf Target.php
2011.08.09 17:25 B F:\xampp\htdocs\ZendLibrary\Zend\Pdf\Trailer.php --> ftp.amfar.com.br /public_html/ZendLibrary/Zend/Pdf Trailer.php
2011.08.09 17:25 B F:\xampp\htdocs\ZendLibrary\Zend\Pdf\UpdateInfoContainer.php --> ftp.amfar.com.br /public_html/ZendLibrary/Zend/Pdf UpdateInfoContainer.php
