2011.06.20 18:55 B F:\xampp\htdocs\zf-tutorial\library\Zend\Soap\AutoDiscover.php --> ftp.portalridgid.com.br /public_html/zf-tutorial/library/Zend/Soap AutoDiscover.php
2011.06.20 18:55 B F:\xampp\htdocs\zf-tutorial\library\Zend\Soap\Client.php --> ftp.portalridgid.com.br /public_html/zf-tutorial/library/Zend/Soap Client.php
2011.06.20 18:55 B F:\xampp\htdocs\zf-tutorial\library\Zend\Soap\Server.php --> ftp.portalridgid.com.br /public_html/zf-tutorial/library/Zend/Soap Server.php
2011.06.20 18:55 B F:\xampp\htdocs\zf-tutorial\library\Zend\Soap\Wsdl.php --> ftp.portalridgid.com.br /public_html/zf-tutorial/library/Zend/Soap Wsdl.php
2011.06.30 03:11 B F:\xampp\htdocs\zendLibrary\Zend\Soap\WS_FTP.LOG --> ftp.sbrafh.org.br /sbrafh/Web/zendLibrary/Zend/Soap WS_FTP.LOG
2011.06.30 03:11 B F:\xampp\htdocs\zendLibrary\Zend\Soap\Wsdl.php --> ftp.sbrafh.org.br /sbrafh/Web/zendLibrary/Zend/Soap Wsdl.php
2011.06.30 03:11 B F:\xampp\htdocs\zendLibrary\Zend\Soap\Server.php --> ftp.sbrafh.org.br /sbrafh/Web/zendLibrary/Zend/Soap Server.php
2011.06.30 03:11 B F:\xampp\htdocs\zendLibrary\Zend\Soap\Client.php --> ftp.sbrafh.org.br /sbrafh/Web/zendLibrary/Zend/Soap Client.php
2011.06.30 03:11 B F:\xampp\htdocs\zendLibrary\Zend\Soap\AutoDiscover.php --> ftp.sbrafh.org.br /sbrafh/Web/zendLibrary/Zend/Soap AutoDiscover.php
2011.07.09 00:22 B F:\xampp\htdocs\zendLibrary\Zend\Soap\AutoDiscover.php --> ftp.radiofone.com.br /public_html/radiofone/zendLibrary/Zend/Soap AutoDiscover.php
2011.07.09 00:22 B F:\xampp\htdocs\zendLibrary\Zend\Soap\Client.php --> ftp.radiofone.com.br /public_html/radiofone/zendLibrary/Zend/Soap Client.php
2011.07.09 00:22 B F:\xampp\htdocs\zendLibrary\Zend\Soap\Server.php --> ftp.radiofone.com.br /public_html/radiofone/zendLibrary/Zend/Soap Server.php
2011.07.09 00:22 B F:\xampp\htdocs\zendLibrary\Zend\Soap\WS_FTP.LOG --> ftp.radiofone.com.br /public_html/radiofone/zendLibrary/Zend/Soap WS_FTP.LOG
2011.07.09 00:22 B F:\xampp\htdocs\zendLibrary\Zend\Soap\Wsdl.php --> ftp.radiofone.com.br /public_html/radiofone/zendLibrary/Zend/Soap Wsdl.php
2011.07.09 00:53 B F:\xampp\htdocs\zendLibrary\Zend\Soap\WS_FTP.LOG --> ftp.radiofone.com.br /public_html/radiofone/zendLibrary/Zend/Soap WS_FTP.LOG
2011.07.26 23:10 B F:\xampp\htdocs\zendLibrary\Zend\Soap\AutoDiscover.php --> ftp.sobrafo.org.br /public_html/zendLibrary/Zend/Soap AutoDiscover.php
2011.07.26 23:11 B F:\xampp\htdocs\zendLibrary\Zend\Soap\Client.php --> ftp.sobrafo.org.br /public_html/zendLibrary/Zend/Soap Client.php
2011.07.26 23:11 B F:\xampp\htdocs\zendLibrary\Zend\Soap\Server.php --> ftp.sobrafo.org.br /public_html/zendLibrary/Zend/Soap Server.php
2011.07.26 23:11 B F:\xampp\htdocs\zendLibrary\Zend\Soap\WS_FTP.LOG --> ftp.sobrafo.org.br /public_html/zendLibrary/Zend/Soap WS_FTP.LOG
2011.07.26 23:11 B F:\xampp\htdocs\zendLibrary\Zend\Soap\Wsdl.php --> ftp.sobrafo.org.br /public_html/zendLibrary/Zend/Soap Wsdl.php
2011.08.09 17:31 B F:\xampp\htdocs\ZendLibrary\Zend\Soap\AutoDiscover.php --> ftp.amfar.com.br /public_html/ZendLibrary/Zend/Soap AutoDiscover.php
2011.08.09 17:31 B F:\xampp\htdocs\ZendLibrary\Zend\Soap\Client.php --> ftp.amfar.com.br /public_html/ZendLibrary/Zend/Soap Client.php
2011.08.09 17:31 B F:\xampp\htdocs\ZendLibrary\Zend\Soap\Server.php --> ftp.amfar.com.br /public_html/ZendLibrary/Zend/Soap Server.php
