2011.06.20 18:46 B F:\xampp\htdocs\zf-tutorial\library\Zend\Log\Writer\Abstract.php --> ftp.portalridgid.com.br /public_html/zf-tutorial/library/Zend/Log/Writer Abstract.php
2011.06.20 18:46 B F:\xampp\htdocs\zf-tutorial\library\Zend\Log\Writer\Db.php --> ftp.portalridgid.com.br /public_html/zf-tutorial/library/Zend/Log/Writer Db.php
2011.06.20 18:46 B F:\xampp\htdocs\zf-tutorial\library\Zend\Log\Writer\Firebug.php --> ftp.portalridgid.com.br /public_html/zf-tutorial/library/Zend/Log/Writer Firebug.php
2011.06.20 18:46 B F:\xampp\htdocs\zf-tutorial\library\Zend\Log\Writer\Mail.php --> ftp.portalridgid.com.br /public_html/zf-tutorial/library/Zend/Log/Writer Mail.php
2011.06.20 18:46 B F:\xampp\htdocs\zf-tutorial\library\Zend\Log\Writer\Mock.php --> ftp.portalridgid.com.br /public_html/zf-tutorial/library/Zend/Log/Writer Mock.php
2011.06.20 18:46 B F:\xampp\htdocs\zf-tutorial\library\Zend\Log\Writer\Null.php --> ftp.portalridgid.com.br /public_html/zf-tutorial/library/Zend/Log/Writer Null.php
2011.06.20 18:46 B F:\xampp\htdocs\zf-tutorial\library\Zend\Log\Writer\Stream.php --> ftp.portalridgid.com.br /public_html/zf-tutorial/library/Zend/Log/Writer Stream.php
2011.06.20 18:46 B F:\xampp\htdocs\zf-tutorial\library\Zend\Log\Writer\Syslog.php --> ftp.portalridgid.com.br /public_html/zf-tutorial/library/Zend/Log/Writer Syslog.php
2011.06.20 18:46 B F:\xampp\htdocs\zf-tutorial\library\Zend\Log\Writer\ZendMonitor.php --> ftp.portalridgid.com.br /public_html/zf-tutorial/library/Zend/Log/Writer ZendMonitor.php
2011.06.30 03:24 B F:\xampp\htdocs\zendLibrary\Zend\Log\Writer\WS_FTP.LOG --> ftp.sbrafh.org.br /sbrafh/Web/zendLibrary/Zend/Log/Writer WS_FTP.LOG
2011.06.30 03:24 B F:\xampp\htdocs\zendLibrary\Zend\Log\Writer\Syslog.php --> ftp.sbrafh.org.br /sbrafh/Web/zendLibrary/Zend/Log/Writer Syslog.php
2011.06.30 03:24 B F:\xampp\htdocs\zendLibrary\Zend\Log\Writer\ZendMonitor.php --> ftp.sbrafh.org.br /sbrafh/Web/zendLibrary/Zend/Log/Writer ZendMonitor.php
2011.06.30 03:24 B F:\xampp\htdocs\zendLibrary\Zend\Log\Writer\Stream.php --> ftp.sbrafh.org.br /sbrafh/Web/zendLibrary/Zend/Log/Writer Stream.php
2011.06.30 03:24 B F:\xampp\htdocs\zendLibrary\Zend\Log\Writer\Null.php --> ftp.sbrafh.org.br /sbrafh/Web/zendLibrary/Zend/Log/Writer Null.php
2011.06.30 03:24 B F:\xampp\htdocs\zendLibrary\Zend\Log\Writer\Mock.php --> ftp.sbrafh.org.br /sbrafh/Web/zendLibrary/Zend/Log/Writer Mock.php
2011.06.30 03:24 B F:\xampp\htdocs\zendLibrary\Zend\Log\Writer\Mail.php --> ftp.sbrafh.org.br /sbrafh/Web/zendLibrary/Zend/Log/Writer Mail.php
2011.06.30 03:24 B F:\xampp\htdocs\zendLibrary\Zend\Log\Writer\Firebug.php --> ftp.sbrafh.org.br /sbrafh/Web/zendLibrary/Zend/Log/Writer Firebug.php
2011.06.30 03:24 B F:\xampp\htdocs\zendLibrary\Zend\Log\Writer\Db.php --> ftp.sbrafh.org.br /sbrafh/Web/zendLibrary/Zend/Log/Writer Db.php
2011.06.30 03:24 B F:\xampp\htdocs\zendLibrary\Zend\Log\Writer\Abstract.php --> ftp.sbrafh.org.br /sbrafh/Web/zendLibrary/Zend/Log/Writer Abstract.php
2011.07.09 00:12 B F:\xampp\htdocs\zendLibrary\Zend\Log\Writer\Abstract.php --> ftp.radiofone.com.br /public_html/radiofone/zendLibrary/Zend/Log/Writer Abstract.php
2011.07.09 00:12 B F:\xampp\htdocs\zendLibrary\Zend\Log\Writer\Db.php --> ftp.radiofone.com.br /public_html/radiofone/zendLibrary/Zend/Log/Writer Db.php
2011.07.09 00:12 B F:\xampp\htdocs\zendLibrary\Zend\Log\Writer\Firebug.php --> ftp.radiofone.com.br /public_html/radiofone/zendLibrary/Zend/Log/Writer Firebug.php
2011.07.09 00:12 B F:\xampp\htdocs\zendLibrary\Zend\Log\Writer\Mail.php --> ftp.radiofone.com.br /public_html/radiofone/zendLibrary/Zend/Log/Writer Mail.php
2011.07.09 00:12 B F:\xampp\htdocs\zendLibrary\Zend\Log\Writer\Mock.php --> ftp.radiofone.com.br /public_html/radiofone/zendLibrary/Zend/Log/Writer Mock.php
2011.07.09 00:12 B F:\xampp\htdocs\zendLibrary\Zend\Log\Writer\Null.php --> ftp.radiofone.com.br /public_html/radiofone/zendLibrary/Zend/Log/Writer Null.php
2011.07.09 00:12 B F:\xampp\htdocs\zendLibrary\Zend\Log\Writer\Stream.php --> ftp.radiofone.com.br /public_html/radiofone/zendLibrary/Zend/Log/Writer Stream.php
2011.07.09 00:12 B F:\xampp\htdocs\zendLibrary\Zend\Log\Writer\Syslog.php --> ftp.radiofone.com.br /public_html/radiofone/zendLibrary/Zend/Log/Writer Syslog.php
2011.07.09 00:12 B F:\xampp\htdocs\zendLibrary\Zend\Log\Writer\WS_FTP.LOG --> ftp.radiofone.com.br /public_html/radiofone/zendLibrary/Zend/Log/Writer WS_FTP.LOG
2011.07.09 00:12 B F:\xampp\htdocs\zendLibrary\Zend\Log\Writer\ZendMonitor.php --> ftp.radiofone.com.br /public_html/radiofone/zendLibrary/Zend/Log/Writer ZendMonitor.php
2011.07.09 00:49 B F:\xampp\htdocs\zendLibrary\Zend\Log\Writer\WS_FTP.LOG --> ftp.radiofone.com.br /public_html/radiofone/zendLibrary/Zend/Log/Writer WS_FTP.LOG
2011.07.26 23:01 B F:\xampp\htdocs\zendLibrary\Zend\Log\Writer\Abstract.php --> ftp.sobrafo.org.br /public_html/zendLibrary/Zend/Log/Writer Abstract.php
2011.07.26 23:01 B F:\xampp\htdocs\zendLibrary\Zend\Log\Writer\Db.php --> ftp.sobrafo.org.br /public_html/zendLibrary/Zend/Log/Writer Db.php
2011.07.26 23:01 B F:\xampp\htdocs\zendLibrary\Zend\Log\Writer\Firebug.php --> ftp.sobrafo.org.br /public_html/zendLibrary/Zend/Log/Writer Firebug.php
2011.07.26 23:01 B F:\xampp\htdocs\zendLibrary\Zend\Log\Writer\Mail.php --> ftp.sobrafo.org.br /public_html/zendLibrary/Zend/Log/Writer Mail.php
2011.07.26 23:01 B F:\xampp\htdocs\zendLibrary\Zend\Log\Writer\Mock.php --> ftp.sobrafo.org.br /public_html/zendLibrary/Zend/Log/Writer Mock.php
2011.07.26 23:01 B F:\xampp\htdocs\zendLibrary\Zend\Log\Writer\Null.php --> ftp.sobrafo.org.br /public_html/zendLibrary/Zend/Log/Writer Null.php
2011.07.26 23:01 B F:\xampp\htdocs\zendLibrary\Zend\Log\Writer\Stream.php --> ftp.sobrafo.org.br /public_html/zendLibrary/Zend/Log/Writer Stream.php
2011.07.26 23:01 B F:\xampp\htdocs\zendLibrary\Zend\Log\Writer\Syslog.php --> ftp.sobrafo.org.br /public_html/zendLibrary/Zend/Log/Writer Syslog.php
2011.07.26 23:01 B F:\xampp\htdocs\zendLibrary\Zend\Log\Writer\WS_FTP.LOG --> ftp.sobrafo.org.br /public_html/zendLibrary/Zend/Log/Writer WS_FTP.LOG
2011.07.26 23:01 B F:\xampp\htdocs\zendLibrary\Zend\Log\Writer\ZendMonitor.php --> ftp.sobrafo.org.br /public_html/zendLibrary/Zend/Log/Writer ZendMonitor.php
2011.08.09 17:21 B F:\xampp\htdocs\ZendLibrary\Zend\Log\Writer\Abstract.php --> ftp.amfar.com.br /public_html/ZendLibrary/Zend/Log/Writer Abstract.php
2011.08.09 17:21 B F:\xampp\htdocs\ZendLibrary\Zend\Log\Writer\Db.php --> ftp.amfar.com.br /public_html/ZendLibrary/Zend/Log/Writer Db.php
2011.08.09 17:21 B F:\xampp\htdocs\ZendLibrary\Zend\Log\Writer\Firebug.php --> ftp.amfar.com.br /public_html/ZendLibrary/Zend/Log/Writer Firebug.php
2011.08.09 17:21 B F:\xampp\htdocs\ZendLibrary\Zend\Log\Writer\Mail.php --> ftp.amfar.com.br /public_html/ZendLibrary/Zend/Log/Writer Mail.php
2011.08.09 17:21 B F:\xampp\htdocs\ZendLibrary\Zend\Log\Writer\Mock.php --> ftp.amfar.com.br /public_html/ZendLibrary/Zend/Log/Writer Mock.php
2011.08.09 17:21 B F:\xampp\htdocs\ZendLibrary\Zend\Log\Writer\Null.php --> ftp.amfar.com.br /public_html/ZendLibrary/Zend/Log/Writer Null.php
2011.08.09 17:21 B F:\xampp\htdocs\ZendLibrary\Zend\Log\Writer\Stream.php --> ftp.amfar.com.br /public_html/ZendLibrary/Zend/Log/Writer Stream.php
2011.08.09 17:21 B F:\xampp\htdocs\ZendLibrary\Zend\Log\Writer\Syslog.php --> ftp.amfar.com.br /public_html/ZendLibrary/Zend/Log/Writer Syslog.php
