2006.10.25 20:13 B Z:\unimpress\e-mailing\images\back.gif <-- unimp /public_html/e-mailing/images back.gif
2006.10.25 20:13 B Z:\unimpress\e-mailing\images\mailing.jpg <-- unimp /public_html/e-mailing/images mailing.jpg
2006.12.03 15:33 B Z:\unimpress\e-mailing\images\e-mailing061203_01.jpg --> ftp.unimpress.com.br /public_html/e-mailing/images e-mailing061203_01.jpg
2006.12.03 15:33 B Z:\unimpress\e-mailing\images\e-mailing061203_02.jpg --> ftp.unimpress.com.br /public_html/e-mailing/images e-mailing061203_02.jpg
2006.12.03 15:33 B Z:\unimpress\e-mailing\images\e-mailing061203_03.jpg --> ftp.unimpress.com.br /public_html/e-mailing/images e-mailing061203_03.jpg
2006.12.03 15:33 B Z:\unimpress\e-mailing\images\e-mailing061203_04.jpg --> ftp.unimpress.com.br /public_html/e-mailing/images e-mailing061203_04.jpg
2006.12.03 15:33 B Z:\unimpress\e-mailing\images\e-mailing061203_05.jpg --> ftp.unimpress.com.br /public_html/e-mailing/images e-mailing061203_05.jpg
2006.12.03 15:33 B Z:\unimpress\e-mailing\images\e-mailing061203_06.jpg --> ftp.unimpress.com.br /public_html/e-mailing/images e-mailing061203_06.jpg
2006.12.03 15:58 B Z:\unimpress\e-mailing\images\e-mailing061203_01.jpg --> ftp.unimpress.com.br /public_html/e-mailing/images e-mailing061203_01.jpg
2006.12.03 15:58 B Z:\unimpress\e-mailing\images\e-mailing061203_02.jpg --> ftp.unimpress.com.br /public_html/e-mailing/images e-mailing061203_02.jpg
2006.12.03 15:58 B Z:\unimpress\e-mailing\images\e-mailing061203_03.jpg --> ftp.unimpress.com.br /public_html/e-mailing/images e-mailing061203_03.jpg
2006.12.03 15:58 B Z:\unimpress\e-mailing\images\e-mailing061203_04.jpg --> ftp.unimpress.com.br /public_html/e-mailing/images e-mailing061203_04.jpg
2006.12.03 15:58 B Z:\unimpress\e-mailing\images\e-mailing061203_05.jpg --> ftp.unimpress.com.br /public_html/e-mailing/images e-mailing061203_05.jpg
2006.12.03 15:58 B Z:\unimpress\e-mailing\images\e-mailing061203_06.jpg --> ftp.unimpress.com.br /public_html/e-mailing/images e-mailing061203_06.jpg
2006.12.12 16:20 B Z:\unimpress\e-mailing\images\back.gif --> ftp.shopland.com.br /public_html/e-mailing/images back.gif
2006.12.12 16:20 B Z:\unimpress\e-mailing\images\cartas.gif --> ftp.shopland.com.br /public_html/e-mailing/images cartas.gif
2006.12.12 16:20 B Z:\unimpress\e-mailing\images\logolab_topo.gif --> ftp.shopland.com.br /public_html/e-mailing/images logolab_topo.gif
2006.12.12 16:20 B Z:\unimpress\e-mailing\images\WS_FTP.LOG --> ftp.shopland.com.br /public_html/e-mailing/images WS_FTP.LOG
2006.12.12 19:03 B Z:\shopland\e-mailing\images\logomail.jpg --> ftp.shopland.com.br /public_html/e-mailing/images logomail.jpg
2006.12.12 19:26 B Z:\shopland\e-mailing\images\logomail.jpg --> ftp.shopland.com.br /public_html/e-mailing/images logomail.jpg
2006.12.12 19:27 B Z:\shopland\e-mailing\images\logomail.jpg --> ftp.shopland.com.br /public_html/e-mailing/images logomail.jpg
2006.12.12 19:30 B Z:\shopland\e-mailing\images\logomail.jpg --> ftp.shopland.com.br /public_html/e-mailing/images logomail.jpg
2006.12.12 19:31 B Z:\shopland\e-mailing\images\logomail.jpg --> ftp.shopland.com.br /public_html/e-mailing/images logomail.jpg
2007.01.08 11:28 B Z:\shopland\e-mailing\images\logomail.jpg --> ftp.shopland.com.br /public_html/e-mailing/images logomail.jpg
2007.02.01 21:51 B Z:\shopland\e-mailing\images\back.gif --> ftp.mantua.com.br /public_html/e-mailing/images back.gif
2007.02.01 21:51 B Z:\shopland\e-mailing\images\cartas.gif --> ftp.mantua.com.br /public_html/e-mailing/images cartas.gif
2007.02.01 21:51 B Z:\shopland\e-mailing\images\logolab_topo.gif --> ftp.mantua.com.br /public_html/e-mailing/images logolab_topo.gif
2007.02.01 21:52 B Z:\shopland\e-mailing\images\logomail.jpg --> ftp.mantua.com.br /public_html/e-mailing/images logomail.jpg
2007.02.01 21:52 B Z:\shopland\e-mailing\images\WS_FTP.LOG --> ftp.mantua.com.br /public_html/e-mailing/images WS_FTP.LOG
2007.05.25 15:32 B Z:\mailing\e-mailing\images\back.gif --> ftp.sbrafh.org.br /public_html/e-mailing/images back.gif
2007.05.25 15:32 B Z:\mailing\e-mailing\images\cartas.gif --> ftp.sbrafh.org.br /public_html/e-mailing/images cartas.gif
2007.05.25 15:32 B Z:\mailing\e-mailing\images\cartas.jpg --> ftp.sbrafh.org.br /public_html/e-mailing/images cartas.jpg
2007.05.25 15:32 B Z:\mailing\e-mailing\images\categ.png --> ftp.sbrafh.org.br /public_html/e-mailing/images categ.png
2007.05.25 15:32 B Z:\mailing\e-mailing\images\categ2.png --> ftp.sbrafh.org.br /public_html/e-mailing/images categ2.png
2007.05.25 15:32 B Z:\mailing\e-mailing\images\composer.gif --> ftp.sbrafh.org.br /public_html/e-mailing/images composer.gif
2007.05.25 15:32 B Z:\mailing\e-mailing\images\computer-128x128.png --> ftp.sbrafh.org.br /public_html/e-mailing/images computer-128x128.png
2007.05.25 15:32 B Z:\mailing\e-mailing\images\editor.png --> ftp.sbrafh.org.br /public_html/e-mailing/images editor.png
2007.05.25 15:32 B Z:\mailing\e-mailing\images\email.gif --> ftp.sbrafh.org.br /public_html/e-mailing/images email.gif
2007.05.25 15:32 B Z:\mailing\e-mailing\images\excluir.gif --> ftp.sbrafh.org.br /public_html/e-mailing/images excluir.gif
2007.05.25 15:32 B Z:\mailing\e-mailing\images\files.gif --> ftp.sbrafh.org.br /public_html/e-mailing/images files.gif
2007.05.25 15:32 B Z:\mailing\e-mailing\images\fundoLinkHome.png --> ftp.sbrafh.org.br /public_html/e-mailing/images fundoLinkHome.png
2007.05.25 15:32 B Z:\mailing\e-mailing\images\home.gif --> ftp.sbrafh.org.br /public_html/e-mailing/images home.gif
2007.05.25 15:32 B Z:\mailing\e-mailing\images\led.tif --> ftp.sbrafh.org.br /public_html/e-mailing/images led.tif
2007.05.25 15:32 B Z:\mailing\e-mailing\images\ledGreen.gif --> ftp.sbrafh.org.br /public_html/e-mailing/images ledGreen.gif
2007.05.25 15:32 B Z:\mailing\e-mailing\images\ledRed.gif --> ftp.sbrafh.org.br /public_html/e-mailing/images ledRed.gif
2007.05.25 15:32 B Z:\mailing\e-mailing\images\ledYellow.gif --> ftp.sbrafh.org.br /public_html/e-mailing/images ledYellow.gif
2007.05.25 15:32 B Z:\mailing\e-mailing\images\linkHomeOut.png --> ftp.sbrafh.org.br /public_html/e-mailing/images linkHomeOut.png
2007.05.25 15:32 B Z:\mailing\e-mailing\images\linkHomeOver.png --> ftp.sbrafh.org.br /public_html/e-mailing/images linkHomeOver.png
2007.05.25 15:32 B Z:\mailing\e-mailing\images\listing.png --> ftp.sbrafh.org.br /public_html/e-mailing/images listing.png
2007.05.25 15:32 B Z:\mailing\e-mailing\images\listing2.png --> ftp.sbrafh.org.br /public_html/e-mailing/images listing2.png
2007.05.25 15:32 B Z:\mailing\e-mailing\images\loaded.gif --> ftp.sbrafh.org.br /public_html/e-mailing/images loaded.gif
2007.05.25 15:32 B Z:\mailing\e-mailing\images\logoRodape.png --> ftp.sbrafh.org.br /public_html/e-mailing/images logoRodape.png
2007.05.25 15:32 B Z:\mailing\e-mailing\images\logoTopo.gif --> ftp.sbrafh.org.br /public_html/e-mailing/images logoTopo.gif
2007.05.25 15:32 B Z:\mailing\e-mailing\images\logoTopo.png --> ftp.sbrafh.org.br /public_html/e-mailing/images logoTopo.png
2007.05.25 15:32 B Z:\mailing\e-mailing\images\opFolder.gif --> ftp.sbrafh.org.br /public_html/e-mailing/images opFolder.gif
2007.05.25 15:32 B Z:\mailing\e-mailing\images\rodapeEmail.png --> ftp.sbrafh.org.br /public_html/e-mailing/images rodapeEmail.png
2007.05.25 15:32 B Z:\mailing\e-mailing\images\send.png --> ftp.sbrafh.org.br /public_html/e-mailing/images send.png
2007.05.25 15:32 B Z:\mailing\e-mailing\images\sender.png --> ftp.sbrafh.org.br /public_html/e-mailing/images sender.png
2007.05.25 15:32 B Z:\mailing\e-mailing\images\sender2.png --> ftp.sbrafh.org.br /public_html/e-mailing/images sender2.png
2007.05.25 15:32 B Z:\mailing\e-mailing\images\set_p.gif --> ftp.sbrafh.org.br /public_html/e-mailing/images set_p.gif
2007.05.25 15:32 B Z:\mailing\e-mailing\images\set_pTrans.gif --> ftp.sbrafh.org.br /public_html/e-mailing/images set_pTrans.gif
2007.05.25 15:32 B Z:\mailing\e-mailing\images\shutdown-128x128.png --> ftp.sbrafh.org.br /public_html/e-mailing/images shutdown-128x128.png
2007.05.25 15:32 B Z:\mailing\e-mailing\images\title_bg.jpg --> ftp.sbrafh.org.br /public_html/e-mailing/images title_bg.jpg
2007.05.25 15:32 B Z:\mailing\e-mailing\images\toDown.gif --> ftp.sbrafh.org.br /public_html/e-mailing/images toDown.gif
2007.05.25 15:32 B Z:\mailing\e-mailing\images\topoEmail.jpg --> ftp.sbrafh.org.br /public_html/e-mailing/images topoEmail.jpg
2007.05.25 15:32 B Z:\mailing\e-mailing\images\topoEmail.png --> ftp.sbrafh.org.br /public_html/e-mailing/images topoEmail.png
2007.05.25 15:32 B Z:\mailing\e-mailing\images\toUp.gif --> ftp.sbrafh.org.br /public_html/e-mailing/images toUp.gif
2007.05.25 15:32 B Z:\mailing\e-mailing\images\triTransp.gif --> ftp.sbrafh.org.br /public_html/e-mailing/images triTransp.gif
2007.05.25 15:32 B Z:\mailing\e-mailing\images\upload.gif --> ftp.sbrafh.org.br /public_html/e-mailing/images upload.gif
2007.05.25 15:32 B Z:\mailing\e-mailing\images\upload.png --> ftp.sbrafh.org.br /public_html/e-mailing/images upload.png
2007.05.25 15:32 B Z:\mailing\e-mailing\images\upload2.png --> ftp.sbrafh.org.br /public_html/e-mailing/images upload2.png
2007.05.25 15:32 B Z:\mailing\e-mailing\images\usuarios.gif --> ftp.sbrafh.org.br /public_html/e-mailing/images usuarios.gif
2007.05.25 15:32 B Z:\mailing\e-mailing\images\WS_FTP.LOG --> ftp.sbrafh.org.br /public_html/e-mailing/images WS_FTP.LOG
2007.05.26 02:39 B Z:\mailing\e-mailing\images\sended.png --> ftp.sbrafh.org.br /public_html/e-mailing/images sended.png
2008.06.04 19:34 B Z:\sbrafh\e-mailing\images\rodapeEmail.gif --> ftp.sbrafh.org.br /sbrafh/Web/novo/e-mailing/images rodapeEmail.gif
2008.06.04 19:34 B Z:\sbrafh\e-mailing\images\topoEmail.jpg --> ftp.sbrafh.org.br /sbrafh/Web/novo/e-mailing/images topoEmail.jpg
2008.11.11 13:37 B X:\sbrafh\e-mailing\images\topoCongresso.jpg --> ftp.sbrafh.org.br /sbrafh/Web/novo/e-mailing/files/images topoCongresso.jpg
2009.01.20 14:32 B X:\sbrafh\e-mailing\images\logoRodape.png <-- sbrafh /sbrafh/Web/novo/e-mailing/images logoRodape.png
2009.01.20 14:32 B X:\sbrafh\e-mailing\images\logoTopo.gif <-- sbrafh /sbrafh/Web/novo/e-mailing/images logoTopo.gif
2009.01.20 14:32 B X:\sbrafh\e-mailing\images\logoTopo.png <-- sbrafh /sbrafh/Web/novo/e-mailing/images logoTopo.png
2009.01.20 14:38 B X:\sbrafh\e-mailing\images\topoCongresso.jpg --> ftp.sbrafh.org.br /sbrafh/Web/novo/e-mailing/images topoCongresso.jpg
2009.01.20 14:40 B X:\sbrafh\e-mailing\images\topoCongresso.jpg --> ftp.sbrafh.org.br /sbrafh/Web/novo/e-mailing/images topoCongresso.jpg
2009.01.20 14:54 B X:\sbrafh\e-mailing\images\topoCongresso.jpg --> ftp.sbrafh.org.br /sbrafh/Web/novo/e-mailing/images topoCongresso.jpg
2009.06.05 17:18 B X:\sbrafh\e-mailing\images\topoEmail.jpg --> ftp.sbrafh.org.br /sbrafh/Web/novo/e-mailing/files/images topoEmail.jpg
2009.06.05 17:20 B X:\sbrafh\e-mailing\images\topoEmail.jpg --> ftp.sbrafh.org.br /sbrafh/Web/novo/e-mailing/images topoEmail.jpg
2009.06.05 17:21 B X:\sbrafh\e-mailing\images\topoEmail.jpg --> ftp.sbrafh.org.br /sbrafh/Web/novo/e-mailing/images topoEmail.jpg
2009.12.14 13:32 B X:\sbrafh\e-mailing\images\topoEmail.jpg --> ftp.sbrafh.org.br /sbrafh/Web/novo/e-mailing/files topoEmail.jpg
2009.12.14 13:36 B X:\sbrafh\e-mailing\images\topoEmail.jpg --> ftp.sbrafh.org.br /sbrafh/Web/novo/e-mailing/images topoEmail.jpg
2010.10.01 18:49 B X:\sbrafh\e-mailing\images\topoEmail.jpg --> ftp.sbrafh.org.br /sbrafh/Web/novo/e-mailing/images topoEmail.jpg
2010.10.14 16:38 B Z:\amfar\e-mailing\images\topoEmail.jpg --> ftp.amfar.com.br /public_html/e-mailing/images topoEmail.jpg
2010.10.14 17:00 B Z:\amfar\e-mailing\images\topoEmail.jpg --> ftp.amfar.com.br /public_html/e-mailing/images topoEmail.jpg
2011.01.12 16:51 B Z:\amfar\e-mailing\images\bkBlue.png --> ftp.amfar.com.br /public_html/e-mailing/images bkBlue.png
2011.01.13 18:39 B Z:\amfar\emarketing\images\back.gif --> ftp.amfar.com.br /public_html/emarketing/images back.gif
2011.01.13 18:39 B Z:\amfar\emarketing\images\bkBlue.png --> ftp.amfar.com.br /public_html/emarketing/images bkBlue.png
2011.01.13 18:39 B Z:\amfar\emarketing\images\cartas.gif --> ftp.amfar.com.br /public_html/emarketing/images cartas.gif
2011.01.13 18:39 B Z:\amfar\emarketing\images\cartas.jpg --> ftp.amfar.com.br /public_html/emarketing/images cartas.jpg
2011.01.13 18:39 B Z:\amfar\emarketing\images\categ.png --> ftp.amfar.com.br /public_html/emarketing/images categ.png
2011.01.13 18:39 B Z:\amfar\emarketing\images\categ2.png --> ftp.amfar.com.br /public_html/emarketing/images categ2.png
2011.01.13 18:39 B Z:\amfar\emarketing\images\composer.gif --> ftp.amfar.com.br /public_html/emarketing/images composer.gif
2011.01.13 18:39 B Z:\amfar\emarketing\images\computer-128x128.png --> ftp.amfar.com.br /public_html/emarketing/images computer-128x128.png
2011.01.13 18:39 B Z:\amfar\emarketing\images\editor.png --> ftp.amfar.com.br /public_html/emarketing/images editor.png
2011.01.13 18:39 B Z:\amfar\emarketing\images\email.gif --> ftp.amfar.com.br /public_html/emarketing/images email.gif
2011.01.13 18:39 B Z:\amfar\emarketing\images\emailBottom.png --> ftp.amfar.com.br /public_html/emarketing/images emailBottom.png
2011.01.13 18:39 B Z:\amfar\emarketing\images\emailTop.gif --> ftp.amfar.com.br /public_html/emarketing/images emailTop.gif
2011.01.13 18:39 B Z:\amfar\emarketing\images\excluir.gif --> ftp.amfar.com.br /public_html/emarketing/images excluir.gif
2011.01.13 18:39 B Z:\amfar\emarketing\images\files.gif --> ftp.amfar.com.br /public_html/emarketing/images files.gif
2011.01.13 18:39 B Z:\amfar\emarketing\images\fundoLinkHome.png --> ftp.amfar.com.br /public_html/emarketing/images fundoLinkHome.png
2011.01.13 18:39 B Z:\amfar\emarketing\images\home.gif --> ftp.amfar.com.br /public_html/emarketing/images home.gif
2011.01.13 18:39 B Z:\amfar\emarketing\images\led.tif --> ftp.amfar.com.br /public_html/emarketing/images led.tif
2011.01.13 18:39 B Z:\amfar\emarketing\images\ledGreen.gif --> ftp.amfar.com.br /public_html/emarketing/images ledGreen.gif
2011.01.13 18:39 B Z:\amfar\emarketing\images\ledRed.gif --> ftp.amfar.com.br /public_html/emarketing/images ledRed.gif
2011.01.13 18:39 B Z:\amfar\emarketing\images\ledYellow.gif --> ftp.amfar.com.br /public_html/emarketing/images ledYellow.gif
2011.01.13 18:39 B Z:\amfar\emarketing\images\linkHomeOut.png --> ftp.amfar.com.br /public_html/emarketing/images linkHomeOut.png
2011.01.13 18:39 B Z:\amfar\emarketing\images\linkHomeOver.png --> ftp.amfar.com.br /public_html/emarketing/images linkHomeOver.png
2011.01.13 18:39 B Z:\amfar\emarketing\images\listing.png --> ftp.amfar.com.br /public_html/emarketing/images listing.png
2011.01.13 18:39 B Z:\amfar\emarketing\images\listing2.png --> ftp.amfar.com.br /public_html/emarketing/images listing2.png
2011.01.13 18:39 B Z:\amfar\emarketing\images\loaded.gif --> ftp.amfar.com.br /public_html/emarketing/images loaded.gif
2011.01.13 18:39 B Z:\amfar\emarketing\images\logoRodape.png --> ftp.amfar.com.br /public_html/emarketing/images logoRodape.png
2011.01.13 18:39 B Z:\amfar\emarketing\images\logoTopo.gif --> ftp.amfar.com.br /public_html/emarketing/images logoTopo.gif
2011.01.13 18:39 B Z:\amfar\emarketing\images\logoTopo.png --> ftp.amfar.com.br /public_html/emarketing/images logoTopo.png
2011.01.13 18:39 B Z:\amfar\emarketing\images\opFolder.gif --> ftp.amfar.com.br /public_html/emarketing/images opFolder.gif
2011.01.13 18:39 B Z:\amfar\emarketing\images\rodapeEmail.gif --> ftp.amfar.com.br /public_html/emarketing/images rodapeEmail.gif
2011.01.13 18:39 B Z:\amfar\emarketing\images\rodapeEmail.png --> ftp.amfar.com.br /public_html/emarketing/images rodapeEmail.png
2011.01.13 18:39 B Z:\amfar\emarketing\images\send.png --> ftp.amfar.com.br /public_html/emarketing/images send.png
2011.01.13 18:39 B Z:\amfar\emarketing\images\sended.png --> ftp.amfar.com.br /public_html/emarketing/images sended.png
2011.01.13 18:39 B Z:\amfar\emarketing\images\sender.png --> ftp.amfar.com.br /public_html/emarketing/images sender.png
2011.01.13 18:39 B Z:\amfar\emarketing\images\sender2.png --> ftp.amfar.com.br /public_html/emarketing/images sender2.png
2011.01.13 18:39 B Z:\amfar\emarketing\images\set_p.gif --> ftp.amfar.com.br /public_html/emarketing/images set_p.gif
2011.01.13 18:39 B Z:\amfar\emarketing\images\set_pTrans.gif --> ftp.amfar.com.br /public_html/emarketing/images set_pTrans.gif
2011.01.13 18:39 B Z:\amfar\emarketing\images\shutdown-128x128.png --> ftp.amfar.com.br /public_html/emarketing/images shutdown-128x128.png
2011.01.13 18:39 B Z:\amfar\emarketing\images\Thumbs.db --> ftp.amfar.com.br /public_html/emarketing/images Thumbs.db
2011.01.13 18:39 B Z:\amfar\emarketing\images\title_bg.jpg --> ftp.amfar.com.br /public_html/emarketing/images title_bg.jpg
2011.01.13 18:39 B Z:\amfar\emarketing\images\toDown.gif --> ftp.amfar.com.br /public_html/emarketing/images toDown.gif
2011.01.13 18:39 B Z:\amfar\emarketing\images\topo-congresso.jpg --> ftp.amfar.com.br /public_html/emarketing/images topo-congresso.jpg
2011.01.13 18:39 B Z:\amfar\emarketing\images\topoCongresso.jpg --> ftp.amfar.com.br /public_html/emarketing/images topoCongresso.jpg
2011.01.13 18:39 B Z:\amfar\emarketing\images\topoEmail.jpg --> ftp.amfar.com.br /public_html/emarketing/images topoEmail.jpg
2011.01.13 18:39 B Z:\amfar\emarketing\images\topoEmail.png --> ftp.amfar.com.br /public_html/emarketing/images topoEmail.png
2011.01.13 18:39 B Z:\amfar\emarketing\images\toUp.gif --> ftp.amfar.com.br /public_html/emarketing/images toUp.gif
2011.01.13 18:39 B Z:\amfar\emarketing\images\triTransp.gif --> ftp.amfar.com.br /public_html/emarketing/images triTransp.gif
2011.01.13 18:39 B Z:\amfar\emarketing\images\upload.gif --> ftp.amfar.com.br /public_html/emarketing/images upload.gif
2011.01.13 18:39 B Z:\amfar\emarketing\images\upload.png --> ftp.amfar.com.br /public_html/emarketing/images upload.png
2011.01.13 18:39 B Z:\amfar\emarketing\images\upload2.png --> ftp.amfar.com.br /public_html/emarketing/images upload2.png
2011.01.13 18:39 B Z:\amfar\emarketing\images\usuarios.gif --> ftp.amfar.com.br /public_html/emarketing/images usuarios.gif
