2011.06.20 18:51 B F:\xampp\htdocs\zf-tutorial\library\Zend\Server\Reflection\Class.php --> ftp.portalridgid.com.br /public_html/zf-tutorial/library/Zend/Server/Reflection Class.php
2011.06.20 18:51 B F:\xampp\htdocs\zf-tutorial\library\Zend\Server\Reflection\Exception.php --> ftp.portalridgid.com.br /public_html/zf-tutorial/library/Zend/Server/Reflection Exception.php
2011.06.20 18:51 B F:\xampp\htdocs\zf-tutorial\library\Zend\Server\Reflection\Function.php --> ftp.portalridgid.com.br /public_html/zf-tutorial/library/Zend/Server/Reflection Function.php
2011.06.20 18:51 B F:\xampp\htdocs\zf-tutorial\library\Zend\Server\Reflection\Method.php --> ftp.portalridgid.com.br /public_html/zf-tutorial/library/Zend/Server/Reflection Method.php
2011.06.20 18:51 B F:\xampp\htdocs\zf-tutorial\library\Zend\Server\Reflection\Node.php --> ftp.portalridgid.com.br /public_html/zf-tutorial/library/Zend/Server/Reflection Node.php
2011.06.20 18:51 B F:\xampp\htdocs\zf-tutorial\library\Zend\Server\Reflection\Parameter.php --> ftp.portalridgid.com.br /public_html/zf-tutorial/library/Zend/Server/Reflection Parameter.php
2011.06.20 18:51 B F:\xampp\htdocs\zf-tutorial\library\Zend\Server\Reflection\Prototype.php --> ftp.portalridgid.com.br /public_html/zf-tutorial/library/Zend/Server/Reflection Prototype.php
2011.06.20 18:51 B F:\xampp\htdocs\zf-tutorial\library\Zend\Server\Reflection\ReturnValue.php --> ftp.portalridgid.com.br /public_html/zf-tutorial/library/Zend/Server/Reflection ReturnValue.php
2011.06.30 03:17 B F:\xampp\htdocs\zendLibrary\Zend\Server\Reflection\WS_FTP.LOG --> ftp.sbrafh.org.br /sbrafh/Web/zendLibrary/Zend/Server/Reflection WS_FTP.LOG
2011.06.30 03:17 B F:\xampp\htdocs\zendLibrary\Zend\Server\Reflection\ReturnValue.php --> ftp.sbrafh.org.br /sbrafh/Web/zendLibrary/Zend/Server/Reflection ReturnValue.php
2011.06.30 03:17 B F:\xampp\htdocs\zendLibrary\Zend\Server\Reflection\Prototype.php --> ftp.sbrafh.org.br /sbrafh/Web/zendLibrary/Zend/Server/Reflection Prototype.php
2011.06.30 03:17 B F:\xampp\htdocs\zendLibrary\Zend\Server\Reflection\Parameter.php --> ftp.sbrafh.org.br /sbrafh/Web/zendLibrary/Zend/Server/Reflection Parameter.php
2011.06.30 03:17 B F:\xampp\htdocs\zendLibrary\Zend\Server\Reflection\Node.php --> ftp.sbrafh.org.br /sbrafh/Web/zendLibrary/Zend/Server/Reflection Node.php
2011.06.30 03:17 B F:\xampp\htdocs\zendLibrary\Zend\Server\Reflection\Method.php --> ftp.sbrafh.org.br /sbrafh/Web/zendLibrary/Zend/Server/Reflection Method.php
2011.06.30 03:17 B F:\xampp\htdocs\zendLibrary\Zend\Server\Reflection\Function.php --> ftp.sbrafh.org.br /sbrafh/Web/zendLibrary/Zend/Server/Reflection Function.php
2011.06.30 03:17 B F:\xampp\htdocs\zendLibrary\Zend\Server\Reflection\Exception.php --> ftp.sbrafh.org.br /sbrafh/Web/zendLibrary/Zend/Server/Reflection Exception.php
2011.06.30 03:17 B F:\xampp\htdocs\zendLibrary\Zend\Server\Reflection\Class.php --> ftp.sbrafh.org.br /sbrafh/Web/zendLibrary/Zend/Server/Reflection Class.php
2011.07.09 00:18 B F:\xampp\htdocs\zendLibrary\Zend\Server\Reflection\Class.php --> ftp.radiofone.com.br /public_html/radiofone/zendLibrary/Zend/Server/Reflection Class.php
2011.07.09 00:18 B F:\xampp\htdocs\zendLibrary\Zend\Server\Reflection\Exception.php --> ftp.radiofone.com.br /public_html/radiofone/zendLibrary/Zend/Server/Reflection Exception.php
2011.07.09 00:18 B F:\xampp\htdocs\zendLibrary\Zend\Server\Reflection\Function.php --> ftp.radiofone.com.br /public_html/radiofone/zendLibrary/Zend/Server/Reflection Function.php
2011.07.09 00:18 B F:\xampp\htdocs\zendLibrary\Zend\Server\Reflection\Method.php --> ftp.radiofone.com.br /public_html/radiofone/zendLibrary/Zend/Server/Reflection Method.php
2011.07.09 00:18 B F:\xampp\htdocs\zendLibrary\Zend\Server\Reflection\Node.php --> ftp.radiofone.com.br /public_html/radiofone/zendLibrary/Zend/Server/Reflection Node.php
2011.07.09 00:18 B F:\xampp\htdocs\zendLibrary\Zend\Server\Reflection\Parameter.php --> ftp.radiofone.com.br /public_html/radiofone/zendLibrary/Zend/Server/Reflection Parameter.php
2011.07.09 00:18 B F:\xampp\htdocs\zendLibrary\Zend\Server\Reflection\Prototype.php --> ftp.radiofone.com.br /public_html/radiofone/zendLibrary/Zend/Server/Reflection Prototype.php
2011.07.09 00:18 B F:\xampp\htdocs\zendLibrary\Zend\Server\Reflection\ReturnValue.php --> ftp.radiofone.com.br /public_html/radiofone/zendLibrary/Zend/Server/Reflection ReturnValue.php
2011.07.09 00:18 B F:\xampp\htdocs\zendLibrary\Zend\Server\Reflection\WS_FTP.LOG --> ftp.radiofone.com.br /public_html/radiofone/zendLibrary/Zend/Server/Reflection WS_FTP.LOG
2011.07.09 00:51 B F:\xampp\htdocs\zendLibrary\Zend\Server\Reflection\WS_FTP.LOG --> ftp.radiofone.com.br /public_html/radiofone/zendLibrary/Zend/Server/Reflection WS_FTP.LOG
2011.07.26 23:07 B F:\xampp\htdocs\zendLibrary\Zend\Server\Reflection\Class.php --> ftp.sobrafo.org.br /public_html/zendLibrary/Zend/Server/Reflection Class.php
2011.07.26 23:07 B F:\xampp\htdocs\zendLibrary\Zend\Server\Reflection\Exception.php --> ftp.sobrafo.org.br /public_html/zendLibrary/Zend/Server/Reflection Exception.php
2011.07.26 23:07 B F:\xampp\htdocs\zendLibrary\Zend\Server\Reflection\Function.php --> ftp.sobrafo.org.br /public_html/zendLibrary/Zend/Server/Reflection Function.php
2011.07.26 23:07 B F:\xampp\htdocs\zendLibrary\Zend\Server\Reflection\Method.php --> ftp.sobrafo.org.br /public_html/zendLibrary/Zend/Server/Reflection Method.php
2011.07.26 23:07 B F:\xampp\htdocs\zendLibrary\Zend\Server\Reflection\Node.php --> ftp.sobrafo.org.br /public_html/zendLibrary/Zend/Server/Reflection Node.php
2011.07.26 23:07 B F:\xampp\htdocs\zendLibrary\Zend\Server\Reflection\Parameter.php --> ftp.sobrafo.org.br /public_html/zendLibrary/Zend/Server/Reflection Parameter.php
2011.07.26 23:07 B F:\xampp\htdocs\zendLibrary\Zend\Server\Reflection\Prototype.php --> ftp.sobrafo.org.br /public_html/zendLibrary/Zend/Server/Reflection Prototype.php
2011.07.26 23:07 B F:\xampp\htdocs\zendLibrary\Zend\Server\Reflection\ReturnValue.php --> ftp.sobrafo.org.br /public_html/zendLibrary/Zend/Server/Reflection ReturnValue.php
2011.07.26 23:07 B F:\xampp\htdocs\zendLibrary\Zend\Server\Reflection\WS_FTP.LOG --> ftp.sobrafo.org.br /public_html/zendLibrary/Zend/Server/Reflection WS_FTP.LOG
2011.08.09 17:27 B F:\xampp\htdocs\ZendLibrary\Zend\Server\Reflection\Class.php --> ftp.amfar.com.br /public_html/ZendLibrary/Zend/Server/Reflection Class.php
2011.08.09 17:27 B F:\xampp\htdocs\ZendLibrary\Zend\Server\Reflection\Exception.php --> ftp.amfar.com.br /public_html/ZendLibrary/Zend/Server/Reflection Exception.php
2011.08.09 17:27 B F:\xampp\htdocs\ZendLibrary\Zend\Server\Reflection\Function.php --> ftp.amfar.com.br /public_html/ZendLibrary/Zend/Server/Reflection Function.php
2011.08.09 17:27 B F:\xampp\htdocs\ZendLibrary\Zend\Server\Reflection\Method.php --> ftp.amfar.com.br /public_html/ZendLibrary/Zend/Server/Reflection Method.php
2011.08.09 17:27 B F:\xampp\htdocs\ZendLibrary\Zend\Server\Reflection\Node.php --> ftp.amfar.com.br /public_html/ZendLibrary/Zend/Server/Reflection Node.php
2011.08.09 17:27 B F:\xampp\htdocs\ZendLibrary\Zend\Server\Reflection\Parameter.php --> ftp.amfar.com.br /public_html/ZendLibrary/Zend/Server/Reflection Parameter.php
2011.08.09 17:27 B F:\xampp\htdocs\ZendLibrary\Zend\Server\Reflection\Prototype.php --> ftp.amfar.com.br /public_html/ZendLibrary/Zend/Server/Reflection Prototype.php
2011.08.09 17:27 B F:\xampp\htdocs\ZendLibrary\Zend\Server\Reflection\ReturnValue.php --> ftp.amfar.com.br /public_html/ZendLibrary/Zend/Server/Reflection ReturnValue.php
