2007.05.25 15:29 B Z:\mailing\e-mailing\fckeditor\editor\lang\_getfontformat.html --> ftp.sbrafh.org.br /public_html/e-mailing/fckeditor/editor/lang _getfontformat.html
2007.05.25 15:29 B Z:\mailing\e-mailing\fckeditor\editor\lang\_translationstatus.txt --> ftp.sbrafh.org.br /public_html/e-mailing/fckeditor/editor/lang _translationstatus.txt
2007.05.25 15:29 B Z:\mailing\e-mailing\fckeditor\editor\lang\af.js --> ftp.sbrafh.org.br /public_html/e-mailing/fckeditor/editor/lang af.js
2007.05.25 15:29 B Z:\mailing\e-mailing\fckeditor\editor\lang\ar.js --> ftp.sbrafh.org.br /public_html/e-mailing/fckeditor/editor/lang ar.js
2007.05.25 15:29 B Z:\mailing\e-mailing\fckeditor\editor\lang\bg.js --> ftp.sbrafh.org.br /public_html/e-mailing/fckeditor/editor/lang bg.js
2007.05.25 15:29 B Z:\mailing\e-mailing\fckeditor\editor\lang\bn.js --> ftp.sbrafh.org.br /public_html/e-mailing/fckeditor/editor/lang bn.js
2007.05.25 15:29 B Z:\mailing\e-mailing\fckeditor\editor\lang\bs.js --> ftp.sbrafh.org.br /public_html/e-mailing/fckeditor/editor/lang bs.js
2007.05.25 15:29 B Z:\mailing\e-mailing\fckeditor\editor\lang\ca.js --> ftp.sbrafh.org.br /public_html/e-mailing/fckeditor/editor/lang ca.js
2007.05.25 15:29 B Z:\mailing\e-mailing\fckeditor\editor\lang\cs.js --> ftp.sbrafh.org.br /public_html/e-mailing/fckeditor/editor/lang cs.js
2007.05.25 15:29 B Z:\mailing\e-mailing\fckeditor\editor\lang\da.js --> ftp.sbrafh.org.br /public_html/e-mailing/fckeditor/editor/lang da.js
2007.05.25 15:29 B Z:\mailing\e-mailing\fckeditor\editor\lang\de.js --> ftp.sbrafh.org.br /public_html/e-mailing/fckeditor/editor/lang de.js
2007.05.25 15:29 B Z:\mailing\e-mailing\fckeditor\editor\lang\el.js --> ftp.sbrafh.org.br /public_html/e-mailing/fckeditor/editor/lang el.js
2007.05.25 15:29 B Z:\mailing\e-mailing\fckeditor\editor\lang\en-au.js --> ftp.sbrafh.org.br /public_html/e-mailing/fckeditor/editor/lang en-au.js
2007.05.25 15:29 B Z:\mailing\e-mailing\fckeditor\editor\lang\en-ca.js --> ftp.sbrafh.org.br /public_html/e-mailing/fckeditor/editor/lang en-ca.js
2007.05.25 15:29 B Z:\mailing\e-mailing\fckeditor\editor\lang\en-uk.js --> ftp.sbrafh.org.br /public_html/e-mailing/fckeditor/editor/lang en-uk.js
2007.05.25 15:29 B Z:\mailing\e-mailing\fckeditor\editor\lang\en.js --> ftp.sbrafh.org.br /public_html/e-mailing/fckeditor/editor/lang en.js
2007.05.25 15:29 B Z:\mailing\e-mailing\fckeditor\editor\lang\eo.js --> ftp.sbrafh.org.br /public_html/e-mailing/fckeditor/editor/lang eo.js
2007.05.25 15:29 B Z:\mailing\e-mailing\fckeditor\editor\lang\es.js --> ftp.sbrafh.org.br /public_html/e-mailing/fckeditor/editor/lang es.js
2007.05.25 15:29 B Z:\mailing\e-mailing\fckeditor\editor\lang\et.js --> ftp.sbrafh.org.br /public_html/e-mailing/fckeditor/editor/lang et.js
2007.05.25 15:29 B Z:\mailing\e-mailing\fckeditor\editor\lang\eu.js --> ftp.sbrafh.org.br /public_html/e-mailing/fckeditor/editor/lang eu.js
2007.05.25 15:30 B Z:\mailing\e-mailing\fckeditor\editor\lang\fa.js --> ftp.sbrafh.org.br /public_html/e-mailing/fckeditor/editor/lang fa.js
2007.05.25 15:30 B Z:\mailing\e-mailing\fckeditor\editor\lang\fi.js --> ftp.sbrafh.org.br /public_html/e-mailing/fckeditor/editor/lang fi.js
2007.05.25 15:30 B Z:\mailing\e-mailing\fckeditor\editor\lang\fo.js --> ftp.sbrafh.org.br /public_html/e-mailing/fckeditor/editor/lang fo.js
2007.05.25 15:30 B Z:\mailing\e-mailing\fckeditor\editor\lang\fr.js --> ftp.sbrafh.org.br /public_html/e-mailing/fckeditor/editor/lang fr.js
2007.05.25 15:30 B Z:\mailing\e-mailing\fckeditor\editor\lang\gl.js --> ftp.sbrafh.org.br /public_html/e-mailing/fckeditor/editor/lang gl.js
2007.05.25 15:30 B Z:\mailing\e-mailing\fckeditor\editor\lang\he.js --> ftp.sbrafh.org.br /public_html/e-mailing/fckeditor/editor/lang he.js
2007.05.25 15:30 B Z:\mailing\e-mailing\fckeditor\editor\lang\hi.js --> ftp.sbrafh.org.br /public_html/e-mailing/fckeditor/editor/lang hi.js
2007.05.25 15:30 B Z:\mailing\e-mailing\fckeditor\editor\lang\hr.js --> ftp.sbrafh.org.br /public_html/e-mailing/fckeditor/editor/lang hr.js
2007.05.25 15:30 B Z:\mailing\e-mailing\fckeditor\editor\lang\hu.js --> ftp.sbrafh.org.br /public_html/e-mailing/fckeditor/editor/lang hu.js
2007.05.25 15:30 B Z:\mailing\e-mailing\fckeditor\editor\lang\it.js --> ftp.sbrafh.org.br /public_html/e-mailing/fckeditor/editor/lang it.js
2007.05.25 15:30 B Z:\mailing\e-mailing\fckeditor\editor\lang\ja.js --> ftp.sbrafh.org.br /public_html/e-mailing/fckeditor/editor/lang ja.js
2007.05.25 15:30 B Z:\mailing\e-mailing\fckeditor\editor\lang\km.js --> ftp.sbrafh.org.br /public_html/e-mailing/fckeditor/editor/lang km.js
2007.05.25 15:30 B Z:\mailing\e-mailing\fckeditor\editor\lang\ko.js --> ftp.sbrafh.org.br /public_html/e-mailing/fckeditor/editor/lang ko.js
2007.05.25 15:30 B Z:\mailing\e-mailing\fckeditor\editor\lang\lt.js --> ftp.sbrafh.org.br /public_html/e-mailing/fckeditor/editor/lang lt.js
2007.05.25 15:30 B Z:\mailing\e-mailing\fckeditor\editor\lang\lv.js --> ftp.sbrafh.org.br /public_html/e-mailing/fckeditor/editor/lang lv.js
2007.05.25 15:30 B Z:\mailing\e-mailing\fckeditor\editor\lang\mn.js --> ftp.sbrafh.org.br /public_html/e-mailing/fckeditor/editor/lang mn.js
2007.05.25 15:30 B Z:\mailing\e-mailing\fckeditor\editor\lang\ms.js --> ftp.sbrafh.org.br /public_html/e-mailing/fckeditor/editor/lang ms.js
2007.05.25 15:30 B Z:\mailing\e-mailing\fckeditor\editor\lang\nb.js --> ftp.sbrafh.org.br /public_html/e-mailing/fckeditor/editor/lang nb.js
2007.05.25 15:30 B Z:\mailing\e-mailing\fckeditor\editor\lang\nl.js --> ftp.sbrafh.org.br /public_html/e-mailing/fckeditor/editor/lang nl.js
2007.05.25 15:30 B Z:\mailing\e-mailing\fckeditor\editor\lang\no.js --> ftp.sbrafh.org.br /public_html/e-mailing/fckeditor/editor/lang no.js
2007.05.25 15:30 B Z:\mailing\e-mailing\fckeditor\editor\lang\pl.js --> ftp.sbrafh.org.br /public_html/e-mailing/fckeditor/editor/lang pl.js
2007.05.25 15:30 B Z:\mailing\e-mailing\fckeditor\editor\lang\pt-br.js --> ftp.sbrafh.org.br /public_html/e-mailing/fckeditor/editor/lang pt-br.js
2007.05.25 15:30 B Z:\mailing\e-mailing\fckeditor\editor\lang\pt.js --> ftp.sbrafh.org.br /public_html/e-mailing/fckeditor/editor/lang pt.js
2007.05.25 15:30 B Z:\mailing\e-mailing\fckeditor\editor\lang\ro.js --> ftp.sbrafh.org.br /public_html/e-mailing/fckeditor/editor/lang ro.js
2007.05.25 15:30 B Z:\mailing\e-mailing\fckeditor\editor\lang\ru.js --> ftp.sbrafh.org.br /public_html/e-mailing/fckeditor/editor/lang ru.js
2007.05.25 15:30 B Z:\mailing\e-mailing\fckeditor\editor\lang\sk.js --> ftp.sbrafh.org.br /public_html/e-mailing/fckeditor/editor/lang sk.js
2007.05.25 15:30 B Z:\mailing\e-mailing\fckeditor\editor\lang\sl.js --> ftp.sbrafh.org.br /public_html/e-mailing/fckeditor/editor/lang sl.js
2007.05.25 15:30 B Z:\mailing\e-mailing\fckeditor\editor\lang\sr-latn.js --> ftp.sbrafh.org.br /public_html/e-mailing/fckeditor/editor/lang sr-latn.js
2007.05.25 15:30 B Z:\mailing\e-mailing\fckeditor\editor\lang\sr.js --> ftp.sbrafh.org.br /public_html/e-mailing/fckeditor/editor/lang sr.js
2007.05.25 15:30 B Z:\mailing\e-mailing\fckeditor\editor\lang\sv.js --> ftp.sbrafh.org.br /public_html/e-mailing/fckeditor/editor/lang sv.js
2007.05.25 15:31 B Z:\mailing\e-mailing\fckeditor\editor\lang\th.js --> ftp.sbrafh.org.br /public_html/e-mailing/fckeditor/editor/lang th.js
2007.05.25 15:31 B Z:\mailing\e-mailing\fckeditor\editor\lang\tr.js --> ftp.sbrafh.org.br /public_html/e-mailing/fckeditor/editor/lang tr.js
2007.05.25 15:31 B Z:\mailing\e-mailing\fckeditor\editor\lang\uk.js --> ftp.sbrafh.org.br /public_html/e-mailing/fckeditor/editor/lang uk.js
2007.05.25 15:31 B Z:\mailing\e-mailing\fckeditor\editor\lang\vi.js --> ftp.sbrafh.org.br /public_html/e-mailing/fckeditor/editor/lang vi.js
2007.05.25 15:31 B Z:\mailing\e-mailing\fckeditor\editor\lang\zh-cn.js --> ftp.sbrafh.org.br /public_html/e-mailing/fckeditor/editor/lang zh-cn.js
2007.05.25 15:31 B Z:\mailing\e-mailing\fckeditor\editor\lang\zh.js --> ftp.sbrafh.org.br /public_html/e-mailing/fckeditor/editor/lang zh.js
2007.05.28 17:40 B Z:\mailing\e-mailing\fckeditor\editor\lang\_getfontformat.html <-- sbrafh /public_html/e-mailing/fckeditor/editor/lang _getfontformat.html
2007.05.28 17:40 B Z:\mailing\e-mailing\fckeditor\editor\lang\_translationstatus.txt <-- sbrafh /public_html/e-mailing/fckeditor/editor/lang _translationstatus.txt
2007.05.28 17:40 B Z:\mailing\e-mailing\fckeditor\editor\lang\af.js <-- sbrafh /public_html/e-mailing/fckeditor/editor/lang af.js
2007.05.28 17:40 B Z:\mailing\e-mailing\fckeditor\editor\lang\ar.js <-- sbrafh /public_html/e-mailing/fckeditor/editor/lang ar.js
2007.05.28 17:40 B Z:\mailing\e-mailing\fckeditor\editor\lang\bg.js <-- sbrafh /public_html/e-mailing/fckeditor/editor/lang bg.js
2007.05.28 17:40 B Z:\mailing\e-mailing\fckeditor\editor\lang\bn.js <-- sbrafh /public_html/e-mailing/fckeditor/editor/lang bn.js
2007.05.28 17:40 B Z:\mailing\e-mailing\fckeditor\editor\lang\bs.js <-- sbrafh /public_html/e-mailing/fckeditor/editor/lang bs.js
2007.05.28 17:40 B Z:\mailing\e-mailing\fckeditor\editor\lang\ca.js <-- sbrafh /public_html/e-mailing/fckeditor/editor/lang ca.js
2007.05.28 17:40 B Z:\mailing\e-mailing\fckeditor\editor\lang\cs.js <-- sbrafh /public_html/e-mailing/fckeditor/editor/lang cs.js
2007.05.28 17:40 B Z:\mailing\e-mailing\fckeditor\editor\lang\da.js <-- sbrafh /public_html/e-mailing/fckeditor/editor/lang da.js
2007.05.28 17:40 B Z:\mailing\e-mailing\fckeditor\editor\lang\de.js <-- sbrafh /public_html/e-mailing/fckeditor/editor/lang de.js
2007.05.28 17:40 B Z:\mailing\e-mailing\fckeditor\editor\lang\el.js <-- sbrafh /public_html/e-mailing/fckeditor/editor/lang el.js
2007.05.28 17:40 B Z:\mailing\e-mailing\fckeditor\editor\lang\en-au.js <-- sbrafh /public_html/e-mailing/fckeditor/editor/lang en-au.js
2007.05.28 17:40 B Z:\mailing\e-mailing\fckeditor\editor\lang\en-ca.js <-- sbrafh /public_html/e-mailing/fckeditor/editor/lang en-ca.js
2007.05.28 17:40 B Z:\mailing\e-mailing\fckeditor\editor\lang\en-uk.js <-- sbrafh /public_html/e-mailing/fckeditor/editor/lang en-uk.js
2007.05.28 17:40 B Z:\mailing\e-mailing\fckeditor\editor\lang\en.js <-- sbrafh /public_html/e-mailing/fckeditor/editor/lang en.js
2007.05.28 17:40 B Z:\mailing\e-mailing\fckeditor\editor\lang\eo.js <-- sbrafh /public_html/e-mailing/fckeditor/editor/lang eo.js
2007.05.28 17:40 B Z:\mailing\e-mailing\fckeditor\editor\lang\es.js <-- sbrafh /public_html/e-mailing/fckeditor/editor/lang es.js
2007.05.28 17:40 B Z:\mailing\e-mailing\fckeditor\editor\lang\et.js <-- sbrafh /public_html/e-mailing/fckeditor/editor/lang et.js
2007.05.28 17:40 B Z:\mailing\e-mailing\fckeditor\editor\lang\eu.js <-- sbrafh /public_html/e-mailing/fckeditor/editor/lang eu.js
2007.05.28 17:40 B Z:\mailing\e-mailing\fckeditor\editor\lang\fa.js <-- sbrafh /public_html/e-mailing/fckeditor/editor/lang fa.js
2007.05.28 17:40 B Z:\mailing\e-mailing\fckeditor\editor\lang\fi.js <-- sbrafh /public_html/e-mailing/fckeditor/editor/lang fi.js
2007.05.28 17:40 B Z:\mailing\e-mailing\fckeditor\editor\lang\fo.js <-- sbrafh /public_html/e-mailing/fckeditor/editor/lang fo.js
2007.05.28 17:40 B Z:\mailing\e-mailing\fckeditor\editor\lang\fr.js <-- sbrafh /public_html/e-mailing/fckeditor/editor/lang fr.js
2007.05.28 17:40 B Z:\mailing\e-mailing\fckeditor\editor\lang\gl.js <-- sbrafh /public_html/e-mailing/fckeditor/editor/lang gl.js
2007.05.28 17:40 B Z:\mailing\e-mailing\fckeditor\editor\lang\he.js <-- sbrafh /public_html/e-mailing/fckeditor/editor/lang he.js
2007.05.28 17:40 B Z:\mailing\e-mailing\fckeditor\editor\lang\hi.js <-- sbrafh /public_html/e-mailing/fckeditor/editor/lang hi.js
2007.05.28 17:40 B Z:\mailing\e-mailing\fckeditor\editor\lang\hr.js <-- sbrafh /public_html/e-mailing/fckeditor/editor/lang hr.js
2007.05.28 17:40 B Z:\mailing\e-mailing\fckeditor\editor\lang\hu.js <-- sbrafh /public_html/e-mailing/fckeditor/editor/lang hu.js
2007.05.28 17:40 B Z:\mailing\e-mailing\fckeditor\editor\lang\it.js <-- sbrafh /public_html/e-mailing/fckeditor/editor/lang it.js
2007.05.28 17:40 B Z:\mailing\e-mailing\fckeditor\editor\lang\ja.js <-- sbrafh /public_html/e-mailing/fckeditor/editor/lang ja.js
2007.05.28 17:40 B Z:\mailing\e-mailing\fckeditor\editor\lang\km.js <-- sbrafh /public_html/e-mailing/fckeditor/editor/lang km.js
2007.05.28 17:40 B Z:\mailing\e-mailing\fckeditor\editor\lang\ko.js <-- sbrafh /public_html/e-mailing/fckeditor/editor/lang ko.js
2007.05.28 17:40 B Z:\mailing\e-mailing\fckeditor\editor\lang\lt.js <-- sbrafh /public_html/e-mailing/fckeditor/editor/lang lt.js
2007.05.28 17:40 B Z:\mailing\e-mailing\fckeditor\editor\lang\lv.js <-- sbrafh /public_html/e-mailing/fckeditor/editor/lang lv.js
2007.05.28 17:40 B Z:\mailing\e-mailing\fckeditor\editor\lang\mn.js <-- sbrafh /public_html/e-mailing/fckeditor/editor/lang mn.js
2007.05.28 17:40 B Z:\mailing\e-mailing\fckeditor\editor\lang\ms.js <-- sbrafh /public_html/e-mailing/fckeditor/editor/lang ms.js
2007.05.28 17:40 B Z:\mailing\e-mailing\fckeditor\editor\lang\nb.js <-- sbrafh /public_html/e-mailing/fckeditor/editor/lang nb.js
2007.05.28 17:40 B Z:\mailing\e-mailing\fckeditor\editor\lang\nl.js <-- sbrafh /public_html/e-mailing/fckeditor/editor/lang nl.js
2007.05.28 17:40 B Z:\mailing\e-mailing\fckeditor\editor\lang\no.js <-- sbrafh /public_html/e-mailing/fckeditor/editor/lang no.js
2007.05.28 17:40 B Z:\mailing\e-mailing\fckeditor\editor\lang\pl.js <-- sbrafh /public_html/e-mailing/fckeditor/editor/lang pl.js
2007.05.28 17:40 B Z:\mailing\e-mailing\fckeditor\editor\lang\pt-br.js <-- sbrafh /public_html/e-mailing/fckeditor/editor/lang pt-br.js
2007.05.28 17:40 B Z:\mailing\e-mailing\fckeditor\editor\lang\pt.js <-- sbrafh /public_html/e-mailing/fckeditor/editor/lang pt.js
2007.05.28 17:40 B Z:\mailing\e-mailing\fckeditor\editor\lang\ro.js <-- sbrafh /public_html/e-mailing/fckeditor/editor/lang ro.js
2007.05.28 17:40 B Z:\mailing\e-mailing\fckeditor\editor\lang\ru.js <-- sbrafh /public_html/e-mailing/fckeditor/editor/lang ru.js
2007.05.28 17:40 B Z:\mailing\e-mailing\fckeditor\editor\lang\sk.js <-- sbrafh /public_html/e-mailing/fckeditor/editor/lang sk.js
2007.05.28 17:40 B Z:\mailing\e-mailing\fckeditor\editor\lang\sl.js <-- sbrafh /public_html/e-mailing/fckeditor/editor/lang sl.js
2007.05.28 17:40 B Z:\mailing\e-mailing\fckeditor\editor\lang\sr-latn.js <-- sbrafh /public_html/e-mailing/fckeditor/editor/lang sr-latn.js
2007.05.28 17:40 B Z:\mailing\e-mailing\fckeditor\editor\lang\sr.js <-- sbrafh /public_html/e-mailing/fckeditor/editor/lang sr.js
2007.05.28 17:40 B Z:\mailing\e-mailing\fckeditor\editor\lang\sv.js <-- sbrafh /public_html/e-mailing/fckeditor/editor/lang sv.js
2007.05.28 17:40 B Z:\mailing\e-mailing\fckeditor\editor\lang\th.js <-- sbrafh /public_html/e-mailing/fckeditor/editor/lang th.js
2007.05.28 17:40 B Z:\mailing\e-mailing\fckeditor\editor\lang\tr.js <-- sbrafh /public_html/e-mailing/fckeditor/editor/lang tr.js
2007.05.28 17:40 B Z:\mailing\e-mailing\fckeditor\editor\lang\uk.js <-- sbrafh /public_html/e-mailing/fckeditor/editor/lang uk.js
2007.05.28 17:40 B Z:\mailing\e-mailing\fckeditor\editor\lang\vi.js <-- sbrafh /public_html/e-mailing/fckeditor/editor/lang vi.js
2007.05.28 17:40 B Z:\mailing\e-mailing\fckeditor\editor\lang\zh-cn.js <-- sbrafh /public_html/e-mailing/fckeditor/editor/lang zh-cn.js
2007.05.28 17:40 B Z:\mailing\e-mailing\fckeditor\editor\lang\zh.js <-- sbrafh /public_html/e-mailing/fckeditor/editor/lang zh.js
2007.08.06 19:14 B Z:\amfar\admin\e-mailing\fckeditor\editor\lang\_getfontformat.html --> ftp635.locaweb.com.br /public_html/admin/e-mailing/fckeditor/editor/lang _getfontformat.html
2007.08.06 19:14 B Z:\amfar\admin\e-mailing\fckeditor\editor\lang\_translationstatus.txt --> ftp635.locaweb.com.br /public_html/admin/e-mailing/fckeditor/editor/lang _translationstatus.txt
2007.08.06 19:14 B Z:\amfar\admin\e-mailing\fckeditor\editor\lang\af.js --> ftp635.locaweb.com.br /public_html/admin/e-mailing/fckeditor/editor/lang af.js
2007.08.06 19:14 B Z:\amfar\admin\e-mailing\fckeditor\editor\lang\ar.js --> ftp635.locaweb.com.br /public_html/admin/e-mailing/fckeditor/editor/lang ar.js
2007.08.06 19:14 B Z:\amfar\admin\e-mailing\fckeditor\editor\lang\bg.js --> ftp635.locaweb.com.br /public_html/admin/e-mailing/fckeditor/editor/lang bg.js
2007.08.06 19:14 B Z:\amfar\admin\e-mailing\fckeditor\editor\lang\bn.js --> ftp635.locaweb.com.br /public_html/admin/e-mailing/fckeditor/editor/lang bn.js
2007.08.06 19:15 B Z:\amfar\admin\e-mailing\fckeditor\editor\lang\bs.js --> ftp635.locaweb.com.br /public_html/admin/e-mailing/fckeditor/editor/lang bs.js
2007.08.06 19:15 B Z:\amfar\admin\e-mailing\fckeditor\editor\lang\ca.js --> ftp635.locaweb.com.br /public_html/admin/e-mailing/fckeditor/editor/lang ca.js
2007.08.06 19:15 B Z:\amfar\admin\e-mailing\fckeditor\editor\lang\cs.js --> ftp635.locaweb.com.br /public_html/admin/e-mailing/fckeditor/editor/lang cs.js
2007.08.06 19:15 B Z:\amfar\admin\e-mailing\fckeditor\editor\lang\da.js --> ftp635.locaweb.com.br /public_html/admin/e-mailing/fckeditor/editor/lang da.js
2007.08.06 19:15 B Z:\amfar\admin\e-mailing\fckeditor\editor\lang\de.js --> ftp635.locaweb.com.br /public_html/admin/e-mailing/fckeditor/editor/lang de.js
2007.08.06 19:15 B Z:\amfar\admin\e-mailing\fckeditor\editor\lang\el.js --> ftp635.locaweb.com.br /public_html/admin/e-mailing/fckeditor/editor/lang el.js
2007.08.06 19:15 B Z:\amfar\admin\e-mailing\fckeditor\editor\lang\en-au.js --> ftp635.locaweb.com.br /public_html/admin/e-mailing/fckeditor/editor/lang en-au.js
2007.08.06 19:15 B Z:\amfar\admin\e-mailing\fckeditor\editor\lang\en-ca.js --> ftp635.locaweb.com.br /public_html/admin/e-mailing/fckeditor/editor/lang en-ca.js
2007.08.06 19:15 B Z:\amfar\admin\e-mailing\fckeditor\editor\lang\en-uk.js --> ftp635.locaweb.com.br /public_html/admin/e-mailing/fckeditor/editor/lang en-uk.js
2007.08.06 19:15 B Z:\amfar\admin\e-mailing\fckeditor\editor\lang\en.js --> ftp635.locaweb.com.br /public_html/admin/e-mailing/fckeditor/editor/lang en.js
2007.08.06 19:15 B Z:\amfar\admin\e-mailing\fckeditor\editor\lang\eo.js --> ftp635.locaweb.com.br /public_html/admin/e-mailing/fckeditor/editor/lang eo.js
2007.08.06 19:15 B Z:\amfar\admin\e-mailing\fckeditor\editor\lang\es.js --> ftp635.locaweb.com.br /public_html/admin/e-mailing/fckeditor/editor/lang es.js
2007.08.06 19:15 B Z:\amfar\admin\e-mailing\fckeditor\editor\lang\et.js --> ftp635.locaweb.com.br /public_html/admin/e-mailing/fckeditor/editor/lang et.js
2007.08.06 19:15 B Z:\amfar\admin\e-mailing\fckeditor\editor\lang\eu.js --> ftp635.locaweb.com.br /public_html/admin/e-mailing/fckeditor/editor/lang eu.js
2007.08.06 19:15 B Z:\amfar\admin\e-mailing\fckeditor\editor\lang\fa.js --> ftp635.locaweb.com.br /public_html/admin/e-mailing/fckeditor/editor/lang fa.js
2007.08.06 19:15 B Z:\amfar\admin\e-mailing\fckeditor\editor\lang\fi.js --> ftp635.locaweb.com.br /public_html/admin/e-mailing/fckeditor/editor/lang fi.js
2007.08.06 19:15 B Z:\amfar\admin\e-mailing\fckeditor\editor\lang\fo.js --> ftp635.locaweb.com.br /public_html/admin/e-mailing/fckeditor/editor/lang fo.js
2007.08.06 19:15 B Z:\amfar\admin\e-mailing\fckeditor\editor\lang\fr.js --> ftp635.locaweb.com.br /public_html/admin/e-mailing/fckeditor/editor/lang fr.js
2007.08.06 19:15 B Z:\amfar\admin\e-mailing\fckeditor\editor\lang\gl.js --> ftp635.locaweb.com.br /public_html/admin/e-mailing/fckeditor/editor/lang gl.js
2007.08.06 19:15 B Z:\amfar\admin\e-mailing\fckeditor\editor\lang\he.js --> ftp635.locaweb.com.br /public_html/admin/e-mailing/fckeditor/editor/lang he.js
2007.08.06 19:15 B Z:\amfar\admin\e-mailing\fckeditor\editor\lang\hi.js --> ftp635.locaweb.com.br /public_html/admin/e-mailing/fckeditor/editor/lang hi.js
2007.08.06 19:15 B Z:\amfar\admin\e-mailing\fckeditor\editor\lang\hr.js --> ftp635.locaweb.com.br /public_html/admin/e-mailing/fckeditor/editor/lang hr.js
2007.08.06 19:15 B Z:\amfar\admin\e-mailing\fckeditor\editor\lang\hu.js --> ftp635.locaweb.com.br /public_html/admin/e-mailing/fckeditor/editor/lang hu.js
2007.08.06 19:15 B Z:\amfar\admin\e-mailing\fckeditor\editor\lang\it.js --> ftp635.locaweb.com.br /public_html/admin/e-mailing/fckeditor/editor/lang it.js
2007.08.06 19:15 B Z:\amfar\admin\e-mailing\fckeditor\editor\lang\ja.js --> ftp635.locaweb.com.br /public_html/admin/e-mailing/fckeditor/editor/lang ja.js
2007.08.06 19:15 B Z:\amfar\admin\e-mailing\fckeditor\editor\lang\km.js --> ftp635.locaweb.com.br /public_html/admin/e-mailing/fckeditor/editor/lang km.js
2007.08.06 19:15 B Z:\amfar\admin\e-mailing\fckeditor\editor\lang\ko.js --> ftp635.locaweb.com.br /public_html/admin/e-mailing/fckeditor/editor/lang ko.js
2007.08.06 19:15 B Z:\amfar\admin\e-mailing\fckeditor\editor\lang\lt.js --> ftp635.locaweb.com.br /public_html/admin/e-mailing/fckeditor/editor/lang lt.js
2007.08.06 19:15 B Z:\amfar\admin\e-mailing\fckeditor\editor\lang\lv.js --> ftp635.locaweb.com.br /public_html/admin/e-mailing/fckeditor/editor/lang lv.js
2007.08.06 19:15 B Z:\amfar\admin\e-mailing\fckeditor\editor\lang\mn.js --> ftp635.locaweb.com.br /public_html/admin/e-mailing/fckeditor/editor/lang mn.js
2007.08.06 19:15 B Z:\amfar\admin\e-mailing\fckeditor\editor\lang\ms.js --> ftp635.locaweb.com.br /public_html/admin/e-mailing/fckeditor/editor/lang ms.js
2007.08.06 19:15 B Z:\amfar\admin\e-mailing\fckeditor\editor\lang\nb.js --> ftp635.locaweb.com.br /public_html/admin/e-mailing/fckeditor/editor/lang nb.js
2007.08.06 19:15 B Z:\amfar\admin\e-mailing\fckeditor\editor\lang\nl.js --> ftp635.locaweb.com.br /public_html/admin/e-mailing/fckeditor/editor/lang nl.js
2007.08.06 19:15 B Z:\amfar\admin\e-mailing\fckeditor\editor\lang\no.js --> ftp635.locaweb.com.br /public_html/admin/e-mailing/fckeditor/editor/lang no.js
2007.08.06 19:16 B Z:\amfar\admin\e-mailing\fckeditor\editor\lang\pl.js --> ftp635.locaweb.com.br /public_html/admin/e-mailing/fckeditor/editor/lang pl.js
2007.08.06 19:16 B Z:\amfar\admin\e-mailing\fckeditor\editor\lang\pt-br.js --> ftp635.locaweb.com.br /public_html/admin/e-mailing/fckeditor/editor/lang pt-br.js
2007.08.06 19:16 B Z:\amfar\admin\e-mailing\fckeditor\editor\lang\pt.js --> ftp635.locaweb.com.br /public_html/admin/e-mailing/fckeditor/editor/lang pt.js
2007.08.06 19:16 B Z:\amfar\admin\e-mailing\fckeditor\editor\lang\ro.js --> ftp635.locaweb.com.br /public_html/admin/e-mailing/fckeditor/editor/lang ro.js
2007.08.06 19:16 B Z:\amfar\admin\e-mailing\fckeditor\editor\lang\ru.js --> ftp635.locaweb.com.br /public_html/admin/e-mailing/fckeditor/editor/lang ru.js
2007.08.06 19:16 B Z:\amfar\admin\e-mailing\fckeditor\editor\lang\sk.js --> ftp635.locaweb.com.br /public_html/admin/e-mailing/fckeditor/editor/lang sk.js
2007.08.06 19:16 B Z:\amfar\admin\e-mailing\fckeditor\editor\lang\sl.js --> ftp635.locaweb.com.br /public_html/admin/e-mailing/fckeditor/editor/lang sl.js
2007.08.06 19:16 B Z:\amfar\admin\e-mailing\fckeditor\editor\lang\sr-latn.js --> ftp635.locaweb.com.br /public_html/admin/e-mailing/fckeditor/editor/lang sr-latn.js
2007.08.06 19:16 B Z:\amfar\admin\e-mailing\fckeditor\editor\lang\sr.js --> ftp635.locaweb.com.br /public_html/admin/e-mailing/fckeditor/editor/lang sr.js
2007.08.06 19:16 B Z:\amfar\admin\e-mailing\fckeditor\editor\lang\sv.js --> ftp635.locaweb.com.br /public_html/admin/e-mailing/fckeditor/editor/lang sv.js
2007.08.06 19:16 B Z:\amfar\admin\e-mailing\fckeditor\editor\lang\th.js --> ftp635.locaweb.com.br /public_html/admin/e-mailing/fckeditor/editor/lang th.js
2007.08.06 19:16 B Z:\amfar\admin\e-mailing\fckeditor\editor\lang\tr.js --> ftp635.locaweb.com.br /public_html/admin/e-mailing/fckeditor/editor/lang tr.js
2007.08.06 19:16 B Z:\amfar\admin\e-mailing\fckeditor\editor\lang\uk.js --> ftp635.locaweb.com.br /public_html/admin/e-mailing/fckeditor/editor/lang uk.js
2007.08.06 19:16 B Z:\amfar\admin\e-mailing\fckeditor\editor\lang\vi.js --> ftp635.locaweb.com.br /public_html/admin/e-mailing/fckeditor/editor/lang vi.js
