2011.06.20 18:48 B F:\xampp\htdocs\zf-tutorial\library\Zend\Pdf\Annotation\FileAttachment.php --> ftp.portalridgid.com.br /public_html/zf-tutorial/library/Zend/Pdf/Annotation FileAttachment.php
2011.06.20 18:48 B F:\xampp\htdocs\zf-tutorial\library\Zend\Pdf\Annotation\Link.php --> ftp.portalridgid.com.br /public_html/zf-tutorial/library/Zend/Pdf/Annotation Link.php
2011.06.20 18:48 B F:\xampp\htdocs\zf-tutorial\library\Zend\Pdf\Annotation\Markup.php --> ftp.portalridgid.com.br /public_html/zf-tutorial/library/Zend/Pdf/Annotation Markup.php
2011.06.20 18:48 B F:\xampp\htdocs\zf-tutorial\library\Zend\Pdf\Annotation\Text.php --> ftp.portalridgid.com.br /public_html/zf-tutorial/library/Zend/Pdf/Annotation Text.php
2011.06.30 03:21 B F:\xampp\htdocs\zendLibrary\Zend\Pdf\Annotation\WS_FTP.LOG --> ftp.sbrafh.org.br /sbrafh/Web/zendLibrary/Zend/Pdf/Annotation WS_FTP.LOG
2011.06.30 03:21 B F:\xampp\htdocs\zendLibrary\Zend\Pdf\Annotation\Text.php --> ftp.sbrafh.org.br /sbrafh/Web/zendLibrary/Zend/Pdf/Annotation Text.php
2011.06.30 03:21 B F:\xampp\htdocs\zendLibrary\Zend\Pdf\Annotation\Markup.php --> ftp.sbrafh.org.br /sbrafh/Web/zendLibrary/Zend/Pdf/Annotation Markup.php
2011.06.30 03:21 B F:\xampp\htdocs\zendLibrary\Zend\Pdf\Annotation\Link.php --> ftp.sbrafh.org.br /sbrafh/Web/zendLibrary/Zend/Pdf/Annotation Link.php
2011.06.30 03:21 B F:\xampp\htdocs\zendLibrary\Zend\Pdf\Annotation\FileAttachment.php --> ftp.sbrafh.org.br /sbrafh/Web/zendLibrary/Zend/Pdf/Annotation FileAttachment.php
2011.07.09 00:14 B F:\xampp\htdocs\zendLibrary\Zend\Pdf\Annotation\FileAttachment.php --> ftp.radiofone.com.br /public_html/radiofone/zendLibrary/Zend/Pdf/Annotation FileAttachment.php
2011.07.09 00:14 B F:\xampp\htdocs\zendLibrary\Zend\Pdf\Annotation\Link.php --> ftp.radiofone.com.br /public_html/radiofone/zendLibrary/Zend/Pdf/Annotation Link.php
2011.07.09 00:14 B F:\xampp\htdocs\zendLibrary\Zend\Pdf\Annotation\Markup.php --> ftp.radiofone.com.br /public_html/radiofone/zendLibrary/Zend/Pdf/Annotation Markup.php
2011.07.09 00:14 B F:\xampp\htdocs\zendLibrary\Zend\Pdf\Annotation\Text.php --> ftp.radiofone.com.br /public_html/radiofone/zendLibrary/Zend/Pdf/Annotation Text.php
2011.07.09 00:14 B F:\xampp\htdocs\zendLibrary\Zend\Pdf\Annotation\WS_FTP.LOG --> ftp.radiofone.com.br /public_html/radiofone/zendLibrary/Zend/Pdf/Annotation WS_FTP.LOG
2011.07.09 00:50 B F:\xampp\htdocs\zendLibrary\Zend\Pdf\Annotation\WS_FTP.LOG --> ftp.radiofone.com.br /public_html/radiofone/zendLibrary/Zend/Pdf/Annotation WS_FTP.LOG
2011.07.26 23:03 B F:\xampp\htdocs\zendLibrary\Zend\Pdf\Annotation\FileAttachment.php --> ftp.sobrafo.org.br /public_html/zendLibrary/Zend/Pdf/Annotation FileAttachment.php
2011.07.26 23:03 B F:\xampp\htdocs\zendLibrary\Zend\Pdf\Annotation\Link.php --> ftp.sobrafo.org.br /public_html/zendLibrary/Zend/Pdf/Annotation Link.php
2011.07.26 23:03 B F:\xampp\htdocs\zendLibrary\Zend\Pdf\Annotation\Markup.php --> ftp.sobrafo.org.br /public_html/zendLibrary/Zend/Pdf/Annotation Markup.php
2011.07.26 23:03 B F:\xampp\htdocs\zendLibrary\Zend\Pdf\Annotation\Text.php --> ftp.sobrafo.org.br /public_html/zendLibrary/Zend/Pdf/Annotation Text.php
2011.07.26 23:03 B F:\xampp\htdocs\zendLibrary\Zend\Pdf\Annotation\WS_FTP.LOG --> ftp.sobrafo.org.br /public_html/zendLibrary/Zend/Pdf/Annotation WS_FTP.LOG
2011.08.09 17:23 B F:\xampp\htdocs\ZendLibrary\Zend\Pdf\Annotation\FileAttachment.php --> ftp.amfar.com.br /public_html/ZendLibrary/Zend/Pdf/Annotation FileAttachment.php
2011.08.09 17:23 B F:\xampp\htdocs\ZendLibrary\Zend\Pdf\Annotation\Link.php --> ftp.amfar.com.br /public_html/ZendLibrary/Zend/Pdf/Annotation Link.php
2011.08.09 17:23 B F:\xampp\htdocs\ZendLibrary\Zend\Pdf\Annotation\Markup.php --> ftp.amfar.com.br /public_html/ZendLibrary/Zend/Pdf/Annotation Markup.php
2011.08.09 17:23 B F:\xampp\htdocs\ZendLibrary\Zend\Pdf\Annotation\Text.php --> ftp.amfar.com.br /public_html/ZendLibrary/Zend/Pdf/Annotation Text.php
