2011.06.20 18:39 B F:\xampp\htdocs\zf-tutorial\library\Zend\Http\Client\Adapter\Curl.php --> ftp.portalridgid.com.br /public_html/zf-tutorial/library/Zend/Http/Client/Adapter Curl.php
2011.06.20 18:39 B F:\xampp\htdocs\zf-tutorial\library\Zend\Http\Client\Adapter\Exception.php --> ftp.portalridgid.com.br /public_html/zf-tutorial/library/Zend/Http/Client/Adapter Exception.php
2011.06.20 18:39 B F:\xampp\htdocs\zf-tutorial\library\Zend\Http\Client\Adapter\Interface.php --> ftp.portalridgid.com.br /public_html/zf-tutorial/library/Zend/Http/Client/Adapter Interface.php
2011.06.20 18:39 B F:\xampp\htdocs\zf-tutorial\library\Zend\Http\Client\Adapter\Proxy.php --> ftp.portalridgid.com.br /public_html/zf-tutorial/library/Zend/Http/Client/Adapter Proxy.php
2011.06.20 18:39 B F:\xampp\htdocs\zf-tutorial\library\Zend\Http\Client\Adapter\Socket.php --> ftp.portalridgid.com.br /public_html/zf-tutorial/library/Zend/Http/Client/Adapter Socket.php
2011.06.20 18:39 B F:\xampp\htdocs\zf-tutorial\library\Zend\Http\Client\Adapter\Stream.php --> ftp.portalridgid.com.br /public_html/zf-tutorial/library/Zend/Http/Client/Adapter Stream.php
2011.06.20 18:39 B F:\xampp\htdocs\zf-tutorial\library\Zend\Http\Client\Adapter\Test.php --> ftp.portalridgid.com.br /public_html/zf-tutorial/library/Zend/Http/Client/Adapter Test.php
2011.06.30 03:33 B F:\xampp\htdocs\zendLibrary\Zend\Http\Client\Adapter\WS_FTP.LOG --> ftp.sbrafh.org.br /sbrafh/Web/zendLibrary/Zend/Http/Client/Adapter WS_FTP.LOG
2011.06.30 03:33 B F:\xampp\htdocs\zendLibrary\Zend\Http\Client\Adapter\Test.php --> ftp.sbrafh.org.br /sbrafh/Web/zendLibrary/Zend/Http/Client/Adapter Test.php
2011.06.30 03:33 B F:\xampp\htdocs\zendLibrary\Zend\Http\Client\Adapter\Stream.php --> ftp.sbrafh.org.br /sbrafh/Web/zendLibrary/Zend/Http/Client/Adapter Stream.php
2011.06.30 03:33 B F:\xampp\htdocs\zendLibrary\Zend\Http\Client\Adapter\Socket.php --> ftp.sbrafh.org.br /sbrafh/Web/zendLibrary/Zend/Http/Client/Adapter Socket.php
2011.06.30 03:33 B F:\xampp\htdocs\zendLibrary\Zend\Http\Client\Adapter\Proxy.php --> ftp.sbrafh.org.br /sbrafh/Web/zendLibrary/Zend/Http/Client/Adapter Proxy.php
2011.06.30 03:33 B F:\xampp\htdocs\zendLibrary\Zend\Http\Client\Adapter\Interface.php --> ftp.sbrafh.org.br /sbrafh/Web/zendLibrary/Zend/Http/Client/Adapter Interface.php
2011.06.30 03:33 B F:\xampp\htdocs\zendLibrary\Zend\Http\Client\Adapter\Exception.php --> ftp.sbrafh.org.br /sbrafh/Web/zendLibrary/Zend/Http/Client/Adapter Exception.php
2011.06.30 03:33 B F:\xampp\htdocs\zendLibrary\Zend\Http\Client\Adapter\Curl.php --> ftp.sbrafh.org.br /sbrafh/Web/zendLibrary/Zend/Http/Client/Adapter Curl.php
2011.07.08 23:52 B F:\xampp\htdocs\zendLibrary\Zend\Http\Client\Adapter\Curl.php --> ftp.radiofone.com.br /public_html/radiofone/zendLibrary/Zend/Http/Client/Adapter Curl.php
2011.07.08 23:52 B F:\xampp\htdocs\zendLibrary\Zend\Http\Client\Adapter\Exception.php --> ftp.radiofone.com.br /public_html/radiofone/zendLibrary/Zend/Http/Client/Adapter Exception.php
2011.07.08 23:52 B F:\xampp\htdocs\zendLibrary\Zend\Http\Client\Adapter\Interface.php --> ftp.radiofone.com.br /public_html/radiofone/zendLibrary/Zend/Http/Client/Adapter Interface.php
2011.07.08 23:52 B F:\xampp\htdocs\zendLibrary\Zend\Http\Client\Adapter\Proxy.php --> ftp.radiofone.com.br /public_html/radiofone/zendLibrary/Zend/Http/Client/Adapter Proxy.php
2011.07.08 23:52 B F:\xampp\htdocs\zendLibrary\Zend\Http\Client\Adapter\Socket.php --> ftp.radiofone.com.br /public_html/radiofone/zendLibrary/Zend/Http/Client/Adapter Socket.php
2011.07.08 23:52 B F:\xampp\htdocs\zendLibrary\Zend\Http\Client\Adapter\Stream.php --> ftp.radiofone.com.br /public_html/radiofone/zendLibrary/Zend/Http/Client/Adapter Stream.php
2011.07.08 23:52 B F:\xampp\htdocs\zendLibrary\Zend\Http\Client\Adapter\Test.php --> ftp.radiofone.com.br /public_html/radiofone/zendLibrary/Zend/Http/Client/Adapter Test.php
2011.07.08 23:52 B F:\xampp\htdocs\zendLibrary\Zend\Http\Client\Adapter\WS_FTP.LOG --> ftp.radiofone.com.br /public_html/radiofone/zendLibrary/Zend/Http/Client/Adapter WS_FTP.LOG
2011.07.26 22:53 B F:\xampp\htdocs\zendLibrary\Zend\Http\Client\Adapter\Curl.php --> ftp.sobrafo.org.br /public_html/zendLibrary/Zend/Http/Client/Adapter Curl.php
2011.07.26 22:53 B F:\xampp\htdocs\zendLibrary\Zend\Http\Client\Adapter\Exception.php --> ftp.sobrafo.org.br /public_html/zendLibrary/Zend/Http/Client/Adapter Exception.php
2011.07.26 22:53 B F:\xampp\htdocs\zendLibrary\Zend\Http\Client\Adapter\Interface.php --> ftp.sobrafo.org.br /public_html/zendLibrary/Zend/Http/Client/Adapter Interface.php
2011.07.26 22:53 B F:\xampp\htdocs\zendLibrary\Zend\Http\Client\Adapter\Proxy.php --> ftp.sobrafo.org.br /public_html/zendLibrary/Zend/Http/Client/Adapter Proxy.php
2011.07.26 22:53 B F:\xampp\htdocs\zendLibrary\Zend\Http\Client\Adapter\Socket.php --> ftp.sobrafo.org.br /public_html/zendLibrary/Zend/Http/Client/Adapter Socket.php
2011.07.26 22:53 B F:\xampp\htdocs\zendLibrary\Zend\Http\Client\Adapter\Stream.php --> ftp.sobrafo.org.br /public_html/zendLibrary/Zend/Http/Client/Adapter Stream.php
2011.07.26 22:53 B F:\xampp\htdocs\zendLibrary\Zend\Http\Client\Adapter\Test.php --> ftp.sobrafo.org.br /public_html/zendLibrary/Zend/Http/Client/Adapter Test.php
2011.07.26 22:53 B F:\xampp\htdocs\zendLibrary\Zend\Http\Client\Adapter\WS_FTP.LOG --> ftp.sobrafo.org.br /public_html/zendLibrary/Zend/Http/Client/Adapter WS_FTP.LOG
2011.08.09 17:03 B F:\xampp\htdocs\ZendLibrary\Zend\Http\Client\Adapter\Curl.php --> ftp.amfar.com.br /public_html/ZendLibrary/Zend/Http/Client/Adapter Curl.php
2011.08.09 17:03 B F:\xampp\htdocs\ZendLibrary\Zend\Http\Client\Adapter\Exception.php --> ftp.amfar.com.br /public_html/ZendLibrary/Zend/Http/Client/Adapter Exception.php
2011.08.09 17:03 B F:\xampp\htdocs\ZendLibrary\Zend\Http\Client\Adapter\Interface.php --> ftp.amfar.com.br /public_html/ZendLibrary/Zend/Http/Client/Adapter Interface.php
2011.08.09 17:03 B F:\xampp\htdocs\ZendLibrary\Zend\Http\Client\Adapter\Proxy.php --> ftp.amfar.com.br /public_html/ZendLibrary/Zend/Http/Client/Adapter Proxy.php
2011.08.09 17:03 B F:\xampp\htdocs\ZendLibrary\Zend\Http\Client\Adapter\Socket.php --> ftp.amfar.com.br /public_html/ZendLibrary/Zend/Http/Client/Adapter Socket.php
2011.08.09 17:03 B F:\xampp\htdocs\ZendLibrary\Zend\Http\Client\Adapter\Stream.php --> ftp.amfar.com.br /public_html/ZendLibrary/Zend/Http/Client/Adapter Stream.php
2011.08.09 17:03 B F:\xampp\htdocs\ZendLibrary\Zend\Http\Client\Adapter\Test.php --> ftp.amfar.com.br /public_html/ZendLibrary/Zend/Http/Client/Adapter Test.php
2011.08.09 17:03 B F:\xampp\htdocs\ZendLibrary\Zend\Http\Client\Adapter\WS_FTP.LOG --> ftp.amfar.com.br /public_html/ZendLibrary/Zend/Http/Client/Adapter WS_FTP.LOG
