2011.06.20 18:56 B F:\xampp\htdocs\zf-tutorial\library\Zend\Tool\Project\Context\System\Interface.php --> ftp.portalridgid.com.br /public_html/zf-tutorial/library/Zend/Tool/Project/Context/System Interface.php
2011.06.20 18:56 B F:\xampp\htdocs\zf-tutorial\library\Zend\Tool\Project\Context\System\NotOverwritable.php --> ftp.portalridgid.com.br /public_html/zf-tutorial/library/Zend/Tool/Project/Context/System NotOverwritable.php
2011.06.20 18:56 B F:\xampp\htdocs\zf-tutorial\library\Zend\Tool\Project\Context\System\ProjectDirectory.php --> ftp.portalridgid.com.br /public_html/zf-tutorial/library/Zend/Tool/Project/Context/System ProjectDirectory.php
2011.06.20 18:56 B F:\xampp\htdocs\zf-tutorial\library\Zend\Tool\Project\Context\System\ProjectProfileFile.php --> ftp.portalridgid.com.br /public_html/zf-tutorial/library/Zend/Tool/Project/Context/System ProjectProfileFile.php
2011.06.20 18:56 B F:\xampp\htdocs\zf-tutorial\library\Zend\Tool\Project\Context\System\ProjectProvidersDirectory.php --> ftp.portalridgid.com.br /public_html/zf-tutorial/library/Zend/Tool/Project/Context/System ProjectProvidersDirectory.php
2011.06.20 18:56 B F:\xampp\htdocs\zf-tutorial\library\Zend\Tool\Project\Context\System\TopLevelRestrictable.php --> ftp.portalridgid.com.br /public_html/zf-tutorial/library/Zend/Tool/Project/Context/System TopLevelRestrictable.php
2011.06.30 03:47 B F:\xampp\htdocs\zendLibrary\Zend\Tool\Project\Context\System\WS_FTP.LOG --> ftp.sbrafh.org.br /sbrafh/Web/zendLibrary/Zend/Tool/Project/Context/System WS_FTP.LOG
2011.06.30 03:47 B F:\xampp\htdocs\zendLibrary\Zend\Tool\Project\Context\System\TopLevelRestrictable.php --> ftp.sbrafh.org.br /sbrafh/Web/zendLibrary/Zend/Tool/Project/Context/System TopLevelRestrictable.php
2011.06.30 03:47 B F:\xampp\htdocs\zendLibrary\Zend\Tool\Project\Context\System\ProjectProvidersDirectory.php --> ftp.sbrafh.org.br /sbrafh/Web/zendLibrary/Zend/Tool/Project/Context/System ProjectProvidersDirectory.php
2011.06.30 03:47 B F:\xampp\htdocs\zendLibrary\Zend\Tool\Project\Context\System\ProjectProfileFile.php --> ftp.sbrafh.org.br /sbrafh/Web/zendLibrary/Zend/Tool/Project/Context/System ProjectProfileFile.php
2011.06.30 03:47 B F:\xampp\htdocs\zendLibrary\Zend\Tool\Project\Context\System\ProjectDirectory.php --> ftp.sbrafh.org.br /sbrafh/Web/zendLibrary/Zend/Tool/Project/Context/System ProjectDirectory.php
2011.06.30 03:47 B F:\xampp\htdocs\zendLibrary\Zend\Tool\Project\Context\System\NotOverwritable.php --> ftp.sbrafh.org.br /sbrafh/Web/zendLibrary/Zend/Tool/Project/Context/System NotOverwritable.php
2011.06.30 03:47 B F:\xampp\htdocs\zendLibrary\Zend\Tool\Project\Context\System\Interface.php --> ftp.sbrafh.org.br /sbrafh/Web/zendLibrary/Zend/Tool/Project/Context/System Interface.php
2011.07.09 00:23 B F:\xampp\htdocs\zendLibrary\Zend\Tool\Project\Context\System\Interface.php --> ftp.radiofone.com.br /public_html/radiofone/zendLibrary/Zend/Tool/Project/Context/System Interface.php
2011.07.09 00:23 B F:\xampp\htdocs\zendLibrary\Zend\Tool\Project\Context\System\NotOverwritable.php --> ftp.radiofone.com.br /public_html/radiofone/zendLibrary/Zend/Tool/Project/Context/System NotOverwritable.php
2011.07.09 00:23 B F:\xampp\htdocs\zendLibrary\Zend\Tool\Project\Context\System\ProjectDirectory.php --> ftp.radiofone.com.br /public_html/radiofone/zendLibrary/Zend/Tool/Project/Context/System ProjectDirectory.php
2011.07.09 00:23 B F:\xampp\htdocs\zendLibrary\Zend\Tool\Project\Context\System\ProjectProfileFile.php --> ftp.radiofone.com.br /public_html/radiofone/zendLibrary/Zend/Tool/Project/Context/System ProjectProfileFile.php
2011.07.09 00:23 B F:\xampp\htdocs\zendLibrary\Zend\Tool\Project\Context\System\ProjectProvidersDirectory.php --> ftp.radiofone.com.br /public_html/radiofone/zendLibrary/Zend/Tool/Project/Context/System ProjectProvidersDirectory.php
2011.07.09 00:23 B F:\xampp\htdocs\zendLibrary\Zend\Tool\Project\Context\System\TopLevelRestrictable.php --> ftp.radiofone.com.br /public_html/radiofone/zendLibrary/Zend/Tool/Project/Context/System TopLevelRestrictable.php
2011.07.09 00:23 B F:\xampp\htdocs\zendLibrary\Zend\Tool\Project\Context\System\WS_FTP.LOG --> ftp.radiofone.com.br /public_html/radiofone/zendLibrary/Zend/Tool/Project/Context/System WS_FTP.LOG
2011.07.26 23:12 B F:\xampp\htdocs\zendLibrary\Zend\Tool\Project\Context\System\Interface.php --> ftp.sobrafo.org.br /public_html/zendLibrary/Zend/Tool/Project/Context/System Interface.php
2011.07.26 23:12 B F:\xampp\htdocs\zendLibrary\Zend\Tool\Project\Context\System\NotOverwritable.php --> ftp.sobrafo.org.br /public_html/zendLibrary/Zend/Tool/Project/Context/System NotOverwritable.php
2011.07.26 23:12 B F:\xampp\htdocs\zendLibrary\Zend\Tool\Project\Context\System\ProjectDirectory.php --> ftp.sobrafo.org.br /public_html/zendLibrary/Zend/Tool/Project/Context/System ProjectDirectory.php
2011.07.26 23:12 B F:\xampp\htdocs\zendLibrary\Zend\Tool\Project\Context\System\ProjectProfileFile.php --> ftp.sobrafo.org.br /public_html/zendLibrary/Zend/Tool/Project/Context/System ProjectProfileFile.php
2011.07.26 23:12 B F:\xampp\htdocs\zendLibrary\Zend\Tool\Project\Context\System\ProjectProvidersDirectory.php --> ftp.sobrafo.org.br /public_html/zendLibrary/Zend/Tool/Project/Context/System ProjectProvidersDirectory.php
2011.07.26 23:12 B F:\xampp\htdocs\zendLibrary\Zend\Tool\Project\Context\System\TopLevelRestrictable.php --> ftp.sobrafo.org.br /public_html/zendLibrary/Zend/Tool/Project/Context/System TopLevelRestrictable.php
2011.07.26 23:12 B F:\xampp\htdocs\zendLibrary\Zend\Tool\Project\Context\System\WS_FTP.LOG --> ftp.sobrafo.org.br /public_html/zendLibrary/Zend/Tool/Project/Context/System WS_FTP.LOG
2011.08.09 17:32 B F:\xampp\htdocs\ZendLibrary\Zend\Tool\Project\Context\System\Interface.php --> ftp.amfar.com.br /public_html/ZendLibrary/Zend/Tool/Project/Context/System Interface.php
2011.08.09 17:32 B F:\xampp\htdocs\ZendLibrary\Zend\Tool\Project\Context\System\NotOverwritable.php --> ftp.amfar.com.br /public_html/ZendLibrary/Zend/Tool/Project/Context/System NotOverwritable.php
2011.08.09 17:32 B F:\xampp\htdocs\ZendLibrary\Zend\Tool\Project\Context\System\ProjectDirectory.php --> ftp.amfar.com.br /public_html/ZendLibrary/Zend/Tool/Project/Context/System ProjectDirectory.php
2011.08.09 17:32 B F:\xampp\htdocs\ZendLibrary\Zend\Tool\Project\Context\System\ProjectProfileFile.php --> ftp.amfar.com.br /public_html/ZendLibrary/Zend/Tool/Project/Context/System ProjectProfileFile.php
2011.08.09 17:32 B F:\xampp\htdocs\ZendLibrary\Zend\Tool\Project\Context\System\ProjectProvidersDirectory.php --> ftp.amfar.com.br /public_html/ZendLibrary/Zend/Tool/Project/Context/System ProjectProvidersDirectory.php
2011.08.09 17:32 B F:\xampp\htdocs\ZendLibrary\Zend\Tool\Project\Context\System\TopLevelRestrictable.php --> ftp.amfar.com.br /public_html/ZendLibrary/Zend/Tool/Project/Context/System TopLevelRestrictable.php
