2011.06.20 18:32 B F:\xampp\htdocs\zf-tutorial\library\Zend\Controller\Dispatcher\Abstract.php --> ftp.portalridgid.com.br /public_html/zf-tutorial/library/Zend/Controller/Dispatcher Abstract.php
2011.06.20 18:32 B F:\xampp\htdocs\zf-tutorial\library\Zend\Controller\Dispatcher\Exception.php --> ftp.portalridgid.com.br /public_html/zf-tutorial/library/Zend/Controller/Dispatcher Exception.php
2011.06.20 18:32 B F:\xampp\htdocs\zf-tutorial\library\Zend\Controller\Dispatcher\Interface.php --> ftp.portalridgid.com.br /public_html/zf-tutorial/library/Zend/Controller/Dispatcher Interface.php
2011.06.20 18:32 B F:\xampp\htdocs\zf-tutorial\library\Zend\Controller\Dispatcher\Standard.php --> ftp.portalridgid.com.br /public_html/zf-tutorial/library/Zend/Controller/Dispatcher Standard.php
2011.06.30 03:43 B F:\xampp\htdocs\zendLibrary\Zend\Controller\Dispatcher\WS_FTP.LOG --> ftp.sbrafh.org.br /sbrafh/Web/zendLibrary/Zend/Controller/Dispatcher WS_FTP.LOG
2011.06.30 03:43 B F:\xampp\htdocs\zendLibrary\Zend\Controller\Dispatcher\Standard.php --> ftp.sbrafh.org.br /sbrafh/Web/zendLibrary/Zend/Controller/Dispatcher Standard.php
2011.06.30 03:43 B F:\xampp\htdocs\zendLibrary\Zend\Controller\Dispatcher\Interface.php --> ftp.sbrafh.org.br /sbrafh/Web/zendLibrary/Zend/Controller/Dispatcher Interface.php
2011.06.30 03:43 B F:\xampp\htdocs\zendLibrary\Zend\Controller\Dispatcher\Exception.php --> ftp.sbrafh.org.br /sbrafh/Web/zendLibrary/Zend/Controller/Dispatcher Exception.php
2011.06.30 03:43 B F:\xampp\htdocs\zendLibrary\Zend\Controller\Dispatcher\Abstract.php --> ftp.sbrafh.org.br /sbrafh/Web/zendLibrary/Zend/Controller/Dispatcher Abstract.php
2011.07.08 23:45 B F:\xampp\htdocs\zendLibrary\Zend\Controller\Dispatcher\Abstract.php --> ftp.radiofone.com.br /public_html/radiofone/zendLibrary/Zend/Controller/Dispatcher Abstract.php
2011.07.08 23:45 B F:\xampp\htdocs\zendLibrary\Zend\Controller\Dispatcher\Exception.php --> ftp.radiofone.com.br /public_html/radiofone/zendLibrary/Zend/Controller/Dispatcher Exception.php
2011.07.08 23:45 B F:\xampp\htdocs\zendLibrary\Zend\Controller\Dispatcher\Interface.php --> ftp.radiofone.com.br /public_html/radiofone/zendLibrary/Zend/Controller/Dispatcher Interface.php
2011.07.08 23:45 B F:\xampp\htdocs\zendLibrary\Zend\Controller\Dispatcher\Standard.php --> ftp.radiofone.com.br /public_html/radiofone/zendLibrary/Zend/Controller/Dispatcher Standard.php
2011.07.08 23:45 B F:\xampp\htdocs\zendLibrary\Zend\Controller\Dispatcher\WS_FTP.LOG --> ftp.radiofone.com.br /public_html/radiofone/zendLibrary/Zend/Controller/Dispatcher WS_FTP.LOG
2011.07.09 00:45 B F:\xampp\htdocs\zendLibrary\Zend\Controller\Dispatcher\WS_FTP.LOG --> ftp.radiofone.com.br /public_html/radiofone/zendLibrary/Zend/Controller/Dispatcher WS_FTP.LOG
2011.07.26 22:45 B F:\xampp\htdocs\zendLibrary\Zend\Controller\Dispatcher\Abstract.php --> ftp.sobrafo.org.br /public_html/zendLibrary/Zend/Controller/Dispatcher Abstract.php
2011.07.26 22:45 B F:\xampp\htdocs\zendLibrary\Zend\Controller\Dispatcher\Exception.php --> ftp.sobrafo.org.br /public_html/zendLibrary/Zend/Controller/Dispatcher Exception.php
2011.07.26 22:45 B F:\xampp\htdocs\zendLibrary\Zend\Controller\Dispatcher\Interface.php --> ftp.sobrafo.org.br /public_html/zendLibrary/Zend/Controller/Dispatcher Interface.php
2011.07.26 22:45 B F:\xampp\htdocs\zendLibrary\Zend\Controller\Dispatcher\Standard.php --> ftp.sobrafo.org.br /public_html/zendLibrary/Zend/Controller/Dispatcher Standard.php
2011.07.26 22:45 B F:\xampp\htdocs\zendLibrary\Zend\Controller\Dispatcher\WS_FTP.LOG --> ftp.sobrafo.org.br /public_html/zendLibrary/Zend/Controller/Dispatcher WS_FTP.LOG
2011.08.05 01:02 B F:\xampp\htdocs\ZendLibrary\Zend\Controller\Dispatcher\WS_FTP.LOG --> ftp.portalridgid.com.br /public_html/zendLibrary/Zend/Controller/Dispatcher WS_FTP.LOG
2011.08.09 16:56 B F:\xampp\htdocs\ZendLibrary\Zend\Controller\Dispatcher\Abstract.php --> ftp.amfar.com.br /public_html/ZendLibrary/Zend/Controller/Dispatcher Abstract.php
2011.08.09 16:56 B F:\xampp\htdocs\ZendLibrary\Zend\Controller\Dispatcher\Exception.php --> ftp.amfar.com.br /public_html/ZendLibrary/Zend/Controller/Dispatcher Exception.php
2011.08.09 16:56 B F:\xampp\htdocs\ZendLibrary\Zend\Controller\Dispatcher\Interface.php --> ftp.amfar.com.br /public_html/ZendLibrary/Zend/Controller/Dispatcher Interface.php
2011.08.09 16:56 B F:\xampp\htdocs\ZendLibrary\Zend\Controller\Dispatcher\Standard.php --> ftp.amfar.com.br /public_html/ZendLibrary/Zend/Controller/Dispatcher Standard.php
