2011.06.20 18:37 B F:\xampp\htdocs\zf-tutorial\library\Zend\Gdata\Extension\AttendeeStatus.php --> ftp.portalridgid.com.br /public_html/zf-tutorial/library/Zend/Gdata/Extension AttendeeStatus.php
2011.06.20 18:37 B F:\xampp\htdocs\zf-tutorial\library\Zend\Gdata\Extension\AttendeeType.php --> ftp.portalridgid.com.br /public_html/zf-tutorial/library/Zend/Gdata/Extension AttendeeType.php
2011.06.20 18:37 B F:\xampp\htdocs\zf-tutorial\library\Zend\Gdata\Extension\Comments.php --> ftp.portalridgid.com.br /public_html/zf-tutorial/library/Zend/Gdata/Extension Comments.php
2011.06.20 18:37 B F:\xampp\htdocs\zf-tutorial\library\Zend\Gdata\Extension\EntryLink.php --> ftp.portalridgid.com.br /public_html/zf-tutorial/library/Zend/Gdata/Extension EntryLink.php
2011.06.20 18:37 B F:\xampp\htdocs\zf-tutorial\library\Zend\Gdata\Extension\EventStatus.php --> ftp.portalridgid.com.br /public_html/zf-tutorial/library/Zend/Gdata/Extension EventStatus.php
2011.06.20 18:37 B F:\xampp\htdocs\zf-tutorial\library\Zend\Gdata\Extension\ExtendedProperty.php --> ftp.portalridgid.com.br /public_html/zf-tutorial/library/Zend/Gdata/Extension ExtendedProperty.php
2011.06.20 18:37 B F:\xampp\htdocs\zf-tutorial\library\Zend\Gdata\Extension\FeedLink.php --> ftp.portalridgid.com.br /public_html/zf-tutorial/library/Zend/Gdata/Extension FeedLink.php
2011.06.20 18:37 B F:\xampp\htdocs\zf-tutorial\library\Zend\Gdata\Extension\OpenSearchItemsPerPage.php --> ftp.portalridgid.com.br /public_html/zf-tutorial/library/Zend/Gdata/Extension OpenSearchItemsPerPage.php
2011.06.20 18:37 B F:\xampp\htdocs\zf-tutorial\library\Zend\Gdata\Extension\OpenSearchStartIndex.php --> ftp.portalridgid.com.br /public_html/zf-tutorial/library/Zend/Gdata/Extension OpenSearchStartIndex.php
2011.06.20 18:37 B F:\xampp\htdocs\zf-tutorial\library\Zend\Gdata\Extension\OpenSearchTotalResults.php --> ftp.portalridgid.com.br /public_html/zf-tutorial/library/Zend/Gdata/Extension OpenSearchTotalResults.php
2011.06.20 18:37 B F:\xampp\htdocs\zf-tutorial\library\Zend\Gdata\Extension\OriginalEvent.php --> ftp.portalridgid.com.br /public_html/zf-tutorial/library/Zend/Gdata/Extension OriginalEvent.php
2011.06.20 18:37 B F:\xampp\htdocs\zf-tutorial\library\Zend\Gdata\Extension\Rating.php --> ftp.portalridgid.com.br /public_html/zf-tutorial/library/Zend/Gdata/Extension Rating.php
2011.06.20 18:37 B F:\xampp\htdocs\zf-tutorial\library\Zend\Gdata\Extension\Recurrence.php --> ftp.portalridgid.com.br /public_html/zf-tutorial/library/Zend/Gdata/Extension Recurrence.php
2011.06.20 18:37 B F:\xampp\htdocs\zf-tutorial\library\Zend\Gdata\Extension\RecurrenceException.php --> ftp.portalridgid.com.br /public_html/zf-tutorial/library/Zend/Gdata/Extension RecurrenceException.php
2011.06.20 18:37 B F:\xampp\htdocs\zf-tutorial\library\Zend\Gdata\Extension\Reminder.php --> ftp.portalridgid.com.br /public_html/zf-tutorial/library/Zend/Gdata/Extension Reminder.php
2011.06.20 18:37 B F:\xampp\htdocs\zf-tutorial\library\Zend\Gdata\Extension\Transparency.php --> ftp.portalridgid.com.br /public_html/zf-tutorial/library/Zend/Gdata/Extension Transparency.php
2011.06.20 18:37 B F:\xampp\htdocs\zf-tutorial\library\Zend\Gdata\Extension\Visibility.php --> ftp.portalridgid.com.br /public_html/zf-tutorial/library/Zend/Gdata/Extension Visibility.php
2011.06.20 18:37 B F:\xampp\htdocs\zf-tutorial\library\Zend\Gdata\Extension\When.php --> ftp.portalridgid.com.br /public_html/zf-tutorial/library/Zend/Gdata/Extension When.php
2011.06.20 18:37 B F:\xampp\htdocs\zf-tutorial\library\Zend\Gdata\Extension\Where.php --> ftp.portalridgid.com.br /public_html/zf-tutorial/library/Zend/Gdata/Extension Where.php
2011.06.20 18:37 B F:\xampp\htdocs\zf-tutorial\library\Zend\Gdata\Extension\Who.php --> ftp.portalridgid.com.br /public_html/zf-tutorial/library/Zend/Gdata/Extension Who.php
2011.06.30 03:35 B F:\xampp\htdocs\zendLibrary\Zend\Gdata\Extension\WS_FTP.LOG --> ftp.sbrafh.org.br /sbrafh/Web/zendLibrary/Zend/Gdata/Extension WS_FTP.LOG
2011.06.30 03:35 B F:\xampp\htdocs\zendLibrary\Zend\Gdata\Extension\Who.php --> ftp.sbrafh.org.br /sbrafh/Web/zendLibrary/Zend/Gdata/Extension Who.php
2011.06.30 03:35 B F:\xampp\htdocs\zendLibrary\Zend\Gdata\Extension\Where.php --> ftp.sbrafh.org.br /sbrafh/Web/zendLibrary/Zend/Gdata/Extension Where.php
2011.06.30 03:35 B F:\xampp\htdocs\zendLibrary\Zend\Gdata\Extension\When.php --> ftp.sbrafh.org.br /sbrafh/Web/zendLibrary/Zend/Gdata/Extension When.php
2011.06.30 03:35 B F:\xampp\htdocs\zendLibrary\Zend\Gdata\Extension\Visibility.php --> ftp.sbrafh.org.br /sbrafh/Web/zendLibrary/Zend/Gdata/Extension Visibility.php
2011.06.30 03:35 B F:\xampp\htdocs\zendLibrary\Zend\Gdata\Extension\Transparency.php --> ftp.sbrafh.org.br /sbrafh/Web/zendLibrary/Zend/Gdata/Extension Transparency.php
2011.06.30 03:35 B F:\xampp\htdocs\zendLibrary\Zend\Gdata\Extension\Reminder.php --> ftp.sbrafh.org.br /sbrafh/Web/zendLibrary/Zend/Gdata/Extension Reminder.php
2011.06.30 03:35 B F:\xampp\htdocs\zendLibrary\Zend\Gdata\Extension\RecurrenceException.php --> ftp.sbrafh.org.br /sbrafh/Web/zendLibrary/Zend/Gdata/Extension RecurrenceException.php
2011.06.30 03:35 B F:\xampp\htdocs\zendLibrary\Zend\Gdata\Extension\Recurrence.php --> ftp.sbrafh.org.br /sbrafh/Web/zendLibrary/Zend/Gdata/Extension Recurrence.php
2011.06.30 03:35 B F:\xampp\htdocs\zendLibrary\Zend\Gdata\Extension\Rating.php --> ftp.sbrafh.org.br /sbrafh/Web/zendLibrary/Zend/Gdata/Extension Rating.php
2011.06.30 03:35 B F:\xampp\htdocs\zendLibrary\Zend\Gdata\Extension\OriginalEvent.php --> ftp.sbrafh.org.br /sbrafh/Web/zendLibrary/Zend/Gdata/Extension OriginalEvent.php
2011.06.30 03:35 B F:\xampp\htdocs\zendLibrary\Zend\Gdata\Extension\OpenSearchTotalResults.php --> ftp.sbrafh.org.br /sbrafh/Web/zendLibrary/Zend/Gdata/Extension OpenSearchTotalResults.php
2011.06.30 03:35 B F:\xampp\htdocs\zendLibrary\Zend\Gdata\Extension\OpenSearchStartIndex.php --> ftp.sbrafh.org.br /sbrafh/Web/zendLibrary/Zend/Gdata/Extension OpenSearchStartIndex.php
2011.06.30 03:35 B F:\xampp\htdocs\zendLibrary\Zend\Gdata\Extension\OpenSearchItemsPerPage.php --> ftp.sbrafh.org.br /sbrafh/Web/zendLibrary/Zend/Gdata/Extension OpenSearchItemsPerPage.php
2011.06.30 03:35 B F:\xampp\htdocs\zendLibrary\Zend\Gdata\Extension\FeedLink.php --> ftp.sbrafh.org.br /sbrafh/Web/zendLibrary/Zend/Gdata/Extension FeedLink.php
2011.06.30 03:35 B F:\xampp\htdocs\zendLibrary\Zend\Gdata\Extension\ExtendedProperty.php --> ftp.sbrafh.org.br /sbrafh/Web/zendLibrary/Zend/Gdata/Extension ExtendedProperty.php
2011.06.30 03:35 B F:\xampp\htdocs\zendLibrary\Zend\Gdata\Extension\EventStatus.php --> ftp.sbrafh.org.br /sbrafh/Web/zendLibrary/Zend/Gdata/Extension EventStatus.php
2011.06.30 03:35 B F:\xampp\htdocs\zendLibrary\Zend\Gdata\Extension\EntryLink.php --> ftp.sbrafh.org.br /sbrafh/Web/zendLibrary/Zend/Gdata/Extension EntryLink.php
2011.06.30 03:35 B F:\xampp\htdocs\zendLibrary\Zend\Gdata\Extension\Comments.php --> ftp.sbrafh.org.br /sbrafh/Web/zendLibrary/Zend/Gdata/Extension Comments.php
2011.06.30 03:35 B F:\xampp\htdocs\zendLibrary\Zend\Gdata\Extension\AttendeeType.php --> ftp.sbrafh.org.br /sbrafh/Web/zendLibrary/Zend/Gdata/Extension AttendeeType.php
2011.06.30 03:35 B F:\xampp\htdocs\zendLibrary\Zend\Gdata\Extension\AttendeeStatus.php --> ftp.sbrafh.org.br /sbrafh/Web/zendLibrary/Zend/Gdata/Extension AttendeeStatus.php
2011.07.08 23:50 B F:\xampp\htdocs\zendLibrary\Zend\Gdata\Extension\AttendeeStatus.php --> ftp.radiofone.com.br /public_html/radiofone/zendLibrary/Zend/Gdata/Extension AttendeeStatus.php
2011.07.08 23:50 B F:\xampp\htdocs\zendLibrary\Zend\Gdata\Extension\AttendeeType.php --> ftp.radiofone.com.br /public_html/radiofone/zendLibrary/Zend/Gdata/Extension AttendeeType.php
2011.07.08 23:50 B F:\xampp\htdocs\zendLibrary\Zend\Gdata\Extension\Comments.php --> ftp.radiofone.com.br /public_html/radiofone/zendLibrary/Zend/Gdata/Extension Comments.php
2011.07.08 23:50 B F:\xampp\htdocs\zendLibrary\Zend\Gdata\Extension\EntryLink.php --> ftp.radiofone.com.br /public_html/radiofone/zendLibrary/Zend/Gdata/Extension EntryLink.php
2011.07.08 23:50 B F:\xampp\htdocs\zendLibrary\Zend\Gdata\Extension\EventStatus.php --> ftp.radiofone.com.br /public_html/radiofone/zendLibrary/Zend/Gdata/Extension EventStatus.php
2011.07.08 23:50 B F:\xampp\htdocs\zendLibrary\Zend\Gdata\Extension\ExtendedProperty.php --> ftp.radiofone.com.br /public_html/radiofone/zendLibrary/Zend/Gdata/Extension ExtendedProperty.php
2011.07.08 23:50 B F:\xampp\htdocs\zendLibrary\Zend\Gdata\Extension\FeedLink.php --> ftp.radiofone.com.br /public_html/radiofone/zendLibrary/Zend/Gdata/Extension FeedLink.php
2011.07.08 23:50 B F:\xampp\htdocs\zendLibrary\Zend\Gdata\Extension\OpenSearchItemsPerPage.php --> ftp.radiofone.com.br /public_html/radiofone/zendLibrary/Zend/Gdata/Extension OpenSearchItemsPerPage.php
2011.07.08 23:50 B F:\xampp\htdocs\zendLibrary\Zend\Gdata\Extension\OpenSearchStartIndex.php --> ftp.radiofone.com.br /public_html/radiofone/zendLibrary/Zend/Gdata/Extension OpenSearchStartIndex.php
2011.07.08 23:50 B F:\xampp\htdocs\zendLibrary\Zend\Gdata\Extension\OpenSearchTotalResults.php --> ftp.radiofone.com.br /public_html/radiofone/zendLibrary/Zend/Gdata/Extension OpenSearchTotalResults.php
2011.07.08 23:50 B F:\xampp\htdocs\zendLibrary\Zend\Gdata\Extension\OriginalEvent.php --> ftp.radiofone.com.br /public_html/radiofone/zendLibrary/Zend/Gdata/Extension OriginalEvent.php
2011.07.08 23:50 B F:\xampp\htdocs\zendLibrary\Zend\Gdata\Extension\Rating.php --> ftp.radiofone.com.br /public_html/radiofone/zendLibrary/Zend/Gdata/Extension Rating.php
2011.07.08 23:50 B F:\xampp\htdocs\zendLibrary\Zend\Gdata\Extension\Recurrence.php --> ftp.radiofone.com.br /public_html/radiofone/zendLibrary/Zend/Gdata/Extension Recurrence.php
2011.07.08 23:50 B F:\xampp\htdocs\zendLibrary\Zend\Gdata\Extension\RecurrenceException.php --> ftp.radiofone.com.br /public_html/radiofone/zendLibrary/Zend/Gdata/Extension RecurrenceException.php
2011.07.08 23:50 B F:\xampp\htdocs\zendLibrary\Zend\Gdata\Extension\Reminder.php --> ftp.radiofone.com.br /public_html/radiofone/zendLibrary/Zend/Gdata/Extension Reminder.php
2011.07.08 23:50 B F:\xampp\htdocs\zendLibrary\Zend\Gdata\Extension\Transparency.php --> ftp.radiofone.com.br /public_html/radiofone/zendLibrary/Zend/Gdata/Extension Transparency.php
2011.07.08 23:50 B F:\xampp\htdocs\zendLibrary\Zend\Gdata\Extension\Visibility.php --> ftp.radiofone.com.br /public_html/radiofone/zendLibrary/Zend/Gdata/Extension Visibility.php
2011.07.08 23:50 B F:\xampp\htdocs\zendLibrary\Zend\Gdata\Extension\When.php --> ftp.radiofone.com.br /public_html/radiofone/zendLibrary/Zend/Gdata/Extension When.php
2011.07.08 23:50 B F:\xampp\htdocs\zendLibrary\Zend\Gdata\Extension\Where.php --> ftp.radiofone.com.br /public_html/radiofone/zendLibrary/Zend/Gdata/Extension Where.php
2011.07.08 23:50 B F:\xampp\htdocs\zendLibrary\Zend\Gdata\Extension\Who.php --> ftp.radiofone.com.br /public_html/radiofone/zendLibrary/Zend/Gdata/Extension Who.php
2011.07.08 23:50 B F:\xampp\htdocs\zendLibrary\Zend\Gdata\Extension\WS_FTP.LOG --> ftp.radiofone.com.br /public_html/radiofone/zendLibrary/Zend/Gdata/Extension WS_FTP.LOG
2011.07.26 22:51 B F:\xampp\htdocs\zendLibrary\Zend\Gdata\Extension\AttendeeStatus.php --> ftp.sobrafo.org.br /public_html/zendLibrary/Zend/Gdata/Extension AttendeeStatus.php
2011.07.26 22:51 B F:\xampp\htdocs\zendLibrary\Zend\Gdata\Extension\AttendeeType.php --> ftp.sobrafo.org.br /public_html/zendLibrary/Zend/Gdata/Extension AttendeeType.php
2011.07.26 22:51 B F:\xampp\htdocs\zendLibrary\Zend\Gdata\Extension\Comments.php --> ftp.sobrafo.org.br /public_html/zendLibrary/Zend/Gdata/Extension Comments.php
2011.07.26 22:51 B F:\xampp\htdocs\zendLibrary\Zend\Gdata\Extension\EntryLink.php --> ftp.sobrafo.org.br /public_html/zendLibrary/Zend/Gdata/Extension EntryLink.php
2011.07.26 22:51 B F:\xampp\htdocs\zendLibrary\Zend\Gdata\Extension\EventStatus.php --> ftp.sobrafo.org.br /public_html/zendLibrary/Zend/Gdata/Extension EventStatus.php
2011.07.26 22:51 B F:\xampp\htdocs\zendLibrary\Zend\Gdata\Extension\ExtendedProperty.php --> ftp.sobrafo.org.br /public_html/zendLibrary/Zend/Gdata/Extension ExtendedProperty.php
2011.07.26 22:51 B F:\xampp\htdocs\zendLibrary\Zend\Gdata\Extension\FeedLink.php --> ftp.sobrafo.org.br /public_html/zendLibrary/Zend/Gdata/Extension FeedLink.php
2011.07.26 22:51 B F:\xampp\htdocs\zendLibrary\Zend\Gdata\Extension\OpenSearchItemsPerPage.php --> ftp.sobrafo.org.br /public_html/zendLibrary/Zend/Gdata/Extension OpenSearchItemsPerPage.php
2011.07.26 22:51 B F:\xampp\htdocs\zendLibrary\Zend\Gdata\Extension\OpenSearchStartIndex.php --> ftp.sobrafo.org.br /public_html/zendLibrary/Zend/Gdata/Extension OpenSearchStartIndex.php
2011.07.26 22:51 B F:\xampp\htdocs\zendLibrary\Zend\Gdata\Extension\OpenSearchTotalResults.php --> ftp.sobrafo.org.br /public_html/zendLibrary/Zend/Gdata/Extension OpenSearchTotalResults.php
2011.07.26 22:51 B F:\xampp\htdocs\zendLibrary\Zend\Gdata\Extension\OriginalEvent.php --> ftp.sobrafo.org.br /public_html/zendLibrary/Zend/Gdata/Extension OriginalEvent.php
2011.07.26 22:51 B F:\xampp\htdocs\zendLibrary\Zend\Gdata\Extension\Rating.php --> ftp.sobrafo.org.br /public_html/zendLibrary/Zend/Gdata/Extension Rating.php
2011.07.26 22:51 B F:\xampp\htdocs\zendLibrary\Zend\Gdata\Extension\Recurrence.php --> ftp.sobrafo.org.br /public_html/zendLibrary/Zend/Gdata/Extension Recurrence.php
2011.07.26 22:51 B F:\xampp\htdocs\zendLibrary\Zend\Gdata\Extension\RecurrenceException.php --> ftp.sobrafo.org.br /public_html/zendLibrary/Zend/Gdata/Extension RecurrenceException.php
2011.07.26 22:51 B F:\xampp\htdocs\zendLibrary\Zend\Gdata\Extension\Reminder.php --> ftp.sobrafo.org.br /public_html/zendLibrary/Zend/Gdata/Extension Reminder.php
2011.07.26 22:51 B F:\xampp\htdocs\zendLibrary\Zend\Gdata\Extension\Transparency.php --> ftp.sobrafo.org.br /public_html/zendLibrary/Zend/Gdata/Extension Transparency.php
2011.07.26 22:51 B F:\xampp\htdocs\zendLibrary\Zend\Gdata\Extension\Visibility.php --> ftp.sobrafo.org.br /public_html/zendLibrary/Zend/Gdata/Extension Visibility.php
2011.07.26 22:51 B F:\xampp\htdocs\zendLibrary\Zend\Gdata\Extension\When.php --> ftp.sobrafo.org.br /public_html/zendLibrary/Zend/Gdata/Extension When.php
2011.07.26 22:51 B F:\xampp\htdocs\zendLibrary\Zend\Gdata\Extension\Where.php --> ftp.sobrafo.org.br /public_html/zendLibrary/Zend/Gdata/Extension Where.php
2011.07.26 22:51 B F:\xampp\htdocs\zendLibrary\Zend\Gdata\Extension\Who.php --> ftp.sobrafo.org.br /public_html/zendLibrary/Zend/Gdata/Extension Who.php
2011.07.26 22:51 B F:\xampp\htdocs\zendLibrary\Zend\Gdata\Extension\WS_FTP.LOG --> ftp.sobrafo.org.br /public_html/zendLibrary/Zend/Gdata/Extension WS_FTP.LOG
2011.08.09 17:01 B F:\xampp\htdocs\ZendLibrary\Zend\Gdata\Extension\AttendeeStatus.php --> ftp.amfar.com.br /public_html/ZendLibrary/Zend/Gdata/Extension AttendeeStatus.php
2011.08.09 17:01 B F:\xampp\htdocs\ZendLibrary\Zend\Gdata\Extension\AttendeeType.php --> ftp.amfar.com.br /public_html/ZendLibrary/Zend/Gdata/Extension AttendeeType.php
2011.08.09 17:01 B F:\xampp\htdocs\ZendLibrary\Zend\Gdata\Extension\Comments.php --> ftp.amfar.com.br /public_html/ZendLibrary/Zend/Gdata/Extension Comments.php
2011.08.09 17:01 B F:\xampp\htdocs\ZendLibrary\Zend\Gdata\Extension\EntryLink.php --> ftp.amfar.com.br /public_html/ZendLibrary/Zend/Gdata/Extension EntryLink.php
2011.08.09 17:01 B F:\xampp\htdocs\ZendLibrary\Zend\Gdata\Extension\EventStatus.php --> ftp.amfar.com.br /public_html/ZendLibrary/Zend/Gdata/Extension EventStatus.php
2011.08.09 17:01 B F:\xampp\htdocs\ZendLibrary\Zend\Gdata\Extension\ExtendedProperty.php --> ftp.amfar.com.br /public_html/ZendLibrary/Zend/Gdata/Extension ExtendedProperty.php
2011.08.09 17:01 B F:\xampp\htdocs\ZendLibrary\Zend\Gdata\Extension\FeedLink.php --> ftp.amfar.com.br /public_html/ZendLibrary/Zend/Gdata/Extension FeedLink.php
2011.08.09 17:01 B F:\xampp\htdocs\ZendLibrary\Zend\Gdata\Extension\OpenSearchItemsPerPage.php --> ftp.amfar.com.br /public_html/ZendLibrary/Zend/Gdata/Extension OpenSearchItemsPerPage.php
2011.08.09 17:01 B F:\xampp\htdocs\ZendLibrary\Zend\Gdata\Extension\OpenSearchStartIndex.php --> ftp.amfar.com.br /public_html/ZendLibrary/Zend/Gdata/Extension OpenSearchStartIndex.php
2011.08.09 17:01 B F:\xampp\htdocs\ZendLibrary\Zend\Gdata\Extension\OpenSearchTotalResults.php --> ftp.amfar.com.br /public_html/ZendLibrary/Zend/Gdata/Extension OpenSearchTotalResults.php
2011.08.09 17:01 B F:\xampp\htdocs\ZendLibrary\Zend\Gdata\Extension\OriginalEvent.php --> ftp.amfar.com.br /public_html/ZendLibrary/Zend/Gdata/Extension OriginalEvent.php
2011.08.09 17:01 B F:\xampp\htdocs\ZendLibrary\Zend\Gdata\Extension\Rating.php --> ftp.amfar.com.br /public_html/ZendLibrary/Zend/Gdata/Extension Rating.php
2011.08.09 17:01 B F:\xampp\htdocs\ZendLibrary\Zend\Gdata\Extension\Recurrence.php --> ftp.amfar.com.br /public_html/ZendLibrary/Zend/Gdata/Extension Recurrence.php
2011.08.09 17:01 B F:\xampp\htdocs\ZendLibrary\Zend\Gdata\Extension\RecurrenceException.php --> ftp.amfar.com.br /public_html/ZendLibrary/Zend/Gdata/Extension RecurrenceException.php
2011.08.09 17:01 B F:\xampp\htdocs\ZendLibrary\Zend\Gdata\Extension\Reminder.php --> ftp.amfar.com.br /public_html/ZendLibrary/Zend/Gdata/Extension Reminder.php
2011.08.09 17:01 B F:\xampp\htdocs\ZendLibrary\Zend\Gdata\Extension\Transparency.php --> ftp.amfar.com.br /public_html/ZendLibrary/Zend/Gdata/Extension Transparency.php
2011.08.09 17:01 B F:\xampp\htdocs\ZendLibrary\Zend\Gdata\Extension\Visibility.php --> ftp.amfar.com.br /public_html/ZendLibrary/Zend/Gdata/Extension Visibility.php
2011.08.09 17:01 B F:\xampp\htdocs\ZendLibrary\Zend\Gdata\Extension\When.php --> ftp.amfar.com.br /public_html/ZendLibrary/Zend/Gdata/Extension When.php
2011.08.09 17:01 B F:\xampp\htdocs\ZendLibrary\Zend\Gdata\Extension\Where.php --> ftp.amfar.com.br /public_html/ZendLibrary/Zend/Gdata/Extension Where.php
2011.08.09 17:01 B F:\xampp\htdocs\ZendLibrary\Zend\Gdata\Extension\Who.php --> ftp.amfar.com.br /public_html/ZendLibrary/Zend/Gdata/Extension Who.php
