2011.06.20 18:31 B F:\xampp\htdocs\zf-tutorial\library\Zend\Auth\Storage\Exception.php --> ftp.portalridgid.com.br /public_html/zf-tutorial/library/Zend/Auth/Storage Exception.php
2011.06.20 18:31 B F:\xampp\htdocs\zf-tutorial\library\Zend\Auth\Storage\Interface.php --> ftp.portalridgid.com.br /public_html/zf-tutorial/library/Zend/Auth/Storage Interface.php
2011.06.20 18:31 B F:\xampp\htdocs\zf-tutorial\library\Zend\Auth\Storage\NonPersistent.php --> ftp.portalridgid.com.br /public_html/zf-tutorial/library/Zend/Auth/Storage NonPersistent.php
2011.06.20 18:31 B F:\xampp\htdocs\zf-tutorial\library\Zend\Auth\Storage\Session.php --> ftp.portalridgid.com.br /public_html/zf-tutorial/library/Zend/Auth/Storage Session.php
2011.06.30 03:45 B F:\xampp\htdocs\zendLibrary\Zend\Auth\Storage\WS_FTP.LOG --> ftp.sbrafh.org.br /sbrafh/Web/zendLibrary/Zend/Auth/Storage WS_FTP.LOG
2011.06.30 03:45 B F:\xampp\htdocs\zendLibrary\Zend\Auth\Storage\Session.php --> ftp.sbrafh.org.br /sbrafh/Web/zendLibrary/Zend/Auth/Storage Session.php
2011.06.30 03:45 B F:\xampp\htdocs\zendLibrary\Zend\Auth\Storage\NonPersistent.php --> ftp.sbrafh.org.br /sbrafh/Web/zendLibrary/Zend/Auth/Storage NonPersistent.php
2011.06.30 03:45 B F:\xampp\htdocs\zendLibrary\Zend\Auth\Storage\Interface.php --> ftp.sbrafh.org.br /sbrafh/Web/zendLibrary/Zend/Auth/Storage Interface.php
2011.06.30 03:45 B F:\xampp\htdocs\zendLibrary\Zend\Auth\Storage\Exception.php --> ftp.sbrafh.org.br /sbrafh/Web/zendLibrary/Zend/Auth/Storage Exception.php
2011.07.08 23:43 B F:\xampp\htdocs\zendLibrary\Zend\Auth\Storage\Exception.php --> ftp.radiofone.com.br /public_html/radiofone/zendLibrary/Zend/Auth/Storage Exception.php
2011.07.08 23:43 B F:\xampp\htdocs\zendLibrary\Zend\Auth\Storage\Interface.php --> ftp.radiofone.com.br /public_html/radiofone/zendLibrary/Zend/Auth/Storage Interface.php
2011.07.08 23:43 B F:\xampp\htdocs\zendLibrary\Zend\Auth\Storage\NonPersistent.php --> ftp.radiofone.com.br /public_html/radiofone/zendLibrary/Zend/Auth/Storage NonPersistent.php
2011.07.08 23:43 B F:\xampp\htdocs\zendLibrary\Zend\Auth\Storage\Session.php --> ftp.radiofone.com.br /public_html/radiofone/zendLibrary/Zend/Auth/Storage Session.php
2011.07.08 23:43 B F:\xampp\htdocs\zendLibrary\Zend\Auth\Storage\WS_FTP.LOG --> ftp.radiofone.com.br /public_html/radiofone/zendLibrary/Zend/Auth/Storage WS_FTP.LOG
2011.07.26 22:44 B F:\xampp\htdocs\zendLibrary\Zend\Auth\Storage\Exception.php --> ftp.sobrafo.org.br /public_html/zendLibrary/Zend/Auth/Storage Exception.php
2011.07.26 22:44 B F:\xampp\htdocs\zendLibrary\Zend\Auth\Storage\Interface.php --> ftp.sobrafo.org.br /public_html/zendLibrary/Zend/Auth/Storage Interface.php
2011.07.26 22:44 B F:\xampp\htdocs\zendLibrary\Zend\Auth\Storage\NonPersistent.php --> ftp.sobrafo.org.br /public_html/zendLibrary/Zend/Auth/Storage NonPersistent.php
2011.07.26 22:44 B F:\xampp\htdocs\zendLibrary\Zend\Auth\Storage\Session.php --> ftp.sobrafo.org.br /public_html/zendLibrary/Zend/Auth/Storage Session.php
2011.07.26 22:44 B F:\xampp\htdocs\zendLibrary\Zend\Auth\Storage\WS_FTP.LOG --> ftp.sobrafo.org.br /public_html/zendLibrary/Zend/Auth/Storage WS_FTP.LOG
2011.08.05 00:59 B F:\xampp\htdocs\ZendLibrary\Zend\Auth\Storage\WS_FTP.LOG --> ftp.portalridgid.com.br /public_html/zendLibrary/Zend/Auth/Storage WS_FTP.LOG
2011.08.09 16:54 B F:\xampp\htdocs\ZendLibrary\Zend\Auth\Storage\Exception.php --> ftp.amfar.com.br /public_html/ZendLibrary/Zend/Auth/Storage Exception.php
2011.08.09 16:54 B F:\xampp\htdocs\ZendLibrary\Zend\Auth\Storage\Interface.php --> ftp.amfar.com.br /public_html/ZendLibrary/Zend/Auth/Storage Interface.php
2011.08.09 16:54 B F:\xampp\htdocs\ZendLibrary\Zend\Auth\Storage\NonPersistent.php --> ftp.amfar.com.br /public_html/ZendLibrary/Zend/Auth/Storage NonPersistent.php
2011.08.09 16:54 B F:\xampp\htdocs\ZendLibrary\Zend\Auth\Storage\Session.php --> ftp.amfar.com.br /public_html/ZendLibrary/Zend/Auth/Storage Session.php
2011.08.09 16:54 B F:\xampp\htdocs\ZendLibrary\Zend\Auth\Storage\WS_FTP.LOG --> ftp.amfar.com.br /public_html/ZendLibrary/Zend/Auth/Storage WS_FTP.LOG
2011.08.22 20:56 B X:\xampp\htdocs\ZendLibrary\Zend\Auth\Storage\Exception.php --> ftp.jairodepaula.com.br /jairodepaula/web/ZendLibrary/Zend/Auth/Storage Exception.php
2011.08.22 20:56 B X:\xampp\htdocs\ZendLibrary\Zend\Auth\Storage\Interface.php --> ftp.jairodepaula.com.br /jairodepaula/web/ZendLibrary/Zend/Auth/Storage Interface.php
2011.08.22 20:56 B X:\xampp\htdocs\ZendLibrary\Zend\Auth\Storage\NonPersistent.php --> ftp.jairodepaula.com.br /jairodepaula/web/ZendLibrary/Zend/Auth/Storage NonPersistent.php
2011.08.22 20:56 B X:\xampp\htdocs\ZendLibrary\Zend\Auth\Storage\Session.php --> ftp.jairodepaula.com.br /jairodepaula/web/ZendLibrary/Zend/Auth/Storage Session.php
2011.08.22 20:56 B X:\xampp\htdocs\ZendLibrary\Zend\Auth\Storage\WS_FTP.LOG --> ftp.jairodepaula.com.br /jairodepaula/web/ZendLibrary/Zend/Auth/Storage WS_FTP.LOG
2011.12.31 14:46 B F:\xampp\htdocs\ZendLibrary\Zend\Auth\Storage\Exception.php --> ftp.sbrafh.org.br /public_html/ZendLibrary/Zend/Auth/Storage Exception.php
2011.12.31 14:46 B F:\xampp\htdocs\ZendLibrary\Zend\Auth\Storage\Interface.php --> ftp.sbrafh.org.br /public_html/ZendLibrary/Zend/Auth/Storage Interface.php
2011.12.31 14:46 B F:\xampp\htdocs\ZendLibrary\Zend\Auth\Storage\NonPersistent.php --> ftp.sbrafh.org.br /public_html/ZendLibrary/Zend/Auth/Storage NonPersistent.php
2011.12.31 14:46 B F:\xampp\htdocs\ZendLibrary\Zend\Auth\Storage\Session.php --> ftp.sbrafh.org.br /public_html/ZendLibrary/Zend/Auth/Storage Session.php
2011.12.31 14:46 B F:\xampp\htdocs\ZendLibrary\Zend\Auth\Storage\WS_FTP.LOG --> ftp.sbrafh.org.br /public_html/ZendLibrary/Zend/Auth/Storage WS_FTP.LOG
2012.01.06 03:15 B F:\xampp\htdocs\ZendLibrary\Zend\Auth\Storage\Exception.php --> ftp461.locaweb.com.br /ridgid/web/ZendLibrary/Zend/Auth/Storage Exception.php
2012.01.06 03:15 B F:\xampp\htdocs\ZendLibrary\Zend\Auth\Storage\Interface.php --> ftp461.locaweb.com.br /ridgid/web/ZendLibrary/Zend/Auth/Storage Interface.php
2012.01.06 03:15 B F:\xampp\htdocs\ZendLibrary\Zend\Auth\Storage\NonPersistent.php --> ftp461.locaweb.com.br /ridgid/web/ZendLibrary/Zend/Auth/Storage NonPersistent.php
2012.01.06 03:15 B F:\xampp\htdocs\ZendLibrary\Zend\Auth\Storage\Session.php --> ftp461.locaweb.com.br /ridgid/web/ZendLibrary/Zend/Auth/Storage Session.php
2012.01.06 03:15 B F:\xampp\htdocs\ZendLibrary\Zend\Auth\Storage\WS_FTP.LOG --> ftp461.locaweb.com.br /ridgid/web/ZendLibrary/Zend/Auth/Storage WS_FTP.LOG
2012.01.24 17:28 B F:\xampp\htdocs\ZendLibrary\Zend\Auth\Storage\Exception.php --> graficamarmar.com.br /htdocs/ZendLibrary/Zend/Auth/Storage Exception.php
2012.01.24 17:28 B F:\xampp\htdocs\ZendLibrary\Zend\Auth\Storage\Interface.php --> graficamarmar.com.br /htdocs/ZendLibrary/Zend/Auth/Storage Interface.php
2012.01.24 17:28 B F:\xampp\htdocs\ZendLibrary\Zend\Auth\Storage\NonPersistent.php --> graficamarmar.com.br /htdocs/ZendLibrary/Zend/Auth/Storage NonPersistent.php
2012.01.24 17:28 B F:\xampp\htdocs\ZendLibrary\Zend\Auth\Storage\Session.php --> graficamarmar.com.br /htdocs/ZendLibrary/Zend/Auth/Storage Session.php
2012.01.24 17:28 B F:\xampp\htdocs\ZendLibrary\Zend\Auth\Storage\WS_FTP.LOG --> graficamarmar.com.br /htdocs/ZendLibrary/Zend/Auth/Storage WS_FTP.LOG
2012.02.08 17:03 B F:\xampp\htdocs\ZendLibrary\Zend\Auth\Storage\Exception.php --> graficamarmar.hospedagemdesites.ws /public_html/ZendLibrary/Zend/Auth/Storage Exception.php
2012.02.08 17:03 B F:\xampp\htdocs\ZendLibrary\Zend\Auth\Storage\Interface.php --> graficamarmar.hospedagemdesites.ws /public_html/ZendLibrary/Zend/Auth/Storage Interface.php
2012.02.08 17:03 B F:\xampp\htdocs\ZendLibrary\Zend\Auth\Storage\NonPersistent.php --> graficamarmar.hospedagemdesites.ws /public_html/ZendLibrary/Zend/Auth/Storage NonPersistent.php
2012.02.08 17:03 B F:\xampp\htdocs\ZendLibrary\Zend\Auth\Storage\Session.php --> graficamarmar.hospedagemdesites.ws /public_html/ZendLibrary/Zend/Auth/Storage Session.php
2012.02.08 17:03 B F:\xampp\htdocs\ZendLibrary\Zend\Auth\Storage\WS_FTP.LOG --> graficamarmar.hospedagemdesites.ws /public_html/ZendLibrary/Zend/Auth/Storage WS_FTP.LOG
2012.10.29 14:40 B F:\xampp\htdocs\ZendLibrary\Zend\Auth\Storage\Exception.php --> 186.202.153.85 /public_html/ZendLibrary/Zend/Auth/Storage Exception.php
2012.10.29 14:40 B F:\xampp\htdocs\ZendLibrary\Zend\Auth\Storage\Interface.php --> 186.202.153.85 /public_html/ZendLibrary/Zend/Auth/Storage Interface.php
2012.10.29 14:40 B F:\xampp\htdocs\ZendLibrary\Zend\Auth\Storage\NonPersistent.php --> 186.202.153.85 /public_html/ZendLibrary/Zend/Auth/Storage NonPersistent.php
2012.10.29 14:40 B F:\xampp\htdocs\ZendLibrary\Zend\Auth\Storage\Session.php --> 186.202.153.85 /public_html/ZendLibrary/Zend/Auth/Storage Session.php
2012.10.29 14:40 B F:\xampp\htdocs\ZendLibrary\Zend\Auth\Storage\WS_FTP.LOG --> 186.202.153.85 /public_html/ZendLibrary/Zend/Auth/Storage WS_FTP.LOG
