2011.06.20 18:51 B F:\xampp\htdocs\zf-tutorial\library\Zend\Service\Amazon\Ec2\Abstract.php --> ftp.portalridgid.com.br /public_html/zf-tutorial/library/Zend/Service/Amazon/Ec2 Abstract.php
2011.06.20 18:51 B F:\xampp\htdocs\zf-tutorial\library\Zend\Service\Amazon\Ec2\Availabilityzones.php --> ftp.portalridgid.com.br /public_html/zf-tutorial/library/Zend/Service/Amazon/Ec2 Availabilityzones.php
2011.06.20 18:51 B F:\xampp\htdocs\zf-tutorial\library\Zend\Service\Amazon\Ec2\CloudWatch.php --> ftp.portalridgid.com.br /public_html/zf-tutorial/library/Zend/Service/Amazon/Ec2 CloudWatch.php
2011.06.20 18:51 B F:\xampp\htdocs\zf-tutorial\library\Zend\Service\Amazon\Ec2\Ebs.php --> ftp.portalridgid.com.br /public_html/zf-tutorial/library/Zend/Service/Amazon/Ec2 Ebs.php
2011.06.20 18:51 B F:\xampp\htdocs\zf-tutorial\library\Zend\Service\Amazon\Ec2\Elasticip.php --> ftp.portalridgid.com.br /public_html/zf-tutorial/library/Zend/Service/Amazon/Ec2 Elasticip.php
2011.06.20 18:51 B F:\xampp\htdocs\zf-tutorial\library\Zend\Service\Amazon\Ec2\Exception.php --> ftp.portalridgid.com.br /public_html/zf-tutorial/library/Zend/Service/Amazon/Ec2 Exception.php
2011.06.20 18:51 B F:\xampp\htdocs\zf-tutorial\library\Zend\Service\Amazon\Ec2\Image.php --> ftp.portalridgid.com.br /public_html/zf-tutorial/library/Zend/Service/Amazon/Ec2 Image.php
2011.06.20 18:51 B F:\xampp\htdocs\zf-tutorial\library\Zend\Service\Amazon\Ec2\Instance.php --> ftp.portalridgid.com.br /public_html/zf-tutorial/library/Zend/Service/Amazon/Ec2 Instance.php
2011.06.20 18:51 B F:\xampp\htdocs\zf-tutorial\library\Zend\Service\Amazon\Ec2\Keypair.php --> ftp.portalridgid.com.br /public_html/zf-tutorial/library/Zend/Service/Amazon/Ec2 Keypair.php
2011.06.20 18:51 B F:\xampp\htdocs\zf-tutorial\library\Zend\Service\Amazon\Ec2\Region.php --> ftp.portalridgid.com.br /public_html/zf-tutorial/library/Zend/Service/Amazon/Ec2 Region.php
2011.06.20 18:51 B F:\xampp\htdocs\zf-tutorial\library\Zend\Service\Amazon\Ec2\Response.php --> ftp.portalridgid.com.br /public_html/zf-tutorial/library/Zend/Service/Amazon/Ec2 Response.php
2011.06.20 18:51 B F:\xampp\htdocs\zf-tutorial\library\Zend\Service\Amazon\Ec2\Securitygroups.php --> ftp.portalridgid.com.br /public_html/zf-tutorial/library/Zend/Service/Amazon/Ec2 Securitygroups.php
2011.06.30 03:16 B F:\xampp\htdocs\zendLibrary\Zend\Service\Amazon\Ec2\WS_FTP.LOG --> ftp.sbrafh.org.br /sbrafh/Web/zendLibrary/Zend/Service/Amazon/Ec2 WS_FTP.LOG
2011.06.30 03:16 B F:\xampp\htdocs\zendLibrary\Zend\Service\Amazon\Ec2\Securitygroups.php --> ftp.sbrafh.org.br /sbrafh/Web/zendLibrary/Zend/Service/Amazon/Ec2 Securitygroups.php
2011.06.30 03:16 B F:\xampp\htdocs\zendLibrary\Zend\Service\Amazon\Ec2\Response.php --> ftp.sbrafh.org.br /sbrafh/Web/zendLibrary/Zend/Service/Amazon/Ec2 Response.php
2011.06.30 03:16 B F:\xampp\htdocs\zendLibrary\Zend\Service\Amazon\Ec2\Region.php --> ftp.sbrafh.org.br /sbrafh/Web/zendLibrary/Zend/Service/Amazon/Ec2 Region.php
2011.06.30 03:16 B F:\xampp\htdocs\zendLibrary\Zend\Service\Amazon\Ec2\Keypair.php --> ftp.sbrafh.org.br /sbrafh/Web/zendLibrary/Zend/Service/Amazon/Ec2 Keypair.php
2011.06.30 03:16 B F:\xampp\htdocs\zendLibrary\Zend\Service\Amazon\Ec2\Instance.php --> ftp.sbrafh.org.br /sbrafh/Web/zendLibrary/Zend/Service/Amazon/Ec2 Instance.php
2011.06.30 03:16 B F:\xampp\htdocs\zendLibrary\Zend\Service\Amazon\Ec2\Image.php --> ftp.sbrafh.org.br /sbrafh/Web/zendLibrary/Zend/Service/Amazon/Ec2 Image.php
2011.06.30 03:16 B F:\xampp\htdocs\zendLibrary\Zend\Service\Amazon\Ec2\Exception.php --> ftp.sbrafh.org.br /sbrafh/Web/zendLibrary/Zend/Service/Amazon/Ec2 Exception.php
2011.06.30 03:16 B F:\xampp\htdocs\zendLibrary\Zend\Service\Amazon\Ec2\Elasticip.php --> ftp.sbrafh.org.br /sbrafh/Web/zendLibrary/Zend/Service/Amazon/Ec2 Elasticip.php
2011.06.30 03:16 B F:\xampp\htdocs\zendLibrary\Zend\Service\Amazon\Ec2\Ebs.php --> ftp.sbrafh.org.br /sbrafh/Web/zendLibrary/Zend/Service/Amazon/Ec2 Ebs.php
2011.06.30 03:16 B F:\xampp\htdocs\zendLibrary\Zend\Service\Amazon\Ec2\CloudWatch.php --> ftp.sbrafh.org.br /sbrafh/Web/zendLibrary/Zend/Service/Amazon/Ec2 CloudWatch.php
2011.06.30 03:16 B F:\xampp\htdocs\zendLibrary\Zend\Service\Amazon\Ec2\Availabilityzones.php --> ftp.sbrafh.org.br /sbrafh/Web/zendLibrary/Zend/Service/Amazon/Ec2 Availabilityzones.php
2011.06.30 03:16 B F:\xampp\htdocs\zendLibrary\Zend\Service\Amazon\Ec2\Abstract.php --> ftp.sbrafh.org.br /sbrafh/Web/zendLibrary/Zend/Service/Amazon/Ec2 Abstract.php
2011.07.09 00:18 B F:\xampp\htdocs\zendLibrary\Zend\Service\Amazon\Ec2\Abstract.php --> ftp.radiofone.com.br /public_html/radiofone/zendLibrary/Zend/Service/Amazon/Ec2 Abstract.php
2011.07.09 00:18 B F:\xampp\htdocs\zendLibrary\Zend\Service\Amazon\Ec2\Availabilityzones.php --> ftp.radiofone.com.br /public_html/radiofone/zendLibrary/Zend/Service/Amazon/Ec2 Availabilityzones.php
2011.07.09 00:18 B F:\xampp\htdocs\zendLibrary\Zend\Service\Amazon\Ec2\CloudWatch.php --> ftp.radiofone.com.br /public_html/radiofone/zendLibrary/Zend/Service/Amazon/Ec2 CloudWatch.php
2011.07.09 00:18 B F:\xampp\htdocs\zendLibrary\Zend\Service\Amazon\Ec2\Ebs.php --> ftp.radiofone.com.br /public_html/radiofone/zendLibrary/Zend/Service/Amazon/Ec2 Ebs.php
2011.07.09 00:18 B F:\xampp\htdocs\zendLibrary\Zend\Service\Amazon\Ec2\Elasticip.php --> ftp.radiofone.com.br /public_html/radiofone/zendLibrary/Zend/Service/Amazon/Ec2 Elasticip.php
2011.07.09 00:18 B F:\xampp\htdocs\zendLibrary\Zend\Service\Amazon\Ec2\Exception.php --> ftp.radiofone.com.br /public_html/radiofone/zendLibrary/Zend/Service/Amazon/Ec2 Exception.php
2011.07.09 00:18 B F:\xampp\htdocs\zendLibrary\Zend\Service\Amazon\Ec2\Image.php --> ftp.radiofone.com.br /public_html/radiofone/zendLibrary/Zend/Service/Amazon/Ec2 Image.php
2011.07.09 00:18 B F:\xampp\htdocs\zendLibrary\Zend\Service\Amazon\Ec2\Instance.php --> ftp.radiofone.com.br /public_html/radiofone/zendLibrary/Zend/Service/Amazon/Ec2 Instance.php
2011.07.09 00:18 B F:\xampp\htdocs\zendLibrary\Zend\Service\Amazon\Ec2\Keypair.php --> ftp.radiofone.com.br /public_html/radiofone/zendLibrary/Zend/Service/Amazon/Ec2 Keypair.php
2011.07.09 00:18 B F:\xampp\htdocs\zendLibrary\Zend\Service\Amazon\Ec2\Region.php --> ftp.radiofone.com.br /public_html/radiofone/zendLibrary/Zend/Service/Amazon/Ec2 Region.php
2011.07.09 00:18 B F:\xampp\htdocs\zendLibrary\Zend\Service\Amazon\Ec2\Response.php --> ftp.radiofone.com.br /public_html/radiofone/zendLibrary/Zend/Service/Amazon/Ec2 Response.php
2011.07.09 00:18 B F:\xampp\htdocs\zendLibrary\Zend\Service\Amazon\Ec2\Securitygroups.php --> ftp.radiofone.com.br /public_html/radiofone/zendLibrary/Zend/Service/Amazon/Ec2 Securitygroups.php
2011.07.09 00:18 B F:\xampp\htdocs\zendLibrary\Zend\Service\Amazon\Ec2\WS_FTP.LOG --> ftp.radiofone.com.br /public_html/radiofone/zendLibrary/Zend/Service/Amazon/Ec2 WS_FTP.LOG
2011.07.09 00:51 B F:\xampp\htdocs\zendLibrary\Zend\Service\Amazon\Ec2\WS_FTP.LOG --> ftp.radiofone.com.br /public_html/radiofone/zendLibrary/Zend/Service/Amazon/Ec2 WS_FTP.LOG
2011.07.26 23:07 B F:\xampp\htdocs\zendLibrary\Zend\Service\Amazon\Ec2\Abstract.php --> ftp.sobrafo.org.br /public_html/zendLibrary/Zend/Service/Amazon/Ec2 Abstract.php
2011.07.26 23:07 B F:\xampp\htdocs\zendLibrary\Zend\Service\Amazon\Ec2\Availabilityzones.php --> ftp.sobrafo.org.br /public_html/zendLibrary/Zend/Service/Amazon/Ec2 Availabilityzones.php
2011.07.26 23:07 B F:\xampp\htdocs\zendLibrary\Zend\Service\Amazon\Ec2\CloudWatch.php --> ftp.sobrafo.org.br /public_html/zendLibrary/Zend/Service/Amazon/Ec2 CloudWatch.php
2011.07.26 23:07 B F:\xampp\htdocs\zendLibrary\Zend\Service\Amazon\Ec2\Ebs.php --> ftp.sobrafo.org.br /public_html/zendLibrary/Zend/Service/Amazon/Ec2 Ebs.php
2011.07.26 23:07 B F:\xampp\htdocs\zendLibrary\Zend\Service\Amazon\Ec2\Elasticip.php --> ftp.sobrafo.org.br /public_html/zendLibrary/Zend/Service/Amazon/Ec2 Elasticip.php
2011.07.26 23:07 B F:\xampp\htdocs\zendLibrary\Zend\Service\Amazon\Ec2\Exception.php --> ftp.sobrafo.org.br /public_html/zendLibrary/Zend/Service/Amazon/Ec2 Exception.php
2011.07.26 23:07 B F:\xampp\htdocs\zendLibrary\Zend\Service\Amazon\Ec2\Image.php --> ftp.sobrafo.org.br /public_html/zendLibrary/Zend/Service/Amazon/Ec2 Image.php
2011.07.26 23:07 B F:\xampp\htdocs\zendLibrary\Zend\Service\Amazon\Ec2\Instance.php --> ftp.sobrafo.org.br /public_html/zendLibrary/Zend/Service/Amazon/Ec2 Instance.php
2011.07.26 23:07 B F:\xampp\htdocs\zendLibrary\Zend\Service\Amazon\Ec2\Keypair.php --> ftp.sobrafo.org.br /public_html/zendLibrary/Zend/Service/Amazon/Ec2 Keypair.php
2011.07.26 23:07 B F:\xampp\htdocs\zendLibrary\Zend\Service\Amazon\Ec2\Region.php --> ftp.sobrafo.org.br /public_html/zendLibrary/Zend/Service/Amazon/Ec2 Region.php
2011.07.26 23:07 B F:\xampp\htdocs\zendLibrary\Zend\Service\Amazon\Ec2\Response.php --> ftp.sobrafo.org.br /public_html/zendLibrary/Zend/Service/Amazon/Ec2 Response.php
2011.07.26 23:07 B F:\xampp\htdocs\zendLibrary\Zend\Service\Amazon\Ec2\Securitygroups.php --> ftp.sobrafo.org.br /public_html/zendLibrary/Zend/Service/Amazon/Ec2 Securitygroups.php
2011.07.26 23:07 B F:\xampp\htdocs\zendLibrary\Zend\Service\Amazon\Ec2\WS_FTP.LOG --> ftp.sobrafo.org.br /public_html/zendLibrary/Zend/Service/Amazon/Ec2 WS_FTP.LOG
2011.08.09 17:27 B F:\xampp\htdocs\ZendLibrary\Zend\Service\Amazon\Ec2\Abstract.php --> ftp.amfar.com.br /public_html/ZendLibrary/Zend/Service/Amazon/Ec2 Abstract.php
2011.08.09 17:27 B F:\xampp\htdocs\ZendLibrary\Zend\Service\Amazon\Ec2\Availabilityzones.php --> ftp.amfar.com.br /public_html/ZendLibrary/Zend/Service/Amazon/Ec2 Availabilityzones.php
2011.08.09 17:27 B F:\xampp\htdocs\ZendLibrary\Zend\Service\Amazon\Ec2\CloudWatch.php --> ftp.amfar.com.br /public_html/ZendLibrary/Zend/Service/Amazon/Ec2 CloudWatch.php
2011.08.09 17:27 B F:\xampp\htdocs\ZendLibrary\Zend\Service\Amazon\Ec2\Ebs.php --> ftp.amfar.com.br /public_html/ZendLibrary/Zend/Service/Amazon/Ec2 Ebs.php
2011.08.09 17:27 B F:\xampp\htdocs\ZendLibrary\Zend\Service\Amazon\Ec2\Elasticip.php --> ftp.amfar.com.br /public_html/ZendLibrary/Zend/Service/Amazon/Ec2 Elasticip.php
2011.08.09 17:27 B F:\xampp\htdocs\ZendLibrary\Zend\Service\Amazon\Ec2\Exception.php --> ftp.amfar.com.br /public_html/ZendLibrary/Zend/Service/Amazon/Ec2 Exception.php
2011.08.09 17:27 B F:\xampp\htdocs\ZendLibrary\Zend\Service\Amazon\Ec2\Image.php --> ftp.amfar.com.br /public_html/ZendLibrary/Zend/Service/Amazon/Ec2 Image.php
2011.08.09 17:27 B F:\xampp\htdocs\ZendLibrary\Zend\Service\Amazon\Ec2\Instance.php --> ftp.amfar.com.br /public_html/ZendLibrary/Zend/Service/Amazon/Ec2 Instance.php
2011.08.09 17:27 B F:\xampp\htdocs\ZendLibrary\Zend\Service\Amazon\Ec2\Keypair.php --> ftp.amfar.com.br /public_html/ZendLibrary/Zend/Service/Amazon/Ec2 Keypair.php
2011.08.09 17:27 B F:\xampp\htdocs\ZendLibrary\Zend\Service\Amazon\Ec2\Region.php --> ftp.amfar.com.br /public_html/ZendLibrary/Zend/Service/Amazon/Ec2 Region.php
2011.08.09 17:27 B F:\xampp\htdocs\ZendLibrary\Zend\Service\Amazon\Ec2\Response.php --> ftp.amfar.com.br /public_html/ZendLibrary/Zend/Service/Amazon/Ec2 Response.php
2011.08.09 17:27 B F:\xampp\htdocs\ZendLibrary\Zend\Service\Amazon\Ec2\Securitygroups.php --> ftp.amfar.com.br /public_html/ZendLibrary/Zend/Service/Amazon/Ec2 Securitygroups.php
