2011.06.20 18:32 B F:\xampp\htdocs\zf-tutorial\library\Zend\Controller\Action\Helper\Abstract.php --> ftp.portalridgid.com.br /public_html/zf-tutorial/library/Zend/Controller/Action/Helper Abstract.php
2011.06.20 18:32 B F:\xampp\htdocs\zf-tutorial\library\Zend\Controller\Action\Helper\ActionStack.php --> ftp.portalridgid.com.br /public_html/zf-tutorial/library/Zend/Controller/Action/Helper ActionStack.php
2011.06.20 18:32 B F:\xampp\htdocs\zf-tutorial\library\Zend\Controller\Action\Helper\AjaxContext.php --> ftp.portalridgid.com.br /public_html/zf-tutorial/library/Zend/Controller/Action/Helper AjaxContext.php
2011.06.20 18:32 B F:\xampp\htdocs\zf-tutorial\library\Zend\Controller\Action\Helper\AutoCompleteDojo.php --> ftp.portalridgid.com.br /public_html/zf-tutorial/library/Zend/Controller/Action/Helper AutoCompleteDojo.php
2011.06.20 18:32 B F:\xampp\htdocs\zf-tutorial\library\Zend\Controller\Action\Helper\AutoCompleteScriptaculous.php --> ftp.portalridgid.com.br /public_html/zf-tutorial/library/Zend/Controller/Action/Helper AutoCompleteScriptaculous.php
2011.06.20 18:32 B F:\xampp\htdocs\zf-tutorial\library\Zend\Controller\Action\Helper\Cache.php --> ftp.portalridgid.com.br /public_html/zf-tutorial/library/Zend/Controller/Action/Helper Cache.php
2011.06.20 18:32 B F:\xampp\htdocs\zf-tutorial\library\Zend\Controller\Action\Helper\ContextSwitch.php --> ftp.portalridgid.com.br /public_html/zf-tutorial/library/Zend/Controller/Action/Helper ContextSwitch.php
2011.06.20 18:32 B F:\xampp\htdocs\zf-tutorial\library\Zend\Controller\Action\Helper\FlashMessenger.php --> ftp.portalridgid.com.br /public_html/zf-tutorial/library/Zend/Controller/Action/Helper FlashMessenger.php
2011.06.20 18:32 B F:\xampp\htdocs\zf-tutorial\library\Zend\Controller\Action\Helper\Json.php --> ftp.portalridgid.com.br /public_html/zf-tutorial/library/Zend/Controller/Action/Helper Json.php
2011.06.20 18:32 B F:\xampp\htdocs\zf-tutorial\library\Zend\Controller\Action\Helper\Redirector.php --> ftp.portalridgid.com.br /public_html/zf-tutorial/library/Zend/Controller/Action/Helper Redirector.php
2011.06.20 18:32 B F:\xampp\htdocs\zf-tutorial\library\Zend\Controller\Action\Helper\Url.php --> ftp.portalridgid.com.br /public_html/zf-tutorial/library/Zend/Controller/Action/Helper Url.php
2011.06.20 18:32 B F:\xampp\htdocs\zf-tutorial\library\Zend\Controller\Action\Helper\ViewRenderer.php --> ftp.portalridgid.com.br /public_html/zf-tutorial/library/Zend/Controller/Action/Helper ViewRenderer.php
2011.06.30 03:43 B F:\xampp\htdocs\zendLibrary\Zend\Controller\Action\Helper\WS_FTP.LOG --> ftp.sbrafh.org.br /sbrafh/Web/zendLibrary/Zend/Controller/Action/Helper WS_FTP.LOG
2011.06.30 03:43 B F:\xampp\htdocs\zendLibrary\Zend\Controller\Action\Helper\Redirector.php --> ftp.sbrafh.org.br /sbrafh/Web/zendLibrary/Zend/Controller/Action/Helper Redirector.php
2011.06.30 03:43 B F:\xampp\htdocs\zendLibrary\Zend\Controller\Action\Helper\ViewRenderer.php --> ftp.sbrafh.org.br /sbrafh/Web/zendLibrary/Zend/Controller/Action/Helper ViewRenderer.php
2011.06.30 03:43 B F:\xampp\htdocs\zendLibrary\Zend\Controller\Action\Helper\Url.php --> ftp.sbrafh.org.br /sbrafh/Web/zendLibrary/Zend/Controller/Action/Helper Url.php
2011.06.30 03:43 B F:\xampp\htdocs\zendLibrary\Zend\Controller\Action\Helper\Json.php --> ftp.sbrafh.org.br /sbrafh/Web/zendLibrary/Zend/Controller/Action/Helper Json.php
2011.06.30 03:43 B F:\xampp\htdocs\zendLibrary\Zend\Controller\Action\Helper\FlashMessenger.php --> ftp.sbrafh.org.br /sbrafh/Web/zendLibrary/Zend/Controller/Action/Helper FlashMessenger.php
2011.06.30 03:43 B F:\xampp\htdocs\zendLibrary\Zend\Controller\Action\Helper\ContextSwitch.php --> ftp.sbrafh.org.br /sbrafh/Web/zendLibrary/Zend/Controller/Action/Helper ContextSwitch.php
2011.06.30 03:43 B F:\xampp\htdocs\zendLibrary\Zend\Controller\Action\Helper\Cache.php --> ftp.sbrafh.org.br /sbrafh/Web/zendLibrary/Zend/Controller/Action/Helper Cache.php
2011.06.30 03:43 B F:\xampp\htdocs\zendLibrary\Zend\Controller\Action\Helper\AutoCompleteScriptaculous.php --> ftp.sbrafh.org.br /sbrafh/Web/zendLibrary/Zend/Controller/Action/Helper AutoCompleteScriptaculous.php
2011.06.30 03:43 B F:\xampp\htdocs\zendLibrary\Zend\Controller\Action\Helper\AutoCompleteDojo.php --> ftp.sbrafh.org.br /sbrafh/Web/zendLibrary/Zend/Controller/Action/Helper AutoCompleteDojo.php
2011.06.30 03:43 B F:\xampp\htdocs\zendLibrary\Zend\Controller\Action\Helper\AjaxContext.php --> ftp.sbrafh.org.br /sbrafh/Web/zendLibrary/Zend/Controller/Action/Helper AjaxContext.php
2011.06.30 03:43 B F:\xampp\htdocs\zendLibrary\Zend\Controller\Action\Helper\ActionStack.php --> ftp.sbrafh.org.br /sbrafh/Web/zendLibrary/Zend/Controller/Action/Helper ActionStack.php
2011.06.30 03:43 B F:\xampp\htdocs\zendLibrary\Zend\Controller\Action\Helper\Abstract.php --> ftp.sbrafh.org.br /sbrafh/Web/zendLibrary/Zend/Controller/Action/Helper Abstract.php
2011.07.08 23:45 B F:\xampp\htdocs\zendLibrary\Zend\Controller\Action\Helper\Abstract.php --> ftp.radiofone.com.br /public_html/radiofone/zendLibrary/Zend/Controller/Action/Helper Abstract.php
2011.07.08 23:45 B F:\xampp\htdocs\zendLibrary\Zend\Controller\Action\Helper\ActionStack.php --> ftp.radiofone.com.br /public_html/radiofone/zendLibrary/Zend/Controller/Action/Helper ActionStack.php
2011.07.08 23:45 B F:\xampp\htdocs\zendLibrary\Zend\Controller\Action\Helper\AjaxContext.php --> ftp.radiofone.com.br /public_html/radiofone/zendLibrary/Zend/Controller/Action/Helper AjaxContext.php
2011.07.08 23:45 B F:\xampp\htdocs\zendLibrary\Zend\Controller\Action\Helper\AutoCompleteDojo.php --> ftp.radiofone.com.br /public_html/radiofone/zendLibrary/Zend/Controller/Action/Helper AutoCompleteDojo.php
2011.07.08 23:45 B F:\xampp\htdocs\zendLibrary\Zend\Controller\Action\Helper\AutoCompleteScriptaculous.php --> ftp.radiofone.com.br /public_html/radiofone/zendLibrary/Zend/Controller/Action/Helper AutoCompleteScriptaculous.php
2011.07.08 23:45 B F:\xampp\htdocs\zendLibrary\Zend\Controller\Action\Helper\Cache.php --> ftp.radiofone.com.br /public_html/radiofone/zendLibrary/Zend/Controller/Action/Helper Cache.php
2011.07.08 23:45 B F:\xampp\htdocs\zendLibrary\Zend\Controller\Action\Helper\ContextSwitch.php --> ftp.radiofone.com.br /public_html/radiofone/zendLibrary/Zend/Controller/Action/Helper ContextSwitch.php
2011.07.08 23:45 B F:\xampp\htdocs\zendLibrary\Zend\Controller\Action\Helper\FlashMessenger.php --> ftp.radiofone.com.br /public_html/radiofone/zendLibrary/Zend/Controller/Action/Helper FlashMessenger.php
2011.07.08 23:45 B F:\xampp\htdocs\zendLibrary\Zend\Controller\Action\Helper\Json.php --> ftp.radiofone.com.br /public_html/radiofone/zendLibrary/Zend/Controller/Action/Helper Json.php
2011.07.08 23:45 B F:\xampp\htdocs\zendLibrary\Zend\Controller\Action\Helper\Redirector.php --> ftp.radiofone.com.br /public_html/radiofone/zendLibrary/Zend/Controller/Action/Helper Redirector.php
2011.07.08 23:45 B F:\xampp\htdocs\zendLibrary\Zend\Controller\Action\Helper\Url.php --> ftp.radiofone.com.br /public_html/radiofone/zendLibrary/Zend/Controller/Action/Helper Url.php
2011.07.08 23:45 B F:\xampp\htdocs\zendLibrary\Zend\Controller\Action\Helper\ViewRenderer.php --> ftp.radiofone.com.br /public_html/radiofone/zendLibrary/Zend/Controller/Action/Helper ViewRenderer.php
2011.07.08 23:45 B F:\xampp\htdocs\zendLibrary\Zend\Controller\Action\Helper\WS_FTP.LOG --> ftp.radiofone.com.br /public_html/radiofone/zendLibrary/Zend/Controller/Action/Helper WS_FTP.LOG
2011.07.09 00:45 B F:\xampp\htdocs\zendLibrary\Zend\Controller\Action\Helper\WS_FTP.LOG --> ftp.radiofone.com.br /public_html/radiofone/zendLibrary/Zend/Controller/Action/Helper WS_FTP.LOG
2011.07.26 22:45 B F:\xampp\htdocs\zendLibrary\Zend\Controller\Action\Helper\Abstract.php --> ftp.sobrafo.org.br /public_html/zendLibrary/Zend/Controller/Action/Helper Abstract.php
2011.07.26 22:45 B F:\xampp\htdocs\zendLibrary\Zend\Controller\Action\Helper\ActionStack.php --> ftp.sobrafo.org.br /public_html/zendLibrary/Zend/Controller/Action/Helper ActionStack.php
2011.07.26 22:45 B F:\xampp\htdocs\zendLibrary\Zend\Controller\Action\Helper\AjaxContext.php --> ftp.sobrafo.org.br /public_html/zendLibrary/Zend/Controller/Action/Helper AjaxContext.php
2011.07.26 22:45 B F:\xampp\htdocs\zendLibrary\Zend\Controller\Action\Helper\AutoCompleteDojo.php --> ftp.sobrafo.org.br /public_html/zendLibrary/Zend/Controller/Action/Helper AutoCompleteDojo.php
2011.07.26 22:45 B F:\xampp\htdocs\zendLibrary\Zend\Controller\Action\Helper\AutoCompleteScriptaculous.php --> ftp.sobrafo.org.br /public_html/zendLibrary/Zend/Controller/Action/Helper AutoCompleteScriptaculous.php
2011.07.26 22:45 B F:\xampp\htdocs\zendLibrary\Zend\Controller\Action\Helper\Cache.php --> ftp.sobrafo.org.br /public_html/zendLibrary/Zend/Controller/Action/Helper Cache.php
2011.07.26 22:45 B F:\xampp\htdocs\zendLibrary\Zend\Controller\Action\Helper\ContextSwitch.php --> ftp.sobrafo.org.br /public_html/zendLibrary/Zend/Controller/Action/Helper ContextSwitch.php
2011.07.26 22:45 B F:\xampp\htdocs\zendLibrary\Zend\Controller\Action\Helper\FlashMessenger.php --> ftp.sobrafo.org.br /public_html/zendLibrary/Zend/Controller/Action/Helper FlashMessenger.php
2011.07.26 22:45 B F:\xampp\htdocs\zendLibrary\Zend\Controller\Action\Helper\Json.php --> ftp.sobrafo.org.br /public_html/zendLibrary/Zend/Controller/Action/Helper Json.php
2011.07.26 22:45 B F:\xampp\htdocs\zendLibrary\Zend\Controller\Action\Helper\Redirector.php --> ftp.sobrafo.org.br /public_html/zendLibrary/Zend/Controller/Action/Helper Redirector.php
2011.07.26 22:45 B F:\xampp\htdocs\zendLibrary\Zend\Controller\Action\Helper\Url.php --> ftp.sobrafo.org.br /public_html/zendLibrary/Zend/Controller/Action/Helper Url.php
2011.07.26 22:45 B F:\xampp\htdocs\zendLibrary\Zend\Controller\Action\Helper\ViewRenderer.php --> ftp.sobrafo.org.br /public_html/zendLibrary/Zend/Controller/Action/Helper ViewRenderer.php
2011.07.26 22:45 B F:\xampp\htdocs\zendLibrary\Zend\Controller\Action\Helper\WS_FTP.LOG --> ftp.sobrafo.org.br /public_html/zendLibrary/Zend/Controller/Action/Helper WS_FTP.LOG
2011.08.05 01:02 B F:\xampp\htdocs\ZendLibrary\Zend\Controller\Action\Helper\WS_FTP.LOG --> ftp.portalridgid.com.br /public_html/zendLibrary/Zend/Controller/Action/Helper WS_FTP.LOG
2011.08.09 16:55 B F:\xampp\htdocs\ZendLibrary\Zend\Controller\Action\Helper\Abstract.php --> ftp.amfar.com.br /public_html/ZendLibrary/Zend/Controller/Action/Helper Abstract.php
2011.08.09 16:55 B F:\xampp\htdocs\ZendLibrary\Zend\Controller\Action\Helper\ActionStack.php --> ftp.amfar.com.br /public_html/ZendLibrary/Zend/Controller/Action/Helper ActionStack.php
2011.08.09 16:55 B F:\xampp\htdocs\ZendLibrary\Zend\Controller\Action\Helper\AjaxContext.php --> ftp.amfar.com.br /public_html/ZendLibrary/Zend/Controller/Action/Helper AjaxContext.php
2011.08.09 16:55 B F:\xampp\htdocs\ZendLibrary\Zend\Controller\Action\Helper\AutoCompleteDojo.php --> ftp.amfar.com.br /public_html/ZendLibrary/Zend/Controller/Action/Helper AutoCompleteDojo.php
2011.08.09 16:55 B F:\xampp\htdocs\ZendLibrary\Zend\Controller\Action\Helper\AutoCompleteScriptaculous.php --> ftp.amfar.com.br /public_html/ZendLibrary/Zend/Controller/Action/Helper AutoCompleteScriptaculous.php
2011.08.09 16:55 B F:\xampp\htdocs\ZendLibrary\Zend\Controller\Action\Helper\Cache.php --> ftp.amfar.com.br /public_html/ZendLibrary/Zend/Controller/Action/Helper Cache.php
2011.08.09 16:55 B F:\xampp\htdocs\ZendLibrary\Zend\Controller\Action\Helper\ContextSwitch.php --> ftp.amfar.com.br /public_html/ZendLibrary/Zend/Controller/Action/Helper ContextSwitch.php
2011.08.09 16:55 B F:\xampp\htdocs\ZendLibrary\Zend\Controller\Action\Helper\FlashMessenger.php --> ftp.amfar.com.br /public_html/ZendLibrary/Zend/Controller/Action/Helper FlashMessenger.php
2011.08.09 16:55 B F:\xampp\htdocs\ZendLibrary\Zend\Controller\Action\Helper\Json.php --> ftp.amfar.com.br /public_html/ZendLibrary/Zend/Controller/Action/Helper Json.php
2011.08.09 16:55 B F:\xampp\htdocs\ZendLibrary\Zend\Controller\Action\Helper\Redirector.php --> ftp.amfar.com.br /public_html/ZendLibrary/Zend/Controller/Action/Helper Redirector.php
2011.08.09 16:55 B F:\xampp\htdocs\ZendLibrary\Zend\Controller\Action\Helper\Url.php --> ftp.amfar.com.br /public_html/ZendLibrary/Zend/Controller/Action/Helper Url.php
2011.08.09 16:55 B F:\xampp\htdocs\ZendLibrary\Zend\Controller\Action\Helper\ViewRenderer.php --> ftp.amfar.com.br /public_html/ZendLibrary/Zend/Controller/Action/Helper ViewRenderer.php
