2011.06.20 18:47 B F:\xampp\htdocs\zf-tutorial\library\Zend\Markup\Renderer\Html\Code.php --> ftp.portalridgid.com.br /public_html/zf-tutorial/library/Zend/Markup/Renderer/Html Code.php
2011.06.20 18:47 B F:\xampp\htdocs\zf-tutorial\library\Zend\Markup\Renderer\Html\HtmlAbstract.php --> ftp.portalridgid.com.br /public_html/zf-tutorial/library/Zend/Markup/Renderer/Html HtmlAbstract.php
2011.06.20 18:47 B F:\xampp\htdocs\zf-tutorial\library\Zend\Markup\Renderer\Html\Img.php --> ftp.portalridgid.com.br /public_html/zf-tutorial/library/Zend/Markup/Renderer/Html Img.php
2011.06.20 18:47 B F:\xampp\htdocs\zf-tutorial\library\Zend\Markup\Renderer\Html\List.php --> ftp.portalridgid.com.br /public_html/zf-tutorial/library/Zend/Markup/Renderer/Html List.php
2011.06.20 18:47 B F:\xampp\htdocs\zf-tutorial\library\Zend\Markup\Renderer\Html\Url.php --> ftp.portalridgid.com.br /public_html/zf-tutorial/library/Zend/Markup/Renderer/Html Url.php
2011.06.30 03:23 B F:\xampp\htdocs\zendLibrary\Zend\Markup\Renderer\Html\WS_FTP.LOG --> ftp.sbrafh.org.br /sbrafh/Web/zendLibrary/Zend/Markup/Renderer/Html WS_FTP.LOG
2011.06.30 03:23 B F:\xampp\htdocs\zendLibrary\Zend\Markup\Renderer\Html\Url.php --> ftp.sbrafh.org.br /sbrafh/Web/zendLibrary/Zend/Markup/Renderer/Html Url.php
2011.06.30 03:23 B F:\xampp\htdocs\zendLibrary\Zend\Markup\Renderer\Html\List.php --> ftp.sbrafh.org.br /sbrafh/Web/zendLibrary/Zend/Markup/Renderer/Html List.php
2011.06.30 03:23 B F:\xampp\htdocs\zendLibrary\Zend\Markup\Renderer\Html\Img.php --> ftp.sbrafh.org.br /sbrafh/Web/zendLibrary/Zend/Markup/Renderer/Html Img.php
2011.06.30 03:23 B F:\xampp\htdocs\zendLibrary\Zend\Markup\Renderer\Html\HtmlAbstract.php --> ftp.sbrafh.org.br /sbrafh/Web/zendLibrary/Zend/Markup/Renderer/Html HtmlAbstract.php
2011.06.30 03:23 B F:\xampp\htdocs\zendLibrary\Zend\Markup\Renderer\Html\Code.php --> ftp.sbrafh.org.br /sbrafh/Web/zendLibrary/Zend/Markup/Renderer/Html Code.php
2011.07.09 00:12 B F:\xampp\htdocs\zendLibrary\Zend\Markup\Renderer\Html\Code.php --> ftp.radiofone.com.br /public_html/radiofone/zendLibrary/Zend/Markup/Renderer/Html Code.php
2011.07.09 00:12 B F:\xampp\htdocs\zendLibrary\Zend\Markup\Renderer\Html\HtmlAbstract.php --> ftp.radiofone.com.br /public_html/radiofone/zendLibrary/Zend/Markup/Renderer/Html HtmlAbstract.php
2011.07.09 00:12 B F:\xampp\htdocs\zendLibrary\Zend\Markup\Renderer\Html\Img.php --> ftp.radiofone.com.br /public_html/radiofone/zendLibrary/Zend/Markup/Renderer/Html Img.php
2011.07.09 00:12 B F:\xampp\htdocs\zendLibrary\Zend\Markup\Renderer\Html\List.php --> ftp.radiofone.com.br /public_html/radiofone/zendLibrary/Zend/Markup/Renderer/Html List.php
2011.07.09 00:12 B F:\xampp\htdocs\zendLibrary\Zend\Markup\Renderer\Html\Url.php --> ftp.radiofone.com.br /public_html/radiofone/zendLibrary/Zend/Markup/Renderer/Html Url.php
2011.07.09 00:12 B F:\xampp\htdocs\zendLibrary\Zend\Markup\Renderer\Html\WS_FTP.LOG --> ftp.radiofone.com.br /public_html/radiofone/zendLibrary/Zend/Markup/Renderer/Html WS_FTP.LOG
2011.07.26 23:01 B F:\xampp\htdocs\zendLibrary\Zend\Markup\Renderer\Html\Code.php --> ftp.sobrafo.org.br /public_html/zendLibrary/Zend/Markup/Renderer/Html Code.php
2011.07.26 23:01 B F:\xampp\htdocs\zendLibrary\Zend\Markup\Renderer\Html\HtmlAbstract.php --> ftp.sobrafo.org.br /public_html/zendLibrary/Zend/Markup/Renderer/Html HtmlAbstract.php
2011.07.26 23:01 B F:\xampp\htdocs\zendLibrary\Zend\Markup\Renderer\Html\Img.php --> ftp.sobrafo.org.br /public_html/zendLibrary/Zend/Markup/Renderer/Html Img.php
2011.07.26 23:01 B F:\xampp\htdocs\zendLibrary\Zend\Markup\Renderer\Html\List.php --> ftp.sobrafo.org.br /public_html/zendLibrary/Zend/Markup/Renderer/Html List.php
2011.07.26 23:01 B F:\xampp\htdocs\zendLibrary\Zend\Markup\Renderer\Html\Url.php --> ftp.sobrafo.org.br /public_html/zendLibrary/Zend/Markup/Renderer/Html Url.php
2011.07.26 23:01 B F:\xampp\htdocs\zendLibrary\Zend\Markup\Renderer\Html\WS_FTP.LOG --> ftp.sobrafo.org.br /public_html/zendLibrary/Zend/Markup/Renderer/Html WS_FTP.LOG
2011.08.09 17:22 B F:\xampp\htdocs\ZendLibrary\Zend\Markup\Renderer\Html\Code.php --> ftp.amfar.com.br /public_html/ZendLibrary/Zend/Markup/Renderer/Html Code.php
2011.08.09 17:22 B F:\xampp\htdocs\ZendLibrary\Zend\Markup\Renderer\Html\HtmlAbstract.php --> ftp.amfar.com.br /public_html/ZendLibrary/Zend/Markup/Renderer/Html HtmlAbstract.php
2011.08.09 17:22 B F:\xampp\htdocs\ZendLibrary\Zend\Markup\Renderer\Html\Img.php --> ftp.amfar.com.br /public_html/ZendLibrary/Zend/Markup/Renderer/Html Img.php
2011.08.09 17:22 B F:\xampp\htdocs\ZendLibrary\Zend\Markup\Renderer\Html\List.php --> ftp.amfar.com.br /public_html/ZendLibrary/Zend/Markup/Renderer/Html List.php
2011.08.09 17:22 B F:\xampp\htdocs\ZendLibrary\Zend\Markup\Renderer\Html\Url.php --> ftp.amfar.com.br /public_html/ZendLibrary/Zend/Markup/Renderer/Html Url.php
