2010.05.06 01:05 B X:\portalridgid\newproducts\themes\base\images\ui-icons_cd0a0a_256x240.png --> ftp.portalridgid.com.br /public_html/newproducts/themes/base/images ui-icons_cd0a0a_256x240.png
2010.05.06 01:05 B X:\portalridgid\newproducts\themes\base\images\ui-icons_888888_256x240.png --> ftp.portalridgid.com.br /public_html/newproducts/themes/base/images ui-icons_888888_256x240.png
2010.05.06 01:05 B X:\portalridgid\newproducts\themes\base\images\ui-icons_454545_256x240.png --> ftp.portalridgid.com.br /public_html/newproducts/themes/base/images ui-icons_454545_256x240.png
2010.05.06 01:05 B X:\portalridgid\newproducts\themes\base\images\ui-icons_2e83ff_256x240.png --> ftp.portalridgid.com.br /public_html/newproducts/themes/base/images ui-icons_2e83ff_256x240.png
2010.05.06 01:05 B X:\portalridgid\newproducts\themes\base\images\ui-icons_222222_256x240.png --> ftp.portalridgid.com.br /public_html/newproducts/themes/base/images ui-icons_222222_256x240.png
2010.05.06 01:05 B X:\portalridgid\newproducts\themes\base\images\ui-bg_highlight-soft_75_cccccc_1x100.png --> ftp.portalridgid.com.br /public_html/newproducts/themes/base/images ui-bg_highlight-soft_75_cccccc_1x100.png
2010.05.06 01:05 B X:\portalridgid\newproducts\themes\base\images\ui-bg_glass_95_fef1ec_1x400.png --> ftp.portalridgid.com.br /public_html/newproducts/themes/base/images ui-bg_glass_95_fef1ec_1x400.png
2010.05.06 01:05 B X:\portalridgid\newproducts\themes\base\images\ui-bg_glass_75_e6e6e6_1x400.png --> ftp.portalridgid.com.br /public_html/newproducts/themes/base/images ui-bg_glass_75_e6e6e6_1x400.png
2010.05.06 01:05 B X:\portalridgid\newproducts\themes\base\images\ui-bg_glass_75_dadada_1x400.png --> ftp.portalridgid.com.br /public_html/newproducts/themes/base/images ui-bg_glass_75_dadada_1x400.png
2010.05.06 01:05 B X:\portalridgid\newproducts\themes\base\images\ui-bg_glass_65_ffffff_1x400.png --> ftp.portalridgid.com.br /public_html/newproducts/themes/base/images ui-bg_glass_65_ffffff_1x400.png
2010.05.06 01:05 B X:\portalridgid\newproducts\themes\base\images\ui-bg_glass_55_fbf9ee_1x400.png --> ftp.portalridgid.com.br /public_html/newproducts/themes/base/images ui-bg_glass_55_fbf9ee_1x400.png
2010.05.06 01:05 B X:\portalridgid\newproducts\themes\base\images\ui-bg_flat_75_ffffff_40x100.png --> ftp.portalridgid.com.br /public_html/newproducts/themes/base/images ui-bg_flat_75_ffffff_40x100.png
2010.05.06 01:05 B X:\portalridgid\newproducts\themes\base\images\ui-bg_flat_0_aaaaaa_40x100.png --> ftp.portalridgid.com.br /public_html/newproducts/themes/base/images ui-bg_flat_0_aaaaaa_40x100.png
2010.07.07 02:43 B X:\radiofone\admin\themes\base\images\ui-bg_flat_0_aaaaaa_40x100.png --> ftp.radiofone.com.br /public_html/radiofone/rfadm/themes/base/images ui-bg_flat_0_aaaaaa_40x100.png
2010.07.07 02:43 B X:\radiofone\admin\themes\base\images\ui-bg_flat_75_ffffff_40x100.png --> ftp.radiofone.com.br /public_html/radiofone/rfadm/themes/base/images ui-bg_flat_75_ffffff_40x100.png
2010.07.07 02:43 B X:\radiofone\admin\themes\base\images\ui-bg_glass_55_fbf9ee_1x400.png --> ftp.radiofone.com.br /public_html/radiofone/rfadm/themes/base/images ui-bg_glass_55_fbf9ee_1x400.png
2010.07.07 02:43 B X:\radiofone\admin\themes\base\images\ui-bg_glass_65_ffffff_1x400.png --> ftp.radiofone.com.br /public_html/radiofone/rfadm/themes/base/images ui-bg_glass_65_ffffff_1x400.png
2010.07.07 02:43 B X:\radiofone\admin\themes\base\images\ui-bg_glass_75_dadada_1x400.png --> ftp.radiofone.com.br /public_html/radiofone/rfadm/themes/base/images ui-bg_glass_75_dadada_1x400.png
2010.07.07 02:43 B X:\radiofone\admin\themes\base\images\ui-bg_glass_75_e6e6e6_1x400.png --> ftp.radiofone.com.br /public_html/radiofone/rfadm/themes/base/images ui-bg_glass_75_e6e6e6_1x400.png
2010.07.07 02:43 B X:\radiofone\admin\themes\base\images\ui-bg_glass_95_fef1ec_1x400.png --> ftp.radiofone.com.br /public_html/radiofone/rfadm/themes/base/images ui-bg_glass_95_fef1ec_1x400.png
2010.07.07 02:43 B X:\radiofone\admin\themes\base\images\ui-bg_highlight-soft_75_cccccc_1x100.png --> ftp.radiofone.com.br /public_html/radiofone/rfadm/themes/base/images ui-bg_highlight-soft_75_cccccc_1x100.png
2010.07.07 02:43 B X:\radiofone\admin\themes\base\images\ui-icons_222222_256x240.png --> ftp.radiofone.com.br /public_html/radiofone/rfadm/themes/base/images ui-icons_222222_256x240.png
2010.07.07 02:43 B X:\radiofone\admin\themes\base\images\ui-icons_2e83ff_256x240.png --> ftp.radiofone.com.br /public_html/radiofone/rfadm/themes/base/images ui-icons_2e83ff_256x240.png
2010.07.07 02:43 B X:\radiofone\admin\themes\base\images\ui-icons_454545_256x240.png --> ftp.radiofone.com.br /public_html/radiofone/rfadm/themes/base/images ui-icons_454545_256x240.png
2010.07.07 02:43 B X:\radiofone\admin\themes\base\images\ui-icons_888888_256x240.png --> ftp.radiofone.com.br /public_html/radiofone/rfadm/themes/base/images ui-icons_888888_256x240.png
2010.07.07 02:43 B X:\radiofone\admin\themes\base\images\ui-icons_cd0a0a_256x240.png --> ftp.radiofone.com.br /public_html/radiofone/rfadm/themes/base/images ui-icons_cd0a0a_256x240.png
2010.07.07 02:43 B X:\radiofone\admin\themes\base\images\WS_FTP.LOG --> ftp.radiofone.com.br /public_html/radiofone/rfadm/themes/base/images WS_FTP.LOG
2010.08.05 20:39 B X:\radiofone\rfadm\themes\base\images\WS_FTP.LOG --> ftp.radiofone.com.br /public_html/radiofone/rfadm/themes/base/images WS_FTP.LOG
2010.08.19 00:52 B X:\radiofone\rfadm\themes\base\images\WS_FTP.LOG --> ftp.sbrafh.org.br /sbrafh/Web/novosite/themes/base/images WS_FTP.LOG
2010.08.19 00:52 B X:\radiofone\rfadm\themes\base\images\ui-icons_cd0a0a_256x240.png --> ftp.sbrafh.org.br /sbrafh/Web/novosite/themes/base/images ui-icons_cd0a0a_256x240.png
2010.08.19 00:52 B X:\radiofone\rfadm\themes\base\images\ui-icons_888888_256x240.png --> ftp.sbrafh.org.br /sbrafh/Web/novosite/themes/base/images ui-icons_888888_256x240.png
2010.08.19 00:52 B X:\radiofone\rfadm\themes\base\images\ui-icons_454545_256x240.png --> ftp.sbrafh.org.br /sbrafh/Web/novosite/themes/base/images ui-icons_454545_256x240.png
2010.08.19 00:52 B X:\radiofone\rfadm\themes\base\images\ui-icons_2e83ff_256x240.png --> ftp.sbrafh.org.br /sbrafh/Web/novosite/themes/base/images ui-icons_2e83ff_256x240.png
2010.08.19 00:52 B X:\radiofone\rfadm\themes\base\images\ui-icons_222222_256x240.png --> ftp.sbrafh.org.br /sbrafh/Web/novosite/themes/base/images ui-icons_222222_256x240.png
2010.08.19 00:52 B X:\radiofone\rfadm\themes\base\images\ui-bg_highlight-soft_75_cccccc_1x100.png --> ftp.sbrafh.org.br /sbrafh/Web/novosite/themes/base/images ui-bg_highlight-soft_75_cccccc_1x100.png
2010.08.19 00:52 B X:\radiofone\rfadm\themes\base\images\ui-bg_glass_95_fef1ec_1x400.png --> ftp.sbrafh.org.br /sbrafh/Web/novosite/themes/base/images ui-bg_glass_95_fef1ec_1x400.png
2010.08.19 00:52 B X:\radiofone\rfadm\themes\base\images\ui-bg_glass_75_e6e6e6_1x400.png --> ftp.sbrafh.org.br /sbrafh/Web/novosite/themes/base/images ui-bg_glass_75_e6e6e6_1x400.png
2010.08.19 00:52 B X:\radiofone\rfadm\themes\base\images\ui-bg_glass_75_dadada_1x400.png --> ftp.sbrafh.org.br /sbrafh/Web/novosite/themes/base/images ui-bg_glass_75_dadada_1x400.png
2010.08.19 00:53 B X:\radiofone\rfadm\themes\base\images\ui-bg_glass_65_ffffff_1x400.png --> ftp.sbrafh.org.br /sbrafh/Web/novosite/themes/base/images ui-bg_glass_65_ffffff_1x400.png
2010.08.19 00:53 B X:\radiofone\rfadm\themes\base\images\ui-bg_glass_55_fbf9ee_1x400.png --> ftp.sbrafh.org.br /sbrafh/Web/novosite/themes/base/images ui-bg_glass_55_fbf9ee_1x400.png
2010.08.19 00:53 B X:\radiofone\rfadm\themes\base\images\ui-bg_flat_75_ffffff_40x100.png --> ftp.sbrafh.org.br /sbrafh/Web/novosite/themes/base/images ui-bg_flat_75_ffffff_40x100.png
2010.08.19 00:53 B X:\radiofone\rfadm\themes\base\images\ui-bg_flat_0_aaaaaa_40x100.png --> ftp.sbrafh.org.br /sbrafh/Web/novosite/themes/base/images ui-bg_flat_0_aaaaaa_40x100.png
2010.09.09 23:44 B Z:\radiofone\rfadm\themes\base\images\WS_FTP.LOG --> ftp.radiofone.com.br /public_html/radiofone/rfadm/themes/base/images WS_FTP.LOG
2011.01.25 01:17 B Z:\radiofone\rfadm\themes\base\images\ui-bg_flat_0_aaaaaa_40x100.png --> ftp.sobrafo.org.br /public_html/admin/themes/base/images ui-bg_flat_0_aaaaaa_40x100.png
2011.01.25 01:17 B Z:\radiofone\rfadm\themes\base\images\ui-bg_flat_75_ffffff_40x100.png --> ftp.sobrafo.org.br /public_html/admin/themes/base/images ui-bg_flat_75_ffffff_40x100.png
2011.01.25 01:17 B Z:\radiofone\rfadm\themes\base\images\ui-bg_glass_55_fbf9ee_1x400.png --> ftp.sobrafo.org.br /public_html/admin/themes/base/images ui-bg_glass_55_fbf9ee_1x400.png
2011.01.25 01:17 B Z:\radiofone\rfadm\themes\base\images\ui-bg_glass_65_ffffff_1x400.png --> ftp.sobrafo.org.br /public_html/admin/themes/base/images ui-bg_glass_65_ffffff_1x400.png
2011.01.25 01:17 B Z:\radiofone\rfadm\themes\base\images\ui-bg_glass_75_dadada_1x400.png --> ftp.sobrafo.org.br /public_html/admin/themes/base/images ui-bg_glass_75_dadada_1x400.png
2011.01.25 01:17 B Z:\radiofone\rfadm\themes\base\images\ui-bg_glass_75_e6e6e6_1x400.png --> ftp.sobrafo.org.br /public_html/admin/themes/base/images ui-bg_glass_75_e6e6e6_1x400.png
2011.01.25 01:17 B Z:\radiofone\rfadm\themes\base\images\ui-bg_glass_95_fef1ec_1x400.png --> ftp.sobrafo.org.br /public_html/admin/themes/base/images ui-bg_glass_95_fef1ec_1x400.png
2011.01.25 01:17 B Z:\radiofone\rfadm\themes\base\images\ui-bg_highlight-soft_75_cccccc_1x100.png --> ftp.sobrafo.org.br /public_html/admin/themes/base/images ui-bg_highlight-soft_75_cccccc_1x100.png
2011.01.25 01:17 B Z:\radiofone\rfadm\themes\base\images\ui-icons_222222_256x240.png --> ftp.sobrafo.org.br /public_html/admin/themes/base/images ui-icons_222222_256x240.png
2011.01.25 01:17 B Z:\radiofone\rfadm\themes\base\images\ui-icons_2e83ff_256x240.png --> ftp.sobrafo.org.br /public_html/admin/themes/base/images ui-icons_2e83ff_256x240.png
2011.01.25 01:17 B Z:\radiofone\rfadm\themes\base\images\ui-icons_454545_256x240.png --> ftp.sobrafo.org.br /public_html/admin/themes/base/images ui-icons_454545_256x240.png
2011.01.25 01:17 B Z:\radiofone\rfadm\themes\base\images\ui-icons_888888_256x240.png --> ftp.sobrafo.org.br /public_html/admin/themes/base/images ui-icons_888888_256x240.png
2011.01.25 01:17 B Z:\radiofone\rfadm\themes\base\images\ui-icons_cd0a0a_256x240.png --> ftp.sobrafo.org.br /public_html/admin/themes/base/images ui-icons_cd0a0a_256x240.png
2011.02.01 03:55 B Z:\sobrafo\webadmin\themes\base\images\WS_FTP.LOG <-- sobrafo /public_html/admin/themes/base/images WS_FTP.LOG
2011.02.01 03:57 B Z:\sobrafo\webadmin\themes\base\images\ui-bg_flat_0_aaaaaa_40x100.png --> ftp.sobrafo.org.br /public_html/webadmin/themes/base/images ui-bg_flat_0_aaaaaa_40x100.png
2011.02.01 03:57 B Z:\sobrafo\webadmin\themes\base\images\ui-bg_flat_75_ffffff_40x100.png --> ftp.sobrafo.org.br /public_html/webadmin/themes/base/images ui-bg_flat_75_ffffff_40x100.png
2011.02.01 03:57 B Z:\sobrafo\webadmin\themes\base\images\ui-bg_glass_55_fbf9ee_1x400.png --> ftp.sobrafo.org.br /public_html/webadmin/themes/base/images ui-bg_glass_55_fbf9ee_1x400.png
2011.02.01 03:57 B Z:\sobrafo\webadmin\themes\base\images\ui-bg_glass_65_ffffff_1x400.png --> ftp.sobrafo.org.br /public_html/webadmin/themes/base/images ui-bg_glass_65_ffffff_1x400.png
2011.02.01 03:57 B Z:\sobrafo\webadmin\themes\base\images\ui-bg_glass_75_dadada_1x400.png --> ftp.sobrafo.org.br /public_html/webadmin/themes/base/images ui-bg_glass_75_dadada_1x400.png
2011.02.01 03:57 B Z:\sobrafo\webadmin\themes\base\images\ui-bg_glass_75_e6e6e6_1x400.png --> ftp.sobrafo.org.br /public_html/webadmin/themes/base/images ui-bg_glass_75_e6e6e6_1x400.png
2011.02.01 03:57 B Z:\sobrafo\webadmin\themes\base\images\ui-bg_glass_95_fef1ec_1x400.png --> ftp.sobrafo.org.br /public_html/webadmin/themes/base/images ui-bg_glass_95_fef1ec_1x400.png
2011.02.01 03:57 B Z:\sobrafo\webadmin\themes\base\images\ui-bg_highlight-soft_75_cccccc_1x100.png --> ftp.sobrafo.org.br /public_html/webadmin/themes/base/images ui-bg_highlight-soft_75_cccccc_1x100.png
2011.02.01 03:57 B Z:\sobrafo\webadmin\themes\base\images\ui-icons_222222_256x240.png --> ftp.sobrafo.org.br /public_html/webadmin/themes/base/images ui-icons_222222_256x240.png
2011.02.01 03:57 B Z:\sobrafo\webadmin\themes\base\images\ui-icons_2e83ff_256x240.png --> ftp.sobrafo.org.br /public_html/webadmin/themes/base/images ui-icons_2e83ff_256x240.png
2011.02.01 03:57 B Z:\sobrafo\webadmin\themes\base\images\ui-icons_454545_256x240.png --> ftp.sobrafo.org.br /public_html/webadmin/themes/base/images ui-icons_454545_256x240.png
2011.02.01 03:57 B Z:\sobrafo\webadmin\themes\base\images\ui-icons_888888_256x240.png --> ftp.sobrafo.org.br /public_html/webadmin/themes/base/images ui-icons_888888_256x240.png
2011.02.01 03:57 B Z:\sobrafo\webadmin\themes\base\images\ui-icons_cd0a0a_256x240.png --> ftp.sobrafo.org.br /public_html/webadmin/themes/base/images ui-icons_cd0a0a_256x240.png
2011.02.24 20:40 B E:\web\sobrafo\webadmin\themes\base\images\WS_FTP.LOG <-- sobrafo /public_html/webadmin/themes/base/images WS_FTP.LOG
2011.03.18 11:34 B E:\web\sobrafo\webadmin\themes\base\images\WS_FTP.LOG --> ftp.sbrafh.org.br /sbrafh/Web/congresso/webadmin/themes/base/images WS_FTP.LOG
2011.03.18 11:34 B E:\web\sobrafo\webadmin\themes\base\images\ui-icons_cd0a0a_256x240.png --> ftp.sbrafh.org.br /sbrafh/Web/congresso/webadmin/themes/base/images ui-icons_cd0a0a_256x240.png
2011.03.18 11:34 B E:\web\sobrafo\webadmin\themes\base\images\ui-icons_888888_256x240.png --> ftp.sbrafh.org.br /sbrafh/Web/congresso/webadmin/themes/base/images ui-icons_888888_256x240.png
2011.03.18 11:34 B E:\web\sobrafo\webadmin\themes\base\images\ui-icons_454545_256x240.png --> ftp.sbrafh.org.br /sbrafh/Web/congresso/webadmin/themes/base/images ui-icons_454545_256x240.png
2011.03.18 11:34 B E:\web\sobrafo\webadmin\themes\base\images\ui-icons_2e83ff_256x240.png --> ftp.sbrafh.org.br /sbrafh/Web/congresso/webadmin/themes/base/images ui-icons_2e83ff_256x240.png
2011.03.18 11:34 B E:\web\sobrafo\webadmin\themes\base\images\ui-icons_222222_256x240.png --> ftp.sbrafh.org.br /sbrafh/Web/congresso/webadmin/themes/base/images ui-icons_222222_256x240.png
2011.03.18 11:34 B E:\web\sobrafo\webadmin\themes\base\images\ui-bg_highlight-soft_75_cccccc_1x100.png --> ftp.sbrafh.org.br /sbrafh/Web/congresso/webadmin/themes/base/images ui-bg_highlight-soft_75_cccccc_1x100.png
2011.03.18 11:34 B E:\web\sobrafo\webadmin\themes\base\images\ui-bg_glass_95_fef1ec_1x400.png --> ftp.sbrafh.org.br /sbrafh/Web/congresso/webadmin/themes/base/images ui-bg_glass_95_fef1ec_1x400.png
2011.03.18 11:34 B E:\web\sobrafo\webadmin\themes\base\images\ui-bg_glass_75_e6e6e6_1x400.png --> ftp.sbrafh.org.br /sbrafh/Web/congresso/webadmin/themes/base/images ui-bg_glass_75_e6e6e6_1x400.png
2011.03.18 11:34 B E:\web\sobrafo\webadmin\themes\base\images\ui-bg_glass_75_dadada_1x400.png --> ftp.sbrafh.org.br /sbrafh/Web/congresso/webadmin/themes/base/images ui-bg_glass_75_dadada_1x400.png
2011.03.18 11:34 B E:\web\sobrafo\webadmin\themes\base\images\ui-bg_glass_65_ffffff_1x400.png --> ftp.sbrafh.org.br /sbrafh/Web/congresso/webadmin/themes/base/images ui-bg_glass_65_ffffff_1x400.png
2011.03.18 11:34 B E:\web\sobrafo\webadmin\themes\base\images\ui-bg_glass_55_fbf9ee_1x400.png --> ftp.sbrafh.org.br /sbrafh/Web/congresso/webadmin/themes/base/images ui-bg_glass_55_fbf9ee_1x400.png
2011.03.18 11:34 B E:\web\sobrafo\webadmin\themes\base\images\ui-bg_flat_75_ffffff_40x100.png --> ftp.sbrafh.org.br /sbrafh/Web/congresso/webadmin/themes/base/images ui-bg_flat_75_ffffff_40x100.png
2011.03.18 11:34 B E:\web\sobrafo\webadmin\themes\base\images\ui-bg_flat_0_aaaaaa_40x100.png --> ftp.sbrafh.org.br /sbrafh/Web/congresso/webadmin/themes/base/images ui-bg_flat_0_aaaaaa_40x100.png
2011.07.29 21:26 B F:\xampp\htdocs\jsLibrary\themes\base\images\ui-bg_flat_0_aaaaaa_40x100.png --> ftp.sobrafo.org.br /public_html/jsLibrary/themes/base/images ui-bg_flat_0_aaaaaa_40x100.png
2011.07.29 21:26 B F:\xampp\htdocs\jsLibrary\themes\base\images\ui-bg_flat_75_ffffff_40x100.png --> ftp.sobrafo.org.br /public_html/jsLibrary/themes/base/images ui-bg_flat_75_ffffff_40x100.png
2011.07.29 21:26 B F:\xampp\htdocs\jsLibrary\themes\base\images\ui-bg_glass_55_fbf9ee_1x400.png --> ftp.sobrafo.org.br /public_html/jsLibrary/themes/base/images ui-bg_glass_55_fbf9ee_1x400.png
2011.07.29 21:26 B F:\xampp\htdocs\jsLibrary\themes\base\images\ui-bg_glass_65_ffffff_1x400.png --> ftp.sobrafo.org.br /public_html/jsLibrary/themes/base/images ui-bg_glass_65_ffffff_1x400.png
2011.07.29 21:26 B F:\xampp\htdocs\jsLibrary\themes\base\images\ui-bg_glass_75_dadada_1x400.png --> ftp.sobrafo.org.br /public_html/jsLibrary/themes/base/images ui-bg_glass_75_dadada_1x400.png
2011.07.29 21:26 B F:\xampp\htdocs\jsLibrary\themes\base\images\ui-bg_glass_75_e6e6e6_1x400.png --> ftp.sobrafo.org.br /public_html/jsLibrary/themes/base/images ui-bg_glass_75_e6e6e6_1x400.png
2011.07.29 21:26 B F:\xampp\htdocs\jsLibrary\themes\base\images\ui-bg_glass_95_fef1ec_1x400.png --> ftp.sobrafo.org.br /public_html/jsLibrary/themes/base/images ui-bg_glass_95_fef1ec_1x400.png
2011.07.29 21:26 B F:\xampp\htdocs\jsLibrary\themes\base\images\ui-bg_highlight-soft_75_cccccc_1x100.png --> ftp.sobrafo.org.br /public_html/jsLibrary/themes/base/images ui-bg_highlight-soft_75_cccccc_1x100.png
2011.07.29 21:26 B F:\xampp\htdocs\jsLibrary\themes\base\images\ui-icons_222222_256x240.png --> ftp.sobrafo.org.br /public_html/jsLibrary/themes/base/images ui-icons_222222_256x240.png
2011.07.29 21:26 B F:\xampp\htdocs\jsLibrary\themes\base\images\ui-icons_2e83ff_256x240.png --> ftp.sobrafo.org.br /public_html/jsLibrary/themes/base/images ui-icons_2e83ff_256x240.png
2011.07.29 21:26 B F:\xampp\htdocs\jsLibrary\themes\base\images\ui-icons_454545_256x240.png --> ftp.sobrafo.org.br /public_html/jsLibrary/themes/base/images ui-icons_454545_256x240.png
2011.07.29 21:26 B F:\xampp\htdocs\jsLibrary\themes\base\images\ui-icons_888888_256x240.png --> ftp.sobrafo.org.br /public_html/jsLibrary/themes/base/images ui-icons_888888_256x240.png
2011.07.29 21:26 B F:\xampp\htdocs\jsLibrary\themes\base\images\ui-icons_cd0a0a_256x240.png --> ftp.sobrafo.org.br /public_html/jsLibrary/themes/base/images ui-icons_cd0a0a_256x240.png
2011.07.29 21:26 B F:\xampp\htdocs\jsLibrary\themes\base\images\WS_FTP.LOG --> ftp.sobrafo.org.br /public_html/jsLibrary/themes/base/images WS_FTP.LOG
2011.08.05 01:09 B F:\xampp\htdocs\jsLibrary\themes\base\images\ui-bg_flat_0_aaaaaa_40x100.png --> ftp.portalridgid.com.br /public_html/jsLibrary/themes/base/images ui-bg_flat_0_aaaaaa_40x100.png
2011.08.05 01:09 B F:\xampp\htdocs\jsLibrary\themes\base\images\ui-bg_flat_75_ffffff_40x100.png --> ftp.portalridgid.com.br /public_html/jsLibrary/themes/base/images ui-bg_flat_75_ffffff_40x100.png
2011.08.05 01:09 B F:\xampp\htdocs\jsLibrary\themes\base\images\ui-bg_glass_55_fbf9ee_1x400.png --> ftp.portalridgid.com.br /public_html/jsLibrary/themes/base/images ui-bg_glass_55_fbf9ee_1x400.png
2011.08.05 01:09 B F:\xampp\htdocs\jsLibrary\themes\base\images\ui-bg_glass_65_ffffff_1x400.png --> ftp.portalridgid.com.br /public_html/jsLibrary/themes/base/images ui-bg_glass_65_ffffff_1x400.png
2011.08.05 01:09 B F:\xampp\htdocs\jsLibrary\themes\base\images\ui-bg_glass_75_dadada_1x400.png --> ftp.portalridgid.com.br /public_html/jsLibrary/themes/base/images ui-bg_glass_75_dadada_1x400.png
2011.08.05 01:09 B F:\xampp\htdocs\jsLibrary\themes\base\images\ui-bg_glass_75_e6e6e6_1x400.png --> ftp.portalridgid.com.br /public_html/jsLibrary/themes/base/images ui-bg_glass_75_e6e6e6_1x400.png
2011.08.05 01:09 B F:\xampp\htdocs\jsLibrary\themes\base\images\ui-bg_glass_95_fef1ec_1x400.png --> ftp.portalridgid.com.br /public_html/jsLibrary/themes/base/images ui-bg_glass_95_fef1ec_1x400.png
2011.08.05 01:09 B F:\xampp\htdocs\jsLibrary\themes\base\images\ui-bg_highlight-soft_75_cccccc_1x100.png --> ftp.portalridgid.com.br /public_html/jsLibrary/themes/base/images ui-bg_highlight-soft_75_cccccc_1x100.png
2011.08.05 01:09 B F:\xampp\htdocs\jsLibrary\themes\base\images\ui-icons_222222_256x240.png --> ftp.portalridgid.com.br /public_html/jsLibrary/themes/base/images ui-icons_222222_256x240.png
2011.08.05 01:09 B F:\xampp\htdocs\jsLibrary\themes\base\images\ui-icons_2e83ff_256x240.png --> ftp.portalridgid.com.br /public_html/jsLibrary/themes/base/images ui-icons_2e83ff_256x240.png
2011.08.05 01:09 B F:\xampp\htdocs\jsLibrary\themes\base\images\ui-icons_454545_256x240.png --> ftp.portalridgid.com.br /public_html/jsLibrary/themes/base/images ui-icons_454545_256x240.png
2011.08.05 01:09 B F:\xampp\htdocs\jsLibrary\themes\base\images\ui-icons_888888_256x240.png --> ftp.portalridgid.com.br /public_html/jsLibrary/themes/base/images ui-icons_888888_256x240.png
2011.08.05 01:09 B F:\xampp\htdocs\jsLibrary\themes\base\images\ui-icons_cd0a0a_256x240.png --> ftp.portalridgid.com.br /public_html/jsLibrary/themes/base/images ui-icons_cd0a0a_256x240.png
2011.08.05 01:09 B F:\xampp\htdocs\jsLibrary\themes\base\images\WS_FTP.LOG --> ftp.portalridgid.com.br /public_html/jsLibrary/themes/base/images WS_FTP.LOG
2011.08.09 16:31 B F:\xampp\htdocs\jsLibrary\themes\base\images\ui-bg_flat_0_aaaaaa_40x100.png --> ftp.amfar.com.br /public_html/jsLibrary/themes/base/images ui-bg_flat_0_aaaaaa_40x100.png
2011.08.09 16:31 B F:\xampp\htdocs\jsLibrary\themes\base\images\ui-bg_flat_75_ffffff_40x100.png --> ftp.amfar.com.br /public_html/jsLibrary/themes/base/images ui-bg_flat_75_ffffff_40x100.png
2011.08.09 16:31 B F:\xampp\htdocs\jsLibrary\themes\base\images\ui-bg_glass_55_fbf9ee_1x400.png --> ftp.amfar.com.br /public_html/jsLibrary/themes/base/images ui-bg_glass_55_fbf9ee_1x400.png
2011.08.09 16:31 B F:\xampp\htdocs\jsLibrary\themes\base\images\ui-bg_glass_65_ffffff_1x400.png --> ftp.amfar.com.br /public_html/jsLibrary/themes/base/images ui-bg_glass_65_ffffff_1x400.png
2011.08.09 16:31 B F:\xampp\htdocs\jsLibrary\themes\base\images\ui-bg_glass_75_dadada_1x400.png --> ftp.amfar.com.br /public_html/jsLibrary/themes/base/images ui-bg_glass_75_dadada_1x400.png
2011.08.09 16:31 B F:\xampp\htdocs\jsLibrary\themes\base\images\ui-bg_glass_75_e6e6e6_1x400.png --> ftp.amfar.com.br /public_html/jsLibrary/themes/base/images ui-bg_glass_75_e6e6e6_1x400.png
2011.08.09 16:31 B F:\xampp\htdocs\jsLibrary\themes\base\images\ui-bg_glass_95_fef1ec_1x400.png --> ftp.amfar.com.br /public_html/jsLibrary/themes/base/images ui-bg_glass_95_fef1ec_1x400.png
2011.08.09 16:31 B F:\xampp\htdocs\jsLibrary\themes\base\images\ui-bg_highlight-soft_75_cccccc_1x100.png --> ftp.amfar.com.br /public_html/jsLibrary/themes/base/images ui-bg_highlight-soft_75_cccccc_1x100.png
2011.08.09 16:31 B F:\xampp\htdocs\jsLibrary\themes\base\images\ui-icons_222222_256x240.png --> ftp.amfar.com.br /public_html/jsLibrary/themes/base/images ui-icons_222222_256x240.png
2011.08.09 16:31 B F:\xampp\htdocs\jsLibrary\themes\base\images\ui-icons_2e83ff_256x240.png --> ftp.amfar.com.br /public_html/jsLibrary/themes/base/images ui-icons_2e83ff_256x240.png
2011.08.09 16:31 B F:\xampp\htdocs\jsLibrary\themes\base\images\ui-icons_454545_256x240.png --> ftp.amfar.com.br /public_html/jsLibrary/themes/base/images ui-icons_454545_256x240.png
2011.08.09 16:31 B F:\xampp\htdocs\jsLibrary\themes\base\images\ui-icons_888888_256x240.png --> ftp.amfar.com.br /public_html/jsLibrary/themes/base/images ui-icons_888888_256x240.png
2011.08.09 16:31 B F:\xampp\htdocs\jsLibrary\themes\base\images\ui-icons_cd0a0a_256x240.png --> ftp.amfar.com.br /public_html/jsLibrary/themes/base/images ui-icons_cd0a0a_256x240.png
