2011.06.20 18:30 B F:\xampp\htdocs\zf-tutorial\library\Zend\Amf\Parse\Amf0\Deserializer.php --> ftp.portalridgid.com.br /public_html/zf-tutorial/library/Zend/Amf/Parse/Amf0 Deserializer.php
2011.06.20 18:30 B F:\xampp\htdocs\zf-tutorial\library\Zend\Amf\Parse\Amf0\Serializer.php --> ftp.portalridgid.com.br /public_html/zf-tutorial/library/Zend/Amf/Parse/Amf0 Serializer.php
2011.06.30 03:46 B F:\xampp\htdocs\zendLibrary\Zend\Amf\Parse\Amf0\WS_FTP.LOG --> ftp.sbrafh.org.br /sbrafh/Web/zendLibrary/Zend/Amf/Parse/Amf0 WS_FTP.LOG
2011.06.30 03:46 B F:\xampp\htdocs\zendLibrary\Zend\Amf\Parse\Amf0\Serializer.php --> ftp.sbrafh.org.br /sbrafh/Web/zendLibrary/Zend/Amf/Parse/Amf0 Serializer.php
2011.06.30 03:46 B F:\xampp\htdocs\zendLibrary\Zend\Amf\Parse\Amf0\Deserializer.php --> ftp.sbrafh.org.br /sbrafh/Web/zendLibrary/Zend/Amf/Parse/Amf0 Deserializer.php
2011.07.08 23:43 B F:\xampp\htdocs\zendLibrary\Zend\Amf\Parse\Amf0\Deserializer.php --> ftp.radiofone.com.br /public_html/radiofone/zendLibrary/Zend/Amf/Parse/Amf0 Deserializer.php
2011.07.08 23:43 B F:\xampp\htdocs\zendLibrary\Zend\Amf\Parse\Amf0\Serializer.php --> ftp.radiofone.com.br /public_html/radiofone/zendLibrary/Zend/Amf/Parse/Amf0 Serializer.php
2011.07.08 23:43 B F:\xampp\htdocs\zendLibrary\Zend\Amf\Parse\Amf0\WS_FTP.LOG --> ftp.radiofone.com.br /public_html/radiofone/zendLibrary/Zend/Amf/Parse/Amf0 WS_FTP.LOG
2011.07.09 00:44 B F:\xampp\htdocs\zendLibrary\Zend\Amf\Parse\Amf0\WS_FTP.LOG --> ftp.radiofone.com.br /public_html/radiofone/zendLibrary/Zend/Amf/Parse/Amf0 WS_FTP.LOG
2011.07.26 22:43 B F:\xampp\htdocs\zendLibrary\Zend\Amf\Parse\Amf0\Deserializer.php --> ftp.sobrafo.org.br /public_html/zendLibrary/Zend/Amf/Parse/Amf0 Deserializer.php
2011.07.26 22:43 B F:\xampp\htdocs\zendLibrary\Zend\Amf\Parse\Amf0\Serializer.php --> ftp.sobrafo.org.br /public_html/zendLibrary/Zend/Amf/Parse/Amf0 Serializer.php
2011.07.26 22:43 B F:\xampp\htdocs\zendLibrary\Zend\Amf\Parse\Amf0\WS_FTP.LOG --> ftp.sobrafo.org.br /public_html/zendLibrary/Zend/Amf/Parse/Amf0 WS_FTP.LOG
2011.08.05 00:58 B F:\xampp\htdocs\ZendLibrary\Zend\Amf\Parse\Amf0\WS_FTP.LOG --> ftp.portalridgid.com.br /public_html/zendLibrary/Zend/Amf/Parse/Amf0 WS_FTP.LOG
2011.08.09 16:53 B F:\xampp\htdocs\ZendLibrary\Zend\Amf\Parse\Amf0\Deserializer.php --> ftp.amfar.com.br /public_html/ZendLibrary/Zend/Amf/Parse/Amf0 Deserializer.php
2011.08.09 16:53 B F:\xampp\htdocs\ZendLibrary\Zend\Amf\Parse\Amf0\Serializer.php --> ftp.amfar.com.br /public_html/ZendLibrary/Zend/Amf/Parse/Amf0 Serializer.php
2011.08.09 16:53 B F:\xampp\htdocs\ZendLibrary\Zend\Amf\Parse\Amf0\WS_FTP.LOG --> ftp.amfar.com.br /public_html/ZendLibrary/Zend/Amf/Parse/Amf0 WS_FTP.LOG
2011.08.22 20:55 B X:\xampp\htdocs\ZendLibrary\Zend\Amf\Parse\Amf0\Deserializer.php --> ftp.jairodepaula.com.br /jairodepaula/web/ZendLibrary/Zend/Amf/Parse/Amf0 Deserializer.php
2011.08.22 20:55 B X:\xampp\htdocs\ZendLibrary\Zend\Amf\Parse\Amf0\Serializer.php --> ftp.jairodepaula.com.br /jairodepaula/web/ZendLibrary/Zend/Amf/Parse/Amf0 Serializer.php
2011.08.22 20:55 B X:\xampp\htdocs\ZendLibrary\Zend\Amf\Parse\Amf0\WS_FTP.LOG --> ftp.jairodepaula.com.br /jairodepaula/web/ZendLibrary/Zend/Amf/Parse/Amf0 WS_FTP.LOG
2011.12.31 14:46 B F:\xampp\htdocs\ZendLibrary\Zend\Amf\Parse\Amf0\Deserializer.php --> ftp.sbrafh.org.br /public_html/ZendLibrary/Zend/Amf/Parse/Amf0 Deserializer.php
2011.12.31 14:46 B F:\xampp\htdocs\ZendLibrary\Zend\Amf\Parse\Amf0\Serializer.php --> ftp.sbrafh.org.br /public_html/ZendLibrary/Zend/Amf/Parse/Amf0 Serializer.php
2011.12.31 14:46 B F:\xampp\htdocs\ZendLibrary\Zend\Amf\Parse\Amf0\WS_FTP.LOG --> ftp.sbrafh.org.br /public_html/ZendLibrary/Zend/Amf/Parse/Amf0 WS_FTP.LOG
2012.01.06 03:14 B F:\xampp\htdocs\ZendLibrary\Zend\Amf\Parse\Amf0\Deserializer.php --> ftp461.locaweb.com.br /ridgid/web/ZendLibrary/Zend/Amf/Parse/Amf0 Deserializer.php
2012.01.06 03:14 B F:\xampp\htdocs\ZendLibrary\Zend\Amf\Parse\Amf0\Serializer.php --> ftp461.locaweb.com.br /ridgid/web/ZendLibrary/Zend/Amf/Parse/Amf0 Serializer.php
2012.01.06 03:14 B F:\xampp\htdocs\ZendLibrary\Zend\Amf\Parse\Amf0\WS_FTP.LOG --> ftp461.locaweb.com.br /ridgid/web/ZendLibrary/Zend/Amf/Parse/Amf0 WS_FTP.LOG
2012.01.24 17:27 B F:\xampp\htdocs\ZendLibrary\Zend\Amf\Parse\Amf0\Deserializer.php --> graficamarmar.com.br /htdocs/ZendLibrary/Zend/Amf/Parse/Amf0 Deserializer.php
2012.01.24 17:27 B F:\xampp\htdocs\ZendLibrary\Zend\Amf\Parse\Amf0\Serializer.php --> graficamarmar.com.br /htdocs/ZendLibrary/Zend/Amf/Parse/Amf0 Serializer.php
2012.01.24 17:27 B F:\xampp\htdocs\ZendLibrary\Zend\Amf\Parse\Amf0\WS_FTP.LOG --> graficamarmar.com.br /htdocs/ZendLibrary/Zend/Amf/Parse/Amf0 WS_FTP.LOG
2012.02.08 17:03 B F:\xampp\htdocs\ZendLibrary\Zend\Amf\Parse\Amf0\Deserializer.php --> graficamarmar.hospedagemdesites.ws /public_html/ZendLibrary/Zend/Amf/Parse/Amf0 Deserializer.php
2012.02.08 17:03 B F:\xampp\htdocs\ZendLibrary\Zend\Amf\Parse\Amf0\Serializer.php --> graficamarmar.hospedagemdesites.ws /public_html/ZendLibrary/Zend/Amf/Parse/Amf0 Serializer.php
2012.02.08 17:03 B F:\xampp\htdocs\ZendLibrary\Zend\Amf\Parse\Amf0\WS_FTP.LOG --> graficamarmar.hospedagemdesites.ws /public_html/ZendLibrary/Zend/Amf/Parse/Amf0 WS_FTP.LOG
2012.10.29 14:39 B F:\xampp\htdocs\ZendLibrary\Zend\Amf\Parse\Amf0\Deserializer.php --> 186.202.153.85 /public_html/ZendLibrary/Zend/Amf/Parse/Amf0 Deserializer.php
2012.10.29 14:39 B F:\xampp\htdocs\ZendLibrary\Zend\Amf\Parse\Amf0\Serializer.php --> 186.202.153.85 /public_html/ZendLibrary/Zend/Amf/Parse/Amf0 Serializer.php
2012.10.29 14:39 B F:\xampp\htdocs\ZendLibrary\Zend\Amf\Parse\Amf0\WS_FTP.LOG --> 186.202.153.85 /public_html/ZendLibrary/Zend/Amf/Parse/Amf0 WS_FTP.LOG
