2011.06.20 18:53 B F:\xampp\htdocs\zf-tutorial\library\Zend\Service\DeveloperGarden\Response\VoiceButler\CallStatus2Response.php --> ftp.portalridgid.com.br /public_html/zf-tutorial/library/Zend/Service/DeveloperGarden/Response/VoiceButler CallStatus2Response.php
2011.06.20 18:53 B F:\xampp\htdocs\zf-tutorial\library\Zend\Service\DeveloperGarden\Response\VoiceButler\CallStatusResponse.php --> ftp.portalridgid.com.br /public_html/zf-tutorial/library/Zend/Service/DeveloperGarden/Response/VoiceButler CallStatusResponse.php
2011.06.20 18:53 B F:\xampp\htdocs\zf-tutorial\library\Zend\Service\DeveloperGarden\Response\VoiceButler\NewCallResponse.php --> ftp.portalridgid.com.br /public_html/zf-tutorial/library/Zend/Service/DeveloperGarden/Response/VoiceButler NewCallResponse.php
2011.06.20 18:53 B F:\xampp\htdocs\zf-tutorial\library\Zend\Service\DeveloperGarden\Response\VoiceButler\NewCallSequencedResponse.php --> ftp.portalridgid.com.br /public_html/zf-tutorial/library/Zend/Service/DeveloperGarden/Response/VoiceButler NewCallSequencedResponse.php
2011.06.20 18:53 B F:\xampp\htdocs\zf-tutorial\library\Zend\Service\DeveloperGarden\Response\VoiceButler\TearDownCallResponse.php --> ftp.portalridgid.com.br /public_html/zf-tutorial/library/Zend/Service/DeveloperGarden/Response/VoiceButler TearDownCallResponse.php
2011.06.20 18:53 B F:\xampp\htdocs\zf-tutorial\library\Zend\Service\DeveloperGarden\Response\VoiceButler\VoiceButlerAbstract.php --> ftp.portalridgid.com.br /public_html/zf-tutorial/library/Zend/Service/DeveloperGarden/Response/VoiceButler VoiceButlerAbstract.php
2011.06.30 03:14 B F:\xampp\htdocs\zendLibrary\Zend\Service\DeveloperGarden\Response\VoiceButler\WS_FTP.LOG --> ftp.sbrafh.org.br /sbrafh/Web/zendLibrary/Zend/Service/DeveloperGarden/Response/VoiceButler WS_FTP.LOG
2011.06.30 03:14 B F:\xampp\htdocs\zendLibrary\Zend\Service\DeveloperGarden\Response\VoiceButler\VoiceButlerAbstract.php --> ftp.sbrafh.org.br /sbrafh/Web/zendLibrary/Zend/Service/DeveloperGarden/Response/VoiceButler VoiceButlerAbstract.php
2011.06.30 03:14 B F:\xampp\htdocs\zendLibrary\Zend\Service\DeveloperGarden\Response\VoiceButler\TearDownCallResponse.php --> ftp.sbrafh.org.br /sbrafh/Web/zendLibrary/Zend/Service/DeveloperGarden/Response/VoiceButler TearDownCallResponse.php
2011.06.30 03:14 B F:\xampp\htdocs\zendLibrary\Zend\Service\DeveloperGarden\Response\VoiceButler\NewCallSequencedResponse.php --> ftp.sbrafh.org.br /sbrafh/Web/zendLibrary/Zend/Service/DeveloperGarden/Response/VoiceButler NewCallSequencedResponse.php
2011.06.30 03:14 B F:\xampp\htdocs\zendLibrary\Zend\Service\DeveloperGarden\Response\VoiceButler\NewCallResponse.php --> ftp.sbrafh.org.br /sbrafh/Web/zendLibrary/Zend/Service/DeveloperGarden/Response/VoiceButler NewCallResponse.php
2011.06.30 03:14 B F:\xampp\htdocs\zendLibrary\Zend\Service\DeveloperGarden\Response\VoiceButler\CallStatusResponse.php --> ftp.sbrafh.org.br /sbrafh/Web/zendLibrary/Zend/Service/DeveloperGarden/Response/VoiceButler CallStatusResponse.php
2011.06.30 03:14 B F:\xampp\htdocs\zendLibrary\Zend\Service\DeveloperGarden\Response\VoiceButler\CallStatus2Response.php --> ftp.sbrafh.org.br /sbrafh/Web/zendLibrary/Zend/Service/DeveloperGarden/Response/VoiceButler CallStatus2Response.php
2011.07.09 00:19 B F:\xampp\htdocs\zendLibrary\Zend\Service\DeveloperGarden\Response\VoiceButler\CallStatus2Response.php --> ftp.radiofone.com.br /public_html/radiofone/zendLibrary/Zend/Service/DeveloperGarden/Response/VoiceButler CallStatus2Response.php
2011.07.09 00:19 B F:\xampp\htdocs\zendLibrary\Zend\Service\DeveloperGarden\Response\VoiceButler\CallStatusResponse.php --> ftp.radiofone.com.br /public_html/radiofone/zendLibrary/Zend/Service/DeveloperGarden/Response/VoiceButler CallStatusResponse.php
2011.07.09 00:19 B F:\xampp\htdocs\zendLibrary\Zend\Service\DeveloperGarden\Response\VoiceButler\NewCallResponse.php --> ftp.radiofone.com.br /public_html/radiofone/zendLibrary/Zend/Service/DeveloperGarden/Response/VoiceButler NewCallResponse.php
2011.07.09 00:19 B F:\xampp\htdocs\zendLibrary\Zend\Service\DeveloperGarden\Response\VoiceButler\NewCallSequencedResponse.php --> ftp.radiofone.com.br /public_html/radiofone/zendLibrary/Zend/Service/DeveloperGarden/Response/VoiceButler NewCallSequencedResponse.php
2011.07.09 00:19 B F:\xampp\htdocs\zendLibrary\Zend\Service\DeveloperGarden\Response\VoiceButler\TearDownCallResponse.php --> ftp.radiofone.com.br /public_html/radiofone/zendLibrary/Zend/Service/DeveloperGarden/Response/VoiceButler TearDownCallResponse.php
2011.07.09 00:19 B F:\xampp\htdocs\zendLibrary\Zend\Service\DeveloperGarden\Response\VoiceButler\VoiceButlerAbstract.php --> ftp.radiofone.com.br /public_html/radiofone/zendLibrary/Zend/Service/DeveloperGarden/Response/VoiceButler VoiceButlerAbstract.php
2011.07.09 00:19 B F:\xampp\htdocs\zendLibrary\Zend\Service\DeveloperGarden\Response\VoiceButler\WS_FTP.LOG --> ftp.radiofone.com.br /public_html/radiofone/zendLibrary/Zend/Service/DeveloperGarden/Response/VoiceButler WS_FTP.LOG
2011.07.26 23:08 B F:\xampp\htdocs\zendLibrary\Zend\Service\DeveloperGarden\Response\VoiceButler\CallStatus2Response.php --> ftp.sobrafo.org.br /public_html/zendLibrary/Zend/Service/DeveloperGarden/Response/VoiceButler CallStatus2Response.php
2011.07.26 23:08 B F:\xampp\htdocs\zendLibrary\Zend\Service\DeveloperGarden\Response\VoiceButler\CallStatusResponse.php --> ftp.sobrafo.org.br /public_html/zendLibrary/Zend/Service/DeveloperGarden/Response/VoiceButler CallStatusResponse.php
2011.07.26 23:08 B F:\xampp\htdocs\zendLibrary\Zend\Service\DeveloperGarden\Response\VoiceButler\NewCallResponse.php --> ftp.sobrafo.org.br /public_html/zendLibrary/Zend/Service/DeveloperGarden/Response/VoiceButler NewCallResponse.php
2011.07.26 23:08 B F:\xampp\htdocs\zendLibrary\Zend\Service\DeveloperGarden\Response\VoiceButler\NewCallSequencedResponse.php --> ftp.sobrafo.org.br /public_html/zendLibrary/Zend/Service/DeveloperGarden/Response/VoiceButler NewCallSequencedResponse.php
2011.07.26 23:08 B F:\xampp\htdocs\zendLibrary\Zend\Service\DeveloperGarden\Response\VoiceButler\TearDownCallResponse.php --> ftp.sobrafo.org.br /public_html/zendLibrary/Zend/Service/DeveloperGarden/Response/VoiceButler TearDownCallResponse.php
2011.07.26 23:08 B F:\xampp\htdocs\zendLibrary\Zend\Service\DeveloperGarden\Response\VoiceButler\VoiceButlerAbstract.php --> ftp.sobrafo.org.br /public_html/zendLibrary/Zend/Service/DeveloperGarden/Response/VoiceButler VoiceButlerAbstract.php
2011.07.26 23:08 B F:\xampp\htdocs\zendLibrary\Zend\Service\DeveloperGarden\Response\VoiceButler\WS_FTP.LOG --> ftp.sobrafo.org.br /public_html/zendLibrary/Zend/Service/DeveloperGarden/Response/VoiceButler WS_FTP.LOG
2011.08.09 17:28 B F:\xampp\htdocs\ZendLibrary\Zend\Service\DeveloperGarden\Response\VoiceButler\CallStatus2Response.php --> ftp.amfar.com.br /public_html/ZendLibrary/Zend/Service/DeveloperGarden/Response/VoiceButler CallStatus2Response.php
2011.08.09 17:28 B F:\xampp\htdocs\ZendLibrary\Zend\Service\DeveloperGarden\Response\VoiceButler\CallStatusResponse.php --> ftp.amfar.com.br /public_html/ZendLibrary/Zend/Service/DeveloperGarden/Response/VoiceButler CallStatusResponse.php
2011.08.09 17:28 B F:\xampp\htdocs\ZendLibrary\Zend\Service\DeveloperGarden\Response\VoiceButler\NewCallResponse.php --> ftp.amfar.com.br /public_html/ZendLibrary/Zend/Service/DeveloperGarden/Response/VoiceButler NewCallResponse.php
2011.08.09 17:28 B F:\xampp\htdocs\ZendLibrary\Zend\Service\DeveloperGarden\Response\VoiceButler\NewCallSequencedResponse.php --> ftp.amfar.com.br /public_html/ZendLibrary/Zend/Service/DeveloperGarden/Response/VoiceButler NewCallSequencedResponse.php
2011.08.09 17:28 B F:\xampp\htdocs\ZendLibrary\Zend\Service\DeveloperGarden\Response\VoiceButler\TearDownCallResponse.php --> ftp.amfar.com.br /public_html/ZendLibrary/Zend/Service/DeveloperGarden/Response/VoiceButler TearDownCallResponse.php
2011.08.09 17:29 B F:\xampp\htdocs\ZendLibrary\Zend\Service\DeveloperGarden\Response\VoiceButler\VoiceButlerAbstract.php --> ftp.amfar.com.br /public_html/ZendLibrary/Zend/Service/DeveloperGarden/Response/VoiceButler VoiceButlerAbstract.php
