2011.06.20 18:56 B F:\xampp\htdocs\zf-tutorial\library\Zend\Tool\Framework\System\Provider\Config.php --> ftp.portalridgid.com.br /public_html/zf-tutorial/library/Zend/Tool/Framework/System/Provider Config.php
2011.06.20 18:56 B F:\xampp\htdocs\zf-tutorial\library\Zend\Tool\Framework\System\Provider\Manifest.php --> ftp.portalridgid.com.br /public_html/zf-tutorial/library/Zend/Tool/Framework/System/Provider Manifest.php
2011.06.20 18:56 B F:\xampp\htdocs\zf-tutorial\library\Zend\Tool\Framework\System\Provider\Phpinfo.php --> ftp.portalridgid.com.br /public_html/zf-tutorial/library/Zend/Tool/Framework/System/Provider Phpinfo.php
2011.06.20 18:56 B F:\xampp\htdocs\zf-tutorial\library\Zend\Tool\Framework\System\Provider\Version.php --> ftp.portalridgid.com.br /public_html/zf-tutorial/library/Zend/Tool/Framework/System/Provider Version.php
2011.06.30 03:48 B F:\xampp\htdocs\zendLibrary\Zend\Tool\Framework\System\Provider\WS_FTP.LOG --> ftp.sbrafh.org.br /sbrafh/Web/zendLibrary/Zend/Tool/Framework/System/Provider WS_FTP.LOG
2011.06.30 03:48 B F:\xampp\htdocs\zendLibrary\Zend\Tool\Framework\System\Provider\Phpinfo.php --> ftp.sbrafh.org.br /sbrafh/Web/zendLibrary/Zend/Tool/Framework/System/Provider Phpinfo.php
2011.06.30 03:48 B F:\xampp\htdocs\zendLibrary\Zend\Tool\Framework\System\Provider\Version.php --> ftp.sbrafh.org.br /sbrafh/Web/zendLibrary/Zend/Tool/Framework/System/Provider Version.php
2011.06.30 03:48 B F:\xampp\htdocs\zendLibrary\Zend\Tool\Framework\System\Provider\Manifest.php --> ftp.sbrafh.org.br /sbrafh/Web/zendLibrary/Zend/Tool/Framework/System/Provider Manifest.php
2011.06.30 03:48 B F:\xampp\htdocs\zendLibrary\Zend\Tool\Framework\System\Provider\Config.php --> ftp.sbrafh.org.br /sbrafh/Web/zendLibrary/Zend/Tool/Framework/System/Provider Config.php
2011.07.09 00:23 B F:\xampp\htdocs\zendLibrary\Zend\Tool\Framework\System\Provider\Config.php --> ftp.radiofone.com.br /public_html/radiofone/zendLibrary/Zend/Tool/Framework/System/Provider Config.php
2011.07.09 00:23 B F:\xampp\htdocs\zendLibrary\Zend\Tool\Framework\System\Provider\Manifest.php --> ftp.radiofone.com.br /public_html/radiofone/zendLibrary/Zend/Tool/Framework/System/Provider Manifest.php
2011.07.09 00:23 B F:\xampp\htdocs\zendLibrary\Zend\Tool\Framework\System\Provider\Phpinfo.php --> ftp.radiofone.com.br /public_html/radiofone/zendLibrary/Zend/Tool/Framework/System/Provider Phpinfo.php
2011.07.09 00:23 B F:\xampp\htdocs\zendLibrary\Zend\Tool\Framework\System\Provider\Version.php --> ftp.radiofone.com.br /public_html/radiofone/zendLibrary/Zend/Tool/Framework/System/Provider Version.php
2011.07.09 00:23 B F:\xampp\htdocs\zendLibrary\Zend\Tool\Framework\System\Provider\WS_FTP.LOG --> ftp.radiofone.com.br /public_html/radiofone/zendLibrary/Zend/Tool/Framework/System/Provider WS_FTP.LOG
2011.07.26 23:12 B F:\xampp\htdocs\zendLibrary\Zend\Tool\Framework\System\Provider\Config.php --> ftp.sobrafo.org.br /public_html/zendLibrary/Zend/Tool/Framework/System/Provider Config.php
2011.07.26 23:12 B F:\xampp\htdocs\zendLibrary\Zend\Tool\Framework\System\Provider\Manifest.php --> ftp.sobrafo.org.br /public_html/zendLibrary/Zend/Tool/Framework/System/Provider Manifest.php
2011.07.26 23:12 B F:\xampp\htdocs\zendLibrary\Zend\Tool\Framework\System\Provider\Phpinfo.php --> ftp.sobrafo.org.br /public_html/zendLibrary/Zend/Tool/Framework/System/Provider Phpinfo.php
2011.07.26 23:12 B F:\xampp\htdocs\zendLibrary\Zend\Tool\Framework\System\Provider\Version.php --> ftp.sobrafo.org.br /public_html/zendLibrary/Zend/Tool/Framework/System/Provider Version.php
2011.07.26 23:12 B F:\xampp\htdocs\zendLibrary\Zend\Tool\Framework\System\Provider\WS_FTP.LOG --> ftp.sobrafo.org.br /public_html/zendLibrary/Zend/Tool/Framework/System/Provider WS_FTP.LOG
2011.08.09 17:32 B F:\xampp\htdocs\ZendLibrary\Zend\Tool\Framework\System\Provider\Config.php --> ftp.amfar.com.br /public_html/ZendLibrary/Zend/Tool/Framework/System/Provider Config.php
2011.08.09 17:32 B F:\xampp\htdocs\ZendLibrary\Zend\Tool\Framework\System\Provider\Manifest.php --> ftp.amfar.com.br /public_html/ZendLibrary/Zend/Tool/Framework/System/Provider Manifest.php
2011.08.09 17:32 B F:\xampp\htdocs\ZendLibrary\Zend\Tool\Framework\System\Provider\Phpinfo.php --> ftp.amfar.com.br /public_html/ZendLibrary/Zend/Tool/Framework/System/Provider Phpinfo.php
2011.08.09 17:32 B F:\xampp\htdocs\ZendLibrary\Zend\Tool\Framework\System\Provider\Version.php --> ftp.amfar.com.br /public_html/ZendLibrary/Zend/Tool/Framework/System/Provider Version.php
