2011.06.20 18:55 B F:\xampp\htdocs\zf-tutorial\library\Zend\Tool\Framework\Client\Console\ResponseDecorator\AlignCenter.php --> ftp.portalridgid.com.br /public_html/zf-tutorial/library/Zend/Tool/Framework/Client/Console/ResponseDecorator AlignCenter.php
2011.06.20 18:55 B F:\xampp\htdocs\zf-tutorial\library\Zend\Tool\Framework\Client\Console\ResponseDecorator\Blockize.php --> ftp.portalridgid.com.br /public_html/zf-tutorial/library/Zend/Tool/Framework/Client/Console/ResponseDecorator Blockize.php
2011.06.20 18:55 B F:\xampp\htdocs\zf-tutorial\library\Zend\Tool\Framework\Client\Console\ResponseDecorator\Colorizer.php --> ftp.portalridgid.com.br /public_html/zf-tutorial/library/Zend/Tool/Framework/Client/Console/ResponseDecorator Colorizer.php
2011.06.20 18:55 B F:\xampp\htdocs\zf-tutorial\library\Zend\Tool\Framework\Client\Console\ResponseDecorator\Indention.php --> ftp.portalridgid.com.br /public_html/zf-tutorial/library/Zend/Tool/Framework/Client/Console/ResponseDecorator Indention.php
2011.06.30 03:48 B F:\xampp\htdocs\zendLibrary\Zend\Tool\Framework\Client\Console\ResponseDecorator\WS_FTP.LOG --> ftp.sbrafh.org.br /sbrafh/Web/zendLibrary/Zend/Tool/Framework/Client/Console/ResponseDecorator WS_FTP.LOG
2011.06.30 03:48 B F:\xampp\htdocs\zendLibrary\Zend\Tool\Framework\Client\Console\ResponseDecorator\Indention.php --> ftp.sbrafh.org.br /sbrafh/Web/zendLibrary/Zend/Tool/Framework/Client/Console/ResponseDecorator Indention.php
2011.06.30 03:48 B F:\xampp\htdocs\zendLibrary\Zend\Tool\Framework\Client\Console\ResponseDecorator\Colorizer.php --> ftp.sbrafh.org.br /sbrafh/Web/zendLibrary/Zend/Tool/Framework/Client/Console/ResponseDecorator Colorizer.php
2011.06.30 03:48 B F:\xampp\htdocs\zendLibrary\Zend\Tool\Framework\Client\Console\ResponseDecorator\Blockize.php --> ftp.sbrafh.org.br /sbrafh/Web/zendLibrary/Zend/Tool/Framework/Client/Console/ResponseDecorator Blockize.php
2011.06.30 03:48 B F:\xampp\htdocs\zendLibrary\Zend\Tool\Framework\Client\Console\ResponseDecorator\AlignCenter.php --> ftp.sbrafh.org.br /sbrafh/Web/zendLibrary/Zend/Tool/Framework/Client/Console/ResponseDecorator AlignCenter.php
2011.07.09 00:23 B F:\xampp\htdocs\zendLibrary\Zend\Tool\Framework\Client\Console\ResponseDecorator\AlignCenter.php --> ftp.radiofone.com.br /public_html/radiofone/zendLibrary/Zend/Tool/Framework/Client/Console/ResponseDecorator AlignCenter.php
2011.07.09 00:23 B F:\xampp\htdocs\zendLibrary\Zend\Tool\Framework\Client\Console\ResponseDecorator\Blockize.php --> ftp.radiofone.com.br /public_html/radiofone/zendLibrary/Zend/Tool/Framework/Client/Console/ResponseDecorator Blockize.php
2011.07.09 00:23 B F:\xampp\htdocs\zendLibrary\Zend\Tool\Framework\Client\Console\ResponseDecorator\Colorizer.php --> ftp.radiofone.com.br /public_html/radiofone/zendLibrary/Zend/Tool/Framework/Client/Console/ResponseDecorator Colorizer.php
2011.07.09 00:23 B F:\xampp\htdocs\zendLibrary\Zend\Tool\Framework\Client\Console\ResponseDecorator\Indention.php --> ftp.radiofone.com.br /public_html/radiofone/zendLibrary/Zend/Tool/Framework/Client/Console/ResponseDecorator Indention.php
2011.07.09 00:23 B F:\xampp\htdocs\zendLibrary\Zend\Tool\Framework\Client\Console\ResponseDecorator\WS_FTP.LOG --> ftp.radiofone.com.br /public_html/radiofone/zendLibrary/Zend/Tool/Framework/Client/Console/ResponseDecorator WS_FTP.LOG
2011.07.09 00:53 B F:\xampp\htdocs\zendLibrary\Zend\Tool\Framework\Client\Console\ResponseDecorator\WS_FTP.LOG --> ftp.radiofone.com.br /public_html/radiofone/zendLibrary/Zend/Tool/Framework/Client/Console/ResponseDecorator WS_FTP.LOG
2011.07.26 23:11 B F:\xampp\htdocs\zendLibrary\Zend\Tool\Framework\Client\Console\ResponseDecorator\AlignCenter.php --> ftp.sobrafo.org.br /public_html/zendLibrary/Zend/Tool/Framework/Client/Console/ResponseDecorator AlignCenter.php
2011.07.26 23:11 B F:\xampp\htdocs\zendLibrary\Zend\Tool\Framework\Client\Console\ResponseDecorator\Blockize.php --> ftp.sobrafo.org.br /public_html/zendLibrary/Zend/Tool/Framework/Client/Console/ResponseDecorator Blockize.php
2011.07.26 23:11 B F:\xampp\htdocs\zendLibrary\Zend\Tool\Framework\Client\Console\ResponseDecorator\Colorizer.php --> ftp.sobrafo.org.br /public_html/zendLibrary/Zend/Tool/Framework/Client/Console/ResponseDecorator Colorizer.php
2011.07.26 23:11 B F:\xampp\htdocs\zendLibrary\Zend\Tool\Framework\Client\Console\ResponseDecorator\Indention.php --> ftp.sobrafo.org.br /public_html/zendLibrary/Zend/Tool/Framework/Client/Console/ResponseDecorator Indention.php
2011.07.26 23:11 B F:\xampp\htdocs\zendLibrary\Zend\Tool\Framework\Client\Console\ResponseDecorator\WS_FTP.LOG --> ftp.sobrafo.org.br /public_html/zendLibrary/Zend/Tool/Framework/Client/Console/ResponseDecorator WS_FTP.LOG
2011.08.09 17:31 B F:\xampp\htdocs\ZendLibrary\Zend\Tool\Framework\Client\Console\ResponseDecorator\AlignCenter.php --> ftp.amfar.com.br /public_html/ZendLibrary/Zend/Tool/Framework/Client/Console/ResponseDecorator AlignCenter.php
2011.08.09 17:31 B F:\xampp\htdocs\ZendLibrary\Zend\Tool\Framework\Client\Console\ResponseDecorator\Blockize.php --> ftp.amfar.com.br /public_html/ZendLibrary/Zend/Tool/Framework/Client/Console/ResponseDecorator Blockize.php
2011.08.09 17:31 B F:\xampp\htdocs\ZendLibrary\Zend\Tool\Framework\Client\Console\ResponseDecorator\Colorizer.php --> ftp.amfar.com.br /public_html/ZendLibrary/Zend/Tool/Framework/Client/Console/ResponseDecorator Colorizer.php
2011.08.09 17:31 B F:\xampp\htdocs\ZendLibrary\Zend\Tool\Framework\Client\Console\ResponseDecorator\Indention.php --> ftp.amfar.com.br /public_html/ZendLibrary/Zend/Tool/Framework/Client/Console/ResponseDecorator Indention.php
