2010.05.06 01:04 B X:\portalridgid\newproducts\ui\jquery-ui-1.7.2.custom.js --> ftp.portalridgid.com.br /public_html/newproducts/ui jquery-ui-1.7.2.custom.js
2010.05.06 01:04 B X:\portalridgid\newproducts\ui\ui.tabs.js --> ftp.portalridgid.com.br /public_html/newproducts/ui ui.tabs.js
2010.05.06 01:04 B X:\portalridgid\newproducts\ui\ui.sortable.js --> ftp.portalridgid.com.br /public_html/newproducts/ui ui.sortable.js
2010.05.06 01:04 B X:\portalridgid\newproducts\ui\ui.slider.js --> ftp.portalridgid.com.br /public_html/newproducts/ui ui.slider.js
2010.05.06 01:04 B X:\portalridgid\newproducts\ui\ui.selectable.js --> ftp.portalridgid.com.br /public_html/newproducts/ui ui.selectable.js
2010.05.06 01:04 B X:\portalridgid\newproducts\ui\ui.resizable.js --> ftp.portalridgid.com.br /public_html/newproducts/ui ui.resizable.js
2010.05.06 01:04 B X:\portalridgid\newproducts\ui\ui.progressbar.js --> ftp.portalridgid.com.br /public_html/newproducts/ui ui.progressbar.js
2010.05.06 01:04 B X:\portalridgid\newproducts\ui\ui.droppable.js --> ftp.portalridgid.com.br /public_html/newproducts/ui ui.droppable.js
2010.05.06 01:04 B X:\portalridgid\newproducts\ui\ui.draggable.js --> ftp.portalridgid.com.br /public_html/newproducts/ui ui.draggable.js
2010.05.06 01:04 B X:\portalridgid\newproducts\ui\ui.dialog.js --> ftp.portalridgid.com.br /public_html/newproducts/ui ui.dialog.js
2010.05.06 01:04 B X:\portalridgid\newproducts\ui\ui.datepicker.js --> ftp.portalridgid.com.br /public_html/newproducts/ui ui.datepicker.js
2010.05.06 01:04 B X:\portalridgid\newproducts\ui\ui.core.js --> ftp.portalridgid.com.br /public_html/newproducts/ui ui.core.js
2010.05.06 01:04 B X:\portalridgid\newproducts\ui\ui.accordion.js --> ftp.portalridgid.com.br /public_html/newproducts/ui ui.accordion.js
2010.05.06 01:04 B X:\portalridgid\newproducts\ui\effects.transfer.js --> ftp.portalridgid.com.br /public_html/newproducts/ui effects.transfer.js
2010.05.06 01:04 B X:\portalridgid\newproducts\ui\effects.slide.js --> ftp.portalridgid.com.br /public_html/newproducts/ui effects.slide.js
2010.05.06 01:04 B X:\portalridgid\newproducts\ui\effects.shake.js --> ftp.portalridgid.com.br /public_html/newproducts/ui effects.shake.js
2010.05.06 01:04 B X:\portalridgid\newproducts\ui\effects.scale.js --> ftp.portalridgid.com.br /public_html/newproducts/ui effects.scale.js
2010.05.06 01:04 B X:\portalridgid\newproducts\ui\effects.pulsate.js --> ftp.portalridgid.com.br /public_html/newproducts/ui effects.pulsate.js
2010.05.06 01:04 B X:\portalridgid\newproducts\ui\effects.highlight.js --> ftp.portalridgid.com.br /public_html/newproducts/ui effects.highlight.js
2010.05.06 01:04 B X:\portalridgid\newproducts\ui\effects.fold.js --> ftp.portalridgid.com.br /public_html/newproducts/ui effects.fold.js
2010.05.06 01:04 B X:\portalridgid\newproducts\ui\effects.explode.js --> ftp.portalridgid.com.br /public_html/newproducts/ui effects.explode.js
2010.05.06 01:04 B X:\portalridgid\newproducts\ui\effects.drop.js --> ftp.portalridgid.com.br /public_html/newproducts/ui effects.drop.js
2010.05.06 01:04 B X:\portalridgid\newproducts\ui\effects.core.js --> ftp.portalridgid.com.br /public_html/newproducts/ui effects.core.js
2010.05.06 01:04 B X:\portalridgid\newproducts\ui\effects.clip.js --> ftp.portalridgid.com.br /public_html/newproducts/ui effects.clip.js
2010.05.06 01:04 B X:\portalridgid\newproducts\ui\effects.bounce.js --> ftp.portalridgid.com.br /public_html/newproducts/ui effects.bounce.js
2010.05.06 01:04 B X:\portalridgid\newproducts\ui\effects.blind.js --> ftp.portalridgid.com.br /public_html/newproducts/ui effects.blind.js
2011.01.25 01:34 B Z:\portalridgid\newproducts\ui\effects.blind.js --> ftp.sobrafo.org.br /public_html/admin/js/ui effects.blind.js
2011.01.25 01:34 B Z:\portalridgid\newproducts\ui\effects.bounce.js --> ftp.sobrafo.org.br /public_html/admin/js/ui effects.bounce.js
2011.01.25 01:34 B Z:\portalridgid\newproducts\ui\effects.clip.js --> ftp.sobrafo.org.br /public_html/admin/js/ui effects.clip.js
2011.01.25 01:34 B Z:\portalridgid\newproducts\ui\effects.core.js --> ftp.sobrafo.org.br /public_html/admin/js/ui effects.core.js
2011.01.25 01:34 B Z:\portalridgid\newproducts\ui\effects.drop.js --> ftp.sobrafo.org.br /public_html/admin/js/ui effects.drop.js
2011.01.25 01:34 B Z:\portalridgid\newproducts\ui\effects.explode.js --> ftp.sobrafo.org.br /public_html/admin/js/ui effects.explode.js
2011.01.25 01:34 B Z:\portalridgid\newproducts\ui\effects.fold.js --> ftp.sobrafo.org.br /public_html/admin/js/ui effects.fold.js
2011.01.25 01:34 B Z:\portalridgid\newproducts\ui\effects.highlight.js --> ftp.sobrafo.org.br /public_html/admin/js/ui effects.highlight.js
2011.01.25 01:34 B Z:\portalridgid\newproducts\ui\effects.pulsate.js --> ftp.sobrafo.org.br /public_html/admin/js/ui effects.pulsate.js
2011.01.25 01:34 B Z:\portalridgid\newproducts\ui\effects.scale.js --> ftp.sobrafo.org.br /public_html/admin/js/ui effects.scale.js
2011.01.25 01:34 B Z:\portalridgid\newproducts\ui\effects.shake.js --> ftp.sobrafo.org.br /public_html/admin/js/ui effects.shake.js
2011.01.25 01:34 B Z:\portalridgid\newproducts\ui\effects.slide.js --> ftp.sobrafo.org.br /public_html/admin/js/ui effects.slide.js
2011.01.25 01:34 B Z:\portalridgid\newproducts\ui\effects.transfer.js --> ftp.sobrafo.org.br /public_html/admin/js/ui effects.transfer.js
2011.01.25 01:34 B Z:\portalridgid\newproducts\ui\jquery-ui-1.7.2.custom.js --> ftp.sobrafo.org.br /public_html/admin/js/ui jquery-ui-1.7.2.custom.js
2011.01.25 01:34 B Z:\portalridgid\newproducts\ui\ui.accordion.js --> ftp.sobrafo.org.br /public_html/admin/js/ui ui.accordion.js
2011.01.25 01:34 B Z:\portalridgid\newproducts\ui\ui.core.js --> ftp.sobrafo.org.br /public_html/admin/js/ui ui.core.js
2011.01.25 01:34 B Z:\portalridgid\newproducts\ui\ui.datepicker.js --> ftp.sobrafo.org.br /public_html/admin/js/ui ui.datepicker.js
2011.01.25 01:34 B Z:\portalridgid\newproducts\ui\ui.dialog.js --> ftp.sobrafo.org.br /public_html/admin/js/ui ui.dialog.js
2011.01.25 01:34 B Z:\portalridgid\newproducts\ui\ui.draggable.js --> ftp.sobrafo.org.br /public_html/admin/js/ui ui.draggable.js
2011.01.25 01:34 B Z:\portalridgid\newproducts\ui\ui.droppable.js --> ftp.sobrafo.org.br /public_html/admin/js/ui ui.droppable.js
2011.01.25 01:34 B Z:\portalridgid\newproducts\ui\ui.progressbar.js --> ftp.sobrafo.org.br /public_html/admin/js/ui ui.progressbar.js
2011.01.25 01:34 B Z:\portalridgid\newproducts\ui\ui.resizable.js --> ftp.sobrafo.org.br /public_html/admin/js/ui ui.resizable.js
2011.01.25 01:34 B Z:\portalridgid\newproducts\ui\ui.selectable.js --> ftp.sobrafo.org.br /public_html/admin/js/ui ui.selectable.js
2011.01.25 01:34 B Z:\portalridgid\newproducts\ui\ui.slider.js --> ftp.sobrafo.org.br /public_html/admin/js/ui ui.slider.js
2011.01.25 01:34 B Z:\portalridgid\newproducts\ui\ui.sortable.js --> ftp.sobrafo.org.br /public_html/admin/js/ui ui.sortable.js
2011.01.25 01:34 B Z:\portalridgid\newproducts\ui\ui.tabs.js --> ftp.sobrafo.org.br /public_html/admin/js/ui ui.tabs.js
2011.02.01 03:56 B Z:\sobrafo\webadmin\ui\WS_FTP.LOG <-- sobrafo /public_html/admin/ui WS_FTP.LOG
2011.02.01 03:57 B Z:\sobrafo\webadmin\ui\effects.blind.js --> ftp.sobrafo.org.br /public_html/webadmin/ui effects.blind.js
2011.02.01 03:57 B Z:\sobrafo\webadmin\ui\effects.bounce.js --> ftp.sobrafo.org.br /public_html/webadmin/ui effects.bounce.js
2011.02.01 03:57 B Z:\sobrafo\webadmin\ui\effects.clip.js --> ftp.sobrafo.org.br /public_html/webadmin/ui effects.clip.js
2011.02.01 03:57 B Z:\sobrafo\webadmin\ui\effects.core.js --> ftp.sobrafo.org.br /public_html/webadmin/ui effects.core.js
2011.02.01 03:57 B Z:\sobrafo\webadmin\ui\effects.drop.js --> ftp.sobrafo.org.br /public_html/webadmin/ui effects.drop.js
2011.02.01 03:57 B Z:\sobrafo\webadmin\ui\effects.explode.js --> ftp.sobrafo.org.br /public_html/webadmin/ui effects.explode.js
2011.02.01 03:57 B Z:\sobrafo\webadmin\ui\effects.fold.js --> ftp.sobrafo.org.br /public_html/webadmin/ui effects.fold.js
2011.02.01 03:57 B Z:\sobrafo\webadmin\ui\effects.highlight.js --> ftp.sobrafo.org.br /public_html/webadmin/ui effects.highlight.js
2011.02.01 03:57 B Z:\sobrafo\webadmin\ui\effects.pulsate.js --> ftp.sobrafo.org.br /public_html/webadmin/ui effects.pulsate.js
2011.02.01 03:57 B Z:\sobrafo\webadmin\ui\effects.scale.js --> ftp.sobrafo.org.br /public_html/webadmin/ui effects.scale.js
2011.02.01 03:57 B Z:\sobrafo\webadmin\ui\effects.shake.js --> ftp.sobrafo.org.br /public_html/webadmin/ui effects.shake.js
2011.02.01 03:57 B Z:\sobrafo\webadmin\ui\effects.slide.js --> ftp.sobrafo.org.br /public_html/webadmin/ui effects.slide.js
2011.02.01 03:57 B Z:\sobrafo\webadmin\ui\effects.transfer.js --> ftp.sobrafo.org.br /public_html/webadmin/ui effects.transfer.js
2011.02.01 03:57 B Z:\sobrafo\webadmin\ui\jquery-ui-1.7.2.custom.js --> ftp.sobrafo.org.br /public_html/webadmin/ui jquery-ui-1.7.2.custom.js
2011.02.01 03:57 B Z:\sobrafo\webadmin\ui\ui.accordion.js --> ftp.sobrafo.org.br /public_html/webadmin/ui ui.accordion.js
2011.02.01 03:57 B Z:\sobrafo\webadmin\ui\ui.core.js --> ftp.sobrafo.org.br /public_html/webadmin/ui ui.core.js
2011.02.01 03:58 B Z:\sobrafo\webadmin\ui\ui.datepicker.js --> ftp.sobrafo.org.br /public_html/webadmin/ui ui.datepicker.js
2011.02.01 03:58 B Z:\sobrafo\webadmin\ui\ui.dialog.js --> ftp.sobrafo.org.br /public_html/webadmin/ui ui.dialog.js
2011.02.01 03:58 B Z:\sobrafo\webadmin\ui\ui.draggable.js --> ftp.sobrafo.org.br /public_html/webadmin/ui ui.draggable.js
2011.02.01 03:58 B Z:\sobrafo\webadmin\ui\ui.droppable.js --> ftp.sobrafo.org.br /public_html/webadmin/ui ui.droppable.js
2011.02.01 03:58 B Z:\sobrafo\webadmin\ui\ui.progressbar.js --> ftp.sobrafo.org.br /public_html/webadmin/ui ui.progressbar.js
2011.02.01 03:58 B Z:\sobrafo\webadmin\ui\ui.resizable.js --> ftp.sobrafo.org.br /public_html/webadmin/ui ui.resizable.js
2011.02.01 03:58 B Z:\sobrafo\webadmin\ui\ui.selectable.js --> ftp.sobrafo.org.br /public_html/webadmin/ui ui.selectable.js
2011.02.01 03:58 B Z:\sobrafo\webadmin\ui\ui.slider.js --> ftp.sobrafo.org.br /public_html/webadmin/ui ui.slider.js
2011.02.01 03:58 B Z:\sobrafo\webadmin\ui\ui.sortable.js --> ftp.sobrafo.org.br /public_html/webadmin/ui ui.sortable.js
2011.02.01 03:58 B Z:\sobrafo\webadmin\ui\ui.tabs.js --> ftp.sobrafo.org.br /public_html/webadmin/ui ui.tabs.js
2011.02.24 20:41 B E:\web\sobrafo\webadmin\ui\WS_FTP.LOG <-- sobrafo /public_html/webadmin/ui WS_FTP.LOG
2011.03.18 11:33 B E:\web\sobrafo\webadmin\ui\WS_FTP.LOG --> ftp.sbrafh.org.br /sbrafh/Web/congresso/webadmin/ui WS_FTP.LOG
2011.03.18 11:33 B E:\web\sobrafo\webadmin\ui\ui.tabs.js --> ftp.sbrafh.org.br /sbrafh/Web/congresso/webadmin/ui ui.tabs.js
2011.03.18 11:33 B E:\web\sobrafo\webadmin\ui\ui.sortable.js --> ftp.sbrafh.org.br /sbrafh/Web/congresso/webadmin/ui ui.sortable.js
2011.03.18 11:33 B E:\web\sobrafo\webadmin\ui\ui.slider.js --> ftp.sbrafh.org.br /sbrafh/Web/congresso/webadmin/ui ui.slider.js
2011.03.18 11:33 B E:\web\sobrafo\webadmin\ui\ui.selectable.js --> ftp.sbrafh.org.br /sbrafh/Web/congresso/webadmin/ui ui.selectable.js
2011.03.18 11:33 B E:\web\sobrafo\webadmin\ui\ui.resizable.js --> ftp.sbrafh.org.br /sbrafh/Web/congresso/webadmin/ui ui.resizable.js
2011.03.18 11:33 B E:\web\sobrafo\webadmin\ui\ui.progressbar.js --> ftp.sbrafh.org.br /sbrafh/Web/congresso/webadmin/ui ui.progressbar.js
2011.03.18 11:33 B E:\web\sobrafo\webadmin\ui\ui.droppable.js --> ftp.sbrafh.org.br /sbrafh/Web/congresso/webadmin/ui ui.droppable.js
2011.03.18 11:33 B E:\web\sobrafo\webadmin\ui\ui.draggable.js --> ftp.sbrafh.org.br /sbrafh/Web/congresso/webadmin/ui ui.draggable.js
2011.03.18 11:33 B E:\web\sobrafo\webadmin\ui\ui.dialog.js --> ftp.sbrafh.org.br /sbrafh/Web/congresso/webadmin/ui ui.dialog.js
2011.03.18 11:33 B E:\web\sobrafo\webadmin\ui\ui.datepicker.js --> ftp.sbrafh.org.br /sbrafh/Web/congresso/webadmin/ui ui.datepicker.js
2011.03.18 11:33 B E:\web\sobrafo\webadmin\ui\ui.core.js --> ftp.sbrafh.org.br /sbrafh/Web/congresso/webadmin/ui ui.core.js
2011.03.18 11:33 B E:\web\sobrafo\webadmin\ui\ui.accordion.js --> ftp.sbrafh.org.br /sbrafh/Web/congresso/webadmin/ui ui.accordion.js
2011.03.18 11:33 B E:\web\sobrafo\webadmin\ui\jquery-ui-1.7.2.custom.js --> ftp.sbrafh.org.br /sbrafh/Web/congresso/webadmin/ui jquery-ui-1.7.2.custom.js
2011.03.18 11:33 B E:\web\sobrafo\webadmin\ui\effects.transfer.js --> ftp.sbrafh.org.br /sbrafh/Web/congresso/webadmin/ui effects.transfer.js
2011.03.18 11:33 B E:\web\sobrafo\webadmin\ui\effects.slide.js --> ftp.sbrafh.org.br /sbrafh/Web/congresso/webadmin/ui effects.slide.js
2011.03.18 11:33 B E:\web\sobrafo\webadmin\ui\effects.shake.js --> ftp.sbrafh.org.br /sbrafh/Web/congresso/webadmin/ui effects.shake.js
2011.03.18 11:33 B E:\web\sobrafo\webadmin\ui\effects.scale.js --> ftp.sbrafh.org.br /sbrafh/Web/congresso/webadmin/ui effects.scale.js
2011.03.18 11:33 B E:\web\sobrafo\webadmin\ui\effects.pulsate.js --> ftp.sbrafh.org.br /sbrafh/Web/congresso/webadmin/ui effects.pulsate.js
2011.03.18 11:33 B E:\web\sobrafo\webadmin\ui\effects.highlight.js --> ftp.sbrafh.org.br /sbrafh/Web/congresso/webadmin/ui effects.highlight.js
2011.03.18 11:33 B E:\web\sobrafo\webadmin\ui\effects.fold.js --> ftp.sbrafh.org.br /sbrafh/Web/congresso/webadmin/ui effects.fold.js
2011.03.18 11:33 B E:\web\sobrafo\webadmin\ui\effects.explode.js --> ftp.sbrafh.org.br /sbrafh/Web/congresso/webadmin/ui effects.explode.js
2011.03.18 11:33 B E:\web\sobrafo\webadmin\ui\effects.drop.js --> ftp.sbrafh.org.br /sbrafh/Web/congresso/webadmin/ui effects.drop.js
2011.03.18 11:33 B E:\web\sobrafo\webadmin\ui\effects.core.js --> ftp.sbrafh.org.br /sbrafh/Web/congresso/webadmin/ui effects.core.js
2011.03.18 11:33 B E:\web\sobrafo\webadmin\ui\effects.clip.js --> ftp.sbrafh.org.br /sbrafh/Web/congresso/webadmin/ui effects.clip.js
2011.03.18 11:33 B E:\web\sobrafo\webadmin\ui\effects.bounce.js --> ftp.sbrafh.org.br /sbrafh/Web/congresso/webadmin/ui effects.bounce.js
2011.03.18 11:33 B E:\web\sobrafo\webadmin\ui\effects.blind.js --> ftp.sbrafh.org.br /sbrafh/Web/congresso/webadmin/ui effects.blind.js
2011.07.29 21:27 B F:\xampp\htdocs\jsLibrary\ui\effects.blind.js --> ftp.sobrafo.org.br /public_html/jsLibrary/ui effects.blind.js
2011.07.29 21:27 B F:\xampp\htdocs\jsLibrary\ui\effects.bounce.js --> ftp.sobrafo.org.br /public_html/jsLibrary/ui effects.bounce.js
2011.07.29 21:27 B F:\xampp\htdocs\jsLibrary\ui\effects.clip.js --> ftp.sobrafo.org.br /public_html/jsLibrary/ui effects.clip.js
2011.07.29 21:27 B F:\xampp\htdocs\jsLibrary\ui\effects.core.js --> ftp.sobrafo.org.br /public_html/jsLibrary/ui effects.core.js
2011.07.29 21:27 B F:\xampp\htdocs\jsLibrary\ui\effects.drop.js --> ftp.sobrafo.org.br /public_html/jsLibrary/ui effects.drop.js
2011.07.29 21:27 B F:\xampp\htdocs\jsLibrary\ui\effects.explode.js --> ftp.sobrafo.org.br /public_html/jsLibrary/ui effects.explode.js
2011.07.29 21:27 B F:\xampp\htdocs\jsLibrary\ui\effects.fold.js --> ftp.sobrafo.org.br /public_html/jsLibrary/ui effects.fold.js
2011.07.29 21:27 B F:\xampp\htdocs\jsLibrary\ui\effects.highlight.js --> ftp.sobrafo.org.br /public_html/jsLibrary/ui effects.highlight.js
2011.07.29 21:27 B F:\xampp\htdocs\jsLibrary\ui\effects.pulsate.js --> ftp.sobrafo.org.br /public_html/jsLibrary/ui effects.pulsate.js
2011.07.29 21:27 B F:\xampp\htdocs\jsLibrary\ui\effects.scale.js --> ftp.sobrafo.org.br /public_html/jsLibrary/ui effects.scale.js
2011.07.29 21:27 B F:\xampp\htdocs\jsLibrary\ui\effects.shake.js --> ftp.sobrafo.org.br /public_html/jsLibrary/ui effects.shake.js
2011.07.29 21:27 B F:\xampp\htdocs\jsLibrary\ui\effects.slide.js --> ftp.sobrafo.org.br /public_html/jsLibrary/ui effects.slide.js
2011.07.29 21:27 B F:\xampp\htdocs\jsLibrary\ui\effects.transfer.js --> ftp.sobrafo.org.br /public_html/jsLibrary/ui effects.transfer.js
2011.07.29 21:27 B F:\xampp\htdocs\jsLibrary\ui\jquery-ui-1.7.2.custom.js --> ftp.sobrafo.org.br /public_html/jsLibrary/ui jquery-ui-1.7.2.custom.js
2011.07.29 21:27 B F:\xampp\htdocs\jsLibrary\ui\ui.accordion.js --> ftp.sobrafo.org.br /public_html/jsLibrary/ui ui.accordion.js
2011.07.29 21:27 B F:\xampp\htdocs\jsLibrary\ui\ui.core.js --> ftp.sobrafo.org.br /public_html/jsLibrary/ui ui.core.js
2011.07.29 21:27 B F:\xampp\htdocs\jsLibrary\ui\ui.datepicker.js --> ftp.sobrafo.org.br /public_html/jsLibrary/ui ui.datepicker.js
2011.07.29 21:27 B F:\xampp\htdocs\jsLibrary\ui\ui.dialog.js --> ftp.sobrafo.org.br /public_html/jsLibrary/ui ui.dialog.js
2011.07.29 21:27 B F:\xampp\htdocs\jsLibrary\ui\ui.draggable.js --> ftp.sobrafo.org.br /public_html/jsLibrary/ui ui.draggable.js
2011.07.29 21:27 B F:\xampp\htdocs\jsLibrary\ui\ui.droppable.js --> ftp.sobrafo.org.br /public_html/jsLibrary/ui ui.droppable.js
2011.07.29 21:27 B F:\xampp\htdocs\jsLibrary\ui\ui.progressbar.js --> ftp.sobrafo.org.br /public_html/jsLibrary/ui ui.progressbar.js
2011.07.29 21:27 B F:\xampp\htdocs\jsLibrary\ui\ui.resizable.js --> ftp.sobrafo.org.br /public_html/jsLibrary/ui ui.resizable.js
2011.07.29 21:27 B F:\xampp\htdocs\jsLibrary\ui\ui.selectable.js --> ftp.sobrafo.org.br /public_html/jsLibrary/ui ui.selectable.js
2011.07.29 21:27 B F:\xampp\htdocs\jsLibrary\ui\ui.slider.js --> ftp.sobrafo.org.br /public_html/jsLibrary/ui ui.slider.js
2011.07.29 21:27 B F:\xampp\htdocs\jsLibrary\ui\ui.sortable.js --> ftp.sobrafo.org.br /public_html/jsLibrary/ui ui.sortable.js
2011.07.29 21:27 B F:\xampp\htdocs\jsLibrary\ui\ui.tabs.js --> ftp.sobrafo.org.br /public_html/jsLibrary/ui ui.tabs.js
2011.07.29 21:27 B F:\xampp\htdocs\jsLibrary\ui\WS_FTP.LOG --> ftp.sobrafo.org.br /public_html/jsLibrary/ui WS_FTP.LOG
2011.08.05 01:11 B F:\xampp\htdocs\jsLibrary\ui\effects.blind.js --> ftp.portalridgid.com.br /public_html/jsLibrary/ui effects.blind.js
2011.08.05 01:11 B F:\xampp\htdocs\jsLibrary\ui\effects.bounce.js --> ftp.portalridgid.com.br /public_html/jsLibrary/ui effects.bounce.js
2011.08.05 01:11 B F:\xampp\htdocs\jsLibrary\ui\effects.clip.js --> ftp.portalridgid.com.br /public_html/jsLibrary/ui effects.clip.js
2011.08.05 01:11 B F:\xampp\htdocs\jsLibrary\ui\effects.core.js --> ftp.portalridgid.com.br /public_html/jsLibrary/ui effects.core.js
2011.08.05 01:11 B F:\xampp\htdocs\jsLibrary\ui\effects.drop.js --> ftp.portalridgid.com.br /public_html/jsLibrary/ui effects.drop.js
2011.08.05 01:11 B F:\xampp\htdocs\jsLibrary\ui\effects.explode.js --> ftp.portalridgid.com.br /public_html/jsLibrary/ui effects.explode.js
2011.08.05 01:11 B F:\xampp\htdocs\jsLibrary\ui\effects.fold.js --> ftp.portalridgid.com.br /public_html/jsLibrary/ui effects.fold.js
2011.08.05 01:11 B F:\xampp\htdocs\jsLibrary\ui\effects.highlight.js --> ftp.portalridgid.com.br /public_html/jsLibrary/ui effects.highlight.js
2011.08.05 01:11 B F:\xampp\htdocs\jsLibrary\ui\effects.pulsate.js --> ftp.portalridgid.com.br /public_html/jsLibrary/ui effects.pulsate.js
2011.08.05 01:11 B F:\xampp\htdocs\jsLibrary\ui\effects.scale.js --> ftp.portalridgid.com.br /public_html/jsLibrary/ui effects.scale.js
2011.08.05 01:11 B F:\xampp\htdocs\jsLibrary\ui\effects.shake.js --> ftp.portalridgid.com.br /public_html/jsLibrary/ui effects.shake.js
2011.08.05 01:11 B F:\xampp\htdocs\jsLibrary\ui\effects.slide.js --> ftp.portalridgid.com.br /public_html/jsLibrary/ui effects.slide.js
2011.08.05 01:11 B F:\xampp\htdocs\jsLibrary\ui\effects.transfer.js --> ftp.portalridgid.com.br /public_html/jsLibrary/ui effects.transfer.js
2011.08.05 01:11 B F:\xampp\htdocs\jsLibrary\ui\jquery-ui-1.7.2.custom.js --> ftp.portalridgid.com.br /public_html/jsLibrary/ui jquery-ui-1.7.2.custom.js
2011.08.05 01:11 B F:\xampp\htdocs\jsLibrary\ui\ui.accordion.js --> ftp.portalridgid.com.br /public_html/jsLibrary/ui ui.accordion.js
2011.08.05 01:11 B F:\xampp\htdocs\jsLibrary\ui\ui.core.js --> ftp.portalridgid.com.br /public_html/jsLibrary/ui ui.core.js
2011.08.05 01:11 B F:\xampp\htdocs\jsLibrary\ui\ui.datepicker.js --> ftp.portalridgid.com.br /public_html/jsLibrary/ui ui.datepicker.js
2011.08.05 01:11 B F:\xampp\htdocs\jsLibrary\ui\ui.dialog.js --> ftp.portalridgid.com.br /public_html/jsLibrary/ui ui.dialog.js
2011.08.05 01:11 B F:\xampp\htdocs\jsLibrary\ui\ui.draggable.js --> ftp.portalridgid.com.br /public_html/jsLibrary/ui ui.draggable.js
2011.08.05 01:11 B F:\xampp\htdocs\jsLibrary\ui\ui.droppable.js --> ftp.portalridgid.com.br /public_html/jsLibrary/ui ui.droppable.js
2011.08.05 01:11 B F:\xampp\htdocs\jsLibrary\ui\ui.progressbar.js --> ftp.portalridgid.com.br /public_html/jsLibrary/ui ui.progressbar.js
2011.08.05 01:11 B F:\xampp\htdocs\jsLibrary\ui\ui.resizable.js --> ftp.portalridgid.com.br /public_html/jsLibrary/ui ui.resizable.js
2011.08.05 01:11 B F:\xampp\htdocs\jsLibrary\ui\ui.selectable.js --> ftp.portalridgid.com.br /public_html/jsLibrary/ui ui.selectable.js
2011.08.05 01:11 B F:\xampp\htdocs\jsLibrary\ui\ui.slider.js --> ftp.portalridgid.com.br /public_html/jsLibrary/ui ui.slider.js
2011.08.05 01:11 B F:\xampp\htdocs\jsLibrary\ui\ui.sortable.js --> ftp.portalridgid.com.br /public_html/jsLibrary/ui ui.sortable.js
2011.08.05 01:11 B F:\xampp\htdocs\jsLibrary\ui\ui.tabs.js --> ftp.portalridgid.com.br /public_html/jsLibrary/ui ui.tabs.js
2011.08.05 01:11 B F:\xampp\htdocs\jsLibrary\ui\WS_FTP.LOG --> ftp.portalridgid.com.br /public_html/jsLibrary/ui WS_FTP.LOG
2011.08.09 16:31 B F:\xampp\htdocs\jsLibrary\ui\effects.blind.js --> ftp.amfar.com.br /public_html/jsLibrary/ui effects.blind.js
2011.08.09 16:31 B F:\xampp\htdocs\jsLibrary\ui\effects.bounce.js --> ftp.amfar.com.br /public_html/jsLibrary/ui effects.bounce.js
2011.08.09 16:31 B F:\xampp\htdocs\jsLibrary\ui\effects.clip.js --> ftp.amfar.com.br /public_html/jsLibrary/ui effects.clip.js
2011.08.09 16:31 B F:\xampp\htdocs\jsLibrary\ui\effects.core.js --> ftp.amfar.com.br /public_html/jsLibrary/ui effects.core.js
2011.08.09 16:31 B F:\xampp\htdocs\jsLibrary\ui\effects.drop.js --> ftp.amfar.com.br /public_html/jsLibrary/ui effects.drop.js
2011.08.09 16:31 B F:\xampp\htdocs\jsLibrary\ui\effects.explode.js --> ftp.amfar.com.br /public_html/jsLibrary/ui effects.explode.js
2011.08.09 16:31 B F:\xampp\htdocs\jsLibrary\ui\effects.fold.js --> ftp.amfar.com.br /public_html/jsLibrary/ui effects.fold.js
2011.08.09 16:31 B F:\xampp\htdocs\jsLibrary\ui\effects.highlight.js --> ftp.amfar.com.br /public_html/jsLibrary/ui effects.highlight.js
2011.08.09 16:31 B F:\xampp\htdocs\jsLibrary\ui\effects.pulsate.js --> ftp.amfar.com.br /public_html/jsLibrary/ui effects.pulsate.js
2011.08.09 16:31 B F:\xampp\htdocs\jsLibrary\ui\effects.scale.js --> ftp.amfar.com.br /public_html/jsLibrary/ui effects.scale.js
2011.08.09 16:31 B F:\xampp\htdocs\jsLibrary\ui\effects.shake.js --> ftp.amfar.com.br /public_html/jsLibrary/ui effects.shake.js
2011.08.09 16:31 B F:\xampp\htdocs\jsLibrary\ui\effects.slide.js --> ftp.amfar.com.br /public_html/jsLibrary/ui effects.slide.js
2011.08.09 16:31 B F:\xampp\htdocs\jsLibrary\ui\effects.transfer.js --> ftp.amfar.com.br /public_html/jsLibrary/ui effects.transfer.js
2011.08.09 16:31 B F:\xampp\htdocs\jsLibrary\ui\jquery-ui-1.7.2.custom.js --> ftp.amfar.com.br /public_html/jsLibrary/ui jquery-ui-1.7.2.custom.js
2011.08.09 16:31 B F:\xampp\htdocs\jsLibrary\ui\ui.accordion.js --> ftp.amfar.com.br /public_html/jsLibrary/ui ui.accordion.js
2011.08.09 16:31 B F:\xampp\htdocs\jsLibrary\ui\ui.core.js --> ftp.amfar.com.br /public_html/jsLibrary/ui ui.core.js
2011.08.09 16:31 B F:\xampp\htdocs\jsLibrary\ui\ui.datepicker.js --> ftp.amfar.com.br /public_html/jsLibrary/ui ui.datepicker.js
2011.08.09 16:31 B F:\xampp\htdocs\jsLibrary\ui\ui.dialog.js --> ftp.amfar.com.br /public_html/jsLibrary/ui ui.dialog.js
2011.08.09 16:31 B F:\xampp\htdocs\jsLibrary\ui\ui.draggable.js --> ftp.amfar.com.br /public_html/jsLibrary/ui ui.draggable.js
2011.08.09 16:31 B F:\xampp\htdocs\jsLibrary\ui\ui.droppable.js --> ftp.amfar.com.br /public_html/jsLibrary/ui ui.droppable.js
2011.08.09 16:31 B F:\xampp\htdocs\jsLibrary\ui\ui.progressbar.js --> ftp.amfar.com.br /public_html/jsLibrary/ui ui.progressbar.js
2011.08.09 16:32 B F:\xampp\htdocs\jsLibrary\ui\ui.resizable.js --> ftp.amfar.com.br /public_html/jsLibrary/ui ui.resizable.js
2011.08.09 16:32 B F:\xampp\htdocs\jsLibrary\ui\ui.selectable.js --> ftp.amfar.com.br /public_html/jsLibrary/ui ui.selectable.js
2011.08.09 16:32 B F:\xampp\htdocs\jsLibrary\ui\ui.slider.js --> ftp.amfar.com.br /public_html/jsLibrary/ui ui.slider.js
2011.08.09 16:32 B F:\xampp\htdocs\jsLibrary\ui\ui.sortable.js --> ftp.amfar.com.br /public_html/jsLibrary/ui ui.sortable.js
2011.08.09 16:32 B F:\xampp\htdocs\jsLibrary\ui\ui.tabs.js --> ftp.amfar.com.br /public_html/jsLibrary/ui ui.tabs.js
