2011.06.20 18:29 B F:\xampp\htdocs\zf-tutorial\library\Smarty-3.0.7\libs\plugins\block.php.php --> ftp.portalridgid.com.br /public_html/zf-tutorial/library/Smarty-3.0.7/libs/plugins block.php.php
2011.06.20 18:29 B F:\xampp\htdocs\zf-tutorial\library\Smarty-3.0.7\libs\plugins\block.textformat.php --> ftp.portalridgid.com.br /public_html/zf-tutorial/library/Smarty-3.0.7/libs/plugins block.textformat.php
2011.06.20 18:29 B F:\xampp\htdocs\zf-tutorial\library\Smarty-3.0.7\libs\plugins\function.counter.php --> ftp.portalridgid.com.br /public_html/zf-tutorial/library/Smarty-3.0.7/libs/plugins function.counter.php
2011.06.20 18:29 B F:\xampp\htdocs\zf-tutorial\library\Smarty-3.0.7\libs\plugins\function.cycle.php --> ftp.portalridgid.com.br /public_html/zf-tutorial/library/Smarty-3.0.7/libs/plugins function.cycle.php
2011.06.20 18:29 B F:\xampp\htdocs\zf-tutorial\library\Smarty-3.0.7\libs\plugins\function.fetch.php --> ftp.portalridgid.com.br /public_html/zf-tutorial/library/Smarty-3.0.7/libs/plugins function.fetch.php
2011.06.20 18:29 B F:\xampp\htdocs\zf-tutorial\library\Smarty-3.0.7\libs\plugins\function.html_checkboxes.php --> ftp.portalridgid.com.br /public_html/zf-tutorial/library/Smarty-3.0.7/libs/plugins function.html_checkboxes.php
2011.06.20 18:29 B F:\xampp\htdocs\zf-tutorial\library\Smarty-3.0.7\libs\plugins\function.html_image.php --> ftp.portalridgid.com.br /public_html/zf-tutorial/library/Smarty-3.0.7/libs/plugins function.html_image.php
2011.06.20 18:29 B F:\xampp\htdocs\zf-tutorial\library\Smarty-3.0.7\libs\plugins\function.html_options.php --> ftp.portalridgid.com.br /public_html/zf-tutorial/library/Smarty-3.0.7/libs/plugins function.html_options.php
2011.06.20 18:29 B F:\xampp\htdocs\zf-tutorial\library\Smarty-3.0.7\libs\plugins\function.html_radios.php --> ftp.portalridgid.com.br /public_html/zf-tutorial/library/Smarty-3.0.7/libs/plugins function.html_radios.php
2011.06.20 18:29 B F:\xampp\htdocs\zf-tutorial\library\Smarty-3.0.7\libs\plugins\function.html_select_date.php --> ftp.portalridgid.com.br /public_html/zf-tutorial/library/Smarty-3.0.7/libs/plugins function.html_select_date.php
2011.06.20 18:29 B F:\xampp\htdocs\zf-tutorial\library\Smarty-3.0.7\libs\plugins\function.html_select_time.php --> ftp.portalridgid.com.br /public_html/zf-tutorial/library/Smarty-3.0.7/libs/plugins function.html_select_time.php
2011.06.20 18:29 B F:\xampp\htdocs\zf-tutorial\library\Smarty-3.0.7\libs\plugins\function.html_table.php --> ftp.portalridgid.com.br /public_html/zf-tutorial/library/Smarty-3.0.7/libs/plugins function.html_table.php
2011.06.20 18:29 B F:\xampp\htdocs\zf-tutorial\library\Smarty-3.0.7\libs\plugins\function.mailto.php --> ftp.portalridgid.com.br /public_html/zf-tutorial/library/Smarty-3.0.7/libs/plugins function.mailto.php
2011.06.20 18:29 B F:\xampp\htdocs\zf-tutorial\library\Smarty-3.0.7\libs\plugins\function.math.php --> ftp.portalridgid.com.br /public_html/zf-tutorial/library/Smarty-3.0.7/libs/plugins function.math.php
2011.06.20 18:29 B F:\xampp\htdocs\zf-tutorial\library\Smarty-3.0.7\libs\plugins\modifier.capitalize.php --> ftp.portalridgid.com.br /public_html/zf-tutorial/library/Smarty-3.0.7/libs/plugins modifier.capitalize.php
2011.06.20 18:29 B F:\xampp\htdocs\zf-tutorial\library\Smarty-3.0.7\libs\plugins\modifier.date_format.php --> ftp.portalridgid.com.br /public_html/zf-tutorial/library/Smarty-3.0.7/libs/plugins modifier.date_format.php
2011.06.20 18:29 B F:\xampp\htdocs\zf-tutorial\library\Smarty-3.0.7\libs\plugins\modifier.debug_print_var.php --> ftp.portalridgid.com.br /public_html/zf-tutorial/library/Smarty-3.0.7/libs/plugins modifier.debug_print_var.php
2011.06.20 18:29 B F:\xampp\htdocs\zf-tutorial\library\Smarty-3.0.7\libs\plugins\modifier.escape.php --> ftp.portalridgid.com.br /public_html/zf-tutorial/library/Smarty-3.0.7/libs/plugins modifier.escape.php
2011.06.20 18:29 B F:\xampp\htdocs\zf-tutorial\library\Smarty-3.0.7\libs\plugins\modifier.regex_replace.php --> ftp.portalridgid.com.br /public_html/zf-tutorial/library/Smarty-3.0.7/libs/plugins modifier.regex_replace.php
2011.06.20 18:29 B F:\xampp\htdocs\zf-tutorial\library\Smarty-3.0.7\libs\plugins\modifier.replace.php --> ftp.portalridgid.com.br /public_html/zf-tutorial/library/Smarty-3.0.7/libs/plugins modifier.replace.php
2011.06.20 18:29 B F:\xampp\htdocs\zf-tutorial\library\Smarty-3.0.7\libs\plugins\modifier.spacify.php --> ftp.portalridgid.com.br /public_html/zf-tutorial/library/Smarty-3.0.7/libs/plugins modifier.spacify.php
2011.06.20 18:29 B F:\xampp\htdocs\zf-tutorial\library\Smarty-3.0.7\libs\plugins\modifier.truncate.php --> ftp.portalridgid.com.br /public_html/zf-tutorial/library/Smarty-3.0.7/libs/plugins modifier.truncate.php
2011.06.20 18:29 B F:\xampp\htdocs\zf-tutorial\library\Smarty-3.0.7\libs\plugins\modifiercompiler.cat.php --> ftp.portalridgid.com.br /public_html/zf-tutorial/library/Smarty-3.0.7/libs/plugins modifiercompiler.cat.php
2011.06.20 18:29 B F:\xampp\htdocs\zf-tutorial\library\Smarty-3.0.7\libs\plugins\modifiercompiler.count_characters.php --> ftp.portalridgid.com.br /public_html/zf-tutorial/library/Smarty-3.0.7/libs/plugins modifiercompiler.count_characters.php
2011.06.20 18:29 B F:\xampp\htdocs\zf-tutorial\library\Smarty-3.0.7\libs\plugins\modifiercompiler.count_paragraphs.php --> ftp.portalridgid.com.br /public_html/zf-tutorial/library/Smarty-3.0.7/libs/plugins modifiercompiler.count_paragraphs.php
2011.06.20 18:29 B F:\xampp\htdocs\zf-tutorial\library\Smarty-3.0.7\libs\plugins\modifiercompiler.count_sentences.php --> ftp.portalridgid.com.br /public_html/zf-tutorial/library/Smarty-3.0.7/libs/plugins modifiercompiler.count_sentences.php
2011.06.20 18:29 B F:\xampp\htdocs\zf-tutorial\library\Smarty-3.0.7\libs\plugins\modifiercompiler.count_words.php --> ftp.portalridgid.com.br /public_html/zf-tutorial/library/Smarty-3.0.7/libs/plugins modifiercompiler.count_words.php
2011.06.20 18:29 B F:\xampp\htdocs\zf-tutorial\library\Smarty-3.0.7\libs\plugins\modifiercompiler.default.php --> ftp.portalridgid.com.br /public_html/zf-tutorial/library/Smarty-3.0.7/libs/plugins modifiercompiler.default.php
2011.06.20 18:29 B F:\xampp\htdocs\zf-tutorial\library\Smarty-3.0.7\libs\plugins\modifiercompiler.indent.php --> ftp.portalridgid.com.br /public_html/zf-tutorial/library/Smarty-3.0.7/libs/plugins modifiercompiler.indent.php
2011.06.20 18:29 B F:\xampp\htdocs\zf-tutorial\library\Smarty-3.0.7\libs\plugins\modifiercompiler.lower.php --> ftp.portalridgid.com.br /public_html/zf-tutorial/library/Smarty-3.0.7/libs/plugins modifiercompiler.lower.php
2011.06.20 18:29 B F:\xampp\htdocs\zf-tutorial\library\Smarty-3.0.7\libs\plugins\modifiercompiler.noprint.php --> ftp.portalridgid.com.br /public_html/zf-tutorial/library/Smarty-3.0.7/libs/plugins modifiercompiler.noprint.php
2011.06.20 18:29 B F:\xampp\htdocs\zf-tutorial\library\Smarty-3.0.7\libs\plugins\modifiercompiler.string_format.php --> ftp.portalridgid.com.br /public_html/zf-tutorial/library/Smarty-3.0.7/libs/plugins modifiercompiler.string_format.php
2011.06.20 18:29 B F:\xampp\htdocs\zf-tutorial\library\Smarty-3.0.7\libs\plugins\modifiercompiler.strip.php --> ftp.portalridgid.com.br /public_html/zf-tutorial/library/Smarty-3.0.7/libs/plugins modifiercompiler.strip.php
2011.06.20 18:29 B F:\xampp\htdocs\zf-tutorial\library\Smarty-3.0.7\libs\plugins\modifiercompiler.strip_tags.php --> ftp.portalridgid.com.br /public_html/zf-tutorial/library/Smarty-3.0.7/libs/plugins modifiercompiler.strip_tags.php
2011.06.20 18:29 B F:\xampp\htdocs\zf-tutorial\library\Smarty-3.0.7\libs\plugins\modifiercompiler.upper.php --> ftp.portalridgid.com.br /public_html/zf-tutorial/library/Smarty-3.0.7/libs/plugins modifiercompiler.upper.php
2011.06.20 18:29 B F:\xampp\htdocs\zf-tutorial\library\Smarty-3.0.7\libs\plugins\modifiercompiler.wordwrap.php --> ftp.portalridgid.com.br /public_html/zf-tutorial/library/Smarty-3.0.7/libs/plugins modifiercompiler.wordwrap.php
2011.06.20 18:29 B F:\xampp\htdocs\zf-tutorial\library\Smarty-3.0.7\libs\plugins\outputfilter.trimwhitespace.php --> ftp.portalridgid.com.br /public_html/zf-tutorial/library/Smarty-3.0.7/libs/plugins outputfilter.trimwhitespace.php
2011.06.20 18:29 B F:\xampp\htdocs\zf-tutorial\library\Smarty-3.0.7\libs\plugins\shared.escape_special_chars.php --> ftp.portalridgid.com.br /public_html/zf-tutorial/library/Smarty-3.0.7/libs/plugins shared.escape_special_chars.php
2011.06.20 18:29 B F:\xampp\htdocs\zf-tutorial\library\Smarty-3.0.7\libs\plugins\shared.make_timestamp.php --> ftp.portalridgid.com.br /public_html/zf-tutorial/library/Smarty-3.0.7/libs/plugins shared.make_timestamp.php
2011.06.20 18:29 B F:\xampp\htdocs\zf-tutorial\library\Smarty-3.0.7\libs\plugins\shared.mb_str_replace.php --> ftp.portalridgid.com.br /public_html/zf-tutorial/library/Smarty-3.0.7/libs/plugins shared.mb_str_replace.php
2011.06.20 18:29 B F:\xampp\htdocs\zf-tutorial\library\Smarty-3.0.7\libs\plugins\variablefilter.htmlspecialchars.php --> ftp.portalridgid.com.br /public_html/zf-tutorial/library/Smarty-3.0.7/libs/plugins variablefilter.htmlspecialchars.php
2011.06.30 03:50 B F:\xampp\htdocs\zendLibrary\Smarty-3.0.7\libs\plugins\WS_FTP.LOG --> ftp.sbrafh.org.br /sbrafh/Web/zendLibrary/Smarty-3.0.7/libs/plugins WS_FTP.LOG
2011.06.30 03:50 B F:\xampp\htdocs\zendLibrary\Smarty-3.0.7\libs\plugins\variablefilter.htmlspecialchars.php --> ftp.sbrafh.org.br /sbrafh/Web/zendLibrary/Smarty-3.0.7/libs/plugins variablefilter.htmlspecialchars.php
2011.06.30 03:50 B F:\xampp\htdocs\zendLibrary\Smarty-3.0.7\libs\plugins\shared.mb_str_replace.php --> ftp.sbrafh.org.br /sbrafh/Web/zendLibrary/Smarty-3.0.7/libs/plugins shared.mb_str_replace.php
2011.06.30 03:50 B F:\xampp\htdocs\zendLibrary\Smarty-3.0.7\libs\plugins\shared.make_timestamp.php --> ftp.sbrafh.org.br /sbrafh/Web/zendLibrary/Smarty-3.0.7/libs/plugins shared.make_timestamp.php
2011.06.30 03:50 B F:\xampp\htdocs\zendLibrary\Smarty-3.0.7\libs\plugins\shared.escape_special_chars.php --> ftp.sbrafh.org.br /sbrafh/Web/zendLibrary/Smarty-3.0.7/libs/plugins shared.escape_special_chars.php
2011.06.30 03:50 B F:\xampp\htdocs\zendLibrary\Smarty-3.0.7\libs\plugins\outputfilter.trimwhitespace.php --> ftp.sbrafh.org.br /sbrafh/Web/zendLibrary/Smarty-3.0.7/libs/plugins outputfilter.trimwhitespace.php
2011.06.30 03:50 B F:\xampp\htdocs\zendLibrary\Smarty-3.0.7\libs\plugins\modifiercompiler.wordwrap.php --> ftp.sbrafh.org.br /sbrafh/Web/zendLibrary/Smarty-3.0.7/libs/plugins modifiercompiler.wordwrap.php
2011.06.30 03:50 B F:\xampp\htdocs\zendLibrary\Smarty-3.0.7\libs\plugins\modifiercompiler.upper.php --> ftp.sbrafh.org.br /sbrafh/Web/zendLibrary/Smarty-3.0.7/libs/plugins modifiercompiler.upper.php
2011.06.30 03:50 B F:\xampp\htdocs\zendLibrary\Smarty-3.0.7\libs\plugins\modifiercompiler.strip_tags.php --> ftp.sbrafh.org.br /sbrafh/Web/zendLibrary/Smarty-3.0.7/libs/plugins modifiercompiler.strip_tags.php
2011.06.30 03:50 B F:\xampp\htdocs\zendLibrary\Smarty-3.0.7\libs\plugins\modifiercompiler.strip.php --> ftp.sbrafh.org.br /sbrafh/Web/zendLibrary/Smarty-3.0.7/libs/plugins modifiercompiler.strip.php
2011.06.30 03:50 B F:\xampp\htdocs\zendLibrary\Smarty-3.0.7\libs\plugins\modifiercompiler.string_format.php --> ftp.sbrafh.org.br /sbrafh/Web/zendLibrary/Smarty-3.0.7/libs/plugins modifiercompiler.string_format.php
2011.06.30 03:50 B F:\xampp\htdocs\zendLibrary\Smarty-3.0.7\libs\plugins\modifiercompiler.noprint.php --> ftp.sbrafh.org.br /sbrafh/Web/zendLibrary/Smarty-3.0.7/libs/plugins modifiercompiler.noprint.php
2011.06.30 03:50 B F:\xampp\htdocs\zendLibrary\Smarty-3.0.7\libs\plugins\modifiercompiler.lower.php --> ftp.sbrafh.org.br /sbrafh/Web/zendLibrary/Smarty-3.0.7/libs/plugins modifiercompiler.lower.php
2011.06.30 03:50 B F:\xampp\htdocs\zendLibrary\Smarty-3.0.7\libs\plugins\modifiercompiler.indent.php --> ftp.sbrafh.org.br /sbrafh/Web/zendLibrary/Smarty-3.0.7/libs/plugins modifiercompiler.indent.php
2011.06.30 03:50 B F:\xampp\htdocs\zendLibrary\Smarty-3.0.7\libs\plugins\modifiercompiler.default.php --> ftp.sbrafh.org.br /sbrafh/Web/zendLibrary/Smarty-3.0.7/libs/plugins modifiercompiler.default.php
2011.06.30 03:50 B F:\xampp\htdocs\zendLibrary\Smarty-3.0.7\libs\plugins\modifiercompiler.count_words.php --> ftp.sbrafh.org.br /sbrafh/Web/zendLibrary/Smarty-3.0.7/libs/plugins modifiercompiler.count_words.php
2011.06.30 03:50 B F:\xampp\htdocs\zendLibrary\Smarty-3.0.7\libs\plugins\modifiercompiler.count_sentences.php --> ftp.sbrafh.org.br /sbrafh/Web/zendLibrary/Smarty-3.0.7/libs/plugins modifiercompiler.count_sentences.php
2011.06.30 03:50 B F:\xampp\htdocs\zendLibrary\Smarty-3.0.7\libs\plugins\modifiercompiler.count_paragraphs.php --> ftp.sbrafh.org.br /sbrafh/Web/zendLibrary/Smarty-3.0.7/libs/plugins modifiercompiler.count_paragraphs.php
2011.06.30 03:50 B F:\xampp\htdocs\zendLibrary\Smarty-3.0.7\libs\plugins\modifiercompiler.count_characters.php --> ftp.sbrafh.org.br /sbrafh/Web/zendLibrary/Smarty-3.0.7/libs/plugins modifiercompiler.count_characters.php
2011.06.30 03:50 B F:\xampp\htdocs\zendLibrary\Smarty-3.0.7\libs\plugins\modifiercompiler.cat.php --> ftp.sbrafh.org.br /sbrafh/Web/zendLibrary/Smarty-3.0.7/libs/plugins modifiercompiler.cat.php
2011.06.30 03:50 B F:\xampp\htdocs\zendLibrary\Smarty-3.0.7\libs\plugins\modifier.truncate.php --> ftp.sbrafh.org.br /sbrafh/Web/zendLibrary/Smarty-3.0.7/libs/plugins modifier.truncate.php
2011.06.30 03:50 B F:\xampp\htdocs\zendLibrary\Smarty-3.0.7\libs\plugins\modifier.spacify.php --> ftp.sbrafh.org.br /sbrafh/Web/zendLibrary/Smarty-3.0.7/libs/plugins modifier.spacify.php
2011.06.30 03:50 B F:\xampp\htdocs\zendLibrary\Smarty-3.0.7\libs\plugins\modifier.replace.php --> ftp.sbrafh.org.br /sbrafh/Web/zendLibrary/Smarty-3.0.7/libs/plugins modifier.replace.php
2011.06.30 03:50 B F:\xampp\htdocs\zendLibrary\Smarty-3.0.7\libs\plugins\modifier.regex_replace.php --> ftp.sbrafh.org.br /sbrafh/Web/zendLibrary/Smarty-3.0.7/libs/plugins modifier.regex_replace.php
2011.06.30 03:50 B F:\xampp\htdocs\zendLibrary\Smarty-3.0.7\libs\plugins\modifier.escape.php --> ftp.sbrafh.org.br /sbrafh/Web/zendLibrary/Smarty-3.0.7/libs/plugins modifier.escape.php
2011.06.30 03:50 B F:\xampp\htdocs\zendLibrary\Smarty-3.0.7\libs\plugins\modifier.debug_print_var.php --> ftp.sbrafh.org.br /sbrafh/Web/zendLibrary/Smarty-3.0.7/libs/plugins modifier.debug_print_var.php
2011.06.30 03:50 B F:\xampp\htdocs\zendLibrary\Smarty-3.0.7\libs\plugins\modifier.date_format.php --> ftp.sbrafh.org.br /sbrafh/Web/zendLibrary/Smarty-3.0.7/libs/plugins modifier.date_format.php
2011.06.30 03:50 B F:\xampp\htdocs\zendLibrary\Smarty-3.0.7\libs\plugins\modifier.capitalize.php --> ftp.sbrafh.org.br /sbrafh/Web/zendLibrary/Smarty-3.0.7/libs/plugins modifier.capitalize.php
2011.06.30 03:50 B F:\xampp\htdocs\zendLibrary\Smarty-3.0.7\libs\plugins\function.math.php --> ftp.sbrafh.org.br /sbrafh/Web/zendLibrary/Smarty-3.0.7/libs/plugins function.math.php
2011.06.30 03:50 B F:\xampp\htdocs\zendLibrary\Smarty-3.0.7\libs\plugins\function.mailto.php --> ftp.sbrafh.org.br /sbrafh/Web/zendLibrary/Smarty-3.0.7/libs/plugins function.mailto.php
2011.06.30 03:50 B F:\xampp\htdocs\zendLibrary\Smarty-3.0.7\libs\plugins\function.html_table.php --> ftp.sbrafh.org.br /sbrafh/Web/zendLibrary/Smarty-3.0.7/libs/plugins function.html_table.php
2011.06.30 03:50 B F:\xampp\htdocs\zendLibrary\Smarty-3.0.7\libs\plugins\function.html_select_time.php --> ftp.sbrafh.org.br /sbrafh/Web/zendLibrary/Smarty-3.0.7/libs/plugins function.html_select_time.php
2011.06.30 03:50 B F:\xampp\htdocs\zendLibrary\Smarty-3.0.7\libs\plugins\function.html_select_date.php --> ftp.sbrafh.org.br /sbrafh/Web/zendLibrary/Smarty-3.0.7/libs/plugins function.html_select_date.php
2011.06.30 03:50 B F:\xampp\htdocs\zendLibrary\Smarty-3.0.7\libs\plugins\function.html_radios.php --> ftp.sbrafh.org.br /sbrafh/Web/zendLibrary/Smarty-3.0.7/libs/plugins function.html_radios.php
2011.06.30 03:50 B F:\xampp\htdocs\zendLibrary\Smarty-3.0.7\libs\plugins\function.html_options.php --> ftp.sbrafh.org.br /sbrafh/Web/zendLibrary/Smarty-3.0.7/libs/plugins function.html_options.php
2011.06.30 03:50 B F:\xampp\htdocs\zendLibrary\Smarty-3.0.7\libs\plugins\function.html_image.php --> ftp.sbrafh.org.br /sbrafh/Web/zendLibrary/Smarty-3.0.7/libs/plugins function.html_image.php
2011.06.30 03:50 B F:\xampp\htdocs\zendLibrary\Smarty-3.0.7\libs\plugins\function.html_checkboxes.php --> ftp.sbrafh.org.br /sbrafh/Web/zendLibrary/Smarty-3.0.7/libs/plugins function.html_checkboxes.php
2011.06.30 03:50 B F:\xampp\htdocs\zendLibrary\Smarty-3.0.7\libs\plugins\function.fetch.php --> ftp.sbrafh.org.br /sbrafh/Web/zendLibrary/Smarty-3.0.7/libs/plugins function.fetch.php
2011.06.30 03:50 B F:\xampp\htdocs\zendLibrary\Smarty-3.0.7\libs\plugins\function.cycle.php --> ftp.sbrafh.org.br /sbrafh/Web/zendLibrary/Smarty-3.0.7/libs/plugins function.cycle.php
2011.06.30 03:50 B F:\xampp\htdocs\zendLibrary\Smarty-3.0.7\libs\plugins\function.counter.php --> ftp.sbrafh.org.br /sbrafh/Web/zendLibrary/Smarty-3.0.7/libs/plugins function.counter.php
2011.06.30 03:50 B F:\xampp\htdocs\zendLibrary\Smarty-3.0.7\libs\plugins\block.textformat.php --> ftp.sbrafh.org.br /sbrafh/Web/zendLibrary/Smarty-3.0.7/libs/plugins block.textformat.php
2011.06.30 03:50 B F:\xampp\htdocs\zendLibrary\Smarty-3.0.7\libs\plugins\block.php.php --> ftp.sbrafh.org.br /sbrafh/Web/zendLibrary/Smarty-3.0.7/libs/plugins block.php.php
2011.07.08 23:42 B F:\xampp\htdocs\zendLibrary\Smarty-3.0.7\libs\plugins\block.php.php --> ftp.radiofone.com.br /public_html/radiofone/zendLibrary/Smarty-3.0.7/libs/plugins block.php.php
2011.07.08 23:42 B F:\xampp\htdocs\zendLibrary\Smarty-3.0.7\libs\plugins\block.textformat.php --> ftp.radiofone.com.br /public_html/radiofone/zendLibrary/Smarty-3.0.7/libs/plugins block.textformat.php
2011.07.08 23:42 B F:\xampp\htdocs\zendLibrary\Smarty-3.0.7\libs\plugins\function.counter.php --> ftp.radiofone.com.br /public_html/radiofone/zendLibrary/Smarty-3.0.7/libs/plugins function.counter.php
2011.07.08 23:42 B F:\xampp\htdocs\zendLibrary\Smarty-3.0.7\libs\plugins\function.cycle.php --> ftp.radiofone.com.br /public_html/radiofone/zendLibrary/Smarty-3.0.7/libs/plugins function.cycle.php
2011.07.08 23:42 B F:\xampp\htdocs\zendLibrary\Smarty-3.0.7\libs\plugins\function.fetch.php --> ftp.radiofone.com.br /public_html/radiofone/zendLibrary/Smarty-3.0.7/libs/plugins function.fetch.php
2011.07.08 23:42 B F:\xampp\htdocs\zendLibrary\Smarty-3.0.7\libs\plugins\function.html_checkboxes.php --> ftp.radiofone.com.br /public_html/radiofone/zendLibrary/Smarty-3.0.7/libs/plugins function.html_checkboxes.php
2011.07.08 23:42 B F:\xampp\htdocs\zendLibrary\Smarty-3.0.7\libs\plugins\function.html_image.php --> ftp.radiofone.com.br /public_html/radiofone/zendLibrary/Smarty-3.0.7/libs/plugins function.html_image.php
2011.07.08 23:42 B F:\xampp\htdocs\zendLibrary\Smarty-3.0.7\libs\plugins\function.html_options.php --> ftp.radiofone.com.br /public_html/radiofone/zendLibrary/Smarty-3.0.7/libs/plugins function.html_options.php
2011.07.08 23:42 B F:\xampp\htdocs\zendLibrary\Smarty-3.0.7\libs\plugins\function.html_radios.php --> ftp.radiofone.com.br /public_html/radiofone/zendLibrary/Smarty-3.0.7/libs/plugins function.html_radios.php
2011.07.08 23:42 B F:\xampp\htdocs\zendLibrary\Smarty-3.0.7\libs\plugins\function.html_select_date.php --> ftp.radiofone.com.br /public_html/radiofone/zendLibrary/Smarty-3.0.7/libs/plugins function.html_select_date.php
2011.07.08 23:42 B F:\xampp\htdocs\zendLibrary\Smarty-3.0.7\libs\plugins\function.html_select_time.php --> ftp.radiofone.com.br /public_html/radiofone/zendLibrary/Smarty-3.0.7/libs/plugins function.html_select_time.php
2011.07.08 23:42 B F:\xampp\htdocs\zendLibrary\Smarty-3.0.7\libs\plugins\function.html_table.php --> ftp.radiofone.com.br /public_html/radiofone/zendLibrary/Smarty-3.0.7/libs/plugins function.html_table.php
2011.07.08 23:42 B F:\xampp\htdocs\zendLibrary\Smarty-3.0.7\libs\plugins\function.mailto.php --> ftp.radiofone.com.br /public_html/radiofone/zendLibrary/Smarty-3.0.7/libs/plugins function.mailto.php
2011.07.08 23:42 B F:\xampp\htdocs\zendLibrary\Smarty-3.0.7\libs\plugins\function.math.php --> ftp.radiofone.com.br /public_html/radiofone/zendLibrary/Smarty-3.0.7/libs/plugins function.math.php
2011.07.08 23:42 B F:\xampp\htdocs\zendLibrary\Smarty-3.0.7\libs\plugins\modifier.capitalize.php --> ftp.radiofone.com.br /public_html/radiofone/zendLibrary/Smarty-3.0.7/libs/plugins modifier.capitalize.php
2011.07.08 23:42 B F:\xampp\htdocs\zendLibrary\Smarty-3.0.7\libs\plugins\modifier.date_format.php --> ftp.radiofone.com.br /public_html/radiofone/zendLibrary/Smarty-3.0.7/libs/plugins modifier.date_format.php
2011.07.08 23:42 B F:\xampp\htdocs\zendLibrary\Smarty-3.0.7\libs\plugins\modifier.debug_print_var.php --> ftp.radiofone.com.br /public_html/radiofone/zendLibrary/Smarty-3.0.7/libs/plugins modifier.debug_print_var.php
2011.07.08 23:42 B F:\xampp\htdocs\zendLibrary\Smarty-3.0.7\libs\plugins\modifier.escape.php --> ftp.radiofone.com.br /public_html/radiofone/zendLibrary/Smarty-3.0.7/libs/plugins modifier.escape.php
2011.07.08 23:42 B F:\xampp\htdocs\zendLibrary\Smarty-3.0.7\libs\plugins\modifier.regex_replace.php --> ftp.radiofone.com.br /public_html/radiofone/zendLibrary/Smarty-3.0.7/libs/plugins modifier.regex_replace.php
2011.07.08 23:42 B F:\xampp\htdocs\zendLibrary\Smarty-3.0.7\libs\plugins\modifier.replace.php --> ftp.radiofone.com.br /public_html/radiofone/zendLibrary/Smarty-3.0.7/libs/plugins modifier.replace.php
2011.07.08 23:42 B F:\xampp\htdocs\zendLibrary\Smarty-3.0.7\libs\plugins\modifier.spacify.php --> ftp.radiofone.com.br /public_html/radiofone/zendLibrary/Smarty-3.0.7/libs/plugins modifier.spacify.php
2011.07.08 23:42 B F:\xampp\htdocs\zendLibrary\Smarty-3.0.7\libs\plugins\modifier.truncate.php --> ftp.radiofone.com.br /public_html/radiofone/zendLibrary/Smarty-3.0.7/libs/plugins modifier.truncate.php
2011.07.08 23:42 B F:\xampp\htdocs\zendLibrary\Smarty-3.0.7\libs\plugins\modifiercompiler.cat.php --> ftp.radiofone.com.br /public_html/radiofone/zendLibrary/Smarty-3.0.7/libs/plugins modifiercompiler.cat.php
2011.07.08 23:42 B F:\xampp\htdocs\zendLibrary\Smarty-3.0.7\libs\plugins\modifiercompiler.count_characters.php --> ftp.radiofone.com.br /public_html/radiofone/zendLibrary/Smarty-3.0.7/libs/plugins modifiercompiler.count_characters.php
2011.07.08 23:42 B F:\xampp\htdocs\zendLibrary\Smarty-3.0.7\libs\plugins\modifiercompiler.count_paragraphs.php --> ftp.radiofone.com.br /public_html/radiofone/zendLibrary/Smarty-3.0.7/libs/plugins modifiercompiler.count_paragraphs.php
2011.07.08 23:42 B F:\xampp\htdocs\zendLibrary\Smarty-3.0.7\libs\plugins\modifiercompiler.count_sentences.php --> ftp.radiofone.com.br /public_html/radiofone/zendLibrary/Smarty-3.0.7/libs/plugins modifiercompiler.count_sentences.php
2011.07.08 23:42 B F:\xampp\htdocs\zendLibrary\Smarty-3.0.7\libs\plugins\modifiercompiler.count_words.php --> ftp.radiofone.com.br /public_html/radiofone/zendLibrary/Smarty-3.0.7/libs/plugins modifiercompiler.count_words.php
2011.07.08 23:42 B F:\xampp\htdocs\zendLibrary\Smarty-3.0.7\libs\plugins\modifiercompiler.default.php --> ftp.radiofone.com.br /public_html/radiofone/zendLibrary/Smarty-3.0.7/libs/plugins modifiercompiler.default.php
2011.07.08 23:42 B F:\xampp\htdocs\zendLibrary\Smarty-3.0.7\libs\plugins\modifiercompiler.indent.php --> ftp.radiofone.com.br /public_html/radiofone/zendLibrary/Smarty-3.0.7/libs/plugins modifiercompiler.indent.php
2011.07.08 23:42 B F:\xampp\htdocs\zendLibrary\Smarty-3.0.7\libs\plugins\modifiercompiler.lower.php --> ftp.radiofone.com.br /public_html/radiofone/zendLibrary/Smarty-3.0.7/libs/plugins modifiercompiler.lower.php
2011.07.08 23:42 B F:\xampp\htdocs\zendLibrary\Smarty-3.0.7\libs\plugins\modifiercompiler.noprint.php --> ftp.radiofone.com.br /public_html/radiofone/zendLibrary/Smarty-3.0.7/libs/plugins modifiercompiler.noprint.php
2011.07.08 23:42 B F:\xampp\htdocs\zendLibrary\Smarty-3.0.7\libs\plugins\modifiercompiler.string_format.php --> ftp.radiofone.com.br /public_html/radiofone/zendLibrary/Smarty-3.0.7/libs/plugins modifiercompiler.string_format.php
2011.07.08 23:42 B F:\xampp\htdocs\zendLibrary\Smarty-3.0.7\libs\plugins\modifiercompiler.strip.php --> ftp.radiofone.com.br /public_html/radiofone/zendLibrary/Smarty-3.0.7/libs/plugins modifiercompiler.strip.php
2011.07.08 23:42 B F:\xampp\htdocs\zendLibrary\Smarty-3.0.7\libs\plugins\modifiercompiler.strip_tags.php --> ftp.radiofone.com.br /public_html/radiofone/zendLibrary/Smarty-3.0.7/libs/plugins modifiercompiler.strip_tags.php
2011.07.08 23:42 B F:\xampp\htdocs\zendLibrary\Smarty-3.0.7\libs\plugins\modifiercompiler.upper.php --> ftp.radiofone.com.br /public_html/radiofone/zendLibrary/Smarty-3.0.7/libs/plugins modifiercompiler.upper.php
2011.07.08 23:42 B F:\xampp\htdocs\zendLibrary\Smarty-3.0.7\libs\plugins\modifiercompiler.wordwrap.php --> ftp.radiofone.com.br /public_html/radiofone/zendLibrary/Smarty-3.0.7/libs/plugins modifiercompiler.wordwrap.php
2011.07.08 23:42 B F:\xampp\htdocs\zendLibrary\Smarty-3.0.7\libs\plugins\outputfilter.trimwhitespace.php --> ftp.radiofone.com.br /public_html/radiofone/zendLibrary/Smarty-3.0.7/libs/plugins outputfilter.trimwhitespace.php
2011.07.08 23:42 B F:\xampp\htdocs\zendLibrary\Smarty-3.0.7\libs\plugins\shared.escape_special_chars.php --> ftp.radiofone.com.br /public_html/radiofone/zendLibrary/Smarty-3.0.7/libs/plugins shared.escape_special_chars.php
2011.07.08 23:42 B F:\xampp\htdocs\zendLibrary\Smarty-3.0.7\libs\plugins\shared.make_timestamp.php --> ftp.radiofone.com.br /public_html/radiofone/zendLibrary/Smarty-3.0.7/libs/plugins shared.make_timestamp.php
2011.07.08 23:42 B F:\xampp\htdocs\zendLibrary\Smarty-3.0.7\libs\plugins\shared.mb_str_replace.php --> ftp.radiofone.com.br /public_html/radiofone/zendLibrary/Smarty-3.0.7/libs/plugins shared.mb_str_replace.php
2011.07.08 23:42 B F:\xampp\htdocs\zendLibrary\Smarty-3.0.7\libs\plugins\variablefilter.htmlspecialchars.php --> ftp.radiofone.com.br /public_html/radiofone/zendLibrary/Smarty-3.0.7/libs/plugins variablefilter.htmlspecialchars.php
2011.07.08 23:42 B F:\xampp\htdocs\zendLibrary\Smarty-3.0.7\libs\plugins\WS_FTP.LOG --> ftp.radiofone.com.br /public_html/radiofone/zendLibrary/Smarty-3.0.7/libs/plugins WS_FTP.LOG
2011.07.09 00:44 B F:\xampp\htdocs\zendLibrary\Smarty-3.0.7\libs\plugins\WS_FTP.LOG --> ftp.radiofone.com.br /public_html/radiofone/zendLibrary/Smarty-3.0.7/libs/plugins WS_FTP.LOG
2011.07.26 22:42 B F:\xampp\htdocs\zendLibrary\Smarty-3.0.7\libs\plugins\block.php.php --> ftp.sobrafo.org.br /public_html/zendLibrary/Smarty-3.0.7/libs/plugins block.php.php
2011.07.26 22:42 B F:\xampp\htdocs\zendLibrary\Smarty-3.0.7\libs\plugins\block.textformat.php --> ftp.sobrafo.org.br /public_html/zendLibrary/Smarty-3.0.7/libs/plugins block.textformat.php
2011.07.26 22:42 B F:\xampp\htdocs\zendLibrary\Smarty-3.0.7\libs\plugins\function.counter.php --> ftp.sobrafo.org.br /public_html/zendLibrary/Smarty-3.0.7/libs/plugins function.counter.php
2011.07.26 22:42 B F:\xampp\htdocs\zendLibrary\Smarty-3.0.7\libs\plugins\function.cycle.php --> ftp.sobrafo.org.br /public_html/zendLibrary/Smarty-3.0.7/libs/plugins function.cycle.php
2011.07.26 22:42 B F:\xampp\htdocs\zendLibrary\Smarty-3.0.7\libs\plugins\function.fetch.php --> ftp.sobrafo.org.br /public_html/zendLibrary/Smarty-3.0.7/libs/plugins function.fetch.php
2011.07.26 22:42 B F:\xampp\htdocs\zendLibrary\Smarty-3.0.7\libs\plugins\function.html_checkboxes.php --> ftp.sobrafo.org.br /public_html/zendLibrary/Smarty-3.0.7/libs/plugins function.html_checkboxes.php
2011.07.26 22:42 B F:\xampp\htdocs\zendLibrary\Smarty-3.0.7\libs\plugins\function.html_image.php --> ftp.sobrafo.org.br /public_html/zendLibrary/Smarty-3.0.7/libs/plugins function.html_image.php
2011.07.26 22:42 B F:\xampp\htdocs\zendLibrary\Smarty-3.0.7\libs\plugins\function.html_options.php --> ftp.sobrafo.org.br /public_html/zendLibrary/Smarty-3.0.7/libs/plugins function.html_options.php
2011.07.26 22:42 B F:\xampp\htdocs\zendLibrary\Smarty-3.0.7\libs\plugins\function.html_radios.php --> ftp.sobrafo.org.br /public_html/zendLibrary/Smarty-3.0.7/libs/plugins function.html_radios.php
2011.07.26 22:42 B F:\xampp\htdocs\zendLibrary\Smarty-3.0.7\libs\plugins\function.html_select_date.php --> ftp.sobrafo.org.br /public_html/zendLibrary/Smarty-3.0.7/libs/plugins function.html_select_date.php
2011.07.26 22:42 B F:\xampp\htdocs\zendLibrary\Smarty-3.0.7\libs\plugins\function.html_select_time.php --> ftp.sobrafo.org.br /public_html/zendLibrary/Smarty-3.0.7/libs/plugins function.html_select_time.php
2011.07.26 22:42 B F:\xampp\htdocs\zendLibrary\Smarty-3.0.7\libs\plugins\function.html_table.php --> ftp.sobrafo.org.br /public_html/zendLibrary/Smarty-3.0.7/libs/plugins function.html_table.php
2011.07.26 22:42 B F:\xampp\htdocs\zendLibrary\Smarty-3.0.7\libs\plugins\function.mailto.php --> ftp.sobrafo.org.br /public_html/zendLibrary/Smarty-3.0.7/libs/plugins function.mailto.php
2011.07.26 22:42 B F:\xampp\htdocs\zendLibrary\Smarty-3.0.7\libs\plugins\function.math.php --> ftp.sobrafo.org.br /public_html/zendLibrary/Smarty-3.0.7/libs/plugins function.math.php
2011.07.26 22:42 B F:\xampp\htdocs\zendLibrary\Smarty-3.0.7\libs\plugins\modifier.capitalize.php --> ftp.sobrafo.org.br /public_html/zendLibrary/Smarty-3.0.7/libs/plugins modifier.capitalize.php
2011.07.26 22:42 B F:\xampp\htdocs\zendLibrary\Smarty-3.0.7\libs\plugins\modifier.date_format.php --> ftp.sobrafo.org.br /public_html/zendLibrary/Smarty-3.0.7/libs/plugins modifier.date_format.php
2011.07.26 22:42 B F:\xampp\htdocs\zendLibrary\Smarty-3.0.7\libs\plugins\modifier.debug_print_var.php --> ftp.sobrafo.org.br /public_html/zendLibrary/Smarty-3.0.7/libs/plugins modifier.debug_print_var.php
2011.07.26 22:42 B F:\xampp\htdocs\zendLibrary\Smarty-3.0.7\libs\plugins\modifier.escape.php --> ftp.sobrafo.org.br /public_html/zendLibrary/Smarty-3.0.7/libs/plugins modifier.escape.php
2011.07.26 22:42 B F:\xampp\htdocs\zendLibrary\Smarty-3.0.7\libs\plugins\modifier.regex_replace.php --> ftp.sobrafo.org.br /public_html/zendLibrary/Smarty-3.0.7/libs/plugins modifier.regex_replace.php
2011.07.26 22:42 B F:\xampp\htdocs\zendLibrary\Smarty-3.0.7\libs\plugins\modifier.replace.php --> ftp.sobrafo.org.br /public_html/zendLibrary/Smarty-3.0.7/libs/plugins modifier.replace.php
2011.07.26 22:42 B F:\xampp\htdocs\zendLibrary\Smarty-3.0.7\libs\plugins\modifier.spacify.php --> ftp.sobrafo.org.br /public_html/zendLibrary/Smarty-3.0.7/libs/plugins modifier.spacify.php
2011.07.26 22:42 B F:\xampp\htdocs\zendLibrary\Smarty-3.0.7\libs\plugins\modifier.truncate.php --> ftp.sobrafo.org.br /public_html/zendLibrary/Smarty-3.0.7/libs/plugins modifier.truncate.php
2011.07.26 22:42 B F:\xampp\htdocs\zendLibrary\Smarty-3.0.7\libs\plugins\modifiercompiler.cat.php --> ftp.sobrafo.org.br /public_html/zendLibrary/Smarty-3.0.7/libs/plugins modifiercompiler.cat.php
2011.07.26 22:42 B F:\xampp\htdocs\zendLibrary\Smarty-3.0.7\libs\plugins\modifiercompiler.count_characters.php --> ftp.sobrafo.org.br /public_html/zendLibrary/Smarty-3.0.7/libs/plugins modifiercompiler.count_characters.php
2011.07.26 22:42 B F:\xampp\htdocs\zendLibrary\Smarty-3.0.7\libs\plugins\modifiercompiler.count_paragraphs.php --> ftp.sobrafo.org.br /public_html/zendLibrary/Smarty-3.0.7/libs/plugins modifiercompiler.count_paragraphs.php
2011.07.26 22:42 B F:\xampp\htdocs\zendLibrary\Smarty-3.0.7\libs\plugins\modifiercompiler.count_sentences.php --> ftp.sobrafo.org.br /public_html/zendLibrary/Smarty-3.0.7/libs/plugins modifiercompiler.count_sentences.php
2011.07.26 22:42 B F:\xampp\htdocs\zendLibrary\Smarty-3.0.7\libs\plugins\modifiercompiler.count_words.php --> ftp.sobrafo.org.br /public_html/zendLibrary/Smarty-3.0.7/libs/plugins modifiercompiler.count_words.php
2011.07.26 22:42 B F:\xampp\htdocs\zendLibrary\Smarty-3.0.7\libs\plugins\modifiercompiler.default.php --> ftp.sobrafo.org.br /public_html/zendLibrary/Smarty-3.0.7/libs/plugins modifiercompiler.default.php
2011.07.26 22:42 B F:\xampp\htdocs\zendLibrary\Smarty-3.0.7\libs\plugins\modifiercompiler.indent.php --> ftp.sobrafo.org.br /public_html/zendLibrary/Smarty-3.0.7/libs/plugins modifiercompiler.indent.php
2011.07.26 22:42 B F:\xampp\htdocs\zendLibrary\Smarty-3.0.7\libs\plugins\modifiercompiler.lower.php --> ftp.sobrafo.org.br /public_html/zendLibrary/Smarty-3.0.7/libs/plugins modifiercompiler.lower.php
2011.07.26 22:42 B F:\xampp\htdocs\zendLibrary\Smarty-3.0.7\libs\plugins\modifiercompiler.noprint.php --> ftp.sobrafo.org.br /public_html/zendLibrary/Smarty-3.0.7/libs/plugins modifiercompiler.noprint.php
2011.07.26 22:42 B F:\xampp\htdocs\zendLibrary\Smarty-3.0.7\libs\plugins\modifiercompiler.string_format.php --> ftp.sobrafo.org.br /public_html/zendLibrary/Smarty-3.0.7/libs/plugins modifiercompiler.string_format.php
2011.07.26 22:42 B F:\xampp\htdocs\zendLibrary\Smarty-3.0.7\libs\plugins\modifiercompiler.strip.php --> ftp.sobrafo.org.br /public_html/zendLibrary/Smarty-3.0.7/libs/plugins modifiercompiler.strip.php
2011.07.26 22:42 B F:\xampp\htdocs\zendLibrary\Smarty-3.0.7\libs\plugins\modifiercompiler.strip_tags.php --> ftp.sobrafo.org.br /public_html/zendLibrary/Smarty-3.0.7/libs/plugins modifiercompiler.strip_tags.php
2011.07.26 22:42 B F:\xampp\htdocs\zendLibrary\Smarty-3.0.7\libs\plugins\modifiercompiler.upper.php --> ftp.sobrafo.org.br /public_html/zendLibrary/Smarty-3.0.7/libs/plugins modifiercompiler.upper.php
2011.07.26 22:42 B F:\xampp\htdocs\zendLibrary\Smarty-3.0.7\libs\plugins\modifiercompiler.wordwrap.php --> ftp.sobrafo.org.br /public_html/zendLibrary/Smarty-3.0.7/libs/plugins modifiercompiler.wordwrap.php
2011.07.26 22:42 B F:\xampp\htdocs\zendLibrary\Smarty-3.0.7\libs\plugins\outputfilter.trimwhitespace.php --> ftp.sobrafo.org.br /public_html/zendLibrary/Smarty-3.0.7/libs/plugins outputfilter.trimwhitespace.php
2011.07.26 22:42 B F:\xampp\htdocs\zendLibrary\Smarty-3.0.7\libs\plugins\shared.escape_special_chars.php --> ftp.sobrafo.org.br /public_html/zendLibrary/Smarty-3.0.7/libs/plugins shared.escape_special_chars.php
2011.07.26 22:42 B F:\xampp\htdocs\zendLibrary\Smarty-3.0.7\libs\plugins\shared.make_timestamp.php --> ftp.sobrafo.org.br /public_html/zendLibrary/Smarty-3.0.7/libs/plugins shared.make_timestamp.php
2011.07.26 22:42 B F:\xampp\htdocs\zendLibrary\Smarty-3.0.7\libs\plugins\shared.mb_str_replace.php --> ftp.sobrafo.org.br /public_html/zendLibrary/Smarty-3.0.7/libs/plugins shared.mb_str_replace.php
2011.07.26 22:42 B F:\xampp\htdocs\zendLibrary\Smarty-3.0.7\libs\plugins\variablefilter.htmlspecialchars.php --> ftp.sobrafo.org.br /public_html/zendLibrary/Smarty-3.0.7/libs/plugins variablefilter.htmlspecialchars.php
2011.07.26 22:42 B F:\xampp\htdocs\zendLibrary\Smarty-3.0.7\libs\plugins\WS_FTP.LOG --> ftp.sobrafo.org.br /public_html/zendLibrary/Smarty-3.0.7/libs/plugins WS_FTP.LOG
2011.08.09 16:52 B F:\xampp\htdocs\ZendLibrary\Smarty-3.0.7\libs\plugins\block.php.php --> ftp.amfar.com.br /public_html/ZendLibrary/Smarty-3.0.7/libs/plugins block.php.php
2011.08.09 16:52 B F:\xampp\htdocs\ZendLibrary\Smarty-3.0.7\libs\plugins\block.textformat.php --> ftp.amfar.com.br /public_html/ZendLibrary/Smarty-3.0.7/libs/plugins block.textformat.php
2011.08.09 16:52 B F:\xampp\htdocs\ZendLibrary\Smarty-3.0.7\libs\plugins\function.counter.php --> ftp.amfar.com.br /public_html/ZendLibrary/Smarty-3.0.7/libs/plugins function.counter.php
2011.08.09 16:52 B F:\xampp\htdocs\ZendLibrary\Smarty-3.0.7\libs\plugins\function.cycle.php --> ftp.amfar.com.br /public_html/ZendLibrary/Smarty-3.0.7/libs/plugins function.cycle.php
2011.08.09 16:52 B F:\xampp\htdocs\ZendLibrary\Smarty-3.0.7\libs\plugins\function.fetch.php --> ftp.amfar.com.br /public_html/ZendLibrary/Smarty-3.0.7/libs/plugins function.fetch.php
2011.08.09 16:52 B F:\xampp\htdocs\ZendLibrary\Smarty-3.0.7\libs\plugins\function.html_checkboxes.php --> ftp.amfar.com.br /public_html/ZendLibrary/Smarty-3.0.7/libs/plugins function.html_checkboxes.php
2011.08.09 16:52 B F:\xampp\htdocs\ZendLibrary\Smarty-3.0.7\libs\plugins\function.html_image.php --> ftp.amfar.com.br /public_html/ZendLibrary/Smarty-3.0.7/libs/plugins function.html_image.php
2011.08.09 16:52 B F:\xampp\htdocs\ZendLibrary\Smarty-3.0.7\libs\plugins\function.html_options.php --> ftp.amfar.com.br /public_html/ZendLibrary/Smarty-3.0.7/libs/plugins function.html_options.php
2011.08.09 16:52 B F:\xampp\htdocs\ZendLibrary\Smarty-3.0.7\libs\plugins\function.html_radios.php --> ftp.amfar.com.br /public_html/ZendLibrary/Smarty-3.0.7/libs/plugins function.html_radios.php
2011.08.09 16:52 B F:\xampp\htdocs\ZendLibrary\Smarty-3.0.7\libs\plugins\function.html_select_date.php --> ftp.amfar.com.br /public_html/ZendLibrary/Smarty-3.0.7/libs/plugins function.html_select_date.php
2011.08.09 16:52 B F:\xampp\htdocs\ZendLibrary\Smarty-3.0.7\libs\plugins\function.html_select_time.php --> ftp.amfar.com.br /public_html/ZendLibrary/Smarty-3.0.7/libs/plugins function.html_select_time.php
2011.08.09 16:52 B F:\xampp\htdocs\ZendLibrary\Smarty-3.0.7\libs\plugins\function.html_table.php --> ftp.amfar.com.br /public_html/ZendLibrary/Smarty-3.0.7/libs/plugins function.html_table.php
2011.08.09 16:52 B F:\xampp\htdocs\ZendLibrary\Smarty-3.0.7\libs\plugins\function.mailto.php --> ftp.amfar.com.br /public_html/ZendLibrary/Smarty-3.0.7/libs/plugins function.mailto.php
2011.08.09 16:52 B F:\xampp\htdocs\ZendLibrary\Smarty-3.0.7\libs\plugins\function.math.php --> ftp.amfar.com.br /public_html/ZendLibrary/Smarty-3.0.7/libs/plugins function.math.php
2011.08.09 16:52 B F:\xampp\htdocs\ZendLibrary\Smarty-3.0.7\libs\plugins\modifier.capitalize.php --> ftp.amfar.com.br /public_html/ZendLibrary/Smarty-3.0.7/libs/plugins modifier.capitalize.php
2011.08.09 16:52 B F:\xampp\htdocs\ZendLibrary\Smarty-3.0.7\libs\plugins\modifier.date_format.php --> ftp.amfar.com.br /public_html/ZendLibrary/Smarty-3.0.7/libs/plugins modifier.date_format.php
2011.08.09 16:52 B F:\xampp\htdocs\ZendLibrary\Smarty-3.0.7\libs\plugins\modifier.debug_print_var.php --> ftp.amfar.com.br /public_html/ZendLibrary/Smarty-3.0.7/libs/plugins modifier.debug_print_var.php
2011.08.09 16:52 B F:\xampp\htdocs\ZendLibrary\Smarty-3.0.7\libs\plugins\modifier.escape.php --> ftp.amfar.com.br /public_html/ZendLibrary/Smarty-3.0.7/libs/plugins modifier.escape.php
2011.08.09 16:52 B F:\xampp\htdocs\ZendLibrary\Smarty-3.0.7\libs\plugins\modifier.regex_replace.php --> ftp.amfar.com.br /public_html/ZendLibrary/Smarty-3.0.7/libs/plugins modifier.regex_replace.php
2011.08.09 16:52 B F:\xampp\htdocs\ZendLibrary\Smarty-3.0.7\libs\plugins\modifier.replace.php --> ftp.amfar.com.br /public_html/ZendLibrary/Smarty-3.0.7/libs/plugins modifier.replace.php
2011.08.09 16:52 B F:\xampp\htdocs\ZendLibrary\Smarty-3.0.7\libs\plugins\modifier.spacify.php --> ftp.amfar.com.br /public_html/ZendLibrary/Smarty-3.0.7/libs/plugins modifier.spacify.php
2011.08.09 16:52 B F:\xampp\htdocs\ZendLibrary\Smarty-3.0.7\libs\plugins\modifier.truncate.php --> ftp.amfar.com.br /public_html/ZendLibrary/Smarty-3.0.7/libs/plugins modifier.truncate.php
2011.08.09 16:52 B F:\xampp\htdocs\ZendLibrary\Smarty-3.0.7\libs\plugins\modifiercompiler.cat.php --> ftp.amfar.com.br /public_html/ZendLibrary/Smarty-3.0.7/libs/plugins modifiercompiler.cat.php
2011.08.09 16:52 B F:\xampp\htdocs\ZendLibrary\Smarty-3.0.7\libs\plugins\modifiercompiler.count_characters.php --> ftp.amfar.com.br /public_html/ZendLibrary/Smarty-3.0.7/libs/plugins modifiercompiler.count_characters.php
2011.08.09 16:52 B F:\xampp\htdocs\ZendLibrary\Smarty-3.0.7\libs\plugins\modifiercompiler.count_paragraphs.php --> ftp.amfar.com.br /public_html/ZendLibrary/Smarty-3.0.7/libs/plugins modifiercompiler.count_paragraphs.php
2011.08.09 16:52 B F:\xampp\htdocs\ZendLibrary\Smarty-3.0.7\libs\plugins\modifiercompiler.count_sentences.php --> ftp.amfar.com.br /public_html/ZendLibrary/Smarty-3.0.7/libs/plugins modifiercompiler.count_sentences.php
2011.08.09 16:52 B F:\xampp\htdocs\ZendLibrary\Smarty-3.0.7\libs\plugins\modifiercompiler.count_words.php --> ftp.amfar.com.br /public_html/ZendLibrary/Smarty-3.0.7/libs/plugins modifiercompiler.count_words.php
2011.08.09 16:52 B F:\xampp\htdocs\ZendLibrary\Smarty-3.0.7\libs\plugins\modifiercompiler.default.php --> ftp.amfar.com.br /public_html/ZendLibrary/Smarty-3.0.7/libs/plugins modifiercompiler.default.php
2011.08.09 16:52 B F:\xampp\htdocs\ZendLibrary\Smarty-3.0.7\libs\plugins\modifiercompiler.indent.php --> ftp.amfar.com.br /public_html/ZendLibrary/Smarty-3.0.7/libs/plugins modifiercompiler.indent.php
2011.08.09 16:52 B F:\xampp\htdocs\ZendLibrary\Smarty-3.0.7\libs\plugins\modifiercompiler.lower.php --> ftp.amfar.com.br /public_html/ZendLibrary/Smarty-3.0.7/libs/plugins modifiercompiler.lower.php
2011.08.09 16:52 B F:\xampp\htdocs\ZendLibrary\Smarty-3.0.7\libs\plugins\modifiercompiler.noprint.php --> ftp.amfar.com.br /public_html/ZendLibrary/Smarty-3.0.7/libs/plugins modifiercompiler.noprint.php
2011.08.09 16:52 B F:\xampp\htdocs\ZendLibrary\Smarty-3.0.7\libs\plugins\modifiercompiler.string_format.php --> ftp.amfar.com.br /public_html/ZendLibrary/Smarty-3.0.7/libs/plugins modifiercompiler.string_format.php
2011.08.09 16:52 B F:\xampp\htdocs\ZendLibrary\Smarty-3.0.7\libs\plugins\modifiercompiler.strip.php --> ftp.amfar.com.br /public_html/ZendLibrary/Smarty-3.0.7/libs/plugins modifiercompiler.strip.php
2011.08.09 16:52 B F:\xampp\htdocs\ZendLibrary\Smarty-3.0.7\libs\plugins\modifiercompiler.strip_tags.php --> ftp.amfar.com.br /public_html/ZendLibrary/Smarty-3.0.7/libs/plugins modifiercompiler.strip_tags.php
2011.08.09 16:52 B F:\xampp\htdocs\ZendLibrary\Smarty-3.0.7\libs\plugins\modifiercompiler.upper.php --> ftp.amfar.com.br /public_html/ZendLibrary/Smarty-3.0.7/libs/plugins modifiercompiler.upper.php
2011.08.09 16:52 B F:\xampp\htdocs\ZendLibrary\Smarty-3.0.7\libs\plugins\modifiercompiler.wordwrap.php --> ftp.amfar.com.br /public_html/ZendLibrary/Smarty-3.0.7/libs/plugins modifiercompiler.wordwrap.php
2011.08.09 16:52 B F:\xampp\htdocs\ZendLibrary\Smarty-3.0.7\libs\plugins\outputfilter.trimwhitespace.php --> ftp.amfar.com.br /public_html/ZendLibrary/Smarty-3.0.7/libs/plugins outputfilter.trimwhitespace.php
2011.08.09 16:52 B F:\xampp\htdocs\ZendLibrary\Smarty-3.0.7\libs\plugins\shared.escape_special_chars.php --> ftp.amfar.com.br /public_html/ZendLibrary/Smarty-3.0.7/libs/plugins shared.escape_special_chars.php
2011.08.09 16:52 B F:\xampp\htdocs\ZendLibrary\Smarty-3.0.7\libs\plugins\shared.make_timestamp.php --> ftp.amfar.com.br /public_html/ZendLibrary/Smarty-3.0.7/libs/plugins shared.make_timestamp.php
2011.08.09 16:52 B F:\xampp\htdocs\ZendLibrary\Smarty-3.0.7\libs\plugins\shared.mb_str_replace.php --> ftp.amfar.com.br /public_html/ZendLibrary/Smarty-3.0.7/libs/plugins shared.mb_str_replace.php
2011.08.09 16:52 B F:\xampp\htdocs\ZendLibrary\Smarty-3.0.7\libs\plugins\variablefilter.htmlspecialchars.php --> ftp.amfar.com.br /public_html/ZendLibrary/Smarty-3.0.7/libs/plugins variablefilter.htmlspecialchars.php
