2007.05.25 15:28 B Z:\mailing\e-mailing\fckeditor\editor\filemanager\browser\default\images\ButtonArrow.gif --> ftp.sbrafh.org.br /public_html/e-mailing/fckeditor/editor/filemanager/browser/default/images ButtonArrow.gif
2007.05.25 15:28 B Z:\mailing\e-mailing\fckeditor\editor\filemanager\browser\default\images\Folder.gif --> ftp.sbrafh.org.br /public_html/e-mailing/fckeditor/editor/filemanager/browser/default/images Folder.gif
2007.05.25 15:28 B Z:\mailing\e-mailing\fckeditor\editor\filemanager\browser\default\images\Folder32.gif --> ftp.sbrafh.org.br /public_html/e-mailing/fckeditor/editor/filemanager/browser/default/images Folder32.gif
2007.05.25 15:28 B Z:\mailing\e-mailing\fckeditor\editor\filemanager\browser\default\images\FolderOpened.gif --> ftp.sbrafh.org.br /public_html/e-mailing/fckeditor/editor/filemanager/browser/default/images FolderOpened.gif
2007.05.25 15:28 B Z:\mailing\e-mailing\fckeditor\editor\filemanager\browser\default\images\FolderOpened32.gif --> ftp.sbrafh.org.br /public_html/e-mailing/fckeditor/editor/filemanager/browser/default/images FolderOpened32.gif
2007.05.25 15:28 B Z:\mailing\e-mailing\fckeditor\editor\filemanager\browser\default\images\FolderUp.gif --> ftp.sbrafh.org.br /public_html/e-mailing/fckeditor/editor/filemanager/browser/default/images FolderUp.gif
2007.05.25 15:28 B Z:\mailing\e-mailing\fckeditor\editor\filemanager\browser\default\images\spacer.gif --> ftp.sbrafh.org.br /public_html/e-mailing/fckeditor/editor/filemanager/browser/default/images spacer.gif
2007.05.28 17:39 B Z:\mailing\e-mailing\fckeditor\editor\filemanager\browser\default\images\ButtonArrow.gif <-- sbrafh /public_html/e-mailing/fckeditor/editor/filemanager/browser/default/images ButtonArrow.gif
2007.05.28 17:39 B Z:\mailing\e-mailing\fckeditor\editor\filemanager\browser\default\images\Folder.gif <-- sbrafh /public_html/e-mailing/fckeditor/editor/filemanager/browser/default/images Folder.gif
2007.05.28 17:39 B Z:\mailing\e-mailing\fckeditor\editor\filemanager\browser\default\images\Folder32.gif <-- sbrafh /public_html/e-mailing/fckeditor/editor/filemanager/browser/default/images Folder32.gif
2007.05.28 17:39 B Z:\mailing\e-mailing\fckeditor\editor\filemanager\browser\default\images\FolderOpened.gif <-- sbrafh /public_html/e-mailing/fckeditor/editor/filemanager/browser/default/images FolderOpened.gif
2007.05.28 17:39 B Z:\mailing\e-mailing\fckeditor\editor\filemanager\browser\default\images\FolderOpened32.gif <-- sbrafh /public_html/e-mailing/fckeditor/editor/filemanager/browser/default/images FolderOpened32.gif
2007.05.28 17:39 B Z:\mailing\e-mailing\fckeditor\editor\filemanager\browser\default\images\FolderUp.gif <-- sbrafh /public_html/e-mailing/fckeditor/editor/filemanager/browser/default/images FolderUp.gif
2007.05.28 17:39 B Z:\mailing\e-mailing\fckeditor\editor\filemanager\browser\default\images\spacer.gif <-- sbrafh /public_html/e-mailing/fckeditor/editor/filemanager/browser/default/images spacer.gif
2007.08.06 19:14 B Z:\amfar\admin\e-mailing\fckeditor\editor\filemanager\browser\default\images\ButtonArrow.gif --> ftp635.locaweb.com.br /public_html/admin/e-mailing/fckeditor/editor/filemanager/browser/default/images ButtonArrow.gif
2007.08.06 19:14 B Z:\amfar\admin\e-mailing\fckeditor\editor\filemanager\browser\default\images\Folder.gif --> ftp635.locaweb.com.br /public_html/admin/e-mailing/fckeditor/editor/filemanager/browser/default/images Folder.gif
2007.08.06 19:14 B Z:\amfar\admin\e-mailing\fckeditor\editor\filemanager\browser\default\images\Folder32.gif --> ftp635.locaweb.com.br /public_html/admin/e-mailing/fckeditor/editor/filemanager/browser/default/images Folder32.gif
2007.08.06 19:14 B Z:\amfar\admin\e-mailing\fckeditor\editor\filemanager\browser\default\images\FolderOpened.gif --> ftp635.locaweb.com.br /public_html/admin/e-mailing/fckeditor/editor/filemanager/browser/default/images FolderOpened.gif
2007.08.06 19:14 B Z:\amfar\admin\e-mailing\fckeditor\editor\filemanager\browser\default\images\FolderOpened32.gif --> ftp635.locaweb.com.br /public_html/admin/e-mailing/fckeditor/editor/filemanager/browser/default/images FolderOpened32.gif
2007.08.06 19:14 B Z:\amfar\admin\e-mailing\fckeditor\editor\filemanager\browser\default\images\FolderUp.gif --> ftp635.locaweb.com.br /public_html/admin/e-mailing/fckeditor/editor/filemanager/browser/default/images FolderUp.gif
2007.08.06 19:14 B Z:\amfar\admin\e-mailing\fckeditor\editor\filemanager\browser\default\images\spacer.gif --> ftp635.locaweb.com.br /public_html/admin/e-mailing/fckeditor/editor/filemanager/browser/default/images spacer.gif
