2010.03.09 19:04 B X:\radiofone\usrprogr\securimage\amazon__.ttf --> ftp.radiofone.com.br /public_html/radiofone/usrprogr/securimage amazon__.ttf
2010.03.09 19:04 B X:\radiofone\usrprogr\securimage\dab_____.ttf --> ftp.radiofone.com.br /public_html/radiofone/usrprogr/securimage dab_____.ttf
2010.03.09 19:04 B X:\radiofone\usrprogr\securimage\elephant.ttf --> ftp.radiofone.com.br /public_html/radiofone/usrprogr/securimage elephant.ttf
2010.03.09 19:04 B X:\radiofone\usrprogr\securimage\example_form.php --> ftp.radiofone.com.br /public_html/radiofone/usrprogr/securimage example_form.php
2010.03.09 19:04 B X:\radiofone\usrprogr\securimage\Karloff.ttf --> ftp.radiofone.com.br /public_html/radiofone/usrprogr/securimage Karloff.ttf
2010.03.09 19:04 B X:\radiofone\usrprogr\securimage\LICENSE.txt --> ftp.radiofone.com.br /public_html/radiofone/usrprogr/securimage LICENSE.txt
2010.03.09 19:04 B X:\radiofone\usrprogr\securimage\README.txt --> ftp.radiofone.com.br /public_html/radiofone/usrprogr/securimage README.txt
2010.03.09 19:04 B X:\radiofone\usrprogr\securimage\securimage.php --> ftp.radiofone.com.br /public_html/radiofone/usrprogr/securimage securimage.php
2010.03.09 19:04 B X:\radiofone\usrprogr\securimage\securimage_example.php --> ftp.radiofone.com.br /public_html/radiofone/usrprogr/securimage securimage_example.php
2010.03.09 19:04 B X:\radiofone\usrprogr\securimage\securimage_play.php --> ftp.radiofone.com.br /public_html/radiofone/usrprogr/securimage securimage_play.php
2010.03.09 19:04 B X:\radiofone\usrprogr\securimage\securimage_show.php --> ftp.radiofone.com.br /public_html/radiofone/usrprogr/securimage securimage_show.php
2010.03.09 19:04 B X:\radiofone\usrprogr\securimage\xirod.ttf --> ftp.radiofone.com.br /public_html/radiofone/usrprogr/securimage xirod.ttf
2010.03.24 22:31 B X:\radiofone\usrprog\securimage\WS_FTP.LOG --> ftp.radiofone.com.br /public_html/radiofone/usrprog/securimage WS_FTP.LOG
2010.05.13 01:40 B X:\radiofone\admin\securimage\amazon__.ttf --> ftp.radiofone.com.br /public_html/radiofone/cp/admin/securimage amazon__.ttf
2010.05.13 01:40 B X:\radiofone\admin\securimage\dab_____.ttf --> ftp.radiofone.com.br /public_html/radiofone/cp/admin/securimage dab_____.ttf
2010.05.13 01:40 B X:\radiofone\admin\securimage\elephant.ttf --> ftp.radiofone.com.br /public_html/radiofone/cp/admin/securimage elephant.ttf
2010.05.13 01:40 B X:\radiofone\admin\securimage\example_form.php --> ftp.radiofone.com.br /public_html/radiofone/cp/admin/securimage example_form.php
2010.05.13 01:40 B X:\radiofone\admin\securimage\Karloff.ttf --> ftp.radiofone.com.br /public_html/radiofone/cp/admin/securimage Karloff.ttf
2010.05.13 01:40 B X:\radiofone\admin\securimage\LICENSE.txt --> ftp.radiofone.com.br /public_html/radiofone/cp/admin/securimage LICENSE.txt
2010.05.13 01:40 B X:\radiofone\admin\securimage\README.txt --> ftp.radiofone.com.br /public_html/radiofone/cp/admin/securimage README.txt
2010.05.13 01:40 B X:\radiofone\admin\securimage\securimage.php --> ftp.radiofone.com.br /public_html/radiofone/cp/admin/securimage securimage.php
2010.05.13 01:40 B X:\radiofone\admin\securimage\securimage_example.php --> ftp.radiofone.com.br /public_html/radiofone/cp/admin/securimage securimage_example.php
2010.05.13 01:40 B X:\radiofone\admin\securimage\securimage_play.php --> ftp.radiofone.com.br /public_html/radiofone/cp/admin/securimage securimage_play.php
2010.05.13 01:40 B X:\radiofone\admin\securimage\securimage_show.php --> ftp.radiofone.com.br /public_html/radiofone/cp/admin/securimage securimage_show.php
2010.05.13 01:40 B X:\radiofone\admin\securimage\WS_FTP.LOG --> ftp.radiofone.com.br /public_html/radiofone/cp/admin/securimage WS_FTP.LOG
2010.05.13 01:40 B X:\radiofone\admin\securimage\xirod.ttf --> ftp.radiofone.com.br /public_html/radiofone/cp/admin/securimage xirod.ttf
2010.06.18 00:42 B X:\radiofone\cp\admin\securimage\securimage.php --> ftp.radiofone.com.br /public_html/radiofone/cp/admin/securimage securimage.php
2010.07.07 02:42 B X:\radiofone\admin\securimage\amazon__.ttf --> ftp.radiofone.com.br /public_html/radiofone/rfadm/securimage amazon__.ttf
2010.07.07 02:42 B X:\radiofone\admin\securimage\dab_____.ttf --> ftp.radiofone.com.br /public_html/radiofone/rfadm/securimage dab_____.ttf
2010.07.07 02:42 B X:\radiofone\admin\securimage\elephant.ttf --> ftp.radiofone.com.br /public_html/radiofone/rfadm/securimage elephant.ttf
2010.07.07 02:42 B X:\radiofone\admin\securimage\example_form.php --> ftp.radiofone.com.br /public_html/radiofone/rfadm/securimage example_form.php
2010.07.07 02:43 B X:\radiofone\admin\securimage\Karloff.ttf --> ftp.radiofone.com.br /public_html/radiofone/rfadm/securimage Karloff.ttf
2010.07.07 02:43 B X:\radiofone\admin\securimage\LICENSE.txt --> ftp.radiofone.com.br /public_html/radiofone/rfadm/securimage LICENSE.txt
2010.07.07 02:43 B X:\radiofone\admin\securimage\README.txt --> ftp.radiofone.com.br /public_html/radiofone/rfadm/securimage README.txt
2010.07.07 02:43 B X:\radiofone\admin\securimage\securimage.php --> ftp.radiofone.com.br /public_html/radiofone/rfadm/securimage securimage.php
2010.07.07 02:43 B X:\radiofone\admin\securimage\securimage_example.php --> ftp.radiofone.com.br /public_html/radiofone/rfadm/securimage securimage_example.php
2010.07.07 02:43 B X:\radiofone\admin\securimage\securimage_play.php --> ftp.radiofone.com.br /public_html/radiofone/rfadm/securimage securimage_play.php
2010.07.07 02:43 B X:\radiofone\admin\securimage\securimage_show.php --> ftp.radiofone.com.br /public_html/radiofone/rfadm/securimage securimage_show.php
2010.07.07 02:43 B X:\radiofone\admin\securimage\WS_FTP.LOG --> ftp.radiofone.com.br /public_html/radiofone/rfadm/securimage WS_FTP.LOG
2010.07.07 02:43 B X:\radiofone\admin\securimage\xirod.ttf --> ftp.radiofone.com.br /public_html/radiofone/rfadm/securimage xirod.ttf
2010.07.20 18:38 B X:\radiofone\admin\securimage\securimage.php --> ftp.radiofone.com.br /public_html/radiofone/rfadm/securimage securimage.php
2010.07.21 17:31 B X:\radiofone\admin\securimage\WS_FTP.LOG --> ftp.radiofone.com.br /public_html/radiofone/rfadm/securimage WS_FTP.LOG
2010.07.21 17:33 B X:\radiofone\admin\securimage\securimage.php --> ftp.radiofone.com.br /public_html/radiofone/rfadm/securimage securimage.php
2010.07.21 17:34 B X:\radiofone\admin\securimage\securimage.php --> ftp.radiofone.com.br /public_html/radiofone/rfadm/securimage securimage.php
2010.07.21 17:34 B X:\radiofone\admin\securimage\securimage.php --> ftp.radiofone.com.br /public_html/radiofone/rfadm/securimage securimage.php
2010.07.21 17:35 B X:\radiofone\admin\securimage\securimage.php --> ftp.radiofone.com.br /public_html/radiofone/rfadm/securimage securimage.php
2010.07.22 00:00 B X:\radiofone\admin\securimage\securimage.php --> ftp.radiofone.com.br /public_html/radiofone/rfadm/securimage securimage.php
2011.05.04 03:25 B F:\radiofone\rfadm\securimage\WS_FTP.LOG <-- radiofone /public_html/radiofone/rfadm/securimage WS_FTP.LOG
2011.05.04 03:25 B F:\radiofone\rfadm\securimage\xirod.ttf <-- radiofone /public_html/radiofone/rfadm/securimage xirod.ttf
2011.07.09 00:17 B F:\xampp\htdocs\zendLibrary\Zend\securimage\amazon__.ttf --> ftp.radiofone.com.br /public_html/radiofone/zendLibrary/Zend/securimage amazon__.ttf
2011.07.09 00:17 B F:\xampp\htdocs\zendLibrary\Zend\securimage\dab_____.ttf --> ftp.radiofone.com.br /public_html/radiofone/zendLibrary/Zend/securimage dab_____.ttf
2011.07.09 00:17 B F:\xampp\htdocs\zendLibrary\Zend\securimage\elephant.ttf --> ftp.radiofone.com.br /public_html/radiofone/zendLibrary/Zend/securimage elephant.ttf
2011.07.09 00:17 B F:\xampp\htdocs\zendLibrary\Zend\securimage\example_form.php --> ftp.radiofone.com.br /public_html/radiofone/zendLibrary/Zend/securimage example_form.php
2011.07.09 00:17 B F:\xampp\htdocs\zendLibrary\Zend\securimage\Karloff.ttf --> ftp.radiofone.com.br /public_html/radiofone/zendLibrary/Zend/securimage Karloff.ttf
2011.07.09 00:17 B F:\xampp\htdocs\zendLibrary\Zend\securimage\LICENSE.txt --> ftp.radiofone.com.br /public_html/radiofone/zendLibrary/Zend/securimage LICENSE.txt
2011.07.09 00:17 B F:\xampp\htdocs\zendLibrary\Zend\securimage\README.txt --> ftp.radiofone.com.br /public_html/radiofone/zendLibrary/Zend/securimage README.txt
2011.07.09 00:17 B F:\xampp\htdocs\zendLibrary\Zend\securimage\securimage.php --> ftp.radiofone.com.br /public_html/radiofone/zendLibrary/Zend/securimage securimage.php
2011.07.09 00:17 B F:\xampp\htdocs\zendLibrary\Zend\securimage\securimage_example.php --> ftp.radiofone.com.br /public_html/radiofone/zendLibrary/Zend/securimage securimage_example.php
2011.07.09 00:17 B F:\xampp\htdocs\zendLibrary\Zend\securimage\securimage_play.php --> ftp.radiofone.com.br /public_html/radiofone/zendLibrary/Zend/securimage securimage_play.php
2011.07.09 00:17 B F:\xampp\htdocs\zendLibrary\Zend\securimage\securimage_show.php --> ftp.radiofone.com.br /public_html/radiofone/zendLibrary/Zend/securimage securimage_show.php
2011.07.09 00:17 B F:\xampp\htdocs\zendLibrary\Zend\securimage\WS_FTP.LOG --> ftp.radiofone.com.br /public_html/radiofone/zendLibrary/Zend/securimage WS_FTP.LOG
2011.07.09 00:17 B F:\xampp\htdocs\zendLibrary\Zend\securimage\xirod.ttf --> ftp.radiofone.com.br /public_html/radiofone/zendLibrary/Zend/securimage xirod.ttf
2011.07.26 23:06 B F:\xampp\htdocs\zendLibrary\Zend\securimage\amazon__.ttf --> ftp.sobrafo.org.br /public_html/zendLibrary/Zend/securimage amazon__.ttf
2011.07.26 23:06 B F:\xampp\htdocs\zendLibrary\Zend\securimage\dab_____.ttf --> ftp.sobrafo.org.br /public_html/zendLibrary/Zend/securimage dab_____.ttf
2011.07.26 23:06 B F:\xampp\htdocs\zendLibrary\Zend\securimage\elephant.ttf --> ftp.sobrafo.org.br /public_html/zendLibrary/Zend/securimage elephant.ttf
2011.07.26 23:06 B F:\xampp\htdocs\zendLibrary\Zend\securimage\example_form.php --> ftp.sobrafo.org.br /public_html/zendLibrary/Zend/securimage example_form.php
2011.07.26 23:06 B F:\xampp\htdocs\zendLibrary\Zend\securimage\Karloff.ttf --> ftp.sobrafo.org.br /public_html/zendLibrary/Zend/securimage Karloff.ttf
2011.07.26 23:06 B F:\xampp\htdocs\zendLibrary\Zend\securimage\LICENSE.txt --> ftp.sobrafo.org.br /public_html/zendLibrary/Zend/securimage LICENSE.txt
2011.07.26 23:06 B F:\xampp\htdocs\zendLibrary\Zend\securimage\README.txt --> ftp.sobrafo.org.br /public_html/zendLibrary/Zend/securimage README.txt
2011.07.26 23:06 B F:\xampp\htdocs\zendLibrary\Zend\securimage\securimage.php --> ftp.sobrafo.org.br /public_html/zendLibrary/Zend/securimage securimage.php
2011.07.26 23:06 B F:\xampp\htdocs\zendLibrary\Zend\securimage\securimage_example.php --> ftp.sobrafo.org.br /public_html/zendLibrary/Zend/securimage securimage_example.php
2011.07.26 23:06 B F:\xampp\htdocs\zendLibrary\Zend\securimage\securimage_play.php --> ftp.sobrafo.org.br /public_html/zendLibrary/Zend/securimage securimage_play.php
2011.07.26 23:06 B F:\xampp\htdocs\zendLibrary\Zend\securimage\securimage_show.php --> ftp.sobrafo.org.br /public_html/zendLibrary/Zend/securimage securimage_show.php
2011.07.26 23:06 B F:\xampp\htdocs\zendLibrary\Zend\securimage\WS_FTP.LOG --> ftp.sobrafo.org.br /public_html/zendLibrary/Zend/securimage WS_FTP.LOG
2011.07.26 23:06 B F:\xampp\htdocs\zendLibrary\Zend\securimage\xirod.ttf --> ftp.sobrafo.org.br /public_html/zendLibrary/Zend/securimage xirod.ttf
2011.08.09 17:27 B F:\xampp\htdocs\ZendLibrary\Zend\securimage\amazon__.ttf --> ftp.amfar.com.br /public_html/ZendLibrary/Zend/securimage amazon__.ttf
2011.08.09 17:27 B F:\xampp\htdocs\ZendLibrary\Zend\securimage\dab_____.ttf --> ftp.amfar.com.br /public_html/ZendLibrary/Zend/securimage dab_____.ttf
2011.08.09 17:27 B F:\xampp\htdocs\ZendLibrary\Zend\securimage\elephant.ttf --> ftp.amfar.com.br /public_html/ZendLibrary/Zend/securimage elephant.ttf
2011.08.09 17:27 B F:\xampp\htdocs\ZendLibrary\Zend\securimage\example_form.php --> ftp.amfar.com.br /public_html/ZendLibrary/Zend/securimage example_form.php
2011.08.09 17:27 B F:\xampp\htdocs\ZendLibrary\Zend\securimage\Karloff.ttf --> ftp.amfar.com.br /public_html/ZendLibrary/Zend/securimage Karloff.ttf
2011.08.09 17:27 B F:\xampp\htdocs\ZendLibrary\Zend\securimage\LICENSE.txt --> ftp.amfar.com.br /public_html/ZendLibrary/Zend/securimage LICENSE.txt
2011.08.09 17:27 B F:\xampp\htdocs\ZendLibrary\Zend\securimage\README.txt --> ftp.amfar.com.br /public_html/ZendLibrary/Zend/securimage README.txt
2011.08.09 17:27 B F:\xampp\htdocs\ZendLibrary\Zend\securimage\securimage.php --> ftp.amfar.com.br /public_html/ZendLibrary/Zend/securimage securimage.php
2011.08.09 17:27 B F:\xampp\htdocs\ZendLibrary\Zend\securimage\securimage_example.php --> ftp.amfar.com.br /public_html/ZendLibrary/Zend/securimage securimage_example.php
2011.08.09 17:27 B F:\xampp\htdocs\ZendLibrary\Zend\securimage\securimage_play.php --> ftp.amfar.com.br /public_html/ZendLibrary/Zend/securimage securimage_play.php
2011.08.09 17:27 B F:\xampp\htdocs\ZendLibrary\Zend\securimage\securimage_show.php --> ftp.amfar.com.br /public_html/ZendLibrary/Zend/securimage securimage_show.php
