2011.06.20 18:54 B F:\xampp\htdocs\zf-tutorial\library\Zend\Service\StrikeIron\Base.php --> ftp.portalridgid.com.br /public_html/zf-tutorial/library/Zend/Service/StrikeIron Base.php
2011.06.20 18:54 B F:\xampp\htdocs\zf-tutorial\library\Zend\Service\StrikeIron\Decorator.php --> ftp.portalridgid.com.br /public_html/zf-tutorial/library/Zend/Service/StrikeIron Decorator.php
2011.06.20 18:54 B F:\xampp\htdocs\zf-tutorial\library\Zend\Service\StrikeIron\Exception.php --> ftp.portalridgid.com.br /public_html/zf-tutorial/library/Zend/Service/StrikeIron Exception.php
2011.06.20 18:54 B F:\xampp\htdocs\zf-tutorial\library\Zend\Service\StrikeIron\SalesUseTaxBasic.php --> ftp.portalridgid.com.br /public_html/zf-tutorial/library/Zend/Service/StrikeIron SalesUseTaxBasic.php
2011.06.20 18:54 B F:\xampp\htdocs\zf-tutorial\library\Zend\Service\StrikeIron\USAddressVerification.php --> ftp.portalridgid.com.br /public_html/zf-tutorial/library/Zend/Service/StrikeIron USAddressVerification.php
2011.06.20 18:54 B F:\xampp\htdocs\zf-tutorial\library\Zend\Service\StrikeIron\ZipCodeInfo.php --> ftp.portalridgid.com.br /public_html/zf-tutorial/library/Zend/Service/StrikeIron ZipCodeInfo.php
2011.06.30 03:12 B F:\xampp\htdocs\zendLibrary\Zend\Service\StrikeIron\WS_FTP.LOG --> ftp.sbrafh.org.br /sbrafh/Web/zendLibrary/Zend/Service/StrikeIron WS_FTP.LOG
2011.06.30 03:12 B F:\xampp\htdocs\zendLibrary\Zend\Service\StrikeIron\ZipCodeInfo.php --> ftp.sbrafh.org.br /sbrafh/Web/zendLibrary/Zend/Service/StrikeIron ZipCodeInfo.php
2011.06.30 03:12 B F:\xampp\htdocs\zendLibrary\Zend\Service\StrikeIron\USAddressVerification.php --> ftp.sbrafh.org.br /sbrafh/Web/zendLibrary/Zend/Service/StrikeIron USAddressVerification.php
2011.06.30 03:12 B F:\xampp\htdocs\zendLibrary\Zend\Service\StrikeIron\SalesUseTaxBasic.php --> ftp.sbrafh.org.br /sbrafh/Web/zendLibrary/Zend/Service/StrikeIron SalesUseTaxBasic.php
2011.06.30 03:12 B F:\xampp\htdocs\zendLibrary\Zend\Service\StrikeIron\Exception.php --> ftp.sbrafh.org.br /sbrafh/Web/zendLibrary/Zend/Service/StrikeIron Exception.php
2011.06.30 03:12 B F:\xampp\htdocs\zendLibrary\Zend\Service\StrikeIron\Decorator.php --> ftp.sbrafh.org.br /sbrafh/Web/zendLibrary/Zend/Service/StrikeIron Decorator.php
2011.06.30 03:12 B F:\xampp\htdocs\zendLibrary\Zend\Service\StrikeIron\Base.php --> ftp.sbrafh.org.br /sbrafh/Web/zendLibrary/Zend/Service/StrikeIron Base.php
2011.07.09 00:21 B F:\xampp\htdocs\zendLibrary\Zend\Service\StrikeIron\Base.php --> ftp.radiofone.com.br /public_html/radiofone/zendLibrary/Zend/Service/StrikeIron Base.php
2011.07.09 00:21 B F:\xampp\htdocs\zendLibrary\Zend\Service\StrikeIron\Decorator.php --> ftp.radiofone.com.br /public_html/radiofone/zendLibrary/Zend/Service/StrikeIron Decorator.php
2011.07.09 00:21 B F:\xampp\htdocs\zendLibrary\Zend\Service\StrikeIron\Exception.php --> ftp.radiofone.com.br /public_html/radiofone/zendLibrary/Zend/Service/StrikeIron Exception.php
2011.07.09 00:21 B F:\xampp\htdocs\zendLibrary\Zend\Service\StrikeIron\SalesUseTaxBasic.php --> ftp.radiofone.com.br /public_html/radiofone/zendLibrary/Zend/Service/StrikeIron SalesUseTaxBasic.php
2011.07.09 00:21 B F:\xampp\htdocs\zendLibrary\Zend\Service\StrikeIron\USAddressVerification.php --> ftp.radiofone.com.br /public_html/radiofone/zendLibrary/Zend/Service/StrikeIron USAddressVerification.php
2011.07.09 00:21 B F:\xampp\htdocs\zendLibrary\Zend\Service\StrikeIron\WS_FTP.LOG --> ftp.radiofone.com.br /public_html/radiofone/zendLibrary/Zend/Service/StrikeIron WS_FTP.LOG
2011.07.09 00:21 B F:\xampp\htdocs\zendLibrary\Zend\Service\StrikeIron\ZipCodeInfo.php --> ftp.radiofone.com.br /public_html/radiofone/zendLibrary/Zend/Service/StrikeIron ZipCodeInfo.php
2011.07.09 00:52 B F:\xampp\htdocs\zendLibrary\Zend\Service\StrikeIron\WS_FTP.LOG --> ftp.radiofone.com.br /public_html/radiofone/zendLibrary/Zend/Service/StrikeIron WS_FTP.LOG
2011.07.26 23:09 B F:\xampp\htdocs\zendLibrary\Zend\Service\StrikeIron\Base.php --> ftp.sobrafo.org.br /public_html/zendLibrary/Zend/Service/StrikeIron Base.php
2011.07.26 23:09 B F:\xampp\htdocs\zendLibrary\Zend\Service\StrikeIron\Decorator.php --> ftp.sobrafo.org.br /public_html/zendLibrary/Zend/Service/StrikeIron Decorator.php
2011.07.26 23:09 B F:\xampp\htdocs\zendLibrary\Zend\Service\StrikeIron\Exception.php --> ftp.sobrafo.org.br /public_html/zendLibrary/Zend/Service/StrikeIron Exception.php
2011.07.26 23:09 B F:\xampp\htdocs\zendLibrary\Zend\Service\StrikeIron\SalesUseTaxBasic.php --> ftp.sobrafo.org.br /public_html/zendLibrary/Zend/Service/StrikeIron SalesUseTaxBasic.php
2011.07.26 23:09 B F:\xampp\htdocs\zendLibrary\Zend\Service\StrikeIron\USAddressVerification.php --> ftp.sobrafo.org.br /public_html/zendLibrary/Zend/Service/StrikeIron USAddressVerification.php
2011.07.26 23:09 B F:\xampp\htdocs\zendLibrary\Zend\Service\StrikeIron\WS_FTP.LOG --> ftp.sobrafo.org.br /public_html/zendLibrary/Zend/Service/StrikeIron WS_FTP.LOG
2011.07.26 23:09 B F:\xampp\htdocs\zendLibrary\Zend\Service\StrikeIron\ZipCodeInfo.php --> ftp.sobrafo.org.br /public_html/zendLibrary/Zend/Service/StrikeIron ZipCodeInfo.php
2011.08.09 17:30 B F:\xampp\htdocs\ZendLibrary\Zend\Service\StrikeIron\Base.php --> ftp.amfar.com.br /public_html/ZendLibrary/Zend/Service/StrikeIron Base.php
2011.08.09 17:30 B F:\xampp\htdocs\ZendLibrary\Zend\Service\StrikeIron\Decorator.php --> ftp.amfar.com.br /public_html/ZendLibrary/Zend/Service/StrikeIron Decorator.php
2011.08.09 17:30 B F:\xampp\htdocs\ZendLibrary\Zend\Service\StrikeIron\Exception.php --> ftp.amfar.com.br /public_html/ZendLibrary/Zend/Service/StrikeIron Exception.php
2011.08.09 17:30 B F:\xampp\htdocs\ZendLibrary\Zend\Service\StrikeIron\SalesUseTaxBasic.php --> ftp.amfar.com.br /public_html/ZendLibrary/Zend/Service/StrikeIron SalesUseTaxBasic.php
2011.08.09 17:30 B F:\xampp\htdocs\ZendLibrary\Zend\Service\StrikeIron\USAddressVerification.php --> ftp.amfar.com.br /public_html/ZendLibrary/Zend/Service/StrikeIron USAddressVerification.php
