2011.06.20 18:47 B F:\xampp\htdocs\zf-tutorial\library\Zend\Oauth\Http\AccessToken.php --> ftp.portalridgid.com.br /public_html/zf-tutorial/library/Zend/Oauth/Http AccessToken.php
2011.06.20 18:47 B F:\xampp\htdocs\zf-tutorial\library\Zend\Oauth\Http\RequestToken.php --> ftp.portalridgid.com.br /public_html/zf-tutorial/library/Zend/Oauth/Http RequestToken.php
2011.06.20 18:47 B F:\xampp\htdocs\zf-tutorial\library\Zend\Oauth\Http\UserAuthorization.php --> ftp.portalridgid.com.br /public_html/zf-tutorial/library/Zend/Oauth/Http UserAuthorization.php
2011.06.20 18:47 B F:\xampp\htdocs\zf-tutorial\library\Zend\Oauth\Http\Utility.php --> ftp.portalridgid.com.br /public_html/zf-tutorial/library/Zend/Oauth/Http Utility.php
2011.06.30 03:22 B F:\xampp\htdocs\zendLibrary\Zend\Oauth\Http\WS_FTP.LOG --> ftp.sbrafh.org.br /sbrafh/Web/zendLibrary/Zend/Oauth/Http WS_FTP.LOG
2011.06.30 03:22 B F:\xampp\htdocs\zendLibrary\Zend\Oauth\Http\Utility.php --> ftp.sbrafh.org.br /sbrafh/Web/zendLibrary/Zend/Oauth/Http Utility.php
2011.06.30 03:22 B F:\xampp\htdocs\zendLibrary\Zend\Oauth\Http\UserAuthorization.php --> ftp.sbrafh.org.br /sbrafh/Web/zendLibrary/Zend/Oauth/Http UserAuthorization.php
2011.06.30 03:22 B F:\xampp\htdocs\zendLibrary\Zend\Oauth\Http\RequestToken.php --> ftp.sbrafh.org.br /sbrafh/Web/zendLibrary/Zend/Oauth/Http RequestToken.php
2011.06.30 03:22 B F:\xampp\htdocs\zendLibrary\Zend\Oauth\Http\AccessToken.php --> ftp.sbrafh.org.br /sbrafh/Web/zendLibrary/Zend/Oauth/Http AccessToken.php
2011.07.09 00:13 B F:\xampp\htdocs\zendLibrary\Zend\Oauth\Http\AccessToken.php --> ftp.radiofone.com.br /public_html/radiofone/zendLibrary/Zend/Oauth/Http AccessToken.php
2011.07.09 00:13 B F:\xampp\htdocs\zendLibrary\Zend\Oauth\Http\RequestToken.php --> ftp.radiofone.com.br /public_html/radiofone/zendLibrary/Zend/Oauth/Http RequestToken.php
2011.07.09 00:13 B F:\xampp\htdocs\zendLibrary\Zend\Oauth\Http\UserAuthorization.php --> ftp.radiofone.com.br /public_html/radiofone/zendLibrary/Zend/Oauth/Http UserAuthorization.php
2011.07.09 00:13 B F:\xampp\htdocs\zendLibrary\Zend\Oauth\Http\Utility.php --> ftp.radiofone.com.br /public_html/radiofone/zendLibrary/Zend/Oauth/Http Utility.php
2011.07.09 00:13 B F:\xampp\htdocs\zendLibrary\Zend\Oauth\Http\WS_FTP.LOG --> ftp.radiofone.com.br /public_html/radiofone/zendLibrary/Zend/Oauth/Http WS_FTP.LOG
2011.07.26 23:02 B F:\xampp\htdocs\zendLibrary\Zend\Oauth\Http\AccessToken.php --> ftp.sobrafo.org.br /public_html/zendLibrary/Zend/Oauth/Http AccessToken.php
2011.07.26 23:02 B F:\xampp\htdocs\zendLibrary\Zend\Oauth\Http\RequestToken.php --> ftp.sobrafo.org.br /public_html/zendLibrary/Zend/Oauth/Http RequestToken.php
2011.07.26 23:02 B F:\xampp\htdocs\zendLibrary\Zend\Oauth\Http\UserAuthorization.php --> ftp.sobrafo.org.br /public_html/zendLibrary/Zend/Oauth/Http UserAuthorization.php
2011.07.26 23:02 B F:\xampp\htdocs\zendLibrary\Zend\Oauth\Http\Utility.php --> ftp.sobrafo.org.br /public_html/zendLibrary/Zend/Oauth/Http Utility.php
2011.07.26 23:02 B F:\xampp\htdocs\zendLibrary\Zend\Oauth\Http\WS_FTP.LOG --> ftp.sobrafo.org.br /public_html/zendLibrary/Zend/Oauth/Http WS_FTP.LOG
2011.08.09 17:23 B F:\xampp\htdocs\ZendLibrary\Zend\Oauth\Http\AccessToken.php --> ftp.amfar.com.br /public_html/ZendLibrary/Zend/Oauth/Http AccessToken.php
2011.08.09 17:23 B F:\xampp\htdocs\ZendLibrary\Zend\Oauth\Http\RequestToken.php --> ftp.amfar.com.br /public_html/ZendLibrary/Zend/Oauth/Http RequestToken.php
2011.08.09 17:23 B F:\xampp\htdocs\ZendLibrary\Zend\Oauth\Http\UserAuthorization.php --> ftp.amfar.com.br /public_html/ZendLibrary/Zend/Oauth/Http UserAuthorization.php
2011.08.09 17:23 B F:\xampp\htdocs\ZendLibrary\Zend\Oauth\Http\Utility.php --> ftp.amfar.com.br /public_html/ZendLibrary/Zend/Oauth/Http Utility.php
