2011.06.20 18:54 B F:\xampp\htdocs\zf-tutorial\library\Zend\Soap\Wsdl\Strategy\Abstract.php --> ftp.portalridgid.com.br /public_html/zf-tutorial/library/Zend/Soap/Wsdl/Strategy Abstract.php
2011.06.20 18:54 B F:\xampp\htdocs\zf-tutorial\library\Zend\Soap\Wsdl\Strategy\AnyType.php --> ftp.portalridgid.com.br /public_html/zf-tutorial/library/Zend/Soap/Wsdl/Strategy AnyType.php
2011.06.20 18:54 B F:\xampp\htdocs\zf-tutorial\library\Zend\Soap\Wsdl\Strategy\ArrayOfTypeComplex.php --> ftp.portalridgid.com.br /public_html/zf-tutorial/library/Zend/Soap/Wsdl/Strategy ArrayOfTypeComplex.php
2011.06.20 18:55 B F:\xampp\htdocs\zf-tutorial\library\Zend\Soap\Wsdl\Strategy\ArrayOfTypeSequence.php --> ftp.portalridgid.com.br /public_html/zf-tutorial/library/Zend/Soap/Wsdl/Strategy ArrayOfTypeSequence.php
2011.06.20 18:55 B F:\xampp\htdocs\zf-tutorial\library\Zend\Soap\Wsdl\Strategy\Composite.php --> ftp.portalridgid.com.br /public_html/zf-tutorial/library/Zend/Soap/Wsdl/Strategy Composite.php
2011.06.20 18:55 B F:\xampp\htdocs\zf-tutorial\library\Zend\Soap\Wsdl\Strategy\DefaultComplexType.php --> ftp.portalridgid.com.br /public_html/zf-tutorial/library/Zend/Soap/Wsdl/Strategy DefaultComplexType.php
2011.06.20 18:55 B F:\xampp\htdocs\zf-tutorial\library\Zend\Soap\Wsdl\Strategy\Interface.php --> ftp.portalridgid.com.br /public_html/zf-tutorial/library/Zend/Soap/Wsdl/Strategy Interface.php
2011.06.30 03:11 B F:\xampp\htdocs\zendLibrary\Zend\Soap\Wsdl\Strategy\WS_FTP.LOG --> ftp.sbrafh.org.br /sbrafh/Web/zendLibrary/Zend/Soap/Wsdl/Strategy WS_FTP.LOG
2011.06.30 03:11 B F:\xampp\htdocs\zendLibrary\Zend\Soap\Wsdl\Strategy\Interface.php --> ftp.sbrafh.org.br /sbrafh/Web/zendLibrary/Zend/Soap/Wsdl/Strategy Interface.php
2011.06.30 03:11 B F:\xampp\htdocs\zendLibrary\Zend\Soap\Wsdl\Strategy\DefaultComplexType.php --> ftp.sbrafh.org.br /sbrafh/Web/zendLibrary/Zend/Soap/Wsdl/Strategy DefaultComplexType.php
2011.06.30 03:11 B F:\xampp\htdocs\zendLibrary\Zend\Soap\Wsdl\Strategy\Composite.php --> ftp.sbrafh.org.br /sbrafh/Web/zendLibrary/Zend/Soap/Wsdl/Strategy Composite.php
2011.06.30 03:11 B F:\xampp\htdocs\zendLibrary\Zend\Soap\Wsdl\Strategy\ArrayOfTypeSequence.php --> ftp.sbrafh.org.br /sbrafh/Web/zendLibrary/Zend/Soap/Wsdl/Strategy ArrayOfTypeSequence.php
2011.06.30 03:11 B F:\xampp\htdocs\zendLibrary\Zend\Soap\Wsdl\Strategy\ArrayOfTypeComplex.php --> ftp.sbrafh.org.br /sbrafh/Web/zendLibrary/Zend/Soap/Wsdl/Strategy ArrayOfTypeComplex.php
2011.06.30 03:11 B F:\xampp\htdocs\zendLibrary\Zend\Soap\Wsdl\Strategy\AnyType.php --> ftp.sbrafh.org.br /sbrafh/Web/zendLibrary/Zend/Soap/Wsdl/Strategy AnyType.php
2011.06.30 03:11 B F:\xampp\htdocs\zendLibrary\Zend\Soap\Wsdl\Strategy\Abstract.php --> ftp.sbrafh.org.br /sbrafh/Web/zendLibrary/Zend/Soap/Wsdl/Strategy Abstract.php
2011.07.09 00:22 B F:\xampp\htdocs\zendLibrary\Zend\Soap\Wsdl\Strategy\Abstract.php --> ftp.radiofone.com.br /public_html/radiofone/zendLibrary/Zend/Soap/Wsdl/Strategy Abstract.php
2011.07.09 00:22 B F:\xampp\htdocs\zendLibrary\Zend\Soap\Wsdl\Strategy\AnyType.php --> ftp.radiofone.com.br /public_html/radiofone/zendLibrary/Zend/Soap/Wsdl/Strategy AnyType.php
2011.07.09 00:22 B F:\xampp\htdocs\zendLibrary\Zend\Soap\Wsdl\Strategy\ArrayOfTypeComplex.php --> ftp.radiofone.com.br /public_html/radiofone/zendLibrary/Zend/Soap/Wsdl/Strategy ArrayOfTypeComplex.php
2011.07.09 00:22 B F:\xampp\htdocs\zendLibrary\Zend\Soap\Wsdl\Strategy\ArrayOfTypeSequence.php --> ftp.radiofone.com.br /public_html/radiofone/zendLibrary/Zend/Soap/Wsdl/Strategy ArrayOfTypeSequence.php
2011.07.09 00:22 B F:\xampp\htdocs\zendLibrary\Zend\Soap\Wsdl\Strategy\Composite.php --> ftp.radiofone.com.br /public_html/radiofone/zendLibrary/Zend/Soap/Wsdl/Strategy Composite.php
2011.07.09 00:22 B F:\xampp\htdocs\zendLibrary\Zend\Soap\Wsdl\Strategy\DefaultComplexType.php --> ftp.radiofone.com.br /public_html/radiofone/zendLibrary/Zend/Soap/Wsdl/Strategy DefaultComplexType.php
2011.07.09 00:22 B F:\xampp\htdocs\zendLibrary\Zend\Soap\Wsdl\Strategy\Interface.php --> ftp.radiofone.com.br /public_html/radiofone/zendLibrary/Zend/Soap/Wsdl/Strategy Interface.php
2011.07.09 00:22 B F:\xampp\htdocs\zendLibrary\Zend\Soap\Wsdl\Strategy\WS_FTP.LOG --> ftp.radiofone.com.br /public_html/radiofone/zendLibrary/Zend/Soap/Wsdl/Strategy WS_FTP.LOG
2011.07.09 00:53 B F:\xampp\htdocs\zendLibrary\Zend\Soap\Wsdl\Strategy\WS_FTP.LOG --> ftp.radiofone.com.br /public_html/radiofone/zendLibrary/Zend/Soap/Wsdl/Strategy WS_FTP.LOG
2011.07.26 23:10 B F:\xampp\htdocs\zendLibrary\Zend\Soap\Wsdl\Strategy\Abstract.php --> ftp.sobrafo.org.br /public_html/zendLibrary/Zend/Soap/Wsdl/Strategy Abstract.php
2011.07.26 23:10 B F:\xampp\htdocs\zendLibrary\Zend\Soap\Wsdl\Strategy\AnyType.php --> ftp.sobrafo.org.br /public_html/zendLibrary/Zend/Soap/Wsdl/Strategy AnyType.php
2011.07.26 23:10 B F:\xampp\htdocs\zendLibrary\Zend\Soap\Wsdl\Strategy\ArrayOfTypeComplex.php --> ftp.sobrafo.org.br /public_html/zendLibrary/Zend/Soap/Wsdl/Strategy ArrayOfTypeComplex.php
2011.07.26 23:10 B F:\xampp\htdocs\zendLibrary\Zend\Soap\Wsdl\Strategy\ArrayOfTypeSequence.php --> ftp.sobrafo.org.br /public_html/zendLibrary/Zend/Soap/Wsdl/Strategy ArrayOfTypeSequence.php
2011.07.26 23:10 B F:\xampp\htdocs\zendLibrary\Zend\Soap\Wsdl\Strategy\Composite.php --> ftp.sobrafo.org.br /public_html/zendLibrary/Zend/Soap/Wsdl/Strategy Composite.php
2011.07.26 23:10 B F:\xampp\htdocs\zendLibrary\Zend\Soap\Wsdl\Strategy\DefaultComplexType.php --> ftp.sobrafo.org.br /public_html/zendLibrary/Zend/Soap/Wsdl/Strategy DefaultComplexType.php
2011.07.26 23:10 B F:\xampp\htdocs\zendLibrary\Zend\Soap\Wsdl\Strategy\Interface.php --> ftp.sobrafo.org.br /public_html/zendLibrary/Zend/Soap/Wsdl/Strategy Interface.php
2011.07.26 23:10 B F:\xampp\htdocs\zendLibrary\Zend\Soap\Wsdl\Strategy\WS_FTP.LOG --> ftp.sobrafo.org.br /public_html/zendLibrary/Zend/Soap/Wsdl/Strategy WS_FTP.LOG
2011.08.09 17:31 B F:\xampp\htdocs\ZendLibrary\Zend\Soap\Wsdl\Strategy\Abstract.php --> ftp.amfar.com.br /public_html/ZendLibrary/Zend/Soap/Wsdl/Strategy Abstract.php
2011.08.09 17:31 B F:\xampp\htdocs\ZendLibrary\Zend\Soap\Wsdl\Strategy\AnyType.php --> ftp.amfar.com.br /public_html/ZendLibrary/Zend/Soap/Wsdl/Strategy AnyType.php
2011.08.09 17:31 B F:\xampp\htdocs\ZendLibrary\Zend\Soap\Wsdl\Strategy\ArrayOfTypeComplex.php --> ftp.amfar.com.br /public_html/ZendLibrary/Zend/Soap/Wsdl/Strategy ArrayOfTypeComplex.php
2011.08.09 17:31 B F:\xampp\htdocs\ZendLibrary\Zend\Soap\Wsdl\Strategy\ArrayOfTypeSequence.php --> ftp.amfar.com.br /public_html/ZendLibrary/Zend/Soap/Wsdl/Strategy ArrayOfTypeSequence.php
2011.08.09 17:31 B F:\xampp\htdocs\ZendLibrary\Zend\Soap\Wsdl\Strategy\Composite.php --> ftp.amfar.com.br /public_html/ZendLibrary/Zend/Soap/Wsdl/Strategy Composite.php
2011.08.09 17:31 B F:\xampp\htdocs\ZendLibrary\Zend\Soap\Wsdl\Strategy\DefaultComplexType.php --> ftp.amfar.com.br /public_html/ZendLibrary/Zend/Soap/Wsdl/Strategy DefaultComplexType.php
2011.08.09 17:31 B F:\xampp\htdocs\ZendLibrary\Zend\Soap\Wsdl\Strategy\Interface.php --> ftp.amfar.com.br /public_html/ZendLibrary/Zend/Soap/Wsdl/Strategy Interface.php
