2011.06.20 18:47 B F:\xampp\htdocs\zf-tutorial\library\Zend\Oauth\Client.php --> ftp.portalridgid.com.br /public_html/zf-tutorial/library/Zend/Oauth Client.php
2011.06.20 18:47 B F:\xampp\htdocs\zf-tutorial\library\Zend\Oauth\Config.php --> ftp.portalridgid.com.br /public_html/zf-tutorial/library/Zend/Oauth Config.php
2011.06.20 18:47 B F:\xampp\htdocs\zf-tutorial\library\Zend\Oauth\Consumer.php --> ftp.portalridgid.com.br /public_html/zf-tutorial/library/Zend/Oauth Consumer.php
2011.06.20 18:47 B F:\xampp\htdocs\zf-tutorial\library\Zend\Oauth\Exception.php --> ftp.portalridgid.com.br /public_html/zf-tutorial/library/Zend/Oauth Exception.php
2011.06.20 18:47 B F:\xampp\htdocs\zf-tutorial\library\Zend\Oauth\Http.php --> ftp.portalridgid.com.br /public_html/zf-tutorial/library/Zend/Oauth Http.php
2011.06.20 18:48 B F:\xampp\htdocs\zf-tutorial\library\Zend\Oauth\Token.php --> ftp.portalridgid.com.br /public_html/zf-tutorial/library/Zend/Oauth Token.php
2011.06.30 03:22 B F:\xampp\htdocs\zendLibrary\Zend\Oauth\WS_FTP.LOG --> ftp.sbrafh.org.br /sbrafh/Web/zendLibrary/Zend/Oauth WS_FTP.LOG
2011.06.30 03:22 B F:\xampp\htdocs\zendLibrary\Zend\Oauth\Config.php --> ftp.sbrafh.org.br /sbrafh/Web/zendLibrary/Zend/Oauth Config.php
2011.06.30 03:22 B F:\xampp\htdocs\zendLibrary\Zend\Oauth\Client.php --> ftp.sbrafh.org.br /sbrafh/Web/zendLibrary/Zend/Oauth Client.php
2011.06.30 03:22 B F:\xampp\htdocs\zendLibrary\Zend\Oauth\Token.php --> ftp.sbrafh.org.br /sbrafh/Web/zendLibrary/Zend/Oauth Token.php
2011.06.30 03:22 B F:\xampp\htdocs\zendLibrary\Zend\Oauth\Http.php --> ftp.sbrafh.org.br /sbrafh/Web/zendLibrary/Zend/Oauth Http.php
2011.06.30 03:22 B F:\xampp\htdocs\zendLibrary\Zend\Oauth\Exception.php --> ftp.sbrafh.org.br /sbrafh/Web/zendLibrary/Zend/Oauth Exception.php
2011.06.30 03:22 B F:\xampp\htdocs\zendLibrary\Zend\Oauth\Consumer.php --> ftp.sbrafh.org.br /sbrafh/Web/zendLibrary/Zend/Oauth Consumer.php
2011.07.09 00:13 B F:\xampp\htdocs\zendLibrary\Zend\Oauth\Client.php --> ftp.radiofone.com.br /public_html/radiofone/zendLibrary/Zend/Oauth Client.php
2011.07.09 00:13 B F:\xampp\htdocs\zendLibrary\Zend\Oauth\Config.php --> ftp.radiofone.com.br /public_html/radiofone/zendLibrary/Zend/Oauth Config.php
2011.07.09 00:13 B F:\xampp\htdocs\zendLibrary\Zend\Oauth\Consumer.php --> ftp.radiofone.com.br /public_html/radiofone/zendLibrary/Zend/Oauth Consumer.php
2011.07.09 00:13 B F:\xampp\htdocs\zendLibrary\Zend\Oauth\Exception.php --> ftp.radiofone.com.br /public_html/radiofone/zendLibrary/Zend/Oauth Exception.php
2011.07.09 00:13 B F:\xampp\htdocs\zendLibrary\Zend\Oauth\Http.php --> ftp.radiofone.com.br /public_html/radiofone/zendLibrary/Zend/Oauth Http.php
2011.07.09 00:13 B F:\xampp\htdocs\zendLibrary\Zend\Oauth\Token.php --> ftp.radiofone.com.br /public_html/radiofone/zendLibrary/Zend/Oauth Token.php
2011.07.09 00:13 B F:\xampp\htdocs\zendLibrary\Zend\Oauth\WS_FTP.LOG --> ftp.radiofone.com.br /public_html/radiofone/zendLibrary/Zend/Oauth WS_FTP.LOG
2011.07.26 23:02 B F:\xampp\htdocs\zendLibrary\Zend\Oauth\Client.php --> ftp.sobrafo.org.br /public_html/zendLibrary/Zend/Oauth Client.php
2011.07.26 23:02 B F:\xampp\htdocs\zendLibrary\Zend\Oauth\Config.php --> ftp.sobrafo.org.br /public_html/zendLibrary/Zend/Oauth Config.php
2011.07.26 23:02 B F:\xampp\htdocs\zendLibrary\Zend\Oauth\Consumer.php --> ftp.sobrafo.org.br /public_html/zendLibrary/Zend/Oauth Consumer.php
2011.07.26 23:02 B F:\xampp\htdocs\zendLibrary\Zend\Oauth\Exception.php --> ftp.sobrafo.org.br /public_html/zendLibrary/Zend/Oauth Exception.php
2011.07.26 23:02 B F:\xampp\htdocs\zendLibrary\Zend\Oauth\Http.php --> ftp.sobrafo.org.br /public_html/zendLibrary/Zend/Oauth Http.php
2011.07.26 23:02 B F:\xampp\htdocs\zendLibrary\Zend\Oauth\Token.php --> ftp.sobrafo.org.br /public_html/zendLibrary/Zend/Oauth Token.php
2011.07.26 23:02 B F:\xampp\htdocs\zendLibrary\Zend\Oauth\WS_FTP.LOG --> ftp.sobrafo.org.br /public_html/zendLibrary/Zend/Oauth WS_FTP.LOG
2011.08.09 17:23 B F:\xampp\htdocs\ZendLibrary\Zend\Oauth\Client.php --> ftp.amfar.com.br /public_html/ZendLibrary/Zend/Oauth Client.php
2011.08.09 17:23 B F:\xampp\htdocs\ZendLibrary\Zend\Oauth\Config.php --> ftp.amfar.com.br /public_html/ZendLibrary/Zend/Oauth Config.php
2011.08.09 17:23 B F:\xampp\htdocs\ZendLibrary\Zend\Oauth\Consumer.php --> ftp.amfar.com.br /public_html/ZendLibrary/Zend/Oauth Consumer.php
2011.08.09 17:23 B F:\xampp\htdocs\ZendLibrary\Zend\Oauth\Exception.php --> ftp.amfar.com.br /public_html/ZendLibrary/Zend/Oauth Exception.php
2011.08.09 17:23 B F:\xampp\htdocs\ZendLibrary\Zend\Oauth\Http.php --> ftp.amfar.com.br /public_html/ZendLibrary/Zend/Oauth Http.php
2011.08.09 17:23 B F:\xampp\htdocs\ZendLibrary\Zend\Oauth\Token.php --> ftp.amfar.com.br /public_html/ZendLibrary/Zend/Oauth Token.php
