2011.06.20 18:33 B F:\xampp\htdocs\zf-tutorial\library\Zend\Db\Exception.php --> ftp.portalridgid.com.br /public_html/zf-tutorial/library/Zend/Db Exception.php
2011.06.20 18:33 B F:\xampp\htdocs\zf-tutorial\library\Zend\Db\Expr.php --> ftp.portalridgid.com.br /public_html/zf-tutorial/library/Zend/Db Expr.php
2011.06.20 18:33 B F:\xampp\htdocs\zf-tutorial\library\Zend\Db\Profiler.php --> ftp.portalridgid.com.br /public_html/zf-tutorial/library/Zend/Db Profiler.php
2011.06.20 18:33 B F:\xampp\htdocs\zf-tutorial\library\Zend\Db\Select.php --> ftp.portalridgid.com.br /public_html/zf-tutorial/library/Zend/Db Select.php
2011.06.20 18:33 B F:\xampp\htdocs\zf-tutorial\library\Zend\Db\Statement.php --> ftp.portalridgid.com.br /public_html/zf-tutorial/library/Zend/Db Statement.php
2011.06.20 18:33 B F:\xampp\htdocs\zf-tutorial\library\Zend\Db\Table.php --> ftp.portalridgid.com.br /public_html/zf-tutorial/library/Zend/Db Table.php
2011.06.30 03:42 B F:\xampp\htdocs\zendLibrary\Zend\Db\WS_FTP.LOG --> ftp.sbrafh.org.br /sbrafh/Web/zendLibrary/Zend/Db WS_FTP.LOG
2011.06.30 03:42 B F:\xampp\htdocs\zendLibrary\Zend\Db\Table.php --> ftp.sbrafh.org.br /sbrafh/Web/zendLibrary/Zend/Db Table.php
2011.06.30 03:42 B F:\xampp\htdocs\zendLibrary\Zend\Db\Statement.php --> ftp.sbrafh.org.br /sbrafh/Web/zendLibrary/Zend/Db Statement.php
2011.06.30 03:42 B F:\xampp\htdocs\zendLibrary\Zend\Db\Select.php --> ftp.sbrafh.org.br /sbrafh/Web/zendLibrary/Zend/Db Select.php
2011.06.30 03:42 B F:\xampp\htdocs\zendLibrary\Zend\Db\Profiler.php --> ftp.sbrafh.org.br /sbrafh/Web/zendLibrary/Zend/Db Profiler.php
2011.06.30 03:42 B F:\xampp\htdocs\zendLibrary\Zend\Db\Expr.php --> ftp.sbrafh.org.br /sbrafh/Web/zendLibrary/Zend/Db Expr.php
2011.06.30 03:42 B F:\xampp\htdocs\zendLibrary\Zend\Db\Exception.php --> ftp.sbrafh.org.br /sbrafh/Web/zendLibrary/Zend/Db Exception.php
2011.07.08 23:46 B F:\xampp\htdocs\zendLibrary\Zend\Db\Exception.php --> ftp.radiofone.com.br /public_html/radiofone/zendLibrary/Zend/Db Exception.php
2011.07.08 23:46 B F:\xampp\htdocs\zendLibrary\Zend\Db\Expr.php --> ftp.radiofone.com.br /public_html/radiofone/zendLibrary/Zend/Db Expr.php
2011.07.08 23:46 B F:\xampp\htdocs\zendLibrary\Zend\Db\Profiler.php --> ftp.radiofone.com.br /public_html/radiofone/zendLibrary/Zend/Db Profiler.php
2011.07.08 23:47 B F:\xampp\htdocs\zendLibrary\Zend\Db\Select.php --> ftp.radiofone.com.br /public_html/radiofone/zendLibrary/Zend/Db Select.php
2011.07.08 23:47 B F:\xampp\htdocs\zendLibrary\Zend\Db\Statement.php --> ftp.radiofone.com.br /public_html/radiofone/zendLibrary/Zend/Db Statement.php
2011.07.08 23:47 B F:\xampp\htdocs\zendLibrary\Zend\Db\Table.php --> ftp.radiofone.com.br /public_html/radiofone/zendLibrary/Zend/Db Table.php
2011.07.08 23:47 B F:\xampp\htdocs\zendLibrary\Zend\Db\WS_FTP.LOG --> ftp.radiofone.com.br /public_html/radiofone/zendLibrary/Zend/Db WS_FTP.LOG
2011.07.09 00:46 B F:\xampp\htdocs\zendLibrary\Zend\Db\WS_FTP.LOG --> ftp.radiofone.com.br /public_html/radiofone/zendLibrary/Zend/Db WS_FTP.LOG
2011.07.26 22:47 B F:\xampp\htdocs\zendLibrary\Zend\Db\Exception.php --> ftp.sobrafo.org.br /public_html/zendLibrary/Zend/Db Exception.php
2011.07.26 22:47 B F:\xampp\htdocs\zendLibrary\Zend\Db\Expr.php --> ftp.sobrafo.org.br /public_html/zendLibrary/Zend/Db Expr.php
2011.07.26 22:47 B F:\xampp\htdocs\zendLibrary\Zend\Db\Profiler.php --> ftp.sobrafo.org.br /public_html/zendLibrary/Zend/Db Profiler.php
2011.07.26 22:47 B F:\xampp\htdocs\zendLibrary\Zend\Db\Select.php --> ftp.sobrafo.org.br /public_html/zendLibrary/Zend/Db Select.php
2011.07.26 22:47 B F:\xampp\htdocs\zendLibrary\Zend\Db\Statement.php --> ftp.sobrafo.org.br /public_html/zendLibrary/Zend/Db Statement.php
2011.07.26 22:47 B F:\xampp\htdocs\zendLibrary\Zend\Db\Table.php --> ftp.sobrafo.org.br /public_html/zendLibrary/Zend/Db Table.php
2011.07.26 22:47 B F:\xampp\htdocs\zendLibrary\Zend\Db\WS_FTP.LOG --> ftp.sobrafo.org.br /public_html/zendLibrary/Zend/Db WS_FTP.LOG
2011.08.09 16:57 B F:\xampp\htdocs\ZendLibrary\Zend\Db\Exception.php --> ftp.amfar.com.br /public_html/ZendLibrary/Zend/Db Exception.php
2011.08.09 16:57 B F:\xampp\htdocs\ZendLibrary\Zend\Db\Expr.php --> ftp.amfar.com.br /public_html/ZendLibrary/Zend/Db Expr.php
2011.08.09 16:57 B F:\xampp\htdocs\ZendLibrary\Zend\Db\Profiler.php --> ftp.amfar.com.br /public_html/ZendLibrary/Zend/Db Profiler.php
2011.08.09 16:57 B F:\xampp\htdocs\ZendLibrary\Zend\Db\Select.php --> ftp.amfar.com.br /public_html/ZendLibrary/Zend/Db Select.php
2011.08.09 16:57 B F:\xampp\htdocs\ZendLibrary\Zend\Db\Statement.php --> ftp.amfar.com.br /public_html/ZendLibrary/Zend/Db Statement.php
2011.08.09 16:57 B F:\xampp\htdocs\ZendLibrary\Zend\Db\Table.php --> ftp.amfar.com.br /public_html/ZendLibrary/Zend/Db Table.php
