2011.06.20 18:52 B F:\xampp\htdocs\zf-tutorial\library\Zend\Service\DeveloperGarden\Request\ConferenceCall\AddConferenceTemplateParticipantRequest.php --> ftp.portalridgid.com.br /public_html/zf-tutorial/library/Zend/Service/DeveloperGarden/Request/ConferenceCall AddConferenceTemplateParticipantRequest.php
2011.06.20 18:52 B F:\xampp\htdocs\zf-tutorial\library\Zend\Service\DeveloperGarden\Request\ConferenceCall\CommitConferenceRequest.php --> ftp.portalridgid.com.br /public_html/zf-tutorial/library/Zend/Service/DeveloperGarden/Request/ConferenceCall CommitConferenceRequest.php
2011.06.20 18:52 B F:\xampp\htdocs\zf-tutorial\library\Zend\Service\DeveloperGarden\Request\ConferenceCall\CreateConferenceRequest.php --> ftp.portalridgid.com.br /public_html/zf-tutorial/library/Zend/Service/DeveloperGarden/Request/ConferenceCall CreateConferenceRequest.php
2011.06.20 18:52 B F:\xampp\htdocs\zf-tutorial\library\Zend\Service\DeveloperGarden\Request\ConferenceCall\CreateConferenceTemplateRequest.php --> ftp.portalridgid.com.br /public_html/zf-tutorial/library/Zend/Service/DeveloperGarden/Request/ConferenceCall CreateConferenceTemplateRequest.php
2011.06.20 18:52 B F:\xampp\htdocs\zf-tutorial\library\Zend\Service\DeveloperGarden\Request\ConferenceCall\GetConferenceListRequest.php --> ftp.portalridgid.com.br /public_html/zf-tutorial/library/Zend/Service/DeveloperGarden/Request/ConferenceCall GetConferenceListRequest.php
2011.06.20 18:52 B F:\xampp\htdocs\zf-tutorial\library\Zend\Service\DeveloperGarden\Request\ConferenceCall\GetConferenceStatusRequest.php --> ftp.portalridgid.com.br /public_html/zf-tutorial/library/Zend/Service/DeveloperGarden/Request/ConferenceCall GetConferenceStatusRequest.php
2011.06.20 18:52 B F:\xampp\htdocs\zf-tutorial\library\Zend\Service\DeveloperGarden\Request\ConferenceCall\GetConferenceTemplateListRequest.php --> ftp.portalridgid.com.br /public_html/zf-tutorial/library/Zend/Service/DeveloperGarden/Request/ConferenceCall GetConferenceTemplateListRequest.php
2011.06.20 18:52 B F:\xampp\htdocs\zf-tutorial\library\Zend\Service\DeveloperGarden\Request\ConferenceCall\GetConferenceTemplateParticipantRequest.php --> ftp.portalridgid.com.br /public_html/zf-tutorial/library/Zend/Service/DeveloperGarden/Request/ConferenceCall GetConferenceTemplateParticipantRequest.php
2011.06.20 18:52 B F:\xampp\htdocs\zf-tutorial\library\Zend\Service\DeveloperGarden\Request\ConferenceCall\GetConferenceTemplateRequest.php --> ftp.portalridgid.com.br /public_html/zf-tutorial/library/Zend/Service/DeveloperGarden/Request/ConferenceCall GetConferenceTemplateRequest.php
2011.06.20 18:52 B F:\xampp\htdocs\zf-tutorial\library\Zend\Service\DeveloperGarden\Request\ConferenceCall\GetParticipantStatusRequest.php --> ftp.portalridgid.com.br /public_html/zf-tutorial/library/Zend/Service/DeveloperGarden/Request/ConferenceCall GetParticipantStatusRequest.php
2011.06.20 18:52 B F:\xampp\htdocs\zf-tutorial\library\Zend\Service\DeveloperGarden\Request\ConferenceCall\GetRunningConferenceRequest.php --> ftp.portalridgid.com.br /public_html/zf-tutorial/library/Zend/Service/DeveloperGarden/Request/ConferenceCall GetRunningConferenceRequest.php
2011.06.20 18:52 B F:\xampp\htdocs\zf-tutorial\library\Zend\Service\DeveloperGarden\Request\ConferenceCall\NewParticipantRequest.php --> ftp.portalridgid.com.br /public_html/zf-tutorial/library/Zend/Service/DeveloperGarden/Request/ConferenceCall NewParticipantRequest.php
2011.06.20 18:52 B F:\xampp\htdocs\zf-tutorial\library\Zend\Service\DeveloperGarden\Request\ConferenceCall\RemoveConferenceRequest.php --> ftp.portalridgid.com.br /public_html/zf-tutorial/library/Zend/Service/DeveloperGarden/Request/ConferenceCall RemoveConferenceRequest.php
2011.06.20 18:52 B F:\xampp\htdocs\zf-tutorial\library\Zend\Service\DeveloperGarden\Request\ConferenceCall\RemoveConferenceTemplateParticipantRequest.php --> ftp.portalridgid.com.br /public_html/zf-tutorial/library/Zend/Service/DeveloperGarden/Request/ConferenceCall RemoveConferenceTemplateParticipantRequest.php
2011.06.20 18:52 B F:\xampp\htdocs\zf-tutorial\library\Zend\Service\DeveloperGarden\Request\ConferenceCall\RemoveConferenceTemplateRequest.php --> ftp.portalridgid.com.br /public_html/zf-tutorial/library/Zend/Service/DeveloperGarden/Request/ConferenceCall RemoveConferenceTemplateRequest.php
2011.06.20 18:52 B F:\xampp\htdocs\zf-tutorial\library\Zend\Service\DeveloperGarden\Request\ConferenceCall\RemoveParticipantRequest.php --> ftp.portalridgid.com.br /public_html/zf-tutorial/library/Zend/Service/DeveloperGarden/Request/ConferenceCall RemoveParticipantRequest.php
2011.06.20 18:52 B F:\xampp\htdocs\zf-tutorial\library\Zend\Service\DeveloperGarden\Request\ConferenceCall\UpdateConferenceRequest.php --> ftp.portalridgid.com.br /public_html/zf-tutorial/library/Zend/Service/DeveloperGarden/Request/ConferenceCall UpdateConferenceRequest.php
2011.06.20 18:52 B F:\xampp\htdocs\zf-tutorial\library\Zend\Service\DeveloperGarden\Request\ConferenceCall\UpdateConferenceTemplateParticipantRequest.php --> ftp.portalridgid.com.br /public_html/zf-tutorial/library/Zend/Service/DeveloperGarden/Request/ConferenceCall UpdateConferenceTemplateParticipantRequest.php
2011.06.20 18:52 B F:\xampp\htdocs\zf-tutorial\library\Zend\Service\DeveloperGarden\Request\ConferenceCall\UpdateConferenceTemplateRequest.php --> ftp.portalridgid.com.br /public_html/zf-tutorial/library/Zend/Service/DeveloperGarden/Request/ConferenceCall UpdateConferenceTemplateRequest.php
2011.06.20 18:52 B F:\xampp\htdocs\zf-tutorial\library\Zend\Service\DeveloperGarden\Request\ConferenceCall\UpdateParticipantRequest.php --> ftp.portalridgid.com.br /public_html/zf-tutorial/library/Zend/Service/DeveloperGarden/Request/ConferenceCall UpdateParticipantRequest.php
2011.06.30 03:15 B F:\xampp\htdocs\zendLibrary\Zend\Service\DeveloperGarden\Request\ConferenceCall\WS_FTP.LOG --> ftp.sbrafh.org.br /sbrafh/Web/zendLibrary/Zend/Service/DeveloperGarden/Request/ConferenceCall WS_FTP.LOG
2011.06.30 03:15 B F:\xampp\htdocs\zendLibrary\Zend\Service\DeveloperGarden\Request\ConferenceCall\UpdateParticipantRequest.php --> ftp.sbrafh.org.br /sbrafh/Web/zendLibrary/Zend/Service/DeveloperGarden/Request/ConferenceCall UpdateParticipantRequest.php
2011.06.30 03:15 B F:\xampp\htdocs\zendLibrary\Zend\Service\DeveloperGarden\Request\ConferenceCall\UpdateConferenceTemplateRequest.php --> ftp.sbrafh.org.br /sbrafh/Web/zendLibrary/Zend/Service/DeveloperGarden/Request/ConferenceCall UpdateConferenceTemplateRequest.php
2011.06.30 03:15 B F:\xampp\htdocs\zendLibrary\Zend\Service\DeveloperGarden\Request\ConferenceCall\UpdateConferenceTemplateParticipantRequest.php --> ftp.sbrafh.org.br /sbrafh/Web/zendLibrary/Zend/Service/DeveloperGarden/Request/ConferenceCall UpdateConferenceTemplateParticipantRequest.php
2011.06.30 03:15 B F:\xampp\htdocs\zendLibrary\Zend\Service\DeveloperGarden\Request\ConferenceCall\UpdateConferenceRequest.php --> ftp.sbrafh.org.br /sbrafh/Web/zendLibrary/Zend/Service/DeveloperGarden/Request/ConferenceCall UpdateConferenceRequest.php
2011.06.30 03:15 B F:\xampp\htdocs\zendLibrary\Zend\Service\DeveloperGarden\Request\ConferenceCall\RemoveParticipantRequest.php --> ftp.sbrafh.org.br /sbrafh/Web/zendLibrary/Zend/Service/DeveloperGarden/Request/ConferenceCall RemoveParticipantRequest.php
2011.06.30 03:15 B F:\xampp\htdocs\zendLibrary\Zend\Service\DeveloperGarden\Request\ConferenceCall\RemoveConferenceTemplateRequest.php --> ftp.sbrafh.org.br /sbrafh/Web/zendLibrary/Zend/Service/DeveloperGarden/Request/ConferenceCall RemoveConferenceTemplateRequest.php
2011.06.30 03:15 B F:\xampp\htdocs\zendLibrary\Zend\Service\DeveloperGarden\Request\ConferenceCall\RemoveConferenceTemplateParticipantRequest.php --> ftp.sbrafh.org.br /sbrafh/Web/zendLibrary/Zend/Service/DeveloperGarden/Request/ConferenceCall RemoveConferenceTemplateParticipantRequest.php
2011.06.30 03:15 B F:\xampp\htdocs\zendLibrary\Zend\Service\DeveloperGarden\Request\ConferenceCall\RemoveConferenceRequest.php --> ftp.sbrafh.org.br /sbrafh/Web/zendLibrary/Zend/Service/DeveloperGarden/Request/ConferenceCall RemoveConferenceRequest.php
2011.06.30 03:15 B F:\xampp\htdocs\zendLibrary\Zend\Service\DeveloperGarden\Request\ConferenceCall\NewParticipantRequest.php --> ftp.sbrafh.org.br /sbrafh/Web/zendLibrary/Zend/Service/DeveloperGarden/Request/ConferenceCall NewParticipantRequest.php
2011.06.30 03:15 B F:\xampp\htdocs\zendLibrary\Zend\Service\DeveloperGarden\Request\ConferenceCall\GetRunningConferenceRequest.php --> ftp.sbrafh.org.br /sbrafh/Web/zendLibrary/Zend/Service/DeveloperGarden/Request/ConferenceCall GetRunningConferenceRequest.php
2011.06.30 03:15 B F:\xampp\htdocs\zendLibrary\Zend\Service\DeveloperGarden\Request\ConferenceCall\GetParticipantStatusRequest.php --> ftp.sbrafh.org.br /sbrafh/Web/zendLibrary/Zend/Service/DeveloperGarden/Request/ConferenceCall GetParticipantStatusRequest.php
2011.06.30 03:15 B F:\xampp\htdocs\zendLibrary\Zend\Service\DeveloperGarden\Request\ConferenceCall\GetConferenceTemplateRequest.php --> ftp.sbrafh.org.br /sbrafh/Web/zendLibrary/Zend/Service/DeveloperGarden/Request/ConferenceCall GetConferenceTemplateRequest.php
2011.06.30 03:15 B F:\xampp\htdocs\zendLibrary\Zend\Service\DeveloperGarden\Request\ConferenceCall\GetConferenceTemplateParticipantRequest.php --> ftp.sbrafh.org.br /sbrafh/Web/zendLibrary/Zend/Service/DeveloperGarden/Request/ConferenceCall GetConferenceTemplateParticipantRequest.php
2011.06.30 03:15 B F:\xampp\htdocs\zendLibrary\Zend\Service\DeveloperGarden\Request\ConferenceCall\GetConferenceTemplateListRequest.php --> ftp.sbrafh.org.br /sbrafh/Web/zendLibrary/Zend/Service/DeveloperGarden/Request/ConferenceCall GetConferenceTemplateListRequest.php
2011.06.30 03:15 B F:\xampp\htdocs\zendLibrary\Zend\Service\DeveloperGarden\Request\ConferenceCall\GetConferenceStatusRequest.php --> ftp.sbrafh.org.br /sbrafh/Web/zendLibrary/Zend/Service/DeveloperGarden/Request/ConferenceCall GetConferenceStatusRequest.php
2011.06.30 03:15 B F:\xampp\htdocs\zendLibrary\Zend\Service\DeveloperGarden\Request\ConferenceCall\GetConferenceListRequest.php --> ftp.sbrafh.org.br /sbrafh/Web/zendLibrary/Zend/Service/DeveloperGarden/Request/ConferenceCall GetConferenceListRequest.php
2011.06.30 03:15 B F:\xampp\htdocs\zendLibrary\Zend\Service\DeveloperGarden\Request\ConferenceCall\CreateConferenceTemplateRequest.php --> ftp.sbrafh.org.br /sbrafh/Web/zendLibrary/Zend/Service/DeveloperGarden/Request/ConferenceCall CreateConferenceTemplateRequest.php
2011.06.30 03:15 B F:\xampp\htdocs\zendLibrary\Zend\Service\DeveloperGarden\Request\ConferenceCall\CreateConferenceRequest.php --> ftp.sbrafh.org.br /sbrafh/Web/zendLibrary/Zend/Service/DeveloperGarden/Request/ConferenceCall CreateConferenceRequest.php
2011.06.30 03:15 B F:\xampp\htdocs\zendLibrary\Zend\Service\DeveloperGarden\Request\ConferenceCall\CommitConferenceRequest.php --> ftp.sbrafh.org.br /sbrafh/Web/zendLibrary/Zend/Service/DeveloperGarden/Request/ConferenceCall CommitConferenceRequest.php
2011.06.30 03:15 B F:\xampp\htdocs\zendLibrary\Zend\Service\DeveloperGarden\Request\ConferenceCall\AddConferenceTemplateParticipantRequest.php --> ftp.sbrafh.org.br /sbrafh/Web/zendLibrary/Zend/Service/DeveloperGarden/Request/ConferenceCall AddConferenceTemplateParticipantRequest.php
2011.07.09 00:18 B F:\xampp\htdocs\zendLibrary\Zend\Service\DeveloperGarden\Request\ConferenceCall\AddConferenceTemplateParticipantRequest.php --> ftp.radiofone.com.br /public_html/radiofone/zendLibrary/Zend/Service/DeveloperGarden/Request/ConferenceCall AddConferenceTemplateParticipantRequest.php
2011.07.09 00:18 B F:\xampp\htdocs\zendLibrary\Zend\Service\DeveloperGarden\Request\ConferenceCall\CommitConferenceRequest.php --> ftp.radiofone.com.br /public_html/radiofone/zendLibrary/Zend/Service/DeveloperGarden/Request/ConferenceCall CommitConferenceRequest.php
2011.07.09 00:18 B F:\xampp\htdocs\zendLibrary\Zend\Service\DeveloperGarden\Request\ConferenceCall\CreateConferenceRequest.php --> ftp.radiofone.com.br /public_html/radiofone/zendLibrary/Zend/Service/DeveloperGarden/Request/ConferenceCall CreateConferenceRequest.php
2011.07.09 00:18 B F:\xampp\htdocs\zendLibrary\Zend\Service\DeveloperGarden\Request\ConferenceCall\CreateConferenceTemplateRequest.php --> ftp.radiofone.com.br /public_html/radiofone/zendLibrary/Zend/Service/DeveloperGarden/Request/ConferenceCall CreateConferenceTemplateRequest.php
2011.07.09 00:18 B F:\xampp\htdocs\zendLibrary\Zend\Service\DeveloperGarden\Request\ConferenceCall\GetConferenceListRequest.php --> ftp.radiofone.com.br /public_html/radiofone/zendLibrary/Zend/Service/DeveloperGarden/Request/ConferenceCall GetConferenceListRequest.php
2011.07.09 00:18 B F:\xampp\htdocs\zendLibrary\Zend\Service\DeveloperGarden\Request\ConferenceCall\GetConferenceStatusRequest.php --> ftp.radiofone.com.br /public_html/radiofone/zendLibrary/Zend/Service/DeveloperGarden/Request/ConferenceCall GetConferenceStatusRequest.php
2011.07.09 00:18 B F:\xampp\htdocs\zendLibrary\Zend\Service\DeveloperGarden\Request\ConferenceCall\GetConferenceTemplateListRequest.php --> ftp.radiofone.com.br /public_html/radiofone/zendLibrary/Zend/Service/DeveloperGarden/Request/ConferenceCall GetConferenceTemplateListRequest.php
2011.07.09 00:18 B F:\xampp\htdocs\zendLibrary\Zend\Service\DeveloperGarden\Request\ConferenceCall\GetConferenceTemplateParticipantRequest.php --> ftp.radiofone.com.br /public_html/radiofone/zendLibrary/Zend/Service/DeveloperGarden/Request/ConferenceCall GetConferenceTemplateParticipantRequest.php
2011.07.09 00:18 B F:\xampp\htdocs\zendLibrary\Zend\Service\DeveloperGarden\Request\ConferenceCall\GetConferenceTemplateRequest.php --> ftp.radiofone.com.br /public_html/radiofone/zendLibrary/Zend/Service/DeveloperGarden/Request/ConferenceCall GetConferenceTemplateRequest.php
2011.07.09 00:18 B F:\xampp\htdocs\zendLibrary\Zend\Service\DeveloperGarden\Request\ConferenceCall\GetParticipantStatusRequest.php --> ftp.radiofone.com.br /public_html/radiofone/zendLibrary/Zend/Service/DeveloperGarden/Request/ConferenceCall GetParticipantStatusRequest.php
2011.07.09 00:18 B F:\xampp\htdocs\zendLibrary\Zend\Service\DeveloperGarden\Request\ConferenceCall\GetRunningConferenceRequest.php --> ftp.radiofone.com.br /public_html/radiofone/zendLibrary/Zend/Service/DeveloperGarden/Request/ConferenceCall GetRunningConferenceRequest.php
2011.07.09 00:18 B F:\xampp\htdocs\zendLibrary\Zend\Service\DeveloperGarden\Request\ConferenceCall\NewParticipantRequest.php --> ftp.radiofone.com.br /public_html/radiofone/zendLibrary/Zend/Service/DeveloperGarden/Request/ConferenceCall NewParticipantRequest.php
2011.07.09 00:18 B F:\xampp\htdocs\zendLibrary\Zend\Service\DeveloperGarden\Request\ConferenceCall\RemoveConferenceRequest.php --> ftp.radiofone.com.br /public_html/radiofone/zendLibrary/Zend/Service/DeveloperGarden/Request/ConferenceCall RemoveConferenceRequest.php
2011.07.09 00:18 B F:\xampp\htdocs\zendLibrary\Zend\Service\DeveloperGarden\Request\ConferenceCall\RemoveConferenceTemplateParticipantRequest.php --> ftp.radiofone.com.br /public_html/radiofone/zendLibrary/Zend/Service/DeveloperGarden/Request/ConferenceCall RemoveConferenceTemplateParticipantRequest.php
2011.07.09 00:18 B F:\xampp\htdocs\zendLibrary\Zend\Service\DeveloperGarden\Request\ConferenceCall\RemoveConferenceTemplateRequest.php --> ftp.radiofone.com.br /public_html/radiofone/zendLibrary/Zend/Service/DeveloperGarden/Request/ConferenceCall RemoveConferenceTemplateRequest.php
2011.07.09 00:18 B F:\xampp\htdocs\zendLibrary\Zend\Service\DeveloperGarden\Request\ConferenceCall\RemoveParticipantRequest.php --> ftp.radiofone.com.br /public_html/radiofone/zendLibrary/Zend/Service/DeveloperGarden/Request/ConferenceCall RemoveParticipantRequest.php
2011.07.09 00:18 B F:\xampp\htdocs\zendLibrary\Zend\Service\DeveloperGarden\Request\ConferenceCall\UpdateConferenceRequest.php --> ftp.radiofone.com.br /public_html/radiofone/zendLibrary/Zend/Service/DeveloperGarden/Request/ConferenceCall UpdateConferenceRequest.php
2011.07.09 00:18 B F:\xampp\htdocs\zendLibrary\Zend\Service\DeveloperGarden\Request\ConferenceCall\UpdateConferenceTemplateParticipantRequest.php --> ftp.radiofone.com.br /public_html/radiofone/zendLibrary/Zend/Service/DeveloperGarden/Request/ConferenceCall UpdateConferenceTemplateParticipantRequest.php
2011.07.09 00:18 B F:\xampp\htdocs\zendLibrary\Zend\Service\DeveloperGarden\Request\ConferenceCall\UpdateConferenceTemplateRequest.php --> ftp.radiofone.com.br /public_html/radiofone/zendLibrary/Zend/Service/DeveloperGarden/Request/ConferenceCall UpdateConferenceTemplateRequest.php
2011.07.09 00:18 B F:\xampp\htdocs\zendLibrary\Zend\Service\DeveloperGarden\Request\ConferenceCall\UpdateParticipantRequest.php --> ftp.radiofone.com.br /public_html/radiofone/zendLibrary/Zend/Service/DeveloperGarden/Request/ConferenceCall UpdateParticipantRequest.php
2011.07.09 00:18 B F:\xampp\htdocs\zendLibrary\Zend\Service\DeveloperGarden\Request\ConferenceCall\WS_FTP.LOG --> ftp.radiofone.com.br /public_html/radiofone/zendLibrary/Zend/Service/DeveloperGarden/Request/ConferenceCall WS_FTP.LOG
2011.07.26 23:07 B F:\xampp\htdocs\zendLibrary\Zend\Service\DeveloperGarden\Request\ConferenceCall\AddConferenceTemplateParticipantRequest.php --> ftp.sobrafo.org.br /public_html/zendLibrary/Zend/Service/DeveloperGarden/Request/ConferenceCall AddConferenceTemplateParticipantRequest.php
2011.07.26 23:07 B F:\xampp\htdocs\zendLibrary\Zend\Service\DeveloperGarden\Request\ConferenceCall\CommitConferenceRequest.php --> ftp.sobrafo.org.br /public_html/zendLibrary/Zend/Service/DeveloperGarden/Request/ConferenceCall CommitConferenceRequest.php
2011.07.26 23:07 B F:\xampp\htdocs\zendLibrary\Zend\Service\DeveloperGarden\Request\ConferenceCall\CreateConferenceRequest.php --> ftp.sobrafo.org.br /public_html/zendLibrary/Zend/Service/DeveloperGarden/Request/ConferenceCall CreateConferenceRequest.php
2011.07.26 23:07 B F:\xampp\htdocs\zendLibrary\Zend\Service\DeveloperGarden\Request\ConferenceCall\CreateConferenceTemplateRequest.php --> ftp.sobrafo.org.br /public_html/zendLibrary/Zend/Service/DeveloperGarden/Request/ConferenceCall CreateConferenceTemplateRequest.php
2011.07.26 23:07 B F:\xampp\htdocs\zendLibrary\Zend\Service\DeveloperGarden\Request\ConferenceCall\GetConferenceListRequest.php --> ftp.sobrafo.org.br /public_html/zendLibrary/Zend/Service/DeveloperGarden/Request/ConferenceCall GetConferenceListRequest.php
2011.07.26 23:07 B F:\xampp\htdocs\zendLibrary\Zend\Service\DeveloperGarden\Request\ConferenceCall\GetConferenceStatusRequest.php --> ftp.sobrafo.org.br /public_html/zendLibrary/Zend/Service/DeveloperGarden/Request/ConferenceCall GetConferenceStatusRequest.php
2011.07.26 23:07 B F:\xampp\htdocs\zendLibrary\Zend\Service\DeveloperGarden\Request\ConferenceCall\GetConferenceTemplateListRequest.php --> ftp.sobrafo.org.br /public_html/zendLibrary/Zend/Service/DeveloperGarden/Request/ConferenceCall GetConferenceTemplateListRequest.php
2011.07.26 23:07 B F:\xampp\htdocs\zendLibrary\Zend\Service\DeveloperGarden\Request\ConferenceCall\GetConferenceTemplateParticipantRequest.php --> ftp.sobrafo.org.br /public_html/zendLibrary/Zend/Service/DeveloperGarden/Request/ConferenceCall GetConferenceTemplateParticipantRequest.php
2011.07.26 23:07 B F:\xampp\htdocs\zendLibrary\Zend\Service\DeveloperGarden\Request\ConferenceCall\GetConferenceTemplateRequest.php --> ftp.sobrafo.org.br /public_html/zendLibrary/Zend/Service/DeveloperGarden/Request/ConferenceCall GetConferenceTemplateRequest.php
2011.07.26 23:07 B F:\xampp\htdocs\zendLibrary\Zend\Service\DeveloperGarden\Request\ConferenceCall\GetParticipantStatusRequest.php --> ftp.sobrafo.org.br /public_html/zendLibrary/Zend/Service/DeveloperGarden/Request/ConferenceCall GetParticipantStatusRequest.php
2011.07.26 23:08 B F:\xampp\htdocs\zendLibrary\Zend\Service\DeveloperGarden\Request\ConferenceCall\GetRunningConferenceRequest.php --> ftp.sobrafo.org.br /public_html/zendLibrary/Zend/Service/DeveloperGarden/Request/ConferenceCall GetRunningConferenceRequest.php
2011.07.26 23:08 B F:\xampp\htdocs\zendLibrary\Zend\Service\DeveloperGarden\Request\ConferenceCall\NewParticipantRequest.php --> ftp.sobrafo.org.br /public_html/zendLibrary/Zend/Service/DeveloperGarden/Request/ConferenceCall NewParticipantRequest.php
2011.07.26 23:08 B F:\xampp\htdocs\zendLibrary\Zend\Service\DeveloperGarden\Request\ConferenceCall\RemoveConferenceRequest.php --> ftp.sobrafo.org.br /public_html/zendLibrary/Zend/Service/DeveloperGarden/Request/ConferenceCall RemoveConferenceRequest.php
2011.07.26 23:08 B F:\xampp\htdocs\zendLibrary\Zend\Service\DeveloperGarden\Request\ConferenceCall\RemoveConferenceTemplateParticipantRequest.php --> ftp.sobrafo.org.br /public_html/zendLibrary/Zend/Service/DeveloperGarden/Request/ConferenceCall RemoveConferenceTemplateParticipantRequest.php
2011.07.26 23:08 B F:\xampp\htdocs\zendLibrary\Zend\Service\DeveloperGarden\Request\ConferenceCall\RemoveConferenceTemplateRequest.php --> ftp.sobrafo.org.br /public_html/zendLibrary/Zend/Service/DeveloperGarden/Request/ConferenceCall RemoveConferenceTemplateRequest.php
2011.07.26 23:08 B F:\xampp\htdocs\zendLibrary\Zend\Service\DeveloperGarden\Request\ConferenceCall\RemoveParticipantRequest.php --> ftp.sobrafo.org.br /public_html/zendLibrary/Zend/Service/DeveloperGarden/Request/ConferenceCall RemoveParticipantRequest.php
2011.07.26 23:08 B F:\xampp\htdocs\zendLibrary\Zend\Service\DeveloperGarden\Request\ConferenceCall\UpdateConferenceRequest.php --> ftp.sobrafo.org.br /public_html/zendLibrary/Zend/Service/DeveloperGarden/Request/ConferenceCall UpdateConferenceRequest.php
2011.07.26 23:08 B F:\xampp\htdocs\zendLibrary\Zend\Service\DeveloperGarden\Request\ConferenceCall\UpdateConferenceTemplateParticipantRequest.php --> ftp.sobrafo.org.br /public_html/zendLibrary/Zend/Service/DeveloperGarden/Request/ConferenceCall UpdateConferenceTemplateParticipantRequest.php
2011.07.26 23:08 B F:\xampp\htdocs\zendLibrary\Zend\Service\DeveloperGarden\Request\ConferenceCall\UpdateConferenceTemplateRequest.php --> ftp.sobrafo.org.br /public_html/zendLibrary/Zend/Service/DeveloperGarden/Request/ConferenceCall UpdateConferenceTemplateRequest.php
2011.07.26 23:08 B F:\xampp\htdocs\zendLibrary\Zend\Service\DeveloperGarden\Request\ConferenceCall\UpdateParticipantRequest.php --> ftp.sobrafo.org.br /public_html/zendLibrary/Zend/Service/DeveloperGarden/Request/ConferenceCall UpdateParticipantRequest.php
2011.07.26 23:08 B F:\xampp\htdocs\zendLibrary\Zend\Service\DeveloperGarden\Request\ConferenceCall\WS_FTP.LOG --> ftp.sobrafo.org.br /public_html/zendLibrary/Zend/Service/DeveloperGarden/Request/ConferenceCall WS_FTP.LOG
2011.08.09 17:28 B F:\xampp\htdocs\ZendLibrary\Zend\Service\DeveloperGarden\Request\ConferenceCall\AddConferenceTemplateParticipantRequest.php --> ftp.amfar.com.br /public_html/ZendLibrary/Zend/Service/DeveloperGarden/Request/ConferenceCall AddConferenceTemplateParticipantRequest.php
2011.08.09 17:28 B F:\xampp\htdocs\ZendLibrary\Zend\Service\DeveloperGarden\Request\ConferenceCall\CommitConferenceRequest.php --> ftp.amfar.com.br /public_html/ZendLibrary/Zend/Service/DeveloperGarden/Request/ConferenceCall CommitConferenceRequest.php
2011.08.09 17:28 B F:\xampp\htdocs\ZendLibrary\Zend\Service\DeveloperGarden\Request\ConferenceCall\CreateConferenceRequest.php --> ftp.amfar.com.br /public_html/ZendLibrary/Zend/Service/DeveloperGarden/Request/ConferenceCall CreateConferenceRequest.php
2011.08.09 17:28 B F:\xampp\htdocs\ZendLibrary\Zend\Service\DeveloperGarden\Request\ConferenceCall\CreateConferenceTemplateRequest.php --> ftp.amfar.com.br /public_html/ZendLibrary/Zend/Service/DeveloperGarden/Request/ConferenceCall CreateConferenceTemplateRequest.php
2011.08.09 17:28 B F:\xampp\htdocs\ZendLibrary\Zend\Service\DeveloperGarden\Request\ConferenceCall\GetConferenceListRequest.php --> ftp.amfar.com.br /public_html/ZendLibrary/Zend/Service/DeveloperGarden/Request/ConferenceCall GetConferenceListRequest.php
2011.08.09 17:28 B F:\xampp\htdocs\ZendLibrary\Zend\Service\DeveloperGarden\Request\ConferenceCall\GetConferenceStatusRequest.php --> ftp.amfar.com.br /public_html/ZendLibrary/Zend/Service/DeveloperGarden/Request/ConferenceCall GetConferenceStatusRequest.php
2011.08.09 17:28 B F:\xampp\htdocs\ZendLibrary\Zend\Service\DeveloperGarden\Request\ConferenceCall\GetConferenceTemplateListRequest.php --> ftp.amfar.com.br /public_html/ZendLibrary/Zend/Service/DeveloperGarden/Request/ConferenceCall GetConferenceTemplateListRequest.php
2011.08.09 17:28 B F:\xampp\htdocs\ZendLibrary\Zend\Service\DeveloperGarden\Request\ConferenceCall\GetConferenceTemplateParticipantRequest.php --> ftp.amfar.com.br /public_html/ZendLibrary/Zend/Service/DeveloperGarden/Request/ConferenceCall GetConferenceTemplateParticipantRequest.php
2011.08.09 17:28 B F:\xampp\htdocs\ZendLibrary\Zend\Service\DeveloperGarden\Request\ConferenceCall\GetConferenceTemplateRequest.php --> ftp.amfar.com.br /public_html/ZendLibrary/Zend/Service/DeveloperGarden/Request/ConferenceCall GetConferenceTemplateRequest.php
2011.08.09 17:28 B F:\xampp\htdocs\ZendLibrary\Zend\Service\DeveloperGarden\Request\ConferenceCall\GetParticipantStatusRequest.php --> ftp.amfar.com.br /public_html/ZendLibrary/Zend/Service/DeveloperGarden/Request/ConferenceCall GetParticipantStatusRequest.php
2011.08.09 17:28 B F:\xampp\htdocs\ZendLibrary\Zend\Service\DeveloperGarden\Request\ConferenceCall\GetRunningConferenceRequest.php --> ftp.amfar.com.br /public_html/ZendLibrary/Zend/Service/DeveloperGarden/Request/ConferenceCall GetRunningConferenceRequest.php
2011.08.09 17:28 B F:\xampp\htdocs\ZendLibrary\Zend\Service\DeveloperGarden\Request\ConferenceCall\NewParticipantRequest.php --> ftp.amfar.com.br /public_html/ZendLibrary/Zend/Service/DeveloperGarden/Request/ConferenceCall NewParticipantRequest.php
2011.08.09 17:28 B F:\xampp\htdocs\ZendLibrary\Zend\Service\DeveloperGarden\Request\ConferenceCall\RemoveConferenceRequest.php --> ftp.amfar.com.br /public_html/ZendLibrary/Zend/Service/DeveloperGarden/Request/ConferenceCall RemoveConferenceRequest.php
2011.08.09 17:28 B F:\xampp\htdocs\ZendLibrary\Zend\Service\DeveloperGarden\Request\ConferenceCall\RemoveConferenceTemplateParticipantRequest.php --> ftp.amfar.com.br /public_html/ZendLibrary/Zend/Service/DeveloperGarden/Request/ConferenceCall RemoveConferenceTemplateParticipantRequest.php
2011.08.09 17:28 B F:\xampp\htdocs\ZendLibrary\Zend\Service\DeveloperGarden\Request\ConferenceCall\RemoveConferenceTemplateRequest.php --> ftp.amfar.com.br /public_html/ZendLibrary/Zend/Service/DeveloperGarden/Request/ConferenceCall RemoveConferenceTemplateRequest.php
2011.08.09 17:28 B F:\xampp\htdocs\ZendLibrary\Zend\Service\DeveloperGarden\Request\ConferenceCall\RemoveParticipantRequest.php --> ftp.amfar.com.br /public_html/ZendLibrary/Zend/Service/DeveloperGarden/Request/ConferenceCall RemoveParticipantRequest.php
2011.08.09 17:28 B F:\xampp\htdocs\ZendLibrary\Zend\Service\DeveloperGarden\Request\ConferenceCall\UpdateConferenceRequest.php --> ftp.amfar.com.br /public_html/ZendLibrary/Zend/Service/DeveloperGarden/Request/ConferenceCall UpdateConferenceRequest.php
2011.08.09 17:28 B F:\xampp\htdocs\ZendLibrary\Zend\Service\DeveloperGarden\Request\ConferenceCall\UpdateConferenceTemplateParticipantRequest.php --> ftp.amfar.com.br /public_html/ZendLibrary/Zend/Service/DeveloperGarden/Request/ConferenceCall UpdateConferenceTemplateParticipantRequest.php
2011.08.09 17:28 B F:\xampp\htdocs\ZendLibrary\Zend\Service\DeveloperGarden\Request\ConferenceCall\UpdateConferenceTemplateRequest.php --> ftp.amfar.com.br /public_html/ZendLibrary/Zend/Service/DeveloperGarden/Request/ConferenceCall UpdateConferenceTemplateRequest.php
2011.08.09 17:28 B F:\xampp\htdocs\ZendLibrary\Zend\Service\DeveloperGarden\Request\ConferenceCall\UpdateParticipantRequest.php --> ftp.amfar.com.br /public_html/ZendLibrary/Zend/Service/DeveloperGarden/Request/ConferenceCall UpdateParticipantRequest.php
