2012.09.19 01:11 B F:\xampp\htdocs\html2pdf\exemploPdf.css --> ftp.sbrafh.org.br /public_html/html2pdf exemploPdf.css
2012.09.19 01:11 B F:\xampp\htdocs\html2pdf\exemploPdf.php --> ftp.sbrafh.org.br /public_html/html2pdf exemploPdf.php
2012.09.19 01:12 B F:\xampp\htdocs\html2pdf\logo.png --> ftp.sbrafh.org.br /public_html/html2pdf logo.png
2012.09.19 01:12 B F:\xampp\htdocs\html2pdf\style.css --> ftp.sbrafh.org.br /public_html/html2pdf style.css
2012.09.19 01:16 B F:\xampp\htdocs\html2pdf\exemploPdf.css --> ftp.sbrafh.org.br /public_html/html2pdf exemploPdf.css
2012.09.19 01:16 B F:\xampp\htdocs\html2pdf\exemploPdf.php --> ftp.sbrafh.org.br /public_html/html2pdf exemploPdf.php
2012.09.19 01:17 B F:\xampp\htdocs\html2pdf\exemploPdf.css --> ftp.sbrafh.org.br /public_html/html2pdf exemploPdf.css
2012.09.19 01:17 B F:\xampp\htdocs\html2pdf\exemploPdf.css --> ftp.sbrafh.org.br /public_html/html2pdf exemploPdf.css
2012.09.19 01:17 B F:\xampp\htdocs\html2pdf\exemploPdf.css --> ftp.sbrafh.org.br /public_html/html2pdf exemploPdf.css
2012.09.19 01:19 B F:\xampp\htdocs\html2pdf\exemploPdf.css --> ftp.sbrafh.org.br /public_html/html2pdf exemploPdf.css
2012.09.19 01:21 B F:\xampp\htdocs\html2pdf\exemploPdf.php --> ftp.sbrafh.org.br /public_html/html2pdf exemploPdf.php
2012.09.19 01:24 B F:\xampp\htdocs\html2pdf\certificado.jpg --> ftp.sbrafh.org.br /public_html/html2pdf certificado.jpg
2012.09.19 01:25 B F:\xampp\htdocs\html2pdf\exemploPdf.css --> ftp.sbrafh.org.br /public_html/html2pdf exemploPdf.css
2012.09.19 01:26 B F:\xampp\htdocs\html2pdf\exemploPdf.css --> ftp.sbrafh.org.br /public_html/html2pdf exemploPdf.css
2012.09.19 01:26 B F:\xampp\htdocs\html2pdf\exemploPdf.css --> ftp.sbrafh.org.br /public_html/html2pdf exemploPdf.css
2012.09.19 01:27 B F:\xampp\htdocs\html2pdf\certificado.jpg --> ftp.sbrafh.org.br /public_html/html2pdf certificado.jpg
2012.09.19 01:28 B F:\xampp\htdocs\html2pdf\certificado.jpg --> ftp.sbrafh.org.br /public_html/html2pdf certificado.jpg
2012.09.19 01:29 B F:\xampp\htdocs\html2pdf\certificado.jpg --> ftp.sbrafh.org.br /public_html/html2pdf certificado.jpg
2012.09.19 01:33 B F:\xampp\htdocs\html2pdf\certificado.jpg --> ftp.sbrafh.org.br /public_html/html2pdf certificado.jpg
2012.09.19 01:34 B F:\xampp\htdocs\html2pdf\certificado.jpg --> ftp.sbrafh.org.br /public_html/html2pdf certificado.jpg
2012.09.19 01:37 B F:\xampp\htdocs\html2pdf\certificado.jpg --> ftp.sbrafh.org.br /public_html/html2pdf certificado.jpg
2012.09.19 01:37 B F:\xampp\htdocs\html2pdf\certificado.jpg --> ftp.sbrafh.org.br /public_html/html2pdf certificado.jpg
2012.09.19 01:38 B F:\xampp\htdocs\html2pdf\exemploPdf.css --> ftp.sbrafh.org.br /public_html/html2pdf exemploPdf.css
2012.09.19 01:40 B F:\xampp\htdocs\html2pdf\exemploPdf.css --> ftp.sbrafh.org.br /public_html/html2pdf exemploPdf.css
2012.09.19 01:40 B F:\xampp\htdocs\html2pdf\exemploPdf.php --> ftp.sbrafh.org.br /public_html/html2pdf exemploPdf.php
2012.09.19 01:41 B F:\xampp\htdocs\html2pdf\exemploPdf.css --> ftp.sbrafh.org.br /public_html/html2pdf exemploPdf.css
2012.09.19 01:42 B F:\xampp\htdocs\html2pdf\exemploPdf.css --> ftp.sbrafh.org.br /public_html/html2pdf exemploPdf.css
2012.09.19 01:42 B F:\xampp\htdocs\html2pdf\exemploPdf.php --> ftp.sbrafh.org.br /public_html/html2pdf exemploPdf.php
2012.09.19 01:42 B F:\xampp\htdocs\html2pdf\exemploPdf.css --> ftp.sbrafh.org.br /public_html/html2pdf exemploPdf.css
2012.09.19 01:42 B F:\xampp\htdocs\html2pdf\exemploPdf.php --> ftp.sbrafh.org.br /public_html/html2pdf exemploPdf.php
2012.09.19 01:43 B F:\xampp\htdocs\html2pdf\exemploPdf.css --> ftp.sbrafh.org.br /public_html/html2pdf exemploPdf.css
2012.09.19 01:43 B F:\xampp\htdocs\html2pdf\exemploPdf.php --> ftp.sbrafh.org.br /public_html/html2pdf exemploPdf.php
2012.09.19 01:43 B F:\xampp\htdocs\html2pdf\exemploPdf.css --> ftp.sbrafh.org.br /public_html/html2pdf exemploPdf.css
2012.09.19 01:43 B F:\xampp\htdocs\html2pdf\exemploPdf.php --> ftp.sbrafh.org.br /public_html/html2pdf exemploPdf.php
2012.09.19 01:44 B F:\xampp\htdocs\html2pdf\exemploPdf.css --> ftp.sbrafh.org.br /public_html/html2pdf exemploPdf.css
2012.09.19 01:44 B F:\xampp\htdocs\html2pdf\exemploPdf.php --> ftp.sbrafh.org.br /public_html/html2pdf exemploPdf.php
2012.09.19 01:44 B F:\xampp\htdocs\html2pdf\exemploPdf.css --> ftp.sbrafh.org.br /public_html/html2pdf exemploPdf.css
2012.09.19 01:44 B F:\xampp\htdocs\html2pdf\exemploPdf.php --> ftp.sbrafh.org.br /public_html/html2pdf exemploPdf.php
2012.09.19 01:49 B F:\xampp\htdocs\html2pdf\exemploPdf.php --> ftp.sbrafh.org.br /public_html/html2pdf exemploPdf.php
2012.09.19 01:51 B F:\xampp\htdocs\html2pdf\exemploPdf.php --> ftp.sbrafh.org.br /public_html/html2pdf exemploPdf.php
2012.09.19 01:51 B F:\xampp\htdocs\html2pdf\exemploPdf.css --> ftp.sbrafh.org.br /public_html/html2pdf exemploPdf.css
2012.09.19 01:52 B F:\xampp\htdocs\html2pdf\exemploPdf.css --> ftp.sbrafh.org.br /public_html/html2pdf exemploPdf.css
2012.09.19 01:52 B F:\xampp\htdocs\html2pdf\exemploPdf.css --> ftp.sbrafh.org.br /public_html/html2pdf exemploPdf.css
2012.09.19 01:52 B F:\xampp\htdocs\html2pdf\exemploPdf.php --> ftp.sbrafh.org.br /public_html/html2pdf exemploPdf.php
2012.09.19 01:52 B F:\xampp\htdocs\html2pdf\exemploPdf.css --> ftp.sbrafh.org.br /public_html/html2pdf exemploPdf.css
2012.09.19 01:52 B F:\xampp\htdocs\html2pdf\exemploPdf.php --> ftp.sbrafh.org.br /public_html/html2pdf exemploPdf.php
2012.09.19 01:53 B F:\xampp\htdocs\html2pdf\exemploPdf.css --> ftp.sbrafh.org.br /public_html/html2pdf exemploPdf.css
2012.09.19 01:53 B F:\xampp\htdocs\html2pdf\exemploPdf.php --> ftp.sbrafh.org.br /public_html/html2pdf exemploPdf.php
2012.09.19 01:53 B F:\xampp\htdocs\html2pdf\exemploPdf.css --> ftp.sbrafh.org.br /public_html/html2pdf exemploPdf.css
2012.09.19 01:53 B F:\xampp\htdocs\html2pdf\exemploPdf.php --> ftp.sbrafh.org.br /public_html/html2pdf exemploPdf.php
2012.09.19 01:54 B F:\xampp\htdocs\html2pdf\exemploPdf.css --> ftp.sbrafh.org.br /public_html/html2pdf exemploPdf.css
2012.09.19 01:54 B F:\xampp\htdocs\html2pdf\exemploPdf.php --> ftp.sbrafh.org.br /public_html/html2pdf exemploPdf.php
2012.09.19 01:55 B F:\xampp\htdocs\html2pdf\exemploPdf.css --> ftp.sbrafh.org.br /public_html/html2pdf exemploPdf.css
2012.09.19 01:55 B F:\xampp\htdocs\html2pdf\exemploPdf.php --> ftp.sbrafh.org.br /public_html/html2pdf exemploPdf.php
2012.09.19 01:55 B F:\xampp\htdocs\html2pdf\exemploPdf.css --> ftp.sbrafh.org.br /public_html/html2pdf exemploPdf.css
2012.09.19 01:55 B F:\xampp\htdocs\html2pdf\exemploPdf.php --> ftp.sbrafh.org.br /public_html/html2pdf exemploPdf.php
2012.09.19 01:56 B F:\xampp\htdocs\html2pdf\exemploPdf.css --> ftp.sbrafh.org.br /public_html/html2pdf exemploPdf.css
2012.09.19 01:56 B F:\xampp\htdocs\html2pdf\exemploPdf.php --> ftp.sbrafh.org.br /public_html/html2pdf exemploPdf.php
2012.09.19 01:56 B F:\xampp\htdocs\html2pdf\exemploPdf.css --> ftp.sbrafh.org.br /public_html/html2pdf exemploPdf.css
2012.09.19 01:56 B F:\xampp\htdocs\html2pdf\exemploPdf.php --> ftp.sbrafh.org.br /public_html/html2pdf exemploPdf.php
2012.09.19 01:56 B F:\xampp\htdocs\html2pdf\exemploPdf.css --> ftp.sbrafh.org.br /public_html/html2pdf exemploPdf.css
2012.09.19 01:56 B F:\xampp\htdocs\html2pdf\exemploPdf.php --> ftp.sbrafh.org.br /public_html/html2pdf exemploPdf.php
2012.09.19 01:57 B F:\xampp\htdocs\html2pdf\exemploPdf.css --> ftp.sbrafh.org.br /public_html/html2pdf exemploPdf.css
2012.09.19 01:57 B F:\xampp\htdocs\html2pdf\exemploPdf.php --> ftp.sbrafh.org.br /public_html/html2pdf exemploPdf.php
2012.09.19 01:57 B F:\xampp\htdocs\html2pdf\exemploPdf.css --> ftp.sbrafh.org.br /public_html/html2pdf exemploPdf.css
2012.09.19 01:57 B F:\xampp\htdocs\html2pdf\exemploPdf.php --> ftp.sbrafh.org.br /public_html/html2pdf exemploPdf.php
2012.09.19 01:57 B F:\xampp\htdocs\html2pdf\exemploPdf.css --> ftp.sbrafh.org.br /public_html/html2pdf exemploPdf.css
2012.09.19 01:57 B F:\xampp\htdocs\html2pdf\exemploPdf.php --> ftp.sbrafh.org.br /public_html/html2pdf exemploPdf.php
2012.09.19 01:57 B F:\xampp\htdocs\html2pdf\exemploPdf.css --> ftp.sbrafh.org.br /public_html/html2pdf exemploPdf.css
2012.09.19 01:57 B F:\xampp\htdocs\html2pdf\exemploPdf.php --> ftp.sbrafh.org.br /public_html/html2pdf exemploPdf.php
2012.09.19 01:58 B F:\xampp\htdocs\html2pdf\exemploPdf.css --> ftp.sbrafh.org.br /public_html/html2pdf exemploPdf.css
2012.09.19 01:58 B F:\xampp\htdocs\html2pdf\exemploPdf.php --> ftp.sbrafh.org.br /public_html/html2pdf exemploPdf.php
2012.09.19 01:58 B F:\xampp\htdocs\html2pdf\exemploPdf.css --> ftp.sbrafh.org.br /public_html/html2pdf exemploPdf.css
2012.09.19 01:58 B F:\xampp\htdocs\html2pdf\exemploPdf.php --> ftp.sbrafh.org.br /public_html/html2pdf exemploPdf.php
2012.09.19 01:58 B F:\xampp\htdocs\html2pdf\exemploPdf.css --> ftp.sbrafh.org.br /public_html/html2pdf exemploPdf.css
2012.09.19 01:58 B F:\xampp\htdocs\html2pdf\exemploPdf.php --> ftp.sbrafh.org.br /public_html/html2pdf exemploPdf.php
2012.09.19 01:58 B F:\xampp\htdocs\html2pdf\exemploPdf.css --> ftp.sbrafh.org.br /public_html/html2pdf exemploPdf.css
2012.09.19 01:58 B F:\xampp\htdocs\html2pdf\exemploPdf.php --> ftp.sbrafh.org.br /public_html/html2pdf exemploPdf.php
2012.09.19 01:59 B F:\xampp\htdocs\html2pdf\exemploPdf.css --> ftp.sbrafh.org.br /public_html/html2pdf exemploPdf.css
2012.09.19 01:59 B F:\xampp\htdocs\html2pdf\exemploPdf.php --> ftp.sbrafh.org.br /public_html/html2pdf exemploPdf.php
2012.09.19 01:59 B F:\xampp\htdocs\html2pdf\exemploPdf.css --> ftp.sbrafh.org.br /public_html/html2pdf exemploPdf.css
2012.09.19 01:59 B F:\xampp\htdocs\html2pdf\exemploPdf.php --> ftp.sbrafh.org.br /public_html/html2pdf exemploPdf.php
2012.09.19 02:00 B F:\xampp\htdocs\html2pdf\exemploPdf.css --> ftp.sbrafh.org.br /public_html/html2pdf exemploPdf.css
2012.09.19 02:00 B F:\xampp\htdocs\html2pdf\exemploPdf.php --> ftp.sbrafh.org.br /public_html/html2pdf exemploPdf.php
2012.09.19 02:01 B F:\xampp\htdocs\html2pdf\exemploPdf.css --> ftp.sbrafh.org.br /public_html/html2pdf exemploPdf.css
2012.09.19 02:01 B F:\xampp\htdocs\html2pdf\exemploPdf.php --> ftp.sbrafh.org.br /public_html/html2pdf exemploPdf.php
2012.09.19 02:01 B F:\xampp\htdocs\html2pdf\exemploPdf.css --> ftp.sbrafh.org.br /public_html/html2pdf exemploPdf.css
2012.09.19 02:01 B F:\xampp\htdocs\html2pdf\exemploPdf.css --> ftp.sbrafh.org.br /public_html/html2pdf exemploPdf.css
2012.09.19 02:02 B F:\xampp\htdocs\html2pdf\exemploPdf.css --> ftp.sbrafh.org.br /public_html/html2pdf exemploPdf.css
2012.09.19 02:02 B F:\xampp\htdocs\html2pdf\exemploPdf.css --> ftp.sbrafh.org.br /public_html/html2pdf exemploPdf.css
2012.09.19 02:02 B F:\xampp\htdocs\html2pdf\exemploPdf.css --> ftp.sbrafh.org.br /public_html/html2pdf exemploPdf.css
2012.09.19 02:02 B F:\xampp\htdocs\html2pdf\exemploPdf.php --> ftp.sbrafh.org.br /public_html/html2pdf exemploPdf.php
2012.09.19 02:05 B F:\xampp\htdocs\html2pdf\exemploPdf.css --> ftp.sbrafh.org.br /public_html/html2pdf exemploPdf.css
2012.09.19 02:05 B F:\xampp\htdocs\html2pdf\exemploPdf.css --> ftp.sbrafh.org.br /public_html/html2pdf exemploPdf.css
2012.09.19 02:31 B F:\xampp\htdocs\html2pdf\exemploPdf.css --> ftp.sbrafh.org.br /public_html/html2pdf exemploPdf.css
2012.09.19 02:46 B F:\xampp\htdocs\html2pdf\exemploPdf.css --> ftp.sbrafh.org.br /public_html/html2pdf exemploPdf.css
2012.09.19 02:47 B F:\xampp\htdocs\html2pdf\exemploPdf.css --> ftp.sbrafh.org.br /public_html/html2pdf exemploPdf.css
2012.09.19 02:57 B F:\xampp\htdocs\html2pdf\exemploPdf.css --> ftp.sbrafh.org.br /public_html/html2pdf exemploPdf.css
2012.09.19 03:04 B F:\xampp\htdocs\html2pdf\exemploPdf.css --> ftp.sbrafh.org.br /public_html/html2pdf exemploPdf.css
2012.09.19 03:04 B F:\xampp\htdocs\html2pdf\exemploPdf.css --> ftp.sbrafh.org.br /public_html/html2pdf exemploPdf.css
2012.09.19 03:05 B F:\xampp\htdocs\html2pdf\exemploPdf.css --> ftp.sbrafh.org.br /public_html/html2pdf exemploPdf.css
2012.09.19 03:05 B F:\xampp\htdocs\html2pdf\exemploPdf.css --> ftp.sbrafh.org.br /public_html/html2pdf exemploPdf.css
2012.09.19 03:06 B F:\xampp\htdocs\html2pdf\exemploPdf.css --> ftp.sbrafh.org.br /public_html/html2pdf exemploPdf.css
2012.09.19 03:06 B F:\xampp\htdocs\html2pdf\exemploPdf.php --> ftp.sbrafh.org.br /public_html/html2pdf exemploPdf.php
2012.09.19 03:07 B F:\xampp\htdocs\html2pdf\exemploPdf.css --> ftp.sbrafh.org.br /public_html/html2pdf exemploPdf.css
2012.09.19 03:07 B F:\xampp\htdocs\html2pdf\exemploPdf.php --> ftp.sbrafh.org.br /public_html/html2pdf exemploPdf.php
2012.09.19 14:11 B F:\xampp\htdocs\html2pdf\exemploPdf.php --> ftp.sbrafh.org.br /public_html/html2pdf exemploPdf.php
2012.09.19 14:14 B F:\xampp\htdocs\html2pdf\exemploPdf.php --> ftp.sbrafh.org.br /public_html/html2pdf exemploPdf.php
2012.09.19 14:17 B F:\xampp\htdocs\html2pdf\exemploPdf.css --> ftp.sbrafh.org.br /public_html/html2pdf exemploPdf.css
2012.09.19 14:17 B F:\xampp\htdocs\html2pdf\exemploPdf.css --> ftp.sbrafh.org.br /public_html/html2pdf exemploPdf.css
2012.09.19 14:18 B F:\xampp\htdocs\html2pdf\exemploPdf.css --> ftp.sbrafh.org.br /public_html/html2pdf exemploPdf.css
2012.09.19 14:18 B F:\xampp\htdocs\html2pdf\exemploPdf.css --> ftp.sbrafh.org.br /public_html/html2pdf exemploPdf.css
2012.09.19 14:18 B F:\xampp\htdocs\html2pdf\exemploPdf.css --> ftp.sbrafh.org.br /public_html/html2pdf exemploPdf.css
2012.09.19 14:23 B F:\xampp\htdocs\html2pdf\exemploPdf.css --> ftp.sbrafh.org.br /public_html/html2pdf exemploPdf.css
2012.09.19 14:24 B F:\xampp\htdocs\html2pdf\exemploPdf.css --> ftp.sbrafh.org.br /public_html/html2pdf exemploPdf.css
2012.09.19 14:25 B F:\xampp\htdocs\html2pdf\exemploPdf.css --> ftp.sbrafh.org.br /public_html/html2pdf exemploPdf.css
2012.09.19 14:25 B F:\xampp\htdocs\html2pdf\exemploPdf.css --> ftp.sbrafh.org.br /public_html/html2pdf exemploPdf.css
2012.09.19 14:26 B F:\xampp\htdocs\html2pdf\exemploPdf.php --> ftp.sbrafh.org.br /public_html/html2pdf exemploPdf.php
2012.09.19 14:26 B F:\xampp\htdocs\html2pdf\exemploPdf.pdf <-- sbrafh /public_html/html2pdf exemploPdf.pdf
2012.09.19 14:42 B F:\xampp\htdocs\html2pdf\exemploPdf.php --> ftp.sbrafh.org.br /public_html/html2pdf exemploPdf.php
2012.09.19 14:42 B F:\xampp\htdocs\html2pdf\exemploPdf.php --> ftp.sbrafh.org.br /public_html/html2pdf exemploPdf.php
2012.09.19 14:43 B F:\xampp\htdocs\html2pdf\exemploPdf.php --> ftp.sbrafh.org.br /public_html/html2pdf exemploPdf.php
2012.09.19 14:44 B F:\xampp\htdocs\html2pdf\seminario_regional_sp.php --> ftp.sbrafh.org.br /public_html/html2pdf seminario_regional_sp.php
2012.09.19 14:55 B F:\xampp\htdocs\html2pdf\seminario_regional_sp.php --> ftp.sbrafh.org.br /public_html/html2pdf seminario_regional_sp.php
2012.09.19 14:56 B F:\xampp\htdocs\html2pdf\sp20121020.php --> ftp.sbrafh.org.br /public_html/html2pdf sp20121020.php
2012.09.19 14:57 B F:\xampp\htdocs\html2pdf\sp20121020.php --> ftp.sbrafh.org.br /public_html/html2pdf sp20121020.php
2012.09.19 14:57 B F:\xampp\htdocs\html2pdf\sp20121020.php --> ftp.sbrafh.org.br /public_html/html2pdf sp20121020.php
2012.09.19 14:58 B F:\xampp\htdocs\html2pdf\sp20121020.php --> ftp.sbrafh.org.br /public_html/html2pdf sp20121020.php
2012.09.19 15:00 B F:\xampp\htdocs\html2pdf\sp20121020.php --> ftp.sbrafh.org.br /public_html/html2pdf sp20121020.php
2012.09.19 20:07 B F:\xampp\htdocs\html2pdf\sp20121020.php --> ftp.sbrafh.org.br /public_html/html2pdf sp20121020.php
2012.09.19 20:08 B F:\xampp\htdocs\html2pdf\sp20121020.php --> ftp.sbrafh.org.br /public_html/html2pdf sp20121020.php
2012.09.19 20:08 B F:\xampp\htdocs\html2pdf\sp20121020.php --> ftp.sbrafh.org.br /public_html/html2pdf sp20121020.php
2012.09.19 20:08 B F:\xampp\htdocs\html2pdf\sp20121020.php --> ftp.sbrafh.org.br /public_html/html2pdf sp20121020.php
2012.10.18 13:27 B F:\xampp\htdocs\sbrafh\html2pdf\20121019.jpg --> ftp.sbrafh.org.br /public_html/html2pdf 20121019.jpg
2012.10.18 13:27 B F:\xampp\htdocs\sbrafh\html2pdf\20121020.jpg --> ftp.sbrafh.org.br /public_html/html2pdf 20121020.jpg
2012.10.18 14:39 B F:\xampp\htdocs\sbrafh\html2pdf\certificado.php --> ftp.sbrafh.org.br /public_html/html2pdf certificado.php
2012.10.18 14:41 B F:\xampp\htdocs\sbrafh\html2pdf\certificado.php --> ftp.sbrafh.org.br /public_html/html2pdf certificado.php
2012.10.18 14:42 B F:\xampp\htdocs\sbrafh\html2pdf\certificado.php --> ftp.sbrafh.org.br /public_html/html2pdf certificado.php
2012.10.18 14:43 B F:\xampp\htdocs\sbrafh\html2pdf\certificado.php --> ftp.sbrafh.org.br /public_html/html2pdf certificado.php
2012.10.18 14:43 B F:\xampp\htdocs\sbrafh\html2pdf\certificado.php --> ftp.sbrafh.org.br /public_html/html2pdf certificado.php
2012.10.18 14:44 B F:\xampp\htdocs\sbrafh\html2pdf\certificado.php --> ftp.sbrafh.org.br /public_html/html2pdf certificado.php
2012.10.18 14:44 B F:\xampp\htdocs\sbrafh\html2pdf\certificado.php --> ftp.sbrafh.org.br /public_html/html2pdf certificado.php
2012.10.18 14:45 B F:\xampp\htdocs\sbrafh\html2pdf\certificado.php --> ftp.sbrafh.org.br /public_html/html2pdf certificado.php
2012.10.18 14:46 B F:\xampp\htdocs\sbrafh\html2pdf\certificado.php --> ftp.sbrafh.org.br /public_html/html2pdf certificado.php
2012.10.18 14:47 B F:\xampp\htdocs\sbrafh\html2pdf\certificado.php --> ftp.sbrafh.org.br /public_html/html2pdf certificado.php
2012.10.18 14:47 B F:\xampp\htdocs\sbrafh\html2pdf\certificado.php --> ftp.sbrafh.org.br /public_html/html2pdf certificado.php
2012.10.18 14:48 B F:\xampp\htdocs\sbrafh\html2pdf\certificado.php --> ftp.sbrafh.org.br /public_html/html2pdf certificado.php
2012.10.18 14:48 B F:\xampp\htdocs\sbrafh\html2pdf\certificado.php --> ftp.sbrafh.org.br /public_html/html2pdf certificado.php
2012.10.18 14:50 B F:\xampp\htdocs\sbrafh\html2pdf\certificado.php --> ftp.sbrafh.org.br /public_html/html2pdf certificado.php
2012.10.18 14:50 B F:\xampp\htdocs\sbrafh\html2pdf\certificado.php --> ftp.sbrafh.org.br /public_html/html2pdf certificado.php
2012.10.18 14:51 B F:\xampp\htdocs\sbrafh\html2pdf\certificado.php --> ftp.sbrafh.org.br /public_html/html2pdf certificado.php
2012.10.18 14:52 B F:\xampp\htdocs\sbrafh\html2pdf\certificado.php --> ftp.sbrafh.org.br /public_html/html2pdf certificado.php
2012.10.18 14:52 B F:\xampp\htdocs\sbrafh\html2pdf\certificado.php --> ftp.sbrafh.org.br /public_html/html2pdf certificado.php
2012.10.18 14:52 B F:\xampp\htdocs\sbrafh\html2pdf\certificado.php --> ftp.sbrafh.org.br /public_html/html2pdf certificado.php
2012.10.18 14:53 B F:\xampp\htdocs\sbrafh\html2pdf\certificado.php --> ftp.sbrafh.org.br /public_html/html2pdf certificado.php
2012.10.18 14:53 B F:\xampp\htdocs\sbrafh\html2pdf\certificado.php --> ftp.sbrafh.org.br /public_html/html2pdf certificado.php
2012.10.18 14:53 B F:\xampp\htdocs\sbrafh\html2pdf\certificado.php --> ftp.sbrafh.org.br /public_html/html2pdf certificado.php
2012.10.18 14:58 B F:\xampp\htdocs\sbrafh\html2pdf\certificado.php --> ftp.sbrafh.org.br /public_html/html2pdf certificado.php
2012.10.18 14:58 B F:\xampp\htdocs\sbrafh\html2pdf\certificado.php --> ftp.sbrafh.org.br /public_html/html2pdf certificado.php
2012.10.18 14:59 B F:\xampp\htdocs\sbrafh\html2pdf\certificado.php --> ftp.sbrafh.org.br /public_html/html2pdf certificado.php
2012.10.18 15:08 B F:\xampp\htdocs\sbrafh\html2pdf\certificado.php --> ftp.sbrafh.org.br /public_html/html2pdf certificado.php
2012.10.18 15:08 B F:\xampp\htdocs\sbrafh\html2pdf\certificado.php --> ftp.sbrafh.org.br /public_html/html2pdf certificado.php
2012.10.18 15:16 B F:\xampp\htdocs\sbrafh\html2pdf\certificado.php --> ftp.sbrafh.org.br /public_html/html2pdf certificado.php
2012.10.18 15:18 B F:\xampp\htdocs\sbrafh\html2pdf\certificado.php --> ftp.sbrafh.org.br /public_html/html2pdf certificado.php
2012.10.18 15:25 B F:\xampp\htdocs\sbrafh\html2pdf\certificado.php --> ftp.sbrafh.org.br /public_html/html2pdf certificado.php
2012.10.18 15:56 B F:\xampp\htdocs\sbrafh\html2pdf\certificado.php --> ftp.sbrafh.org.br /public_html/html2pdf certificado.php
2012.10.18 15:56 B F:\xampp\htdocs\sbrafh\html2pdf\certificado.php --> ftp.sbrafh.org.br /public_html/html2pdf certificado.php
2012.10.18 15:56 B F:\xampp\htdocs\sbrafh\html2pdf\certificado.php --> ftp.sbrafh.org.br /public_html/html2pdf certificado.php
2012.10.19 12:24 B F:\xampp\htdocs\sbrafh\html2pdf\certificado20121019_PR.jpg --> ftp.sbrafh.org.br /public_html/html2pdf certificado20121019_PR.jpg
2012.10.19 12:25 B F:\xampp\htdocs\sbrafh\html2pdf\certificado.php --> ftp.sbrafh.org.br /public_html/html2pdf certificado.php
2012.10.19 12:26 B F:\xampp\htdocs\sbrafh\html2pdf\certificado.php --> ftp.sbrafh.org.br /public_html/html2pdf certificado.php
2012.10.19 12:26 B F:\xampp\htdocs\sbrafh\html2pdf\certificado.php --> ftp.sbrafh.org.br /public_html/html2pdf certificado.php
2012.10.19 12:36 B F:\xampp\htdocs\sbrafh\html2pdf\certificado20121020_SP.jpg --> ftp.sbrafh.org.br /public_html/html2pdf certificado20121020_SP.jpg
2012.10.19 12:36 B F:\xampp\htdocs\sbrafh\html2pdf\certificado.php --> ftp.sbrafh.org.br /public_html/html2pdf certificado.php
2012.10.19 13:58 B F:\xampp\htdocs\sbrafh\html2pdf\certificado20121020_SP.jpg --> ftp.sbrafh.org.br /public_html/html2pdf certificado20121020_SP.jpg
2012.11.23 12:28 B F:\xampp\htdocs\sbrafh\html2pdf\20121020.jpg --> ftp.jairodepaula.com.br /jairodepaula/web/html2pdf 20121020.jpg
2012.11.23 12:28 B F:\xampp\htdocs\sbrafh\html2pdf\certificado.jpg --> ftp.jairodepaula.com.br /jairodepaula/web/html2pdf certificado.jpg
2012.11.23 12:28 B F:\xampp\htdocs\sbrafh\html2pdf\certificado.php --> ftp.jairodepaula.com.br /jairodepaula/web/html2pdf certificado.php
2012.11.23 12:28 B F:\xampp\htdocs\sbrafh\html2pdf\certificado20121019_PR.jpg --> ftp.jairodepaula.com.br /jairodepaula/web/html2pdf certificado20121019_PR.jpg
2012.11.23 12:28 B F:\xampp\htdocs\sbrafh\html2pdf\certificado20121020_SP.jpg --> ftp.jairodepaula.com.br /jairodepaula/web/html2pdf certificado20121020_SP.jpg
2012.11.23 12:28 B F:\xampp\htdocs\sbrafh\html2pdf\exemploPdf.css --> ftp.jairodepaula.com.br /jairodepaula/web/html2pdf exemploPdf.css
2012.11.23 12:28 B F:\xampp\htdocs\sbrafh\html2pdf\exemploPdf.pdf --> ftp.jairodepaula.com.br /jairodepaula/web/html2pdf exemploPdf.pdf
2012.11.23 12:28 B F:\xampp\htdocs\sbrafh\html2pdf\exemploPdf.php --> ftp.jairodepaula.com.br /jairodepaula/web/html2pdf exemploPdf.php
2012.11.23 12:28 B F:\xampp\htdocs\sbrafh\html2pdf\logo.png --> ftp.jairodepaula.com.br /jairodepaula/web/html2pdf logo.png
2012.11.23 12:28 B F:\xampp\htdocs\sbrafh\html2pdf\sp20121020.php --> ftp.jairodepaula.com.br /jairodepaula/web/html2pdf sp20121020.php
2012.11.23 12:28 B F:\xampp\htdocs\sbrafh\html2pdf\style.css --> ftp.jairodepaula.com.br /jairodepaula/web/html2pdf style.css
2012.11.23 12:28 B F:\xampp\htdocs\sbrafh\html2pdf\WS_FTP.LOG --> ftp.jairodepaula.com.br /jairodepaula/web/html2pdf WS_FTP.LOG
