2011.06.20 18:31 B F:\xampp\htdocs\zf-tutorial\library\Zend\Cache\Backend\Apc.php --> ftp.portalridgid.com.br /public_html/zf-tutorial/library/Zend/Cache/Backend Apc.php
2011.06.20 18:31 B F:\xampp\htdocs\zf-tutorial\library\Zend\Cache\Backend\BlackHole.php --> ftp.portalridgid.com.br /public_html/zf-tutorial/library/Zend/Cache/Backend BlackHole.php
2011.06.20 18:31 B F:\xampp\htdocs\zf-tutorial\library\Zend\Cache\Backend\ExtendedInterface.php --> ftp.portalridgid.com.br /public_html/zf-tutorial/library/Zend/Cache/Backend ExtendedInterface.php
2011.06.20 18:31 B F:\xampp\htdocs\zf-tutorial\library\Zend\Cache\Backend\File.php --> ftp.portalridgid.com.br /public_html/zf-tutorial/library/Zend/Cache/Backend File.php
2011.06.20 18:31 B F:\xampp\htdocs\zf-tutorial\library\Zend\Cache\Backend\Interface.php --> ftp.portalridgid.com.br /public_html/zf-tutorial/library/Zend/Cache/Backend Interface.php
2011.06.20 18:31 B F:\xampp\htdocs\zf-tutorial\library\Zend\Cache\Backend\Libmemcached.php --> ftp.portalridgid.com.br /public_html/zf-tutorial/library/Zend/Cache/Backend Libmemcached.php
2011.06.20 18:31 B F:\xampp\htdocs\zf-tutorial\library\Zend\Cache\Backend\Memcached.php --> ftp.portalridgid.com.br /public_html/zf-tutorial/library/Zend/Cache/Backend Memcached.php
2011.06.20 18:31 B F:\xampp\htdocs\zf-tutorial\library\Zend\Cache\Backend\Sqlite.php --> ftp.portalridgid.com.br /public_html/zf-tutorial/library/Zend/Cache/Backend Sqlite.php
2011.06.20 18:31 B F:\xampp\htdocs\zf-tutorial\library\Zend\Cache\Backend\Static.php --> ftp.portalridgid.com.br /public_html/zf-tutorial/library/Zend/Cache/Backend Static.php
2011.06.20 18:31 B F:\xampp\htdocs\zf-tutorial\library\Zend\Cache\Backend\Test.php --> ftp.portalridgid.com.br /public_html/zf-tutorial/library/Zend/Cache/Backend Test.php
2011.06.20 18:31 B F:\xampp\htdocs\zf-tutorial\library\Zend\Cache\Backend\TwoLevels.php --> ftp.portalridgid.com.br /public_html/zf-tutorial/library/Zend/Cache/Backend TwoLevels.php
2011.06.20 18:31 B F:\xampp\htdocs\zf-tutorial\library\Zend\Cache\Backend\WinCache.php --> ftp.portalridgid.com.br /public_html/zf-tutorial/library/Zend/Cache/Backend WinCache.php
2011.06.20 18:31 B F:\xampp\htdocs\zf-tutorial\library\Zend\Cache\Backend\Xcache.php --> ftp.portalridgid.com.br /public_html/zf-tutorial/library/Zend/Cache/Backend Xcache.php
2011.06.20 18:31 B F:\xampp\htdocs\zf-tutorial\library\Zend\Cache\Backend\ZendPlatform.php --> ftp.portalridgid.com.br /public_html/zf-tutorial/library/Zend/Cache/Backend ZendPlatform.php
2011.06.20 18:31 B F:\xampp\htdocs\zf-tutorial\library\Zend\Cache\Backend\ZendServer.php --> ftp.portalridgid.com.br /public_html/zf-tutorial/library/Zend/Cache/Backend ZendServer.php
2011.06.30 03:44 B F:\xampp\htdocs\zendLibrary\Zend\Cache\Backend\WS_FTP.LOG --> ftp.sbrafh.org.br /sbrafh/Web/zendLibrary/Zend/Cache/Backend WS_FTP.LOG
2011.06.30 03:44 B F:\xampp\htdocs\zendLibrary\Zend\Cache\Backend\ZendServer.php --> ftp.sbrafh.org.br /sbrafh/Web/zendLibrary/Zend/Cache/Backend ZendServer.php
2011.06.30 03:44 B F:\xampp\htdocs\zendLibrary\Zend\Cache\Backend\ZendPlatform.php --> ftp.sbrafh.org.br /sbrafh/Web/zendLibrary/Zend/Cache/Backend ZendPlatform.php
2011.06.30 03:44 B F:\xampp\htdocs\zendLibrary\Zend\Cache\Backend\Xcache.php --> ftp.sbrafh.org.br /sbrafh/Web/zendLibrary/Zend/Cache/Backend Xcache.php
2011.06.30 03:44 B F:\xampp\htdocs\zendLibrary\Zend\Cache\Backend\WinCache.php --> ftp.sbrafh.org.br /sbrafh/Web/zendLibrary/Zend/Cache/Backend WinCache.php
2011.06.30 03:44 B F:\xampp\htdocs\zendLibrary\Zend\Cache\Backend\TwoLevels.php --> ftp.sbrafh.org.br /sbrafh/Web/zendLibrary/Zend/Cache/Backend TwoLevels.php
2011.06.30 03:44 B F:\xampp\htdocs\zendLibrary\Zend\Cache\Backend\Test.php --> ftp.sbrafh.org.br /sbrafh/Web/zendLibrary/Zend/Cache/Backend Test.php
2011.06.30 03:44 B F:\xampp\htdocs\zendLibrary\Zend\Cache\Backend\Static.php --> ftp.sbrafh.org.br /sbrafh/Web/zendLibrary/Zend/Cache/Backend Static.php
2011.06.30 03:44 B F:\xampp\htdocs\zendLibrary\Zend\Cache\Backend\Sqlite.php --> ftp.sbrafh.org.br /sbrafh/Web/zendLibrary/Zend/Cache/Backend Sqlite.php
2011.06.30 03:45 B F:\xampp\htdocs\zendLibrary\Zend\Cache\Backend\Memcached.php --> ftp.sbrafh.org.br /sbrafh/Web/zendLibrary/Zend/Cache/Backend Memcached.php
2011.06.30 03:45 B F:\xampp\htdocs\zendLibrary\Zend\Cache\Backend\Libmemcached.php --> ftp.sbrafh.org.br /sbrafh/Web/zendLibrary/Zend/Cache/Backend Libmemcached.php
2011.06.30 03:45 B F:\xampp\htdocs\zendLibrary\Zend\Cache\Backend\Interface.php --> ftp.sbrafh.org.br /sbrafh/Web/zendLibrary/Zend/Cache/Backend Interface.php
2011.06.30 03:45 B F:\xampp\htdocs\zendLibrary\Zend\Cache\Backend\File.php --> ftp.sbrafh.org.br /sbrafh/Web/zendLibrary/Zend/Cache/Backend File.php
2011.06.30 03:45 B F:\xampp\htdocs\zendLibrary\Zend\Cache\Backend\ExtendedInterface.php --> ftp.sbrafh.org.br /sbrafh/Web/zendLibrary/Zend/Cache/Backend ExtendedInterface.php
2011.06.30 03:45 B F:\xampp\htdocs\zendLibrary\Zend\Cache\Backend\BlackHole.php --> ftp.sbrafh.org.br /sbrafh/Web/zendLibrary/Zend/Cache/Backend BlackHole.php
2011.06.30 03:45 B F:\xampp\htdocs\zendLibrary\Zend\Cache\Backend\Apc.php --> ftp.sbrafh.org.br /sbrafh/Web/zendLibrary/Zend/Cache/Backend Apc.php
2011.07.08 23:44 B F:\xampp\htdocs\zendLibrary\Zend\Cache\Backend\Apc.php --> ftp.radiofone.com.br /public_html/radiofone/zendLibrary/Zend/Cache/Backend Apc.php
2011.07.08 23:44 B F:\xampp\htdocs\zendLibrary\Zend\Cache\Backend\BlackHole.php --> ftp.radiofone.com.br /public_html/radiofone/zendLibrary/Zend/Cache/Backend BlackHole.php
2011.07.08 23:44 B F:\xampp\htdocs\zendLibrary\Zend\Cache\Backend\ExtendedInterface.php --> ftp.radiofone.com.br /public_html/radiofone/zendLibrary/Zend/Cache/Backend ExtendedInterface.php
2011.07.08 23:44 B F:\xampp\htdocs\zendLibrary\Zend\Cache\Backend\File.php --> ftp.radiofone.com.br /public_html/radiofone/zendLibrary/Zend/Cache/Backend File.php
2011.07.08 23:44 B F:\xampp\htdocs\zendLibrary\Zend\Cache\Backend\Interface.php --> ftp.radiofone.com.br /public_html/radiofone/zendLibrary/Zend/Cache/Backend Interface.php
2011.07.08 23:44 B F:\xampp\htdocs\zendLibrary\Zend\Cache\Backend\Libmemcached.php --> ftp.radiofone.com.br /public_html/radiofone/zendLibrary/Zend/Cache/Backend Libmemcached.php
2011.07.08 23:44 B F:\xampp\htdocs\zendLibrary\Zend\Cache\Backend\Memcached.php --> ftp.radiofone.com.br /public_html/radiofone/zendLibrary/Zend/Cache/Backend Memcached.php
2011.07.08 23:44 B F:\xampp\htdocs\zendLibrary\Zend\Cache\Backend\Sqlite.php --> ftp.radiofone.com.br /public_html/radiofone/zendLibrary/Zend/Cache/Backend Sqlite.php
2011.07.08 23:44 B F:\xampp\htdocs\zendLibrary\Zend\Cache\Backend\Static.php --> ftp.radiofone.com.br /public_html/radiofone/zendLibrary/Zend/Cache/Backend Static.php
2011.07.08 23:44 B F:\xampp\htdocs\zendLibrary\Zend\Cache\Backend\Test.php --> ftp.radiofone.com.br /public_html/radiofone/zendLibrary/Zend/Cache/Backend Test.php
2011.07.08 23:44 B F:\xampp\htdocs\zendLibrary\Zend\Cache\Backend\TwoLevels.php --> ftp.radiofone.com.br /public_html/radiofone/zendLibrary/Zend/Cache/Backend TwoLevels.php
2011.07.08 23:44 B F:\xampp\htdocs\zendLibrary\Zend\Cache\Backend\WinCache.php --> ftp.radiofone.com.br /public_html/radiofone/zendLibrary/Zend/Cache/Backend WinCache.php
2011.07.08 23:44 B F:\xampp\htdocs\zendLibrary\Zend\Cache\Backend\WS_FTP.LOG --> ftp.radiofone.com.br /public_html/radiofone/zendLibrary/Zend/Cache/Backend WS_FTP.LOG
2011.07.08 23:44 B F:\xampp\htdocs\zendLibrary\Zend\Cache\Backend\Xcache.php --> ftp.radiofone.com.br /public_html/radiofone/zendLibrary/Zend/Cache/Backend Xcache.php
2011.07.08 23:44 B F:\xampp\htdocs\zendLibrary\Zend\Cache\Backend\ZendPlatform.php --> ftp.radiofone.com.br /public_html/radiofone/zendLibrary/Zend/Cache/Backend ZendPlatform.php
2011.07.08 23:44 B F:\xampp\htdocs\zendLibrary\Zend\Cache\Backend\ZendServer.php --> ftp.radiofone.com.br /public_html/radiofone/zendLibrary/Zend/Cache/Backend ZendServer.php
2011.07.09 00:45 B F:\xampp\htdocs\zendLibrary\Zend\Cache\Backend\WS_FTP.LOG --> ftp.radiofone.com.br /public_html/radiofone/zendLibrary/Zend/Cache/Backend WS_FTP.LOG
2011.07.26 22:44 B F:\xampp\htdocs\zendLibrary\Zend\Cache\Backend\Apc.php --> ftp.sobrafo.org.br /public_html/zendLibrary/Zend/Cache/Backend Apc.php
2011.07.26 22:44 B F:\xampp\htdocs\zendLibrary\Zend\Cache\Backend\BlackHole.php --> ftp.sobrafo.org.br /public_html/zendLibrary/Zend/Cache/Backend BlackHole.php
2011.07.26 22:44 B F:\xampp\htdocs\zendLibrary\Zend\Cache\Backend\ExtendedInterface.php --> ftp.sobrafo.org.br /public_html/zendLibrary/Zend/Cache/Backend ExtendedInterface.php
2011.07.26 22:44 B F:\xampp\htdocs\zendLibrary\Zend\Cache\Backend\File.php --> ftp.sobrafo.org.br /public_html/zendLibrary/Zend/Cache/Backend File.php
2011.07.26 22:44 B F:\xampp\htdocs\zendLibrary\Zend\Cache\Backend\Interface.php --> ftp.sobrafo.org.br /public_html/zendLibrary/Zend/Cache/Backend Interface.php
2011.07.26 22:44 B F:\xampp\htdocs\zendLibrary\Zend\Cache\Backend\Libmemcached.php --> ftp.sobrafo.org.br /public_html/zendLibrary/Zend/Cache/Backend Libmemcached.php
2011.07.26 22:44 B F:\xampp\htdocs\zendLibrary\Zend\Cache\Backend\Memcached.php --> ftp.sobrafo.org.br /public_html/zendLibrary/Zend/Cache/Backend Memcached.php
2011.07.26 22:44 B F:\xampp\htdocs\zendLibrary\Zend\Cache\Backend\Sqlite.php --> ftp.sobrafo.org.br /public_html/zendLibrary/Zend/Cache/Backend Sqlite.php
2011.07.26 22:44 B F:\xampp\htdocs\zendLibrary\Zend\Cache\Backend\Static.php --> ftp.sobrafo.org.br /public_html/zendLibrary/Zend/Cache/Backend Static.php
2011.07.26 22:44 B F:\xampp\htdocs\zendLibrary\Zend\Cache\Backend\Test.php --> ftp.sobrafo.org.br /public_html/zendLibrary/Zend/Cache/Backend Test.php
2011.07.26 22:44 B F:\xampp\htdocs\zendLibrary\Zend\Cache\Backend\TwoLevels.php --> ftp.sobrafo.org.br /public_html/zendLibrary/Zend/Cache/Backend TwoLevels.php
2011.07.26 22:44 B F:\xampp\htdocs\zendLibrary\Zend\Cache\Backend\WinCache.php --> ftp.sobrafo.org.br /public_html/zendLibrary/Zend/Cache/Backend WinCache.php
2011.07.26 22:44 B F:\xampp\htdocs\zendLibrary\Zend\Cache\Backend\WS_FTP.LOG --> ftp.sobrafo.org.br /public_html/zendLibrary/Zend/Cache/Backend WS_FTP.LOG
2011.07.26 22:44 B F:\xampp\htdocs\zendLibrary\Zend\Cache\Backend\Xcache.php --> ftp.sobrafo.org.br /public_html/zendLibrary/Zend/Cache/Backend Xcache.php
2011.07.26 22:44 B F:\xampp\htdocs\zendLibrary\Zend\Cache\Backend\ZendPlatform.php --> ftp.sobrafo.org.br /public_html/zendLibrary/Zend/Cache/Backend ZendPlatform.php
2011.07.26 22:44 B F:\xampp\htdocs\zendLibrary\Zend\Cache\Backend\ZendServer.php --> ftp.sobrafo.org.br /public_html/zendLibrary/Zend/Cache/Backend ZendServer.php
2011.08.05 01:00 B F:\xampp\htdocs\ZendLibrary\Zend\Cache\Backend\WS_FTP.LOG --> ftp.portalridgid.com.br /public_html/zendLibrary/Zend/Cache/Backend WS_FTP.LOG
2011.08.09 16:54 B F:\xampp\htdocs\ZendLibrary\Zend\Cache\Backend\Apc.php --> ftp.amfar.com.br /public_html/ZendLibrary/Zend/Cache/Backend Apc.php
2011.08.09 16:54 B F:\xampp\htdocs\ZendLibrary\Zend\Cache\Backend\BlackHole.php --> ftp.amfar.com.br /public_html/ZendLibrary/Zend/Cache/Backend BlackHole.php
2011.08.09 16:54 B F:\xampp\htdocs\ZendLibrary\Zend\Cache\Backend\ExtendedInterface.php --> ftp.amfar.com.br /public_html/ZendLibrary/Zend/Cache/Backend ExtendedInterface.php
2011.08.09 16:54 B F:\xampp\htdocs\ZendLibrary\Zend\Cache\Backend\File.php --> ftp.amfar.com.br /public_html/ZendLibrary/Zend/Cache/Backend File.php
2011.08.09 16:54 B F:\xampp\htdocs\ZendLibrary\Zend\Cache\Backend\Interface.php --> ftp.amfar.com.br /public_html/ZendLibrary/Zend/Cache/Backend Interface.php
2011.08.09 16:54 B F:\xampp\htdocs\ZendLibrary\Zend\Cache\Backend\Libmemcached.php --> ftp.amfar.com.br /public_html/ZendLibrary/Zend/Cache/Backend Libmemcached.php
2011.08.09 16:54 B F:\xampp\htdocs\ZendLibrary\Zend\Cache\Backend\Memcached.php --> ftp.amfar.com.br /public_html/ZendLibrary/Zend/Cache/Backend Memcached.php
2011.08.09 16:54 B F:\xampp\htdocs\ZendLibrary\Zend\Cache\Backend\Sqlite.php --> ftp.amfar.com.br /public_html/ZendLibrary/Zend/Cache/Backend Sqlite.php
2011.08.09 16:54 B F:\xampp\htdocs\ZendLibrary\Zend\Cache\Backend\Static.php --> ftp.amfar.com.br /public_html/ZendLibrary/Zend/Cache/Backend Static.php
2011.08.09 16:54 B F:\xampp\htdocs\ZendLibrary\Zend\Cache\Backend\Test.php --> ftp.amfar.com.br /public_html/ZendLibrary/Zend/Cache/Backend Test.php
2011.08.09 16:54 B F:\xampp\htdocs\ZendLibrary\Zend\Cache\Backend\TwoLevels.php --> ftp.amfar.com.br /public_html/ZendLibrary/Zend/Cache/Backend TwoLevels.php
2011.08.09 16:54 B F:\xampp\htdocs\ZendLibrary\Zend\Cache\Backend\WinCache.php --> ftp.amfar.com.br /public_html/ZendLibrary/Zend/Cache/Backend WinCache.php
2011.08.09 16:54 B F:\xampp\htdocs\ZendLibrary\Zend\Cache\Backend\WS_FTP.LOG --> ftp.amfar.com.br /public_html/ZendLibrary/Zend/Cache/Backend WS_FTP.LOG
2011.08.09 16:54 B F:\xampp\htdocs\ZendLibrary\Zend\Cache\Backend\Xcache.php --> ftp.amfar.com.br /public_html/ZendLibrary/Zend/Cache/Backend Xcache.php
2011.08.09 16:54 B F:\xampp\htdocs\ZendLibrary\Zend\Cache\Backend\ZendPlatform.php --> ftp.amfar.com.br /public_html/ZendLibrary/Zend/Cache/Backend ZendPlatform.php
2011.08.09 16:54 B F:\xampp\htdocs\ZendLibrary\Zend\Cache\Backend\ZendServer.php --> ftp.amfar.com.br /public_html/ZendLibrary/Zend/Cache/Backend ZendServer.php
2011.08.22 20:57 B X:\xampp\htdocs\ZendLibrary\Zend\Cache\Backend\Apc.php --> ftp.jairodepaula.com.br /jairodepaula/web/ZendLibrary/Zend/Cache/Backend Apc.php
2011.08.22 20:57 B X:\xampp\htdocs\ZendLibrary\Zend\Cache\Backend\BlackHole.php --> ftp.jairodepaula.com.br /jairodepaula/web/ZendLibrary/Zend/Cache/Backend BlackHole.php
2011.08.22 20:57 B X:\xampp\htdocs\ZendLibrary\Zend\Cache\Backend\ExtendedInterface.php --> ftp.jairodepaula.com.br /jairodepaula/web/ZendLibrary/Zend/Cache/Backend ExtendedInterface.php
2011.08.22 20:57 B X:\xampp\htdocs\ZendLibrary\Zend\Cache\Backend\File.php --> ftp.jairodepaula.com.br /jairodepaula/web/ZendLibrary/Zend/Cache/Backend File.php
2011.08.22 20:57 B X:\xampp\htdocs\ZendLibrary\Zend\Cache\Backend\Interface.php --> ftp.jairodepaula.com.br /jairodepaula/web/ZendLibrary/Zend/Cache/Backend Interface.php
2011.08.22 20:57 B X:\xampp\htdocs\ZendLibrary\Zend\Cache\Backend\Libmemcached.php --> ftp.jairodepaula.com.br /jairodepaula/web/ZendLibrary/Zend/Cache/Backend Libmemcached.php
2011.08.22 20:57 B X:\xampp\htdocs\ZendLibrary\Zend\Cache\Backend\Memcached.php --> ftp.jairodepaula.com.br /jairodepaula/web/ZendLibrary/Zend/Cache/Backend Memcached.php
2011.08.22 20:57 B X:\xampp\htdocs\ZendLibrary\Zend\Cache\Backend\Sqlite.php --> ftp.jairodepaula.com.br /jairodepaula/web/ZendLibrary/Zend/Cache/Backend Sqlite.php
2011.08.22 20:57 B X:\xampp\htdocs\ZendLibrary\Zend\Cache\Backend\Static.php --> ftp.jairodepaula.com.br /jairodepaula/web/ZendLibrary/Zend/Cache/Backend Static.php
2011.08.22 20:57 B X:\xampp\htdocs\ZendLibrary\Zend\Cache\Backend\Test.php --> ftp.jairodepaula.com.br /jairodepaula/web/ZendLibrary/Zend/Cache/Backend Test.php
2011.08.22 20:57 B X:\xampp\htdocs\ZendLibrary\Zend\Cache\Backend\TwoLevels.php --> ftp.jairodepaula.com.br /jairodepaula/web/ZendLibrary/Zend/Cache/Backend TwoLevels.php
2011.08.22 20:57 B X:\xampp\htdocs\ZendLibrary\Zend\Cache\Backend\WinCache.php --> ftp.jairodepaula.com.br /jairodepaula/web/ZendLibrary/Zend/Cache/Backend WinCache.php
2011.08.22 20:57 B X:\xampp\htdocs\ZendLibrary\Zend\Cache\Backend\WS_FTP.LOG --> ftp.jairodepaula.com.br /jairodepaula/web/ZendLibrary/Zend/Cache/Backend WS_FTP.LOG
2011.08.22 20:57 B X:\xampp\htdocs\ZendLibrary\Zend\Cache\Backend\Xcache.php --> ftp.jairodepaula.com.br /jairodepaula/web/ZendLibrary/Zend/Cache/Backend Xcache.php
2011.08.22 20:57 B X:\xampp\htdocs\ZendLibrary\Zend\Cache\Backend\ZendPlatform.php --> ftp.jairodepaula.com.br /jairodepaula/web/ZendLibrary/Zend/Cache/Backend ZendPlatform.php
2011.08.22 20:57 B X:\xampp\htdocs\ZendLibrary\Zend\Cache\Backend\ZendServer.php --> ftp.jairodepaula.com.br /jairodepaula/web/ZendLibrary/Zend/Cache/Backend ZendServer.php
2011.12.31 14:47 B F:\xampp\htdocs\ZendLibrary\Zend\Cache\Backend\Apc.php --> ftp.sbrafh.org.br /public_html/ZendLibrary/Zend/Cache/Backend Apc.php
2011.12.31 14:47 B F:\xampp\htdocs\ZendLibrary\Zend\Cache\Backend\BlackHole.php --> ftp.sbrafh.org.br /public_html/ZendLibrary/Zend/Cache/Backend BlackHole.php
2011.12.31 14:47 B F:\xampp\htdocs\ZendLibrary\Zend\Cache\Backend\ExtendedInterface.php --> ftp.sbrafh.org.br /public_html/ZendLibrary/Zend/Cache/Backend ExtendedInterface.php
2011.12.31 14:47 B F:\xampp\htdocs\ZendLibrary\Zend\Cache\Backend\File.php --> ftp.sbrafh.org.br /public_html/ZendLibrary/Zend/Cache/Backend File.php
2011.12.31 14:47 B F:\xampp\htdocs\ZendLibrary\Zend\Cache\Backend\Interface.php --> ftp.sbrafh.org.br /public_html/ZendLibrary/Zend/Cache/Backend Interface.php
2011.12.31 14:47 B F:\xampp\htdocs\ZendLibrary\Zend\Cache\Backend\Libmemcached.php --> ftp.sbrafh.org.br /public_html/ZendLibrary/Zend/Cache/Backend Libmemcached.php
2011.12.31 14:47 B F:\xampp\htdocs\ZendLibrary\Zend\Cache\Backend\Memcached.php --> ftp.sbrafh.org.br /public_html/ZendLibrary/Zend/Cache/Backend Memcached.php
2011.12.31 14:47 B F:\xampp\htdocs\ZendLibrary\Zend\Cache\Backend\Sqlite.php --> ftp.sbrafh.org.br /public_html/ZendLibrary/Zend/Cache/Backend Sqlite.php
2011.12.31 14:47 B F:\xampp\htdocs\ZendLibrary\Zend\Cache\Backend\Static.php --> ftp.sbrafh.org.br /public_html/ZendLibrary/Zend/Cache/Backend Static.php
2011.12.31 14:47 B F:\xampp\htdocs\ZendLibrary\Zend\Cache\Backend\Test.php --> ftp.sbrafh.org.br /public_html/ZendLibrary/Zend/Cache/Backend Test.php
2011.12.31 14:47 B F:\xampp\htdocs\ZendLibrary\Zend\Cache\Backend\TwoLevels.php --> ftp.sbrafh.org.br /public_html/ZendLibrary/Zend/Cache/Backend TwoLevels.php
2011.12.31 14:47 B F:\xampp\htdocs\ZendLibrary\Zend\Cache\Backend\WinCache.php --> ftp.sbrafh.org.br /public_html/ZendLibrary/Zend/Cache/Backend WinCache.php
2011.12.31 14:47 B F:\xampp\htdocs\ZendLibrary\Zend\Cache\Backend\WS_FTP.LOG --> ftp.sbrafh.org.br /public_html/ZendLibrary/Zend/Cache/Backend WS_FTP.LOG
2011.12.31 14:47 B F:\xampp\htdocs\ZendLibrary\Zend\Cache\Backend\Xcache.php --> ftp.sbrafh.org.br /public_html/ZendLibrary/Zend/Cache/Backend Xcache.php
2011.12.31 14:47 B F:\xampp\htdocs\ZendLibrary\Zend\Cache\Backend\ZendPlatform.php --> ftp.sbrafh.org.br /public_html/ZendLibrary/Zend/Cache/Backend ZendPlatform.php
2011.12.31 14:47 B F:\xampp\htdocs\ZendLibrary\Zend\Cache\Backend\ZendServer.php --> ftp.sbrafh.org.br /public_html/ZendLibrary/Zend/Cache/Backend ZendServer.php
2012.01.06 03:15 B F:\xampp\htdocs\ZendLibrary\Zend\Cache\Backend\Apc.php --> ftp461.locaweb.com.br /ridgid/web/ZendLibrary/Zend/Cache/Backend Apc.php
2012.01.06 03:15 B F:\xampp\htdocs\ZendLibrary\Zend\Cache\Backend\BlackHole.php --> ftp461.locaweb.com.br /ridgid/web/ZendLibrary/Zend/Cache/Backend BlackHole.php
2012.01.06 03:15 B F:\xampp\htdocs\ZendLibrary\Zend\Cache\Backend\ExtendedInterface.php --> ftp461.locaweb.com.br /ridgid/web/ZendLibrary/Zend/Cache/Backend ExtendedInterface.php
2012.01.06 03:15 B F:\xampp\htdocs\ZendLibrary\Zend\Cache\Backend\File.php --> ftp461.locaweb.com.br /ridgid/web/ZendLibrary/Zend/Cache/Backend File.php
2012.01.06 03:15 B F:\xampp\htdocs\ZendLibrary\Zend\Cache\Backend\Interface.php --> ftp461.locaweb.com.br /ridgid/web/ZendLibrary/Zend/Cache/Backend Interface.php
2012.01.06 03:15 B F:\xampp\htdocs\ZendLibrary\Zend\Cache\Backend\Libmemcached.php --> ftp461.locaweb.com.br /ridgid/web/ZendLibrary/Zend/Cache/Backend Libmemcached.php
2012.01.06 03:15 B F:\xampp\htdocs\ZendLibrary\Zend\Cache\Backend\Memcached.php --> ftp461.locaweb.com.br /ridgid/web/ZendLibrary/Zend/Cache/Backend Memcached.php
2012.01.06 03:15 B F:\xampp\htdocs\ZendLibrary\Zend\Cache\Backend\Sqlite.php --> ftp461.locaweb.com.br /ridgid/web/ZendLibrary/Zend/Cache/Backend Sqlite.php
2012.01.06 03:15 B F:\xampp\htdocs\ZendLibrary\Zend\Cache\Backend\Static.php --> ftp461.locaweb.com.br /ridgid/web/ZendLibrary/Zend/Cache/Backend Static.php
2012.01.06 03:15 B F:\xampp\htdocs\ZendLibrary\Zend\Cache\Backend\Test.php --> ftp461.locaweb.com.br /ridgid/web/ZendLibrary/Zend/Cache/Backend Test.php
2012.01.06 03:15 B F:\xampp\htdocs\ZendLibrary\Zend\Cache\Backend\TwoLevels.php --> ftp461.locaweb.com.br /ridgid/web/ZendLibrary/Zend/Cache/Backend TwoLevels.php
2012.01.06 03:15 B F:\xampp\htdocs\ZendLibrary\Zend\Cache\Backend\WinCache.php --> ftp461.locaweb.com.br /ridgid/web/ZendLibrary/Zend/Cache/Backend WinCache.php
2012.01.06 03:15 B F:\xampp\htdocs\ZendLibrary\Zend\Cache\Backend\WS_FTP.LOG --> ftp461.locaweb.com.br /ridgid/web/ZendLibrary/Zend/Cache/Backend WS_FTP.LOG
2012.01.06 03:15 B F:\xampp\htdocs\ZendLibrary\Zend\Cache\Backend\Xcache.php --> ftp461.locaweb.com.br /ridgid/web/ZendLibrary/Zend/Cache/Backend Xcache.php
2012.01.06 03:15 B F:\xampp\htdocs\ZendLibrary\Zend\Cache\Backend\ZendPlatform.php --> ftp461.locaweb.com.br /ridgid/web/ZendLibrary/Zend/Cache/Backend ZendPlatform.php
2012.01.06 03:16 B F:\xampp\htdocs\ZendLibrary\Zend\Cache\Backend\ZendServer.php --> ftp461.locaweb.com.br /ridgid/web/ZendLibrary/Zend/Cache/Backend ZendServer.php
2012.01.24 17:29 B F:\xampp\htdocs\ZendLibrary\Zend\Cache\Backend\Apc.php --> graficamarmar.com.br /htdocs/ZendLibrary/Zend/Cache/Backend Apc.php
2012.01.24 17:29 B F:\xampp\htdocs\ZendLibrary\Zend\Cache\Backend\BlackHole.php --> graficamarmar.com.br /htdocs/ZendLibrary/Zend/Cache/Backend BlackHole.php
2012.01.24 17:29 B F:\xampp\htdocs\ZendLibrary\Zend\Cache\Backend\ExtendedInterface.php --> graficamarmar.com.br /htdocs/ZendLibrary/Zend/Cache/Backend ExtendedInterface.php
2012.01.24 17:29 B F:\xampp\htdocs\ZendLibrary\Zend\Cache\Backend\File.php --> graficamarmar.com.br /htdocs/ZendLibrary/Zend/Cache/Backend File.php
2012.01.24 17:29 B F:\xampp\htdocs\ZendLibrary\Zend\Cache\Backend\Interface.php --> graficamarmar.com.br /htdocs/ZendLibrary/Zend/Cache/Backend Interface.php
2012.01.24 17:29 B F:\xampp\htdocs\ZendLibrary\Zend\Cache\Backend\Libmemcached.php --> graficamarmar.com.br /htdocs/ZendLibrary/Zend/Cache/Backend Libmemcached.php
2012.01.24 17:29 B F:\xampp\htdocs\ZendLibrary\Zend\Cache\Backend\Memcached.php --> graficamarmar.com.br /htdocs/ZendLibrary/Zend/Cache/Backend Memcached.php
2012.01.24 17:29 B F:\xampp\htdocs\ZendLibrary\Zend\Cache\Backend\Sqlite.php --> graficamarmar.com.br /htdocs/ZendLibrary/Zend/Cache/Backend Sqlite.php
2012.01.24 17:29 B F:\xampp\htdocs\ZendLibrary\Zend\Cache\Backend\Static.php --> graficamarmar.com.br /htdocs/ZendLibrary/Zend/Cache/Backend Static.php
2012.01.24 17:29 B F:\xampp\htdocs\ZendLibrary\Zend\Cache\Backend\Test.php --> graficamarmar.com.br /htdocs/ZendLibrary/Zend/Cache/Backend Test.php
2012.01.24 17:29 B F:\xampp\htdocs\ZendLibrary\Zend\Cache\Backend\TwoLevels.php --> graficamarmar.com.br /htdocs/ZendLibrary/Zend/Cache/Backend TwoLevels.php
2012.01.24 17:29 B F:\xampp\htdocs\ZendLibrary\Zend\Cache\Backend\WinCache.php --> graficamarmar.com.br /htdocs/ZendLibrary/Zend/Cache/Backend WinCache.php
2012.01.24 17:29 B F:\xampp\htdocs\ZendLibrary\Zend\Cache\Backend\WS_FTP.LOG --> graficamarmar.com.br /htdocs/ZendLibrary/Zend/Cache/Backend WS_FTP.LOG
2012.01.24 17:29 B F:\xampp\htdocs\ZendLibrary\Zend\Cache\Backend\Xcache.php --> graficamarmar.com.br /htdocs/ZendLibrary/Zend/Cache/Backend Xcache.php
2012.01.24 17:29 B F:\xampp\htdocs\ZendLibrary\Zend\Cache\Backend\ZendPlatform.php --> graficamarmar.com.br /htdocs/ZendLibrary/Zend/Cache/Backend ZendPlatform.php
2012.01.24 17:29 B F:\xampp\htdocs\ZendLibrary\Zend\Cache\Backend\ZendServer.php --> graficamarmar.com.br /htdocs/ZendLibrary/Zend/Cache/Backend ZendServer.php
2012.02.08 17:04 B F:\xampp\htdocs\ZendLibrary\Zend\Cache\Backend\Apc.php --> graficamarmar.hospedagemdesites.ws /public_html/ZendLibrary/Zend/Cache/Backend Apc.php
2012.02.08 17:04 B F:\xampp\htdocs\ZendLibrary\Zend\Cache\Backend\BlackHole.php --> graficamarmar.hospedagemdesites.ws /public_html/ZendLibrary/Zend/Cache/Backend BlackHole.php
2012.02.08 17:04 B F:\xampp\htdocs\ZendLibrary\Zend\Cache\Backend\ExtendedInterface.php --> graficamarmar.hospedagemdesites.ws /public_html/ZendLibrary/Zend/Cache/Backend ExtendedInterface.php
2012.02.08 17:04 B F:\xampp\htdocs\ZendLibrary\Zend\Cache\Backend\File.php --> graficamarmar.hospedagemdesites.ws /public_html/ZendLibrary/Zend/Cache/Backend File.php
2012.02.08 17:04 B F:\xampp\htdocs\ZendLibrary\Zend\Cache\Backend\Interface.php --> graficamarmar.hospedagemdesites.ws /public_html/ZendLibrary/Zend/Cache/Backend Interface.php
2012.02.08 17:04 B F:\xampp\htdocs\ZendLibrary\Zend\Cache\Backend\Libmemcached.php --> graficamarmar.hospedagemdesites.ws /public_html/ZendLibrary/Zend/Cache/Backend Libmemcached.php
2012.02.08 17:04 B F:\xampp\htdocs\ZendLibrary\Zend\Cache\Backend\Memcached.php --> graficamarmar.hospedagemdesites.ws /public_html/ZendLibrary/Zend/Cache/Backend Memcached.php
2012.02.08 17:04 B F:\xampp\htdocs\ZendLibrary\Zend\Cache\Backend\Sqlite.php --> graficamarmar.hospedagemdesites.ws /public_html/ZendLibrary/Zend/Cache/Backend Sqlite.php
2012.02.08 17:04 B F:\xampp\htdocs\ZendLibrary\Zend\Cache\Backend\Static.php --> graficamarmar.hospedagemdesites.ws /public_html/ZendLibrary/Zend/Cache/Backend Static.php
2012.02.08 17:04 B F:\xampp\htdocs\ZendLibrary\Zend\Cache\Backend\Test.php --> graficamarmar.hospedagemdesites.ws /public_html/ZendLibrary/Zend/Cache/Backend Test.php
2012.02.08 17:04 B F:\xampp\htdocs\ZendLibrary\Zend\Cache\Backend\TwoLevels.php --> graficamarmar.hospedagemdesites.ws /public_html/ZendLibrary/Zend/Cache/Backend TwoLevels.php
2012.02.08 17:04 B F:\xampp\htdocs\ZendLibrary\Zend\Cache\Backend\WinCache.php --> graficamarmar.hospedagemdesites.ws /public_html/ZendLibrary/Zend/Cache/Backend WinCache.php
2012.02.08 17:04 B F:\xampp\htdocs\ZendLibrary\Zend\Cache\Backend\WS_FTP.LOG --> graficamarmar.hospedagemdesites.ws /public_html/ZendLibrary/Zend/Cache/Backend WS_FTP.LOG
2012.02.08 17:04 B F:\xampp\htdocs\ZendLibrary\Zend\Cache\Backend\Xcache.php --> graficamarmar.hospedagemdesites.ws /public_html/ZendLibrary/Zend/Cache/Backend Xcache.php
2012.02.08 17:04 B F:\xampp\htdocs\ZendLibrary\Zend\Cache\Backend\ZendPlatform.php --> graficamarmar.hospedagemdesites.ws /public_html/ZendLibrary/Zend/Cache/Backend ZendPlatform.php
2012.02.08 17:04 B F:\xampp\htdocs\ZendLibrary\Zend\Cache\Backend\ZendServer.php --> graficamarmar.hospedagemdesites.ws /public_html/ZendLibrary/Zend/Cache/Backend ZendServer.php
2012.10.29 14:40 B F:\xampp\htdocs\ZendLibrary\Zend\Cache\Backend\Apc.php --> 186.202.153.85 /public_html/ZendLibrary/Zend/Cache/Backend Apc.php
2012.10.29 14:40 B F:\xampp\htdocs\ZendLibrary\Zend\Cache\Backend\BlackHole.php --> 186.202.153.85 /public_html/ZendLibrary/Zend/Cache/Backend BlackHole.php
2012.10.29 14:40 B F:\xampp\htdocs\ZendLibrary\Zend\Cache\Backend\ExtendedInterface.php --> 186.202.153.85 /public_html/ZendLibrary/Zend/Cache/Backend ExtendedInterface.php
2012.10.29 14:40 B F:\xampp\htdocs\ZendLibrary\Zend\Cache\Backend\File.php --> 186.202.153.85 /public_html/ZendLibrary/Zend/Cache/Backend File.php
2012.10.29 14:40 B F:\xampp\htdocs\ZendLibrary\Zend\Cache\Backend\Interface.php --> 186.202.153.85 /public_html/ZendLibrary/Zend/Cache/Backend Interface.php
2012.10.29 14:40 B F:\xampp\htdocs\ZendLibrary\Zend\Cache\Backend\Libmemcached.php --> 186.202.153.85 /public_html/ZendLibrary/Zend/Cache/Backend Libmemcached.php
2012.10.29 14:40 B F:\xampp\htdocs\ZendLibrary\Zend\Cache\Backend\Memcached.php --> 186.202.153.85 /public_html/ZendLibrary/Zend/Cache/Backend Memcached.php
2012.10.29 14:40 B F:\xampp\htdocs\ZendLibrary\Zend\Cache\Backend\Sqlite.php --> 186.202.153.85 /public_html/ZendLibrary/Zend/Cache/Backend Sqlite.php
2012.10.29 14:40 B F:\xampp\htdocs\ZendLibrary\Zend\Cache\Backend\Static.php --> 186.202.153.85 /public_html/ZendLibrary/Zend/Cache/Backend Static.php
2012.10.29 14:40 B F:\xampp\htdocs\ZendLibrary\Zend\Cache\Backend\Test.php --> 186.202.153.85 /public_html/ZendLibrary/Zend/Cache/Backend Test.php
2012.10.29 14:40 B F:\xampp\htdocs\ZendLibrary\Zend\Cache\Backend\TwoLevels.php --> 186.202.153.85 /public_html/ZendLibrary/Zend/Cache/Backend TwoLevels.php
2012.10.29 14:40 B F:\xampp\htdocs\ZendLibrary\Zend\Cache\Backend\WinCache.php --> 186.202.153.85 /public_html/ZendLibrary/Zend/Cache/Backend WinCache.php
2012.10.29 14:40 B F:\xampp\htdocs\ZendLibrary\Zend\Cache\Backend\WS_FTP.LOG --> 186.202.153.85 /public_html/ZendLibrary/Zend/Cache/Backend WS_FTP.LOG
2012.10.29 14:40 B F:\xampp\htdocs\ZendLibrary\Zend\Cache\Backend\Xcache.php --> 186.202.153.85 /public_html/ZendLibrary/Zend/Cache/Backend Xcache.php
2012.10.29 14:40 B F:\xampp\htdocs\ZendLibrary\Zend\Cache\Backend\ZendPlatform.php --> 186.202.153.85 /public_html/ZendLibrary/Zend/Cache/Backend ZendPlatform.php
2012.10.29 14:40 B F:\xampp\htdocs\ZendLibrary\Zend\Cache\Backend\ZendServer.php --> 186.202.153.85 /public_html/ZendLibrary/Zend/Cache/Backend ZendServer.php
