2011.06.20 18:38 B F:\xampp\htdocs\zf-tutorial\library\Zend\Gdata\YouTube\Extension\AboutMe.php --> ftp.portalridgid.com.br /public_html/zf-tutorial/library/Zend/Gdata/YouTube/Extension AboutMe.php
2011.06.20 18:38 B F:\xampp\htdocs\zf-tutorial\library\Zend\Gdata\YouTube\Extension\Age.php --> ftp.portalridgid.com.br /public_html/zf-tutorial/library/Zend/Gdata/YouTube/Extension Age.php
2011.06.20 18:38 B F:\xampp\htdocs\zf-tutorial\library\Zend\Gdata\YouTube\Extension\Books.php --> ftp.portalridgid.com.br /public_html/zf-tutorial/library/Zend/Gdata/YouTube/Extension Books.php
2011.06.20 18:38 B F:\xampp\htdocs\zf-tutorial\library\Zend\Gdata\YouTube\Extension\Company.php --> ftp.portalridgid.com.br /public_html/zf-tutorial/library/Zend/Gdata/YouTube/Extension Company.php
2011.06.20 18:38 B F:\xampp\htdocs\zf-tutorial\library\Zend\Gdata\YouTube\Extension\Control.php --> ftp.portalridgid.com.br /public_html/zf-tutorial/library/Zend/Gdata/YouTube/Extension Control.php
2011.06.20 18:38 B F:\xampp\htdocs\zf-tutorial\library\Zend\Gdata\YouTube\Extension\CountHint.php --> ftp.portalridgid.com.br /public_html/zf-tutorial/library/Zend/Gdata/YouTube/Extension CountHint.php
2011.06.20 18:38 B F:\xampp\htdocs\zf-tutorial\library\Zend\Gdata\YouTube\Extension\Description.php --> ftp.portalridgid.com.br /public_html/zf-tutorial/library/Zend/Gdata/YouTube/Extension Description.php
2011.06.20 18:38 B F:\xampp\htdocs\zf-tutorial\library\Zend\Gdata\YouTube\Extension\Duration.php --> ftp.portalridgid.com.br /public_html/zf-tutorial/library/Zend/Gdata/YouTube/Extension Duration.php
2011.06.20 18:38 B F:\xampp\htdocs\zf-tutorial\library\Zend\Gdata\YouTube\Extension\FirstName.php --> ftp.portalridgid.com.br /public_html/zf-tutorial/library/Zend/Gdata/YouTube/Extension FirstName.php
2011.06.20 18:38 B F:\xampp\htdocs\zf-tutorial\library\Zend\Gdata\YouTube\Extension\Gender.php --> ftp.portalridgid.com.br /public_html/zf-tutorial/library/Zend/Gdata/YouTube/Extension Gender.php
2011.06.20 18:38 B F:\xampp\htdocs\zf-tutorial\library\Zend\Gdata\YouTube\Extension\Hobbies.php --> ftp.portalridgid.com.br /public_html/zf-tutorial/library/Zend/Gdata/YouTube/Extension Hobbies.php
2011.06.20 18:38 B F:\xampp\htdocs\zf-tutorial\library\Zend\Gdata\YouTube\Extension\Hometown.php --> ftp.portalridgid.com.br /public_html/zf-tutorial/library/Zend/Gdata/YouTube/Extension Hometown.php
2011.06.20 18:38 B F:\xampp\htdocs\zf-tutorial\library\Zend\Gdata\YouTube\Extension\LastName.php --> ftp.portalridgid.com.br /public_html/zf-tutorial/library/Zend/Gdata/YouTube/Extension LastName.php
2011.06.20 18:38 B F:\xampp\htdocs\zf-tutorial\library\Zend\Gdata\YouTube\Extension\Link.php --> ftp.portalridgid.com.br /public_html/zf-tutorial/library/Zend/Gdata/YouTube/Extension Link.php
2011.06.20 18:38 B F:\xampp\htdocs\zf-tutorial\library\Zend\Gdata\YouTube\Extension\Location.php --> ftp.portalridgid.com.br /public_html/zf-tutorial/library/Zend/Gdata/YouTube/Extension Location.php
2011.06.20 18:38 B F:\xampp\htdocs\zf-tutorial\library\Zend\Gdata\YouTube\Extension\MediaContent.php --> ftp.portalridgid.com.br /public_html/zf-tutorial/library/Zend/Gdata/YouTube/Extension MediaContent.php
2011.06.20 18:38 B F:\xampp\htdocs\zf-tutorial\library\Zend\Gdata\YouTube\Extension\MediaCredit.php --> ftp.portalridgid.com.br /public_html/zf-tutorial/library/Zend/Gdata/YouTube/Extension MediaCredit.php
2011.06.20 18:38 B F:\xampp\htdocs\zf-tutorial\library\Zend\Gdata\YouTube\Extension\MediaGroup.php --> ftp.portalridgid.com.br /public_html/zf-tutorial/library/Zend/Gdata/YouTube/Extension MediaGroup.php
2011.06.20 18:38 B F:\xampp\htdocs\zf-tutorial\library\Zend\Gdata\YouTube\Extension\MediaRating.php --> ftp.portalridgid.com.br /public_html/zf-tutorial/library/Zend/Gdata/YouTube/Extension MediaRating.php
2011.06.20 18:38 B F:\xampp\htdocs\zf-tutorial\library\Zend\Gdata\YouTube\Extension\Movies.php --> ftp.portalridgid.com.br /public_html/zf-tutorial/library/Zend/Gdata/YouTube/Extension Movies.php
2011.06.20 18:38 B F:\xampp\htdocs\zf-tutorial\library\Zend\Gdata\YouTube\Extension\Music.php --> ftp.portalridgid.com.br /public_html/zf-tutorial/library/Zend/Gdata/YouTube/Extension Music.php
2011.06.20 18:38 B F:\xampp\htdocs\zf-tutorial\library\Zend\Gdata\YouTube\Extension\NoEmbed.php --> ftp.portalridgid.com.br /public_html/zf-tutorial/library/Zend/Gdata/YouTube/Extension NoEmbed.php
2011.06.20 18:38 B F:\xampp\htdocs\zf-tutorial\library\Zend\Gdata\YouTube\Extension\Occupation.php --> ftp.portalridgid.com.br /public_html/zf-tutorial/library/Zend/Gdata/YouTube/Extension Occupation.php
2011.06.20 18:38 B F:\xampp\htdocs\zf-tutorial\library\Zend\Gdata\YouTube\Extension\PlaylistId.php --> ftp.portalridgid.com.br /public_html/zf-tutorial/library/Zend/Gdata/YouTube/Extension PlaylistId.php
2011.06.20 18:38 B F:\xampp\htdocs\zf-tutorial\library\Zend\Gdata\YouTube\Extension\PlaylistTitle.php --> ftp.portalridgid.com.br /public_html/zf-tutorial/library/Zend/Gdata/YouTube/Extension PlaylistTitle.php
2011.06.20 18:38 B F:\xampp\htdocs\zf-tutorial\library\Zend\Gdata\YouTube\Extension\Position.php --> ftp.portalridgid.com.br /public_html/zf-tutorial/library/Zend/Gdata/YouTube/Extension Position.php
2011.06.20 18:38 B F:\xampp\htdocs\zf-tutorial\library\Zend\Gdata\YouTube\Extension\Private.php --> ftp.portalridgid.com.br /public_html/zf-tutorial/library/Zend/Gdata/YouTube/Extension Private.php
2011.06.20 18:38 B F:\xampp\htdocs\zf-tutorial\library\Zend\Gdata\YouTube\Extension\QueryString.php --> ftp.portalridgid.com.br /public_html/zf-tutorial/library/Zend/Gdata/YouTube/Extension QueryString.php
2011.06.20 18:38 B F:\xampp\htdocs\zf-tutorial\library\Zend\Gdata\YouTube\Extension\Racy.php --> ftp.portalridgid.com.br /public_html/zf-tutorial/library/Zend/Gdata/YouTube/Extension Racy.php
2011.06.20 18:38 B F:\xampp\htdocs\zf-tutorial\library\Zend\Gdata\YouTube\Extension\Recorded.php --> ftp.portalridgid.com.br /public_html/zf-tutorial/library/Zend/Gdata/YouTube/Extension Recorded.php
2011.06.20 18:38 B F:\xampp\htdocs\zf-tutorial\library\Zend\Gdata\YouTube\Extension\Relationship.php --> ftp.portalridgid.com.br /public_html/zf-tutorial/library/Zend/Gdata/YouTube/Extension Relationship.php
2011.06.20 18:38 B F:\xampp\htdocs\zf-tutorial\library\Zend\Gdata\YouTube\Extension\ReleaseDate.php --> ftp.portalridgid.com.br /public_html/zf-tutorial/library/Zend/Gdata/YouTube/Extension ReleaseDate.php
2011.06.20 18:38 B F:\xampp\htdocs\zf-tutorial\library\Zend\Gdata\YouTube\Extension\School.php --> ftp.portalridgid.com.br /public_html/zf-tutorial/library/Zend/Gdata/YouTube/Extension School.php
2011.06.20 18:38 B F:\xampp\htdocs\zf-tutorial\library\Zend\Gdata\YouTube\Extension\State.php --> ftp.portalridgid.com.br /public_html/zf-tutorial/library/Zend/Gdata/YouTube/Extension State.php
2011.06.20 18:38 B F:\xampp\htdocs\zf-tutorial\library\Zend\Gdata\YouTube\Extension\Statistics.php --> ftp.portalridgid.com.br /public_html/zf-tutorial/library/Zend/Gdata/YouTube/Extension Statistics.php
2011.06.20 18:38 B F:\xampp\htdocs\zf-tutorial\library\Zend\Gdata\YouTube\Extension\Status.php --> ftp.portalridgid.com.br /public_html/zf-tutorial/library/Zend/Gdata/YouTube/Extension Status.php
2011.06.20 18:38 B F:\xampp\htdocs\zf-tutorial\library\Zend\Gdata\YouTube\Extension\Token.php --> ftp.portalridgid.com.br /public_html/zf-tutorial/library/Zend/Gdata/YouTube/Extension Token.php
2011.06.20 18:38 B F:\xampp\htdocs\zf-tutorial\library\Zend\Gdata\YouTube\Extension\Uploaded.php --> ftp.portalridgid.com.br /public_html/zf-tutorial/library/Zend/Gdata/YouTube/Extension Uploaded.php
2011.06.20 18:38 B F:\xampp\htdocs\zf-tutorial\library\Zend\Gdata\YouTube\Extension\Username.php --> ftp.portalridgid.com.br /public_html/zf-tutorial/library/Zend/Gdata/YouTube/Extension Username.php
2011.06.20 18:38 B F:\xampp\htdocs\zf-tutorial\library\Zend\Gdata\YouTube\Extension\VideoId.php --> ftp.portalridgid.com.br /public_html/zf-tutorial/library/Zend/Gdata/YouTube/Extension VideoId.php
2011.06.30 03:33 B F:\xampp\htdocs\zendLibrary\Zend\Gdata\YouTube\Extension\WS_FTP.LOG --> ftp.sbrafh.org.br /sbrafh/Web/zendLibrary/Zend/Gdata/YouTube/Extension WS_FTP.LOG
2011.06.30 03:33 B F:\xampp\htdocs\zendLibrary\Zend\Gdata\YouTube\Extension\VideoId.php --> ftp.sbrafh.org.br /sbrafh/Web/zendLibrary/Zend/Gdata/YouTube/Extension VideoId.php
2011.06.30 03:33 B F:\xampp\htdocs\zendLibrary\Zend\Gdata\YouTube\Extension\Username.php --> ftp.sbrafh.org.br /sbrafh/Web/zendLibrary/Zend/Gdata/YouTube/Extension Username.php
2011.06.30 03:33 B F:\xampp\htdocs\zendLibrary\Zend\Gdata\YouTube\Extension\Uploaded.php --> ftp.sbrafh.org.br /sbrafh/Web/zendLibrary/Zend/Gdata/YouTube/Extension Uploaded.php
2011.06.30 03:33 B F:\xampp\htdocs\zendLibrary\Zend\Gdata\YouTube\Extension\Token.php --> ftp.sbrafh.org.br /sbrafh/Web/zendLibrary/Zend/Gdata/YouTube/Extension Token.php
2011.06.30 03:33 B F:\xampp\htdocs\zendLibrary\Zend\Gdata\YouTube\Extension\Status.php --> ftp.sbrafh.org.br /sbrafh/Web/zendLibrary/Zend/Gdata/YouTube/Extension Status.php
2011.06.30 03:33 B F:\xampp\htdocs\zendLibrary\Zend\Gdata\YouTube\Extension\Statistics.php --> ftp.sbrafh.org.br /sbrafh/Web/zendLibrary/Zend/Gdata/YouTube/Extension Statistics.php
2011.06.30 03:33 B F:\xampp\htdocs\zendLibrary\Zend\Gdata\YouTube\Extension\State.php --> ftp.sbrafh.org.br /sbrafh/Web/zendLibrary/Zend/Gdata/YouTube/Extension State.php
2011.06.30 03:33 B F:\xampp\htdocs\zendLibrary\Zend\Gdata\YouTube\Extension\School.php --> ftp.sbrafh.org.br /sbrafh/Web/zendLibrary/Zend/Gdata/YouTube/Extension School.php
2011.06.30 03:33 B F:\xampp\htdocs\zendLibrary\Zend\Gdata\YouTube\Extension\ReleaseDate.php --> ftp.sbrafh.org.br /sbrafh/Web/zendLibrary/Zend/Gdata/YouTube/Extension ReleaseDate.php
2011.06.30 03:33 B F:\xampp\htdocs\zendLibrary\Zend\Gdata\YouTube\Extension\Relationship.php --> ftp.sbrafh.org.br /sbrafh/Web/zendLibrary/Zend/Gdata/YouTube/Extension Relationship.php
2011.06.30 03:33 B F:\xampp\htdocs\zendLibrary\Zend\Gdata\YouTube\Extension\Recorded.php --> ftp.sbrafh.org.br /sbrafh/Web/zendLibrary/Zend/Gdata/YouTube/Extension Recorded.php
2011.06.30 03:33 B F:\xampp\htdocs\zendLibrary\Zend\Gdata\YouTube\Extension\Racy.php --> ftp.sbrafh.org.br /sbrafh/Web/zendLibrary/Zend/Gdata/YouTube/Extension Racy.php
2011.06.30 03:33 B F:\xampp\htdocs\zendLibrary\Zend\Gdata\YouTube\Extension\QueryString.php --> ftp.sbrafh.org.br /sbrafh/Web/zendLibrary/Zend/Gdata/YouTube/Extension QueryString.php
2011.06.30 03:33 B F:\xampp\htdocs\zendLibrary\Zend\Gdata\YouTube\Extension\Private.php --> ftp.sbrafh.org.br /sbrafh/Web/zendLibrary/Zend/Gdata/YouTube/Extension Private.php
2011.06.30 03:33 B F:\xampp\htdocs\zendLibrary\Zend\Gdata\YouTube\Extension\Position.php --> ftp.sbrafh.org.br /sbrafh/Web/zendLibrary/Zend/Gdata/YouTube/Extension Position.php
2011.06.30 03:33 B F:\xampp\htdocs\zendLibrary\Zend\Gdata\YouTube\Extension\PlaylistTitle.php --> ftp.sbrafh.org.br /sbrafh/Web/zendLibrary/Zend/Gdata/YouTube/Extension PlaylistTitle.php
2011.06.30 03:33 B F:\xampp\htdocs\zendLibrary\Zend\Gdata\YouTube\Extension\PlaylistId.php --> ftp.sbrafh.org.br /sbrafh/Web/zendLibrary/Zend/Gdata/YouTube/Extension PlaylistId.php
2011.06.30 03:33 B F:\xampp\htdocs\zendLibrary\Zend\Gdata\YouTube\Extension\Occupation.php --> ftp.sbrafh.org.br /sbrafh/Web/zendLibrary/Zend/Gdata/YouTube/Extension Occupation.php
2011.06.30 03:33 B F:\xampp\htdocs\zendLibrary\Zend\Gdata\YouTube\Extension\NoEmbed.php --> ftp.sbrafh.org.br /sbrafh/Web/zendLibrary/Zend/Gdata/YouTube/Extension NoEmbed.php
2011.06.30 03:33 B F:\xampp\htdocs\zendLibrary\Zend\Gdata\YouTube\Extension\Music.php --> ftp.sbrafh.org.br /sbrafh/Web/zendLibrary/Zend/Gdata/YouTube/Extension Music.php
2011.06.30 03:33 B F:\xampp\htdocs\zendLibrary\Zend\Gdata\YouTube\Extension\Movies.php --> ftp.sbrafh.org.br /sbrafh/Web/zendLibrary/Zend/Gdata/YouTube/Extension Movies.php
2011.06.30 03:33 B F:\xampp\htdocs\zendLibrary\Zend\Gdata\YouTube\Extension\MediaRating.php --> ftp.sbrafh.org.br /sbrafh/Web/zendLibrary/Zend/Gdata/YouTube/Extension MediaRating.php
2011.06.30 03:33 B F:\xampp\htdocs\zendLibrary\Zend\Gdata\YouTube\Extension\MediaGroup.php --> ftp.sbrafh.org.br /sbrafh/Web/zendLibrary/Zend/Gdata/YouTube/Extension MediaGroup.php
2011.06.30 03:33 B F:\xampp\htdocs\zendLibrary\Zend\Gdata\YouTube\Extension\MediaCredit.php --> ftp.sbrafh.org.br /sbrafh/Web/zendLibrary/Zend/Gdata/YouTube/Extension MediaCredit.php
2011.06.30 03:33 B F:\xampp\htdocs\zendLibrary\Zend\Gdata\YouTube\Extension\MediaContent.php --> ftp.sbrafh.org.br /sbrafh/Web/zendLibrary/Zend/Gdata/YouTube/Extension MediaContent.php
2011.06.30 03:33 B F:\xampp\htdocs\zendLibrary\Zend\Gdata\YouTube\Extension\Location.php --> ftp.sbrafh.org.br /sbrafh/Web/zendLibrary/Zend/Gdata/YouTube/Extension Location.php
2011.06.30 03:33 B F:\xampp\htdocs\zendLibrary\Zend\Gdata\YouTube\Extension\Link.php --> ftp.sbrafh.org.br /sbrafh/Web/zendLibrary/Zend/Gdata/YouTube/Extension Link.php
2011.06.30 03:33 B F:\xampp\htdocs\zendLibrary\Zend\Gdata\YouTube\Extension\LastName.php --> ftp.sbrafh.org.br /sbrafh/Web/zendLibrary/Zend/Gdata/YouTube/Extension LastName.php
2011.06.30 03:33 B F:\xampp\htdocs\zendLibrary\Zend\Gdata\YouTube\Extension\Hometown.php --> ftp.sbrafh.org.br /sbrafh/Web/zendLibrary/Zend/Gdata/YouTube/Extension Hometown.php
2011.06.30 03:33 B F:\xampp\htdocs\zendLibrary\Zend\Gdata\YouTube\Extension\Hobbies.php --> ftp.sbrafh.org.br /sbrafh/Web/zendLibrary/Zend/Gdata/YouTube/Extension Hobbies.php
2011.06.30 03:33 B F:\xampp\htdocs\zendLibrary\Zend\Gdata\YouTube\Extension\Gender.php --> ftp.sbrafh.org.br /sbrafh/Web/zendLibrary/Zend/Gdata/YouTube/Extension Gender.php
2011.06.30 03:33 B F:\xampp\htdocs\zendLibrary\Zend\Gdata\YouTube\Extension\FirstName.php --> ftp.sbrafh.org.br /sbrafh/Web/zendLibrary/Zend/Gdata/YouTube/Extension FirstName.php
2011.06.30 03:33 B F:\xampp\htdocs\zendLibrary\Zend\Gdata\YouTube\Extension\Duration.php --> ftp.sbrafh.org.br /sbrafh/Web/zendLibrary/Zend/Gdata/YouTube/Extension Duration.php
2011.06.30 03:33 B F:\xampp\htdocs\zendLibrary\Zend\Gdata\YouTube\Extension\Description.php --> ftp.sbrafh.org.br /sbrafh/Web/zendLibrary/Zend/Gdata/YouTube/Extension Description.php
2011.06.30 03:33 B F:\xampp\htdocs\zendLibrary\Zend\Gdata\YouTube\Extension\CountHint.php --> ftp.sbrafh.org.br /sbrafh/Web/zendLibrary/Zend/Gdata/YouTube/Extension CountHint.php
2011.06.30 03:33 B F:\xampp\htdocs\zendLibrary\Zend\Gdata\YouTube\Extension\Control.php --> ftp.sbrafh.org.br /sbrafh/Web/zendLibrary/Zend/Gdata/YouTube/Extension Control.php
2011.06.30 03:33 B F:\xampp\htdocs\zendLibrary\Zend\Gdata\YouTube\Extension\Company.php --> ftp.sbrafh.org.br /sbrafh/Web/zendLibrary/Zend/Gdata/YouTube/Extension Company.php
2011.06.30 03:33 B F:\xampp\htdocs\zendLibrary\Zend\Gdata\YouTube\Extension\Books.php --> ftp.sbrafh.org.br /sbrafh/Web/zendLibrary/Zend/Gdata/YouTube/Extension Books.php
2011.06.30 03:33 B F:\xampp\htdocs\zendLibrary\Zend\Gdata\YouTube\Extension\Age.php --> ftp.sbrafh.org.br /sbrafh/Web/zendLibrary/Zend/Gdata/YouTube/Extension Age.php
2011.06.30 03:33 B F:\xampp\htdocs\zendLibrary\Zend\Gdata\YouTube\Extension\AboutMe.php --> ftp.sbrafh.org.br /sbrafh/Web/zendLibrary/Zend/Gdata/YouTube/Extension AboutMe.php
2011.07.08 23:51 B F:\xampp\htdocs\zendLibrary\Zend\Gdata\YouTube\Extension\AboutMe.php --> ftp.radiofone.com.br /public_html/radiofone/zendLibrary/Zend/Gdata/YouTube/Extension AboutMe.php
2011.07.08 23:51 B F:\xampp\htdocs\zendLibrary\Zend\Gdata\YouTube\Extension\Age.php --> ftp.radiofone.com.br /public_html/radiofone/zendLibrary/Zend/Gdata/YouTube/Extension Age.php
2011.07.08 23:51 B F:\xampp\htdocs\zendLibrary\Zend\Gdata\YouTube\Extension\Books.php --> ftp.radiofone.com.br /public_html/radiofone/zendLibrary/Zend/Gdata/YouTube/Extension Books.php
2011.07.08 23:51 B F:\xampp\htdocs\zendLibrary\Zend\Gdata\YouTube\Extension\Company.php --> ftp.radiofone.com.br /public_html/radiofone/zendLibrary/Zend/Gdata/YouTube/Extension Company.php
2011.07.08 23:52 B F:\xampp\htdocs\zendLibrary\Zend\Gdata\YouTube\Extension\Control.php --> ftp.radiofone.com.br /public_html/radiofone/zendLibrary/Zend/Gdata/YouTube/Extension Control.php
2011.07.08 23:52 B F:\xampp\htdocs\zendLibrary\Zend\Gdata\YouTube\Extension\CountHint.php --> ftp.radiofone.com.br /public_html/radiofone/zendLibrary/Zend/Gdata/YouTube/Extension CountHint.php
2011.07.08 23:52 B F:\xampp\htdocs\zendLibrary\Zend\Gdata\YouTube\Extension\Description.php --> ftp.radiofone.com.br /public_html/radiofone/zendLibrary/Zend/Gdata/YouTube/Extension Description.php
2011.07.08 23:52 B F:\xampp\htdocs\zendLibrary\Zend\Gdata\YouTube\Extension\Duration.php --> ftp.radiofone.com.br /public_html/radiofone/zendLibrary/Zend/Gdata/YouTube/Extension Duration.php
2011.07.08 23:52 B F:\xampp\htdocs\zendLibrary\Zend\Gdata\YouTube\Extension\FirstName.php --> ftp.radiofone.com.br /public_html/radiofone/zendLibrary/Zend/Gdata/YouTube/Extension FirstName.php
2011.07.08 23:52 B F:\xampp\htdocs\zendLibrary\Zend\Gdata\YouTube\Extension\Gender.php --> ftp.radiofone.com.br /public_html/radiofone/zendLibrary/Zend/Gdata/YouTube/Extension Gender.php
2011.07.08 23:52 B F:\xampp\htdocs\zendLibrary\Zend\Gdata\YouTube\Extension\Hobbies.php --> ftp.radiofone.com.br /public_html/radiofone/zendLibrary/Zend/Gdata/YouTube/Extension Hobbies.php
2011.07.08 23:52 B F:\xampp\htdocs\zendLibrary\Zend\Gdata\YouTube\Extension\Hometown.php --> ftp.radiofone.com.br /public_html/radiofone/zendLibrary/Zend/Gdata/YouTube/Extension Hometown.php
2011.07.08 23:52 B F:\xampp\htdocs\zendLibrary\Zend\Gdata\YouTube\Extension\LastName.php --> ftp.radiofone.com.br /public_html/radiofone/zendLibrary/Zend/Gdata/YouTube/Extension LastName.php
2011.07.08 23:52 B F:\xampp\htdocs\zendLibrary\Zend\Gdata\YouTube\Extension\Link.php --> ftp.radiofone.com.br /public_html/radiofone/zendLibrary/Zend/Gdata/YouTube/Extension Link.php
2011.07.08 23:52 B F:\xampp\htdocs\zendLibrary\Zend\Gdata\YouTube\Extension\Location.php --> ftp.radiofone.com.br /public_html/radiofone/zendLibrary/Zend/Gdata/YouTube/Extension Location.php
2011.07.08 23:52 B F:\xampp\htdocs\zendLibrary\Zend\Gdata\YouTube\Extension\MediaContent.php --> ftp.radiofone.com.br /public_html/radiofone/zendLibrary/Zend/Gdata/YouTube/Extension MediaContent.php
2011.07.08 23:52 B F:\xampp\htdocs\zendLibrary\Zend\Gdata\YouTube\Extension\MediaCredit.php --> ftp.radiofone.com.br /public_html/radiofone/zendLibrary/Zend/Gdata/YouTube/Extension MediaCredit.php
2011.07.08 23:52 B F:\xampp\htdocs\zendLibrary\Zend\Gdata\YouTube\Extension\MediaGroup.php --> ftp.radiofone.com.br /public_html/radiofone/zendLibrary/Zend/Gdata/YouTube/Extension MediaGroup.php
2011.07.08 23:52 B F:\xampp\htdocs\zendLibrary\Zend\Gdata\YouTube\Extension\MediaRating.php --> ftp.radiofone.com.br /public_html/radiofone/zendLibrary/Zend/Gdata/YouTube/Extension MediaRating.php
2011.07.08 23:52 B F:\xampp\htdocs\zendLibrary\Zend\Gdata\YouTube\Extension\Movies.php --> ftp.radiofone.com.br /public_html/radiofone/zendLibrary/Zend/Gdata/YouTube/Extension Movies.php
2011.07.08 23:52 B F:\xampp\htdocs\zendLibrary\Zend\Gdata\YouTube\Extension\Music.php --> ftp.radiofone.com.br /public_html/radiofone/zendLibrary/Zend/Gdata/YouTube/Extension Music.php
2011.07.08 23:52 B F:\xampp\htdocs\zendLibrary\Zend\Gdata\YouTube\Extension\NoEmbed.php --> ftp.radiofone.com.br /public_html/radiofone/zendLibrary/Zend/Gdata/YouTube/Extension NoEmbed.php
2011.07.08 23:52 B F:\xampp\htdocs\zendLibrary\Zend\Gdata\YouTube\Extension\Occupation.php --> ftp.radiofone.com.br /public_html/radiofone/zendLibrary/Zend/Gdata/YouTube/Extension Occupation.php
2011.07.08 23:52 B F:\xampp\htdocs\zendLibrary\Zend\Gdata\YouTube\Extension\PlaylistId.php --> ftp.radiofone.com.br /public_html/radiofone/zendLibrary/Zend/Gdata/YouTube/Extension PlaylistId.php
2011.07.08 23:52 B F:\xampp\htdocs\zendLibrary\Zend\Gdata\YouTube\Extension\PlaylistTitle.php --> ftp.radiofone.com.br /public_html/radiofone/zendLibrary/Zend/Gdata/YouTube/Extension PlaylistTitle.php
2011.07.08 23:52 B F:\xampp\htdocs\zendLibrary\Zend\Gdata\YouTube\Extension\Position.php --> ftp.radiofone.com.br /public_html/radiofone/zendLibrary/Zend/Gdata/YouTube/Extension Position.php
2011.07.08 23:52 B F:\xampp\htdocs\zendLibrary\Zend\Gdata\YouTube\Extension\Private.php --> ftp.radiofone.com.br /public_html/radiofone/zendLibrary/Zend/Gdata/YouTube/Extension Private.php
2011.07.08 23:52 B F:\xampp\htdocs\zendLibrary\Zend\Gdata\YouTube\Extension\QueryString.php --> ftp.radiofone.com.br /public_html/radiofone/zendLibrary/Zend/Gdata/YouTube/Extension QueryString.php
2011.07.08 23:52 B F:\xampp\htdocs\zendLibrary\Zend\Gdata\YouTube\Extension\Racy.php --> ftp.radiofone.com.br /public_html/radiofone/zendLibrary/Zend/Gdata/YouTube/Extension Racy.php
2011.07.08 23:52 B F:\xampp\htdocs\zendLibrary\Zend\Gdata\YouTube\Extension\Recorded.php --> ftp.radiofone.com.br /public_html/radiofone/zendLibrary/Zend/Gdata/YouTube/Extension Recorded.php
2011.07.08 23:52 B F:\xampp\htdocs\zendLibrary\Zend\Gdata\YouTube\Extension\Relationship.php --> ftp.radiofone.com.br /public_html/radiofone/zendLibrary/Zend/Gdata/YouTube/Extension Relationship.php
2011.07.08 23:52 B F:\xampp\htdocs\zendLibrary\Zend\Gdata\YouTube\Extension\ReleaseDate.php --> ftp.radiofone.com.br /public_html/radiofone/zendLibrary/Zend/Gdata/YouTube/Extension ReleaseDate.php
2011.07.08 23:52 B F:\xampp\htdocs\zendLibrary\Zend\Gdata\YouTube\Extension\School.php --> ftp.radiofone.com.br /public_html/radiofone/zendLibrary/Zend/Gdata/YouTube/Extension School.php
2011.07.08 23:52 B F:\xampp\htdocs\zendLibrary\Zend\Gdata\YouTube\Extension\State.php --> ftp.radiofone.com.br /public_html/radiofone/zendLibrary/Zend/Gdata/YouTube/Extension State.php
2011.07.08 23:52 B F:\xampp\htdocs\zendLibrary\Zend\Gdata\YouTube\Extension\Statistics.php --> ftp.radiofone.com.br /public_html/radiofone/zendLibrary/Zend/Gdata/YouTube/Extension Statistics.php
2011.07.08 23:52 B F:\xampp\htdocs\zendLibrary\Zend\Gdata\YouTube\Extension\Status.php --> ftp.radiofone.com.br /public_html/radiofone/zendLibrary/Zend/Gdata/YouTube/Extension Status.php
2011.07.08 23:52 B F:\xampp\htdocs\zendLibrary\Zend\Gdata\YouTube\Extension\Token.php --> ftp.radiofone.com.br /public_html/radiofone/zendLibrary/Zend/Gdata/YouTube/Extension Token.php
2011.07.08 23:52 B F:\xampp\htdocs\zendLibrary\Zend\Gdata\YouTube\Extension\Uploaded.php --> ftp.radiofone.com.br /public_html/radiofone/zendLibrary/Zend/Gdata/YouTube/Extension Uploaded.php
2011.07.08 23:52 B F:\xampp\htdocs\zendLibrary\Zend\Gdata\YouTube\Extension\Username.php --> ftp.radiofone.com.br /public_html/radiofone/zendLibrary/Zend/Gdata/YouTube/Extension Username.php
2011.07.08 23:52 B F:\xampp\htdocs\zendLibrary\Zend\Gdata\YouTube\Extension\VideoId.php --> ftp.radiofone.com.br /public_html/radiofone/zendLibrary/Zend/Gdata/YouTube/Extension VideoId.php
2011.07.08 23:52 B F:\xampp\htdocs\zendLibrary\Zend\Gdata\YouTube\Extension\WS_FTP.LOG --> ftp.radiofone.com.br /public_html/radiofone/zendLibrary/Zend/Gdata/YouTube/Extension WS_FTP.LOG
2011.07.09 00:48 B F:\xampp\htdocs\zendLibrary\Zend\Gdata\YouTube\Extension\WS_FTP.LOG --> ftp.radiofone.com.br /public_html/radiofone/zendLibrary/Zend/Gdata/YouTube/Extension WS_FTP.LOG
2011.07.26 22:52 B F:\xampp\htdocs\zendLibrary\Zend\Gdata\YouTube\Extension\AboutMe.php --> ftp.sobrafo.org.br /public_html/zendLibrary/Zend/Gdata/YouTube/Extension AboutMe.php
2011.07.26 22:52 B F:\xampp\htdocs\zendLibrary\Zend\Gdata\YouTube\Extension\Age.php --> ftp.sobrafo.org.br /public_html/zendLibrary/Zend/Gdata/YouTube/Extension Age.php
2011.07.26 22:52 B F:\xampp\htdocs\zendLibrary\Zend\Gdata\YouTube\Extension\Books.php --> ftp.sobrafo.org.br /public_html/zendLibrary/Zend/Gdata/YouTube/Extension Books.php
2011.07.26 22:52 B F:\xampp\htdocs\zendLibrary\Zend\Gdata\YouTube\Extension\Company.php --> ftp.sobrafo.org.br /public_html/zendLibrary/Zend/Gdata/YouTube/Extension Company.php
2011.07.26 22:52 B F:\xampp\htdocs\zendLibrary\Zend\Gdata\YouTube\Extension\Control.php --> ftp.sobrafo.org.br /public_html/zendLibrary/Zend/Gdata/YouTube/Extension Control.php
2011.07.26 22:52 B F:\xampp\htdocs\zendLibrary\Zend\Gdata\YouTube\Extension\CountHint.php --> ftp.sobrafo.org.br /public_html/zendLibrary/Zend/Gdata/YouTube/Extension CountHint.php
2011.07.26 22:52 B F:\xampp\htdocs\zendLibrary\Zend\Gdata\YouTube\Extension\Description.php --> ftp.sobrafo.org.br /public_html/zendLibrary/Zend/Gdata/YouTube/Extension Description.php
2011.07.26 22:52 B F:\xampp\htdocs\zendLibrary\Zend\Gdata\YouTube\Extension\Duration.php --> ftp.sobrafo.org.br /public_html/zendLibrary/Zend/Gdata/YouTube/Extension Duration.php
2011.07.26 22:52 B F:\xampp\htdocs\zendLibrary\Zend\Gdata\YouTube\Extension\FirstName.php --> ftp.sobrafo.org.br /public_html/zendLibrary/Zend/Gdata/YouTube/Extension FirstName.php
2011.07.26 22:52 B F:\xampp\htdocs\zendLibrary\Zend\Gdata\YouTube\Extension\Gender.php --> ftp.sobrafo.org.br /public_html/zendLibrary/Zend/Gdata/YouTube/Extension Gender.php
2011.07.26 22:52 B F:\xampp\htdocs\zendLibrary\Zend\Gdata\YouTube\Extension\Hobbies.php --> ftp.sobrafo.org.br /public_html/zendLibrary/Zend/Gdata/YouTube/Extension Hobbies.php
2011.07.26 22:52 B F:\xampp\htdocs\zendLibrary\Zend\Gdata\YouTube\Extension\Hometown.php --> ftp.sobrafo.org.br /public_html/zendLibrary/Zend/Gdata/YouTube/Extension Hometown.php
2011.07.26 22:52 B F:\xampp\htdocs\zendLibrary\Zend\Gdata\YouTube\Extension\LastName.php --> ftp.sobrafo.org.br /public_html/zendLibrary/Zend/Gdata/YouTube/Extension LastName.php
2011.07.26 22:52 B F:\xampp\htdocs\zendLibrary\Zend\Gdata\YouTube\Extension\Link.php --> ftp.sobrafo.org.br /public_html/zendLibrary/Zend/Gdata/YouTube/Extension Link.php
2011.07.26 22:52 B F:\xampp\htdocs\zendLibrary\Zend\Gdata\YouTube\Extension\Location.php --> ftp.sobrafo.org.br /public_html/zendLibrary/Zend/Gdata/YouTube/Extension Location.php
2011.07.26 22:52 B F:\xampp\htdocs\zendLibrary\Zend\Gdata\YouTube\Extension\MediaContent.php --> ftp.sobrafo.org.br /public_html/zendLibrary/Zend/Gdata/YouTube/Extension MediaContent.php
2011.07.26 22:52 B F:\xampp\htdocs\zendLibrary\Zend\Gdata\YouTube\Extension\MediaCredit.php --> ftp.sobrafo.org.br /public_html/zendLibrary/Zend/Gdata/YouTube/Extension MediaCredit.php
2011.07.26 22:52 B F:\xampp\htdocs\zendLibrary\Zend\Gdata\YouTube\Extension\MediaGroup.php --> ftp.sobrafo.org.br /public_html/zendLibrary/Zend/Gdata/YouTube/Extension MediaGroup.php
2011.07.26 22:52 B F:\xampp\htdocs\zendLibrary\Zend\Gdata\YouTube\Extension\MediaRating.php --> ftp.sobrafo.org.br /public_html/zendLibrary/Zend/Gdata/YouTube/Extension MediaRating.php
2011.07.26 22:52 B F:\xampp\htdocs\zendLibrary\Zend\Gdata\YouTube\Extension\Movies.php --> ftp.sobrafo.org.br /public_html/zendLibrary/Zend/Gdata/YouTube/Extension Movies.php
2011.07.26 22:52 B F:\xampp\htdocs\zendLibrary\Zend\Gdata\YouTube\Extension\Music.php --> ftp.sobrafo.org.br /public_html/zendLibrary/Zend/Gdata/YouTube/Extension Music.php
2011.07.26 22:52 B F:\xampp\htdocs\zendLibrary\Zend\Gdata\YouTube\Extension\NoEmbed.php --> ftp.sobrafo.org.br /public_html/zendLibrary/Zend/Gdata/YouTube/Extension NoEmbed.php
2011.07.26 22:52 B F:\xampp\htdocs\zendLibrary\Zend\Gdata\YouTube\Extension\Occupation.php --> ftp.sobrafo.org.br /public_html/zendLibrary/Zend/Gdata/YouTube/Extension Occupation.php
2011.07.26 22:52 B F:\xampp\htdocs\zendLibrary\Zend\Gdata\YouTube\Extension\PlaylistId.php --> ftp.sobrafo.org.br /public_html/zendLibrary/Zend/Gdata/YouTube/Extension PlaylistId.php
2011.07.26 22:52 B F:\xampp\htdocs\zendLibrary\Zend\Gdata\YouTube\Extension\PlaylistTitle.php --> ftp.sobrafo.org.br /public_html/zendLibrary/Zend/Gdata/YouTube/Extension PlaylistTitle.php
2011.07.26 22:52 B F:\xampp\htdocs\zendLibrary\Zend\Gdata\YouTube\Extension\Position.php --> ftp.sobrafo.org.br /public_html/zendLibrary/Zend/Gdata/YouTube/Extension Position.php
2011.07.26 22:52 B F:\xampp\htdocs\zendLibrary\Zend\Gdata\YouTube\Extension\Private.php --> ftp.sobrafo.org.br /public_html/zendLibrary/Zend/Gdata/YouTube/Extension Private.php
2011.07.26 22:52 B F:\xampp\htdocs\zendLibrary\Zend\Gdata\YouTube\Extension\QueryString.php --> ftp.sobrafo.org.br /public_html/zendLibrary/Zend/Gdata/YouTube/Extension QueryString.php
2011.07.26 22:52 B F:\xampp\htdocs\zendLibrary\Zend\Gdata\YouTube\Extension\Racy.php --> ftp.sobrafo.org.br /public_html/zendLibrary/Zend/Gdata/YouTube/Extension Racy.php
2011.07.26 22:52 B F:\xampp\htdocs\zendLibrary\Zend\Gdata\YouTube\Extension\Recorded.php --> ftp.sobrafo.org.br /public_html/zendLibrary/Zend/Gdata/YouTube/Extension Recorded.php
2011.07.26 22:52 B F:\xampp\htdocs\zendLibrary\Zend\Gdata\YouTube\Extension\Relationship.php --> ftp.sobrafo.org.br /public_html/zendLibrary/Zend/Gdata/YouTube/Extension Relationship.php
2011.07.26 22:52 B F:\xampp\htdocs\zendLibrary\Zend\Gdata\YouTube\Extension\ReleaseDate.php --> ftp.sobrafo.org.br /public_html/zendLibrary/Zend/Gdata/YouTube/Extension ReleaseDate.php
2011.07.26 22:52 B F:\xampp\htdocs\zendLibrary\Zend\Gdata\YouTube\Extension\School.php --> ftp.sobrafo.org.br /public_html/zendLibrary/Zend/Gdata/YouTube/Extension School.php
2011.07.26 22:52 B F:\xampp\htdocs\zendLibrary\Zend\Gdata\YouTube\Extension\State.php --> ftp.sobrafo.org.br /public_html/zendLibrary/Zend/Gdata/YouTube/Extension State.php
2011.07.26 22:52 B F:\xampp\htdocs\zendLibrary\Zend\Gdata\YouTube\Extension\Statistics.php --> ftp.sobrafo.org.br /public_html/zendLibrary/Zend/Gdata/YouTube/Extension Statistics.php
2011.07.26 22:52 B F:\xampp\htdocs\zendLibrary\Zend\Gdata\YouTube\Extension\Status.php --> ftp.sobrafo.org.br /public_html/zendLibrary/Zend/Gdata/YouTube/Extension Status.php
2011.07.26 22:52 B F:\xampp\htdocs\zendLibrary\Zend\Gdata\YouTube\Extension\Token.php --> ftp.sobrafo.org.br /public_html/zendLibrary/Zend/Gdata/YouTube/Extension Token.php
2011.07.26 22:52 B F:\xampp\htdocs\zendLibrary\Zend\Gdata\YouTube\Extension\Uploaded.php --> ftp.sobrafo.org.br /public_html/zendLibrary/Zend/Gdata/YouTube/Extension Uploaded.php
2011.07.26 22:52 B F:\xampp\htdocs\zendLibrary\Zend\Gdata\YouTube\Extension\Username.php --> ftp.sobrafo.org.br /public_html/zendLibrary/Zend/Gdata/YouTube/Extension Username.php
2011.07.26 22:52 B F:\xampp\htdocs\zendLibrary\Zend\Gdata\YouTube\Extension\VideoId.php --> ftp.sobrafo.org.br /public_html/zendLibrary/Zend/Gdata/YouTube/Extension VideoId.php
2011.07.26 22:52 B F:\xampp\htdocs\zendLibrary\Zend\Gdata\YouTube\Extension\WS_FTP.LOG --> ftp.sobrafo.org.br /public_html/zendLibrary/Zend/Gdata/YouTube/Extension WS_FTP.LOG
2011.08.09 17:02 B F:\xampp\htdocs\ZendLibrary\Zend\Gdata\YouTube\Extension\AboutMe.php --> ftp.amfar.com.br /public_html/ZendLibrary/Zend/Gdata/YouTube/Extension AboutMe.php
2011.08.09 17:02 B F:\xampp\htdocs\ZendLibrary\Zend\Gdata\YouTube\Extension\Age.php --> ftp.amfar.com.br /public_html/ZendLibrary/Zend/Gdata/YouTube/Extension Age.php
2011.08.09 17:02 B F:\xampp\htdocs\ZendLibrary\Zend\Gdata\YouTube\Extension\Books.php --> ftp.amfar.com.br /public_html/ZendLibrary/Zend/Gdata/YouTube/Extension Books.php
2011.08.09 17:02 B F:\xampp\htdocs\ZendLibrary\Zend\Gdata\YouTube\Extension\Company.php --> ftp.amfar.com.br /public_html/ZendLibrary/Zend/Gdata/YouTube/Extension Company.php
2011.08.09 17:02 B F:\xampp\htdocs\ZendLibrary\Zend\Gdata\YouTube\Extension\Control.php --> ftp.amfar.com.br /public_html/ZendLibrary/Zend/Gdata/YouTube/Extension Control.php
2011.08.09 17:02 B F:\xampp\htdocs\ZendLibrary\Zend\Gdata\YouTube\Extension\CountHint.php --> ftp.amfar.com.br /public_html/ZendLibrary/Zend/Gdata/YouTube/Extension CountHint.php
2011.08.09 17:02 B F:\xampp\htdocs\ZendLibrary\Zend\Gdata\YouTube\Extension\Description.php --> ftp.amfar.com.br /public_html/ZendLibrary/Zend/Gdata/YouTube/Extension Description.php
2011.08.09 17:02 B F:\xampp\htdocs\ZendLibrary\Zend\Gdata\YouTube\Extension\Duration.php --> ftp.amfar.com.br /public_html/ZendLibrary/Zend/Gdata/YouTube/Extension Duration.php
2011.08.09 17:02 B F:\xampp\htdocs\ZendLibrary\Zend\Gdata\YouTube\Extension\FirstName.php --> ftp.amfar.com.br /public_html/ZendLibrary/Zend/Gdata/YouTube/Extension FirstName.php
2011.08.09 17:02 B F:\xampp\htdocs\ZendLibrary\Zend\Gdata\YouTube\Extension\Gender.php --> ftp.amfar.com.br /public_html/ZendLibrary/Zend/Gdata/YouTube/Extension Gender.php
2011.08.09 17:02 B F:\xampp\htdocs\ZendLibrary\Zend\Gdata\YouTube\Extension\Hobbies.php --> ftp.amfar.com.br /public_html/ZendLibrary/Zend/Gdata/YouTube/Extension Hobbies.php
2011.08.09 17:02 B F:\xampp\htdocs\ZendLibrary\Zend\Gdata\YouTube\Extension\Hometown.php --> ftp.amfar.com.br /public_html/ZendLibrary/Zend/Gdata/YouTube/Extension Hometown.php
2011.08.09 17:02 B F:\xampp\htdocs\ZendLibrary\Zend\Gdata\YouTube\Extension\LastName.php --> ftp.amfar.com.br /public_html/ZendLibrary/Zend/Gdata/YouTube/Extension LastName.php
2011.08.09 17:02 B F:\xampp\htdocs\ZendLibrary\Zend\Gdata\YouTube\Extension\Link.php --> ftp.amfar.com.br /public_html/ZendLibrary/Zend/Gdata/YouTube/Extension Link.php
2011.08.09 17:02 B F:\xampp\htdocs\ZendLibrary\Zend\Gdata\YouTube\Extension\Location.php --> ftp.amfar.com.br /public_html/ZendLibrary/Zend/Gdata/YouTube/Extension Location.php
2011.08.09 17:02 B F:\xampp\htdocs\ZendLibrary\Zend\Gdata\YouTube\Extension\MediaContent.php --> ftp.amfar.com.br /public_html/ZendLibrary/Zend/Gdata/YouTube/Extension MediaContent.php
2011.08.09 17:02 B F:\xampp\htdocs\ZendLibrary\Zend\Gdata\YouTube\Extension\MediaCredit.php --> ftp.amfar.com.br /public_html/ZendLibrary/Zend/Gdata/YouTube/Extension MediaCredit.php
2011.08.09 17:02 B F:\xampp\htdocs\ZendLibrary\Zend\Gdata\YouTube\Extension\MediaGroup.php --> ftp.amfar.com.br /public_html/ZendLibrary/Zend/Gdata/YouTube/Extension MediaGroup.php
2011.08.09 17:02 B F:\xampp\htdocs\ZendLibrary\Zend\Gdata\YouTube\Extension\MediaRating.php --> ftp.amfar.com.br /public_html/ZendLibrary/Zend/Gdata/YouTube/Extension MediaRating.php
2011.08.09 17:02 B F:\xampp\htdocs\ZendLibrary\Zend\Gdata\YouTube\Extension\Movies.php --> ftp.amfar.com.br /public_html/ZendLibrary/Zend/Gdata/YouTube/Extension Movies.php
2011.08.09 17:02 B F:\xampp\htdocs\ZendLibrary\Zend\Gdata\YouTube\Extension\Music.php --> ftp.amfar.com.br /public_html/ZendLibrary/Zend/Gdata/YouTube/Extension Music.php
2011.08.09 17:02 B F:\xampp\htdocs\ZendLibrary\Zend\Gdata\YouTube\Extension\NoEmbed.php --> ftp.amfar.com.br /public_html/ZendLibrary/Zend/Gdata/YouTube/Extension NoEmbed.php
2011.08.09 17:02 B F:\xampp\htdocs\ZendLibrary\Zend\Gdata\YouTube\Extension\Occupation.php --> ftp.amfar.com.br /public_html/ZendLibrary/Zend/Gdata/YouTube/Extension Occupation.php
2011.08.09 17:02 B F:\xampp\htdocs\ZendLibrary\Zend\Gdata\YouTube\Extension\PlaylistId.php --> ftp.amfar.com.br /public_html/ZendLibrary/Zend/Gdata/YouTube/Extension PlaylistId.php
2011.08.09 17:02 B F:\xampp\htdocs\ZendLibrary\Zend\Gdata\YouTube\Extension\PlaylistTitle.php --> ftp.amfar.com.br /public_html/ZendLibrary/Zend/Gdata/YouTube/Extension PlaylistTitle.php
2011.08.09 17:02 B F:\xampp\htdocs\ZendLibrary\Zend\Gdata\YouTube\Extension\Position.php --> ftp.amfar.com.br /public_html/ZendLibrary/Zend/Gdata/YouTube/Extension Position.php
2011.08.09 17:02 B F:\xampp\htdocs\ZendLibrary\Zend\Gdata\YouTube\Extension\Private.php --> ftp.amfar.com.br /public_html/ZendLibrary/Zend/Gdata/YouTube/Extension Private.php
2011.08.09 17:02 B F:\xampp\htdocs\ZendLibrary\Zend\Gdata\YouTube\Extension\QueryString.php --> ftp.amfar.com.br /public_html/ZendLibrary/Zend/Gdata/YouTube/Extension QueryString.php
2011.08.09 17:02 B F:\xampp\htdocs\ZendLibrary\Zend\Gdata\YouTube\Extension\Racy.php --> ftp.amfar.com.br /public_html/ZendLibrary/Zend/Gdata/YouTube/Extension Racy.php
2011.08.09 17:02 B F:\xampp\htdocs\ZendLibrary\Zend\Gdata\YouTube\Extension\Recorded.php --> ftp.amfar.com.br /public_html/ZendLibrary/Zend/Gdata/YouTube/Extension Recorded.php
2011.08.09 17:02 B F:\xampp\htdocs\ZendLibrary\Zend\Gdata\YouTube\Extension\Relationship.php --> ftp.amfar.com.br /public_html/ZendLibrary/Zend/Gdata/YouTube/Extension Relationship.php
2011.08.09 17:02 B F:\xampp\htdocs\ZendLibrary\Zend\Gdata\YouTube\Extension\ReleaseDate.php --> ftp.amfar.com.br /public_html/ZendLibrary/Zend/Gdata/YouTube/Extension ReleaseDate.php
2011.08.09 17:02 B F:\xampp\htdocs\ZendLibrary\Zend\Gdata\YouTube\Extension\School.php --> ftp.amfar.com.br /public_html/ZendLibrary/Zend/Gdata/YouTube/Extension School.php
2011.08.09 17:02 B F:\xampp\htdocs\ZendLibrary\Zend\Gdata\YouTube\Extension\State.php --> ftp.amfar.com.br /public_html/ZendLibrary/Zend/Gdata/YouTube/Extension State.php
2011.08.09 17:02 B F:\xampp\htdocs\ZendLibrary\Zend\Gdata\YouTube\Extension\Statistics.php --> ftp.amfar.com.br /public_html/ZendLibrary/Zend/Gdata/YouTube/Extension Statistics.php
2011.08.09 17:02 B F:\xampp\htdocs\ZendLibrary\Zend\Gdata\YouTube\Extension\Status.php --> ftp.amfar.com.br /public_html/ZendLibrary/Zend/Gdata/YouTube/Extension Status.php
2011.08.09 17:02 B F:\xampp\htdocs\ZendLibrary\Zend\Gdata\YouTube\Extension\Token.php --> ftp.amfar.com.br /public_html/ZendLibrary/Zend/Gdata/YouTube/Extension Token.php
2011.08.09 17:02 B F:\xampp\htdocs\ZendLibrary\Zend\Gdata\YouTube\Extension\Uploaded.php --> ftp.amfar.com.br /public_html/ZendLibrary/Zend/Gdata/YouTube/Extension Uploaded.php
2011.08.09 17:02 B F:\xampp\htdocs\ZendLibrary\Zend\Gdata\YouTube\Extension\Username.php --> ftp.amfar.com.br /public_html/ZendLibrary/Zend/Gdata/YouTube/Extension Username.php
2011.08.09 17:02 B F:\xampp\htdocs\ZendLibrary\Zend\Gdata\YouTube\Extension\VideoId.php --> ftp.amfar.com.br /public_html/ZendLibrary/Zend/Gdata/YouTube/Extension VideoId.php
