2007.05.25 15:28 B Z:\mailing\e-mailing\fckeditor\editor\filemanager\browser\default\browser.css --> ftp.sbrafh.org.br /public_html/e-mailing/fckeditor/editor/filemanager/browser/default browser.css
2007.05.25 15:28 B Z:\mailing\e-mailing\fckeditor\editor\filemanager\browser\default\browser.html --> ftp.sbrafh.org.br /public_html/e-mailing/fckeditor/editor/filemanager/browser/default browser.html
2007.05.25 15:28 B Z:\mailing\e-mailing\fckeditor\editor\filemanager\browser\default\frmactualfolder.html --> ftp.sbrafh.org.br /public_html/e-mailing/fckeditor/editor/filemanager/browser/default frmactualfolder.html
2007.05.25 15:28 B Z:\mailing\e-mailing\fckeditor\editor\filemanager\browser\default\frmcreatefolder.html --> ftp.sbrafh.org.br /public_html/e-mailing/fckeditor/editor/filemanager/browser/default frmcreatefolder.html
2007.05.25 15:28 B Z:\mailing\e-mailing\fckeditor\editor\filemanager\browser\default\frmfolders.html --> ftp.sbrafh.org.br /public_html/e-mailing/fckeditor/editor/filemanager/browser/default frmfolders.html
2007.05.25 15:28 B Z:\mailing\e-mailing\fckeditor\editor\filemanager\browser\default\frmresourceslist.html --> ftp.sbrafh.org.br /public_html/e-mailing/fckeditor/editor/filemanager/browser/default frmresourceslist.html
2007.05.25 15:28 B Z:\mailing\e-mailing\fckeditor\editor\filemanager\browser\default\frmresourcetype.html --> ftp.sbrafh.org.br /public_html/e-mailing/fckeditor/editor/filemanager/browser/default frmresourcetype.html
2007.05.25 15:28 B Z:\mailing\e-mailing\fckeditor\editor\filemanager\browser\default\frmupload.html --> ftp.sbrafh.org.br /public_html/e-mailing/fckeditor/editor/filemanager/browser/default frmupload.html
2007.05.28 17:39 B Z:\mailing\e-mailing\fckeditor\editor\filemanager\browser\default\browser.css <-- sbrafh /public_html/e-mailing/fckeditor/editor/filemanager/browser/default browser.css
2007.05.28 17:39 B Z:\mailing\e-mailing\fckeditor\editor\filemanager\browser\default\browser.html <-- sbrafh /public_html/e-mailing/fckeditor/editor/filemanager/browser/default browser.html
2007.05.28 17:39 B Z:\mailing\e-mailing\fckeditor\editor\filemanager\browser\default\frmactualfolder.html <-- sbrafh /public_html/e-mailing/fckeditor/editor/filemanager/browser/default frmactualfolder.html
2007.05.28 17:39 B Z:\mailing\e-mailing\fckeditor\editor\filemanager\browser\default\frmcreatefolder.html <-- sbrafh /public_html/e-mailing/fckeditor/editor/filemanager/browser/default frmcreatefolder.html
2007.05.28 17:39 B Z:\mailing\e-mailing\fckeditor\editor\filemanager\browser\default\frmfolders.html <-- sbrafh /public_html/e-mailing/fckeditor/editor/filemanager/browser/default frmfolders.html
2007.05.28 17:39 B Z:\mailing\e-mailing\fckeditor\editor\filemanager\browser\default\frmresourceslist.html <-- sbrafh /public_html/e-mailing/fckeditor/editor/filemanager/browser/default frmresourceslist.html
2007.05.28 17:39 B Z:\mailing\e-mailing\fckeditor\editor\filemanager\browser\default\frmresourcetype.html <-- sbrafh /public_html/e-mailing/fckeditor/editor/filemanager/browser/default frmresourcetype.html
2007.05.28 17:39 B Z:\mailing\e-mailing\fckeditor\editor\filemanager\browser\default\frmupload.html <-- sbrafh /public_html/e-mailing/fckeditor/editor/filemanager/browser/default frmupload.html
2007.08.06 19:14 B Z:\amfar\admin\e-mailing\fckeditor\editor\filemanager\browser\default\browser.css --> ftp635.locaweb.com.br /public_html/admin/e-mailing/fckeditor/editor/filemanager/browser/default browser.css
2007.08.06 19:14 B Z:\amfar\admin\e-mailing\fckeditor\editor\filemanager\browser\default\browser.html --> ftp635.locaweb.com.br /public_html/admin/e-mailing/fckeditor/editor/filemanager/browser/default browser.html
2007.08.06 19:14 B Z:\amfar\admin\e-mailing\fckeditor\editor\filemanager\browser\default\frmactualfolder.html --> ftp635.locaweb.com.br /public_html/admin/e-mailing/fckeditor/editor/filemanager/browser/default frmactualfolder.html
2007.08.06 19:14 B Z:\amfar\admin\e-mailing\fckeditor\editor\filemanager\browser\default\frmcreatefolder.html --> ftp635.locaweb.com.br /public_html/admin/e-mailing/fckeditor/editor/filemanager/browser/default frmcreatefolder.html
2007.08.06 19:14 B Z:\amfar\admin\e-mailing\fckeditor\editor\filemanager\browser\default\frmfolders.html --> ftp635.locaweb.com.br /public_html/admin/e-mailing/fckeditor/editor/filemanager/browser/default frmfolders.html
2007.08.06 19:14 B Z:\amfar\admin\e-mailing\fckeditor\editor\filemanager\browser\default\frmresourceslist.html --> ftp635.locaweb.com.br /public_html/admin/e-mailing/fckeditor/editor/filemanager/browser/default frmresourceslist.html
2007.08.06 19:14 B Z:\amfar\admin\e-mailing\fckeditor\editor\filemanager\browser\default\frmresourcetype.html --> ftp635.locaweb.com.br /public_html/admin/e-mailing/fckeditor/editor/filemanager/browser/default frmresourcetype.html
2007.08.06 19:14 B Z:\amfar\admin\e-mailing\fckeditor\editor\filemanager\browser\default\frmupload.html --> ftp635.locaweb.com.br /public_html/admin/e-mailing/fckeditor/editor/filemanager/browser/default frmupload.html
