2011.06.20 18:38 B F:\xampp\htdocs\zf-tutorial\library\Zend\Gdata\Spreadsheets\CellEntry.php --> ftp.portalridgid.com.br /public_html/zf-tutorial/library/Zend/Gdata/Spreadsheets CellEntry.php
2011.06.20 18:38 B F:\xampp\htdocs\zf-tutorial\library\Zend\Gdata\Spreadsheets\CellFeed.php --> ftp.portalridgid.com.br /public_html/zf-tutorial/library/Zend/Gdata/Spreadsheets CellFeed.php
2011.06.20 18:38 B F:\xampp\htdocs\zf-tutorial\library\Zend\Gdata\Spreadsheets\CellQuery.php --> ftp.portalridgid.com.br /public_html/zf-tutorial/library/Zend/Gdata/Spreadsheets CellQuery.php
2011.06.20 18:38 B F:\xampp\htdocs\zf-tutorial\library\Zend\Gdata\Spreadsheets\DocumentQuery.php --> ftp.portalridgid.com.br /public_html/zf-tutorial/library/Zend/Gdata/Spreadsheets DocumentQuery.php
2011.06.20 18:38 B F:\xampp\htdocs\zf-tutorial\library\Zend\Gdata\Spreadsheets\ListEntry.php --> ftp.portalridgid.com.br /public_html/zf-tutorial/library/Zend/Gdata/Spreadsheets ListEntry.php
2011.06.20 18:38 B F:\xampp\htdocs\zf-tutorial\library\Zend\Gdata\Spreadsheets\ListFeed.php --> ftp.portalridgid.com.br /public_html/zf-tutorial/library/Zend/Gdata/Spreadsheets ListFeed.php
2011.06.20 18:38 B F:\xampp\htdocs\zf-tutorial\library\Zend\Gdata\Spreadsheets\ListQuery.php --> ftp.portalridgid.com.br /public_html/zf-tutorial/library/Zend/Gdata/Spreadsheets ListQuery.php
2011.06.20 18:38 B F:\xampp\htdocs\zf-tutorial\library\Zend\Gdata\Spreadsheets\SpreadsheetEntry.php --> ftp.portalridgid.com.br /public_html/zf-tutorial/library/Zend/Gdata/Spreadsheets SpreadsheetEntry.php
2011.06.20 18:38 B F:\xampp\htdocs\zf-tutorial\library\Zend\Gdata\Spreadsheets\SpreadsheetFeed.php --> ftp.portalridgid.com.br /public_html/zf-tutorial/library/Zend/Gdata/Spreadsheets SpreadsheetFeed.php
2011.06.20 18:38 B F:\xampp\htdocs\zf-tutorial\library\Zend\Gdata\Spreadsheets\WorksheetEntry.php --> ftp.portalridgid.com.br /public_html/zf-tutorial/library/Zend/Gdata/Spreadsheets WorksheetEntry.php
2011.06.20 18:38 B F:\xampp\htdocs\zf-tutorial\library\Zend\Gdata\Spreadsheets\WorksheetFeed.php --> ftp.portalridgid.com.br /public_html/zf-tutorial/library/Zend/Gdata/Spreadsheets WorksheetFeed.php
2011.06.30 03:34 B F:\xampp\htdocs\zendLibrary\Zend\Gdata\Spreadsheets\WS_FTP.LOG --> ftp.sbrafh.org.br /sbrafh/Web/zendLibrary/Zend/Gdata/Spreadsheets WS_FTP.LOG
2011.06.30 03:34 B F:\xampp\htdocs\zendLibrary\Zend\Gdata\Spreadsheets\ListQuery.php --> ftp.sbrafh.org.br /sbrafh/Web/zendLibrary/Zend/Gdata/Spreadsheets ListQuery.php
2011.06.30 03:34 B F:\xampp\htdocs\zendLibrary\Zend\Gdata\Spreadsheets\DocumentQuery.php --> ftp.sbrafh.org.br /sbrafh/Web/zendLibrary/Zend/Gdata/Spreadsheets DocumentQuery.php
2011.06.30 03:34 B F:\xampp\htdocs\zendLibrary\Zend\Gdata\Spreadsheets\CellQuery.php --> ftp.sbrafh.org.br /sbrafh/Web/zendLibrary/Zend/Gdata/Spreadsheets CellQuery.php
2011.06.30 03:34 B F:\xampp\htdocs\zendLibrary\Zend\Gdata\Spreadsheets\WorksheetFeed.php --> ftp.sbrafh.org.br /sbrafh/Web/zendLibrary/Zend/Gdata/Spreadsheets WorksheetFeed.php
2011.06.30 03:34 B F:\xampp\htdocs\zendLibrary\Zend\Gdata\Spreadsheets\WorksheetEntry.php --> ftp.sbrafh.org.br /sbrafh/Web/zendLibrary/Zend/Gdata/Spreadsheets WorksheetEntry.php
2011.06.30 03:34 B F:\xampp\htdocs\zendLibrary\Zend\Gdata\Spreadsheets\SpreadsheetFeed.php --> ftp.sbrafh.org.br /sbrafh/Web/zendLibrary/Zend/Gdata/Spreadsheets SpreadsheetFeed.php
2011.06.30 03:34 B F:\xampp\htdocs\zendLibrary\Zend\Gdata\Spreadsheets\SpreadsheetEntry.php --> ftp.sbrafh.org.br /sbrafh/Web/zendLibrary/Zend/Gdata/Spreadsheets SpreadsheetEntry.php
2011.06.30 03:34 B F:\xampp\htdocs\zendLibrary\Zend\Gdata\Spreadsheets\ListFeed.php --> ftp.sbrafh.org.br /sbrafh/Web/zendLibrary/Zend/Gdata/Spreadsheets ListFeed.php
2011.06.30 03:34 B F:\xampp\htdocs\zendLibrary\Zend\Gdata\Spreadsheets\ListEntry.php --> ftp.sbrafh.org.br /sbrafh/Web/zendLibrary/Zend/Gdata/Spreadsheets ListEntry.php
2011.06.30 03:34 B F:\xampp\htdocs\zendLibrary\Zend\Gdata\Spreadsheets\CellFeed.php --> ftp.sbrafh.org.br /sbrafh/Web/zendLibrary/Zend/Gdata/Spreadsheets CellFeed.php
2011.06.30 03:34 B F:\xampp\htdocs\zendLibrary\Zend\Gdata\Spreadsheets\CellEntry.php --> ftp.sbrafh.org.br /sbrafh/Web/zendLibrary/Zend/Gdata/Spreadsheets CellEntry.php
2011.07.08 23:51 B F:\xampp\htdocs\zendLibrary\Zend\Gdata\Spreadsheets\CellEntry.php --> ftp.radiofone.com.br /public_html/radiofone/zendLibrary/Zend/Gdata/Spreadsheets CellEntry.php
2011.07.08 23:51 B F:\xampp\htdocs\zendLibrary\Zend\Gdata\Spreadsheets\CellFeed.php --> ftp.radiofone.com.br /public_html/radiofone/zendLibrary/Zend/Gdata/Spreadsheets CellFeed.php
2011.07.08 23:51 B F:\xampp\htdocs\zendLibrary\Zend\Gdata\Spreadsheets\CellQuery.php --> ftp.radiofone.com.br /public_html/radiofone/zendLibrary/Zend/Gdata/Spreadsheets CellQuery.php
2011.07.08 23:51 B F:\xampp\htdocs\zendLibrary\Zend\Gdata\Spreadsheets\DocumentQuery.php --> ftp.radiofone.com.br /public_html/radiofone/zendLibrary/Zend/Gdata/Spreadsheets DocumentQuery.php
2011.07.08 23:51 B F:\xampp\htdocs\zendLibrary\Zend\Gdata\Spreadsheets\ListEntry.php --> ftp.radiofone.com.br /public_html/radiofone/zendLibrary/Zend/Gdata/Spreadsheets ListEntry.php
2011.07.08 23:51 B F:\xampp\htdocs\zendLibrary\Zend\Gdata\Spreadsheets\ListFeed.php --> ftp.radiofone.com.br /public_html/radiofone/zendLibrary/Zend/Gdata/Spreadsheets ListFeed.php
2011.07.08 23:51 B F:\xampp\htdocs\zendLibrary\Zend\Gdata\Spreadsheets\ListQuery.php --> ftp.radiofone.com.br /public_html/radiofone/zendLibrary/Zend/Gdata/Spreadsheets ListQuery.php
2011.07.08 23:51 B F:\xampp\htdocs\zendLibrary\Zend\Gdata\Spreadsheets\SpreadsheetEntry.php --> ftp.radiofone.com.br /public_html/radiofone/zendLibrary/Zend/Gdata/Spreadsheets SpreadsheetEntry.php
2011.07.08 23:51 B F:\xampp\htdocs\zendLibrary\Zend\Gdata\Spreadsheets\SpreadsheetFeed.php --> ftp.radiofone.com.br /public_html/radiofone/zendLibrary/Zend/Gdata/Spreadsheets SpreadsheetFeed.php
2011.07.08 23:51 B F:\xampp\htdocs\zendLibrary\Zend\Gdata\Spreadsheets\WorksheetEntry.php --> ftp.radiofone.com.br /public_html/radiofone/zendLibrary/Zend/Gdata/Spreadsheets WorksheetEntry.php
2011.07.08 23:51 B F:\xampp\htdocs\zendLibrary\Zend\Gdata\Spreadsheets\WorksheetFeed.php --> ftp.radiofone.com.br /public_html/radiofone/zendLibrary/Zend/Gdata/Spreadsheets WorksheetFeed.php
2011.07.08 23:51 B F:\xampp\htdocs\zendLibrary\Zend\Gdata\Spreadsheets\WS_FTP.LOG --> ftp.radiofone.com.br /public_html/radiofone/zendLibrary/Zend/Gdata/Spreadsheets WS_FTP.LOG
2011.07.26 22:52 B F:\xampp\htdocs\zendLibrary\Zend\Gdata\Spreadsheets\CellEntry.php --> ftp.sobrafo.org.br /public_html/zendLibrary/Zend/Gdata/Spreadsheets CellEntry.php
2011.07.26 22:52 B F:\xampp\htdocs\zendLibrary\Zend\Gdata\Spreadsheets\CellFeed.php --> ftp.sobrafo.org.br /public_html/zendLibrary/Zend/Gdata/Spreadsheets CellFeed.php
2011.07.26 22:52 B F:\xampp\htdocs\zendLibrary\Zend\Gdata\Spreadsheets\CellQuery.php --> ftp.sobrafo.org.br /public_html/zendLibrary/Zend/Gdata/Spreadsheets CellQuery.php
2011.07.26 22:52 B F:\xampp\htdocs\zendLibrary\Zend\Gdata\Spreadsheets\DocumentQuery.php --> ftp.sobrafo.org.br /public_html/zendLibrary/Zend/Gdata/Spreadsheets DocumentQuery.php
2011.07.26 22:52 B F:\xampp\htdocs\zendLibrary\Zend\Gdata\Spreadsheets\ListEntry.php --> ftp.sobrafo.org.br /public_html/zendLibrary/Zend/Gdata/Spreadsheets ListEntry.php
2011.07.26 22:52 B F:\xampp\htdocs\zendLibrary\Zend\Gdata\Spreadsheets\ListFeed.php --> ftp.sobrafo.org.br /public_html/zendLibrary/Zend/Gdata/Spreadsheets ListFeed.php
2011.07.26 22:52 B F:\xampp\htdocs\zendLibrary\Zend\Gdata\Spreadsheets\ListQuery.php --> ftp.sobrafo.org.br /public_html/zendLibrary/Zend/Gdata/Spreadsheets ListQuery.php
2011.07.26 22:52 B F:\xampp\htdocs\zendLibrary\Zend\Gdata\Spreadsheets\SpreadsheetEntry.php --> ftp.sobrafo.org.br /public_html/zendLibrary/Zend/Gdata/Spreadsheets SpreadsheetEntry.php
2011.07.26 22:52 B F:\xampp\htdocs\zendLibrary\Zend\Gdata\Spreadsheets\SpreadsheetFeed.php --> ftp.sobrafo.org.br /public_html/zendLibrary/Zend/Gdata/Spreadsheets SpreadsheetFeed.php
2011.07.26 22:52 B F:\xampp\htdocs\zendLibrary\Zend\Gdata\Spreadsheets\WorksheetEntry.php --> ftp.sobrafo.org.br /public_html/zendLibrary/Zend/Gdata/Spreadsheets WorksheetEntry.php
2011.07.26 22:52 B F:\xampp\htdocs\zendLibrary\Zend\Gdata\Spreadsheets\WorksheetFeed.php --> ftp.sobrafo.org.br /public_html/zendLibrary/Zend/Gdata/Spreadsheets WorksheetFeed.php
2011.07.26 22:52 B F:\xampp\htdocs\zendLibrary\Zend\Gdata\Spreadsheets\WS_FTP.LOG --> ftp.sobrafo.org.br /public_html/zendLibrary/Zend/Gdata/Spreadsheets WS_FTP.LOG
2011.08.09 17:02 B F:\xampp\htdocs\ZendLibrary\Zend\Gdata\Spreadsheets\CellEntry.php --> ftp.amfar.com.br /public_html/ZendLibrary/Zend/Gdata/Spreadsheets CellEntry.php
2011.08.09 17:02 B F:\xampp\htdocs\ZendLibrary\Zend\Gdata\Spreadsheets\CellFeed.php --> ftp.amfar.com.br /public_html/ZendLibrary/Zend/Gdata/Spreadsheets CellFeed.php
2011.08.09 17:02 B F:\xampp\htdocs\ZendLibrary\Zend\Gdata\Spreadsheets\CellQuery.php --> ftp.amfar.com.br /public_html/ZendLibrary/Zend/Gdata/Spreadsheets CellQuery.php
2011.08.09 17:02 B F:\xampp\htdocs\ZendLibrary\Zend\Gdata\Spreadsheets\DocumentQuery.php --> ftp.amfar.com.br /public_html/ZendLibrary/Zend/Gdata/Spreadsheets DocumentQuery.php
2011.08.09 17:02 B F:\xampp\htdocs\ZendLibrary\Zend\Gdata\Spreadsheets\ListEntry.php --> ftp.amfar.com.br /public_html/ZendLibrary/Zend/Gdata/Spreadsheets ListEntry.php
2011.08.09 17:02 B F:\xampp\htdocs\ZendLibrary\Zend\Gdata\Spreadsheets\ListFeed.php --> ftp.amfar.com.br /public_html/ZendLibrary/Zend/Gdata/Spreadsheets ListFeed.php
2011.08.09 17:02 B F:\xampp\htdocs\ZendLibrary\Zend\Gdata\Spreadsheets\ListQuery.php --> ftp.amfar.com.br /public_html/ZendLibrary/Zend/Gdata/Spreadsheets ListQuery.php
2011.08.09 17:02 B F:\xampp\htdocs\ZendLibrary\Zend\Gdata\Spreadsheets\SpreadsheetEntry.php --> ftp.amfar.com.br /public_html/ZendLibrary/Zend/Gdata/Spreadsheets SpreadsheetEntry.php
2011.08.09 17:02 B F:\xampp\htdocs\ZendLibrary\Zend\Gdata\Spreadsheets\SpreadsheetFeed.php --> ftp.amfar.com.br /public_html/ZendLibrary/Zend/Gdata/Spreadsheets SpreadsheetFeed.php
2011.08.09 17:02 B F:\xampp\htdocs\ZendLibrary\Zend\Gdata\Spreadsheets\WorksheetEntry.php --> ftp.amfar.com.br /public_html/ZendLibrary/Zend/Gdata/Spreadsheets WorksheetEntry.php
2011.08.09 17:02 B F:\xampp\htdocs\ZendLibrary\Zend\Gdata\Spreadsheets\WorksheetFeed.php --> ftp.amfar.com.br /public_html/ZendLibrary/Zend/Gdata/Spreadsheets WorksheetFeed.php
