2011.06.20 18:54 B F:\xampp\htdocs\zf-tutorial\library\Zend\Service\Technorati\Author.php --> ftp.portalridgid.com.br /public_html/zf-tutorial/library/Zend/Service/Technorati Author.php
2011.06.20 18:54 B F:\xampp\htdocs\zf-tutorial\library\Zend\Service\Technorati\BlogInfoResult.php --> ftp.portalridgid.com.br /public_html/zf-tutorial/library/Zend/Service/Technorati BlogInfoResult.php
2011.06.20 18:54 B F:\xampp\htdocs\zf-tutorial\library\Zend\Service\Technorati\CosmosResult.php --> ftp.portalridgid.com.br /public_html/zf-tutorial/library/Zend/Service/Technorati CosmosResult.php
2011.06.20 18:54 B F:\xampp\htdocs\zf-tutorial\library\Zend\Service\Technorati\CosmosResultSet.php --> ftp.portalridgid.com.br /public_html/zf-tutorial/library/Zend/Service/Technorati CosmosResultSet.php
2011.06.20 18:54 B F:\xampp\htdocs\zf-tutorial\library\Zend\Service\Technorati\DailyCountsResult.php --> ftp.portalridgid.com.br /public_html/zf-tutorial/library/Zend/Service/Technorati DailyCountsResult.php
2011.06.20 18:54 B F:\xampp\htdocs\zf-tutorial\library\Zend\Service\Technorati\DailyCountsResultSet.php --> ftp.portalridgid.com.br /public_html/zf-tutorial/library/Zend/Service/Technorati DailyCountsResultSet.php
2011.06.20 18:54 B F:\xampp\htdocs\zf-tutorial\library\Zend\Service\Technorati\Exception.php --> ftp.portalridgid.com.br /public_html/zf-tutorial/library/Zend/Service/Technorati Exception.php
2011.06.20 18:54 B F:\xampp\htdocs\zf-tutorial\library\Zend\Service\Technorati\GetInfoResult.php --> ftp.portalridgid.com.br /public_html/zf-tutorial/library/Zend/Service/Technorati GetInfoResult.php
2011.06.20 18:54 B F:\xampp\htdocs\zf-tutorial\library\Zend\Service\Technorati\KeyInfoResult.php --> ftp.portalridgid.com.br /public_html/zf-tutorial/library/Zend/Service/Technorati KeyInfoResult.php
2011.06.20 18:54 B F:\xampp\htdocs\zf-tutorial\library\Zend\Service\Technorati\Result.php --> ftp.portalridgid.com.br /public_html/zf-tutorial/library/Zend/Service/Technorati Result.php
2011.06.20 18:54 B F:\xampp\htdocs\zf-tutorial\library\Zend\Service\Technorati\ResultSet.php --> ftp.portalridgid.com.br /public_html/zf-tutorial/library/Zend/Service/Technorati ResultSet.php
2011.06.20 18:54 B F:\xampp\htdocs\zf-tutorial\library\Zend\Service\Technorati\SearchResult.php --> ftp.portalridgid.com.br /public_html/zf-tutorial/library/Zend/Service/Technorati SearchResult.php
2011.06.20 18:54 B F:\xampp\htdocs\zf-tutorial\library\Zend\Service\Technorati\SearchResultSet.php --> ftp.portalridgid.com.br /public_html/zf-tutorial/library/Zend/Service/Technorati SearchResultSet.php
2011.06.20 18:54 B F:\xampp\htdocs\zf-tutorial\library\Zend\Service\Technorati\TagResult.php --> ftp.portalridgid.com.br /public_html/zf-tutorial/library/Zend/Service/Technorati TagResult.php
2011.06.20 18:54 B F:\xampp\htdocs\zf-tutorial\library\Zend\Service\Technorati\TagResultSet.php --> ftp.portalridgid.com.br /public_html/zf-tutorial/library/Zend/Service/Technorati TagResultSet.php
2011.06.20 18:54 B F:\xampp\htdocs\zf-tutorial\library\Zend\Service\Technorati\TagsResult.php --> ftp.portalridgid.com.br /public_html/zf-tutorial/library/Zend/Service/Technorati TagsResult.php
2011.06.20 18:54 B F:\xampp\htdocs\zf-tutorial\library\Zend\Service\Technorati\TagsResultSet.php --> ftp.portalridgid.com.br /public_html/zf-tutorial/library/Zend/Service/Technorati TagsResultSet.php
2011.06.20 18:54 B F:\xampp\htdocs\zf-tutorial\library\Zend\Service\Technorati\Utils.php --> ftp.portalridgid.com.br /public_html/zf-tutorial/library/Zend/Service/Technorati Utils.php
2011.06.20 18:54 B F:\xampp\htdocs\zf-tutorial\library\Zend\Service\Technorati\Weblog.php --> ftp.portalridgid.com.br /public_html/zf-tutorial/library/Zend/Service/Technorati Weblog.php
2011.06.30 03:12 B F:\xampp\htdocs\zendLibrary\Zend\Service\Technorati\WS_FTP.LOG --> ftp.sbrafh.org.br /sbrafh/Web/zendLibrary/Zend/Service/Technorati WS_FTP.LOG
2011.06.30 03:12 B F:\xampp\htdocs\zendLibrary\Zend\Service\Technorati\Weblog.php --> ftp.sbrafh.org.br /sbrafh/Web/zendLibrary/Zend/Service/Technorati Weblog.php
2011.06.30 03:12 B F:\xampp\htdocs\zendLibrary\Zend\Service\Technorati\Utils.php --> ftp.sbrafh.org.br /sbrafh/Web/zendLibrary/Zend/Service/Technorati Utils.php
2011.06.30 03:12 B F:\xampp\htdocs\zendLibrary\Zend\Service\Technorati\TagsResultSet.php --> ftp.sbrafh.org.br /sbrafh/Web/zendLibrary/Zend/Service/Technorati TagsResultSet.php
2011.06.30 03:12 B F:\xampp\htdocs\zendLibrary\Zend\Service\Technorati\TagsResult.php --> ftp.sbrafh.org.br /sbrafh/Web/zendLibrary/Zend/Service/Technorati TagsResult.php
2011.06.30 03:12 B F:\xampp\htdocs\zendLibrary\Zend\Service\Technorati\TagResultSet.php --> ftp.sbrafh.org.br /sbrafh/Web/zendLibrary/Zend/Service/Technorati TagResultSet.php
2011.06.30 03:12 B F:\xampp\htdocs\zendLibrary\Zend\Service\Technorati\TagResult.php --> ftp.sbrafh.org.br /sbrafh/Web/zendLibrary/Zend/Service/Technorati TagResult.php
2011.06.30 03:12 B F:\xampp\htdocs\zendLibrary\Zend\Service\Technorati\SearchResultSet.php --> ftp.sbrafh.org.br /sbrafh/Web/zendLibrary/Zend/Service/Technorati SearchResultSet.php
2011.06.30 03:12 B F:\xampp\htdocs\zendLibrary\Zend\Service\Technorati\SearchResult.php --> ftp.sbrafh.org.br /sbrafh/Web/zendLibrary/Zend/Service/Technorati SearchResult.php
2011.06.30 03:12 B F:\xampp\htdocs\zendLibrary\Zend\Service\Technorati\ResultSet.php --> ftp.sbrafh.org.br /sbrafh/Web/zendLibrary/Zend/Service/Technorati ResultSet.php
2011.06.30 03:12 B F:\xampp\htdocs\zendLibrary\Zend\Service\Technorati\Result.php --> ftp.sbrafh.org.br /sbrafh/Web/zendLibrary/Zend/Service/Technorati Result.php
2011.06.30 03:12 B F:\xampp\htdocs\zendLibrary\Zend\Service\Technorati\KeyInfoResult.php --> ftp.sbrafh.org.br /sbrafh/Web/zendLibrary/Zend/Service/Technorati KeyInfoResult.php
2011.06.30 03:12 B F:\xampp\htdocs\zendLibrary\Zend\Service\Technorati\GetInfoResult.php --> ftp.sbrafh.org.br /sbrafh/Web/zendLibrary/Zend/Service/Technorati GetInfoResult.php
2011.06.30 03:12 B F:\xampp\htdocs\zendLibrary\Zend\Service\Technorati\Exception.php --> ftp.sbrafh.org.br /sbrafh/Web/zendLibrary/Zend/Service/Technorati Exception.php
2011.06.30 03:12 B F:\xampp\htdocs\zendLibrary\Zend\Service\Technorati\DailyCountsResultSet.php --> ftp.sbrafh.org.br /sbrafh/Web/zendLibrary/Zend/Service/Technorati DailyCountsResultSet.php
2011.06.30 03:12 B F:\xampp\htdocs\zendLibrary\Zend\Service\Technorati\DailyCountsResult.php --> ftp.sbrafh.org.br /sbrafh/Web/zendLibrary/Zend/Service/Technorati DailyCountsResult.php
2011.06.30 03:12 B F:\xampp\htdocs\zendLibrary\Zend\Service\Technorati\CosmosResultSet.php --> ftp.sbrafh.org.br /sbrafh/Web/zendLibrary/Zend/Service/Technorati CosmosResultSet.php
2011.06.30 03:12 B F:\xampp\htdocs\zendLibrary\Zend\Service\Technorati\CosmosResult.php --> ftp.sbrafh.org.br /sbrafh/Web/zendLibrary/Zend/Service/Technorati CosmosResult.php
2011.06.30 03:12 B F:\xampp\htdocs\zendLibrary\Zend\Service\Technorati\BlogInfoResult.php --> ftp.sbrafh.org.br /sbrafh/Web/zendLibrary/Zend/Service/Technorati BlogInfoResult.php
2011.06.30 03:12 B F:\xampp\htdocs\zendLibrary\Zend\Service\Technorati\Author.php --> ftp.sbrafh.org.br /sbrafh/Web/zendLibrary/Zend/Service/Technorati Author.php
2011.07.09 00:21 B F:\xampp\htdocs\zendLibrary\Zend\Service\Technorati\Author.php --> ftp.radiofone.com.br /public_html/radiofone/zendLibrary/Zend/Service/Technorati Author.php
2011.07.09 00:21 B F:\xampp\htdocs\zendLibrary\Zend\Service\Technorati\BlogInfoResult.php --> ftp.radiofone.com.br /public_html/radiofone/zendLibrary/Zend/Service/Technorati BlogInfoResult.php
2011.07.09 00:21 B F:\xampp\htdocs\zendLibrary\Zend\Service\Technorati\CosmosResult.php --> ftp.radiofone.com.br /public_html/radiofone/zendLibrary/Zend/Service/Technorati CosmosResult.php
2011.07.09 00:21 B F:\xampp\htdocs\zendLibrary\Zend\Service\Technorati\CosmosResultSet.php --> ftp.radiofone.com.br /public_html/radiofone/zendLibrary/Zend/Service/Technorati CosmosResultSet.php
2011.07.09 00:21 B F:\xampp\htdocs\zendLibrary\Zend\Service\Technorati\DailyCountsResult.php --> ftp.radiofone.com.br /public_html/radiofone/zendLibrary/Zend/Service/Technorati DailyCountsResult.php
2011.07.09 00:21 B F:\xampp\htdocs\zendLibrary\Zend\Service\Technorati\DailyCountsResultSet.php --> ftp.radiofone.com.br /public_html/radiofone/zendLibrary/Zend/Service/Technorati DailyCountsResultSet.php
2011.07.09 00:21 B F:\xampp\htdocs\zendLibrary\Zend\Service\Technorati\Exception.php --> ftp.radiofone.com.br /public_html/radiofone/zendLibrary/Zend/Service/Technorati Exception.php
2011.07.09 00:21 B F:\xampp\htdocs\zendLibrary\Zend\Service\Technorati\GetInfoResult.php --> ftp.radiofone.com.br /public_html/radiofone/zendLibrary/Zend/Service/Technorati GetInfoResult.php
2011.07.09 00:21 B F:\xampp\htdocs\zendLibrary\Zend\Service\Technorati\KeyInfoResult.php --> ftp.radiofone.com.br /public_html/radiofone/zendLibrary/Zend/Service/Technorati KeyInfoResult.php
2011.07.09 00:21 B F:\xampp\htdocs\zendLibrary\Zend\Service\Technorati\Result.php --> ftp.radiofone.com.br /public_html/radiofone/zendLibrary/Zend/Service/Technorati Result.php
2011.07.09 00:21 B F:\xampp\htdocs\zendLibrary\Zend\Service\Technorati\ResultSet.php --> ftp.radiofone.com.br /public_html/radiofone/zendLibrary/Zend/Service/Technorati ResultSet.php
2011.07.09 00:21 B F:\xampp\htdocs\zendLibrary\Zend\Service\Technorati\SearchResult.php --> ftp.radiofone.com.br /public_html/radiofone/zendLibrary/Zend/Service/Technorati SearchResult.php
2011.07.09 00:21 B F:\xampp\htdocs\zendLibrary\Zend\Service\Technorati\SearchResultSet.php --> ftp.radiofone.com.br /public_html/radiofone/zendLibrary/Zend/Service/Technorati SearchResultSet.php
2011.07.09 00:21 B F:\xampp\htdocs\zendLibrary\Zend\Service\Technorati\TagResult.php --> ftp.radiofone.com.br /public_html/radiofone/zendLibrary/Zend/Service/Technorati TagResult.php
2011.07.09 00:21 B F:\xampp\htdocs\zendLibrary\Zend\Service\Technorati\TagResultSet.php --> ftp.radiofone.com.br /public_html/radiofone/zendLibrary/Zend/Service/Technorati TagResultSet.php
2011.07.09 00:21 B F:\xampp\htdocs\zendLibrary\Zend\Service\Technorati\TagsResult.php --> ftp.radiofone.com.br /public_html/radiofone/zendLibrary/Zend/Service/Technorati TagsResult.php
2011.07.09 00:21 B F:\xampp\htdocs\zendLibrary\Zend\Service\Technorati\TagsResultSet.php --> ftp.radiofone.com.br /public_html/radiofone/zendLibrary/Zend/Service/Technorati TagsResultSet.php
2011.07.09 00:21 B F:\xampp\htdocs\zendLibrary\Zend\Service\Technorati\Utils.php --> ftp.radiofone.com.br /public_html/radiofone/zendLibrary/Zend/Service/Technorati Utils.php
2011.07.09 00:21 B F:\xampp\htdocs\zendLibrary\Zend\Service\Technorati\Weblog.php --> ftp.radiofone.com.br /public_html/radiofone/zendLibrary/Zend/Service/Technorati Weblog.php
2011.07.09 00:21 B F:\xampp\htdocs\zendLibrary\Zend\Service\Technorati\WS_FTP.LOG --> ftp.radiofone.com.br /public_html/radiofone/zendLibrary/Zend/Service/Technorati WS_FTP.LOG
2011.07.09 00:52 B F:\xampp\htdocs\zendLibrary\Zend\Service\Technorati\WS_FTP.LOG --> ftp.radiofone.com.br /public_html/radiofone/zendLibrary/Zend/Service/Technorati WS_FTP.LOG
2011.07.26 23:09 B F:\xampp\htdocs\zendLibrary\Zend\Service\Technorati\Author.php --> ftp.sobrafo.org.br /public_html/zendLibrary/Zend/Service/Technorati Author.php
2011.07.26 23:09 B F:\xampp\htdocs\zendLibrary\Zend\Service\Technorati\BlogInfoResult.php --> ftp.sobrafo.org.br /public_html/zendLibrary/Zend/Service/Technorati BlogInfoResult.php
2011.07.26 23:09 B F:\xampp\htdocs\zendLibrary\Zend\Service\Technorati\CosmosResult.php --> ftp.sobrafo.org.br /public_html/zendLibrary/Zend/Service/Technorati CosmosResult.php
2011.07.26 23:09 B F:\xampp\htdocs\zendLibrary\Zend\Service\Technorati\CosmosResultSet.php --> ftp.sobrafo.org.br /public_html/zendLibrary/Zend/Service/Technorati CosmosResultSet.php
2011.07.26 23:09 B F:\xampp\htdocs\zendLibrary\Zend\Service\Technorati\DailyCountsResult.php --> ftp.sobrafo.org.br /public_html/zendLibrary/Zend/Service/Technorati DailyCountsResult.php
2011.07.26 23:09 B F:\xampp\htdocs\zendLibrary\Zend\Service\Technorati\DailyCountsResultSet.php --> ftp.sobrafo.org.br /public_html/zendLibrary/Zend/Service/Technorati DailyCountsResultSet.php
2011.07.26 23:09 B F:\xampp\htdocs\zendLibrary\Zend\Service\Technorati\Exception.php --> ftp.sobrafo.org.br /public_html/zendLibrary/Zend/Service/Technorati Exception.php
2011.07.26 23:09 B F:\xampp\htdocs\zendLibrary\Zend\Service\Technorati\GetInfoResult.php --> ftp.sobrafo.org.br /public_html/zendLibrary/Zend/Service/Technorati GetInfoResult.php
2011.07.26 23:09 B F:\xampp\htdocs\zendLibrary\Zend\Service\Technorati\KeyInfoResult.php --> ftp.sobrafo.org.br /public_html/zendLibrary/Zend/Service/Technorati KeyInfoResult.php
2011.07.26 23:09 B F:\xampp\htdocs\zendLibrary\Zend\Service\Technorati\Result.php --> ftp.sobrafo.org.br /public_html/zendLibrary/Zend/Service/Technorati Result.php
2011.07.26 23:09 B F:\xampp\htdocs\zendLibrary\Zend\Service\Technorati\ResultSet.php --> ftp.sobrafo.org.br /public_html/zendLibrary/Zend/Service/Technorati ResultSet.php
2011.07.26 23:09 B F:\xampp\htdocs\zendLibrary\Zend\Service\Technorati\SearchResult.php --> ftp.sobrafo.org.br /public_html/zendLibrary/Zend/Service/Technorati SearchResult.php
2011.07.26 23:09 B F:\xampp\htdocs\zendLibrary\Zend\Service\Technorati\SearchResultSet.php --> ftp.sobrafo.org.br /public_html/zendLibrary/Zend/Service/Technorati SearchResultSet.php
2011.07.26 23:09 B F:\xampp\htdocs\zendLibrary\Zend\Service\Technorati\TagResult.php --> ftp.sobrafo.org.br /public_html/zendLibrary/Zend/Service/Technorati TagResult.php
2011.07.26 23:09 B F:\xampp\htdocs\zendLibrary\Zend\Service\Technorati\TagResultSet.php --> ftp.sobrafo.org.br /public_html/zendLibrary/Zend/Service/Technorati TagResultSet.php
2011.07.26 23:09 B F:\xampp\htdocs\zendLibrary\Zend\Service\Technorati\TagsResult.php --> ftp.sobrafo.org.br /public_html/zendLibrary/Zend/Service/Technorati TagsResult.php
2011.07.26 23:09 B F:\xampp\htdocs\zendLibrary\Zend\Service\Technorati\TagsResultSet.php --> ftp.sobrafo.org.br /public_html/zendLibrary/Zend/Service/Technorati TagsResultSet.php
2011.07.26 23:09 B F:\xampp\htdocs\zendLibrary\Zend\Service\Technorati\Utils.php --> ftp.sobrafo.org.br /public_html/zendLibrary/Zend/Service/Technorati Utils.php
2011.07.26 23:09 B F:\xampp\htdocs\zendLibrary\Zend\Service\Technorati\Weblog.php --> ftp.sobrafo.org.br /public_html/zendLibrary/Zend/Service/Technorati Weblog.php
2011.07.26 23:10 B F:\xampp\htdocs\zendLibrary\Zend\Service\Technorati\WS_FTP.LOG --> ftp.sobrafo.org.br /public_html/zendLibrary/Zend/Service/Technorati WS_FTP.LOG
2011.08.09 17:30 B F:\xampp\htdocs\ZendLibrary\Zend\Service\Technorati\Author.php --> ftp.amfar.com.br /public_html/ZendLibrary/Zend/Service/Technorati Author.php
2011.08.09 17:30 B F:\xampp\htdocs\ZendLibrary\Zend\Service\Technorati\BlogInfoResult.php --> ftp.amfar.com.br /public_html/ZendLibrary/Zend/Service/Technorati BlogInfoResult.php
2011.08.09 17:30 B F:\xampp\htdocs\ZendLibrary\Zend\Service\Technorati\CosmosResult.php --> ftp.amfar.com.br /public_html/ZendLibrary/Zend/Service/Technorati CosmosResult.php
2011.08.09 17:30 B F:\xampp\htdocs\ZendLibrary\Zend\Service\Technorati\CosmosResultSet.php --> ftp.amfar.com.br /public_html/ZendLibrary/Zend/Service/Technorati CosmosResultSet.php
2011.08.09 17:30 B F:\xampp\htdocs\ZendLibrary\Zend\Service\Technorati\DailyCountsResult.php --> ftp.amfar.com.br /public_html/ZendLibrary/Zend/Service/Technorati DailyCountsResult.php
2011.08.09 17:30 B F:\xampp\htdocs\ZendLibrary\Zend\Service\Technorati\DailyCountsResultSet.php --> ftp.amfar.com.br /public_html/ZendLibrary/Zend/Service/Technorati DailyCountsResultSet.php
2011.08.09 17:30 B F:\xampp\htdocs\ZendLibrary\Zend\Service\Technorati\Exception.php --> ftp.amfar.com.br /public_html/ZendLibrary/Zend/Service/Technorati Exception.php
2011.08.09 17:30 B F:\xampp\htdocs\ZendLibrary\Zend\Service\Technorati\GetInfoResult.php --> ftp.amfar.com.br /public_html/ZendLibrary/Zend/Service/Technorati GetInfoResult.php
2011.08.09 17:30 B F:\xampp\htdocs\ZendLibrary\Zend\Service\Technorati\KeyInfoResult.php --> ftp.amfar.com.br /public_html/ZendLibrary/Zend/Service/Technorati KeyInfoResult.php
2011.08.09 17:30 B F:\xampp\htdocs\ZendLibrary\Zend\Service\Technorati\Result.php --> ftp.amfar.com.br /public_html/ZendLibrary/Zend/Service/Technorati Result.php
2011.08.09 17:30 B F:\xampp\htdocs\ZendLibrary\Zend\Service\Technorati\ResultSet.php --> ftp.amfar.com.br /public_html/ZendLibrary/Zend/Service/Technorati ResultSet.php
2011.08.09 17:30 B F:\xampp\htdocs\ZendLibrary\Zend\Service\Technorati\SearchResult.php --> ftp.amfar.com.br /public_html/ZendLibrary/Zend/Service/Technorati SearchResult.php
2011.08.09 17:30 B F:\xampp\htdocs\ZendLibrary\Zend\Service\Technorati\SearchResultSet.php --> ftp.amfar.com.br /public_html/ZendLibrary/Zend/Service/Technorati SearchResultSet.php
2011.08.09 17:30 B F:\xampp\htdocs\ZendLibrary\Zend\Service\Technorati\TagResult.php --> ftp.amfar.com.br /public_html/ZendLibrary/Zend/Service/Technorati TagResult.php
2011.08.09 17:30 B F:\xampp\htdocs\ZendLibrary\Zend\Service\Technorati\TagResultSet.php --> ftp.amfar.com.br /public_html/ZendLibrary/Zend/Service/Technorati TagResultSet.php
2011.08.09 17:30 B F:\xampp\htdocs\ZendLibrary\Zend\Service\Technorati\TagsResult.php --> ftp.amfar.com.br /public_html/ZendLibrary/Zend/Service/Technorati TagsResult.php
2011.08.09 17:30 B F:\xampp\htdocs\ZendLibrary\Zend\Service\Technorati\TagsResultSet.php --> ftp.amfar.com.br /public_html/ZendLibrary/Zend/Service/Technorati TagsResultSet.php
2011.08.09 17:30 B F:\xampp\htdocs\ZendLibrary\Zend\Service\Technorati\Utils.php --> ftp.amfar.com.br /public_html/ZendLibrary/Zend/Service/Technorati Utils.php
2011.08.09 17:30 B F:\xampp\htdocs\ZendLibrary\Zend\Service\Technorati\Weblog.php --> ftp.amfar.com.br /public_html/ZendLibrary/Zend/Service/Technorati Weblog.php
