2011.06.20 18:56 B F:\xampp\htdocs\zf-tutorial\library\Zend\Tool\Framework\Metadata\Attributable.php --> ftp.portalridgid.com.br /public_html/zf-tutorial/library/Zend/Tool/Framework/Metadata Attributable.php
2011.06.20 18:56 B F:\xampp\htdocs\zf-tutorial\library\Zend\Tool\Framework\Metadata\Basic.php --> ftp.portalridgid.com.br /public_html/zf-tutorial/library/Zend/Tool/Framework/Metadata Basic.php
2011.06.20 18:56 B F:\xampp\htdocs\zf-tutorial\library\Zend\Tool\Framework\Metadata\Dynamic.php --> ftp.portalridgid.com.br /public_html/zf-tutorial/library/Zend/Tool/Framework/Metadata Dynamic.php
2011.06.20 18:56 B F:\xampp\htdocs\zf-tutorial\library\Zend\Tool\Framework\Metadata\Interface.php --> ftp.portalridgid.com.br /public_html/zf-tutorial/library/Zend/Tool/Framework/Metadata Interface.php
2011.06.20 18:56 B F:\xampp\htdocs\zf-tutorial\library\Zend\Tool\Framework\Metadata\Tool.php --> ftp.portalridgid.com.br /public_html/zf-tutorial/library/Zend/Tool/Framework/Metadata Tool.php
2011.06.30 03:48 B F:\xampp\htdocs\zendLibrary\Zend\Tool\Framework\Metadata\WS_FTP.LOG --> ftp.sbrafh.org.br /sbrafh/Web/zendLibrary/Zend/Tool/Framework/Metadata WS_FTP.LOG
2011.06.30 03:48 B F:\xampp\htdocs\zendLibrary\Zend\Tool\Framework\Metadata\Tool.php --> ftp.sbrafh.org.br /sbrafh/Web/zendLibrary/Zend/Tool/Framework/Metadata Tool.php
2011.06.30 03:48 B F:\xampp\htdocs\zendLibrary\Zend\Tool\Framework\Metadata\Interface.php --> ftp.sbrafh.org.br /sbrafh/Web/zendLibrary/Zend/Tool/Framework/Metadata Interface.php
2011.06.30 03:48 B F:\xampp\htdocs\zendLibrary\Zend\Tool\Framework\Metadata\Dynamic.php --> ftp.sbrafh.org.br /sbrafh/Web/zendLibrary/Zend/Tool/Framework/Metadata Dynamic.php
2011.06.30 03:48 B F:\xampp\htdocs\zendLibrary\Zend\Tool\Framework\Metadata\Basic.php --> ftp.sbrafh.org.br /sbrafh/Web/zendLibrary/Zend/Tool/Framework/Metadata Basic.php
2011.06.30 03:48 B F:\xampp\htdocs\zendLibrary\Zend\Tool\Framework\Metadata\Attributable.php --> ftp.sbrafh.org.br /sbrafh/Web/zendLibrary/Zend/Tool/Framework/Metadata Attributable.php
2011.07.09 00:23 B F:\xampp\htdocs\zendLibrary\Zend\Tool\Framework\Metadata\Attributable.php --> ftp.radiofone.com.br /public_html/radiofone/zendLibrary/Zend/Tool/Framework/Metadata Attributable.php
2011.07.09 00:23 B F:\xampp\htdocs\zendLibrary\Zend\Tool\Framework\Metadata\Basic.php --> ftp.radiofone.com.br /public_html/radiofone/zendLibrary/Zend/Tool/Framework/Metadata Basic.php
2011.07.09 00:23 B F:\xampp\htdocs\zendLibrary\Zend\Tool\Framework\Metadata\Dynamic.php --> ftp.radiofone.com.br /public_html/radiofone/zendLibrary/Zend/Tool/Framework/Metadata Dynamic.php
2011.07.09 00:23 B F:\xampp\htdocs\zendLibrary\Zend\Tool\Framework\Metadata\Interface.php --> ftp.radiofone.com.br /public_html/radiofone/zendLibrary/Zend/Tool/Framework/Metadata Interface.php
2011.07.09 00:23 B F:\xampp\htdocs\zendLibrary\Zend\Tool\Framework\Metadata\Tool.php --> ftp.radiofone.com.br /public_html/radiofone/zendLibrary/Zend/Tool/Framework/Metadata Tool.php
2011.07.09 00:23 B F:\xampp\htdocs\zendLibrary\Zend\Tool\Framework\Metadata\WS_FTP.LOG --> ftp.radiofone.com.br /public_html/radiofone/zendLibrary/Zend/Tool/Framework/Metadata WS_FTP.LOG
2011.07.09 00:53 B F:\xampp\htdocs\zendLibrary\Zend\Tool\Framework\Metadata\WS_FTP.LOG --> ftp.radiofone.com.br /public_html/radiofone/zendLibrary/Zend/Tool/Framework/Metadata WS_FTP.LOG
2011.07.26 23:12 B F:\xampp\htdocs\zendLibrary\Zend\Tool\Framework\Metadata\Attributable.php --> ftp.sobrafo.org.br /public_html/zendLibrary/Zend/Tool/Framework/Metadata Attributable.php
2011.07.26 23:12 B F:\xampp\htdocs\zendLibrary\Zend\Tool\Framework\Metadata\Basic.php --> ftp.sobrafo.org.br /public_html/zendLibrary/Zend/Tool/Framework/Metadata Basic.php
2011.07.26 23:12 B F:\xampp\htdocs\zendLibrary\Zend\Tool\Framework\Metadata\Dynamic.php --> ftp.sobrafo.org.br /public_html/zendLibrary/Zend/Tool/Framework/Metadata Dynamic.php
2011.07.26 23:12 B F:\xampp\htdocs\zendLibrary\Zend\Tool\Framework\Metadata\Interface.php --> ftp.sobrafo.org.br /public_html/zendLibrary/Zend/Tool/Framework/Metadata Interface.php
2011.07.26 23:12 B F:\xampp\htdocs\zendLibrary\Zend\Tool\Framework\Metadata\Tool.php --> ftp.sobrafo.org.br /public_html/zendLibrary/Zend/Tool/Framework/Metadata Tool.php
2011.07.26 23:12 B F:\xampp\htdocs\zendLibrary\Zend\Tool\Framework\Metadata\WS_FTP.LOG --> ftp.sobrafo.org.br /public_html/zendLibrary/Zend/Tool/Framework/Metadata WS_FTP.LOG
2011.08.09 17:32 B F:\xampp\htdocs\ZendLibrary\Zend\Tool\Framework\Metadata\Attributable.php --> ftp.amfar.com.br /public_html/ZendLibrary/Zend/Tool/Framework/Metadata Attributable.php
2011.08.09 17:32 B F:\xampp\htdocs\ZendLibrary\Zend\Tool\Framework\Metadata\Basic.php --> ftp.amfar.com.br /public_html/ZendLibrary/Zend/Tool/Framework/Metadata Basic.php
2011.08.09 17:32 B F:\xampp\htdocs\ZendLibrary\Zend\Tool\Framework\Metadata\Dynamic.php --> ftp.amfar.com.br /public_html/ZendLibrary/Zend/Tool/Framework/Metadata Dynamic.php
2011.08.09 17:32 B F:\xampp\htdocs\ZendLibrary\Zend\Tool\Framework\Metadata\Interface.php --> ftp.amfar.com.br /public_html/ZendLibrary/Zend/Tool/Framework/Metadata Interface.php
2011.08.09 17:32 B F:\xampp\htdocs\ZendLibrary\Zend\Tool\Framework\Metadata\Tool.php --> ftp.amfar.com.br /public_html/ZendLibrary/Zend/Tool/Framework/Metadata Tool.php
