2011.06.20 18:49 B F:\xampp\htdocs\zf-tutorial\library\Zend\ProgressBar\Adapter\Console.php --> ftp.portalridgid.com.br /public_html/zf-tutorial/library/Zend/ProgressBar/Adapter Console.php
2011.06.20 18:49 B F:\xampp\htdocs\zf-tutorial\library\Zend\ProgressBar\Adapter\Exception.php --> ftp.portalridgid.com.br /public_html/zf-tutorial/library/Zend/ProgressBar/Adapter Exception.php
2011.06.20 18:49 B F:\xampp\htdocs\zf-tutorial\library\Zend\ProgressBar\Adapter\JsPull.php --> ftp.portalridgid.com.br /public_html/zf-tutorial/library/Zend/ProgressBar/Adapter JsPull.php
2011.06.20 18:49 B F:\xampp\htdocs\zf-tutorial\library\Zend\ProgressBar\Adapter\JsPush.php --> ftp.portalridgid.com.br /public_html/zf-tutorial/library/Zend/ProgressBar/Adapter JsPush.php
2011.06.30 03:19 B F:\xampp\htdocs\zendLibrary\Zend\ProgressBar\Adapter\WS_FTP.LOG --> ftp.sbrafh.org.br /sbrafh/Web/zendLibrary/Zend/ProgressBar/Adapter WS_FTP.LOG
2011.06.30 03:19 B F:\xampp\htdocs\zendLibrary\Zend\ProgressBar\Adapter\JsPush.php --> ftp.sbrafh.org.br /sbrafh/Web/zendLibrary/Zend/ProgressBar/Adapter JsPush.php
2011.06.30 03:19 B F:\xampp\htdocs\zendLibrary\Zend\ProgressBar\Adapter\JsPull.php --> ftp.sbrafh.org.br /sbrafh/Web/zendLibrary/Zend/ProgressBar/Adapter JsPull.php
2011.06.30 03:19 B F:\xampp\htdocs\zendLibrary\Zend\ProgressBar\Adapter\Exception.php --> ftp.sbrafh.org.br /sbrafh/Web/zendLibrary/Zend/ProgressBar/Adapter Exception.php
2011.06.30 03:19 B F:\xampp\htdocs\zendLibrary\Zend\ProgressBar\Adapter\Console.php --> ftp.sbrafh.org.br /sbrafh/Web/zendLibrary/Zend/ProgressBar/Adapter Console.php
2011.07.09 00:15 B F:\xampp\htdocs\zendLibrary\Zend\ProgressBar\Adapter\Console.php --> ftp.radiofone.com.br /public_html/radiofone/zendLibrary/Zend/ProgressBar/Adapter Console.php
2011.07.09 00:15 B F:\xampp\htdocs\zendLibrary\Zend\ProgressBar\Adapter\Exception.php --> ftp.radiofone.com.br /public_html/radiofone/zendLibrary/Zend/ProgressBar/Adapter Exception.php
2011.07.09 00:15 B F:\xampp\htdocs\zendLibrary\Zend\ProgressBar\Adapter\JsPull.php --> ftp.radiofone.com.br /public_html/radiofone/zendLibrary/Zend/ProgressBar/Adapter JsPull.php
2011.07.09 00:15 B F:\xampp\htdocs\zendLibrary\Zend\ProgressBar\Adapter\JsPush.php --> ftp.radiofone.com.br /public_html/radiofone/zendLibrary/Zend/ProgressBar/Adapter JsPush.php
2011.07.09 00:15 B F:\xampp\htdocs\zendLibrary\Zend\ProgressBar\Adapter\WS_FTP.LOG --> ftp.radiofone.com.br /public_html/radiofone/zendLibrary/Zend/ProgressBar/Adapter WS_FTP.LOG
2011.07.26 23:04 B F:\xampp\htdocs\zendLibrary\Zend\ProgressBar\Adapter\Console.php --> ftp.sobrafo.org.br /public_html/zendLibrary/Zend/ProgressBar/Adapter Console.php
2011.07.26 23:04 B F:\xampp\htdocs\zendLibrary\Zend\ProgressBar\Adapter\Exception.php --> ftp.sobrafo.org.br /public_html/zendLibrary/Zend/ProgressBar/Adapter Exception.php
2011.07.26 23:04 B F:\xampp\htdocs\zendLibrary\Zend\ProgressBar\Adapter\JsPull.php --> ftp.sobrafo.org.br /public_html/zendLibrary/Zend/ProgressBar/Adapter JsPull.php
2011.07.26 23:04 B F:\xampp\htdocs\zendLibrary\Zend\ProgressBar\Adapter\JsPush.php --> ftp.sobrafo.org.br /public_html/zendLibrary/Zend/ProgressBar/Adapter JsPush.php
2011.07.26 23:04 B F:\xampp\htdocs\zendLibrary\Zend\ProgressBar\Adapter\WS_FTP.LOG --> ftp.sobrafo.org.br /public_html/zendLibrary/Zend/ProgressBar/Adapter WS_FTP.LOG
2011.08.09 17:25 B F:\xampp\htdocs\ZendLibrary\Zend\ProgressBar\Adapter\Console.php --> ftp.amfar.com.br /public_html/ZendLibrary/Zend/ProgressBar/Adapter Console.php
2011.08.09 17:25 B F:\xampp\htdocs\ZendLibrary\Zend\ProgressBar\Adapter\Exception.php --> ftp.amfar.com.br /public_html/ZendLibrary/Zend/ProgressBar/Adapter Exception.php
2011.08.09 17:25 B F:\xampp\htdocs\ZendLibrary\Zend\ProgressBar\Adapter\JsPull.php --> ftp.amfar.com.br /public_html/ZendLibrary/Zend/ProgressBar/Adapter JsPull.php
2011.08.09 17:25 B F:\xampp\htdocs\ZendLibrary\Zend\ProgressBar\Adapter\JsPush.php --> ftp.amfar.com.br /public_html/ZendLibrary/Zend/ProgressBar/Adapter JsPush.php
