105.10.13 23:21 B D:\wwwsbrafh\images\10x10.gif --> ftp.labgraphic.com.br /public_html/sbrafh/images 10x10.gif
105.10.13 23:21 B D:\wwwsbrafh\images\fundomenu.jpg --> ftp.labgraphic.com.br /public_html/sbrafh/images fundomenu.jpg
105.10.13 23:21 B D:\wwwsbrafh\images\fundomenu2.jpg --> ftp.labgraphic.com.br /public_html/sbrafh/images fundomenu2.jpg
105.10.13 23:21 B D:\wwwsbrafh\images\fundotopo.gif --> ftp.labgraphic.com.br /public_html/sbrafh/images fundotopo.gif
105.10.13 23:21 B D:\wwwsbrafh\images\logotopo.jpg --> ftp.labgraphic.com.br /public_html/sbrafh/images logotopo.jpg
105.10.13 23:21 B D:\wwwsbrafh\images\search.gif --> ftp.labgraphic.com.br /public_html/sbrafh/images search.gif
105.10.13 23:21 B D:\wwwsbrafh\images\separamenu.gif --> ftp.labgraphic.com.br /public_html/sbrafh/images separamenu.gif
105.10.13 23:21 B D:\wwwsbrafh\images\separamenu.jpg --> ftp.labgraphic.com.br /public_html/sbrafh/images separamenu.jpg
105.10.13 23:21 B D:\wwwsbrafh\images\Thumbs.db --> ftp.labgraphic.com.br /public_html/sbrafh/images Thumbs.db
105.10.13 23:57 B D:\wwwsbrafh\images\revista6mini.gif --> ftp.labgraphic.com.br /public_html/sbrafh/images revista6mini.gif
105.10.14 00:12 B D:\wwwsbrafh\images\10x10.gif --> ftp.labgraphic.com.br /public_html/sbrafh/images 10x10.gif
105.10.14 00:12 B D:\wwwsbrafh\images\fundomenu.jpg --> ftp.labgraphic.com.br /public_html/sbrafh/images fundomenu.jpg
105.10.14 00:12 B D:\wwwsbrafh\images\fundomenu2.jpg --> ftp.labgraphic.com.br /public_html/sbrafh/images fundomenu2.jpg
105.10.14 00:12 B D:\wwwsbrafh\images\fundotopo.gif --> ftp.labgraphic.com.br /public_html/sbrafh/images fundotopo.gif
105.10.14 00:12 B D:\wwwsbrafh\images\LegislacaoHome.gif --> ftp.labgraphic.com.br /public_html/sbrafh/images LegislacaoHome.gif
105.10.14 00:12 B D:\wwwsbrafh\images\logotopo.jpg --> ftp.labgraphic.com.br /public_html/sbrafh/images logotopo.jpg
105.10.14 00:12 B D:\wwwsbrafh\images\ProximosEventos.jpg --> ftp.labgraphic.com.br /public_html/sbrafh/images ProximosEventos.jpg
105.10.14 00:12 B D:\wwwsbrafh\images\revista6mini.gif --> ftp.labgraphic.com.br /public_html/sbrafh/images revista6mini.gif
105.10.14 00:12 B D:\wwwsbrafh\images\search.gif --> ftp.labgraphic.com.br /public_html/sbrafh/images search.gif
105.10.14 00:12 B D:\wwwsbrafh\images\separamenu.gif --> ftp.labgraphic.com.br /public_html/sbrafh/images separamenu.gif
105.10.14 00:12 B D:\wwwsbrafh\images\separamenu.jpg --> ftp.labgraphic.com.br /public_html/sbrafh/images separamenu.jpg
105.10.14 00:12 B D:\wwwsbrafh\images\seta.jpg --> ftp.labgraphic.com.br /public_html/sbrafh/images seta.jpg
105.10.14 00:37 B D:\wwwsbrafh\images\0001.gif --> ftp.labgraphic.com.br /public_html/sbrafh/images 0001.gif
105.10.14 01:37 B D:\wwwsbrafh\images\asbrafh.jpg --> ftp.labgraphic.com.br /public_html/sbrafh/images asbrafh.jpg
105.10.14 01:39 B D:\wwwsbrafh\images\DiretoriaAtual.jpg --> ftp.labgraphic.com.br /public_html/sbrafh/images DiretoriaAtual.jpg
105.10.14 02:01 B D:\wwwsbrafh\images\Estatuto.jpg --> ftp.labgraphic.com.br /public_html/sbrafh/images Estatuto.jpg
105.10.14 02:06 B D:\wwwsbrafh\images\foto congresso.jpg --> ftp.labgraphic.com.br /public_html/sbrafh/images foto congresso.jpg
105.10.14 02:08 B D:\wwwsbrafh\images\Historico.jpg --> ftp.labgraphic.com.br /public_html/sbrafh/images Historico.jpg
105.10.14 02:22 B D:\wwwsbrafh\images\Eventos.jpg --> ftp.labgraphic.com.br /public_html/sbrafh/images Eventos.jpg
105.10.14 02:22 B D:\wwwsbrafh\images\CompNet.gif --> ftp.labgraphic.com.br /public_html/sbrafh/images CompNet.gif
105.10.14 02:35 B D:\wwwsbrafh\images\titulodeespecialista.jpg --> ftp.labgraphic.com.br /public_html/sbrafh/images titulodeespecialista.jpg
105.10.14 02:39 B D:\wwwsbrafh\images\Regulamento.jpg --> ftp.labgraphic.com.br /public_html/sbrafh/images Regulamento.jpg
105.10.14 02:40 B D:\wwwsbrafh\images\Prova.jpg --> ftp.labgraphic.com.br /public_html/sbrafh/images Prova.jpg
105.10.14 02:40 B D:\wwwsbrafh\images\Programa.jpg --> ftp.labgraphic.com.br /public_html/sbrafh/images Programa.jpg
105.10.14 02:40 B D:\wwwsbrafh\images\Gabarito.jpg --> ftp.labgraphic.com.br /public_html/sbrafh/images Gabarito.jpg
105.10.14 02:40 B D:\wwwsbrafh\images\Aprovados.jpg --> ftp.labgraphic.com.br /public_html/sbrafh/images Aprovados.jpg
105.10.14 02:57 B D:\wwwsbrafh\images\back.gif --> ftp.labgraphic.com.br /public_html/sbrafh/images back.gif
105.10.14 23:45 B D:\wwwsbrafh\images\separamenu.gif --> ftp.labgraphic.com.br /public_html/sbrafh/images separamenu.gif
105.10.15 01:06 B D:\wwwsbrafh\images\linha.gif --> ftp.labgraphic.com.br /public_html/sbrafh/images linha.gif
105.10.15 19:33 B D:\wwwsbrafh\images\FundoTitulo.jpg --> ftp.labgraphic.com.br /public_html/sbrafh/images FundoTitulo.jpg
105.10.15 19:33 B D:\wwwsbrafh\images\FaleConosco.jpg --> ftp.labgraphic.com.br /public_html/sbrafh/images FaleConosco.jpg
105.10.15 22:13 B D:\wwwsbrafh\images\maillogo.jpg --> ftp.labgraphic.com.br /public_html/sbrafh/images maillogo.jpg
105.10.16 01:44 B D:\wwwsbrafh\images\fundomenu2.jpg --> ftp.labgraphic.com.br /public_html/sbrafh/images fundomenu2.jpg
105.10.16 01:44 B D:\wwwsbrafh\images\fundomenu.jpg --> ftp.labgraphic.com.br /public_html/sbrafh/images fundomenu.jpg
105.10.16 01:57 B D:\wwwsbrafh\images\FundoTitulo.jpg --> ftp.labgraphic.com.br /public_html/sbrafh/images FundoTitulo.jpg
105.10.16 01:57 B D:\wwwsbrafh\images\associese.jpg --> ftp.labgraphic.com.br /public_html/sbrafh/images associese.jpg
105.10.16 03:02 B D:\wwwsbrafh\images\indique.jpg --> ftp.labgraphic.com.br /public_html/sbrafh/images indique.jpg
105.10.16 17:23 B D:\wwwsbrafh\images\forum.jpg --> ftp.labgraphic.com.br /public_html/sbrafh/images forum.jpg
105.10.16 19:07 B D:\wwwsbrafh\images\email.gif <-- Portal /public_html/forum/images email.gif
105.10.16 19:08 B D:\wwwsbrafh\images\email.gif --> ftp.labgraphic.com.br /public_html/sbrafh/images email.gif
105.10.17 02:24 B D:\wwwsbrafh\images\maillogo.jpg --> ftp.labgraphic.com.br /public_html/sbrafh/bradesco/imagens maillogo.jpg
105.10.17 03:12 B D:\wwwsbrafh\images\RevistaSbrafh.gif --> ftp.labgraphic.com.br /public_html/sbrafh/images RevistaSbrafh.gif
105.10.17 18:40 B D:\wwwsbrafh\images\associese.jpg --> ftp.labgraphic.com.br /public_html/sbrafh/usuarios/images associese.jpg
105.10.18 18:47 B D:\wwwsbrafh\images\maillogo.jpg --> ftp.labgraphic.com.br /public_html/sbrafh/images maillogo.jpg
105.10.18 19:36 B D:\wwwsbrafh\images\maillogo.jpg --> ftp.labgraphic.com.br /public_html/sbrafh/images maillogo.jpg
105.10.19 01:29 B D:\wwwsbrafh\images\Eventos.jpg --> ftp.labgraphic.com.br /public_html/sbrafh/Images Eventos.jpg
105.10.19 02:33 B D:\wwwsbrafh\images\titulodeespecialista.jpg --> ftp.labgraphic.com.br /public_html/sbrafh/titulo/images titulodeespecialista.jpg
105.10.20 01:28 B D:\wwwsbrafh\images\separamenu.gif --> ftp.labgraphic.com.br /public_html/sbrafh/images separamenu.gif
105.10.20 01:32 B D:\wwwsbrafh\images\fundomenu2.jpg --> ftp.labgraphic.com.br /public_html/sbrafh/images fundomenu2.jpg
105.10.20 01:32 B D:\wwwsbrafh\images\fundomenu.jpg --> ftp.labgraphic.com.br /public_html/sbrafh/images fundomenu.jpg
105.10.20 03:51 B D:\wwwsbrafh\images\seta.jpg --> ftp.labgraphic.com.br /public_html/images seta.jpg
105.10.20 03:51 B D:\wwwsbrafh\images\ProximosEventos.jpg --> ftp.labgraphic.com.br /public_html/images ProximosEventos.jpg
105.10.20 03:52 B D:\wwwsbrafh\images\seta.jpg --> ftp.labgraphic.com.br /public_html/Images seta.jpg
105.10.20 18:13 B D:\wwwsbrafh\images\seta.jpg --> ftp.labgraphic.com.br /public_html/sbrafh/eventos/images seta.jpg
105.10.20 18:14 B D:\wwwsbrafh\images\seta.jpg --> ftp.labgraphic.com.br /public_html/sbrafh/noticias/images seta.jpg
105.10.20 20:13 B D:\wwwsbrafh\images\micromedex.swf <-- Portal /public_html/sbrafh/images micromedex.swf
105.10.21 19:08 B D:\wwwsbrafh\images\maillogo.jpg --> ftp.labgraphic.com.br /public_html/sbrafh/bradesco/images maillogo.jpg
105.10.21 23:39 B D:\wwwsbrafh\images\home.jpg --> ftp.labgraphic.com.br /public_html/sbrafh/images home.jpg
105.10.22 00:31 B D:\wwwsbrafh\images\destaque.jpg --> ftp.labgraphic.com.br /public_html/sbrafh/images destaque.jpg
105.10.22 18:49 B D:\wwwsbrafh\images\agenda.jpg <-- Portal /public_html/sbrafh/images agenda.jpg
105.10.22 18:50 B D:\wwwsbrafh\images\news.jpg <-- Portal /public_html/sbrafh/images news.jpg
105.10.22 18:53 B D:\wwwsbrafh\images\noticias.jpg --> ftp.labgraphic.com.br /public_html/sbrafh/images noticias.jpg
105.10.22 18:53 B D:\wwwsbrafh\images\news.jpg <-- Portal /public_html/sbrafh/images news.jpg
105.10.22 19:06 B D:\wwwsbrafh\images\legislacao.jpg <-- Portal /public_html/sbrafh/images legislacao.jpg
105.10.22 19:46 B D:\wwwsbrafh\images\indique.jpg --> ftp.labgraphic.com.br /public_html/sbrafh/images indique.jpg
105.10.22 19:50 B D:\wwwsbrafh\images\links.jpg <-- Portal /public_html/sbrafh/images links.jpg
105.10.22 21:42 B D:\wwwsbrafh\images\fundomenu2.jpg --> ftp.labgraphic.com.br /public_html/sbrafh/images fundomenu2.jpg
105.10.22 21:43 B D:\wwwsbrafh\images\fundomenu2.jpg --> ftp.labgraphic.com.br /public_html/sbrafh/images fundomenu2.jpg
105.10.22 23:18 B D:\wwwsbrafh\images\guest.jpg --> ftp.labgraphic.com.br /public_html/sbrafh/images guest.jpg
105.10.24 12:55 B D:\wwwsbrafh\images\0001.gif --> ftp.sbrafh.org.br /public_html/images 0001.gif
105.10.24 12:55 B D:\wwwsbrafh\images\10x10.gif --> ftp.sbrafh.org.br /public_html/images 10x10.gif
105.10.24 12:55 B D:\wwwsbrafh\images\agenda.jpg --> ftp.sbrafh.org.br /public_html/images agenda.jpg
105.10.24 12:55 B D:\wwwsbrafh\images\Aprovados.jpg --> ftp.sbrafh.org.br /public_html/images Aprovados.jpg
105.10.24 12:55 B D:\wwwsbrafh\images\asbrafh.jpg --> ftp.sbrafh.org.br /public_html/images asbrafh.jpg
105.10.24 12:55 B D:\wwwsbrafh\images\associese.jpg --> ftp.sbrafh.org.br /public_html/images associese.jpg
105.10.24 12:55 B D:\wwwsbrafh\images\back.gif --> ftp.sbrafh.org.br /public_html/images back.gif
105.10.24 12:56 B D:\wwwsbrafh\images\cap0000.jpg --> ftp.sbrafh.org.br /public_html/images cap0000.jpg
105.10.24 12:56 B D:\wwwsbrafh\images\cap0001.jpg --> ftp.sbrafh.org.br /public_html/images cap0001.jpg
105.10.24 12:56 B D:\wwwsbrafh\images\CompNet.gif --> ftp.sbrafh.org.br /public_html/images CompNet.gif
105.10.24 12:56 B D:\wwwsbrafh\images\contato.jpg --> ftp.sbrafh.org.br /public_html/images contato.jpg
105.10.24 12:56 B D:\wwwsbrafh\images\destaque.jpg --> ftp.sbrafh.org.br /public_html/images destaque.jpg
105.10.24 12:56 B D:\wwwsbrafh\images\DiretoriaAtual.jpg --> ftp.sbrafh.org.br /public_html/images DiretoriaAtual.jpg
105.10.24 12:56 B D:\wwwsbrafh\images\email.gif --> ftp.sbrafh.org.br /public_html/images email.gif
105.10.24 12:56 B D:\wwwsbrafh\images\Estatuto.jpg --> ftp.sbrafh.org.br /public_html/images Estatuto.jpg
105.10.24 12:56 B D:\wwwsbrafh\images\eventos.jpg --> ftp.sbrafh.org.br /public_html/images eventos.jpg
105.10.24 12:56 B D:\wwwsbrafh\images\forum.jpg --> ftp.sbrafh.org.br /public_html/images forum.jpg
105.10.24 12:56 B D:\wwwsbrafh\images\fotocongresso.jpg --> ftp.sbrafh.org.br /public_html/images fotocongresso.jpg
105.10.24 12:56 B D:\wwwsbrafh\images\fundomenu.jpg --> ftp.sbrafh.org.br /public_html/images fundomenu.jpg
105.10.24 12:56 B D:\wwwsbrafh\images\fundomenu2.jpg --> ftp.sbrafh.org.br /public_html/images fundomenu2.jpg
105.10.24 12:56 B D:\wwwsbrafh\images\FundoTitulo.jpg --> ftp.sbrafh.org.br /public_html/images FundoTitulo.jpg
105.10.24 12:56 B D:\wwwsbrafh\images\fundotopo.gif --> ftp.sbrafh.org.br /public_html/images fundotopo.gif
105.10.24 12:56 B D:\wwwsbrafh\images\Gabarito.jpg --> ftp.sbrafh.org.br /public_html/images Gabarito.jpg
105.10.24 12:56 B D:\wwwsbrafh\images\guest.jpg --> ftp.sbrafh.org.br /public_html/images guest.jpg
105.10.24 12:56 B D:\wwwsbrafh\images\Historico.jpg --> ftp.sbrafh.org.br /public_html/images Historico.jpg
105.10.24 12:56 B D:\wwwsbrafh\images\home.jpg --> ftp.sbrafh.org.br /public_html/images home.jpg
105.10.24 12:56 B D:\wwwsbrafh\images\indique.jpg --> ftp.sbrafh.org.br /public_html/images indique.jpg
105.10.24 12:56 B D:\wwwsbrafh\images\legislacao.jpg --> ftp.sbrafh.org.br /public_html/images legislacao.jpg
105.10.24 12:56 B D:\wwwsbrafh\images\LegislacaoHome.gif --> ftp.sbrafh.org.br /public_html/images LegislacaoHome.gif
105.10.24 12:56 B D:\wwwsbrafh\images\linha.gif --> ftp.sbrafh.org.br /public_html/images linha.gif
105.10.24 12:56 B D:\wwwsbrafh\images\links.jpg --> ftp.sbrafh.org.br /public_html/images links.jpg
105.10.24 12:56 B D:\wwwsbrafh\images\Logo_MDX_HCS.gif --> ftp.sbrafh.org.br /public_html/images Logo_MDX_HCS.gif
105.10.24 12:56 B D:\wwwsbrafh\images\Logo_MDX_HCS.jpg --> ftp.sbrafh.org.br /public_html/images Logo_MDX_HCS.jpg
105.10.24 12:56 B D:\wwwsbrafh\images\logomail.jpg --> ftp.sbrafh.org.br /public_html/images logomail.jpg
105.10.24 12:56 B D:\wwwsbrafh\images\logotopo.jpg --> ftp.sbrafh.org.br /public_html/images logotopo.jpg
105.10.24 12:56 B D:\wwwsbrafh\images\micromedex.swf --> ftp.sbrafh.org.br /public_html/images micromedex.swf
105.10.24 12:56 B D:\wwwsbrafh\images\news.jpg --> ftp.sbrafh.org.br /public_html/images news.jpg
105.10.24 12:56 B D:\wwwsbrafh\images\noticias.jpg --> ftp.sbrafh.org.br /public_html/images noticias.jpg
105.10.24 12:56 B D:\wwwsbrafh\images\Programa.jpg --> ftp.sbrafh.org.br /public_html/images Programa.jpg
105.10.24 12:56 B D:\wwwsbrafh\images\Prova.jpg --> ftp.sbrafh.org.br /public_html/images Prova.jpg
105.10.24 12:56 B D:\wwwsbrafh\images\ProximosEventos.jpg --> ftp.sbrafh.org.br /public_html/images ProximosEventos.jpg
105.10.24 12:56 B D:\wwwsbrafh\images\Regulamento.jpg --> ftp.sbrafh.org.br /public_html/images Regulamento.jpg
105.10.24 12:56 B D:\wwwsbrafh\images\revista6mini.gif --> ftp.sbrafh.org.br /public_html/images revista6mini.gif
105.10.24 12:56 B D:\wwwsbrafh\images\RevistaSbrafh.gif --> ftp.sbrafh.org.br /public_html/images RevistaSbrafh.gif
105.10.24 12:56 B D:\wwwsbrafh\images\sbrafh.css --> ftp.sbrafh.org.br /public_html/images sbrafh.css
105.10.24 12:56 B D:\wwwsbrafh\images\search.gif --> ftp.sbrafh.org.br /public_html/images search.gif
105.10.24 12:56 B D:\wwwsbrafh\images\separamenu.gif --> ftp.sbrafh.org.br /public_html/images separamenu.gif
105.10.24 12:56 B D:\wwwsbrafh\images\seta.jpg --> ftp.sbrafh.org.br /public_html/images seta.jpg
105.10.24 12:56 B D:\wwwsbrafh\images\Thumbs.db --> ftp.sbrafh.org.br /public_html/images Thumbs.db
105.10.24 12:56 B D:\wwwsbrafh\images\titulo.jpg --> ftp.sbrafh.org.br /public_html/images titulo.jpg
105.10.24 12:56 B D:\wwwsbrafh\images\WS_FTP.LOG --> ftp.sbrafh.org.br /public_html/images WS_FTP.LOG
105.10.24 18:04 B D:\wwwsbrafh\images\logomail.jpg --> ftp.sbrafh.org.br /public_html/bradesco/imagens logomail.jpg
105.10.26 18:57 B D:\wwwsbrafh\images\search.gif --> ftp.sbrafh.org.br /public_html/eventos/images search.gif
105.10.26 19:36 B D:\wwwsbrafh\images\DiretoriaAtual.jpg --> ftp.sbrafh.org.br /public_html/diretoria/images DiretoriaAtual.jpg
105.10.27 14:46 B D:\wwwsbrafh\images\micromedex.jpg --> ftp.sbrafh.org.br /public_html/images micromedex.jpg
105.10.27 22:28 B D:\wwwsbrafh\images\seta.jpg --> ftp.sbrafh.org.br /public_html/eventos/images seta.jpg
105.10.28 11:39 B D:\wwwsbrafh\images\micromedex.gif --> ftp.sbrafh.org.br /public_html/images micromedex.gif
105.10.28 11:51 B D:\wwwsbrafh\images\importante.gif --> ftp.sbrafh.org.br /public_html/images importante.gif
105.10.31 22:45 B D:\wwwsbrafh\images\micromedex_250.jpg --> ftp.sbrafh.org.br /public_html/images micromedex_250.jpg
105.10.31 22:45 B D:\wwwsbrafh\images\micromedex_150.jpg --> ftp.sbrafh.org.br /public_html/images micromedex_150.jpg
105.10.31 22:58 B D:\wwwsbrafh\images\micromedex_200.jpg --> ftp.sbrafh.org.br /public_html/images micromedex_200.jpg
105.11.01 15:14 B D:\wwwsbrafh\images\revista.jpg <-- sbrafh /public_html/revista/images revista.jpg
105.11.01 15:14 B D:\wwwsbrafh\images\revista.jpg --> ftp.sbrafh.org.br /public_html/images revista.jpg
105.11.03 12:21 B D:\wwwsbrafh\images\vagas.jpg --> ftp.sbrafh.org.br /public_html/images vagas.jpg
105.11.04 12:59 B D:\wwwsbrafh\images\cursos.jpg --> ftp.sbrafh.org.br /public_html/images cursos.jpg
105.11.18 23:11 B D:\wwwsbrafh\images\eventos.jpg --> ftp.sbrafh.org.br /public_html/eventos/images eventos.jpg
105.11.18 23:16 B D:\wwwsbrafh\images\noticias.jpg --> ftp.sbrafh.org.br /public_html/noticias/images noticias.jpg
105.11.18 23:17 B D:\wwwsbrafh\images\news.jpg --> ftp.sbrafh.org.br /public_html/noticias/images news.jpg
105.11.18 23:22 B D:\wwwsbrafh\images\vagas.jpg --> ftp.sbrafh.org.br /public_html/empregos/images vagas.jpg
105.11.18 23:24 B D:\wwwsbrafh\images\cursos.jpg --> ftp.sbrafh.org.br /public_html/cursos/images cursos.jpg
105.11.18 23:53 B D:\wwwsbrafh\images\forum.jpg --> ftp.sbrafh.org.br /public_html/forum/images forum.jpg
105.12.12 22:37 B D:\wwwsbrafh\images\logonatal.jpg --> ftp.sbrafh.org.br /public_html/images logonatal.jpg
105.12.12 22:37 B D:\wwwsbrafh\images\nat00025.jpg --> ftp.sbrafh.org.br /public_html/images nat00025.jpg
106.01.24 14:45 B D:\PHP\sbrafh\images\downloads.jpg --> ftp.sbrafh.org.br /public_html/images downloads.jpg
106.02.06 17:09 B D:\PHP\sbrafh\images\logomail.jpg --> ftp.sbrafh.org.br /public_html/admin/images logomail.jpg
106.02.14 14:08 B D:\PHP\sbrafh\images\revista8.jpg --> ftp.sbrafh.org.br /public_html/images revista8.jpg
106.03.17 15:09 B D:\PHP\sbrafh\images\linha.gif --> ftp273.locaweb.com.br /public_html/images linha.gif
106.03.17 15:11 B D:\PHP\sbrafh\images\seta.jpg --> ftp273.locaweb.com.br /public_html/images seta.jpg
106.04.03 22:18 B D:\PHP\sbrafh\images\noticias.jpg --> ftp.sbrafh.org.br /public_html/e-mailing/images noticias.jpg
106.06.07 01:30 B Z:\sbrafh\images\bloco.jpg --> ftp.sbrafh.org.br /public_html/images bloco.jpg
106.06.27 14:29 B Z:\sbrafh\images\congresso.swf --> ftp.sbrafh.org.br /public_html/images congresso.swf
106.08.23 13:03 B Z:\sbrafh\images\AnunSbrafh.jpg --> ftp.sbrafh.org.br /public_html/images AnunSbrafh.jpg
106.08.23 13:13 B Z:\sbrafh\images\AnunSbrafh2.jpg --> ftp.sbrafh.org.br /public_html/images AnunSbrafh2.jpg
106.08.23 13:17 B Z:\sbrafh\images\AnunSbrafh.jpg --> ftp.sbrafh.org.br /public_html/images AnunSbrafh.jpg
106.10.06 18:59 B Z:\sbrafh\images\AnunSbrafh.jpg --> ftp.sbrafh.org.br /public_html/images AnunSbrafh.jpg
106.10.06 19:00 B Z:\sbrafh\images\livro_pag3.jpg --> ftp.sbrafh.org.br /public_html/images livro_pag3.jpg
106.10.06 19:00 B Z:\sbrafh\images\padroes.jpg --> ftp.sbrafh.org.br /public_html/images padroes.jpg
106.10.06 19:00 B Z:\sbrafh\images\AnunSbrafh.jpg --> ftp.sbrafh.org.br /public_html/images AnunSbrafh.jpg
106.10.06 19:00 B Z:\sbrafh\images\livro_pag6.jpg --> ftp.sbrafh.org.br /public_html/images livro_pag6.jpg
106.10.06 19:00 B Z:\sbrafh\images\livro_pag5.jpg --> ftp.sbrafh.org.br /public_html/images livro_pag5.jpg
106.10.06 19:00 B Z:\sbrafh\images\livro_pag4.jpg --> ftp.sbrafh.org.br /public_html/images livro_pag4.jpg
106.10.06 19:00 B Z:\sbrafh\images\livro_pag2.jpg --> ftp.sbrafh.org.br /public_html/images livro_pag2.jpg
106.10.06 19:00 B Z:\sbrafh\images\livro_pag1.jpg --> ftp.sbrafh.org.br /public_html/images livro_pag1.jpg
106.10.06 19:00 B Z:\sbrafh\images\livro_sumario.jpg --> ftp.sbrafh.org.br /public_html/images livro_sumario.jpg
106.10.06 19:00 B Z:\sbrafh\images\livro_capa.jpg --> ftp.sbrafh.org.br /public_html/images livro_capa.jpg
2006.12.06 18:00 B Z:\sbrafh\images\AnunSbrafh.jpg --> ftp.sbrafh.org.br /public_html/images AnunSbrafh.jpg
2006.12.12 13:31 B Z:\sbrafh\images\padroes.jpg --> ftp.sbrafh.org.br /public_html/images padroes.jpg
2006.12.12 13:31 B Z:\sbrafh\images\AnunSbrafh.jpg --> ftp.sbrafh.org.br /public_html/images AnunSbrafh.jpg
2006.12.12 16:06 B Z:\sbrafh\images\boxCongresso.jpg --> ftp.sbrafh.org.br /public_html/images boxCongresso.jpg
2007.02.13 20:06 B Z:\sbrafh\images\congresso.gif --> ftp.sbrafh.org.br /public_html/images congresso.gif
2007.06.20 15:20 B Z:\sbrafh\images\congresso.png --> ftp.sbrafh.org.br /public_html/images congresso.png
2007.06.20 15:20 B Z:\sbrafh\images\bannerRacine.gif --> ftp.sbrafh.org.br /public_html/images bannerRacine.gif
2007.06.20 15:32 B Z:\sbrafh\images\congresso.png --> ftp.sbrafh.org.br /public_html/images congresso.png
2007.07.16 15:30 B Z:\sbrafh\images\consulta.png --> ftp.sbrafh.org.br /public_html/images consulta.png
2007.07.16 15:31 B Z:\sbrafh\images\consulta.png --> ftp.sbrafh.org.br /public_html/images consulta.png
2007.07.25 03:58 B Z:\amfar\images\agenda.jpg --> ftp635.locaweb.com.br /public_html/images agenda.jpg
2007.07.25 03:58 B Z:\amfar\images\antispan.jpg --> ftp635.locaweb.com.br /public_html/images antispan.jpg
2007.07.25 03:58 B Z:\amfar\images\associese.jpg --> ftp635.locaweb.com.br /public_html/images associese.jpg
2007.07.25 03:58 B Z:\amfar\images\back.gif --> ftp635.locaweb.com.br /public_html/images back.gif
2007.07.25 03:58 B Z:\amfar\images\bannerCRFMG.png --> ftp635.locaweb.com.br /public_html/images bannerCRFMG.png
2007.07.25 03:58 B Z:\amfar\images\bannergodoy.gif --> ftp635.locaweb.com.br /public_html/images bannergodoy.gif
2007.07.25 03:58 B Z:\amfar\images\bannerPadrao.png --> ftp635.locaweb.com.br /public_html/images bannerPadrao.png
2007.07.25 03:58 B Z:\amfar\images\bannerPatrocinador.png --> ftp635.locaweb.com.br /public_html/images bannerPatrocinador.png
2007.07.25 03:58 B Z:\amfar\images\bannerRacine.gif --> ftp635.locaweb.com.br /public_html/images bannerRacine.gif
2007.07.25 03:58 B Z:\amfar\images\bannerSbrafh.png --> ftp635.locaweb.com.br /public_html/images bannerSbrafh.png
2007.07.25 03:58 B Z:\amfar\images\bemVindo.png --> ftp635.locaweb.com.br /public_html/images bemVindo.png
2007.07.25 03:58 B Z:\amfar\images\bemVindo2.png --> ftp635.locaweb.com.br /public_html/images bemVindo2.png
2007.07.25 03:58 B Z:\amfar\images\CompNet.gif --> ftp635.locaweb.com.br /public_html/images CompNet.gif
2007.07.25 03:58 B Z:\amfar\images\construcao.gif --> ftp635.locaweb.com.br /public_html/images construcao.gif
2007.07.25 03:58 B Z:\amfar\images\cursos.jpg --> ftp635.locaweb.com.br /public_html/images cursos.jpg
2007.07.25 03:58 B Z:\amfar\images\DiretoriaAtual.jpg --> ftp635.locaweb.com.br /public_html/images DiretoriaAtual.jpg
2007.07.25 03:58 B Z:\amfar\images\downloads.jpg --> ftp635.locaweb.com.br /public_html/images downloads.jpg
2007.07.25 03:58 B Z:\amfar\images\Estatuto.jpg --> ftp635.locaweb.com.br /public_html/images Estatuto.jpg
2007.07.25 03:58 B Z:\amfar\images\eventos.jpg --> ftp635.locaweb.com.br /public_html/images eventos.jpg
2007.07.25 03:59 B Z:\amfar\images\forum.jpg --> ftp635.locaweb.com.br /public_html/images forum.jpg
2007.07.25 03:59 B Z:\amfar\images\genericos.png --> ftp635.locaweb.com.br /public_html/images genericos.png
2007.07.25 03:59 B Z:\amfar\images\guest.jpg --> ftp635.locaweb.com.br /public_html/images guest.jpg
2007.07.25 03:59 B Z:\amfar\images\helena.jpg --> ftp635.locaweb.com.br /public_html/images helena.jpg
2007.07.25 03:59 B Z:\amfar\images\Historico.jpg --> ftp635.locaweb.com.br /public_html/images Historico.jpg
2007.07.25 03:59 B Z:\amfar\images\home.jpg --> ftp635.locaweb.com.br /public_html/images home.jpg
2007.07.25 03:59 B Z:\amfar\images\indique.jpg --> ftp635.locaweb.com.br /public_html/images indique.jpg
2007.07.25 03:59 B Z:\amfar\images\inscricaoOnLine.gif --> ftp635.locaweb.com.br /public_html/images inscricaoOnLine.gif
2007.07.25 03:59 B Z:\amfar\images\legislacao.jpg --> ftp635.locaweb.com.br /public_html/images legislacao.jpg
2007.07.25 03:59 B Z:\amfar\images\links.jpg --> ftp635.locaweb.com.br /public_html/images links.jpg
2007.07.25 03:59 B Z:\amfar\images\logoEmpresa.jpg --> ftp635.locaweb.com.br /public_html/images logoEmpresa.jpg
2007.07.25 03:59 B Z:\amfar\images\logoMail.gif --> ftp635.locaweb.com.br /public_html/images logoMail.gif
2007.07.25 03:59 B Z:\amfar\images\logotopo.gif --> ftp635.locaweb.com.br /public_html/images logotopo.gif
2007.07.25 03:59 B Z:\amfar\images\mainAdministracao.png --> ftp635.locaweb.com.br /public_html/images mainAdministracao.png
2007.07.25 03:59 B Z:\amfar\images\mainAgenciamento.png --> ftp635.locaweb.com.br /public_html/images mainAgenciamento.png
2007.07.25 03:59 B Z:\amfar\images\mainAgenda.png --> ftp635.locaweb.com.br /public_html/images mainAgenda.png
2007.07.25 03:59 B Z:\amfar\images\mainBoletos.png --> ftp635.locaweb.com.br /public_html/images mainBoletos.png
2007.07.25 03:59 B Z:\amfar\images\mainCadastro.png --> ftp635.locaweb.com.br /public_html/images mainCadastro.png
2007.07.25 03:59 B Z:\amfar\images\mainConheca.png --> ftp635.locaweb.com.br /public_html/images mainConheca.png
2007.07.25 03:59 B Z:\amfar\images\mainCursos1.png --> ftp635.locaweb.com.br /public_html/images mainCursos1.png
2007.07.25 03:59 B Z:\amfar\images\mainCursos2.png --> ftp635.locaweb.com.br /public_html/images mainCursos2.png
2007.07.25 03:59 B Z:\amfar\images\mainDiretoria.png --> ftp635.locaweb.com.br /public_html/images mainDiretoria.png
2007.07.25 03:59 B Z:\amfar\images\mainDownloads.png --> ftp635.locaweb.com.br /public_html/images mainDownloads.png
2007.07.25 03:59 B Z:\amfar\images\mainEstatuto.png --> ftp635.locaweb.com.br /public_html/images mainEstatuto.png
2007.07.25 03:59 B Z:\amfar\images\mainEventos1.png --> ftp635.locaweb.com.br /public_html/images mainEventos1.png
2007.07.25 03:59 B Z:\amfar\images\mainEventos2.png --> ftp635.locaweb.com.br /public_html/images mainEventos2.png
2007.07.25 03:59 B Z:\amfar\images\mainForum.png --> ftp635.locaweb.com.br /public_html/images mainForum.png
2007.07.25 03:59 B Z:\amfar\images\mainLinks.png --> ftp635.locaweb.com.br /public_html/images mainLinks.png
2007.07.25 03:59 B Z:\amfar\images\mainLocalizacao.png --> ftp635.locaweb.com.br /public_html/images mainLocalizacao.png
2007.07.25 03:59 B Z:\amfar\images\mainLogin.png --> ftp635.locaweb.com.br /public_html/images mainLogin.png
2007.07.25 03:59 B Z:\amfar\images\mainNoticias.png --> ftp635.locaweb.com.br /public_html/images mainNoticias.png
2007.07.25 03:59 B Z:\amfar\images\mainParceiros.png --> ftp635.locaweb.com.br /public_html/images mainParceiros.png
2007.07.25 03:59 B Z:\amfar\images\mainRestrito.png --> ftp635.locaweb.com.br /public_html/images mainRestrito.png
2007.07.25 03:59 B Z:\amfar\images\mainTitulos.png --> ftp635.locaweb.com.br /public_html/images mainTitulos.png
2007.07.25 03:59 B Z:\amfar\images\maisDetalhes.png --> ftp635.locaweb.com.br /public_html/images maisDetalhes.png
2007.07.25 03:59 B Z:\amfar\images\news.jpg --> ftp635.locaweb.com.br /public_html/images news.jpg
2007.07.25 03:59 B Z:\amfar\images\publicidade.png --> ftp635.locaweb.com.br /public_html/images publicidade.png
2007.07.25 03:59 B Z:\amfar\images\revista.jpg --> ftp635.locaweb.com.br /public_html/images revista.jpg
2007.07.25 03:59 B Z:\amfar\images\Thumbs.db --> ftp635.locaweb.com.br /public_html/images Thumbs.db
2007.07.25 03:59 B Z:\amfar\images\ticRed2.gif --> ftp635.locaweb.com.br /public_html/images ticRed2.gif
2007.07.25 03:59 B Z:\amfar\images\WS_FTP.LOG --> ftp635.locaweb.com.br /public_html/images WS_FTP.LOG
2007.07.25 19:00 B Z:\amfar\images\mainEventos1.png --> ftp635.locaweb.com.br /public_html/images mainEventos1.png
2007.07.25 19:00 B Z:\amfar\images\mainEventos2.png --> ftp635.locaweb.com.br /public_html/images mainEventos2.png
2007.07.26 00:55 B Z:\amfar\images\mainForum.png --> ftp635.locaweb.com.br /public_html/images mainForum.png
2007.07.26 00:55 B Z:\amfar\images\fundoForum.png --> ftp635.locaweb.com.br /public_html/images fundoForum.png
2007.07.26 01:44 B Z:\amfar\images\guest_03.png --> ftp635.locaweb.com.br /public_html/images guest_03.png
2007.07.26 01:44 B Z:\amfar\images\guest_02.png --> ftp635.locaweb.com.br /public_html/images guest_02.png
2007.07.26 01:44 B Z:\amfar\images\guest_01.png --> ftp635.locaweb.com.br /public_html/images guest_01.png
2007.07.26 02:13 B Z:\amfar\images\guest2_02.png --> ftp635.locaweb.com.br /public_html/images guest2_02.png
2007.07.26 03:57 B Z:\amfar\images\contato.jpg --> ftp635.locaweb.com.br /public_html/images contato.jpg
2007.07.26 05:35 B Z:\amfar\images\mainLegislacao.png --> ftp635.locaweb.com.br /public_html/images mainLegislacao.png
2007.07.26 05:45 B Z:\amfar\images\mainGenericos.png --> ftp635.locaweb.com.br /public_html/images mainGenericos.png
2007.07.26 20:54 B Z:\amfar\images\mainLogin.png --> ftp635.locaweb.com.br /public_html/images mainLogin.png
2007.07.26 22:36 B Z:\amfar\images\mailing.png --> ftp635.locaweb.com.br /public_html/images mailing.png
2007.07.26 22:36 B Z:\amfar\images\mainMailing.png --> ftp635.locaweb.com.br /public_html/images mainMailing.png
2007.07.26 22:36 B Z:\amfar\images\mainContato.png --> ftp635.locaweb.com.br /public_html/images mainContato.png
2007.07.27 01:58 B Z:\amfar\images\boleto.gif --> ftp635.locaweb.com.br /public_html/images boleto.gif
2007.08.06 19:27 B Z:\amfar\images\guest2_01.png --> ftp635.locaweb.com.br /public_html/images guest2_01.png
2007.08.06 19:27 B Z:\amfar\images\guest2_03.png --> ftp635.locaweb.com.br /public_html/images guest2_03.png
2007.08.06 19:27 B Z:\amfar\images\guest2_04.png --> ftp635.locaweb.com.br /public_html/images guest2_04.png
2007.08.06 19:27 B Z:\amfar\images\guest_04.png --> ftp635.locaweb.com.br /public_html/images guest_04.png
2007.08.06 19:27 B Z:\amfar\images\leftArrow.png --> ftp635.locaweb.com.br /public_html/images leftArrow.png
2007.08.06 19:27 B Z:\amfar\images\mainCursos0.png --> ftp635.locaweb.com.br /public_html/images mainCursos0.png
2007.08.06 19:27 B Z:\amfar\images\mainCursos1.png --> ftp635.locaweb.com.br /public_html/images mainCursos1.png
2007.08.06 19:27 B Z:\amfar\images\mainCursos2.png --> ftp635.locaweb.com.br /public_html/images mainCursos2.png
2007.08.06 19:27 B Z:\amfar\images\mainEventos0.png --> ftp635.locaweb.com.br /public_html/images mainEventos0.png
2007.08.06 19:27 B Z:\amfar\images\mainEventos1.png --> ftp635.locaweb.com.br /public_html/images mainEventos1.png
2007.08.06 19:27 B Z:\amfar\images\mainGallery.png --> ftp635.locaweb.com.br /public_html/images mainGallery.png
2007.08.06 19:27 B Z:\amfar\images\mainIndique.png --> ftp635.locaweb.com.br /public_html/images mainIndique.png
2007.08.06 19:27 B Z:\amfar\images\mainTitulos.png --> ftp635.locaweb.com.br /public_html/images mainTitulos.png
2007.08.06 19:27 B Z:\amfar\images\rightArrow.png --> ftp635.locaweb.com.br /public_html/images rightArrow.png
2007.08.06 19:28 B Z:\amfar\images\Thumbs.db --> ftp635.locaweb.com.br /public_html/images Thumbs.db
