2011.06.20 18:50 B F:\xampp\htdocs\zf-tutorial\library\Zend\Search\Lucene\Search\Query\Boolean.php --> ftp.portalridgid.com.br /public_html/zf-tutorial/library/Zend/Search/Lucene/Search/Query Boolean.php
2011.06.20 18:50 B F:\xampp\htdocs\zf-tutorial\library\Zend\Search\Lucene\Search\Query\Empty.php --> ftp.portalridgid.com.br /public_html/zf-tutorial/library/Zend/Search/Lucene/Search/Query Empty.php
2011.06.20 18:50 B F:\xampp\htdocs\zf-tutorial\library\Zend\Search\Lucene\Search\Query\Fuzzy.php --> ftp.portalridgid.com.br /public_html/zf-tutorial/library/Zend/Search/Lucene/Search/Query Fuzzy.php
2011.06.20 18:50 B F:\xampp\htdocs\zf-tutorial\library\Zend\Search\Lucene\Search\Query\Insignificant.php --> ftp.portalridgid.com.br /public_html/zf-tutorial/library/Zend/Search/Lucene/Search/Query Insignificant.php
2011.06.20 18:50 B F:\xampp\htdocs\zf-tutorial\library\Zend\Search\Lucene\Search\Query\MultiTerm.php --> ftp.portalridgid.com.br /public_html/zf-tutorial/library/Zend/Search/Lucene/Search/Query MultiTerm.php
2011.06.20 18:50 B F:\xampp\htdocs\zf-tutorial\library\Zend\Search\Lucene\Search\Query\Phrase.php --> ftp.portalridgid.com.br /public_html/zf-tutorial/library/Zend/Search/Lucene/Search/Query Phrase.php
2011.06.20 18:50 B F:\xampp\htdocs\zf-tutorial\library\Zend\Search\Lucene\Search\Query\Preprocessing.php --> ftp.portalridgid.com.br /public_html/zf-tutorial/library/Zend/Search/Lucene/Search/Query Preprocessing.php
2011.06.20 18:50 B F:\xampp\htdocs\zf-tutorial\library\Zend\Search\Lucene\Search\Query\Range.php --> ftp.portalridgid.com.br /public_html/zf-tutorial/library/Zend/Search/Lucene/Search/Query Range.php
2011.06.20 18:50 B F:\xampp\htdocs\zf-tutorial\library\Zend\Search\Lucene\Search\Query\Term.php --> ftp.portalridgid.com.br /public_html/zf-tutorial/library/Zend/Search/Lucene/Search/Query Term.php
2011.06.20 18:50 B F:\xampp\htdocs\zf-tutorial\library\Zend\Search\Lucene\Search\Query\Wildcard.php --> ftp.portalridgid.com.br /public_html/zf-tutorial/library/Zend/Search/Lucene/Search/Query Wildcard.php
2011.06.30 03:17 B F:\xampp\htdocs\zendLibrary\Zend\Search\Lucene\Search\Query\WS_FTP.LOG --> ftp.sbrafh.org.br /sbrafh/Web/zendLibrary/Zend/Search/Lucene/Search/Query WS_FTP.LOG
2011.06.30 03:17 B F:\xampp\htdocs\zendLibrary\Zend\Search\Lucene\Search\Query\Wildcard.php --> ftp.sbrafh.org.br /sbrafh/Web/zendLibrary/Zend/Search/Lucene/Search/Query Wildcard.php
2011.06.30 03:17 B F:\xampp\htdocs\zendLibrary\Zend\Search\Lucene\Search\Query\Term.php --> ftp.sbrafh.org.br /sbrafh/Web/zendLibrary/Zend/Search/Lucene/Search/Query Term.php
2011.06.30 03:17 B F:\xampp\htdocs\zendLibrary\Zend\Search\Lucene\Search\Query\Range.php --> ftp.sbrafh.org.br /sbrafh/Web/zendLibrary/Zend/Search/Lucene/Search/Query Range.php
2011.06.30 03:17 B F:\xampp\htdocs\zendLibrary\Zend\Search\Lucene\Search\Query\Preprocessing.php --> ftp.sbrafh.org.br /sbrafh/Web/zendLibrary/Zend/Search/Lucene/Search/Query Preprocessing.php
2011.06.30 03:17 B F:\xampp\htdocs\zendLibrary\Zend\Search\Lucene\Search\Query\Phrase.php --> ftp.sbrafh.org.br /sbrafh/Web/zendLibrary/Zend/Search/Lucene/Search/Query Phrase.php
2011.06.30 03:17 B F:\xampp\htdocs\zendLibrary\Zend\Search\Lucene\Search\Query\MultiTerm.php --> ftp.sbrafh.org.br /sbrafh/Web/zendLibrary/Zend/Search/Lucene/Search/Query MultiTerm.php
2011.06.30 03:17 B F:\xampp\htdocs\zendLibrary\Zend\Search\Lucene\Search\Query\Insignificant.php --> ftp.sbrafh.org.br /sbrafh/Web/zendLibrary/Zend/Search/Lucene/Search/Query Insignificant.php
2011.06.30 03:17 B F:\xampp\htdocs\zendLibrary\Zend\Search\Lucene\Search\Query\Fuzzy.php --> ftp.sbrafh.org.br /sbrafh/Web/zendLibrary/Zend/Search/Lucene/Search/Query Fuzzy.php
2011.06.30 03:17 B F:\xampp\htdocs\zendLibrary\Zend\Search\Lucene\Search\Query\Empty.php --> ftp.sbrafh.org.br /sbrafh/Web/zendLibrary/Zend/Search/Lucene/Search/Query Empty.php
2011.06.30 03:17 B F:\xampp\htdocs\zendLibrary\Zend\Search\Lucene\Search\Query\Boolean.php --> ftp.sbrafh.org.br /sbrafh/Web/zendLibrary/Zend/Search/Lucene/Search/Query Boolean.php
2011.07.09 00:16 B F:\xampp\htdocs\zendLibrary\Zend\Search\Lucene\Search\Query\Boolean.php --> ftp.radiofone.com.br /public_html/radiofone/zendLibrary/Zend/Search/Lucene/Search/Query Boolean.php
2011.07.09 00:16 B F:\xampp\htdocs\zendLibrary\Zend\Search\Lucene\Search\Query\Empty.php --> ftp.radiofone.com.br /public_html/radiofone/zendLibrary/Zend/Search/Lucene/Search/Query Empty.php
2011.07.09 00:16 B F:\xampp\htdocs\zendLibrary\Zend\Search\Lucene\Search\Query\Fuzzy.php --> ftp.radiofone.com.br /public_html/radiofone/zendLibrary/Zend/Search/Lucene/Search/Query Fuzzy.php
2011.07.09 00:16 B F:\xampp\htdocs\zendLibrary\Zend\Search\Lucene\Search\Query\Insignificant.php --> ftp.radiofone.com.br /public_html/radiofone/zendLibrary/Zend/Search/Lucene/Search/Query Insignificant.php
2011.07.09 00:16 B F:\xampp\htdocs\zendLibrary\Zend\Search\Lucene\Search\Query\MultiTerm.php --> ftp.radiofone.com.br /public_html/radiofone/zendLibrary/Zend/Search/Lucene/Search/Query MultiTerm.php
2011.07.09 00:16 B F:\xampp\htdocs\zendLibrary\Zend\Search\Lucene\Search\Query\Phrase.php --> ftp.radiofone.com.br /public_html/radiofone/zendLibrary/Zend/Search/Lucene/Search/Query Phrase.php
2011.07.09 00:16 B F:\xampp\htdocs\zendLibrary\Zend\Search\Lucene\Search\Query\Preprocessing.php --> ftp.radiofone.com.br /public_html/radiofone/zendLibrary/Zend/Search/Lucene/Search/Query Preprocessing.php
2011.07.09 00:16 B F:\xampp\htdocs\zendLibrary\Zend\Search\Lucene\Search\Query\Range.php --> ftp.radiofone.com.br /public_html/radiofone/zendLibrary/Zend/Search/Lucene/Search/Query Range.php
2011.07.09 00:16 B F:\xampp\htdocs\zendLibrary\Zend\Search\Lucene\Search\Query\Term.php --> ftp.radiofone.com.br /public_html/radiofone/zendLibrary/Zend/Search/Lucene/Search/Query Term.php
2011.07.09 00:16 B F:\xampp\htdocs\zendLibrary\Zend\Search\Lucene\Search\Query\Wildcard.php --> ftp.radiofone.com.br /public_html/radiofone/zendLibrary/Zend/Search/Lucene/Search/Query Wildcard.php
2011.07.09 00:16 B F:\xampp\htdocs\zendLibrary\Zend\Search\Lucene\Search\Query\WS_FTP.LOG --> ftp.radiofone.com.br /public_html/radiofone/zendLibrary/Zend/Search/Lucene/Search/Query WS_FTP.LOG
2011.07.26 23:05 B F:\xampp\htdocs\zendLibrary\Zend\Search\Lucene\Search\Query\Boolean.php --> ftp.sobrafo.org.br /public_html/zendLibrary/Zend/Search/Lucene/Search/Query Boolean.php
2011.07.26 23:05 B F:\xampp\htdocs\zendLibrary\Zend\Search\Lucene\Search\Query\Empty.php --> ftp.sobrafo.org.br /public_html/zendLibrary/Zend/Search/Lucene/Search/Query Empty.php
2011.07.26 23:05 B F:\xampp\htdocs\zendLibrary\Zend\Search\Lucene\Search\Query\Fuzzy.php --> ftp.sobrafo.org.br /public_html/zendLibrary/Zend/Search/Lucene/Search/Query Fuzzy.php
2011.07.26 23:05 B F:\xampp\htdocs\zendLibrary\Zend\Search\Lucene\Search\Query\Insignificant.php --> ftp.sobrafo.org.br /public_html/zendLibrary/Zend/Search/Lucene/Search/Query Insignificant.php
2011.07.26 23:05 B F:\xampp\htdocs\zendLibrary\Zend\Search\Lucene\Search\Query\MultiTerm.php --> ftp.sobrafo.org.br /public_html/zendLibrary/Zend/Search/Lucene/Search/Query MultiTerm.php
2011.07.26 23:05 B F:\xampp\htdocs\zendLibrary\Zend\Search\Lucene\Search\Query\Phrase.php --> ftp.sobrafo.org.br /public_html/zendLibrary/Zend/Search/Lucene/Search/Query Phrase.php
2011.07.26 23:05 B F:\xampp\htdocs\zendLibrary\Zend\Search\Lucene\Search\Query\Preprocessing.php --> ftp.sobrafo.org.br /public_html/zendLibrary/Zend/Search/Lucene/Search/Query Preprocessing.php
2011.07.26 23:05 B F:\xampp\htdocs\zendLibrary\Zend\Search\Lucene\Search\Query\Range.php --> ftp.sobrafo.org.br /public_html/zendLibrary/Zend/Search/Lucene/Search/Query Range.php
2011.07.26 23:05 B F:\xampp\htdocs\zendLibrary\Zend\Search\Lucene\Search\Query\Term.php --> ftp.sobrafo.org.br /public_html/zendLibrary/Zend/Search/Lucene/Search/Query Term.php
2011.07.26 23:05 B F:\xampp\htdocs\zendLibrary\Zend\Search\Lucene\Search\Query\Wildcard.php --> ftp.sobrafo.org.br /public_html/zendLibrary/Zend/Search/Lucene/Search/Query Wildcard.php
2011.07.26 23:05 B F:\xampp\htdocs\zendLibrary\Zend\Search\Lucene\Search\Query\WS_FTP.LOG --> ftp.sobrafo.org.br /public_html/zendLibrary/Zend/Search/Lucene/Search/Query WS_FTP.LOG
2011.08.09 17:26 B F:\xampp\htdocs\ZendLibrary\Zend\Search\Lucene\Search\Query\Boolean.php --> ftp.amfar.com.br /public_html/ZendLibrary/Zend/Search/Lucene/Search/Query Boolean.php
2011.08.09 17:26 B F:\xampp\htdocs\ZendLibrary\Zend\Search\Lucene\Search\Query\Empty.php --> ftp.amfar.com.br /public_html/ZendLibrary/Zend/Search/Lucene/Search/Query Empty.php
2011.08.09 17:26 B F:\xampp\htdocs\ZendLibrary\Zend\Search\Lucene\Search\Query\Fuzzy.php --> ftp.amfar.com.br /public_html/ZendLibrary/Zend/Search/Lucene/Search/Query Fuzzy.php
2011.08.09 17:26 B F:\xampp\htdocs\ZendLibrary\Zend\Search\Lucene\Search\Query\Insignificant.php --> ftp.amfar.com.br /public_html/ZendLibrary/Zend/Search/Lucene/Search/Query Insignificant.php
2011.08.09 17:26 B F:\xampp\htdocs\ZendLibrary\Zend\Search\Lucene\Search\Query\MultiTerm.php --> ftp.amfar.com.br /public_html/ZendLibrary/Zend/Search/Lucene/Search/Query MultiTerm.php
2011.08.09 17:26 B F:\xampp\htdocs\ZendLibrary\Zend\Search\Lucene\Search\Query\Phrase.php --> ftp.amfar.com.br /public_html/ZendLibrary/Zend/Search/Lucene/Search/Query Phrase.php
2011.08.09 17:26 B F:\xampp\htdocs\ZendLibrary\Zend\Search\Lucene\Search\Query\Preprocessing.php --> ftp.amfar.com.br /public_html/ZendLibrary/Zend/Search/Lucene/Search/Query Preprocessing.php
2011.08.09 17:26 B F:\xampp\htdocs\ZendLibrary\Zend\Search\Lucene\Search\Query\Range.php --> ftp.amfar.com.br /public_html/ZendLibrary/Zend/Search/Lucene/Search/Query Range.php
2011.08.09 17:26 B F:\xampp\htdocs\ZendLibrary\Zend\Search\Lucene\Search\Query\Term.php --> ftp.amfar.com.br /public_html/ZendLibrary/Zend/Search/Lucene/Search/Query Term.php
2011.08.09 17:26 B F:\xampp\htdocs\ZendLibrary\Zend\Search\Lucene\Search\Query\Wildcard.php --> ftp.amfar.com.br /public_html/ZendLibrary/Zend/Search/Lucene/Search/Query Wildcard.php
