2011.06.20 18:53 B F:\xampp\htdocs\zf-tutorial\library\Zend\Service\ShortUrl\AbstractShortener.php --> ftp.portalridgid.com.br /public_html/zf-tutorial/library/Zend/Service/ShortUrl AbstractShortener.php
2011.06.20 18:53 B F:\xampp\htdocs\zf-tutorial\library\Zend\Service\ShortUrl\Exception.php --> ftp.portalridgid.com.br /public_html/zf-tutorial/library/Zend/Service/ShortUrl Exception.php
2011.06.20 18:53 B F:\xampp\htdocs\zf-tutorial\library\Zend\Service\ShortUrl\IsGd.php --> ftp.portalridgid.com.br /public_html/zf-tutorial/library/Zend/Service/ShortUrl IsGd.php
2011.06.20 18:53 B F:\xampp\htdocs\zf-tutorial\library\Zend\Service\ShortUrl\JdemCz.php --> ftp.portalridgid.com.br /public_html/zf-tutorial/library/Zend/Service/ShortUrl JdemCz.php
2011.06.20 18:53 B F:\xampp\htdocs\zf-tutorial\library\Zend\Service\ShortUrl\MetamarkNet.php --> ftp.portalridgid.com.br /public_html/zf-tutorial/library/Zend/Service/ShortUrl MetamarkNet.php
2011.06.20 18:54 B F:\xampp\htdocs\zf-tutorial\library\Zend\Service\ShortUrl\Shortener.php --> ftp.portalridgid.com.br /public_html/zf-tutorial/library/Zend/Service/ShortUrl Shortener.php
2011.06.20 18:54 B F:\xampp\htdocs\zf-tutorial\library\Zend\Service\ShortUrl\TinyUrlCom.php --> ftp.portalridgid.com.br /public_html/zf-tutorial/library/Zend/Service/ShortUrl TinyUrlCom.php
2011.06.30 03:12 B F:\xampp\htdocs\zendLibrary\Zend\Service\ShortUrl\WS_FTP.LOG --> ftp.sbrafh.org.br /sbrafh/Web/zendLibrary/Zend/Service/ShortUrl WS_FTP.LOG
2011.06.30 03:12 B F:\xampp\htdocs\zendLibrary\Zend\Service\ShortUrl\TinyUrlCom.php --> ftp.sbrafh.org.br /sbrafh/Web/zendLibrary/Zend/Service/ShortUrl TinyUrlCom.php
2011.06.30 03:12 B F:\xampp\htdocs\zendLibrary\Zend\Service\ShortUrl\Shortener.php --> ftp.sbrafh.org.br /sbrafh/Web/zendLibrary/Zend/Service/ShortUrl Shortener.php
2011.06.30 03:12 B F:\xampp\htdocs\zendLibrary\Zend\Service\ShortUrl\MetamarkNet.php --> ftp.sbrafh.org.br /sbrafh/Web/zendLibrary/Zend/Service/ShortUrl MetamarkNet.php
2011.06.30 03:12 B F:\xampp\htdocs\zendLibrary\Zend\Service\ShortUrl\JdemCz.php --> ftp.sbrafh.org.br /sbrafh/Web/zendLibrary/Zend/Service/ShortUrl JdemCz.php
2011.06.30 03:12 B F:\xampp\htdocs\zendLibrary\Zend\Service\ShortUrl\IsGd.php --> ftp.sbrafh.org.br /sbrafh/Web/zendLibrary/Zend/Service/ShortUrl IsGd.php
2011.06.30 03:12 B F:\xampp\htdocs\zendLibrary\Zend\Service\ShortUrl\Exception.php --> ftp.sbrafh.org.br /sbrafh/Web/zendLibrary/Zend/Service/ShortUrl Exception.php
2011.06.30 03:12 B F:\xampp\htdocs\zendLibrary\Zend\Service\ShortUrl\AbstractShortener.php --> ftp.sbrafh.org.br /sbrafh/Web/zendLibrary/Zend/Service/ShortUrl AbstractShortener.php
2011.07.09 00:20 B F:\xampp\htdocs\zendLibrary\Zend\Service\ShortUrl\AbstractShortener.php --> ftp.radiofone.com.br /public_html/radiofone/zendLibrary/Zend/Service/ShortUrl AbstractShortener.php
2011.07.09 00:20 B F:\xampp\htdocs\zendLibrary\Zend\Service\ShortUrl\Exception.php --> ftp.radiofone.com.br /public_html/radiofone/zendLibrary/Zend/Service/ShortUrl Exception.php
2011.07.09 00:20 B F:\xampp\htdocs\zendLibrary\Zend\Service\ShortUrl\IsGd.php --> ftp.radiofone.com.br /public_html/radiofone/zendLibrary/Zend/Service/ShortUrl IsGd.php
2011.07.09 00:20 B F:\xampp\htdocs\zendLibrary\Zend\Service\ShortUrl\JdemCz.php --> ftp.radiofone.com.br /public_html/radiofone/zendLibrary/Zend/Service/ShortUrl JdemCz.php
2011.07.09 00:20 B F:\xampp\htdocs\zendLibrary\Zend\Service\ShortUrl\MetamarkNet.php --> ftp.radiofone.com.br /public_html/radiofone/zendLibrary/Zend/Service/ShortUrl MetamarkNet.php
2011.07.09 00:20 B F:\xampp\htdocs\zendLibrary\Zend\Service\ShortUrl\Shortener.php --> ftp.radiofone.com.br /public_html/radiofone/zendLibrary/Zend/Service/ShortUrl Shortener.php
2011.07.09 00:20 B F:\xampp\htdocs\zendLibrary\Zend\Service\ShortUrl\TinyUrlCom.php --> ftp.radiofone.com.br /public_html/radiofone/zendLibrary/Zend/Service/ShortUrl TinyUrlCom.php
2011.07.09 00:20 B F:\xampp\htdocs\zendLibrary\Zend\Service\ShortUrl\WS_FTP.LOG --> ftp.radiofone.com.br /public_html/radiofone/zendLibrary/Zend/Service/ShortUrl WS_FTP.LOG
2011.07.26 23:09 B F:\xampp\htdocs\zendLibrary\Zend\Service\ShortUrl\AbstractShortener.php --> ftp.sobrafo.org.br /public_html/zendLibrary/Zend/Service/ShortUrl AbstractShortener.php
2011.07.26 23:09 B F:\xampp\htdocs\zendLibrary\Zend\Service\ShortUrl\Exception.php --> ftp.sobrafo.org.br /public_html/zendLibrary/Zend/Service/ShortUrl Exception.php
2011.07.26 23:09 B F:\xampp\htdocs\zendLibrary\Zend\Service\ShortUrl\IsGd.php --> ftp.sobrafo.org.br /public_html/zendLibrary/Zend/Service/ShortUrl IsGd.php
2011.07.26 23:09 B F:\xampp\htdocs\zendLibrary\Zend\Service\ShortUrl\JdemCz.php --> ftp.sobrafo.org.br /public_html/zendLibrary/Zend/Service/ShortUrl JdemCz.php
2011.07.26 23:09 B F:\xampp\htdocs\zendLibrary\Zend\Service\ShortUrl\MetamarkNet.php --> ftp.sobrafo.org.br /public_html/zendLibrary/Zend/Service/ShortUrl MetamarkNet.php
2011.07.26 23:09 B F:\xampp\htdocs\zendLibrary\Zend\Service\ShortUrl\Shortener.php --> ftp.sobrafo.org.br /public_html/zendLibrary/Zend/Service/ShortUrl Shortener.php
2011.07.26 23:09 B F:\xampp\htdocs\zendLibrary\Zend\Service\ShortUrl\TinyUrlCom.php --> ftp.sobrafo.org.br /public_html/zendLibrary/Zend/Service/ShortUrl TinyUrlCom.php
2011.07.26 23:09 B F:\xampp\htdocs\zendLibrary\Zend\Service\ShortUrl\WS_FTP.LOG --> ftp.sobrafo.org.br /public_html/zendLibrary/Zend/Service/ShortUrl WS_FTP.LOG
2011.08.09 17:29 B F:\xampp\htdocs\ZendLibrary\Zend\Service\ShortUrl\AbstractShortener.php --> ftp.amfar.com.br /public_html/ZendLibrary/Zend/Service/ShortUrl AbstractShortener.php
2011.08.09 17:29 B F:\xampp\htdocs\ZendLibrary\Zend\Service\ShortUrl\Exception.php --> ftp.amfar.com.br /public_html/ZendLibrary/Zend/Service/ShortUrl Exception.php
2011.08.09 17:29 B F:\xampp\htdocs\ZendLibrary\Zend\Service\ShortUrl\IsGd.php --> ftp.amfar.com.br /public_html/ZendLibrary/Zend/Service/ShortUrl IsGd.php
2011.08.09 17:29 B F:\xampp\htdocs\ZendLibrary\Zend\Service\ShortUrl\JdemCz.php --> ftp.amfar.com.br /public_html/ZendLibrary/Zend/Service/ShortUrl JdemCz.php
2011.08.09 17:29 B F:\xampp\htdocs\ZendLibrary\Zend\Service\ShortUrl\MetamarkNet.php --> ftp.amfar.com.br /public_html/ZendLibrary/Zend/Service/ShortUrl MetamarkNet.php
2011.08.09 17:29 B F:\xampp\htdocs\ZendLibrary\Zend\Service\ShortUrl\Shortener.php --> ftp.amfar.com.br /public_html/ZendLibrary/Zend/Service/ShortUrl Shortener.php
2011.08.09 17:29 B F:\xampp\htdocs\ZendLibrary\Zend\Service\ShortUrl\TinyUrlCom.php --> ftp.amfar.com.br /public_html/ZendLibrary/Zend/Service/ShortUrl TinyUrlCom.php
