2009.10.20 18:11 B X:\portalridgid\proaction\Banner\sounds\music.mp3 --> ftp.portalridgid.com.br /public_html/proaction/Banner/sounds music.mp3
2009.10.20 18:11 B X:\portalridgid\proaction\Banner\sounds\page_transition_effect.mp3 --> ftp.portalridgid.com.br /public_html/proaction/Banner/sounds page_transition_effect.mp3
2009.10.29 17:08 B X:\portalridgid\proaction\banner\sounds\music.mp3 --> ftp.portalridgid.com.br /public_html/proaction/banner/sounds music.mp3
2009.10.29 17:08 B X:\portalridgid\proaction\banner\sounds\page_transition_effect.mp3 --> ftp.portalridgid.com.br /public_html/proaction/banner/sounds page_transition_effect.mp3
2009.10.29 17:08 B X:\portalridgid\proaction\banner\sounds\WS_FTP.LOG --> ftp.portalridgid.com.br /public_html/proaction/banner/sounds WS_FTP.LOG
2011.09.16 12:32 B F:\xampp\htdocs\portalridgid\vendasvarejo\banner\sounds\music.mp3 --> ftp.portalridgid.com.br /public_html/vendasvarejo/banner/sounds music.mp3
2011.09.16 12:32 B F:\xampp\htdocs\portalridgid\vendasvarejo\banner\sounds\page_transition_effect.mp3 --> ftp.portalridgid.com.br /public_html/vendasvarejo/banner/sounds page_transition_effect.mp3
2011.09.16 12:32 B F:\xampp\htdocs\portalridgid\vendasvarejo\banner\sounds\WS_FTP.LOG --> ftp.portalridgid.com.br /public_html/vendasvarejo/banner/sounds WS_FTP.LOG
2011.10.25 02:37 B F:\xampp\htdocs\portal\pac2012\public\banner\sounds\music.mp3 --> ftp.portalridgid.com.br /public_html/proaction/pac2012/public/banner/sounds music.mp3
2011.10.25 02:37 B F:\xampp\htdocs\portal\pac2012\public\banner\sounds\page_transition_effect.mp3 --> ftp.portalridgid.com.br /public_html/proaction/pac2012/public/banner/sounds page_transition_effect.mp3
2011.10.25 02:37 B F:\xampp\htdocs\portal\pac2012\public\banner\sounds\WS_FTP.LOG --> ftp.portalridgid.com.br /public_html/proaction/pac2012/public/banner/sounds WS_FTP.LOG
2012.03.14 00:50 B F:\xampp\htdocs\portal\aniversario\public\banner\sounds\music.mp3 --> ftp.portalridgid.com.br /public_html/nossoaniversariovocequemfaz/public/banner/sounds music.mp3
2012.03.14 00:50 B F:\xampp\htdocs\portal\aniversario\public\banner\sounds\page_transition_effect.mp3 --> ftp.portalridgid.com.br /public_html/nossoaniversariovocequemfaz/public/banner/sounds page_transition_effect.mp3
2012.03.14 00:50 B F:\xampp\htdocs\portal\aniversario\public\banner\sounds\WS_FTP.LOG --> ftp.portalridgid.com.br /public_html/nossoaniversariovocequemfaz/public/banner/sounds WS_FTP.LOG
2012.03.15 18:49 B F:\xampp\htdocs\portal\aniversario\public\banner\sounds\music.mp3 --> ftp.portalridgid.com.br /public_html/onossoaniversariovocequemfaz/varejo/public/banner/sounds music.mp3
2012.03.15 18:49 B F:\xampp\htdocs\portal\aniversario\public\banner\sounds\page_transition_effect.mp3 --> ftp.portalridgid.com.br /public_html/onossoaniversariovocequemfaz/varejo/public/banner/sounds page_transition_effect.mp3
2012.03.15 18:49 B F:\xampp\htdocs\portal\aniversario\public\banner\sounds\WS_FTP.LOG --> ftp.portalridgid.com.br /public_html/onossoaniversariovocequemfaz/varejo/public/banner/sounds WS_FTP.LOG
2012.09.11 10:29 B F:\xampp\htdocs\portal\aniversario\public\banner\sounds\music.mp3 <-- portal /public_html/onossoaniversariovocequemfaz/public/banner/sounds music.mp3
2012.09.11 10:29 B F:\xampp\htdocs\portal\aniversario\public\banner\sounds\page_transition_effect.mp3 <-- portal /public_html/onossoaniversariovocequemfaz/public/banner/sounds page_transition_effect.mp3
2012.10.02 14:32 B F:\xampp\htdocs\sbrafh\congresso2012\public\banner\sounds\music.mp3 --> ftp.sbrafh.org.br /public_html/congresso2012/public/banner/sounds music.mp3
2012.10.02 14:32 B F:\xampp\htdocs\sbrafh\congresso2012\public\banner\sounds\page_transition_effect.mp3 --> ftp.sbrafh.org.br /public_html/congresso2012/public/banner/sounds page_transition_effect.mp3
2012.10.02 14:32 B F:\xampp\htdocs\sbrafh\congresso2012\public\banner\sounds\WS_FTP.LOG --> ftp.sbrafh.org.br /public_html/congresso2012/public/banner/sounds WS_FTP.LOG
