2011.06.20 18:54 B F:\xampp\htdocs\zf-tutorial\library\Zend\Service\WindowsAzure\Diagnostics\ConfigurationDataSources.php --> ftp.portalridgid.com.br /public_html/zf-tutorial/library/Zend/Service/WindowsAzure/Diagnostics ConfigurationDataSources.php
2011.06.20 18:54 B F:\xampp\htdocs\zf-tutorial\library\Zend\Service\WindowsAzure\Diagnostics\ConfigurationDiagnosticInfrastructureLogs.php --> ftp.portalridgid.com.br /public_html/zf-tutorial/library/Zend/Service/WindowsAzure/Diagnostics ConfigurationDiagnosticInfrastructureLogs.php
2011.06.20 18:54 B F:\xampp\htdocs\zf-tutorial\library\Zend\Service\WindowsAzure\Diagnostics\ConfigurationDirectories.php --> ftp.portalridgid.com.br /public_html/zf-tutorial/library/Zend/Service/WindowsAzure/Diagnostics ConfigurationDirectories.php
2011.06.20 18:54 B F:\xampp\htdocs\zf-tutorial\library\Zend\Service\WindowsAzure\Diagnostics\ConfigurationInstance.php --> ftp.portalridgid.com.br /public_html/zf-tutorial/library/Zend/Service/WindowsAzure/Diagnostics ConfigurationInstance.php
2011.06.20 18:54 B F:\xampp\htdocs\zf-tutorial\library\Zend\Service\WindowsAzure\Diagnostics\ConfigurationLogs.php --> ftp.portalridgid.com.br /public_html/zf-tutorial/library/Zend/Service/WindowsAzure/Diagnostics ConfigurationLogs.php
2011.06.20 18:54 B F:\xampp\htdocs\zf-tutorial\library\Zend\Service\WindowsAzure\Diagnostics\ConfigurationObjectBaseAbstract.php --> ftp.portalridgid.com.br /public_html/zf-tutorial/library/Zend/Service/WindowsAzure/Diagnostics ConfigurationObjectBaseAbstract.php
2011.06.20 18:54 B F:\xampp\htdocs\zf-tutorial\library\Zend\Service\WindowsAzure\Diagnostics\ConfigurationPerformanceCounters.php --> ftp.portalridgid.com.br /public_html/zf-tutorial/library/Zend/Service/WindowsAzure/Diagnostics ConfigurationPerformanceCounters.php
2011.06.20 18:54 B F:\xampp\htdocs\zf-tutorial\library\Zend\Service\WindowsAzure\Diagnostics\ConfigurationWindowsEventLog.php --> ftp.portalridgid.com.br /public_html/zf-tutorial/library/Zend/Service/WindowsAzure/Diagnostics ConfigurationWindowsEventLog.php
2011.06.20 18:54 B F:\xampp\htdocs\zf-tutorial\library\Zend\Service\WindowsAzure\Diagnostics\DirectoryConfigurationSubscription.php --> ftp.portalridgid.com.br /public_html/zf-tutorial/library/Zend/Service/WindowsAzure/Diagnostics DirectoryConfigurationSubscription.php
2011.06.20 18:54 B F:\xampp\htdocs\zf-tutorial\library\Zend\Service\WindowsAzure\Diagnostics\Exception.php --> ftp.portalridgid.com.br /public_html/zf-tutorial/library/Zend/Service/WindowsAzure/Diagnostics Exception.php
2011.06.20 18:54 B F:\xampp\htdocs\zf-tutorial\library\Zend\Service\WindowsAzure\Diagnostics\LogLevel.php --> ftp.portalridgid.com.br /public_html/zf-tutorial/library/Zend/Service/WindowsAzure/Diagnostics LogLevel.php
2011.06.20 18:54 B F:\xampp\htdocs\zf-tutorial\library\Zend\Service\WindowsAzure\Diagnostics\Manager.php --> ftp.portalridgid.com.br /public_html/zf-tutorial/library/Zend/Service/WindowsAzure/Diagnostics Manager.php
2011.06.20 18:54 B F:\xampp\htdocs\zf-tutorial\library\Zend\Service\WindowsAzure\Diagnostics\PerformanceCounterSubscription.php --> ftp.portalridgid.com.br /public_html/zf-tutorial/library/Zend/Service/WindowsAzure/Diagnostics PerformanceCounterSubscription.php
2011.06.30 03:11 B F:\xampp\htdocs\zendLibrary\Zend\Service\WindowsAzure\Diagnostics\WS_FTP.LOG --> ftp.sbrafh.org.br /sbrafh/Web/zendLibrary/Zend/Service/WindowsAzure/Diagnostics WS_FTP.LOG
2011.06.30 03:11 B F:\xampp\htdocs\zendLibrary\Zend\Service\WindowsAzure\Diagnostics\PerformanceCounterSubscription.php --> ftp.sbrafh.org.br /sbrafh/Web/zendLibrary/Zend/Service/WindowsAzure/Diagnostics PerformanceCounterSubscription.php
2011.06.30 03:11 B F:\xampp\htdocs\zendLibrary\Zend\Service\WindowsAzure\Diagnostics\Manager.php --> ftp.sbrafh.org.br /sbrafh/Web/zendLibrary/Zend/Service/WindowsAzure/Diagnostics Manager.php
2011.06.30 03:11 B F:\xampp\htdocs\zendLibrary\Zend\Service\WindowsAzure\Diagnostics\LogLevel.php --> ftp.sbrafh.org.br /sbrafh/Web/zendLibrary/Zend/Service/WindowsAzure/Diagnostics LogLevel.php
2011.06.30 03:11 B F:\xampp\htdocs\zendLibrary\Zend\Service\WindowsAzure\Diagnostics\Exception.php --> ftp.sbrafh.org.br /sbrafh/Web/zendLibrary/Zend/Service/WindowsAzure/Diagnostics Exception.php
2011.06.30 03:11 B F:\xampp\htdocs\zendLibrary\Zend\Service\WindowsAzure\Diagnostics\DirectoryConfigurationSubscription.php --> ftp.sbrafh.org.br /sbrafh/Web/zendLibrary/Zend/Service/WindowsAzure/Diagnostics DirectoryConfigurationSubscription.php
2011.06.30 03:11 B F:\xampp\htdocs\zendLibrary\Zend\Service\WindowsAzure\Diagnostics\ConfigurationWindowsEventLog.php --> ftp.sbrafh.org.br /sbrafh/Web/zendLibrary/Zend/Service/WindowsAzure/Diagnostics ConfigurationWindowsEventLog.php
2011.06.30 03:11 B F:\xampp\htdocs\zendLibrary\Zend\Service\WindowsAzure\Diagnostics\ConfigurationPerformanceCounters.php --> ftp.sbrafh.org.br /sbrafh/Web/zendLibrary/Zend/Service/WindowsAzure/Diagnostics ConfigurationPerformanceCounters.php
2011.06.30 03:11 B F:\xampp\htdocs\zendLibrary\Zend\Service\WindowsAzure\Diagnostics\ConfigurationObjectBaseAbstract.php --> ftp.sbrafh.org.br /sbrafh/Web/zendLibrary/Zend/Service/WindowsAzure/Diagnostics ConfigurationObjectBaseAbstract.php
2011.06.30 03:11 B F:\xampp\htdocs\zendLibrary\Zend\Service\WindowsAzure\Diagnostics\ConfigurationLogs.php --> ftp.sbrafh.org.br /sbrafh/Web/zendLibrary/Zend/Service/WindowsAzure/Diagnostics ConfigurationLogs.php
2011.06.30 03:11 B F:\xampp\htdocs\zendLibrary\Zend\Service\WindowsAzure\Diagnostics\ConfigurationInstance.php --> ftp.sbrafh.org.br /sbrafh/Web/zendLibrary/Zend/Service/WindowsAzure/Diagnostics ConfigurationInstance.php
2011.06.30 03:11 B F:\xampp\htdocs\zendLibrary\Zend\Service\WindowsAzure\Diagnostics\ConfigurationDirectories.php --> ftp.sbrafh.org.br /sbrafh/Web/zendLibrary/Zend/Service/WindowsAzure/Diagnostics ConfigurationDirectories.php
2011.06.30 03:11 B F:\xampp\htdocs\zendLibrary\Zend\Service\WindowsAzure\Diagnostics\ConfigurationDiagnosticInfrastructureLogs.php --> ftp.sbrafh.org.br /sbrafh/Web/zendLibrary/Zend/Service/WindowsAzure/Diagnostics ConfigurationDiagnosticInfrastructureLogs.php
2011.06.30 03:11 B F:\xampp\htdocs\zendLibrary\Zend\Service\WindowsAzure\Diagnostics\ConfigurationDataSources.php --> ftp.sbrafh.org.br /sbrafh/Web/zendLibrary/Zend/Service/WindowsAzure/Diagnostics ConfigurationDataSources.php
2011.07.09 00:21 B F:\xampp\htdocs\zendLibrary\Zend\Service\WindowsAzure\Diagnostics\ConfigurationDataSources.php --> ftp.radiofone.com.br /public_html/radiofone/zendLibrary/Zend/Service/WindowsAzure/Diagnostics ConfigurationDataSources.php
2011.07.09 00:21 B F:\xampp\htdocs\zendLibrary\Zend\Service\WindowsAzure\Diagnostics\ConfigurationDiagnosticInfrastructureLogs.php --> ftp.radiofone.com.br /public_html/radiofone/zendLibrary/Zend/Service/WindowsAzure/Diagnostics ConfigurationDiagnosticInfrastructureLogs.php
2011.07.09 00:21 B F:\xampp\htdocs\zendLibrary\Zend\Service\WindowsAzure\Diagnostics\ConfigurationDirectories.php --> ftp.radiofone.com.br /public_html/radiofone/zendLibrary/Zend/Service/WindowsAzure/Diagnostics ConfigurationDirectories.php
2011.07.09 00:21 B F:\xampp\htdocs\zendLibrary\Zend\Service\WindowsAzure\Diagnostics\ConfigurationInstance.php --> ftp.radiofone.com.br /public_html/radiofone/zendLibrary/Zend/Service/WindowsAzure/Diagnostics ConfigurationInstance.php
2011.07.09 00:21 B F:\xampp\htdocs\zendLibrary\Zend\Service\WindowsAzure\Diagnostics\ConfigurationLogs.php --> ftp.radiofone.com.br /public_html/radiofone/zendLibrary/Zend/Service/WindowsAzure/Diagnostics ConfigurationLogs.php
2011.07.09 00:21 B F:\xampp\htdocs\zendLibrary\Zend\Service\WindowsAzure\Diagnostics\ConfigurationObjectBaseAbstract.php --> ftp.radiofone.com.br /public_html/radiofone/zendLibrary/Zend/Service/WindowsAzure/Diagnostics ConfigurationObjectBaseAbstract.php
2011.07.09 00:21 B F:\xampp\htdocs\zendLibrary\Zend\Service\WindowsAzure\Diagnostics\ConfigurationPerformanceCounters.php --> ftp.radiofone.com.br /public_html/radiofone/zendLibrary/Zend/Service/WindowsAzure/Diagnostics ConfigurationPerformanceCounters.php
2011.07.09 00:21 B F:\xampp\htdocs\zendLibrary\Zend\Service\WindowsAzure\Diagnostics\ConfigurationWindowsEventLog.php --> ftp.radiofone.com.br /public_html/radiofone/zendLibrary/Zend/Service/WindowsAzure/Diagnostics ConfigurationWindowsEventLog.php
2011.07.09 00:21 B F:\xampp\htdocs\zendLibrary\Zend\Service\WindowsAzure\Diagnostics\DirectoryConfigurationSubscription.php --> ftp.radiofone.com.br /public_html/radiofone/zendLibrary/Zend/Service/WindowsAzure/Diagnostics DirectoryConfigurationSubscription.php
2011.07.09 00:21 B F:\xampp\htdocs\zendLibrary\Zend\Service\WindowsAzure\Diagnostics\Exception.php --> ftp.radiofone.com.br /public_html/radiofone/zendLibrary/Zend/Service/WindowsAzure/Diagnostics Exception.php
2011.07.09 00:21 B F:\xampp\htdocs\zendLibrary\Zend\Service\WindowsAzure\Diagnostics\LogLevel.php --> ftp.radiofone.com.br /public_html/radiofone/zendLibrary/Zend/Service/WindowsAzure/Diagnostics LogLevel.php
2011.07.09 00:21 B F:\xampp\htdocs\zendLibrary\Zend\Service\WindowsAzure\Diagnostics\Manager.php --> ftp.radiofone.com.br /public_html/radiofone/zendLibrary/Zend/Service/WindowsAzure/Diagnostics Manager.php
2011.07.09 00:21 B F:\xampp\htdocs\zendLibrary\Zend\Service\WindowsAzure\Diagnostics\PerformanceCounterSubscription.php --> ftp.radiofone.com.br /public_html/radiofone/zendLibrary/Zend/Service/WindowsAzure/Diagnostics PerformanceCounterSubscription.php
2011.07.09 00:21 B F:\xampp\htdocs\zendLibrary\Zend\Service\WindowsAzure\Diagnostics\WS_FTP.LOG --> ftp.radiofone.com.br /public_html/radiofone/zendLibrary/Zend/Service/WindowsAzure/Diagnostics WS_FTP.LOG
2011.07.09 00:53 B F:\xampp\htdocs\zendLibrary\Zend\Service\WindowsAzure\Diagnostics\WS_FTP.LOG --> ftp.radiofone.com.br /public_html/radiofone/zendLibrary/Zend/Service/WindowsAzure/Diagnostics WS_FTP.LOG
2011.07.26 23:10 B F:\xampp\htdocs\zendLibrary\Zend\Service\WindowsAzure\Diagnostics\ConfigurationDataSources.php --> ftp.sobrafo.org.br /public_html/zendLibrary/Zend/Service/WindowsAzure/Diagnostics ConfigurationDataSources.php
2011.07.26 23:10 B F:\xampp\htdocs\zendLibrary\Zend\Service\WindowsAzure\Diagnostics\ConfigurationDiagnosticInfrastructureLogs.php --> ftp.sobrafo.org.br /public_html/zendLibrary/Zend/Service/WindowsAzure/Diagnostics ConfigurationDiagnosticInfrastructureLogs.php
2011.07.26 23:10 B F:\xampp\htdocs\zendLibrary\Zend\Service\WindowsAzure\Diagnostics\ConfigurationDirectories.php --> ftp.sobrafo.org.br /public_html/zendLibrary/Zend/Service/WindowsAzure/Diagnostics ConfigurationDirectories.php
2011.07.26 23:10 B F:\xampp\htdocs\zendLibrary\Zend\Service\WindowsAzure\Diagnostics\ConfigurationInstance.php --> ftp.sobrafo.org.br /public_html/zendLibrary/Zend/Service/WindowsAzure/Diagnostics ConfigurationInstance.php
2011.07.26 23:10 B F:\xampp\htdocs\zendLibrary\Zend\Service\WindowsAzure\Diagnostics\ConfigurationLogs.php --> ftp.sobrafo.org.br /public_html/zendLibrary/Zend/Service/WindowsAzure/Diagnostics ConfigurationLogs.php
2011.07.26 23:10 B F:\xampp\htdocs\zendLibrary\Zend\Service\WindowsAzure\Diagnostics\ConfigurationObjectBaseAbstract.php --> ftp.sobrafo.org.br /public_html/zendLibrary/Zend/Service/WindowsAzure/Diagnostics ConfigurationObjectBaseAbstract.php
2011.07.26 23:10 B F:\xampp\htdocs\zendLibrary\Zend\Service\WindowsAzure\Diagnostics\ConfigurationPerformanceCounters.php --> ftp.sobrafo.org.br /public_html/zendLibrary/Zend/Service/WindowsAzure/Diagnostics ConfigurationPerformanceCounters.php
2011.07.26 23:10 B F:\xampp\htdocs\zendLibrary\Zend\Service\WindowsAzure\Diagnostics\ConfigurationWindowsEventLog.php --> ftp.sobrafo.org.br /public_html/zendLibrary/Zend/Service/WindowsAzure/Diagnostics ConfigurationWindowsEventLog.php
2011.07.26 23:10 B F:\xampp\htdocs\zendLibrary\Zend\Service\WindowsAzure\Diagnostics\DirectoryConfigurationSubscription.php --> ftp.sobrafo.org.br /public_html/zendLibrary/Zend/Service/WindowsAzure/Diagnostics DirectoryConfigurationSubscription.php
2011.07.26 23:10 B F:\xampp\htdocs\zendLibrary\Zend\Service\WindowsAzure\Diagnostics\Exception.php --> ftp.sobrafo.org.br /public_html/zendLibrary/Zend/Service/WindowsAzure/Diagnostics Exception.php
2011.07.26 23:10 B F:\xampp\htdocs\zendLibrary\Zend\Service\WindowsAzure\Diagnostics\LogLevel.php --> ftp.sobrafo.org.br /public_html/zendLibrary/Zend/Service/WindowsAzure/Diagnostics LogLevel.php
2011.07.26 23:10 B F:\xampp\htdocs\zendLibrary\Zend\Service\WindowsAzure\Diagnostics\Manager.php --> ftp.sobrafo.org.br /public_html/zendLibrary/Zend/Service/WindowsAzure/Diagnostics Manager.php
2011.07.26 23:10 B F:\xampp\htdocs\zendLibrary\Zend\Service\WindowsAzure\Diagnostics\PerformanceCounterSubscription.php --> ftp.sobrafo.org.br /public_html/zendLibrary/Zend/Service/WindowsAzure/Diagnostics PerformanceCounterSubscription.php
2011.07.26 23:10 B F:\xampp\htdocs\zendLibrary\Zend\Service\WindowsAzure\Diagnostics\WS_FTP.LOG --> ftp.sobrafo.org.br /public_html/zendLibrary/Zend/Service/WindowsAzure/Diagnostics WS_FTP.LOG
2011.08.09 17:30 B F:\xampp\htdocs\ZendLibrary\Zend\Service\WindowsAzure\Diagnostics\ConfigurationDataSources.php --> ftp.amfar.com.br /public_html/ZendLibrary/Zend/Service/WindowsAzure/Diagnostics ConfigurationDataSources.php
2011.08.09 17:30 B F:\xampp\htdocs\ZendLibrary\Zend\Service\WindowsAzure\Diagnostics\ConfigurationDiagnosticInfrastructureLogs.php --> ftp.amfar.com.br /public_html/ZendLibrary/Zend/Service/WindowsAzure/Diagnostics ConfigurationDiagnosticInfrastructureLogs.php
2011.08.09 17:30 B F:\xampp\htdocs\ZendLibrary\Zend\Service\WindowsAzure\Diagnostics\ConfigurationDirectories.php --> ftp.amfar.com.br /public_html/ZendLibrary/Zend/Service/WindowsAzure/Diagnostics ConfigurationDirectories.php
2011.08.09 17:30 B F:\xampp\htdocs\ZendLibrary\Zend\Service\WindowsAzure\Diagnostics\ConfigurationInstance.php --> ftp.amfar.com.br /public_html/ZendLibrary/Zend/Service/WindowsAzure/Diagnostics ConfigurationInstance.php
2011.08.09 17:30 B F:\xampp\htdocs\ZendLibrary\Zend\Service\WindowsAzure\Diagnostics\ConfigurationLogs.php --> ftp.amfar.com.br /public_html/ZendLibrary/Zend/Service/WindowsAzure/Diagnostics ConfigurationLogs.php
2011.08.09 17:30 B F:\xampp\htdocs\ZendLibrary\Zend\Service\WindowsAzure\Diagnostics\ConfigurationObjectBaseAbstract.php --> ftp.amfar.com.br /public_html/ZendLibrary/Zend/Service/WindowsAzure/Diagnostics ConfigurationObjectBaseAbstract.php
2011.08.09 17:30 B F:\xampp\htdocs\ZendLibrary\Zend\Service\WindowsAzure\Diagnostics\ConfigurationPerformanceCounters.php --> ftp.amfar.com.br /public_html/ZendLibrary/Zend/Service/WindowsAzure/Diagnostics ConfigurationPerformanceCounters.php
2011.08.09 17:30 B F:\xampp\htdocs\ZendLibrary\Zend\Service\WindowsAzure\Diagnostics\ConfigurationWindowsEventLog.php --> ftp.amfar.com.br /public_html/ZendLibrary/Zend/Service/WindowsAzure/Diagnostics ConfigurationWindowsEventLog.php
2011.08.09 17:30 B F:\xampp\htdocs\ZendLibrary\Zend\Service\WindowsAzure\Diagnostics\DirectoryConfigurationSubscription.php --> ftp.amfar.com.br /public_html/ZendLibrary/Zend/Service/WindowsAzure/Diagnostics DirectoryConfigurationSubscription.php
2011.08.09 17:30 B F:\xampp\htdocs\ZendLibrary\Zend\Service\WindowsAzure\Diagnostics\Exception.php --> ftp.amfar.com.br /public_html/ZendLibrary/Zend/Service/WindowsAzure/Diagnostics Exception.php
2011.08.09 17:30 B F:\xampp\htdocs\ZendLibrary\Zend\Service\WindowsAzure\Diagnostics\LogLevel.php --> ftp.amfar.com.br /public_html/ZendLibrary/Zend/Service/WindowsAzure/Diagnostics LogLevel.php
2011.08.09 17:30 B F:\xampp\htdocs\ZendLibrary\Zend\Service\WindowsAzure\Diagnostics\Manager.php --> ftp.amfar.com.br /public_html/ZendLibrary/Zend/Service/WindowsAzure/Diagnostics Manager.php
2011.08.09 17:30 B F:\xampp\htdocs\ZendLibrary\Zend\Service\WindowsAzure\Diagnostics\PerformanceCounterSubscription.php --> ftp.amfar.com.br /public_html/ZendLibrary/Zend/Service/WindowsAzure/Diagnostics PerformanceCounterSubscription.php
