2010.07.07 02:43 B X:\radiofone\admin\themes\redmond\images\Thumbs.db --> ftp.radiofone.com.br /public_html/radiofone/rfadm/themes/redmond/images Thumbs.db
2010.07.07 02:43 B X:\radiofone\admin\themes\redmond\images\ui-bg_flat_0_aaaaaa_40x100.png --> ftp.radiofone.com.br /public_html/radiofone/rfadm/themes/redmond/images ui-bg_flat_0_aaaaaa_40x100.png
2010.07.07 02:43 B X:\radiofone\admin\themes\redmond\images\ui-bg_glass_85_dfeffc_1x400.png --> ftp.radiofone.com.br /public_html/radiofone/rfadm/themes/redmond/images ui-bg_glass_85_dfeffc_1x400.png
2010.07.07 02:43 B X:\radiofone\admin\themes\redmond\images\ui-bg_gloss-wave_55_5c9ccc_500x100.png --> ftp.radiofone.com.br /public_html/radiofone/rfadm/themes/redmond/images ui-bg_gloss-wave_55_5c9ccc_500x100.png
2010.07.07 02:43 B X:\radiofone\admin\themes\redmond\images\ui-icons_217bc0_256x240.png --> ftp.radiofone.com.br /public_html/radiofone/rfadm/themes/redmond/images ui-icons_217bc0_256x240.png
2010.07.07 02:43 B X:\radiofone\admin\themes\redmond\images\ui-icons_2e83ff_256x240.png --> ftp.radiofone.com.br /public_html/radiofone/rfadm/themes/redmond/images ui-icons_2e83ff_256x240.png
2010.07.07 02:43 B X:\radiofone\admin\themes\redmond\images\ui-icons_469bdd_256x240.png --> ftp.radiofone.com.br /public_html/radiofone/rfadm/themes/redmond/images ui-icons_469bdd_256x240.png
2010.07.07 02:43 B X:\radiofone\admin\themes\redmond\images\ui-icons_6da8d5_256x240.png --> ftp.radiofone.com.br /public_html/radiofone/rfadm/themes/redmond/images ui-icons_6da8d5_256x240.png
2010.08.05 20:39 B X:\radiofone\rfadm\themes\redmond\images\WS_FTP.LOG --> ftp.radiofone.com.br /public_html/radiofone/rfadm/themes/redmond/images WS_FTP.LOG
2010.08.19 00:52 B X:\radiofone\rfadm\themes\redmond\images\WS_FTP.LOG --> ftp.sbrafh.org.br /sbrafh/Web/novosite/themes/redmond/images WS_FTP.LOG
2010.08.19 00:52 B X:\radiofone\rfadm\themes\redmond\images\Thumbs.db --> ftp.sbrafh.org.br /sbrafh/Web/novosite/themes/redmond/images Thumbs.db
2010.08.19 00:52 B X:\radiofone\rfadm\themes\redmond\images\ui-bg_glass_85_dfeffc_1x400.png --> ftp.sbrafh.org.br /sbrafh/Web/novosite/themes/redmond/images ui-bg_glass_85_dfeffc_1x400.png
2010.08.19 00:52 B X:\radiofone\rfadm\themes\redmond\images\ui-bg_flat_0_aaaaaa_40x100.png --> ftp.sbrafh.org.br /sbrafh/Web/novosite/themes/redmond/images ui-bg_flat_0_aaaaaa_40x100.png
2010.08.19 00:52 B X:\radiofone\rfadm\themes\redmond\images\ui-icons_2e83ff_256x240.png --> ftp.sbrafh.org.br /sbrafh/Web/novosite/themes/redmond/images ui-icons_2e83ff_256x240.png
2010.08.19 00:52 B X:\radiofone\rfadm\themes\redmond\images\ui-icons_6da8d5_256x240.png --> ftp.sbrafh.org.br /sbrafh/Web/novosite/themes/redmond/images ui-icons_6da8d5_256x240.png
2010.08.19 00:52 B X:\radiofone\rfadm\themes\redmond\images\ui-icons_217bc0_256x240.png --> ftp.sbrafh.org.br /sbrafh/Web/novosite/themes/redmond/images ui-icons_217bc0_256x240.png
2010.08.19 00:52 B X:\radiofone\rfadm\themes\redmond\images\ui-icons_469bdd_256x240.png --> ftp.sbrafh.org.br /sbrafh/Web/novosite/themes/redmond/images ui-icons_469bdd_256x240.png
2010.08.19 00:52 B X:\radiofone\rfadm\themes\redmond\images\ui-bg_gloss-wave_55_5c9ccc_500x100.png --> ftp.sbrafh.org.br /sbrafh/Web/novosite/themes/redmond/images ui-bg_gloss-wave_55_5c9ccc_500x100.png
2010.09.09 23:44 B Z:\radiofone\rfadm\themes\redmond\images\WS_FTP.LOG --> ftp.radiofone.com.br /public_html/radiofone/rfadm/themes/redmond/images WS_FTP.LOG
2011.01.25 01:18 B Z:\radiofone\rfadm\themes\redmond\images\Thumbs.db --> ftp.sobrafo.org.br /public_html/admin/themes/redmond/images Thumbs.db
2011.01.25 01:18 B Z:\radiofone\rfadm\themes\redmond\images\ui-bg_flat_0_aaaaaa_40x100.png --> ftp.sobrafo.org.br /public_html/admin/themes/redmond/images ui-bg_flat_0_aaaaaa_40x100.png
2011.01.25 01:18 B Z:\radiofone\rfadm\themes\redmond\images\ui-bg_glass_85_dfeffc_1x400.png --> ftp.sobrafo.org.br /public_html/admin/themes/redmond/images ui-bg_glass_85_dfeffc_1x400.png
2011.01.25 01:18 B Z:\radiofone\rfadm\themes\redmond\images\ui-bg_gloss-wave_55_5c9ccc_500x100.png --> ftp.sobrafo.org.br /public_html/admin/themes/redmond/images ui-bg_gloss-wave_55_5c9ccc_500x100.png
2011.01.25 01:18 B Z:\radiofone\rfadm\themes\redmond\images\ui-icons_217bc0_256x240.png --> ftp.sobrafo.org.br /public_html/admin/themes/redmond/images ui-icons_217bc0_256x240.png
2011.01.25 01:18 B Z:\radiofone\rfadm\themes\redmond\images\ui-icons_2e83ff_256x240.png --> ftp.sobrafo.org.br /public_html/admin/themes/redmond/images ui-icons_2e83ff_256x240.png
2011.01.25 01:18 B Z:\radiofone\rfadm\themes\redmond\images\ui-icons_469bdd_256x240.png --> ftp.sobrafo.org.br /public_html/admin/themes/redmond/images ui-icons_469bdd_256x240.png
2011.01.25 01:18 B Z:\radiofone\rfadm\themes\redmond\images\ui-icons_6da8d5_256x240.png --> ftp.sobrafo.org.br /public_html/admin/themes/redmond/images ui-icons_6da8d5_256x240.png
2011.02.01 03:56 B Z:\sobrafo\webadmin\themes\redmond\images\WS_FTP.LOG <-- sobrafo /public_html/admin/themes/redmond/images WS_FTP.LOG
2011.02.01 03:57 B Z:\sobrafo\webadmin\themes\redmond\images\Thumbs.db --> ftp.sobrafo.org.br /public_html/webadmin/themes/redmond/images Thumbs.db
2011.02.01 03:57 B Z:\sobrafo\webadmin\themes\redmond\images\ui-bg_flat_0_aaaaaa_40x100.png --> ftp.sobrafo.org.br /public_html/webadmin/themes/redmond/images ui-bg_flat_0_aaaaaa_40x100.png
2011.02.01 03:57 B Z:\sobrafo\webadmin\themes\redmond\images\ui-bg_glass_85_dfeffc_1x400.png --> ftp.sobrafo.org.br /public_html/webadmin/themes/redmond/images ui-bg_glass_85_dfeffc_1x400.png
2011.02.01 03:57 B Z:\sobrafo\webadmin\themes\redmond\images\ui-bg_gloss-wave_55_5c9ccc_500x100.png --> ftp.sobrafo.org.br /public_html/webadmin/themes/redmond/images ui-bg_gloss-wave_55_5c9ccc_500x100.png
2011.02.01 03:57 B Z:\sobrafo\webadmin\themes\redmond\images\ui-icons_217bc0_256x240.png --> ftp.sobrafo.org.br /public_html/webadmin/themes/redmond/images ui-icons_217bc0_256x240.png
2011.02.01 03:57 B Z:\sobrafo\webadmin\themes\redmond\images\ui-icons_2e83ff_256x240.png --> ftp.sobrafo.org.br /public_html/webadmin/themes/redmond/images ui-icons_2e83ff_256x240.png
2011.02.01 03:57 B Z:\sobrafo\webadmin\themes\redmond\images\ui-icons_469bdd_256x240.png --> ftp.sobrafo.org.br /public_html/webadmin/themes/redmond/images ui-icons_469bdd_256x240.png
2011.02.01 03:57 B Z:\sobrafo\webadmin\themes\redmond\images\ui-icons_6da8d5_256x240.png --> ftp.sobrafo.org.br /public_html/webadmin/themes/redmond/images ui-icons_6da8d5_256x240.png
2011.02.24 20:40 B E:\web\sobrafo\webadmin\themes\redmond\images\WS_FTP.LOG <-- sobrafo /public_html/webadmin/themes/redmond/images WS_FTP.LOG
2011.03.18 11:33 B E:\web\sobrafo\webadmin\themes\redmond\images\WS_FTP.LOG --> ftp.sbrafh.org.br /sbrafh/Web/congresso/webadmin/themes/redmond/images WS_FTP.LOG
2011.03.18 11:33 B E:\web\sobrafo\webadmin\themes\redmond\images\ui-icons_6da8d5_256x240.png --> ftp.sbrafh.org.br /sbrafh/Web/congresso/webadmin/themes/redmond/images ui-icons_6da8d5_256x240.png
2011.03.18 11:33 B E:\web\sobrafo\webadmin\themes\redmond\images\ui-icons_469bdd_256x240.png --> ftp.sbrafh.org.br /sbrafh/Web/congresso/webadmin/themes/redmond/images ui-icons_469bdd_256x240.png
2011.03.18 11:33 B E:\web\sobrafo\webadmin\themes\redmond\images\ui-icons_2e83ff_256x240.png --> ftp.sbrafh.org.br /sbrafh/Web/congresso/webadmin/themes/redmond/images ui-icons_2e83ff_256x240.png
2011.03.18 11:33 B E:\web\sobrafo\webadmin\themes\redmond\images\ui-icons_217bc0_256x240.png --> ftp.sbrafh.org.br /sbrafh/Web/congresso/webadmin/themes/redmond/images ui-icons_217bc0_256x240.png
2011.03.18 11:33 B E:\web\sobrafo\webadmin\themes\redmond\images\ui-bg_gloss-wave_55_5c9ccc_500x100.png --> ftp.sbrafh.org.br /sbrafh/Web/congresso/webadmin/themes/redmond/images ui-bg_gloss-wave_55_5c9ccc_500x100.png
2011.03.18 11:33 B E:\web\sobrafo\webadmin\themes\redmond\images\ui-bg_glass_85_dfeffc_1x400.png --> ftp.sbrafh.org.br /sbrafh/Web/congresso/webadmin/themes/redmond/images ui-bg_glass_85_dfeffc_1x400.png
2011.03.18 11:33 B E:\web\sobrafo\webadmin\themes\redmond\images\ui-bg_flat_0_aaaaaa_40x100.png --> ftp.sbrafh.org.br /sbrafh/Web/congresso/webadmin/themes/redmond/images ui-bg_flat_0_aaaaaa_40x100.png
2011.03.18 11:33 B E:\web\sobrafo\webadmin\themes\redmond\images\Thumbs.db --> ftp.sbrafh.org.br /sbrafh/Web/congresso/webadmin/themes/redmond/images Thumbs.db
2011.07.29 21:26 B F:\xampp\htdocs\jsLibrary\themes\redmond\images\Thumbs.db --> ftp.sobrafo.org.br /public_html/jsLibrary/themes/redmond/images Thumbs.db
2011.07.29 21:26 B F:\xampp\htdocs\jsLibrary\themes\redmond\images\ui-bg_flat_0_aaaaaa_40x100.png --> ftp.sobrafo.org.br /public_html/jsLibrary/themes/redmond/images ui-bg_flat_0_aaaaaa_40x100.png
2011.07.29 21:26 B F:\xampp\htdocs\jsLibrary\themes\redmond\images\ui-bg_glass_85_dfeffc_1x400.png --> ftp.sobrafo.org.br /public_html/jsLibrary/themes/redmond/images ui-bg_glass_85_dfeffc_1x400.png
2011.07.29 21:26 B F:\xampp\htdocs\jsLibrary\themes\redmond\images\ui-bg_gloss-wave_55_5c9ccc_500x100.png --> ftp.sobrafo.org.br /public_html/jsLibrary/themes/redmond/images ui-bg_gloss-wave_55_5c9ccc_500x100.png
2011.07.29 21:26 B F:\xampp\htdocs\jsLibrary\themes\redmond\images\ui-icons_217bc0_256x240.png --> ftp.sobrafo.org.br /public_html/jsLibrary/themes/redmond/images ui-icons_217bc0_256x240.png
2011.07.29 21:26 B F:\xampp\htdocs\jsLibrary\themes\redmond\images\ui-icons_2e83ff_256x240.png --> ftp.sobrafo.org.br /public_html/jsLibrary/themes/redmond/images ui-icons_2e83ff_256x240.png
2011.07.29 21:26 B F:\xampp\htdocs\jsLibrary\themes\redmond\images\ui-icons_469bdd_256x240.png --> ftp.sobrafo.org.br /public_html/jsLibrary/themes/redmond/images ui-icons_469bdd_256x240.png
2011.07.29 21:26 B F:\xampp\htdocs\jsLibrary\themes\redmond\images\ui-icons_6da8d5_256x240.png --> ftp.sobrafo.org.br /public_html/jsLibrary/themes/redmond/images ui-icons_6da8d5_256x240.png
2011.07.29 21:27 B F:\xampp\htdocs\jsLibrary\themes\redmond\images\WS_FTP.LOG --> ftp.sobrafo.org.br /public_html/jsLibrary/themes/redmond/images WS_FTP.LOG
2011.08.05 01:09 B F:\xampp\htdocs\jsLibrary\themes\redmond\images\Thumbs.db --> ftp.portalridgid.com.br /public_html/jsLibrary/themes/redmond/images Thumbs.db
2011.08.05 01:09 B F:\xampp\htdocs\jsLibrary\themes\redmond\images\ui-bg_flat_0_aaaaaa_40x100.png --> ftp.portalridgid.com.br /public_html/jsLibrary/themes/redmond/images ui-bg_flat_0_aaaaaa_40x100.png
2011.08.05 01:10 B F:\xampp\htdocs\jsLibrary\themes\redmond\images\ui-bg_glass_85_dfeffc_1x400.png --> ftp.portalridgid.com.br /public_html/jsLibrary/themes/redmond/images ui-bg_glass_85_dfeffc_1x400.png
2011.08.05 01:10 B F:\xampp\htdocs\jsLibrary\themes\redmond\images\ui-bg_gloss-wave_55_5c9ccc_500x100.png --> ftp.portalridgid.com.br /public_html/jsLibrary/themes/redmond/images ui-bg_gloss-wave_55_5c9ccc_500x100.png
2011.08.05 01:10 B F:\xampp\htdocs\jsLibrary\themes\redmond\images\ui-icons_217bc0_256x240.png --> ftp.portalridgid.com.br /public_html/jsLibrary/themes/redmond/images ui-icons_217bc0_256x240.png
2011.08.05 01:10 B F:\xampp\htdocs\jsLibrary\themes\redmond\images\ui-icons_2e83ff_256x240.png --> ftp.portalridgid.com.br /public_html/jsLibrary/themes/redmond/images ui-icons_2e83ff_256x240.png
2011.08.05 01:10 B F:\xampp\htdocs\jsLibrary\themes\redmond\images\ui-icons_469bdd_256x240.png --> ftp.portalridgid.com.br /public_html/jsLibrary/themes/redmond/images ui-icons_469bdd_256x240.png
2011.08.05 01:10 B F:\xampp\htdocs\jsLibrary\themes\redmond\images\ui-icons_6da8d5_256x240.png --> ftp.portalridgid.com.br /public_html/jsLibrary/themes/redmond/images ui-icons_6da8d5_256x240.png
2011.08.05 01:10 B F:\xampp\htdocs\jsLibrary\themes\redmond\images\WS_FTP.LOG --> ftp.portalridgid.com.br /public_html/jsLibrary/themes/redmond/images WS_FTP.LOG
2011.08.09 16:31 B F:\xampp\htdocs\jsLibrary\themes\redmond\images\Thumbs.db --> ftp.amfar.com.br /public_html/jsLibrary/themes/redmond/images Thumbs.db
2011.08.09 16:31 B F:\xampp\htdocs\jsLibrary\themes\redmond\images\ui-bg_flat_0_aaaaaa_40x100.png --> ftp.amfar.com.br /public_html/jsLibrary/themes/redmond/images ui-bg_flat_0_aaaaaa_40x100.png
2011.08.09 16:31 B F:\xampp\htdocs\jsLibrary\themes\redmond\images\ui-bg_glass_85_dfeffc_1x400.png --> ftp.amfar.com.br /public_html/jsLibrary/themes/redmond/images ui-bg_glass_85_dfeffc_1x400.png
2011.08.09 16:31 B F:\xampp\htdocs\jsLibrary\themes\redmond\images\ui-bg_gloss-wave_55_5c9ccc_500x100.png --> ftp.amfar.com.br /public_html/jsLibrary/themes/redmond/images ui-bg_gloss-wave_55_5c9ccc_500x100.png
2011.08.09 16:31 B F:\xampp\htdocs\jsLibrary\themes\redmond\images\ui-icons_217bc0_256x240.png --> ftp.amfar.com.br /public_html/jsLibrary/themes/redmond/images ui-icons_217bc0_256x240.png
2011.08.09 16:31 B F:\xampp\htdocs\jsLibrary\themes\redmond\images\ui-icons_2e83ff_256x240.png --> ftp.amfar.com.br /public_html/jsLibrary/themes/redmond/images ui-icons_2e83ff_256x240.png
2011.08.09 16:31 B F:\xampp\htdocs\jsLibrary\themes\redmond\images\ui-icons_469bdd_256x240.png --> ftp.amfar.com.br /public_html/jsLibrary/themes/redmond/images ui-icons_469bdd_256x240.png
2011.08.09 16:31 B F:\xampp\htdocs\jsLibrary\themes\redmond\images\ui-icons_6da8d5_256x240.png --> ftp.amfar.com.br /public_html/jsLibrary/themes/redmond/images ui-icons_6da8d5_256x240.png
