2011.06.20 18:58 B F:\xampp\htdocs\zf-tutorial\library\Zend\View\Abstract.php --> ftp.portalridgid.com.br /public_html/zf-tutorial/library/Zend/View Abstract.php
2011.06.20 18:58 B F:\xampp\htdocs\zf-tutorial\library\Zend\View\Exception.php --> ftp.portalridgid.com.br /public_html/zf-tutorial/library/Zend/View Exception.php
2011.06.20 18:58 B F:\xampp\htdocs\zf-tutorial\library\Zend\View\Interface.php --> ftp.portalridgid.com.br /public_html/zf-tutorial/library/Zend/View Interface.php
2011.06.20 18:58 B F:\xampp\htdocs\zf-tutorial\library\Zend\View\Stream.php --> ftp.portalridgid.com.br /public_html/zf-tutorial/library/Zend/View Stream.php
2011.06.30 03:08 B F:\xampp\htdocs\zendLibrary\Zend\View\WS_FTP.LOG --> ftp.sbrafh.org.br /sbrafh/Web/zendLibrary/Zend/View WS_FTP.LOG
2011.06.30 03:08 B F:\xampp\htdocs\zendLibrary\Zend\View\Abstract.php --> ftp.sbrafh.org.br /sbrafh/Web/zendLibrary/Zend/View Abstract.php
2011.06.30 03:08 B F:\xampp\htdocs\zendLibrary\Zend\View\Stream.php --> ftp.sbrafh.org.br /sbrafh/Web/zendLibrary/Zend/View Stream.php
2011.06.30 03:08 B F:\xampp\htdocs\zendLibrary\Zend\View\Interface.php --> ftp.sbrafh.org.br /sbrafh/Web/zendLibrary/Zend/View Interface.php
2011.06.30 03:08 B F:\xampp\htdocs\zendLibrary\Zend\View\Exception.php --> ftp.sbrafh.org.br /sbrafh/Web/zendLibrary/Zend/View Exception.php
2011.07.09 00:26 B F:\xampp\htdocs\zendLibrary\Zend\View\Abstract.php --> ftp.radiofone.com.br /public_html/radiofone/zendLibrary/Zend/View Abstract.php
2011.07.09 00:26 B F:\xampp\htdocs\zendLibrary\Zend\View\Exception.php --> ftp.radiofone.com.br /public_html/radiofone/zendLibrary/Zend/View Exception.php
2011.07.09 00:26 B F:\xampp\htdocs\zendLibrary\Zend\View\Interface.php --> ftp.radiofone.com.br /public_html/radiofone/zendLibrary/Zend/View Interface.php
2011.07.09 00:26 B F:\xampp\htdocs\zendLibrary\Zend\View\Stream.php --> ftp.radiofone.com.br /public_html/radiofone/zendLibrary/Zend/View Stream.php
2011.07.09 00:26 B F:\xampp\htdocs\zendLibrary\Zend\View\WS_FTP.LOG --> ftp.radiofone.com.br /public_html/radiofone/zendLibrary/Zend/View WS_FTP.LOG
2011.07.09 00:54 B F:\xampp\htdocs\zendLibrary\Zend\View\WS_FTP.LOG --> ftp.radiofone.com.br /public_html/radiofone/zendLibrary/Zend/View WS_FTP.LOG
2011.07.26 23:15 B F:\xampp\htdocs\zendLibrary\Zend\View\Abstract.php --> ftp.sobrafo.org.br /public_html/zendLibrary/Zend/View Abstract.php
2011.07.26 23:15 B F:\xampp\htdocs\zendLibrary\Zend\View\Exception.php --> ftp.sobrafo.org.br /public_html/zendLibrary/Zend/View Exception.php
2011.07.26 23:15 B F:\xampp\htdocs\zendLibrary\Zend\View\Interface.php --> ftp.sobrafo.org.br /public_html/zendLibrary/Zend/View Interface.php
2011.07.26 23:15 B F:\xampp\htdocs\zendLibrary\Zend\View\Stream.php --> ftp.sobrafo.org.br /public_html/zendLibrary/Zend/View Stream.php
2011.07.26 23:15 B F:\xampp\htdocs\zendLibrary\Zend\View\WS_FTP.LOG --> ftp.sobrafo.org.br /public_html/zendLibrary/Zend/View WS_FTP.LOG
2011.08.22 21:37 B X:\xampp\htdocs\ZendLibrary\Zend\View\Abstract.php --> ftp.jairodepaula.com.br /jairodepaula/web/ZendLibrary/Zend/View Abstract.php
2011.08.22 21:37 B X:\xampp\htdocs\ZendLibrary\Zend\View\Exception.php --> ftp.jairodepaula.com.br /jairodepaula/web/ZendLibrary/Zend/View Exception.php
2011.08.22 21:37 B X:\xampp\htdocs\ZendLibrary\Zend\View\Interface.php --> ftp.jairodepaula.com.br /jairodepaula/web/ZendLibrary/Zend/View Interface.php
2011.08.22 21:37 B X:\xampp\htdocs\ZendLibrary\Zend\View\Stream.php --> ftp.jairodepaula.com.br /jairodepaula/web/ZendLibrary/Zend/View Stream.php
2011.08.22 21:37 B X:\xampp\htdocs\ZendLibrary\Zend\View\WS_FTP.LOG --> ftp.jairodepaula.com.br /jairodepaula/web/ZendLibrary/Zend/View WS_FTP.LOG
2011.12.31 15:13 B F:\xampp\htdocs\ZendLibrary\Zend\View\Abstract.php --> ftp.sbrafh.org.br /public_html/ZendLibrary/Zend/View Abstract.php
2011.12.31 15:13 B F:\xampp\htdocs\ZendLibrary\Zend\View\Exception.php --> ftp.sbrafh.org.br /public_html/ZendLibrary/Zend/View Exception.php
2011.12.31 15:13 B F:\xampp\htdocs\ZendLibrary\Zend\View\Interface.php --> ftp.sbrafh.org.br /public_html/ZendLibrary/Zend/View Interface.php
2011.12.31 15:13 B F:\xampp\htdocs\ZendLibrary\Zend\View\Stream.php --> ftp.sbrafh.org.br /public_html/ZendLibrary/Zend/View Stream.php
2011.12.31 15:13 B F:\xampp\htdocs\ZendLibrary\Zend\View\WS_FTP.LOG --> ftp.sbrafh.org.br /public_html/ZendLibrary/Zend/View WS_FTP.LOG
2012.01.06 03:51 B F:\xampp\htdocs\ZendLibrary\Zend\View\Abstract.php --> ftp461.locaweb.com.br /ridgid/web/ZendLibrary/Zend/View Abstract.php
2012.01.06 03:51 B F:\xampp\htdocs\ZendLibrary\Zend\View\Exception.php --> ftp461.locaweb.com.br /ridgid/web/ZendLibrary/Zend/View Exception.php
2012.01.06 03:51 B F:\xampp\htdocs\ZendLibrary\Zend\View\Interface.php --> ftp461.locaweb.com.br /ridgid/web/ZendLibrary/Zend/View Interface.php
2012.01.06 03:51 B F:\xampp\htdocs\ZendLibrary\Zend\View\Stream.php --> ftp461.locaweb.com.br /ridgid/web/ZendLibrary/Zend/View Stream.php
2012.01.06 03:51 B F:\xampp\htdocs\ZendLibrary\Zend\View\WS_FTP.LOG --> ftp461.locaweb.com.br /ridgid/web/ZendLibrary/Zend/View WS_FTP.LOG
2012.01.24 19:20 B F:\xampp\htdocs\ZendLibrary\Zend\View\Abstract.php --> graficamarmar.com.br /htdocs/ZendLibrary/Zend/View Abstract.php
2012.01.24 19:20 B F:\xampp\htdocs\ZendLibrary\Zend\View\Exception.php --> graficamarmar.com.br /htdocs/ZendLibrary/Zend/View Exception.php
2012.01.24 19:20 B F:\xampp\htdocs\ZendLibrary\Zend\View\Interface.php --> graficamarmar.com.br /htdocs/ZendLibrary/Zend/View Interface.php
2012.01.24 19:20 B F:\xampp\htdocs\ZendLibrary\Zend\View\Stream.php --> graficamarmar.com.br /htdocs/ZendLibrary/Zend/View Stream.php
2012.01.24 19:20 B F:\xampp\htdocs\ZendLibrary\Zend\View\WS_FTP.LOG --> graficamarmar.com.br /htdocs/ZendLibrary/Zend/View WS_FTP.LOG
2012.02.08 17:29 B F:\xampp\htdocs\ZendLibrary\Zend\View\Abstract.php --> graficamarmar.hospedagemdesites.ws /public_html/ZendLibrary/Zend/View Abstract.php
2012.02.08 17:29 B F:\xampp\htdocs\ZendLibrary\Zend\View\Exception.php --> graficamarmar.hospedagemdesites.ws /public_html/ZendLibrary/Zend/View Exception.php
2012.02.08 17:29 B F:\xampp\htdocs\ZendLibrary\Zend\View\Interface.php --> graficamarmar.hospedagemdesites.ws /public_html/ZendLibrary/Zend/View Interface.php
2012.02.08 17:29 B F:\xampp\htdocs\ZendLibrary\Zend\View\Stream.php --> graficamarmar.hospedagemdesites.ws /public_html/ZendLibrary/Zend/View Stream.php
2012.02.08 17:29 B F:\xampp\htdocs\ZendLibrary\Zend\View\WS_FTP.LOG --> graficamarmar.hospedagemdesites.ws /public_html/ZendLibrary/Zend/View WS_FTP.LOG
2012.10.29 15:08 B F:\xampp\htdocs\ZendLibrary\Zend\View\Abstract.php --> 186.202.153.85 /public_html/ZendLibrary/Zend/View Abstract.php
2012.10.29 15:08 B F:\xampp\htdocs\ZendLibrary\Zend\View\Exception.php --> 186.202.153.85 /public_html/ZendLibrary/Zend/View Exception.php
2012.10.29 15:08 B F:\xampp\htdocs\ZendLibrary\Zend\View\Interface.php --> 186.202.153.85 /public_html/ZendLibrary/Zend/View Interface.php
2012.10.29 15:08 B F:\xampp\htdocs\ZendLibrary\Zend\View\Stream.php --> 186.202.153.85 /public_html/ZendLibrary/Zend/View Stream.php
2012.10.29 15:08 B F:\xampp\htdocs\ZendLibrary\Zend\View\WS_FTP.LOG --> 186.202.153.85 /public_html/ZendLibrary/Zend/View WS_FTP.LOG
2013.01.04 22:53 B F:\xampp\htdocs\ZendLibrary\Zend\View\Abstract.php --> ftp.amfar.com.br /public_html/ZendLibrary/Zend/View Abstract.php
2013.01.04 22:53 B F:\xampp\htdocs\ZendLibrary\Zend\View\Exception.php --> ftp.amfar.com.br /public_html/ZendLibrary/Zend/View Exception.php
2013.01.04 22:53 B F:\xampp\htdocs\ZendLibrary\Zend\View\Interface.php --> ftp.amfar.com.br /public_html/ZendLibrary/Zend/View Interface.php
2013.01.04 22:53 B F:\xampp\htdocs\ZendLibrary\Zend\View\Stream.php --> ftp.amfar.com.br /public_html/ZendLibrary/Zend/View Stream.php
