2011.06.20 18:47 B F:\xampp\htdocs\zf-tutorial\library\Zend\Memory\AccessController.php --> ftp.portalridgid.com.br /public_html/zf-tutorial/library/Zend/Memory AccessController.php
2011.06.20 18:47 B F:\xampp\htdocs\zf-tutorial\library\Zend\Memory\Container.php --> ftp.portalridgid.com.br /public_html/zf-tutorial/library/Zend/Memory Container.php
2011.06.20 18:47 B F:\xampp\htdocs\zf-tutorial\library\Zend\Memory\Exception.php --> ftp.portalridgid.com.br /public_html/zf-tutorial/library/Zend/Memory Exception.php
2011.06.20 18:47 B F:\xampp\htdocs\zf-tutorial\library\Zend\Memory\Manager.php --> ftp.portalridgid.com.br /public_html/zf-tutorial/library/Zend/Memory Manager.php
2011.06.20 18:47 B F:\xampp\htdocs\zf-tutorial\library\Zend\Memory\Value.php --> ftp.portalridgid.com.br /public_html/zf-tutorial/library/Zend/Memory Value.php
2011.06.30 03:22 B F:\xampp\htdocs\zendLibrary\Zend\Memory\WS_FTP.LOG --> ftp.sbrafh.org.br /sbrafh/Web/zendLibrary/Zend/Memory WS_FTP.LOG
2011.06.30 03:22 B F:\xampp\htdocs\zendLibrary\Zend\Memory\Value.php --> ftp.sbrafh.org.br /sbrafh/Web/zendLibrary/Zend/Memory Value.php
2011.06.30 03:22 B F:\xampp\htdocs\zendLibrary\Zend\Memory\Manager.php --> ftp.sbrafh.org.br /sbrafh/Web/zendLibrary/Zend/Memory Manager.php
2011.06.30 03:22 B F:\xampp\htdocs\zendLibrary\Zend\Memory\Exception.php --> ftp.sbrafh.org.br /sbrafh/Web/zendLibrary/Zend/Memory Exception.php
2011.06.30 03:22 B F:\xampp\htdocs\zendLibrary\Zend\Memory\Container.php --> ftp.sbrafh.org.br /sbrafh/Web/zendLibrary/Zend/Memory Container.php
2011.06.30 03:22 B F:\xampp\htdocs\zendLibrary\Zend\Memory\AccessController.php --> ftp.sbrafh.org.br /sbrafh/Web/zendLibrary/Zend/Memory AccessController.php
2011.07.09 00:13 B F:\xampp\htdocs\zendLibrary\Zend\Memory\AccessController.php --> ftp.radiofone.com.br /public_html/radiofone/zendLibrary/Zend/Memory AccessController.php
2011.07.09 00:13 B F:\xampp\htdocs\zendLibrary\Zend\Memory\Container.php --> ftp.radiofone.com.br /public_html/radiofone/zendLibrary/Zend/Memory Container.php
2011.07.09 00:13 B F:\xampp\htdocs\zendLibrary\Zend\Memory\Exception.php --> ftp.radiofone.com.br /public_html/radiofone/zendLibrary/Zend/Memory Exception.php
2011.07.09 00:13 B F:\xampp\htdocs\zendLibrary\Zend\Memory\Manager.php --> ftp.radiofone.com.br /public_html/radiofone/zendLibrary/Zend/Memory Manager.php
2011.07.09 00:13 B F:\xampp\htdocs\zendLibrary\Zend\Memory\Value.php --> ftp.radiofone.com.br /public_html/radiofone/zendLibrary/Zend/Memory Value.php
2011.07.09 00:13 B F:\xampp\htdocs\zendLibrary\Zend\Memory\WS_FTP.LOG --> ftp.radiofone.com.br /public_html/radiofone/zendLibrary/Zend/Memory WS_FTP.LOG
2011.07.09 00:49 B F:\xampp\htdocs\zendLibrary\Zend\Memory\WS_FTP.LOG --> ftp.radiofone.com.br /public_html/radiofone/zendLibrary/Zend/Memory WS_FTP.LOG
2011.07.26 23:02 B F:\xampp\htdocs\zendLibrary\Zend\Memory\AccessController.php --> ftp.sobrafo.org.br /public_html/zendLibrary/Zend/Memory AccessController.php
2011.07.26 23:02 B F:\xampp\htdocs\zendLibrary\Zend\Memory\Container.php --> ftp.sobrafo.org.br /public_html/zendLibrary/Zend/Memory Container.php
2011.07.26 23:02 B F:\xampp\htdocs\zendLibrary\Zend\Memory\Exception.php --> ftp.sobrafo.org.br /public_html/zendLibrary/Zend/Memory Exception.php
2011.07.26 23:02 B F:\xampp\htdocs\zendLibrary\Zend\Memory\Manager.php --> ftp.sobrafo.org.br /public_html/zendLibrary/Zend/Memory Manager.php
2011.07.26 23:02 B F:\xampp\htdocs\zendLibrary\Zend\Memory\Value.php --> ftp.sobrafo.org.br /public_html/zendLibrary/Zend/Memory Value.php
2011.07.26 23:02 B F:\xampp\htdocs\zendLibrary\Zend\Memory\WS_FTP.LOG --> ftp.sobrafo.org.br /public_html/zendLibrary/Zend/Memory WS_FTP.LOG
2011.08.09 17:22 B F:\xampp\htdocs\ZendLibrary\Zend\Memory\AccessController.php --> ftp.amfar.com.br /public_html/ZendLibrary/Zend/Memory AccessController.php
2011.08.09 17:22 B F:\xampp\htdocs\ZendLibrary\Zend\Memory\Container.php --> ftp.amfar.com.br /public_html/ZendLibrary/Zend/Memory Container.php
2011.08.09 17:22 B F:\xampp\htdocs\ZendLibrary\Zend\Memory\Exception.php --> ftp.amfar.com.br /public_html/ZendLibrary/Zend/Memory Exception.php
2011.08.09 17:22 B F:\xampp\htdocs\ZendLibrary\Zend\Memory\Manager.php --> ftp.amfar.com.br /public_html/ZendLibrary/Zend/Memory Manager.php
2011.08.09 17:22 B F:\xampp\htdocs\ZendLibrary\Zend\Memory\Value.php --> ftp.amfar.com.br /public_html/ZendLibrary/Zend/Memory Value.php
