2011.06.20 18:50 B F:\xampp\htdocs\zf-tutorial\library\Zend\Reflection\Class.php --> ftp.portalridgid.com.br /public_html/zf-tutorial/library/Zend/Reflection Class.php
2011.06.20 18:50 B F:\xampp\htdocs\zf-tutorial\library\Zend\Reflection\Docblock.php --> ftp.portalridgid.com.br /public_html/zf-tutorial/library/Zend/Reflection Docblock.php
2011.06.20 18:50 B F:\xampp\htdocs\zf-tutorial\library\Zend\Reflection\Exception.php --> ftp.portalridgid.com.br /public_html/zf-tutorial/library/Zend/Reflection Exception.php
2011.06.20 18:50 B F:\xampp\htdocs\zf-tutorial\library\Zend\Reflection\Extension.php --> ftp.portalridgid.com.br /public_html/zf-tutorial/library/Zend/Reflection Extension.php
2011.06.20 18:50 B F:\xampp\htdocs\zf-tutorial\library\Zend\Reflection\File.php --> ftp.portalridgid.com.br /public_html/zf-tutorial/library/Zend/Reflection File.php
2011.06.20 18:50 B F:\xampp\htdocs\zf-tutorial\library\Zend\Reflection\Function.php --> ftp.portalridgid.com.br /public_html/zf-tutorial/library/Zend/Reflection Function.php
2011.06.20 18:50 B F:\xampp\htdocs\zf-tutorial\library\Zend\Reflection\Method.php --> ftp.portalridgid.com.br /public_html/zf-tutorial/library/Zend/Reflection Method.php
2011.06.20 18:50 B F:\xampp\htdocs\zf-tutorial\library\Zend\Reflection\Parameter.php --> ftp.portalridgid.com.br /public_html/zf-tutorial/library/Zend/Reflection Parameter.php
2011.06.20 18:50 B F:\xampp\htdocs\zf-tutorial\library\Zend\Reflection\Property.php --> ftp.portalridgid.com.br /public_html/zf-tutorial/library/Zend/Reflection Property.php
2011.06.30 03:19 B F:\xampp\htdocs\zendLibrary\Zend\Reflection\WS_FTP.LOG --> ftp.sbrafh.org.br /sbrafh/Web/zendLibrary/Zend/Reflection WS_FTP.LOG
2011.06.30 03:19 B F:\xampp\htdocs\zendLibrary\Zend\Reflection\Property.php --> ftp.sbrafh.org.br /sbrafh/Web/zendLibrary/Zend/Reflection Property.php
2011.06.30 03:19 B F:\xampp\htdocs\zendLibrary\Zend\Reflection\Parameter.php --> ftp.sbrafh.org.br /sbrafh/Web/zendLibrary/Zend/Reflection Parameter.php
2011.06.30 03:19 B F:\xampp\htdocs\zendLibrary\Zend\Reflection\Method.php --> ftp.sbrafh.org.br /sbrafh/Web/zendLibrary/Zend/Reflection Method.php
2011.06.30 03:19 B F:\xampp\htdocs\zendLibrary\Zend\Reflection\Function.php --> ftp.sbrafh.org.br /sbrafh/Web/zendLibrary/Zend/Reflection Function.php
2011.06.30 03:19 B F:\xampp\htdocs\zendLibrary\Zend\Reflection\File.php --> ftp.sbrafh.org.br /sbrafh/Web/zendLibrary/Zend/Reflection File.php
2011.06.30 03:19 B F:\xampp\htdocs\zendLibrary\Zend\Reflection\Extension.php --> ftp.sbrafh.org.br /sbrafh/Web/zendLibrary/Zend/Reflection Extension.php
2011.06.30 03:19 B F:\xampp\htdocs\zendLibrary\Zend\Reflection\Exception.php --> ftp.sbrafh.org.br /sbrafh/Web/zendLibrary/Zend/Reflection Exception.php
2011.06.30 03:19 B F:\xampp\htdocs\zendLibrary\Zend\Reflection\Docblock.php --> ftp.sbrafh.org.br /sbrafh/Web/zendLibrary/Zend/Reflection Docblock.php
2011.06.30 03:19 B F:\xampp\htdocs\zendLibrary\Zend\Reflection\Class.php --> ftp.sbrafh.org.br /sbrafh/Web/zendLibrary/Zend/Reflection Class.php
2011.07.09 00:16 B F:\xampp\htdocs\zendLibrary\Zend\Reflection\Class.php --> ftp.radiofone.com.br /public_html/radiofone/zendLibrary/Zend/Reflection Class.php
2011.07.09 00:16 B F:\xampp\htdocs\zendLibrary\Zend\Reflection\Docblock.php --> ftp.radiofone.com.br /public_html/radiofone/zendLibrary/Zend/Reflection Docblock.php
2011.07.09 00:16 B F:\xampp\htdocs\zendLibrary\Zend\Reflection\Exception.php --> ftp.radiofone.com.br /public_html/radiofone/zendLibrary/Zend/Reflection Exception.php
2011.07.09 00:16 B F:\xampp\htdocs\zendLibrary\Zend\Reflection\Extension.php --> ftp.radiofone.com.br /public_html/radiofone/zendLibrary/Zend/Reflection Extension.php
2011.07.09 00:16 B F:\xampp\htdocs\zendLibrary\Zend\Reflection\File.php --> ftp.radiofone.com.br /public_html/radiofone/zendLibrary/Zend/Reflection File.php
2011.07.09 00:16 B F:\xampp\htdocs\zendLibrary\Zend\Reflection\Function.php --> ftp.radiofone.com.br /public_html/radiofone/zendLibrary/Zend/Reflection Function.php
2011.07.09 00:16 B F:\xampp\htdocs\zendLibrary\Zend\Reflection\Method.php --> ftp.radiofone.com.br /public_html/radiofone/zendLibrary/Zend/Reflection Method.php
2011.07.09 00:16 B F:\xampp\htdocs\zendLibrary\Zend\Reflection\Parameter.php --> ftp.radiofone.com.br /public_html/radiofone/zendLibrary/Zend/Reflection Parameter.php
2011.07.09 00:16 B F:\xampp\htdocs\zendLibrary\Zend\Reflection\Property.php --> ftp.radiofone.com.br /public_html/radiofone/zendLibrary/Zend/Reflection Property.php
2011.07.09 00:16 B F:\xampp\htdocs\zendLibrary\Zend\Reflection\WS_FTP.LOG --> ftp.radiofone.com.br /public_html/radiofone/zendLibrary/Zend/Reflection WS_FTP.LOG
2011.07.09 00:51 B F:\xampp\htdocs\zendLibrary\Zend\Reflection\WS_FTP.LOG --> ftp.radiofone.com.br /public_html/radiofone/zendLibrary/Zend/Reflection WS_FTP.LOG
2011.07.26 23:05 B F:\xampp\htdocs\zendLibrary\Zend\Reflection\Class.php --> ftp.sobrafo.org.br /public_html/zendLibrary/Zend/Reflection Class.php
2011.07.26 23:05 B F:\xampp\htdocs\zendLibrary\Zend\Reflection\Docblock.php --> ftp.sobrafo.org.br /public_html/zendLibrary/Zend/Reflection Docblock.php
2011.07.26 23:05 B F:\xampp\htdocs\zendLibrary\Zend\Reflection\Exception.php --> ftp.sobrafo.org.br /public_html/zendLibrary/Zend/Reflection Exception.php
2011.07.26 23:05 B F:\xampp\htdocs\zendLibrary\Zend\Reflection\Extension.php --> ftp.sobrafo.org.br /public_html/zendLibrary/Zend/Reflection Extension.php
2011.07.26 23:05 B F:\xampp\htdocs\zendLibrary\Zend\Reflection\File.php --> ftp.sobrafo.org.br /public_html/zendLibrary/Zend/Reflection File.php
2011.07.26 23:05 B F:\xampp\htdocs\zendLibrary\Zend\Reflection\Function.php --> ftp.sobrafo.org.br /public_html/zendLibrary/Zend/Reflection Function.php
2011.07.26 23:05 B F:\xampp\htdocs\zendLibrary\Zend\Reflection\Method.php --> ftp.sobrafo.org.br /public_html/zendLibrary/Zend/Reflection Method.php
2011.07.26 23:05 B F:\xampp\htdocs\zendLibrary\Zend\Reflection\Parameter.php --> ftp.sobrafo.org.br /public_html/zendLibrary/Zend/Reflection Parameter.php
2011.07.26 23:05 B F:\xampp\htdocs\zendLibrary\Zend\Reflection\Property.php --> ftp.sobrafo.org.br /public_html/zendLibrary/Zend/Reflection Property.php
2011.07.26 23:05 B F:\xampp\htdocs\zendLibrary\Zend\Reflection\WS_FTP.LOG --> ftp.sobrafo.org.br /public_html/zendLibrary/Zend/Reflection WS_FTP.LOG
2011.08.09 17:25 B F:\xampp\htdocs\ZendLibrary\Zend\Reflection\Class.php --> ftp.amfar.com.br /public_html/ZendLibrary/Zend/Reflection Class.php
2011.08.09 17:25 B F:\xampp\htdocs\ZendLibrary\Zend\Reflection\Docblock.php --> ftp.amfar.com.br /public_html/ZendLibrary/Zend/Reflection Docblock.php
2011.08.09 17:25 B F:\xampp\htdocs\ZendLibrary\Zend\Reflection\Exception.php --> ftp.amfar.com.br /public_html/ZendLibrary/Zend/Reflection Exception.php
2011.08.09 17:25 B F:\xampp\htdocs\ZendLibrary\Zend\Reflection\Extension.php --> ftp.amfar.com.br /public_html/ZendLibrary/Zend/Reflection Extension.php
2011.08.09 17:25 B F:\xampp\htdocs\ZendLibrary\Zend\Reflection\File.php --> ftp.amfar.com.br /public_html/ZendLibrary/Zend/Reflection File.php
2011.08.09 17:25 B F:\xampp\htdocs\ZendLibrary\Zend\Reflection\Function.php --> ftp.amfar.com.br /public_html/ZendLibrary/Zend/Reflection Function.php
2011.08.09 17:25 B F:\xampp\htdocs\ZendLibrary\Zend\Reflection\Method.php --> ftp.amfar.com.br /public_html/ZendLibrary/Zend/Reflection Method.php
2011.08.09 17:25 B F:\xampp\htdocs\ZendLibrary\Zend\Reflection\Parameter.php --> ftp.amfar.com.br /public_html/ZendLibrary/Zend/Reflection Parameter.php
2011.08.09 17:25 B F:\xampp\htdocs\ZendLibrary\Zend\Reflection\Property.php --> ftp.amfar.com.br /public_html/ZendLibrary/Zend/Reflection Property.php
