2011.06.20 18:33 B F:\xampp\htdocs\zf-tutorial\library\Zend\Crypt\DiffieHellman.php --> ftp.portalridgid.com.br /public_html/zf-tutorial/library/Zend/Crypt DiffieHellman.php
2011.06.20 18:33 B F:\xampp\htdocs\zf-tutorial\library\Zend\Crypt\Exception.php --> ftp.portalridgid.com.br /public_html/zf-tutorial/library/Zend/Crypt Exception.php
2011.06.20 18:33 B F:\xampp\htdocs\zf-tutorial\library\Zend\Crypt\Hmac.php --> ftp.portalridgid.com.br /public_html/zf-tutorial/library/Zend/Crypt Hmac.php
2011.06.20 18:33 B F:\xampp\htdocs\zf-tutorial\library\Zend\Crypt\Math.php --> ftp.portalridgid.com.br /public_html/zf-tutorial/library/Zend/Crypt Math.php
2011.06.20 18:33 B F:\xampp\htdocs\zf-tutorial\library\Zend\Crypt\Rsa.php --> ftp.portalridgid.com.br /public_html/zf-tutorial/library/Zend/Crypt Rsa.php
2011.06.30 03:42 B F:\xampp\htdocs\zendLibrary\Zend\Crypt\WS_FTP.LOG --> ftp.sbrafh.org.br /sbrafh/Web/zendLibrary/Zend/Crypt WS_FTP.LOG
2011.06.30 03:42 B F:\xampp\htdocs\zendLibrary\Zend\Crypt\Rsa.php --> ftp.sbrafh.org.br /sbrafh/Web/zendLibrary/Zend/Crypt Rsa.php
2011.06.30 03:42 B F:\xampp\htdocs\zendLibrary\Zend\Crypt\Math.php --> ftp.sbrafh.org.br /sbrafh/Web/zendLibrary/Zend/Crypt Math.php
2011.06.30 03:42 B F:\xampp\htdocs\zendLibrary\Zend\Crypt\Hmac.php --> ftp.sbrafh.org.br /sbrafh/Web/zendLibrary/Zend/Crypt Hmac.php
2011.06.30 03:42 B F:\xampp\htdocs\zendLibrary\Zend\Crypt\Exception.php --> ftp.sbrafh.org.br /sbrafh/Web/zendLibrary/Zend/Crypt Exception.php
2011.06.30 03:42 B F:\xampp\htdocs\zendLibrary\Zend\Crypt\DiffieHellman.php --> ftp.sbrafh.org.br /sbrafh/Web/zendLibrary/Zend/Crypt DiffieHellman.php
2011.07.08 23:46 B F:\xampp\htdocs\zendLibrary\Zend\Crypt\DiffieHellman.php --> ftp.radiofone.com.br /public_html/radiofone/zendLibrary/Zend/Crypt DiffieHellman.php
2011.07.08 23:46 B F:\xampp\htdocs\zendLibrary\Zend\Crypt\Exception.php --> ftp.radiofone.com.br /public_html/radiofone/zendLibrary/Zend/Crypt Exception.php
2011.07.08 23:46 B F:\xampp\htdocs\zendLibrary\Zend\Crypt\Hmac.php --> ftp.radiofone.com.br /public_html/radiofone/zendLibrary/Zend/Crypt Hmac.php
2011.07.08 23:46 B F:\xampp\htdocs\zendLibrary\Zend\Crypt\Math.php --> ftp.radiofone.com.br /public_html/radiofone/zendLibrary/Zend/Crypt Math.php
2011.07.08 23:46 B F:\xampp\htdocs\zendLibrary\Zend\Crypt\Rsa.php --> ftp.radiofone.com.br /public_html/radiofone/zendLibrary/Zend/Crypt Rsa.php
2011.07.08 23:46 B F:\xampp\htdocs\zendLibrary\Zend\Crypt\WS_FTP.LOG --> ftp.radiofone.com.br /public_html/radiofone/zendLibrary/Zend/Crypt WS_FTP.LOG
2011.07.09 00:45 B F:\xampp\htdocs\zendLibrary\Zend\Crypt\WS_FTP.LOG --> ftp.radiofone.com.br /public_html/radiofone/zendLibrary/Zend/Crypt WS_FTP.LOG
2011.07.26 22:46 B F:\xampp\htdocs\zendLibrary\Zend\Crypt\DiffieHellman.php --> ftp.sobrafo.org.br /public_html/zendLibrary/Zend/Crypt DiffieHellman.php
2011.07.26 22:46 B F:\xampp\htdocs\zendLibrary\Zend\Crypt\Exception.php --> ftp.sobrafo.org.br /public_html/zendLibrary/Zend/Crypt Exception.php
2011.07.26 22:46 B F:\xampp\htdocs\zendLibrary\Zend\Crypt\Hmac.php --> ftp.sobrafo.org.br /public_html/zendLibrary/Zend/Crypt Hmac.php
2011.07.26 22:46 B F:\xampp\htdocs\zendLibrary\Zend\Crypt\Math.php --> ftp.sobrafo.org.br /public_html/zendLibrary/Zend/Crypt Math.php
2011.07.26 22:46 B F:\xampp\htdocs\zendLibrary\Zend\Crypt\Rsa.php --> ftp.sobrafo.org.br /public_html/zendLibrary/Zend/Crypt Rsa.php
2011.07.26 22:46 B F:\xampp\htdocs\zendLibrary\Zend\Crypt\WS_FTP.LOG --> ftp.sobrafo.org.br /public_html/zendLibrary/Zend/Crypt WS_FTP.LOG
2011.08.05 01:03 B F:\xampp\htdocs\ZendLibrary\Zend\Crypt\WS_FTP.LOG --> ftp.portalridgid.com.br /public_html/zendLibrary/Zend/Crypt WS_FTP.LOG
2011.08.09 16:56 B F:\xampp\htdocs\ZendLibrary\Zend\Crypt\DiffieHellman.php --> ftp.amfar.com.br /public_html/ZendLibrary/Zend/Crypt DiffieHellman.php
2011.08.09 16:56 B F:\xampp\htdocs\ZendLibrary\Zend\Crypt\Exception.php --> ftp.amfar.com.br /public_html/ZendLibrary/Zend/Crypt Exception.php
2011.08.09 16:56 B F:\xampp\htdocs\ZendLibrary\Zend\Crypt\Hmac.php --> ftp.amfar.com.br /public_html/ZendLibrary/Zend/Crypt Hmac.php
2011.08.09 16:56 B F:\xampp\htdocs\ZendLibrary\Zend\Crypt\Math.php --> ftp.amfar.com.br /public_html/ZendLibrary/Zend/Crypt Math.php
2011.08.09 16:56 B F:\xampp\htdocs\ZendLibrary\Zend\Crypt\Rsa.php --> ftp.amfar.com.br /public_html/ZendLibrary/Zend/Crypt Rsa.php
