2011.06.20 18:48 B F:\xampp\htdocs\zf-tutorial\library\Zend\Pdf\Destination\Explicit.php --> ftp.portalridgid.com.br /public_html/zf-tutorial/library/Zend/Pdf/Destination Explicit.php
2011.06.20 18:48 B F:\xampp\htdocs\zf-tutorial\library\Zend\Pdf\Destination\Fit.php --> ftp.portalridgid.com.br /public_html/zf-tutorial/library/Zend/Pdf/Destination Fit.php
2011.06.20 18:48 B F:\xampp\htdocs\zf-tutorial\library\Zend\Pdf\Destination\FitBoundingBox.php --> ftp.portalridgid.com.br /public_html/zf-tutorial/library/Zend/Pdf/Destination FitBoundingBox.php
2011.06.20 18:48 B F:\xampp\htdocs\zf-tutorial\library\Zend\Pdf\Destination\FitBoundingBoxHorizontally.php --> ftp.portalridgid.com.br /public_html/zf-tutorial/library/Zend/Pdf/Destination FitBoundingBoxHorizontally.php
2011.06.20 18:48 B F:\xampp\htdocs\zf-tutorial\library\Zend\Pdf\Destination\FitBoundingBoxVertically.php --> ftp.portalridgid.com.br /public_html/zf-tutorial/library/Zend/Pdf/Destination FitBoundingBoxVertically.php
2011.06.20 18:48 B F:\xampp\htdocs\zf-tutorial\library\Zend\Pdf\Destination\FitHorizontally.php --> ftp.portalridgid.com.br /public_html/zf-tutorial/library/Zend/Pdf/Destination FitHorizontally.php
2011.06.20 18:48 B F:\xampp\htdocs\zf-tutorial\library\Zend\Pdf\Destination\FitRectangle.php --> ftp.portalridgid.com.br /public_html/zf-tutorial/library/Zend/Pdf/Destination FitRectangle.php
2011.06.20 18:48 B F:\xampp\htdocs\zf-tutorial\library\Zend\Pdf\Destination\FitVertically.php --> ftp.portalridgid.com.br /public_html/zf-tutorial/library/Zend/Pdf/Destination FitVertically.php
2011.06.20 18:48 B F:\xampp\htdocs\zf-tutorial\library\Zend\Pdf\Destination\Named.php --> ftp.portalridgid.com.br /public_html/zf-tutorial/library/Zend/Pdf/Destination Named.php
2011.06.20 18:48 B F:\xampp\htdocs\zf-tutorial\library\Zend\Pdf\Destination\Unknown.php --> ftp.portalridgid.com.br /public_html/zf-tutorial/library/Zend/Pdf/Destination Unknown.php
2011.06.20 18:48 B F:\xampp\htdocs\zf-tutorial\library\Zend\Pdf\Destination\Zoom.php --> ftp.portalridgid.com.br /public_html/zf-tutorial/library/Zend/Pdf/Destination Zoom.php
2011.06.30 03:21 B F:\xampp\htdocs\zendLibrary\Zend\Pdf\Destination\WS_FTP.LOG --> ftp.sbrafh.org.br /sbrafh/Web/zendLibrary/Zend/Pdf/Destination WS_FTP.LOG
2011.06.30 03:21 B F:\xampp\htdocs\zendLibrary\Zend\Pdf\Destination\Zoom.php --> ftp.sbrafh.org.br /sbrafh/Web/zendLibrary/Zend/Pdf/Destination Zoom.php
2011.06.30 03:21 B F:\xampp\htdocs\zendLibrary\Zend\Pdf\Destination\Unknown.php --> ftp.sbrafh.org.br /sbrafh/Web/zendLibrary/Zend/Pdf/Destination Unknown.php
2011.06.30 03:21 B F:\xampp\htdocs\zendLibrary\Zend\Pdf\Destination\Named.php --> ftp.sbrafh.org.br /sbrafh/Web/zendLibrary/Zend/Pdf/Destination Named.php
2011.06.30 03:21 B F:\xampp\htdocs\zendLibrary\Zend\Pdf\Destination\FitVertically.php --> ftp.sbrafh.org.br /sbrafh/Web/zendLibrary/Zend/Pdf/Destination FitVertically.php
2011.06.30 03:21 B F:\xampp\htdocs\zendLibrary\Zend\Pdf\Destination\FitRectangle.php --> ftp.sbrafh.org.br /sbrafh/Web/zendLibrary/Zend/Pdf/Destination FitRectangle.php
2011.06.30 03:21 B F:\xampp\htdocs\zendLibrary\Zend\Pdf\Destination\FitHorizontally.php --> ftp.sbrafh.org.br /sbrafh/Web/zendLibrary/Zend/Pdf/Destination FitHorizontally.php
2011.06.30 03:21 B F:\xampp\htdocs\zendLibrary\Zend\Pdf\Destination\FitBoundingBoxVertically.php --> ftp.sbrafh.org.br /sbrafh/Web/zendLibrary/Zend/Pdf/Destination FitBoundingBoxVertically.php
2011.06.30 03:21 B F:\xampp\htdocs\zendLibrary\Zend\Pdf\Destination\FitBoundingBoxHorizontally.php --> ftp.sbrafh.org.br /sbrafh/Web/zendLibrary/Zend/Pdf/Destination FitBoundingBoxHorizontally.php
2011.06.30 03:21 B F:\xampp\htdocs\zendLibrary\Zend\Pdf\Destination\FitBoundingBox.php --> ftp.sbrafh.org.br /sbrafh/Web/zendLibrary/Zend/Pdf/Destination FitBoundingBox.php
2011.06.30 03:21 B F:\xampp\htdocs\zendLibrary\Zend\Pdf\Destination\Fit.php --> ftp.sbrafh.org.br /sbrafh/Web/zendLibrary/Zend/Pdf/Destination Fit.php
2011.06.30 03:21 B F:\xampp\htdocs\zendLibrary\Zend\Pdf\Destination\Explicit.php --> ftp.sbrafh.org.br /sbrafh/Web/zendLibrary/Zend/Pdf/Destination Explicit.php
2011.07.09 00:14 B F:\xampp\htdocs\zendLibrary\Zend\Pdf\Destination\Explicit.php --> ftp.radiofone.com.br /public_html/radiofone/zendLibrary/Zend/Pdf/Destination Explicit.php
2011.07.09 00:14 B F:\xampp\htdocs\zendLibrary\Zend\Pdf\Destination\Fit.php --> ftp.radiofone.com.br /public_html/radiofone/zendLibrary/Zend/Pdf/Destination Fit.php
2011.07.09 00:14 B F:\xampp\htdocs\zendLibrary\Zend\Pdf\Destination\FitBoundingBox.php --> ftp.radiofone.com.br /public_html/radiofone/zendLibrary/Zend/Pdf/Destination FitBoundingBox.php
2011.07.09 00:14 B F:\xampp\htdocs\zendLibrary\Zend\Pdf\Destination\FitBoundingBoxHorizontally.php --> ftp.radiofone.com.br /public_html/radiofone/zendLibrary/Zend/Pdf/Destination FitBoundingBoxHorizontally.php
2011.07.09 00:14 B F:\xampp\htdocs\zendLibrary\Zend\Pdf\Destination\FitBoundingBoxVertically.php --> ftp.radiofone.com.br /public_html/radiofone/zendLibrary/Zend/Pdf/Destination FitBoundingBoxVertically.php
2011.07.09 00:14 B F:\xampp\htdocs\zendLibrary\Zend\Pdf\Destination\FitHorizontally.php --> ftp.radiofone.com.br /public_html/radiofone/zendLibrary/Zend/Pdf/Destination FitHorizontally.php
2011.07.09 00:14 B F:\xampp\htdocs\zendLibrary\Zend\Pdf\Destination\FitRectangle.php --> ftp.radiofone.com.br /public_html/radiofone/zendLibrary/Zend/Pdf/Destination FitRectangle.php
2011.07.09 00:14 B F:\xampp\htdocs\zendLibrary\Zend\Pdf\Destination\FitVertically.php --> ftp.radiofone.com.br /public_html/radiofone/zendLibrary/Zend/Pdf/Destination FitVertically.php
2011.07.09 00:14 B F:\xampp\htdocs\zendLibrary\Zend\Pdf\Destination\Named.php --> ftp.radiofone.com.br /public_html/radiofone/zendLibrary/Zend/Pdf/Destination Named.php
2011.07.09 00:14 B F:\xampp\htdocs\zendLibrary\Zend\Pdf\Destination\Unknown.php --> ftp.radiofone.com.br /public_html/radiofone/zendLibrary/Zend/Pdf/Destination Unknown.php
2011.07.09 00:14 B F:\xampp\htdocs\zendLibrary\Zend\Pdf\Destination\WS_FTP.LOG --> ftp.radiofone.com.br /public_html/radiofone/zendLibrary/Zend/Pdf/Destination WS_FTP.LOG
2011.07.09 00:14 B F:\xampp\htdocs\zendLibrary\Zend\Pdf\Destination\Zoom.php --> ftp.radiofone.com.br /public_html/radiofone/zendLibrary/Zend/Pdf/Destination Zoom.php
2011.07.09 00:50 B F:\xampp\htdocs\zendLibrary\Zend\Pdf\Destination\WS_FTP.LOG --> ftp.radiofone.com.br /public_html/radiofone/zendLibrary/Zend/Pdf/Destination WS_FTP.LOG
2011.07.26 23:03 B F:\xampp\htdocs\zendLibrary\Zend\Pdf\Destination\Explicit.php --> ftp.sobrafo.org.br /public_html/zendLibrary/Zend/Pdf/Destination Explicit.php
2011.07.26 23:03 B F:\xampp\htdocs\zendLibrary\Zend\Pdf\Destination\Fit.php --> ftp.sobrafo.org.br /public_html/zendLibrary/Zend/Pdf/Destination Fit.php
2011.07.26 23:03 B F:\xampp\htdocs\zendLibrary\Zend\Pdf\Destination\FitBoundingBox.php --> ftp.sobrafo.org.br /public_html/zendLibrary/Zend/Pdf/Destination FitBoundingBox.php
2011.07.26 23:03 B F:\xampp\htdocs\zendLibrary\Zend\Pdf\Destination\FitBoundingBoxHorizontally.php --> ftp.sobrafo.org.br /public_html/zendLibrary/Zend/Pdf/Destination FitBoundingBoxHorizontally.php
2011.07.26 23:03 B F:\xampp\htdocs\zendLibrary\Zend\Pdf\Destination\FitBoundingBoxVertically.php --> ftp.sobrafo.org.br /public_html/zendLibrary/Zend/Pdf/Destination FitBoundingBoxVertically.php
2011.07.26 23:03 B F:\xampp\htdocs\zendLibrary\Zend\Pdf\Destination\FitHorizontally.php --> ftp.sobrafo.org.br /public_html/zendLibrary/Zend/Pdf/Destination FitHorizontally.php
2011.07.26 23:03 B F:\xampp\htdocs\zendLibrary\Zend\Pdf\Destination\FitRectangle.php --> ftp.sobrafo.org.br /public_html/zendLibrary/Zend/Pdf/Destination FitRectangle.php
2011.07.26 23:03 B F:\xampp\htdocs\zendLibrary\Zend\Pdf\Destination\FitVertically.php --> ftp.sobrafo.org.br /public_html/zendLibrary/Zend/Pdf/Destination FitVertically.php
2011.07.26 23:03 B F:\xampp\htdocs\zendLibrary\Zend\Pdf\Destination\Named.php --> ftp.sobrafo.org.br /public_html/zendLibrary/Zend/Pdf/Destination Named.php
2011.07.26 23:03 B F:\xampp\htdocs\zendLibrary\Zend\Pdf\Destination\Unknown.php --> ftp.sobrafo.org.br /public_html/zendLibrary/Zend/Pdf/Destination Unknown.php
2011.07.26 23:03 B F:\xampp\htdocs\zendLibrary\Zend\Pdf\Destination\WS_FTP.LOG --> ftp.sobrafo.org.br /public_html/zendLibrary/Zend/Pdf/Destination WS_FTP.LOG
2011.07.26 23:03 B F:\xampp\htdocs\zendLibrary\Zend\Pdf\Destination\Zoom.php --> ftp.sobrafo.org.br /public_html/zendLibrary/Zend/Pdf/Destination Zoom.php
2011.08.09 17:23 B F:\xampp\htdocs\ZendLibrary\Zend\Pdf\Destination\Explicit.php --> ftp.amfar.com.br /public_html/ZendLibrary/Zend/Pdf/Destination Explicit.php
2011.08.09 17:23 B F:\xampp\htdocs\ZendLibrary\Zend\Pdf\Destination\Fit.php --> ftp.amfar.com.br /public_html/ZendLibrary/Zend/Pdf/Destination Fit.php
2011.08.09 17:23 B F:\xampp\htdocs\ZendLibrary\Zend\Pdf\Destination\FitBoundingBox.php --> ftp.amfar.com.br /public_html/ZendLibrary/Zend/Pdf/Destination FitBoundingBox.php
2011.08.09 17:23 B F:\xampp\htdocs\ZendLibrary\Zend\Pdf\Destination\FitBoundingBoxHorizontally.php --> ftp.amfar.com.br /public_html/ZendLibrary/Zend/Pdf/Destination FitBoundingBoxHorizontally.php
2011.08.09 17:23 B F:\xampp\htdocs\ZendLibrary\Zend\Pdf\Destination\FitBoundingBoxVertically.php --> ftp.amfar.com.br /public_html/ZendLibrary/Zend/Pdf/Destination FitBoundingBoxVertically.php
2011.08.09 17:23 B F:\xampp\htdocs\ZendLibrary\Zend\Pdf\Destination\FitHorizontally.php --> ftp.amfar.com.br /public_html/ZendLibrary/Zend/Pdf/Destination FitHorizontally.php
2011.08.09 17:24 B F:\xampp\htdocs\ZendLibrary\Zend\Pdf\Destination\FitRectangle.php --> ftp.amfar.com.br /public_html/ZendLibrary/Zend/Pdf/Destination FitRectangle.php
2011.08.09 17:24 B F:\xampp\htdocs\ZendLibrary\Zend\Pdf\Destination\FitVertically.php --> ftp.amfar.com.br /public_html/ZendLibrary/Zend/Pdf/Destination FitVertically.php
2011.08.09 17:24 B F:\xampp\htdocs\ZendLibrary\Zend\Pdf\Destination\Named.php --> ftp.amfar.com.br /public_html/ZendLibrary/Zend/Pdf/Destination Named.php
2011.08.09 17:24 B F:\xampp\htdocs\ZendLibrary\Zend\Pdf\Destination\Unknown.php --> ftp.amfar.com.br /public_html/ZendLibrary/Zend/Pdf/Destination Unknown.php
