2011.06.20 18:31 B F:\xampp\htdocs\zf-tutorial\library\Zend\Cloud\DocumentService\Adapter.php --> ftp.portalridgid.com.br /public_html/zf-tutorial/library/Zend/Cloud/DocumentService Adapter.php
2011.06.20 18:31 B F:\xampp\htdocs\zf-tutorial\library\Zend\Cloud\DocumentService\Document.php --> ftp.portalridgid.com.br /public_html/zf-tutorial/library/Zend/Cloud/DocumentService Document.php
2011.06.20 18:31 B F:\xampp\htdocs\zf-tutorial\library\Zend\Cloud\DocumentService\DocumentSet.php --> ftp.portalridgid.com.br /public_html/zf-tutorial/library/Zend/Cloud/DocumentService DocumentSet.php
2011.06.20 18:31 B F:\xampp\htdocs\zf-tutorial\library\Zend\Cloud\DocumentService\Exception.php --> ftp.portalridgid.com.br /public_html/zf-tutorial/library/Zend/Cloud/DocumentService Exception.php
2011.06.20 18:31 B F:\xampp\htdocs\zf-tutorial\library\Zend\Cloud\DocumentService\Factory.php --> ftp.portalridgid.com.br /public_html/zf-tutorial/library/Zend/Cloud/DocumentService Factory.php
2011.06.20 18:31 B F:\xampp\htdocs\zf-tutorial\library\Zend\Cloud\DocumentService\Query.php --> ftp.portalridgid.com.br /public_html/zf-tutorial/library/Zend/Cloud/DocumentService Query.php
2011.06.20 18:31 B F:\xampp\htdocs\zf-tutorial\library\Zend\Cloud\DocumentService\QueryAdapter.php --> ftp.portalridgid.com.br /public_html/zf-tutorial/library/Zend/Cloud/DocumentService QueryAdapter.php
2011.06.30 03:44 B F:\xampp\htdocs\zendLibrary\Zend\Cloud\DocumentService\WS_FTP.LOG --> ftp.sbrafh.org.br /sbrafh/Web/zendLibrary/Zend/Cloud/DocumentService WS_FTP.LOG
2011.06.30 03:44 B F:\xampp\htdocs\zendLibrary\Zend\Cloud\DocumentService\QueryAdapter.php --> ftp.sbrafh.org.br /sbrafh/Web/zendLibrary/Zend/Cloud/DocumentService QueryAdapter.php
2011.06.30 03:44 B F:\xampp\htdocs\zendLibrary\Zend\Cloud\DocumentService\Query.php --> ftp.sbrafh.org.br /sbrafh/Web/zendLibrary/Zend/Cloud/DocumentService Query.php
2011.06.30 03:44 B F:\xampp\htdocs\zendLibrary\Zend\Cloud\DocumentService\Factory.php --> ftp.sbrafh.org.br /sbrafh/Web/zendLibrary/Zend/Cloud/DocumentService Factory.php
2011.06.30 03:44 B F:\xampp\htdocs\zendLibrary\Zend\Cloud\DocumentService\Exception.php --> ftp.sbrafh.org.br /sbrafh/Web/zendLibrary/Zend/Cloud/DocumentService Exception.php
2011.06.30 03:44 B F:\xampp\htdocs\zendLibrary\Zend\Cloud\DocumentService\DocumentSet.php --> ftp.sbrafh.org.br /sbrafh/Web/zendLibrary/Zend/Cloud/DocumentService DocumentSet.php
2011.06.30 03:44 B F:\xampp\htdocs\zendLibrary\Zend\Cloud\DocumentService\Document.php --> ftp.sbrafh.org.br /sbrafh/Web/zendLibrary/Zend/Cloud/DocumentService Document.php
2011.06.30 03:44 B F:\xampp\htdocs\zendLibrary\Zend\Cloud\DocumentService\Adapter.php --> ftp.sbrafh.org.br /sbrafh/Web/zendLibrary/Zend/Cloud/DocumentService Adapter.php
2011.07.08 23:44 B F:\xampp\htdocs\zendLibrary\Zend\Cloud\DocumentService\Adapter.php --> ftp.radiofone.com.br /public_html/radiofone/zendLibrary/Zend/Cloud/DocumentService Adapter.php
2011.07.08 23:44 B F:\xampp\htdocs\zendLibrary\Zend\Cloud\DocumentService\Document.php --> ftp.radiofone.com.br /public_html/radiofone/zendLibrary/Zend/Cloud/DocumentService Document.php
2011.07.08 23:44 B F:\xampp\htdocs\zendLibrary\Zend\Cloud\DocumentService\DocumentSet.php --> ftp.radiofone.com.br /public_html/radiofone/zendLibrary/Zend/Cloud/DocumentService DocumentSet.php
2011.07.08 23:44 B F:\xampp\htdocs\zendLibrary\Zend\Cloud\DocumentService\Exception.php --> ftp.radiofone.com.br /public_html/radiofone/zendLibrary/Zend/Cloud/DocumentService Exception.php
2011.07.08 23:44 B F:\xampp\htdocs\zendLibrary\Zend\Cloud\DocumentService\Factory.php --> ftp.radiofone.com.br /public_html/radiofone/zendLibrary/Zend/Cloud/DocumentService Factory.php
2011.07.08 23:44 B F:\xampp\htdocs\zendLibrary\Zend\Cloud\DocumentService\Query.php --> ftp.radiofone.com.br /public_html/radiofone/zendLibrary/Zend/Cloud/DocumentService Query.php
2011.07.08 23:44 B F:\xampp\htdocs\zendLibrary\Zend\Cloud\DocumentService\QueryAdapter.php --> ftp.radiofone.com.br /public_html/radiofone/zendLibrary/Zend/Cloud/DocumentService QueryAdapter.php
2011.07.08 23:44 B F:\xampp\htdocs\zendLibrary\Zend\Cloud\DocumentService\WS_FTP.LOG --> ftp.radiofone.com.br /public_html/radiofone/zendLibrary/Zend/Cloud/DocumentService WS_FTP.LOG
2011.07.26 22:45 B F:\xampp\htdocs\zendLibrary\Zend\Cloud\DocumentService\Adapter.php --> ftp.sobrafo.org.br /public_html/zendLibrary/Zend/Cloud/DocumentService Adapter.php
2011.07.26 22:45 B F:\xampp\htdocs\zendLibrary\Zend\Cloud\DocumentService\Document.php --> ftp.sobrafo.org.br /public_html/zendLibrary/Zend/Cloud/DocumentService Document.php
2011.07.26 22:45 B F:\xampp\htdocs\zendLibrary\Zend\Cloud\DocumentService\DocumentSet.php --> ftp.sobrafo.org.br /public_html/zendLibrary/Zend/Cloud/DocumentService DocumentSet.php
2011.07.26 22:45 B F:\xampp\htdocs\zendLibrary\Zend\Cloud\DocumentService\Exception.php --> ftp.sobrafo.org.br /public_html/zendLibrary/Zend/Cloud/DocumentService Exception.php
2011.07.26 22:45 B F:\xampp\htdocs\zendLibrary\Zend\Cloud\DocumentService\Factory.php --> ftp.sobrafo.org.br /public_html/zendLibrary/Zend/Cloud/DocumentService Factory.php
2011.07.26 22:45 B F:\xampp\htdocs\zendLibrary\Zend\Cloud\DocumentService\Query.php --> ftp.sobrafo.org.br /public_html/zendLibrary/Zend/Cloud/DocumentService Query.php
2011.07.26 22:45 B F:\xampp\htdocs\zendLibrary\Zend\Cloud\DocumentService\QueryAdapter.php --> ftp.sobrafo.org.br /public_html/zendLibrary/Zend/Cloud/DocumentService QueryAdapter.php
2011.07.26 22:45 B F:\xampp\htdocs\zendLibrary\Zend\Cloud\DocumentService\WS_FTP.LOG --> ftp.sobrafo.org.br /public_html/zendLibrary/Zend/Cloud/DocumentService WS_FTP.LOG
2011.08.05 01:00 B F:\xampp\htdocs\ZendLibrary\Zend\Cloud\DocumentService\WS_FTP.LOG --> ftp.portalridgid.com.br /public_html/zendLibrary/Zend/Cloud/DocumentService WS_FTP.LOG
2011.08.09 16:55 B F:\xampp\htdocs\ZendLibrary\Zend\Cloud\DocumentService\Adapter.php --> ftp.amfar.com.br /public_html/ZendLibrary/Zend/Cloud/DocumentService Adapter.php
2011.08.09 16:55 B F:\xampp\htdocs\ZendLibrary\Zend\Cloud\DocumentService\Document.php --> ftp.amfar.com.br /public_html/ZendLibrary/Zend/Cloud/DocumentService Document.php
2011.08.09 16:55 B F:\xampp\htdocs\ZendLibrary\Zend\Cloud\DocumentService\DocumentSet.php --> ftp.amfar.com.br /public_html/ZendLibrary/Zend/Cloud/DocumentService DocumentSet.php
2011.08.09 16:55 B F:\xampp\htdocs\ZendLibrary\Zend\Cloud\DocumentService\Exception.php --> ftp.amfar.com.br /public_html/ZendLibrary/Zend/Cloud/DocumentService Exception.php
2011.08.09 16:55 B F:\xampp\htdocs\ZendLibrary\Zend\Cloud\DocumentService\Factory.php --> ftp.amfar.com.br /public_html/ZendLibrary/Zend/Cloud/DocumentService Factory.php
2011.08.09 16:55 B F:\xampp\htdocs\ZendLibrary\Zend\Cloud\DocumentService\Query.php --> ftp.amfar.com.br /public_html/ZendLibrary/Zend/Cloud/DocumentService Query.php
2011.08.09 16:55 B F:\xampp\htdocs\ZendLibrary\Zend\Cloud\DocumentService\QueryAdapter.php --> ftp.amfar.com.br /public_html/ZendLibrary/Zend/Cloud/DocumentService QueryAdapter.php
2011.08.09 16:55 B F:\xampp\htdocs\ZendLibrary\Zend\Cloud\DocumentService\WS_FTP.LOG --> ftp.amfar.com.br /public_html/ZendLibrary/Zend/Cloud/DocumentService WS_FTP.LOG
2011.08.22 20:57 B X:\xampp\htdocs\ZendLibrary\Zend\Cloud\DocumentService\Adapter.php --> ftp.jairodepaula.com.br /jairodepaula/web/ZendLibrary/Zend/Cloud/DocumentService Adapter.php
2011.08.22 20:57 B X:\xampp\htdocs\ZendLibrary\Zend\Cloud\DocumentService\Document.php --> ftp.jairodepaula.com.br /jairodepaula/web/ZendLibrary/Zend/Cloud/DocumentService Document.php
2011.08.22 20:57 B X:\xampp\htdocs\ZendLibrary\Zend\Cloud\DocumentService\DocumentSet.php --> ftp.jairodepaula.com.br /jairodepaula/web/ZendLibrary/Zend/Cloud/DocumentService DocumentSet.php
2011.08.22 20:57 B X:\xampp\htdocs\ZendLibrary\Zend\Cloud\DocumentService\Exception.php --> ftp.jairodepaula.com.br /jairodepaula/web/ZendLibrary/Zend/Cloud/DocumentService Exception.php
2011.08.22 20:57 B X:\xampp\htdocs\ZendLibrary\Zend\Cloud\DocumentService\Factory.php --> ftp.jairodepaula.com.br /jairodepaula/web/ZendLibrary/Zend/Cloud/DocumentService Factory.php
2011.08.22 20:57 B X:\xampp\htdocs\ZendLibrary\Zend\Cloud\DocumentService\Query.php --> ftp.jairodepaula.com.br /jairodepaula/web/ZendLibrary/Zend/Cloud/DocumentService Query.php
2011.08.22 20:57 B X:\xampp\htdocs\ZendLibrary\Zend\Cloud\DocumentService\QueryAdapter.php --> ftp.jairodepaula.com.br /jairodepaula/web/ZendLibrary/Zend/Cloud/DocumentService QueryAdapter.php
2011.08.22 20:57 B X:\xampp\htdocs\ZendLibrary\Zend\Cloud\DocumentService\WS_FTP.LOG --> ftp.jairodepaula.com.br /jairodepaula/web/ZendLibrary/Zend/Cloud/DocumentService WS_FTP.LOG
2011.12.31 14:47 B F:\xampp\htdocs\ZendLibrary\Zend\Cloud\DocumentService\Adapter.php --> ftp.sbrafh.org.br /public_html/ZendLibrary/Zend/Cloud/DocumentService Adapter.php
2011.12.31 14:47 B F:\xampp\htdocs\ZendLibrary\Zend\Cloud\DocumentService\Document.php --> ftp.sbrafh.org.br /public_html/ZendLibrary/Zend/Cloud/DocumentService Document.php
2011.12.31 14:47 B F:\xampp\htdocs\ZendLibrary\Zend\Cloud\DocumentService\DocumentSet.php --> ftp.sbrafh.org.br /public_html/ZendLibrary/Zend/Cloud/DocumentService DocumentSet.php
2011.12.31 14:47 B F:\xampp\htdocs\ZendLibrary\Zend\Cloud\DocumentService\Exception.php --> ftp.sbrafh.org.br /public_html/ZendLibrary/Zend/Cloud/DocumentService Exception.php
2011.12.31 14:47 B F:\xampp\htdocs\ZendLibrary\Zend\Cloud\DocumentService\Factory.php --> ftp.sbrafh.org.br /public_html/ZendLibrary/Zend/Cloud/DocumentService Factory.php
2011.12.31 14:47 B F:\xampp\htdocs\ZendLibrary\Zend\Cloud\DocumentService\Query.php --> ftp.sbrafh.org.br /public_html/ZendLibrary/Zend/Cloud/DocumentService Query.php
2011.12.31 14:47 B F:\xampp\htdocs\ZendLibrary\Zend\Cloud\DocumentService\QueryAdapter.php --> ftp.sbrafh.org.br /public_html/ZendLibrary/Zend/Cloud/DocumentService QueryAdapter.php
2011.12.31 14:47 B F:\xampp\htdocs\ZendLibrary\Zend\Cloud\DocumentService\WS_FTP.LOG --> ftp.sbrafh.org.br /public_html/ZendLibrary/Zend/Cloud/DocumentService WS_FTP.LOG
2012.01.06 03:16 B F:\xampp\htdocs\ZendLibrary\Zend\Cloud\DocumentService\Adapter.php --> ftp461.locaweb.com.br /ridgid/web/ZendLibrary/Zend/Cloud/DocumentService Adapter.php
2012.01.06 03:16 B F:\xampp\htdocs\ZendLibrary\Zend\Cloud\DocumentService\Document.php --> ftp461.locaweb.com.br /ridgid/web/ZendLibrary/Zend/Cloud/DocumentService Document.php
2012.01.06 03:16 B F:\xampp\htdocs\ZendLibrary\Zend\Cloud\DocumentService\DocumentSet.php --> ftp461.locaweb.com.br /ridgid/web/ZendLibrary/Zend/Cloud/DocumentService DocumentSet.php
2012.01.06 03:16 B F:\xampp\htdocs\ZendLibrary\Zend\Cloud\DocumentService\Exception.php --> ftp461.locaweb.com.br /ridgid/web/ZendLibrary/Zend/Cloud/DocumentService Exception.php
2012.01.06 03:16 B F:\xampp\htdocs\ZendLibrary\Zend\Cloud\DocumentService\Factory.php --> ftp461.locaweb.com.br /ridgid/web/ZendLibrary/Zend/Cloud/DocumentService Factory.php
2012.01.06 03:16 B F:\xampp\htdocs\ZendLibrary\Zend\Cloud\DocumentService\Query.php --> ftp461.locaweb.com.br /ridgid/web/ZendLibrary/Zend/Cloud/DocumentService Query.php
2012.01.06 03:16 B F:\xampp\htdocs\ZendLibrary\Zend\Cloud\DocumentService\QueryAdapter.php --> ftp461.locaweb.com.br /ridgid/web/ZendLibrary/Zend/Cloud/DocumentService QueryAdapter.php
2012.01.06 03:16 B F:\xampp\htdocs\ZendLibrary\Zend\Cloud\DocumentService\WS_FTP.LOG --> ftp461.locaweb.com.br /ridgid/web/ZendLibrary/Zend/Cloud/DocumentService WS_FTP.LOG
2012.01.24 17:30 B F:\xampp\htdocs\ZendLibrary\Zend\Cloud\DocumentService\Adapter.php --> graficamarmar.com.br /htdocs/ZendLibrary/Zend/Cloud/DocumentService Adapter.php
2012.01.24 17:30 B F:\xampp\htdocs\ZendLibrary\Zend\Cloud\DocumentService\Document.php --> graficamarmar.com.br /htdocs/ZendLibrary/Zend/Cloud/DocumentService Document.php
2012.01.24 17:30 B F:\xampp\htdocs\ZendLibrary\Zend\Cloud\DocumentService\DocumentSet.php --> graficamarmar.com.br /htdocs/ZendLibrary/Zend/Cloud/DocumentService DocumentSet.php
2012.01.24 17:30 B F:\xampp\htdocs\ZendLibrary\Zend\Cloud\DocumentService\Exception.php --> graficamarmar.com.br /htdocs/ZendLibrary/Zend/Cloud/DocumentService Exception.php
2012.01.24 17:30 B F:\xampp\htdocs\ZendLibrary\Zend\Cloud\DocumentService\Factory.php --> graficamarmar.com.br /htdocs/ZendLibrary/Zend/Cloud/DocumentService Factory.php
2012.01.24 17:30 B F:\xampp\htdocs\ZendLibrary\Zend\Cloud\DocumentService\Query.php --> graficamarmar.com.br /htdocs/ZendLibrary/Zend/Cloud/DocumentService Query.php
2012.01.24 17:30 B F:\xampp\htdocs\ZendLibrary\Zend\Cloud\DocumentService\QueryAdapter.php --> graficamarmar.com.br /htdocs/ZendLibrary/Zend/Cloud/DocumentService QueryAdapter.php
2012.01.24 17:30 B F:\xampp\htdocs\ZendLibrary\Zend\Cloud\DocumentService\WS_FTP.LOG --> graficamarmar.com.br /htdocs/ZendLibrary/Zend/Cloud/DocumentService WS_FTP.LOG
2012.02.08 17:04 B F:\xampp\htdocs\ZendLibrary\Zend\Cloud\DocumentService\Adapter.php --> graficamarmar.hospedagemdesites.ws /public_html/ZendLibrary/Zend/Cloud/DocumentService Adapter.php
2012.02.08 17:04 B F:\xampp\htdocs\ZendLibrary\Zend\Cloud\DocumentService\Document.php --> graficamarmar.hospedagemdesites.ws /public_html/ZendLibrary/Zend/Cloud/DocumentService Document.php
2012.02.08 17:04 B F:\xampp\htdocs\ZendLibrary\Zend\Cloud\DocumentService\DocumentSet.php --> graficamarmar.hospedagemdesites.ws /public_html/ZendLibrary/Zend/Cloud/DocumentService DocumentSet.php
2012.02.08 17:04 B F:\xampp\htdocs\ZendLibrary\Zend\Cloud\DocumentService\Exception.php --> graficamarmar.hospedagemdesites.ws /public_html/ZendLibrary/Zend/Cloud/DocumentService Exception.php
2012.02.08 17:04 B F:\xampp\htdocs\ZendLibrary\Zend\Cloud\DocumentService\Factory.php --> graficamarmar.hospedagemdesites.ws /public_html/ZendLibrary/Zend/Cloud/DocumentService Factory.php
2012.02.08 17:04 B F:\xampp\htdocs\ZendLibrary\Zend\Cloud\DocumentService\Query.php --> graficamarmar.hospedagemdesites.ws /public_html/ZendLibrary/Zend/Cloud/DocumentService Query.php
2012.02.08 17:04 B F:\xampp\htdocs\ZendLibrary\Zend\Cloud\DocumentService\QueryAdapter.php --> graficamarmar.hospedagemdesites.ws /public_html/ZendLibrary/Zend/Cloud/DocumentService QueryAdapter.php
2012.02.08 17:04 B F:\xampp\htdocs\ZendLibrary\Zend\Cloud\DocumentService\WS_FTP.LOG --> graficamarmar.hospedagemdesites.ws /public_html/ZendLibrary/Zend/Cloud/DocumentService WS_FTP.LOG
2012.10.29 14:40 B F:\xampp\htdocs\ZendLibrary\Zend\Cloud\DocumentService\Adapter.php --> 186.202.153.85 /public_html/ZendLibrary/Zend/Cloud/DocumentService Adapter.php
2012.10.29 14:40 B F:\xampp\htdocs\ZendLibrary\Zend\Cloud\DocumentService\Document.php --> 186.202.153.85 /public_html/ZendLibrary/Zend/Cloud/DocumentService Document.php
2012.10.29 14:40 B F:\xampp\htdocs\ZendLibrary\Zend\Cloud\DocumentService\DocumentSet.php --> 186.202.153.85 /public_html/ZendLibrary/Zend/Cloud/DocumentService DocumentSet.php
2012.10.29 14:40 B F:\xampp\htdocs\ZendLibrary\Zend\Cloud\DocumentService\Exception.php --> 186.202.153.85 /public_html/ZendLibrary/Zend/Cloud/DocumentService Exception.php
2012.10.29 14:40 B F:\xampp\htdocs\ZendLibrary\Zend\Cloud\DocumentService\Factory.php --> 186.202.153.85 /public_html/ZendLibrary/Zend/Cloud/DocumentService Factory.php
2012.10.29 14:40 B F:\xampp\htdocs\ZendLibrary\Zend\Cloud\DocumentService\Query.php --> 186.202.153.85 /public_html/ZendLibrary/Zend/Cloud/DocumentService Query.php
2012.10.29 14:40 B F:\xampp\htdocs\ZendLibrary\Zend\Cloud\DocumentService\QueryAdapter.php --> 186.202.153.85 /public_html/ZendLibrary/Zend/Cloud/DocumentService QueryAdapter.php
2012.10.29 14:40 B F:\xampp\htdocs\ZendLibrary\Zend\Cloud\DocumentService\WS_FTP.LOG --> 186.202.153.85 /public_html/ZendLibrary/Zend/Cloud/DocumentService WS_FTP.LOG
