2011.06.20 18:39 B F:\xampp\htdocs\zf-tutorial\library\Zend\Http\Client.php --> ftp.portalridgid.com.br /public_html/zf-tutorial/library/Zend/Http Client.php
2011.06.20 18:39 B F:\xampp\htdocs\zf-tutorial\library\Zend\Http\Cookie.php --> ftp.portalridgid.com.br /public_html/zf-tutorial/library/Zend/Http Cookie.php
2011.06.20 18:39 B F:\xampp\htdocs\zf-tutorial\library\Zend\Http\CookieJar.php --> ftp.portalridgid.com.br /public_html/zf-tutorial/library/Zend/Http CookieJar.php
2011.06.20 18:39 B F:\xampp\htdocs\zf-tutorial\library\Zend\Http\Exception.php --> ftp.portalridgid.com.br /public_html/zf-tutorial/library/Zend/Http Exception.php
2011.06.20 18:39 B F:\xampp\htdocs\zf-tutorial\library\Zend\Http\Response.php --> ftp.portalridgid.com.br /public_html/zf-tutorial/library/Zend/Http Response.php
2011.06.20 18:39 B F:\xampp\htdocs\zf-tutorial\library\Zend\Http\UserAgent.php --> ftp.portalridgid.com.br /public_html/zf-tutorial/library/Zend/Http UserAgent.php
2011.06.30 03:33 B F:\xampp\htdocs\zendLibrary\Zend\Http\WS_FTP.LOG --> ftp.sbrafh.org.br /sbrafh/Web/zendLibrary/Zend/Http WS_FTP.LOG
2011.06.30 03:33 B F:\xampp\htdocs\zendLibrary\Zend\Http\Client.php --> ftp.sbrafh.org.br /sbrafh/Web/zendLibrary/Zend/Http Client.php
2011.06.30 03:33 B F:\xampp\htdocs\zendLibrary\Zend\Http\UserAgent.php --> ftp.sbrafh.org.br /sbrafh/Web/zendLibrary/Zend/Http UserAgent.php
2011.06.30 03:33 B F:\xampp\htdocs\zendLibrary\Zend\Http\Response.php --> ftp.sbrafh.org.br /sbrafh/Web/zendLibrary/Zend/Http Response.php
2011.06.30 03:33 B F:\xampp\htdocs\zendLibrary\Zend\Http\Exception.php --> ftp.sbrafh.org.br /sbrafh/Web/zendLibrary/Zend/Http Exception.php
2011.06.30 03:33 B F:\xampp\htdocs\zendLibrary\Zend\Http\CookieJar.php --> ftp.sbrafh.org.br /sbrafh/Web/zendLibrary/Zend/Http CookieJar.php
2011.06.30 03:33 B F:\xampp\htdocs\zendLibrary\Zend\Http\Cookie.php --> ftp.sbrafh.org.br /sbrafh/Web/zendLibrary/Zend/Http Cookie.php
2011.07.08 23:53 B F:\xampp\htdocs\zendLibrary\Zend\Http\Client.php --> ftp.radiofone.com.br /public_html/radiofone/zendLibrary/Zend/Http Client.php
2011.07.08 23:53 B F:\xampp\htdocs\zendLibrary\Zend\Http\Cookie.php --> ftp.radiofone.com.br /public_html/radiofone/zendLibrary/Zend/Http Cookie.php
2011.07.08 23:53 B F:\xampp\htdocs\zendLibrary\Zend\Http\CookieJar.php --> ftp.radiofone.com.br /public_html/radiofone/zendLibrary/Zend/Http CookieJar.php
2011.07.08 23:53 B F:\xampp\htdocs\zendLibrary\Zend\Http\Exception.php --> ftp.radiofone.com.br /public_html/radiofone/zendLibrary/Zend/Http Exception.php
2011.07.08 23:53 B F:\xampp\htdocs\zendLibrary\Zend\Http\Response.php --> ftp.radiofone.com.br /public_html/radiofone/zendLibrary/Zend/Http Response.php
2011.07.08 23:53 B F:\xampp\htdocs\zendLibrary\Zend\Http\UserAgent.php --> ftp.radiofone.com.br /public_html/radiofone/zendLibrary/Zend/Http UserAgent.php
2011.07.08 23:53 B F:\xampp\htdocs\zendLibrary\Zend\Http\WS_FTP.LOG --> ftp.radiofone.com.br /public_html/radiofone/zendLibrary/Zend/Http WS_FTP.LOG
2011.07.09 00:48 B F:\xampp\htdocs\zendLibrary\Zend\Http\WS_FTP.LOG --> ftp.radiofone.com.br /public_html/radiofone/zendLibrary/Zend/Http WS_FTP.LOG
2011.07.26 22:53 B F:\xampp\htdocs\zendLibrary\Zend\Http\Client.php --> ftp.sobrafo.org.br /public_html/zendLibrary/Zend/Http Client.php
2011.07.26 22:53 B F:\xampp\htdocs\zendLibrary\Zend\Http\Cookie.php --> ftp.sobrafo.org.br /public_html/zendLibrary/Zend/Http Cookie.php
2011.07.26 22:53 B F:\xampp\htdocs\zendLibrary\Zend\Http\CookieJar.php --> ftp.sobrafo.org.br /public_html/zendLibrary/Zend/Http CookieJar.php
2011.07.26 22:53 B F:\xampp\htdocs\zendLibrary\Zend\Http\Exception.php --> ftp.sobrafo.org.br /public_html/zendLibrary/Zend/Http Exception.php
2011.07.26 22:53 B F:\xampp\htdocs\zendLibrary\Zend\Http\Response.php --> ftp.sobrafo.org.br /public_html/zendLibrary/Zend/Http Response.php
2011.07.26 22:53 B F:\xampp\htdocs\zendLibrary\Zend\Http\UserAgent.php --> ftp.sobrafo.org.br /public_html/zendLibrary/Zend/Http UserAgent.php
2011.07.26 22:53 B F:\xampp\htdocs\zendLibrary\Zend\Http\WS_FTP.LOG --> ftp.sobrafo.org.br /public_html/zendLibrary/Zend/Http WS_FTP.LOG
2011.08.09 17:14 B F:\xampp\htdocs\ZendLibrary\Zend\Http\Client.php --> ftp.amfar.com.br /public_html/ZendLibrary/Zend/Http Client.php
2011.08.09 17:14 B F:\xampp\htdocs\ZendLibrary\Zend\Http\Cookie.php --> ftp.amfar.com.br /public_html/ZendLibrary/Zend/Http Cookie.php
2011.08.09 17:14 B F:\xampp\htdocs\ZendLibrary\Zend\Http\CookieJar.php --> ftp.amfar.com.br /public_html/ZendLibrary/Zend/Http CookieJar.php
2011.08.09 17:14 B F:\xampp\htdocs\ZendLibrary\Zend\Http\Exception.php --> ftp.amfar.com.br /public_html/ZendLibrary/Zend/Http Exception.php
2011.08.09 17:14 B F:\xampp\htdocs\ZendLibrary\Zend\Http\Response.php --> ftp.amfar.com.br /public_html/ZendLibrary/Zend/Http Response.php
2011.08.09 17:14 B F:\xampp\htdocs\ZendLibrary\Zend\Http\UserAgent.php --> ftp.amfar.com.br /public_html/ZendLibrary/Zend/Http UserAgent.php
