2011.06.20 18:54 B F:\xampp\htdocs\zf-tutorial\library\Zend\Service\WindowsAzure\Storage\Batch.php --> ftp.portalridgid.com.br /public_html/zf-tutorial/library/Zend/Service/WindowsAzure/Storage Batch.php
2011.06.20 18:54 B F:\xampp\htdocs\zf-tutorial\library\Zend\Service\WindowsAzure\Storage\BatchStorageAbstract.php --> ftp.portalridgid.com.br /public_html/zf-tutorial/library/Zend/Service/WindowsAzure/Storage BatchStorageAbstract.php
2011.06.20 18:54 B F:\xampp\htdocs\zf-tutorial\library\Zend\Service\WindowsAzure\Storage\Blob.php --> ftp.portalridgid.com.br /public_html/zf-tutorial/library/Zend/Service/WindowsAzure/Storage Blob.php
2011.06.20 18:54 B F:\xampp\htdocs\zf-tutorial\library\Zend\Service\WindowsAzure\Storage\BlobContainer.php --> ftp.portalridgid.com.br /public_html/zf-tutorial/library/Zend/Service/WindowsAzure/Storage BlobContainer.php
2011.06.20 18:54 B F:\xampp\htdocs\zf-tutorial\library\Zend\Service\WindowsAzure\Storage\BlobInstance.php --> ftp.portalridgid.com.br /public_html/zf-tutorial/library/Zend/Service/WindowsAzure/Storage BlobInstance.php
2011.06.20 18:54 B F:\xampp\htdocs\zf-tutorial\library\Zend\Service\WindowsAzure\Storage\DynamicTableEntity.php --> ftp.portalridgid.com.br /public_html/zf-tutorial/library/Zend/Service/WindowsAzure/Storage DynamicTableEntity.php
2011.06.20 18:54 B F:\xampp\htdocs\zf-tutorial\library\Zend\Service\WindowsAzure\Storage\LeaseInstance.php --> ftp.portalridgid.com.br /public_html/zf-tutorial/library/Zend/Service/WindowsAzure/Storage LeaseInstance.php
2011.06.20 18:54 B F:\xampp\htdocs\zf-tutorial\library\Zend\Service\WindowsAzure\Storage\PageRegionInstance.php --> ftp.portalridgid.com.br /public_html/zf-tutorial/library/Zend/Service/WindowsAzure/Storage PageRegionInstance.php
2011.06.20 18:54 B F:\xampp\htdocs\zf-tutorial\library\Zend\Service\WindowsAzure\Storage\Queue.php --> ftp.portalridgid.com.br /public_html/zf-tutorial/library/Zend/Service/WindowsAzure/Storage Queue.php
2011.06.20 18:54 B F:\xampp\htdocs\zf-tutorial\library\Zend\Service\WindowsAzure\Storage\QueueInstance.php --> ftp.portalridgid.com.br /public_html/zf-tutorial/library/Zend/Service/WindowsAzure/Storage QueueInstance.php
2011.06.20 18:54 B F:\xampp\htdocs\zf-tutorial\library\Zend\Service\WindowsAzure\Storage\QueueMessage.php --> ftp.portalridgid.com.br /public_html/zf-tutorial/library/Zend/Service/WindowsAzure/Storage QueueMessage.php
2011.06.20 18:54 B F:\xampp\htdocs\zf-tutorial\library\Zend\Service\WindowsAzure\Storage\SignedIdentifier.php --> ftp.portalridgid.com.br /public_html/zf-tutorial/library/Zend/Service/WindowsAzure/Storage SignedIdentifier.php
2011.06.20 18:54 B F:\xampp\htdocs\zf-tutorial\library\Zend\Service\WindowsAzure\Storage\StorageEntityAbstract.php --> ftp.portalridgid.com.br /public_html/zf-tutorial/library/Zend/Service/WindowsAzure/Storage StorageEntityAbstract.php
2011.06.20 18:54 B F:\xampp\htdocs\zf-tutorial\library\Zend\Service\WindowsAzure\Storage\Table.php --> ftp.portalridgid.com.br /public_html/zf-tutorial/library/Zend/Service/WindowsAzure/Storage Table.php
2011.06.20 18:54 B F:\xampp\htdocs\zf-tutorial\library\Zend\Service\WindowsAzure\Storage\TableEntity.php --> ftp.portalridgid.com.br /public_html/zf-tutorial/library/Zend/Service/WindowsAzure/Storage TableEntity.php
2011.06.20 18:54 B F:\xampp\htdocs\zf-tutorial\library\Zend\Service\WindowsAzure\Storage\TableEntityQuery.php --> ftp.portalridgid.com.br /public_html/zf-tutorial/library/Zend/Service/WindowsAzure/Storage TableEntityQuery.php
2011.06.20 18:54 B F:\xampp\htdocs\zf-tutorial\library\Zend\Service\WindowsAzure\Storage\TableInstance.php --> ftp.portalridgid.com.br /public_html/zf-tutorial/library/Zend/Service/WindowsAzure/Storage TableInstance.php
2011.06.30 03:11 B F:\xampp\htdocs\zendLibrary\Zend\Service\WindowsAzure\Storage\WS_FTP.LOG --> ftp.sbrafh.org.br /sbrafh/Web/zendLibrary/Zend/Service/WindowsAzure/Storage WS_FTP.LOG
2011.06.30 03:11 B F:\xampp\htdocs\zendLibrary\Zend\Service\WindowsAzure\Storage\TableInstance.php --> ftp.sbrafh.org.br /sbrafh/Web/zendLibrary/Zend/Service/WindowsAzure/Storage TableInstance.php
2011.06.30 03:11 B F:\xampp\htdocs\zendLibrary\Zend\Service\WindowsAzure\Storage\TableEntityQuery.php --> ftp.sbrafh.org.br /sbrafh/Web/zendLibrary/Zend/Service/WindowsAzure/Storage TableEntityQuery.php
2011.06.30 03:11 B F:\xampp\htdocs\zendLibrary\Zend\Service\WindowsAzure\Storage\TableEntity.php --> ftp.sbrafh.org.br /sbrafh/Web/zendLibrary/Zend/Service/WindowsAzure/Storage TableEntity.php
2011.06.30 03:11 B F:\xampp\htdocs\zendLibrary\Zend\Service\WindowsAzure\Storage\Table.php --> ftp.sbrafh.org.br /sbrafh/Web/zendLibrary/Zend/Service/WindowsAzure/Storage Table.php
2011.06.30 03:11 B F:\xampp\htdocs\zendLibrary\Zend\Service\WindowsAzure\Storage\StorageEntityAbstract.php --> ftp.sbrafh.org.br /sbrafh/Web/zendLibrary/Zend/Service/WindowsAzure/Storage StorageEntityAbstract.php
2011.06.30 03:11 B F:\xampp\htdocs\zendLibrary\Zend\Service\WindowsAzure\Storage\SignedIdentifier.php --> ftp.sbrafh.org.br /sbrafh/Web/zendLibrary/Zend/Service/WindowsAzure/Storage SignedIdentifier.php
2011.06.30 03:11 B F:\xampp\htdocs\zendLibrary\Zend\Service\WindowsAzure\Storage\QueueMessage.php --> ftp.sbrafh.org.br /sbrafh/Web/zendLibrary/Zend/Service/WindowsAzure/Storage QueueMessage.php
2011.06.30 03:11 B F:\xampp\htdocs\zendLibrary\Zend\Service\WindowsAzure\Storage\QueueInstance.php --> ftp.sbrafh.org.br /sbrafh/Web/zendLibrary/Zend/Service/WindowsAzure/Storage QueueInstance.php
2011.06.30 03:11 B F:\xampp\htdocs\zendLibrary\Zend\Service\WindowsAzure\Storage\Queue.php --> ftp.sbrafh.org.br /sbrafh/Web/zendLibrary/Zend/Service/WindowsAzure/Storage Queue.php
2011.06.30 03:11 B F:\xampp\htdocs\zendLibrary\Zend\Service\WindowsAzure\Storage\PageRegionInstance.php --> ftp.sbrafh.org.br /sbrafh/Web/zendLibrary/Zend/Service/WindowsAzure/Storage PageRegionInstance.php
2011.06.30 03:11 B F:\xampp\htdocs\zendLibrary\Zend\Service\WindowsAzure\Storage\LeaseInstance.php --> ftp.sbrafh.org.br /sbrafh/Web/zendLibrary/Zend/Service/WindowsAzure/Storage LeaseInstance.php
2011.06.30 03:11 B F:\xampp\htdocs\zendLibrary\Zend\Service\WindowsAzure\Storage\DynamicTableEntity.php --> ftp.sbrafh.org.br /sbrafh/Web/zendLibrary/Zend/Service/WindowsAzure/Storage DynamicTableEntity.php
2011.06.30 03:11 B F:\xampp\htdocs\zendLibrary\Zend\Service\WindowsAzure\Storage\BlobInstance.php --> ftp.sbrafh.org.br /sbrafh/Web/zendLibrary/Zend/Service/WindowsAzure/Storage BlobInstance.php
2011.06.30 03:11 B F:\xampp\htdocs\zendLibrary\Zend\Service\WindowsAzure\Storage\BlobContainer.php --> ftp.sbrafh.org.br /sbrafh/Web/zendLibrary/Zend/Service/WindowsAzure/Storage BlobContainer.php
2011.06.30 03:11 B F:\xampp\htdocs\zendLibrary\Zend\Service\WindowsAzure\Storage\Blob.php --> ftp.sbrafh.org.br /sbrafh/Web/zendLibrary/Zend/Service/WindowsAzure/Storage Blob.php
2011.06.30 03:11 B F:\xampp\htdocs\zendLibrary\Zend\Service\WindowsAzure\Storage\BatchStorageAbstract.php --> ftp.sbrafh.org.br /sbrafh/Web/zendLibrary/Zend/Service/WindowsAzure/Storage BatchStorageAbstract.php
2011.06.30 03:11 B F:\xampp\htdocs\zendLibrary\Zend\Service\WindowsAzure\Storage\Batch.php --> ftp.sbrafh.org.br /sbrafh/Web/zendLibrary/Zend/Service/WindowsAzure/Storage Batch.php
2011.07.09 00:21 B F:\xampp\htdocs\zendLibrary\Zend\Service\WindowsAzure\Storage\Batch.php --> ftp.radiofone.com.br /public_html/radiofone/zendLibrary/Zend/Service/WindowsAzure/Storage Batch.php
2011.07.09 00:21 B F:\xampp\htdocs\zendLibrary\Zend\Service\WindowsAzure\Storage\BatchStorageAbstract.php --> ftp.radiofone.com.br /public_html/radiofone/zendLibrary/Zend/Service/WindowsAzure/Storage BatchStorageAbstract.php
2011.07.09 00:21 B F:\xampp\htdocs\zendLibrary\Zend\Service\WindowsAzure\Storage\Blob.php --> ftp.radiofone.com.br /public_html/radiofone/zendLibrary/Zend/Service/WindowsAzure/Storage Blob.php
2011.07.09 00:21 B F:\xampp\htdocs\zendLibrary\Zend\Service\WindowsAzure\Storage\BlobContainer.php --> ftp.radiofone.com.br /public_html/radiofone/zendLibrary/Zend/Service/WindowsAzure/Storage BlobContainer.php
2011.07.09 00:21 B F:\xampp\htdocs\zendLibrary\Zend\Service\WindowsAzure\Storage\BlobInstance.php --> ftp.radiofone.com.br /public_html/radiofone/zendLibrary/Zend/Service/WindowsAzure/Storage BlobInstance.php
2011.07.09 00:21 B F:\xampp\htdocs\zendLibrary\Zend\Service\WindowsAzure\Storage\DynamicTableEntity.php --> ftp.radiofone.com.br /public_html/radiofone/zendLibrary/Zend/Service/WindowsAzure/Storage DynamicTableEntity.php
2011.07.09 00:21 B F:\xampp\htdocs\zendLibrary\Zend\Service\WindowsAzure\Storage\LeaseInstance.php --> ftp.radiofone.com.br /public_html/radiofone/zendLibrary/Zend/Service/WindowsAzure/Storage LeaseInstance.php
2011.07.09 00:21 B F:\xampp\htdocs\zendLibrary\Zend\Service\WindowsAzure\Storage\PageRegionInstance.php --> ftp.radiofone.com.br /public_html/radiofone/zendLibrary/Zend/Service/WindowsAzure/Storage PageRegionInstance.php
2011.07.09 00:21 B F:\xampp\htdocs\zendLibrary\Zend\Service\WindowsAzure\Storage\Queue.php --> ftp.radiofone.com.br /public_html/radiofone/zendLibrary/Zend/Service/WindowsAzure/Storage Queue.php
2011.07.09 00:21 B F:\xampp\htdocs\zendLibrary\Zend\Service\WindowsAzure\Storage\QueueInstance.php --> ftp.radiofone.com.br /public_html/radiofone/zendLibrary/Zend/Service/WindowsAzure/Storage QueueInstance.php
2011.07.09 00:21 B F:\xampp\htdocs\zendLibrary\Zend\Service\WindowsAzure\Storage\QueueMessage.php --> ftp.radiofone.com.br /public_html/radiofone/zendLibrary/Zend/Service/WindowsAzure/Storage QueueMessage.php
2011.07.09 00:21 B F:\xampp\htdocs\zendLibrary\Zend\Service\WindowsAzure\Storage\SignedIdentifier.php --> ftp.radiofone.com.br /public_html/radiofone/zendLibrary/Zend/Service/WindowsAzure/Storage SignedIdentifier.php
2011.07.09 00:21 B F:\xampp\htdocs\zendLibrary\Zend\Service\WindowsAzure\Storage\StorageEntityAbstract.php --> ftp.radiofone.com.br /public_html/radiofone/zendLibrary/Zend/Service/WindowsAzure/Storage StorageEntityAbstract.php
2011.07.09 00:21 B F:\xampp\htdocs\zendLibrary\Zend\Service\WindowsAzure\Storage\Table.php --> ftp.radiofone.com.br /public_html/radiofone/zendLibrary/Zend/Service/WindowsAzure/Storage Table.php
2011.07.09 00:21 B F:\xampp\htdocs\zendLibrary\Zend\Service\WindowsAzure\Storage\TableEntity.php --> ftp.radiofone.com.br /public_html/radiofone/zendLibrary/Zend/Service/WindowsAzure/Storage TableEntity.php
2011.07.09 00:21 B F:\xampp\htdocs\zendLibrary\Zend\Service\WindowsAzure\Storage\TableEntityQuery.php --> ftp.radiofone.com.br /public_html/radiofone/zendLibrary/Zend/Service/WindowsAzure/Storage TableEntityQuery.php
2011.07.09 00:21 B F:\xampp\htdocs\zendLibrary\Zend\Service\WindowsAzure\Storage\TableInstance.php --> ftp.radiofone.com.br /public_html/radiofone/zendLibrary/Zend/Service/WindowsAzure/Storage TableInstance.php
2011.07.09 00:21 B F:\xampp\htdocs\zendLibrary\Zend\Service\WindowsAzure\Storage\WS_FTP.LOG --> ftp.radiofone.com.br /public_html/radiofone/zendLibrary/Zend/Service/WindowsAzure/Storage WS_FTP.LOG
2011.07.26 23:10 B F:\xampp\htdocs\zendLibrary\Zend\Service\WindowsAzure\Storage\Batch.php --> ftp.sobrafo.org.br /public_html/zendLibrary/Zend/Service/WindowsAzure/Storage Batch.php
2011.07.26 23:10 B F:\xampp\htdocs\zendLibrary\Zend\Service\WindowsAzure\Storage\BatchStorageAbstract.php --> ftp.sobrafo.org.br /public_html/zendLibrary/Zend/Service/WindowsAzure/Storage BatchStorageAbstract.php
2011.07.26 23:10 B F:\xampp\htdocs\zendLibrary\Zend\Service\WindowsAzure\Storage\Blob.php --> ftp.sobrafo.org.br /public_html/zendLibrary/Zend/Service/WindowsAzure/Storage Blob.php
2011.07.26 23:10 B F:\xampp\htdocs\zendLibrary\Zend\Service\WindowsAzure\Storage\BlobContainer.php --> ftp.sobrafo.org.br /public_html/zendLibrary/Zend/Service/WindowsAzure/Storage BlobContainer.php
2011.07.26 23:10 B F:\xampp\htdocs\zendLibrary\Zend\Service\WindowsAzure\Storage\BlobInstance.php --> ftp.sobrafo.org.br /public_html/zendLibrary/Zend/Service/WindowsAzure/Storage BlobInstance.php
2011.07.26 23:10 B F:\xampp\htdocs\zendLibrary\Zend\Service\WindowsAzure\Storage\DynamicTableEntity.php --> ftp.sobrafo.org.br /public_html/zendLibrary/Zend/Service/WindowsAzure/Storage DynamicTableEntity.php
2011.07.26 23:10 B F:\xampp\htdocs\zendLibrary\Zend\Service\WindowsAzure\Storage\LeaseInstance.php --> ftp.sobrafo.org.br /public_html/zendLibrary/Zend/Service/WindowsAzure/Storage LeaseInstance.php
2011.07.26 23:10 B F:\xampp\htdocs\zendLibrary\Zend\Service\WindowsAzure\Storage\PageRegionInstance.php --> ftp.sobrafo.org.br /public_html/zendLibrary/Zend/Service/WindowsAzure/Storage PageRegionInstance.php
2011.07.26 23:10 B F:\xampp\htdocs\zendLibrary\Zend\Service\WindowsAzure\Storage\Queue.php --> ftp.sobrafo.org.br /public_html/zendLibrary/Zend/Service/WindowsAzure/Storage Queue.php
2011.07.26 23:10 B F:\xampp\htdocs\zendLibrary\Zend\Service\WindowsAzure\Storage\QueueInstance.php --> ftp.sobrafo.org.br /public_html/zendLibrary/Zend/Service/WindowsAzure/Storage QueueInstance.php
2011.07.26 23:10 B F:\xampp\htdocs\zendLibrary\Zend\Service\WindowsAzure\Storage\QueueMessage.php --> ftp.sobrafo.org.br /public_html/zendLibrary/Zend/Service/WindowsAzure/Storage QueueMessage.php
2011.07.26 23:10 B F:\xampp\htdocs\zendLibrary\Zend\Service\WindowsAzure\Storage\SignedIdentifier.php --> ftp.sobrafo.org.br /public_html/zendLibrary/Zend/Service/WindowsAzure/Storage SignedIdentifier.php
2011.07.26 23:10 B F:\xampp\htdocs\zendLibrary\Zend\Service\WindowsAzure\Storage\StorageEntityAbstract.php --> ftp.sobrafo.org.br /public_html/zendLibrary/Zend/Service/WindowsAzure/Storage StorageEntityAbstract.php
2011.07.26 23:10 B F:\xampp\htdocs\zendLibrary\Zend\Service\WindowsAzure\Storage\Table.php --> ftp.sobrafo.org.br /public_html/zendLibrary/Zend/Service/WindowsAzure/Storage Table.php
2011.07.26 23:10 B F:\xampp\htdocs\zendLibrary\Zend\Service\WindowsAzure\Storage\TableEntity.php --> ftp.sobrafo.org.br /public_html/zendLibrary/Zend/Service/WindowsAzure/Storage TableEntity.php
2011.07.26 23:10 B F:\xampp\htdocs\zendLibrary\Zend\Service\WindowsAzure\Storage\TableEntityQuery.php --> ftp.sobrafo.org.br /public_html/zendLibrary/Zend/Service/WindowsAzure/Storage TableEntityQuery.php
2011.07.26 23:10 B F:\xampp\htdocs\zendLibrary\Zend\Service\WindowsAzure\Storage\TableInstance.php --> ftp.sobrafo.org.br /public_html/zendLibrary/Zend/Service/WindowsAzure/Storage TableInstance.php
2011.07.26 23:10 B F:\xampp\htdocs\zendLibrary\Zend\Service\WindowsAzure\Storage\WS_FTP.LOG --> ftp.sobrafo.org.br /public_html/zendLibrary/Zend/Service/WindowsAzure/Storage WS_FTP.LOG
2011.08.09 17:30 B F:\xampp\htdocs\ZendLibrary\Zend\Service\WindowsAzure\Storage\Batch.php --> ftp.amfar.com.br /public_html/ZendLibrary/Zend/Service/WindowsAzure/Storage Batch.php
2011.08.09 17:30 B F:\xampp\htdocs\ZendLibrary\Zend\Service\WindowsAzure\Storage\BatchStorageAbstract.php --> ftp.amfar.com.br /public_html/ZendLibrary/Zend/Service/WindowsAzure/Storage BatchStorageAbstract.php
2011.08.09 17:30 B F:\xampp\htdocs\ZendLibrary\Zend\Service\WindowsAzure\Storage\Blob.php --> ftp.amfar.com.br /public_html/ZendLibrary/Zend/Service/WindowsAzure/Storage Blob.php
2011.08.09 17:30 B F:\xampp\htdocs\ZendLibrary\Zend\Service\WindowsAzure\Storage\BlobContainer.php --> ftp.amfar.com.br /public_html/ZendLibrary/Zend/Service/WindowsAzure/Storage BlobContainer.php
2011.08.09 17:30 B F:\xampp\htdocs\ZendLibrary\Zend\Service\WindowsAzure\Storage\BlobInstance.php --> ftp.amfar.com.br /public_html/ZendLibrary/Zend/Service/WindowsAzure/Storage BlobInstance.php
2011.08.09 17:30 B F:\xampp\htdocs\ZendLibrary\Zend\Service\WindowsAzure\Storage\DynamicTableEntity.php --> ftp.amfar.com.br /public_html/ZendLibrary/Zend/Service/WindowsAzure/Storage DynamicTableEntity.php
2011.08.09 17:30 B F:\xampp\htdocs\ZendLibrary\Zend\Service\WindowsAzure\Storage\LeaseInstance.php --> ftp.amfar.com.br /public_html/ZendLibrary/Zend/Service/WindowsAzure/Storage LeaseInstance.php
2011.08.09 17:30 B F:\xampp\htdocs\ZendLibrary\Zend\Service\WindowsAzure\Storage\PageRegionInstance.php --> ftp.amfar.com.br /public_html/ZendLibrary/Zend/Service/WindowsAzure/Storage PageRegionInstance.php
2011.08.09 17:30 B F:\xampp\htdocs\ZendLibrary\Zend\Service\WindowsAzure\Storage\Queue.php --> ftp.amfar.com.br /public_html/ZendLibrary/Zend/Service/WindowsAzure/Storage Queue.php
2011.08.09 17:30 B F:\xampp\htdocs\ZendLibrary\Zend\Service\WindowsAzure\Storage\QueueInstance.php --> ftp.amfar.com.br /public_html/ZendLibrary/Zend/Service/WindowsAzure/Storage QueueInstance.php
2011.08.09 17:30 B F:\xampp\htdocs\ZendLibrary\Zend\Service\WindowsAzure\Storage\QueueMessage.php --> ftp.amfar.com.br /public_html/ZendLibrary/Zend/Service/WindowsAzure/Storage QueueMessage.php
2011.08.09 17:30 B F:\xampp\htdocs\ZendLibrary\Zend\Service\WindowsAzure\Storage\SignedIdentifier.php --> ftp.amfar.com.br /public_html/ZendLibrary/Zend/Service/WindowsAzure/Storage SignedIdentifier.php
2011.08.09 17:30 B F:\xampp\htdocs\ZendLibrary\Zend\Service\WindowsAzure\Storage\StorageEntityAbstract.php --> ftp.amfar.com.br /public_html/ZendLibrary/Zend/Service/WindowsAzure/Storage StorageEntityAbstract.php
2011.08.09 17:30 B F:\xampp\htdocs\ZendLibrary\Zend\Service\WindowsAzure\Storage\Table.php --> ftp.amfar.com.br /public_html/ZendLibrary/Zend/Service/WindowsAzure/Storage Table.php
2011.08.09 17:30 B F:\xampp\htdocs\ZendLibrary\Zend\Service\WindowsAzure\Storage\TableEntity.php --> ftp.amfar.com.br /public_html/ZendLibrary/Zend/Service/WindowsAzure/Storage TableEntity.php
2011.08.09 17:30 B F:\xampp\htdocs\ZendLibrary\Zend\Service\WindowsAzure\Storage\TableEntityQuery.php --> ftp.amfar.com.br /public_html/ZendLibrary/Zend/Service/WindowsAzure/Storage TableEntityQuery.php
2011.08.09 17:30 B F:\xampp\htdocs\ZendLibrary\Zend\Service\WindowsAzure\Storage\TableInstance.php --> ftp.amfar.com.br /public_html/ZendLibrary/Zend/Service/WindowsAzure/Storage TableInstance.php
