2010.03.09 19:04 B X:\radiofone\usrprogr\securimage\gdfonts\automatic.gdf --> ftp.radiofone.com.br /public_html/radiofone/usrprogr/securimage/gdfonts automatic.gdf
2010.03.09 19:04 B X:\radiofone\usrprogr\securimage\gdfonts\bubblebath.gdf --> ftp.radiofone.com.br /public_html/radiofone/usrprogr/securimage/gdfonts bubblebath.gdf
2010.03.09 19:04 B X:\radiofone\usrprogr\securimage\gdfonts\caveman.gdf --> ftp.radiofone.com.br /public_html/radiofone/usrprogr/securimage/gdfonts caveman.gdf
2010.03.09 19:04 B X:\radiofone\usrprogr\securimage\gdfonts\crass.gdf --> ftp.radiofone.com.br /public_html/radiofone/usrprogr/securimage/gdfonts crass.gdf
2010.03.24 22:31 B X:\radiofone\usrprog\securimage\gdfonts\WS_FTP.LOG --> ftp.radiofone.com.br /public_html/radiofone/usrprog/securimage/gdfonts WS_FTP.LOG
2010.05.13 01:40 B X:\radiofone\admin\securimage\gdfonts\automatic.gdf --> ftp.radiofone.com.br /public_html/radiofone/cp/admin/securimage/gdfonts automatic.gdf
2010.05.13 01:40 B X:\radiofone\admin\securimage\gdfonts\bubblebath.gdf --> ftp.radiofone.com.br /public_html/radiofone/cp/admin/securimage/gdfonts bubblebath.gdf
2010.05.13 01:40 B X:\radiofone\admin\securimage\gdfonts\caveman.gdf --> ftp.radiofone.com.br /public_html/radiofone/cp/admin/securimage/gdfonts caveman.gdf
2010.05.13 01:40 B X:\radiofone\admin\securimage\gdfonts\crass.gdf --> ftp.radiofone.com.br /public_html/radiofone/cp/admin/securimage/gdfonts crass.gdf
2010.05.13 01:40 B X:\radiofone\admin\securimage\gdfonts\WS_FTP.LOG --> ftp.radiofone.com.br /public_html/radiofone/cp/admin/securimage/gdfonts WS_FTP.LOG
2010.07.07 02:42 B X:\radiofone\admin\securimage\gdfonts\automatic.gdf --> ftp.radiofone.com.br /public_html/radiofone/rfadm/securimage/gdfonts automatic.gdf
2010.07.07 02:42 B X:\radiofone\admin\securimage\gdfonts\bubblebath.gdf --> ftp.radiofone.com.br /public_html/radiofone/rfadm/securimage/gdfonts bubblebath.gdf
2010.07.07 02:42 B X:\radiofone\admin\securimage\gdfonts\caveman.gdf --> ftp.radiofone.com.br /public_html/radiofone/rfadm/securimage/gdfonts caveman.gdf
2010.07.07 02:42 B X:\radiofone\admin\securimage\gdfonts\crass.gdf --> ftp.radiofone.com.br /public_html/radiofone/rfadm/securimage/gdfonts crass.gdf
2010.07.07 02:42 B X:\radiofone\admin\securimage\gdfonts\WS_FTP.LOG --> ftp.radiofone.com.br /public_html/radiofone/rfadm/securimage/gdfonts WS_FTP.LOG
2011.05.04 03:25 B F:\radiofone\rfadm\securimage\gdfonts\WS_FTP.LOG <-- radiofone /public_html/radiofone/rfadm/securimage/gdfonts WS_FTP.LOG
2011.07.09 00:17 B F:\xampp\htdocs\zendLibrary\Zend\securimage\gdfonts\automatic.gdf --> ftp.radiofone.com.br /public_html/radiofone/zendLibrary/Zend/securimage/gdfonts automatic.gdf
2011.07.09 00:17 B F:\xampp\htdocs\zendLibrary\Zend\securimage\gdfonts\bubblebath.gdf --> ftp.radiofone.com.br /public_html/radiofone/zendLibrary/Zend/securimage/gdfonts bubblebath.gdf
2011.07.09 00:17 B F:\xampp\htdocs\zendLibrary\Zend\securimage\gdfonts\caveman.gdf --> ftp.radiofone.com.br /public_html/radiofone/zendLibrary/Zend/securimage/gdfonts caveman.gdf
2011.07.09 00:17 B F:\xampp\htdocs\zendLibrary\Zend\securimage\gdfonts\crass.gdf --> ftp.radiofone.com.br /public_html/radiofone/zendLibrary/Zend/securimage/gdfonts crass.gdf
2011.07.09 00:17 B F:\xampp\htdocs\zendLibrary\Zend\securimage\gdfonts\WS_FTP.LOG --> ftp.radiofone.com.br /public_html/radiofone/zendLibrary/Zend/securimage/gdfonts WS_FTP.LOG
2011.07.26 23:06 B F:\xampp\htdocs\zendLibrary\Zend\securimage\gdfonts\automatic.gdf --> ftp.sobrafo.org.br /public_html/zendLibrary/Zend/securimage/gdfonts automatic.gdf
2011.07.26 23:06 B F:\xampp\htdocs\zendLibrary\Zend\securimage\gdfonts\bubblebath.gdf --> ftp.sobrafo.org.br /public_html/zendLibrary/Zend/securimage/gdfonts bubblebath.gdf
2011.07.26 23:06 B F:\xampp\htdocs\zendLibrary\Zend\securimage\gdfonts\caveman.gdf --> ftp.sobrafo.org.br /public_html/zendLibrary/Zend/securimage/gdfonts caveman.gdf
2011.07.26 23:06 B F:\xampp\htdocs\zendLibrary\Zend\securimage\gdfonts\crass.gdf --> ftp.sobrafo.org.br /public_html/zendLibrary/Zend/securimage/gdfonts crass.gdf
2011.07.26 23:06 B F:\xampp\htdocs\zendLibrary\Zend\securimage\gdfonts\WS_FTP.LOG --> ftp.sobrafo.org.br /public_html/zendLibrary/Zend/securimage/gdfonts WS_FTP.LOG
2011.08.09 17:26 B F:\xampp\htdocs\ZendLibrary\Zend\securimage\gdfonts\automatic.gdf --> ftp.amfar.com.br /public_html/ZendLibrary/Zend/securimage/gdfonts automatic.gdf
2011.08.09 17:26 B F:\xampp\htdocs\ZendLibrary\Zend\securimage\gdfonts\bubblebath.gdf --> ftp.amfar.com.br /public_html/ZendLibrary/Zend/securimage/gdfonts bubblebath.gdf
2011.08.09 17:27 B F:\xampp\htdocs\ZendLibrary\Zend\securimage\gdfonts\caveman.gdf --> ftp.amfar.com.br /public_html/ZendLibrary/Zend/securimage/gdfonts caveman.gdf
2011.08.09 17:27 B F:\xampp\htdocs\ZendLibrary\Zend\securimage\gdfonts\crass.gdf --> ftp.amfar.com.br /public_html/ZendLibrary/Zend/securimage/gdfonts crass.gdf
