2011.06.20 18:31 B F:\xampp\htdocs\zf-tutorial\library\Zend\Auth\Adapter\DbTable.php --> ftp.portalridgid.com.br /public_html/zf-tutorial/library/Zend/Auth/Adapter DbTable.php
2011.06.20 18:31 B F:\xampp\htdocs\zf-tutorial\library\Zend\Auth\Adapter\Digest.php --> ftp.portalridgid.com.br /public_html/zf-tutorial/library/Zend/Auth/Adapter Digest.php
2011.06.20 18:31 B F:\xampp\htdocs\zf-tutorial\library\Zend\Auth\Adapter\Exception.php --> ftp.portalridgid.com.br /public_html/zf-tutorial/library/Zend/Auth/Adapter Exception.php
2011.06.20 18:31 B F:\xampp\htdocs\zf-tutorial\library\Zend\Auth\Adapter\Http.php --> ftp.portalridgid.com.br /public_html/zf-tutorial/library/Zend/Auth/Adapter Http.php
2011.06.20 18:31 B F:\xampp\htdocs\zf-tutorial\library\Zend\Auth\Adapter\InfoCard.php --> ftp.portalridgid.com.br /public_html/zf-tutorial/library/Zend/Auth/Adapter InfoCard.php
2011.06.20 18:31 B F:\xampp\htdocs\zf-tutorial\library\Zend\Auth\Adapter\Interface.php --> ftp.portalridgid.com.br /public_html/zf-tutorial/library/Zend/Auth/Adapter Interface.php
2011.06.20 18:31 B F:\xampp\htdocs\zf-tutorial\library\Zend\Auth\Adapter\Ldap.php --> ftp.portalridgid.com.br /public_html/zf-tutorial/library/Zend/Auth/Adapter Ldap.php
2011.06.20 18:31 B F:\xampp\htdocs\zf-tutorial\library\Zend\Auth\Adapter\OpenId.php --> ftp.portalridgid.com.br /public_html/zf-tutorial/library/Zend/Auth/Adapter OpenId.php
2011.06.30 03:45 B F:\xampp\htdocs\zendLibrary\Zend\Auth\Adapter\WS_FTP.LOG --> ftp.sbrafh.org.br /sbrafh/Web/zendLibrary/Zend/Auth/Adapter WS_FTP.LOG
2011.06.30 03:45 B F:\xampp\htdocs\zendLibrary\Zend\Auth\Adapter\OpenId.php --> ftp.sbrafh.org.br /sbrafh/Web/zendLibrary/Zend/Auth/Adapter OpenId.php
2011.06.30 03:45 B F:\xampp\htdocs\zendLibrary\Zend\Auth\Adapter\Ldap.php --> ftp.sbrafh.org.br /sbrafh/Web/zendLibrary/Zend/Auth/Adapter Ldap.php
2011.06.30 03:45 B F:\xampp\htdocs\zendLibrary\Zend\Auth\Adapter\Interface.php --> ftp.sbrafh.org.br /sbrafh/Web/zendLibrary/Zend/Auth/Adapter Interface.php
2011.06.30 03:45 B F:\xampp\htdocs\zendLibrary\Zend\Auth\Adapter\InfoCard.php --> ftp.sbrafh.org.br /sbrafh/Web/zendLibrary/Zend/Auth/Adapter InfoCard.php
2011.06.30 03:45 B F:\xampp\htdocs\zendLibrary\Zend\Auth\Adapter\Http.php --> ftp.sbrafh.org.br /sbrafh/Web/zendLibrary/Zend/Auth/Adapter Http.php
2011.06.30 03:45 B F:\xampp\htdocs\zendLibrary\Zend\Auth\Adapter\Exception.php --> ftp.sbrafh.org.br /sbrafh/Web/zendLibrary/Zend/Auth/Adapter Exception.php
2011.06.30 03:45 B F:\xampp\htdocs\zendLibrary\Zend\Auth\Adapter\Digest.php --> ftp.sbrafh.org.br /sbrafh/Web/zendLibrary/Zend/Auth/Adapter Digest.php
2011.06.30 03:45 B F:\xampp\htdocs\zendLibrary\Zend\Auth\Adapter\DbTable.php --> ftp.sbrafh.org.br /sbrafh/Web/zendLibrary/Zend/Auth/Adapter DbTable.php
2011.07.08 23:43 B F:\xampp\htdocs\zendLibrary\Zend\Auth\Adapter\DbTable.php --> ftp.radiofone.com.br /public_html/radiofone/zendLibrary/Zend/Auth/Adapter DbTable.php
2011.07.08 23:43 B F:\xampp\htdocs\zendLibrary\Zend\Auth\Adapter\Digest.php --> ftp.radiofone.com.br /public_html/radiofone/zendLibrary/Zend/Auth/Adapter Digest.php
2011.07.08 23:43 B F:\xampp\htdocs\zendLibrary\Zend\Auth\Adapter\Exception.php --> ftp.radiofone.com.br /public_html/radiofone/zendLibrary/Zend/Auth/Adapter Exception.php
2011.07.08 23:43 B F:\xampp\htdocs\zendLibrary\Zend\Auth\Adapter\Http.php --> ftp.radiofone.com.br /public_html/radiofone/zendLibrary/Zend/Auth/Adapter Http.php
2011.07.08 23:43 B F:\xampp\htdocs\zendLibrary\Zend\Auth\Adapter\InfoCard.php --> ftp.radiofone.com.br /public_html/radiofone/zendLibrary/Zend/Auth/Adapter InfoCard.php
2011.07.08 23:43 B F:\xampp\htdocs\zendLibrary\Zend\Auth\Adapter\Interface.php --> ftp.radiofone.com.br /public_html/radiofone/zendLibrary/Zend/Auth/Adapter Interface.php
2011.07.08 23:43 B F:\xampp\htdocs\zendLibrary\Zend\Auth\Adapter\Ldap.php --> ftp.radiofone.com.br /public_html/radiofone/zendLibrary/Zend/Auth/Adapter Ldap.php
2011.07.08 23:43 B F:\xampp\htdocs\zendLibrary\Zend\Auth\Adapter\OpenId.php --> ftp.radiofone.com.br /public_html/radiofone/zendLibrary/Zend/Auth/Adapter OpenId.php
2011.07.08 23:43 B F:\xampp\htdocs\zendLibrary\Zend\Auth\Adapter\WS_FTP.LOG --> ftp.radiofone.com.br /public_html/radiofone/zendLibrary/Zend/Auth/Adapter WS_FTP.LOG
2011.07.26 22:44 B F:\xampp\htdocs\zendLibrary\Zend\Auth\Adapter\DbTable.php --> ftp.sobrafo.org.br /public_html/zendLibrary/Zend/Auth/Adapter DbTable.php
2011.07.26 22:44 B F:\xampp\htdocs\zendLibrary\Zend\Auth\Adapter\Digest.php --> ftp.sobrafo.org.br /public_html/zendLibrary/Zend/Auth/Adapter Digest.php
2011.07.26 22:44 B F:\xampp\htdocs\zendLibrary\Zend\Auth\Adapter\Exception.php --> ftp.sobrafo.org.br /public_html/zendLibrary/Zend/Auth/Adapter Exception.php
2011.07.26 22:44 B F:\xampp\htdocs\zendLibrary\Zend\Auth\Adapter\Http.php --> ftp.sobrafo.org.br /public_html/zendLibrary/Zend/Auth/Adapter Http.php
2011.07.26 22:44 B F:\xampp\htdocs\zendLibrary\Zend\Auth\Adapter\InfoCard.php --> ftp.sobrafo.org.br /public_html/zendLibrary/Zend/Auth/Adapter InfoCard.php
2011.07.26 22:44 B F:\xampp\htdocs\zendLibrary\Zend\Auth\Adapter\Interface.php --> ftp.sobrafo.org.br /public_html/zendLibrary/Zend/Auth/Adapter Interface.php
2011.07.26 22:44 B F:\xampp\htdocs\zendLibrary\Zend\Auth\Adapter\Ldap.php --> ftp.sobrafo.org.br /public_html/zendLibrary/Zend/Auth/Adapter Ldap.php
2011.07.26 22:44 B F:\xampp\htdocs\zendLibrary\Zend\Auth\Adapter\OpenId.php --> ftp.sobrafo.org.br /public_html/zendLibrary/Zend/Auth/Adapter OpenId.php
2011.07.26 22:44 B F:\xampp\htdocs\zendLibrary\Zend\Auth\Adapter\WS_FTP.LOG --> ftp.sobrafo.org.br /public_html/zendLibrary/Zend/Auth/Adapter WS_FTP.LOG
2011.08.05 00:59 B F:\xampp\htdocs\ZendLibrary\Zend\Auth\Adapter\DbTable.php --> ftp.portalridgid.com.br /public_html/zendLibrary/Zend/Auth/Adapter DbTable.php
2011.08.05 00:59 B F:\xampp\htdocs\ZendLibrary\Zend\Auth\Adapter\WS_FTP.LOG --> ftp.portalridgid.com.br /public_html/zendLibrary/Zend/Auth/Adapter WS_FTP.LOG
2011.08.09 16:54 B F:\xampp\htdocs\ZendLibrary\Zend\Auth\Adapter\DbTable.php --> ftp.amfar.com.br /public_html/ZendLibrary/Zend/Auth/Adapter DbTable.php
2011.08.09 16:54 B F:\xampp\htdocs\ZendLibrary\Zend\Auth\Adapter\Digest.php --> ftp.amfar.com.br /public_html/ZendLibrary/Zend/Auth/Adapter Digest.php
2011.08.09 16:54 B F:\xampp\htdocs\ZendLibrary\Zend\Auth\Adapter\Exception.php --> ftp.amfar.com.br /public_html/ZendLibrary/Zend/Auth/Adapter Exception.php
2011.08.09 16:54 B F:\xampp\htdocs\ZendLibrary\Zend\Auth\Adapter\Http.php --> ftp.amfar.com.br /public_html/ZendLibrary/Zend/Auth/Adapter Http.php
2011.08.09 16:54 B F:\xampp\htdocs\ZendLibrary\Zend\Auth\Adapter\InfoCard.php --> ftp.amfar.com.br /public_html/ZendLibrary/Zend/Auth/Adapter InfoCard.php
2011.08.09 16:54 B F:\xampp\htdocs\ZendLibrary\Zend\Auth\Adapter\Interface.php --> ftp.amfar.com.br /public_html/ZendLibrary/Zend/Auth/Adapter Interface.php
2011.08.09 16:54 B F:\xampp\htdocs\ZendLibrary\Zend\Auth\Adapter\Ldap.php --> ftp.amfar.com.br /public_html/ZendLibrary/Zend/Auth/Adapter Ldap.php
2011.08.09 16:54 B F:\xampp\htdocs\ZendLibrary\Zend\Auth\Adapter\OpenId.php --> ftp.amfar.com.br /public_html/ZendLibrary/Zend/Auth/Adapter OpenId.php
2011.08.09 16:54 B F:\xampp\htdocs\ZendLibrary\Zend\Auth\Adapter\WS_FTP.LOG --> ftp.amfar.com.br /public_html/ZendLibrary/Zend/Auth/Adapter WS_FTP.LOG
2011.08.22 20:56 B X:\xampp\htdocs\ZendLibrary\Zend\Auth\Adapter\DbTable.php --> ftp.jairodepaula.com.br /jairodepaula/web/ZendLibrary/Zend/Auth/Adapter DbTable.php
2011.08.22 20:56 B X:\xampp\htdocs\ZendLibrary\Zend\Auth\Adapter\Digest.php --> ftp.jairodepaula.com.br /jairodepaula/web/ZendLibrary/Zend/Auth/Adapter Digest.php
2011.08.22 20:56 B X:\xampp\htdocs\ZendLibrary\Zend\Auth\Adapter\Exception.php --> ftp.jairodepaula.com.br /jairodepaula/web/ZendLibrary/Zend/Auth/Adapter Exception.php
2011.08.22 20:56 B X:\xampp\htdocs\ZendLibrary\Zend\Auth\Adapter\Http.php --> ftp.jairodepaula.com.br /jairodepaula/web/ZendLibrary/Zend/Auth/Adapter Http.php
2011.08.22 20:56 B X:\xampp\htdocs\ZendLibrary\Zend\Auth\Adapter\InfoCard.php --> ftp.jairodepaula.com.br /jairodepaula/web/ZendLibrary/Zend/Auth/Adapter InfoCard.php
2011.08.22 20:56 B X:\xampp\htdocs\ZendLibrary\Zend\Auth\Adapter\Interface.php --> ftp.jairodepaula.com.br /jairodepaula/web/ZendLibrary/Zend/Auth/Adapter Interface.php
2011.08.22 20:56 B X:\xampp\htdocs\ZendLibrary\Zend\Auth\Adapter\Ldap.php --> ftp.jairodepaula.com.br /jairodepaula/web/ZendLibrary/Zend/Auth/Adapter Ldap.php
2011.08.22 20:56 B X:\xampp\htdocs\ZendLibrary\Zend\Auth\Adapter\OpenId.php --> ftp.jairodepaula.com.br /jairodepaula/web/ZendLibrary/Zend/Auth/Adapter OpenId.php
2011.08.22 20:56 B X:\xampp\htdocs\ZendLibrary\Zend\Auth\Adapter\WS_FTP.LOG --> ftp.jairodepaula.com.br /jairodepaula/web/ZendLibrary/Zend/Auth/Adapter WS_FTP.LOG
2011.12.31 14:46 B F:\xampp\htdocs\ZendLibrary\Zend\Auth\Adapter\DbTable.php --> ftp.sbrafh.org.br /public_html/ZendLibrary/Zend/Auth/Adapter DbTable.php
2011.12.31 14:46 B F:\xampp\htdocs\ZendLibrary\Zend\Auth\Adapter\Digest.php --> ftp.sbrafh.org.br /public_html/ZendLibrary/Zend/Auth/Adapter Digest.php
2011.12.31 14:46 B F:\xampp\htdocs\ZendLibrary\Zend\Auth\Adapter\Exception.php --> ftp.sbrafh.org.br /public_html/ZendLibrary/Zend/Auth/Adapter Exception.php
2011.12.31 14:46 B F:\xampp\htdocs\ZendLibrary\Zend\Auth\Adapter\Http.php --> ftp.sbrafh.org.br /public_html/ZendLibrary/Zend/Auth/Adapter Http.php
2011.12.31 14:46 B F:\xampp\htdocs\ZendLibrary\Zend\Auth\Adapter\InfoCard.php --> ftp.sbrafh.org.br /public_html/ZendLibrary/Zend/Auth/Adapter InfoCard.php
2011.12.31 14:46 B F:\xampp\htdocs\ZendLibrary\Zend\Auth\Adapter\Interface.php --> ftp.sbrafh.org.br /public_html/ZendLibrary/Zend/Auth/Adapter Interface.php
2011.12.31 14:46 B F:\xampp\htdocs\ZendLibrary\Zend\Auth\Adapter\Ldap.php --> ftp.sbrafh.org.br /public_html/ZendLibrary/Zend/Auth/Adapter Ldap.php
2011.12.31 14:46 B F:\xampp\htdocs\ZendLibrary\Zend\Auth\Adapter\OpenId.php --> ftp.sbrafh.org.br /public_html/ZendLibrary/Zend/Auth/Adapter OpenId.php
2011.12.31 14:46 B F:\xampp\htdocs\ZendLibrary\Zend\Auth\Adapter\WS_FTP.LOG --> ftp.sbrafh.org.br /public_html/ZendLibrary/Zend/Auth/Adapter WS_FTP.LOG
2012.01.06 03:15 B F:\xampp\htdocs\ZendLibrary\Zend\Auth\Adapter\DbTable.php --> ftp461.locaweb.com.br /ridgid/web/ZendLibrary/Zend/Auth/Adapter DbTable.php
2012.01.06 03:15 B F:\xampp\htdocs\ZendLibrary\Zend\Auth\Adapter\Digest.php --> ftp461.locaweb.com.br /ridgid/web/ZendLibrary/Zend/Auth/Adapter Digest.php
2012.01.06 03:15 B F:\xampp\htdocs\ZendLibrary\Zend\Auth\Adapter\Exception.php --> ftp461.locaweb.com.br /ridgid/web/ZendLibrary/Zend/Auth/Adapter Exception.php
2012.01.06 03:15 B F:\xampp\htdocs\ZendLibrary\Zend\Auth\Adapter\Http.php --> ftp461.locaweb.com.br /ridgid/web/ZendLibrary/Zend/Auth/Adapter Http.php
2012.01.06 03:15 B F:\xampp\htdocs\ZendLibrary\Zend\Auth\Adapter\InfoCard.php --> ftp461.locaweb.com.br /ridgid/web/ZendLibrary/Zend/Auth/Adapter InfoCard.php
2012.01.06 03:15 B F:\xampp\htdocs\ZendLibrary\Zend\Auth\Adapter\Interface.php --> ftp461.locaweb.com.br /ridgid/web/ZendLibrary/Zend/Auth/Adapter Interface.php
2012.01.06 03:15 B F:\xampp\htdocs\ZendLibrary\Zend\Auth\Adapter\Ldap.php --> ftp461.locaweb.com.br /ridgid/web/ZendLibrary/Zend/Auth/Adapter Ldap.php
2012.01.06 03:15 B F:\xampp\htdocs\ZendLibrary\Zend\Auth\Adapter\OpenId.php --> ftp461.locaweb.com.br /ridgid/web/ZendLibrary/Zend/Auth/Adapter OpenId.php
2012.01.06 03:15 B F:\xampp\htdocs\ZendLibrary\Zend\Auth\Adapter\WS_FTP.LOG --> ftp461.locaweb.com.br /ridgid/web/ZendLibrary/Zend/Auth/Adapter WS_FTP.LOG
2012.01.24 17:28 B F:\xampp\htdocs\ZendLibrary\Zend\Auth\Adapter\DbTable.php --> graficamarmar.com.br /htdocs/ZendLibrary/Zend/Auth/Adapter DbTable.php
2012.01.24 17:28 B F:\xampp\htdocs\ZendLibrary\Zend\Auth\Adapter\Digest.php --> graficamarmar.com.br /htdocs/ZendLibrary/Zend/Auth/Adapter Digest.php
2012.01.24 17:28 B F:\xampp\htdocs\ZendLibrary\Zend\Auth\Adapter\Exception.php --> graficamarmar.com.br /htdocs/ZendLibrary/Zend/Auth/Adapter Exception.php
2012.01.24 17:28 B F:\xampp\htdocs\ZendLibrary\Zend\Auth\Adapter\Http.php --> graficamarmar.com.br /htdocs/ZendLibrary/Zend/Auth/Adapter Http.php
2012.01.24 17:28 B F:\xampp\htdocs\ZendLibrary\Zend\Auth\Adapter\InfoCard.php --> graficamarmar.com.br /htdocs/ZendLibrary/Zend/Auth/Adapter InfoCard.php
2012.01.24 17:28 B F:\xampp\htdocs\ZendLibrary\Zend\Auth\Adapter\Interface.php --> graficamarmar.com.br /htdocs/ZendLibrary/Zend/Auth/Adapter Interface.php
2012.01.24 17:28 B F:\xampp\htdocs\ZendLibrary\Zend\Auth\Adapter\Ldap.php --> graficamarmar.com.br /htdocs/ZendLibrary/Zend/Auth/Adapter Ldap.php
2012.01.24 17:28 B F:\xampp\htdocs\ZendLibrary\Zend\Auth\Adapter\OpenId.php --> graficamarmar.com.br /htdocs/ZendLibrary/Zend/Auth/Adapter OpenId.php
2012.01.24 17:28 B F:\xampp\htdocs\ZendLibrary\Zend\Auth\Adapter\WS_FTP.LOG --> graficamarmar.com.br /htdocs/ZendLibrary/Zend/Auth/Adapter WS_FTP.LOG
2012.02.08 17:03 B F:\xampp\htdocs\ZendLibrary\Zend\Auth\Adapter\DbTable.php --> graficamarmar.hospedagemdesites.ws /public_html/ZendLibrary/Zend/Auth/Adapter DbTable.php
2012.02.08 17:03 B F:\xampp\htdocs\ZendLibrary\Zend\Auth\Adapter\Digest.php --> graficamarmar.hospedagemdesites.ws /public_html/ZendLibrary/Zend/Auth/Adapter Digest.php
2012.02.08 17:03 B F:\xampp\htdocs\ZendLibrary\Zend\Auth\Adapter\Exception.php --> graficamarmar.hospedagemdesites.ws /public_html/ZendLibrary/Zend/Auth/Adapter Exception.php
2012.02.08 17:03 B F:\xampp\htdocs\ZendLibrary\Zend\Auth\Adapter\Http.php --> graficamarmar.hospedagemdesites.ws /public_html/ZendLibrary/Zend/Auth/Adapter Http.php
2012.02.08 17:03 B F:\xampp\htdocs\ZendLibrary\Zend\Auth\Adapter\InfoCard.php --> graficamarmar.hospedagemdesites.ws /public_html/ZendLibrary/Zend/Auth/Adapter InfoCard.php
2012.02.08 17:03 B F:\xampp\htdocs\ZendLibrary\Zend\Auth\Adapter\Interface.php --> graficamarmar.hospedagemdesites.ws /public_html/ZendLibrary/Zend/Auth/Adapter Interface.php
2012.02.08 17:03 B F:\xampp\htdocs\ZendLibrary\Zend\Auth\Adapter\Ldap.php --> graficamarmar.hospedagemdesites.ws /public_html/ZendLibrary/Zend/Auth/Adapter Ldap.php
2012.02.08 17:03 B F:\xampp\htdocs\ZendLibrary\Zend\Auth\Adapter\OpenId.php --> graficamarmar.hospedagemdesites.ws /public_html/ZendLibrary/Zend/Auth/Adapter OpenId.php
2012.02.08 17:03 B F:\xampp\htdocs\ZendLibrary\Zend\Auth\Adapter\WS_FTP.LOG --> graficamarmar.hospedagemdesites.ws /public_html/ZendLibrary/Zend/Auth/Adapter WS_FTP.LOG
2012.10.29 14:40 B F:\xampp\htdocs\ZendLibrary\Zend\Auth\Adapter\DbTable.php --> 186.202.153.85 /public_html/ZendLibrary/Zend/Auth/Adapter DbTable.php
2012.10.29 14:40 B F:\xampp\htdocs\ZendLibrary\Zend\Auth\Adapter\Digest.php --> 186.202.153.85 /public_html/ZendLibrary/Zend/Auth/Adapter Digest.php
2012.10.29 14:40 B F:\xampp\htdocs\ZendLibrary\Zend\Auth\Adapter\Exception.php --> 186.202.153.85 /public_html/ZendLibrary/Zend/Auth/Adapter Exception.php
2012.10.29 14:40 B F:\xampp\htdocs\ZendLibrary\Zend\Auth\Adapter\Http.php --> 186.202.153.85 /public_html/ZendLibrary/Zend/Auth/Adapter Http.php
2012.10.29 14:40 B F:\xampp\htdocs\ZendLibrary\Zend\Auth\Adapter\InfoCard.php --> 186.202.153.85 /public_html/ZendLibrary/Zend/Auth/Adapter InfoCard.php
2012.10.29 14:40 B F:\xampp\htdocs\ZendLibrary\Zend\Auth\Adapter\Interface.php --> 186.202.153.85 /public_html/ZendLibrary/Zend/Auth/Adapter Interface.php
2012.10.29 14:40 B F:\xampp\htdocs\ZendLibrary\Zend\Auth\Adapter\Ldap.php --> 186.202.153.85 /public_html/ZendLibrary/Zend/Auth/Adapter Ldap.php
2012.10.29 14:40 B F:\xampp\htdocs\ZendLibrary\Zend\Auth\Adapter\OpenId.php --> 186.202.153.85 /public_html/ZendLibrary/Zend/Auth/Adapter OpenId.php
2012.10.29 14:40 B F:\xampp\htdocs\ZendLibrary\Zend\Auth\Adapter\WS_FTP.LOG --> 186.202.153.85 /public_html/ZendLibrary/Zend/Auth/Adapter WS_FTP.LOG
2013.01.03 14:41 B F:\xampp\htdocs\ZendLibrary\Zend\Auth\Adapter\DbTable.php --> ftp.amfar.com.br /public_html/ZendLibrary/Zend/Auth/Adapter DbTable.php
2013.01.03 14:41 B F:\xampp\htdocs\ZendLibrary\Zend\Auth\Adapter\Digest.php --> ftp.amfar.com.br /public_html/ZendLibrary/Zend/Auth/Adapter Digest.php
2013.01.03 14:41 B F:\xampp\htdocs\ZendLibrary\Zend\Auth\Adapter\Http.php --> ftp.amfar.com.br /public_html/ZendLibrary/Zend/Auth/Adapter Http.php
2013.01.03 14:41 B F:\xampp\htdocs\ZendLibrary\Zend\Auth\Adapter\InfoCard.php --> ftp.amfar.com.br /public_html/ZendLibrary/Zend/Auth/Adapter InfoCard.php
2013.01.03 14:41 B F:\xampp\htdocs\ZendLibrary\Zend\Auth\Adapter\Ldap.php --> ftp.amfar.com.br /public_html/ZendLibrary/Zend/Auth/Adapter Ldap.php
2013.01.03 14:41 B F:\xampp\htdocs\ZendLibrary\Zend\Auth\Adapter\OpenId.php --> ftp.amfar.com.br /public_html/ZendLibrary/Zend/Auth/Adapter OpenId.php
