2011.06.20 18:35 B F:\xampp\htdocs\zf-tutorial\library\Zend\Feed\Abstract.php --> ftp.portalridgid.com.br /public_html/zf-tutorial/library/Zend/Feed Abstract.php
2011.06.20 18:35 B F:\xampp\htdocs\zf-tutorial\library\Zend\Feed\Atom.php --> ftp.portalridgid.com.br /public_html/zf-tutorial/library/Zend/Feed Atom.php
2011.06.20 18:35 B F:\xampp\htdocs\zf-tutorial\library\Zend\Feed\Builder.php --> ftp.portalridgid.com.br /public_html/zf-tutorial/library/Zend/Feed Builder.php
2011.06.20 18:35 B F:\xampp\htdocs\zf-tutorial\library\Zend\Feed\Element.php --> ftp.portalridgid.com.br /public_html/zf-tutorial/library/Zend/Feed Element.php
2011.06.20 18:35 B F:\xampp\htdocs\zf-tutorial\library\Zend\Feed\Exception.php --> ftp.portalridgid.com.br /public_html/zf-tutorial/library/Zend/Feed Exception.php
2011.06.20 18:35 B F:\xampp\htdocs\zf-tutorial\library\Zend\Feed\Pubsubhubbub.php --> ftp.portalridgid.com.br /public_html/zf-tutorial/library/Zend/Feed Pubsubhubbub.php
2011.06.20 18:35 B F:\xampp\htdocs\zf-tutorial\library\Zend\Feed\Reader.php --> ftp.portalridgid.com.br /public_html/zf-tutorial/library/Zend/Feed Reader.php
2011.06.20 18:35 B F:\xampp\htdocs\zf-tutorial\library\Zend\Feed\Rss.php --> ftp.portalridgid.com.br /public_html/zf-tutorial/library/Zend/Feed Rss.php
2011.06.20 18:35 B F:\xampp\htdocs\zf-tutorial\library\Zend\Feed\Writer.php --> ftp.portalridgid.com.br /public_html/zf-tutorial/library/Zend/Feed Writer.php
2011.06.30 03:40 B F:\xampp\htdocs\zendLibrary\Zend\Feed\WS_FTP.LOG --> ftp.sbrafh.org.br /sbrafh/Web/zendLibrary/Zend/Feed WS_FTP.LOG
2011.06.30 03:40 B F:\xampp\htdocs\zendLibrary\Zend\Feed\Reader.php --> ftp.sbrafh.org.br /sbrafh/Web/zendLibrary/Zend/Feed Reader.php
2011.06.30 03:40 B F:\xampp\htdocs\zendLibrary\Zend\Feed\Writer.php --> ftp.sbrafh.org.br /sbrafh/Web/zendLibrary/Zend/Feed Writer.php
2011.06.30 03:40 B F:\xampp\htdocs\zendLibrary\Zend\Feed\Rss.php --> ftp.sbrafh.org.br /sbrafh/Web/zendLibrary/Zend/Feed Rss.php
2011.06.30 03:40 B F:\xampp\htdocs\zendLibrary\Zend\Feed\Pubsubhubbub.php --> ftp.sbrafh.org.br /sbrafh/Web/zendLibrary/Zend/Feed Pubsubhubbub.php
2011.06.30 03:40 B F:\xampp\htdocs\zendLibrary\Zend\Feed\Exception.php --> ftp.sbrafh.org.br /sbrafh/Web/zendLibrary/Zend/Feed Exception.php
2011.06.30 03:40 B F:\xampp\htdocs\zendLibrary\Zend\Feed\Element.php --> ftp.sbrafh.org.br /sbrafh/Web/zendLibrary/Zend/Feed Element.php
2011.06.30 03:40 B F:\xampp\htdocs\zendLibrary\Zend\Feed\Builder.php --> ftp.sbrafh.org.br /sbrafh/Web/zendLibrary/Zend/Feed Builder.php
2011.06.30 03:40 B F:\xampp\htdocs\zendLibrary\Zend\Feed\Atom.php --> ftp.sbrafh.org.br /sbrafh/Web/zendLibrary/Zend/Feed Atom.php
2011.06.30 03:40 B F:\xampp\htdocs\zendLibrary\Zend\Feed\Abstract.php --> ftp.sbrafh.org.br /sbrafh/Web/zendLibrary/Zend/Feed Abstract.php
2011.07.08 23:49 B F:\xampp\htdocs\zendLibrary\Zend\Feed\Abstract.php --> ftp.radiofone.com.br /public_html/radiofone/zendLibrary/Zend/Feed Abstract.php
2011.07.08 23:49 B F:\xampp\htdocs\zendLibrary\Zend\Feed\Atom.php --> ftp.radiofone.com.br /public_html/radiofone/zendLibrary/Zend/Feed Atom.php
2011.07.08 23:49 B F:\xampp\htdocs\zendLibrary\Zend\Feed\Builder.php --> ftp.radiofone.com.br /public_html/radiofone/zendLibrary/Zend/Feed Builder.php
2011.07.08 23:49 B F:\xampp\htdocs\zendLibrary\Zend\Feed\Element.php --> ftp.radiofone.com.br /public_html/radiofone/zendLibrary/Zend/Feed Element.php
2011.07.08 23:49 B F:\xampp\htdocs\zendLibrary\Zend\Feed\Exception.php --> ftp.radiofone.com.br /public_html/radiofone/zendLibrary/Zend/Feed Exception.php
2011.07.08 23:49 B F:\xampp\htdocs\zendLibrary\Zend\Feed\Pubsubhubbub.php --> ftp.radiofone.com.br /public_html/radiofone/zendLibrary/Zend/Feed Pubsubhubbub.php
2011.07.08 23:49 B F:\xampp\htdocs\zendLibrary\Zend\Feed\Reader.php --> ftp.radiofone.com.br /public_html/radiofone/zendLibrary/Zend/Feed Reader.php
2011.07.08 23:49 B F:\xampp\htdocs\zendLibrary\Zend\Feed\Rss.php --> ftp.radiofone.com.br /public_html/radiofone/zendLibrary/Zend/Feed Rss.php
2011.07.08 23:49 B F:\xampp\htdocs\zendLibrary\Zend\Feed\Writer.php --> ftp.radiofone.com.br /public_html/radiofone/zendLibrary/Zend/Feed Writer.php
2011.07.08 23:49 B F:\xampp\htdocs\zendLibrary\Zend\Feed\WS_FTP.LOG --> ftp.radiofone.com.br /public_html/radiofone/zendLibrary/Zend/Feed WS_FTP.LOG
2011.07.09 00:47 B F:\xampp\htdocs\zendLibrary\Zend\Feed\WS_FTP.LOG --> ftp.radiofone.com.br /public_html/radiofone/zendLibrary/Zend/Feed WS_FTP.LOG
2011.07.26 22:49 B F:\xampp\htdocs\zendLibrary\Zend\Feed\Abstract.php --> ftp.sobrafo.org.br /public_html/zendLibrary/Zend/Feed Abstract.php
2011.07.26 22:49 B F:\xampp\htdocs\zendLibrary\Zend\Feed\Atom.php --> ftp.sobrafo.org.br /public_html/zendLibrary/Zend/Feed Atom.php
2011.07.26 22:49 B F:\xampp\htdocs\zendLibrary\Zend\Feed\Builder.php --> ftp.sobrafo.org.br /public_html/zendLibrary/Zend/Feed Builder.php
2011.07.26 22:49 B F:\xampp\htdocs\zendLibrary\Zend\Feed\Element.php --> ftp.sobrafo.org.br /public_html/zendLibrary/Zend/Feed Element.php
2011.07.26 22:49 B F:\xampp\htdocs\zendLibrary\Zend\Feed\Exception.php --> ftp.sobrafo.org.br /public_html/zendLibrary/Zend/Feed Exception.php
2011.07.26 22:49 B F:\xampp\htdocs\zendLibrary\Zend\Feed\Pubsubhubbub.php --> ftp.sobrafo.org.br /public_html/zendLibrary/Zend/Feed Pubsubhubbub.php
2011.07.26 22:49 B F:\xampp\htdocs\zendLibrary\Zend\Feed\Reader.php --> ftp.sobrafo.org.br /public_html/zendLibrary/Zend/Feed Reader.php
2011.07.26 22:49 B F:\xampp\htdocs\zendLibrary\Zend\Feed\Rss.php --> ftp.sobrafo.org.br /public_html/zendLibrary/Zend/Feed Rss.php
2011.07.26 22:49 B F:\xampp\htdocs\zendLibrary\Zend\Feed\Writer.php --> ftp.sobrafo.org.br /public_html/zendLibrary/Zend/Feed Writer.php
2011.07.26 22:49 B F:\xampp\htdocs\zendLibrary\Zend\Feed\WS_FTP.LOG --> ftp.sobrafo.org.br /public_html/zendLibrary/Zend/Feed WS_FTP.LOG
2011.08.09 16:59 B F:\xampp\htdocs\ZendLibrary\Zend\Feed\Abstract.php --> ftp.amfar.com.br /public_html/ZendLibrary/Zend/Feed Abstract.php
2011.08.09 16:59 B F:\xampp\htdocs\ZendLibrary\Zend\Feed\Atom.php --> ftp.amfar.com.br /public_html/ZendLibrary/Zend/Feed Atom.php
2011.08.09 16:59 B F:\xampp\htdocs\ZendLibrary\Zend\Feed\Builder.php --> ftp.amfar.com.br /public_html/ZendLibrary/Zend/Feed Builder.php
2011.08.09 16:59 B F:\xampp\htdocs\ZendLibrary\Zend\Feed\Element.php --> ftp.amfar.com.br /public_html/ZendLibrary/Zend/Feed Element.php
2011.08.09 16:59 B F:\xampp\htdocs\ZendLibrary\Zend\Feed\Exception.php --> ftp.amfar.com.br /public_html/ZendLibrary/Zend/Feed Exception.php
2011.08.09 16:59 B F:\xampp\htdocs\ZendLibrary\Zend\Feed\Pubsubhubbub.php --> ftp.amfar.com.br /public_html/ZendLibrary/Zend/Feed Pubsubhubbub.php
2011.08.09 16:59 B F:\xampp\htdocs\ZendLibrary\Zend\Feed\Reader.php --> ftp.amfar.com.br /public_html/ZendLibrary/Zend/Feed Reader.php
2011.08.09 16:59 B F:\xampp\htdocs\ZendLibrary\Zend\Feed\Rss.php --> ftp.amfar.com.br /public_html/ZendLibrary/Zend/Feed Rss.php
2011.08.09 16:59 B F:\xampp\htdocs\ZendLibrary\Zend\Feed\Writer.php --> ftp.amfar.com.br /public_html/ZendLibrary/Zend/Feed Writer.php
