2011.06.20 18:37 B F:\xampp\htdocs\zf-tutorial\library\Zend\Gdata\Exif\Extension\Distance.php --> ftp.portalridgid.com.br /public_html/zf-tutorial/library/Zend/Gdata/Exif/Extension Distance.php
2011.06.20 18:37 B F:\xampp\htdocs\zf-tutorial\library\Zend\Gdata\Exif\Extension\Exposure.php --> ftp.portalridgid.com.br /public_html/zf-tutorial/library/Zend/Gdata/Exif/Extension Exposure.php
2011.06.20 18:37 B F:\xampp\htdocs\zf-tutorial\library\Zend\Gdata\Exif\Extension\Flash.php --> ftp.portalridgid.com.br /public_html/zf-tutorial/library/Zend/Gdata/Exif/Extension Flash.php
2011.06.20 18:37 B F:\xampp\htdocs\zf-tutorial\library\Zend\Gdata\Exif\Extension\FocalLength.php --> ftp.portalridgid.com.br /public_html/zf-tutorial/library/Zend/Gdata/Exif/Extension FocalLength.php
2011.06.20 18:37 B F:\xampp\htdocs\zf-tutorial\library\Zend\Gdata\Exif\Extension\FStop.php --> ftp.portalridgid.com.br /public_html/zf-tutorial/library/Zend/Gdata/Exif/Extension FStop.php
2011.06.20 18:37 B F:\xampp\htdocs\zf-tutorial\library\Zend\Gdata\Exif\Extension\ImageUniqueId.php --> ftp.portalridgid.com.br /public_html/zf-tutorial/library/Zend/Gdata/Exif/Extension ImageUniqueId.php
2011.06.20 18:37 B F:\xampp\htdocs\zf-tutorial\library\Zend\Gdata\Exif\Extension\Iso.php --> ftp.portalridgid.com.br /public_html/zf-tutorial/library/Zend/Gdata/Exif/Extension Iso.php
2011.06.20 18:37 B F:\xampp\htdocs\zf-tutorial\library\Zend\Gdata\Exif\Extension\Make.php --> ftp.portalridgid.com.br /public_html/zf-tutorial/library/Zend/Gdata/Exif/Extension Make.php
2011.06.20 18:37 B F:\xampp\htdocs\zf-tutorial\library\Zend\Gdata\Exif\Extension\Model.php --> ftp.portalridgid.com.br /public_html/zf-tutorial/library/Zend/Gdata/Exif/Extension Model.php
2011.06.20 18:37 B F:\xampp\htdocs\zf-tutorial\library\Zend\Gdata\Exif\Extension\Tags.php --> ftp.portalridgid.com.br /public_html/zf-tutorial/library/Zend/Gdata/Exif/Extension Tags.php
2011.06.20 18:37 B F:\xampp\htdocs\zf-tutorial\library\Zend\Gdata\Exif\Extension\Time.php --> ftp.portalridgid.com.br /public_html/zf-tutorial/library/Zend/Gdata/Exif/Extension Time.php
2011.06.30 03:35 B F:\xampp\htdocs\zendLibrary\Zend\Gdata\Exif\Extension\WS_FTP.LOG --> ftp.sbrafh.org.br /sbrafh/Web/zendLibrary/Zend/Gdata/Exif/Extension WS_FTP.LOG
2011.06.30 03:35 B F:\xampp\htdocs\zendLibrary\Zend\Gdata\Exif\Extension\Time.php --> ftp.sbrafh.org.br /sbrafh/Web/zendLibrary/Zend/Gdata/Exif/Extension Time.php
2011.06.30 03:35 B F:\xampp\htdocs\zendLibrary\Zend\Gdata\Exif\Extension\Tags.php --> ftp.sbrafh.org.br /sbrafh/Web/zendLibrary/Zend/Gdata/Exif/Extension Tags.php
2011.06.30 03:35 B F:\xampp\htdocs\zendLibrary\Zend\Gdata\Exif\Extension\Model.php --> ftp.sbrafh.org.br /sbrafh/Web/zendLibrary/Zend/Gdata/Exif/Extension Model.php
2011.06.30 03:35 B F:\xampp\htdocs\zendLibrary\Zend\Gdata\Exif\Extension\Make.php --> ftp.sbrafh.org.br /sbrafh/Web/zendLibrary/Zend/Gdata/Exif/Extension Make.php
2011.06.30 03:35 B F:\xampp\htdocs\zendLibrary\Zend\Gdata\Exif\Extension\Iso.php --> ftp.sbrafh.org.br /sbrafh/Web/zendLibrary/Zend/Gdata/Exif/Extension Iso.php
2011.06.30 03:35 B F:\xampp\htdocs\zendLibrary\Zend\Gdata\Exif\Extension\ImageUniqueId.php --> ftp.sbrafh.org.br /sbrafh/Web/zendLibrary/Zend/Gdata/Exif/Extension ImageUniqueId.php
2011.06.30 03:35 B F:\xampp\htdocs\zendLibrary\Zend\Gdata\Exif\Extension\FStop.php --> ftp.sbrafh.org.br /sbrafh/Web/zendLibrary/Zend/Gdata/Exif/Extension FStop.php
2011.06.30 03:35 B F:\xampp\htdocs\zendLibrary\Zend\Gdata\Exif\Extension\FocalLength.php --> ftp.sbrafh.org.br /sbrafh/Web/zendLibrary/Zend/Gdata/Exif/Extension FocalLength.php
2011.06.30 03:35 B F:\xampp\htdocs\zendLibrary\Zend\Gdata\Exif\Extension\Flash.php --> ftp.sbrafh.org.br /sbrafh/Web/zendLibrary/Zend/Gdata/Exif/Extension Flash.php
2011.06.30 03:35 B F:\xampp\htdocs\zendLibrary\Zend\Gdata\Exif\Extension\Exposure.php --> ftp.sbrafh.org.br /sbrafh/Web/zendLibrary/Zend/Gdata/Exif/Extension Exposure.php
2011.06.30 03:35 B F:\xampp\htdocs\zendLibrary\Zend\Gdata\Exif\Extension\Distance.php --> ftp.sbrafh.org.br /sbrafh/Web/zendLibrary/Zend/Gdata/Exif/Extension Distance.php
2011.07.08 23:50 B F:\xampp\htdocs\zendLibrary\Zend\Gdata\Exif\Extension\Distance.php --> ftp.radiofone.com.br /public_html/radiofone/zendLibrary/Zend/Gdata/Exif/Extension Distance.php
2011.07.08 23:50 B F:\xampp\htdocs\zendLibrary\Zend\Gdata\Exif\Extension\Exposure.php --> ftp.radiofone.com.br /public_html/radiofone/zendLibrary/Zend/Gdata/Exif/Extension Exposure.php
2011.07.08 23:50 B F:\xampp\htdocs\zendLibrary\Zend\Gdata\Exif\Extension\Flash.php --> ftp.radiofone.com.br /public_html/radiofone/zendLibrary/Zend/Gdata/Exif/Extension Flash.php
2011.07.08 23:50 B F:\xampp\htdocs\zendLibrary\Zend\Gdata\Exif\Extension\FocalLength.php --> ftp.radiofone.com.br /public_html/radiofone/zendLibrary/Zend/Gdata/Exif/Extension FocalLength.php
2011.07.08 23:50 B F:\xampp\htdocs\zendLibrary\Zend\Gdata\Exif\Extension\FStop.php --> ftp.radiofone.com.br /public_html/radiofone/zendLibrary/Zend/Gdata/Exif/Extension FStop.php
2011.07.08 23:50 B F:\xampp\htdocs\zendLibrary\Zend\Gdata\Exif\Extension\ImageUniqueId.php --> ftp.radiofone.com.br /public_html/radiofone/zendLibrary/Zend/Gdata/Exif/Extension ImageUniqueId.php
2011.07.08 23:50 B F:\xampp\htdocs\zendLibrary\Zend\Gdata\Exif\Extension\Iso.php --> ftp.radiofone.com.br /public_html/radiofone/zendLibrary/Zend/Gdata/Exif/Extension Iso.php
2011.07.08 23:50 B F:\xampp\htdocs\zendLibrary\Zend\Gdata\Exif\Extension\Make.php --> ftp.radiofone.com.br /public_html/radiofone/zendLibrary/Zend/Gdata/Exif/Extension Make.php
2011.07.08 23:50 B F:\xampp\htdocs\zendLibrary\Zend\Gdata\Exif\Extension\Model.php --> ftp.radiofone.com.br /public_html/radiofone/zendLibrary/Zend/Gdata/Exif/Extension Model.php
2011.07.08 23:50 B F:\xampp\htdocs\zendLibrary\Zend\Gdata\Exif\Extension\Tags.php --> ftp.radiofone.com.br /public_html/radiofone/zendLibrary/Zend/Gdata/Exif/Extension Tags.php
2011.07.08 23:50 B F:\xampp\htdocs\zendLibrary\Zend\Gdata\Exif\Extension\Time.php --> ftp.radiofone.com.br /public_html/radiofone/zendLibrary/Zend/Gdata/Exif/Extension Time.php
2011.07.08 23:50 B F:\xampp\htdocs\zendLibrary\Zend\Gdata\Exif\Extension\WS_FTP.LOG --> ftp.radiofone.com.br /public_html/radiofone/zendLibrary/Zend/Gdata/Exif/Extension WS_FTP.LOG
2011.07.26 22:51 B F:\xampp\htdocs\zendLibrary\Zend\Gdata\Exif\Extension\Distance.php --> ftp.sobrafo.org.br /public_html/zendLibrary/Zend/Gdata/Exif/Extension Distance.php
2011.07.26 22:51 B F:\xampp\htdocs\zendLibrary\Zend\Gdata\Exif\Extension\Exposure.php --> ftp.sobrafo.org.br /public_html/zendLibrary/Zend/Gdata/Exif/Extension Exposure.php
2011.07.26 22:51 B F:\xampp\htdocs\zendLibrary\Zend\Gdata\Exif\Extension\Flash.php --> ftp.sobrafo.org.br /public_html/zendLibrary/Zend/Gdata/Exif/Extension Flash.php
2011.07.26 22:51 B F:\xampp\htdocs\zendLibrary\Zend\Gdata\Exif\Extension\FocalLength.php --> ftp.sobrafo.org.br /public_html/zendLibrary/Zend/Gdata/Exif/Extension FocalLength.php
2011.07.26 22:51 B F:\xampp\htdocs\zendLibrary\Zend\Gdata\Exif\Extension\FStop.php --> ftp.sobrafo.org.br /public_html/zendLibrary/Zend/Gdata/Exif/Extension FStop.php
2011.07.26 22:51 B F:\xampp\htdocs\zendLibrary\Zend\Gdata\Exif\Extension\ImageUniqueId.php --> ftp.sobrafo.org.br /public_html/zendLibrary/Zend/Gdata/Exif/Extension ImageUniqueId.php
2011.07.26 22:51 B F:\xampp\htdocs\zendLibrary\Zend\Gdata\Exif\Extension\Iso.php --> ftp.sobrafo.org.br /public_html/zendLibrary/Zend/Gdata/Exif/Extension Iso.php
2011.07.26 22:51 B F:\xampp\htdocs\zendLibrary\Zend\Gdata\Exif\Extension\Make.php --> ftp.sobrafo.org.br /public_html/zendLibrary/Zend/Gdata/Exif/Extension Make.php
2011.07.26 22:51 B F:\xampp\htdocs\zendLibrary\Zend\Gdata\Exif\Extension\Model.php --> ftp.sobrafo.org.br /public_html/zendLibrary/Zend/Gdata/Exif/Extension Model.php
2011.07.26 22:51 B F:\xampp\htdocs\zendLibrary\Zend\Gdata\Exif\Extension\Tags.php --> ftp.sobrafo.org.br /public_html/zendLibrary/Zend/Gdata/Exif/Extension Tags.php
2011.07.26 22:51 B F:\xampp\htdocs\zendLibrary\Zend\Gdata\Exif\Extension\Time.php --> ftp.sobrafo.org.br /public_html/zendLibrary/Zend/Gdata/Exif/Extension Time.php
2011.07.26 22:51 B F:\xampp\htdocs\zendLibrary\Zend\Gdata\Exif\Extension\WS_FTP.LOG --> ftp.sobrafo.org.br /public_html/zendLibrary/Zend/Gdata/Exif/Extension WS_FTP.LOG
2011.08.09 17:01 B F:\xampp\htdocs\ZendLibrary\Zend\Gdata\Exif\Extension\Distance.php --> ftp.amfar.com.br /public_html/ZendLibrary/Zend/Gdata/Exif/Extension Distance.php
2011.08.09 17:01 B F:\xampp\htdocs\ZendLibrary\Zend\Gdata\Exif\Extension\Exposure.php --> ftp.amfar.com.br /public_html/ZendLibrary/Zend/Gdata/Exif/Extension Exposure.php
2011.08.09 17:01 B F:\xampp\htdocs\ZendLibrary\Zend\Gdata\Exif\Extension\Flash.php --> ftp.amfar.com.br /public_html/ZendLibrary/Zend/Gdata/Exif/Extension Flash.php
2011.08.09 17:01 B F:\xampp\htdocs\ZendLibrary\Zend\Gdata\Exif\Extension\FocalLength.php --> ftp.amfar.com.br /public_html/ZendLibrary/Zend/Gdata/Exif/Extension FocalLength.php
2011.08.09 17:01 B F:\xampp\htdocs\ZendLibrary\Zend\Gdata\Exif\Extension\FStop.php --> ftp.amfar.com.br /public_html/ZendLibrary/Zend/Gdata/Exif/Extension FStop.php
2011.08.09 17:01 B F:\xampp\htdocs\ZendLibrary\Zend\Gdata\Exif\Extension\ImageUniqueId.php --> ftp.amfar.com.br /public_html/ZendLibrary/Zend/Gdata/Exif/Extension ImageUniqueId.php
2011.08.09 17:01 B F:\xampp\htdocs\ZendLibrary\Zend\Gdata\Exif\Extension\Iso.php --> ftp.amfar.com.br /public_html/ZendLibrary/Zend/Gdata/Exif/Extension Iso.php
2011.08.09 17:01 B F:\xampp\htdocs\ZendLibrary\Zend\Gdata\Exif\Extension\Make.php --> ftp.amfar.com.br /public_html/ZendLibrary/Zend/Gdata/Exif/Extension Make.php
2011.08.09 17:01 B F:\xampp\htdocs\ZendLibrary\Zend\Gdata\Exif\Extension\Model.php --> ftp.amfar.com.br /public_html/ZendLibrary/Zend/Gdata/Exif/Extension Model.php
2011.08.09 17:01 B F:\xampp\htdocs\ZendLibrary\Zend\Gdata\Exif\Extension\Tags.php --> ftp.amfar.com.br /public_html/ZendLibrary/Zend/Gdata/Exif/Extension Tags.php
2011.08.09 17:01 B F:\xampp\htdocs\ZendLibrary\Zend\Gdata\Exif\Extension\Time.php --> ftp.amfar.com.br /public_html/ZendLibrary/Zend/Gdata/Exif/Extension Time.php
