2010.03.09 19:04 B X:\radiofone\usrprogr\securimage\images\audio_icon.gif --> ftp.radiofone.com.br /public_html/radiofone/usrprogr/securimage/images audio_icon.gif
2010.03.09 19:04 B X:\radiofone\usrprogr\securimage\images\refresh.gif --> ftp.radiofone.com.br /public_html/radiofone/usrprogr/securimage/images refresh.gif
2010.03.24 22:31 B X:\radiofone\usrprog\securimage\images\WS_FTP.LOG --> ftp.radiofone.com.br /public_html/radiofone/usrprog/securimage/images WS_FTP.LOG
2010.05.13 01:40 B X:\radiofone\admin\securimage\images\audio_icon.gif --> ftp.radiofone.com.br /public_html/radiofone/cp/admin/securimage/images audio_icon.gif
2010.05.13 01:40 B X:\radiofone\admin\securimage\images\refresh.gif --> ftp.radiofone.com.br /public_html/radiofone/cp/admin/securimage/images refresh.gif
2010.05.13 01:40 B X:\radiofone\admin\securimage\images\WS_FTP.LOG --> ftp.radiofone.com.br /public_html/radiofone/cp/admin/securimage/images WS_FTP.LOG
2010.06.18 00:42 B X:\radiofone\cp\admin\securimage\images\Thumbs.db --> ftp.radiofone.com.br /public_html/radiofone/cp/admin/securimage/images Thumbs.db
2010.06.22 01:08 B X:\radiofone\cp\admin\securimage\images\Thumbs.db --> ftp.portalridgid.com.br /public_html/restrito/securimage/images Thumbs.db
2010.06.22 01:10 B X:\radiofone\cp\admin\securimage\images\WS_FTP.LOG --> ftp.portalridgid.com.br /public_html/restrito/securimage/images WS_FTP.LOG
2010.07.07 02:42 B X:\radiofone\admin\securimage\images\audio_icon.gif --> ftp.radiofone.com.br /public_html/radiofone/rfadm/securimage/images audio_icon.gif
2010.07.07 02:42 B X:\radiofone\admin\securimage\images\refresh.gif --> ftp.radiofone.com.br /public_html/radiofone/rfadm/securimage/images refresh.gif
2010.07.07 02:42 B X:\radiofone\admin\securimage\images\Thumbs.db --> ftp.radiofone.com.br /public_html/radiofone/rfadm/securimage/images Thumbs.db
2010.07.07 02:42 B X:\radiofone\admin\securimage\images\WS_FTP.LOG --> ftp.radiofone.com.br /public_html/radiofone/rfadm/securimage/images WS_FTP.LOG
2011.05.04 03:25 B F:\radiofone\rfadm\securimage\images\WS_FTP.LOG <-- radiofone /public_html/radiofone/rfadm/securimage/images WS_FTP.LOG
2011.07.09 00:17 B F:\xampp\htdocs\zendLibrary\Zend\securimage\images\audio_icon.gif --> ftp.radiofone.com.br /public_html/radiofone/zendLibrary/Zend/securimage/images audio_icon.gif
2011.07.09 00:17 B F:\xampp\htdocs\zendLibrary\Zend\securimage\images\refresh.gif --> ftp.radiofone.com.br /public_html/radiofone/zendLibrary/Zend/securimage/images refresh.gif
2011.07.09 00:17 B F:\xampp\htdocs\zendLibrary\Zend\securimage\images\Thumbs.db --> ftp.radiofone.com.br /public_html/radiofone/zendLibrary/Zend/securimage/images Thumbs.db
2011.07.09 00:17 B F:\xampp\htdocs\zendLibrary\Zend\securimage\images\WS_FTP.LOG --> ftp.radiofone.com.br /public_html/radiofone/zendLibrary/Zend/securimage/images WS_FTP.LOG
2011.07.26 23:06 B F:\xampp\htdocs\zendLibrary\Zend\securimage\images\audio_icon.gif --> ftp.sobrafo.org.br /public_html/zendLibrary/Zend/securimage/images audio_icon.gif
2011.07.26 23:06 B F:\xampp\htdocs\zendLibrary\Zend\securimage\images\refresh.gif --> ftp.sobrafo.org.br /public_html/zendLibrary/Zend/securimage/images refresh.gif
2011.07.26 23:06 B F:\xampp\htdocs\zendLibrary\Zend\securimage\images\Thumbs.db --> ftp.sobrafo.org.br /public_html/zendLibrary/Zend/securimage/images Thumbs.db
2011.07.26 23:06 B F:\xampp\htdocs\zendLibrary\Zend\securimage\images\WS_FTP.LOG --> ftp.sobrafo.org.br /public_html/zendLibrary/Zend/securimage/images WS_FTP.LOG
2011.08.09 17:27 B F:\xampp\htdocs\ZendLibrary\Zend\securimage\images\audio_icon.gif --> ftp.amfar.com.br /public_html/ZendLibrary/Zend/securimage/images audio_icon.gif
2011.08.09 17:27 B F:\xampp\htdocs\ZendLibrary\Zend\securimage\images\refresh.gif --> ftp.amfar.com.br /public_html/ZendLibrary/Zend/securimage/images refresh.gif
2011.08.09 17:27 B F:\xampp\htdocs\ZendLibrary\Zend\securimage\images\Thumbs.db --> ftp.amfar.com.br /public_html/ZendLibrary/Zend/securimage/images Thumbs.db
