2011.06.20 18:36 B F:\xampp\htdocs\zf-tutorial\library\Zend\Gdata\App\AuthException.php --> ftp.portalridgid.com.br /public_html/zf-tutorial/library/Zend/Gdata/App AuthException.php
2011.06.20 18:36 B F:\xampp\htdocs\zf-tutorial\library\Zend\Gdata\App\BadMethodCallException.php --> ftp.portalridgid.com.br /public_html/zf-tutorial/library/Zend/Gdata/App BadMethodCallException.php
2011.06.20 18:36 B F:\xampp\htdocs\zf-tutorial\library\Zend\Gdata\App\Base.php --> ftp.portalridgid.com.br /public_html/zf-tutorial/library/Zend/Gdata/App Base.php
2011.06.20 18:37 B F:\xampp\htdocs\zf-tutorial\library\Zend\Gdata\App\BaseMediaSource.php --> ftp.portalridgid.com.br /public_html/zf-tutorial/library/Zend/Gdata/App BaseMediaSource.php
2011.06.20 18:37 B F:\xampp\htdocs\zf-tutorial\library\Zend\Gdata\App\CaptchaRequiredException.php --> ftp.portalridgid.com.br /public_html/zf-tutorial/library/Zend/Gdata/App CaptchaRequiredException.php
2011.06.20 18:37 B F:\xampp\htdocs\zf-tutorial\library\Zend\Gdata\App\Entry.php --> ftp.portalridgid.com.br /public_html/zf-tutorial/library/Zend/Gdata/App Entry.php
2011.06.20 18:37 B F:\xampp\htdocs\zf-tutorial\library\Zend\Gdata\App\Exception.php --> ftp.portalridgid.com.br /public_html/zf-tutorial/library/Zend/Gdata/App Exception.php
2011.06.20 18:37 B F:\xampp\htdocs\zf-tutorial\library\Zend\Gdata\App\Extension.php --> ftp.portalridgid.com.br /public_html/zf-tutorial/library/Zend/Gdata/App Extension.php
2011.06.20 18:37 B F:\xampp\htdocs\zf-tutorial\library\Zend\Gdata\App\Feed.php --> ftp.portalridgid.com.br /public_html/zf-tutorial/library/Zend/Gdata/App Feed.php
2011.06.20 18:37 B F:\xampp\htdocs\zf-tutorial\library\Zend\Gdata\App\FeedEntryParent.php --> ftp.portalridgid.com.br /public_html/zf-tutorial/library/Zend/Gdata/App FeedEntryParent.php
2011.06.20 18:37 B F:\xampp\htdocs\zf-tutorial\library\Zend\Gdata\App\FeedSourceParent.php --> ftp.portalridgid.com.br /public_html/zf-tutorial/library/Zend/Gdata/App FeedSourceParent.php
2011.06.20 18:37 B F:\xampp\htdocs\zf-tutorial\library\Zend\Gdata\App\HttpException.php --> ftp.portalridgid.com.br /public_html/zf-tutorial/library/Zend/Gdata/App HttpException.php
2011.06.20 18:37 B F:\xampp\htdocs\zf-tutorial\library\Zend\Gdata\App\InvalidArgumentException.php --> ftp.portalridgid.com.br /public_html/zf-tutorial/library/Zend/Gdata/App InvalidArgumentException.php
2011.06.20 18:37 B F:\xampp\htdocs\zf-tutorial\library\Zend\Gdata\App\IOException.php --> ftp.portalridgid.com.br /public_html/zf-tutorial/library/Zend/Gdata/App IOException.php
2011.06.20 18:37 B F:\xampp\htdocs\zf-tutorial\library\Zend\Gdata\App\LoggingHttpClientAdapterSocket.php --> ftp.portalridgid.com.br /public_html/zf-tutorial/library/Zend/Gdata/App LoggingHttpClientAdapterSocket.php
2011.06.20 18:37 B F:\xampp\htdocs\zf-tutorial\library\Zend\Gdata\App\MediaEntry.php --> ftp.portalridgid.com.br /public_html/zf-tutorial/library/Zend/Gdata/App MediaEntry.php
2011.06.20 18:37 B F:\xampp\htdocs\zf-tutorial\library\Zend\Gdata\App\MediaFileSource.php --> ftp.portalridgid.com.br /public_html/zf-tutorial/library/Zend/Gdata/App MediaFileSource.php
2011.06.20 18:37 B F:\xampp\htdocs\zf-tutorial\library\Zend\Gdata\App\MediaSource.php --> ftp.portalridgid.com.br /public_html/zf-tutorial/library/Zend/Gdata/App MediaSource.php
2011.06.20 18:37 B F:\xampp\htdocs\zf-tutorial\library\Zend\Gdata\App\Util.php --> ftp.portalridgid.com.br /public_html/zf-tutorial/library/Zend/Gdata/App Util.php
2011.06.20 18:37 B F:\xampp\htdocs\zf-tutorial\library\Zend\Gdata\App\VersionException.php --> ftp.portalridgid.com.br /public_html/zf-tutorial/library/Zend/Gdata/App VersionException.php
2011.06.30 03:36 B F:\xampp\htdocs\zendLibrary\Zend\Gdata\App\WS_FTP.LOG --> ftp.sbrafh.org.br /sbrafh/Web/zendLibrary/Zend/Gdata/App WS_FTP.LOG
2011.06.30 03:36 B F:\xampp\htdocs\zendLibrary\Zend\Gdata\App\VersionException.php --> ftp.sbrafh.org.br /sbrafh/Web/zendLibrary/Zend/Gdata/App VersionException.php
2011.06.30 03:36 B F:\xampp\htdocs\zendLibrary\Zend\Gdata\App\Util.php --> ftp.sbrafh.org.br /sbrafh/Web/zendLibrary/Zend/Gdata/App Util.php
2011.06.30 03:36 B F:\xampp\htdocs\zendLibrary\Zend\Gdata\App\MediaSource.php --> ftp.sbrafh.org.br /sbrafh/Web/zendLibrary/Zend/Gdata/App MediaSource.php
2011.06.30 03:36 B F:\xampp\htdocs\zendLibrary\Zend\Gdata\App\MediaFileSource.php --> ftp.sbrafh.org.br /sbrafh/Web/zendLibrary/Zend/Gdata/App MediaFileSource.php
2011.06.30 03:36 B F:\xampp\htdocs\zendLibrary\Zend\Gdata\App\MediaEntry.php --> ftp.sbrafh.org.br /sbrafh/Web/zendLibrary/Zend/Gdata/App MediaEntry.php
2011.06.30 03:36 B F:\xampp\htdocs\zendLibrary\Zend\Gdata\App\LoggingHttpClientAdapterSocket.php --> ftp.sbrafh.org.br /sbrafh/Web/zendLibrary/Zend/Gdata/App LoggingHttpClientAdapterSocket.php
2011.06.30 03:36 B F:\xampp\htdocs\zendLibrary\Zend\Gdata\App\IOException.php --> ftp.sbrafh.org.br /sbrafh/Web/zendLibrary/Zend/Gdata/App IOException.php
2011.06.30 03:36 B F:\xampp\htdocs\zendLibrary\Zend\Gdata\App\InvalidArgumentException.php --> ftp.sbrafh.org.br /sbrafh/Web/zendLibrary/Zend/Gdata/App InvalidArgumentException.php
2011.06.30 03:36 B F:\xampp\htdocs\zendLibrary\Zend\Gdata\App\HttpException.php --> ftp.sbrafh.org.br /sbrafh/Web/zendLibrary/Zend/Gdata/App HttpException.php
2011.06.30 03:36 B F:\xampp\htdocs\zendLibrary\Zend\Gdata\App\FeedSourceParent.php --> ftp.sbrafh.org.br /sbrafh/Web/zendLibrary/Zend/Gdata/App FeedSourceParent.php
2011.06.30 03:36 B F:\xampp\htdocs\zendLibrary\Zend\Gdata\App\FeedEntryParent.php --> ftp.sbrafh.org.br /sbrafh/Web/zendLibrary/Zend/Gdata/App FeedEntryParent.php
2011.06.30 03:36 B F:\xampp\htdocs\zendLibrary\Zend\Gdata\App\Feed.php --> ftp.sbrafh.org.br /sbrafh/Web/zendLibrary/Zend/Gdata/App Feed.php
2011.06.30 03:36 B F:\xampp\htdocs\zendLibrary\Zend\Gdata\App\Extension.php --> ftp.sbrafh.org.br /sbrafh/Web/zendLibrary/Zend/Gdata/App Extension.php
2011.06.30 03:36 B F:\xampp\htdocs\zendLibrary\Zend\Gdata\App\Exception.php --> ftp.sbrafh.org.br /sbrafh/Web/zendLibrary/Zend/Gdata/App Exception.php
2011.06.30 03:36 B F:\xampp\htdocs\zendLibrary\Zend\Gdata\App\Entry.php --> ftp.sbrafh.org.br /sbrafh/Web/zendLibrary/Zend/Gdata/App Entry.php
2011.06.30 03:36 B F:\xampp\htdocs\zendLibrary\Zend\Gdata\App\CaptchaRequiredException.php --> ftp.sbrafh.org.br /sbrafh/Web/zendLibrary/Zend/Gdata/App CaptchaRequiredException.php
2011.06.30 03:36 B F:\xampp\htdocs\zendLibrary\Zend\Gdata\App\BaseMediaSource.php --> ftp.sbrafh.org.br /sbrafh/Web/zendLibrary/Zend/Gdata/App BaseMediaSource.php
2011.06.30 03:36 B F:\xampp\htdocs\zendLibrary\Zend\Gdata\App\Base.php --> ftp.sbrafh.org.br /sbrafh/Web/zendLibrary/Zend/Gdata/App Base.php
2011.06.30 03:36 B F:\xampp\htdocs\zendLibrary\Zend\Gdata\App\BadMethodCallException.php --> ftp.sbrafh.org.br /sbrafh/Web/zendLibrary/Zend/Gdata/App BadMethodCallException.php
2011.06.30 03:36 B F:\xampp\htdocs\zendLibrary\Zend\Gdata\App\AuthException.php --> ftp.sbrafh.org.br /sbrafh/Web/zendLibrary/Zend/Gdata/App AuthException.php
2011.07.08 23:50 B F:\xampp\htdocs\zendLibrary\Zend\Gdata\App\AuthException.php --> ftp.radiofone.com.br /public_html/radiofone/zendLibrary/Zend/Gdata/App AuthException.php
2011.07.08 23:50 B F:\xampp\htdocs\zendLibrary\Zend\Gdata\App\BadMethodCallException.php --> ftp.radiofone.com.br /public_html/radiofone/zendLibrary/Zend/Gdata/App BadMethodCallException.php
2011.07.08 23:50 B F:\xampp\htdocs\zendLibrary\Zend\Gdata\App\Base.php --> ftp.radiofone.com.br /public_html/radiofone/zendLibrary/Zend/Gdata/App Base.php
2011.07.08 23:50 B F:\xampp\htdocs\zendLibrary\Zend\Gdata\App\BaseMediaSource.php --> ftp.radiofone.com.br /public_html/radiofone/zendLibrary/Zend/Gdata/App BaseMediaSource.php
2011.07.08 23:50 B F:\xampp\htdocs\zendLibrary\Zend\Gdata\App\CaptchaRequiredException.php --> ftp.radiofone.com.br /public_html/radiofone/zendLibrary/Zend/Gdata/App CaptchaRequiredException.php
2011.07.08 23:50 B F:\xampp\htdocs\zendLibrary\Zend\Gdata\App\Entry.php --> ftp.radiofone.com.br /public_html/radiofone/zendLibrary/Zend/Gdata/App Entry.php
2011.07.08 23:50 B F:\xampp\htdocs\zendLibrary\Zend\Gdata\App\Exception.php --> ftp.radiofone.com.br /public_html/radiofone/zendLibrary/Zend/Gdata/App Exception.php
2011.07.08 23:50 B F:\xampp\htdocs\zendLibrary\Zend\Gdata\App\Extension.php --> ftp.radiofone.com.br /public_html/radiofone/zendLibrary/Zend/Gdata/App Extension.php
2011.07.08 23:50 B F:\xampp\htdocs\zendLibrary\Zend\Gdata\App\Feed.php --> ftp.radiofone.com.br /public_html/radiofone/zendLibrary/Zend/Gdata/App Feed.php
2011.07.08 23:50 B F:\xampp\htdocs\zendLibrary\Zend\Gdata\App\FeedEntryParent.php --> ftp.radiofone.com.br /public_html/radiofone/zendLibrary/Zend/Gdata/App FeedEntryParent.php
2011.07.08 23:50 B F:\xampp\htdocs\zendLibrary\Zend\Gdata\App\FeedSourceParent.php --> ftp.radiofone.com.br /public_html/radiofone/zendLibrary/Zend/Gdata/App FeedSourceParent.php
2011.07.08 23:50 B F:\xampp\htdocs\zendLibrary\Zend\Gdata\App\HttpException.php --> ftp.radiofone.com.br /public_html/radiofone/zendLibrary/Zend/Gdata/App HttpException.php
2011.07.08 23:50 B F:\xampp\htdocs\zendLibrary\Zend\Gdata\App\InvalidArgumentException.php --> ftp.radiofone.com.br /public_html/radiofone/zendLibrary/Zend/Gdata/App InvalidArgumentException.php
2011.07.08 23:50 B F:\xampp\htdocs\zendLibrary\Zend\Gdata\App\IOException.php --> ftp.radiofone.com.br /public_html/radiofone/zendLibrary/Zend/Gdata/App IOException.php
2011.07.08 23:50 B F:\xampp\htdocs\zendLibrary\Zend\Gdata\App\LoggingHttpClientAdapterSocket.php --> ftp.radiofone.com.br /public_html/radiofone/zendLibrary/Zend/Gdata/App LoggingHttpClientAdapterSocket.php
2011.07.08 23:50 B F:\xampp\htdocs\zendLibrary\Zend\Gdata\App\MediaEntry.php --> ftp.radiofone.com.br /public_html/radiofone/zendLibrary/Zend/Gdata/App MediaEntry.php
2011.07.08 23:50 B F:\xampp\htdocs\zendLibrary\Zend\Gdata\App\MediaFileSource.php --> ftp.radiofone.com.br /public_html/radiofone/zendLibrary/Zend/Gdata/App MediaFileSource.php
2011.07.08 23:50 B F:\xampp\htdocs\zendLibrary\Zend\Gdata\App\MediaSource.php --> ftp.radiofone.com.br /public_html/radiofone/zendLibrary/Zend/Gdata/App MediaSource.php
2011.07.08 23:50 B F:\xampp\htdocs\zendLibrary\Zend\Gdata\App\Util.php --> ftp.radiofone.com.br /public_html/radiofone/zendLibrary/Zend/Gdata/App Util.php
2011.07.08 23:50 B F:\xampp\htdocs\zendLibrary\Zend\Gdata\App\VersionException.php --> ftp.radiofone.com.br /public_html/radiofone/zendLibrary/Zend/Gdata/App VersionException.php
2011.07.08 23:50 B F:\xampp\htdocs\zendLibrary\Zend\Gdata\App\WS_FTP.LOG --> ftp.radiofone.com.br /public_html/radiofone/zendLibrary/Zend/Gdata/App WS_FTP.LOG
2011.07.09 00:47 B F:\xampp\htdocs\zendLibrary\Zend\Gdata\App\WS_FTP.LOG --> ftp.radiofone.com.br /public_html/radiofone/zendLibrary/Zend/Gdata/App WS_FTP.LOG
2011.07.26 22:50 B F:\xampp\htdocs\zendLibrary\Zend\Gdata\App\AuthException.php --> ftp.sobrafo.org.br /public_html/zendLibrary/Zend/Gdata/App AuthException.php
2011.07.26 22:50 B F:\xampp\htdocs\zendLibrary\Zend\Gdata\App\BadMethodCallException.php --> ftp.sobrafo.org.br /public_html/zendLibrary/Zend/Gdata/App BadMethodCallException.php
2011.07.26 22:50 B F:\xampp\htdocs\zendLibrary\Zend\Gdata\App\Base.php --> ftp.sobrafo.org.br /public_html/zendLibrary/Zend/Gdata/App Base.php
2011.07.26 22:50 B F:\xampp\htdocs\zendLibrary\Zend\Gdata\App\BaseMediaSource.php --> ftp.sobrafo.org.br /public_html/zendLibrary/Zend/Gdata/App BaseMediaSource.php
2011.07.26 22:50 B F:\xampp\htdocs\zendLibrary\Zend\Gdata\App\CaptchaRequiredException.php --> ftp.sobrafo.org.br /public_html/zendLibrary/Zend/Gdata/App CaptchaRequiredException.php
2011.07.26 22:50 B F:\xampp\htdocs\zendLibrary\Zend\Gdata\App\Entry.php --> ftp.sobrafo.org.br /public_html/zendLibrary/Zend/Gdata/App Entry.php
2011.07.26 22:50 B F:\xampp\htdocs\zendLibrary\Zend\Gdata\App\Exception.php --> ftp.sobrafo.org.br /public_html/zendLibrary/Zend/Gdata/App Exception.php
2011.07.26 22:50 B F:\xampp\htdocs\zendLibrary\Zend\Gdata\App\Extension.php --> ftp.sobrafo.org.br /public_html/zendLibrary/Zend/Gdata/App Extension.php
2011.07.26 22:50 B F:\xampp\htdocs\zendLibrary\Zend\Gdata\App\Feed.php --> ftp.sobrafo.org.br /public_html/zendLibrary/Zend/Gdata/App Feed.php
2011.07.26 22:50 B F:\xampp\htdocs\zendLibrary\Zend\Gdata\App\FeedEntryParent.php --> ftp.sobrafo.org.br /public_html/zendLibrary/Zend/Gdata/App FeedEntryParent.php
2011.07.26 22:50 B F:\xampp\htdocs\zendLibrary\Zend\Gdata\App\FeedSourceParent.php --> ftp.sobrafo.org.br /public_html/zendLibrary/Zend/Gdata/App FeedSourceParent.php
2011.07.26 22:50 B F:\xampp\htdocs\zendLibrary\Zend\Gdata\App\HttpException.php --> ftp.sobrafo.org.br /public_html/zendLibrary/Zend/Gdata/App HttpException.php
2011.07.26 22:51 B F:\xampp\htdocs\zendLibrary\Zend\Gdata\App\InvalidArgumentException.php --> ftp.sobrafo.org.br /public_html/zendLibrary/Zend/Gdata/App InvalidArgumentException.php
2011.07.26 22:51 B F:\xampp\htdocs\zendLibrary\Zend\Gdata\App\IOException.php --> ftp.sobrafo.org.br /public_html/zendLibrary/Zend/Gdata/App IOException.php
2011.07.26 22:51 B F:\xampp\htdocs\zendLibrary\Zend\Gdata\App\LoggingHttpClientAdapterSocket.php --> ftp.sobrafo.org.br /public_html/zendLibrary/Zend/Gdata/App LoggingHttpClientAdapterSocket.php
2011.07.26 22:51 B F:\xampp\htdocs\zendLibrary\Zend\Gdata\App\MediaEntry.php --> ftp.sobrafo.org.br /public_html/zendLibrary/Zend/Gdata/App MediaEntry.php
2011.07.26 22:51 B F:\xampp\htdocs\zendLibrary\Zend\Gdata\App\MediaFileSource.php --> ftp.sobrafo.org.br /public_html/zendLibrary/Zend/Gdata/App MediaFileSource.php
2011.07.26 22:51 B F:\xampp\htdocs\zendLibrary\Zend\Gdata\App\MediaSource.php --> ftp.sobrafo.org.br /public_html/zendLibrary/Zend/Gdata/App MediaSource.php
2011.07.26 22:51 B F:\xampp\htdocs\zendLibrary\Zend\Gdata\App\Util.php --> ftp.sobrafo.org.br /public_html/zendLibrary/Zend/Gdata/App Util.php
2011.07.26 22:51 B F:\xampp\htdocs\zendLibrary\Zend\Gdata\App\VersionException.php --> ftp.sobrafo.org.br /public_html/zendLibrary/Zend/Gdata/App VersionException.php
2011.07.26 22:51 B F:\xampp\htdocs\zendLibrary\Zend\Gdata\App\WS_FTP.LOG --> ftp.sobrafo.org.br /public_html/zendLibrary/Zend/Gdata/App WS_FTP.LOG
2011.08.09 17:00 B F:\xampp\htdocs\ZendLibrary\Zend\Gdata\App\AuthException.php --> ftp.amfar.com.br /public_html/ZendLibrary/Zend/Gdata/App AuthException.php
2011.08.09 17:00 B F:\xampp\htdocs\ZendLibrary\Zend\Gdata\App\BadMethodCallException.php --> ftp.amfar.com.br /public_html/ZendLibrary/Zend/Gdata/App BadMethodCallException.php
2011.08.09 17:00 B F:\xampp\htdocs\ZendLibrary\Zend\Gdata\App\Base.php --> ftp.amfar.com.br /public_html/ZendLibrary/Zend/Gdata/App Base.php
2011.08.09 17:00 B F:\xampp\htdocs\ZendLibrary\Zend\Gdata\App\BaseMediaSource.php --> ftp.amfar.com.br /public_html/ZendLibrary/Zend/Gdata/App BaseMediaSource.php
2011.08.09 17:00 B F:\xampp\htdocs\ZendLibrary\Zend\Gdata\App\CaptchaRequiredException.php --> ftp.amfar.com.br /public_html/ZendLibrary/Zend/Gdata/App CaptchaRequiredException.php
2011.08.09 17:00 B F:\xampp\htdocs\ZendLibrary\Zend\Gdata\App\Entry.php --> ftp.amfar.com.br /public_html/ZendLibrary/Zend/Gdata/App Entry.php
2011.08.09 17:00 B F:\xampp\htdocs\ZendLibrary\Zend\Gdata\App\Exception.php --> ftp.amfar.com.br /public_html/ZendLibrary/Zend/Gdata/App Exception.php
2011.08.09 17:00 B F:\xampp\htdocs\ZendLibrary\Zend\Gdata\App\Extension.php --> ftp.amfar.com.br /public_html/ZendLibrary/Zend/Gdata/App Extension.php
2011.08.09 17:00 B F:\xampp\htdocs\ZendLibrary\Zend\Gdata\App\Feed.php --> ftp.amfar.com.br /public_html/ZendLibrary/Zend/Gdata/App Feed.php
2011.08.09 17:00 B F:\xampp\htdocs\ZendLibrary\Zend\Gdata\App\FeedEntryParent.php --> ftp.amfar.com.br /public_html/ZendLibrary/Zend/Gdata/App FeedEntryParent.php
2011.08.09 17:00 B F:\xampp\htdocs\ZendLibrary\Zend\Gdata\App\FeedSourceParent.php --> ftp.amfar.com.br /public_html/ZendLibrary/Zend/Gdata/App FeedSourceParent.php
2011.08.09 17:00 B F:\xampp\htdocs\ZendLibrary\Zend\Gdata\App\HttpException.php --> ftp.amfar.com.br /public_html/ZendLibrary/Zend/Gdata/App HttpException.php
2011.08.09 17:00 B F:\xampp\htdocs\ZendLibrary\Zend\Gdata\App\InvalidArgumentException.php --> ftp.amfar.com.br /public_html/ZendLibrary/Zend/Gdata/App InvalidArgumentException.php
2011.08.09 17:00 B F:\xampp\htdocs\ZendLibrary\Zend\Gdata\App\IOException.php --> ftp.amfar.com.br /public_html/ZendLibrary/Zend/Gdata/App IOException.php
2011.08.09 17:00 B F:\xampp\htdocs\ZendLibrary\Zend\Gdata\App\LoggingHttpClientAdapterSocket.php --> ftp.amfar.com.br /public_html/ZendLibrary/Zend/Gdata/App LoggingHttpClientAdapterSocket.php
2011.08.09 17:00 B F:\xampp\htdocs\ZendLibrary\Zend\Gdata\App\MediaEntry.php --> ftp.amfar.com.br /public_html/ZendLibrary/Zend/Gdata/App MediaEntry.php
2011.08.09 17:00 B F:\xampp\htdocs\ZendLibrary\Zend\Gdata\App\MediaFileSource.php --> ftp.amfar.com.br /public_html/ZendLibrary/Zend/Gdata/App MediaFileSource.php
2011.08.09 17:00 B F:\xampp\htdocs\ZendLibrary\Zend\Gdata\App\MediaSource.php --> ftp.amfar.com.br /public_html/ZendLibrary/Zend/Gdata/App MediaSource.php
2011.08.09 17:00 B F:\xampp\htdocs\ZendLibrary\Zend\Gdata\App\Util.php --> ftp.amfar.com.br /public_html/ZendLibrary/Zend/Gdata/App Util.php
2011.08.09 17:00 B F:\xampp\htdocs\ZendLibrary\Zend\Gdata\App\VersionException.php --> ftp.amfar.com.br /public_html/ZendLibrary/Zend/Gdata/App VersionException.php
