2011.06.20 18:55 B F:\xampp\htdocs\zf-tutorial\library\Zend\TimeSync\Exception.php --> ftp.portalridgid.com.br /public_html/zf-tutorial/library/Zend/TimeSync Exception.php
2011.06.20 18:55 B F:\xampp\htdocs\zf-tutorial\library\Zend\TimeSync\Ntp.php --> ftp.portalridgid.com.br /public_html/zf-tutorial/library/Zend/TimeSync Ntp.php
2011.06.20 18:55 B F:\xampp\htdocs\zf-tutorial\library\Zend\TimeSync\Protocol.php --> ftp.portalridgid.com.br /public_html/zf-tutorial/library/Zend/TimeSync Protocol.php
2011.06.20 18:55 B F:\xampp\htdocs\zf-tutorial\library\Zend\TimeSync\Sntp.php --> ftp.portalridgid.com.br /public_html/zf-tutorial/library/Zend/TimeSync Sntp.php
2011.06.30 03:10 B F:\xampp\htdocs\zendLibrary\Zend\TimeSync\WS_FTP.LOG --> ftp.sbrafh.org.br /sbrafh/Web/zendLibrary/Zend/TimeSync WS_FTP.LOG
2011.06.30 03:10 B F:\xampp\htdocs\zendLibrary\Zend\TimeSync\Sntp.php --> ftp.sbrafh.org.br /sbrafh/Web/zendLibrary/Zend/TimeSync Sntp.php
2011.06.30 03:10 B F:\xampp\htdocs\zendLibrary\Zend\TimeSync\Protocol.php --> ftp.sbrafh.org.br /sbrafh/Web/zendLibrary/Zend/TimeSync Protocol.php
2011.06.30 03:10 B F:\xampp\htdocs\zendLibrary\Zend\TimeSync\Ntp.php --> ftp.sbrafh.org.br /sbrafh/Web/zendLibrary/Zend/TimeSync Ntp.php
2011.06.30 03:10 B F:\xampp\htdocs\zendLibrary\Zend\TimeSync\Exception.php --> ftp.sbrafh.org.br /sbrafh/Web/zendLibrary/Zend/TimeSync Exception.php
2011.07.09 00:22 B F:\xampp\htdocs\zendLibrary\Zend\TimeSync\Exception.php --> ftp.radiofone.com.br /public_html/radiofone/zendLibrary/Zend/TimeSync Exception.php
2011.07.09 00:22 B F:\xampp\htdocs\zendLibrary\Zend\TimeSync\Ntp.php --> ftp.radiofone.com.br /public_html/radiofone/zendLibrary/Zend/TimeSync Ntp.php
2011.07.09 00:22 B F:\xampp\htdocs\zendLibrary\Zend\TimeSync\Protocol.php --> ftp.radiofone.com.br /public_html/radiofone/zendLibrary/Zend/TimeSync Protocol.php
2011.07.09 00:22 B F:\xampp\htdocs\zendLibrary\Zend\TimeSync\Sntp.php --> ftp.radiofone.com.br /public_html/radiofone/zendLibrary/Zend/TimeSync Sntp.php
2011.07.09 00:22 B F:\xampp\htdocs\zendLibrary\Zend\TimeSync\WS_FTP.LOG --> ftp.radiofone.com.br /public_html/radiofone/zendLibrary/Zend/TimeSync WS_FTP.LOG
2011.07.26 23:11 B F:\xampp\htdocs\zendLibrary\Zend\TimeSync\Exception.php --> ftp.sobrafo.org.br /public_html/zendLibrary/Zend/TimeSync Exception.php
2011.07.26 23:11 B F:\xampp\htdocs\zendLibrary\Zend\TimeSync\Ntp.php --> ftp.sobrafo.org.br /public_html/zendLibrary/Zend/TimeSync Ntp.php
2011.07.26 23:11 B F:\xampp\htdocs\zendLibrary\Zend\TimeSync\Protocol.php --> ftp.sobrafo.org.br /public_html/zendLibrary/Zend/TimeSync Protocol.php
2011.07.26 23:11 B F:\xampp\htdocs\zendLibrary\Zend\TimeSync\Sntp.php --> ftp.sobrafo.org.br /public_html/zendLibrary/Zend/TimeSync Sntp.php
2011.07.26 23:11 B F:\xampp\htdocs\zendLibrary\Zend\TimeSync\WS_FTP.LOG --> ftp.sobrafo.org.br /public_html/zendLibrary/Zend/TimeSync WS_FTP.LOG
2011.08.09 17:31 B F:\xampp\htdocs\ZendLibrary\Zend\TimeSync\Exception.php --> ftp.amfar.com.br /public_html/ZendLibrary/Zend/TimeSync Exception.php
2011.08.09 17:31 B F:\xampp\htdocs\ZendLibrary\Zend\TimeSync\Ntp.php --> ftp.amfar.com.br /public_html/ZendLibrary/Zend/TimeSync Ntp.php
2011.08.09 17:31 B F:\xampp\htdocs\ZendLibrary\Zend\TimeSync\Protocol.php --> ftp.amfar.com.br /public_html/ZendLibrary/Zend/TimeSync Protocol.php
2011.08.09 17:31 B F:\xampp\htdocs\ZendLibrary\Zend\TimeSync\Sntp.php --> ftp.amfar.com.br /public_html/ZendLibrary/Zend/TimeSync Sntp.php
