2011.06.20 18:31 B F:\xampp\htdocs\zf-tutorial\library\Zend\Barcode\Object\Code128.php --> ftp.portalridgid.com.br /public_html/zf-tutorial/library/Zend/Barcode/Object Code128.php
2011.06.20 18:31 B F:\xampp\htdocs\zf-tutorial\library\Zend\Barcode\Object\Code25.php --> ftp.portalridgid.com.br /public_html/zf-tutorial/library/Zend/Barcode/Object Code25.php
2011.06.20 18:31 B F:\xampp\htdocs\zf-tutorial\library\Zend\Barcode\Object\Code25interleaved.php --> ftp.portalridgid.com.br /public_html/zf-tutorial/library/Zend/Barcode/Object Code25interleaved.php
2011.06.20 18:31 B F:\xampp\htdocs\zf-tutorial\library\Zend\Barcode\Object\Code39.php --> ftp.portalridgid.com.br /public_html/zf-tutorial/library/Zend/Barcode/Object Code39.php
2011.06.20 18:31 B F:\xampp\htdocs\zf-tutorial\library\Zend\Barcode\Object\Ean13.php --> ftp.portalridgid.com.br /public_html/zf-tutorial/library/Zend/Barcode/Object Ean13.php
2011.06.20 18:31 B F:\xampp\htdocs\zf-tutorial\library\Zend\Barcode\Object\Ean2.php --> ftp.portalridgid.com.br /public_html/zf-tutorial/library/Zend/Barcode/Object Ean2.php
2011.06.20 18:31 B F:\xampp\htdocs\zf-tutorial\library\Zend\Barcode\Object\Ean5.php --> ftp.portalridgid.com.br /public_html/zf-tutorial/library/Zend/Barcode/Object Ean5.php
2011.06.20 18:31 B F:\xampp\htdocs\zf-tutorial\library\Zend\Barcode\Object\Ean8.php --> ftp.portalridgid.com.br /public_html/zf-tutorial/library/Zend/Barcode/Object Ean8.php
2011.06.20 18:31 B F:\xampp\htdocs\zf-tutorial\library\Zend\Barcode\Object\Error.php --> ftp.portalridgid.com.br /public_html/zf-tutorial/library/Zend/Barcode/Object Error.php
2011.06.20 18:31 B F:\xampp\htdocs\zf-tutorial\library\Zend\Barcode\Object\Exception.php --> ftp.portalridgid.com.br /public_html/zf-tutorial/library/Zend/Barcode/Object Exception.php
2011.06.20 18:31 B F:\xampp\htdocs\zf-tutorial\library\Zend\Barcode\Object\Identcode.php --> ftp.portalridgid.com.br /public_html/zf-tutorial/library/Zend/Barcode/Object Identcode.php
2011.06.20 18:31 B F:\xampp\htdocs\zf-tutorial\library\Zend\Barcode\Object\Itf14.php --> ftp.portalridgid.com.br /public_html/zf-tutorial/library/Zend/Barcode/Object Itf14.php
2011.06.20 18:31 B F:\xampp\htdocs\zf-tutorial\library\Zend\Barcode\Object\Leitcode.php --> ftp.portalridgid.com.br /public_html/zf-tutorial/library/Zend/Barcode/Object Leitcode.php
2011.06.20 18:31 B F:\xampp\htdocs\zf-tutorial\library\Zend\Barcode\Object\ObjectAbstract.php --> ftp.portalridgid.com.br /public_html/zf-tutorial/library/Zend/Barcode/Object ObjectAbstract.php
2011.06.20 18:31 B F:\xampp\htdocs\zf-tutorial\library\Zend\Barcode\Object\Planet.php --> ftp.portalridgid.com.br /public_html/zf-tutorial/library/Zend/Barcode/Object Planet.php
2011.06.20 18:31 B F:\xampp\htdocs\zf-tutorial\library\Zend\Barcode\Object\Postnet.php --> ftp.portalridgid.com.br /public_html/zf-tutorial/library/Zend/Barcode/Object Postnet.php
2011.06.20 18:31 B F:\xampp\htdocs\zf-tutorial\library\Zend\Barcode\Object\Royalmail.php --> ftp.portalridgid.com.br /public_html/zf-tutorial/library/Zend/Barcode/Object Royalmail.php
2011.06.20 18:31 B F:\xampp\htdocs\zf-tutorial\library\Zend\Barcode\Object\Upca.php --> ftp.portalridgid.com.br /public_html/zf-tutorial/library/Zend/Barcode/Object Upca.php
2011.06.20 18:31 B F:\xampp\htdocs\zf-tutorial\library\Zend\Barcode\Object\Upce.php --> ftp.portalridgid.com.br /public_html/zf-tutorial/library/Zend/Barcode/Object Upce.php
2011.06.30 03:45 B F:\xampp\htdocs\zendLibrary\Zend\Barcode\Object\WS_FTP.LOG --> ftp.sbrafh.org.br /sbrafh/Web/zendLibrary/Zend/Barcode/Object WS_FTP.LOG
2011.06.30 03:45 B F:\xampp\htdocs\zendLibrary\Zend\Barcode\Object\Upce.php --> ftp.sbrafh.org.br /sbrafh/Web/zendLibrary/Zend/Barcode/Object Upce.php
2011.06.30 03:45 B F:\xampp\htdocs\zendLibrary\Zend\Barcode\Object\Upca.php --> ftp.sbrafh.org.br /sbrafh/Web/zendLibrary/Zend/Barcode/Object Upca.php
2011.06.30 03:45 B F:\xampp\htdocs\zendLibrary\Zend\Barcode\Object\Royalmail.php --> ftp.sbrafh.org.br /sbrafh/Web/zendLibrary/Zend/Barcode/Object Royalmail.php
2011.06.30 03:45 B F:\xampp\htdocs\zendLibrary\Zend\Barcode\Object\Postnet.php --> ftp.sbrafh.org.br /sbrafh/Web/zendLibrary/Zend/Barcode/Object Postnet.php
2011.06.30 03:45 B F:\xampp\htdocs\zendLibrary\Zend\Barcode\Object\Planet.php --> ftp.sbrafh.org.br /sbrafh/Web/zendLibrary/Zend/Barcode/Object Planet.php
2011.06.30 03:45 B F:\xampp\htdocs\zendLibrary\Zend\Barcode\Object\ObjectAbstract.php --> ftp.sbrafh.org.br /sbrafh/Web/zendLibrary/Zend/Barcode/Object ObjectAbstract.php
2011.06.30 03:45 B F:\xampp\htdocs\zendLibrary\Zend\Barcode\Object\Leitcode.php --> ftp.sbrafh.org.br /sbrafh/Web/zendLibrary/Zend/Barcode/Object Leitcode.php
2011.06.30 03:45 B F:\xampp\htdocs\zendLibrary\Zend\Barcode\Object\Itf14.php --> ftp.sbrafh.org.br /sbrafh/Web/zendLibrary/Zend/Barcode/Object Itf14.php
2011.06.30 03:45 B F:\xampp\htdocs\zendLibrary\Zend\Barcode\Object\Identcode.php --> ftp.sbrafh.org.br /sbrafh/Web/zendLibrary/Zend/Barcode/Object Identcode.php
2011.06.30 03:45 B F:\xampp\htdocs\zendLibrary\Zend\Barcode\Object\Exception.php --> ftp.sbrafh.org.br /sbrafh/Web/zendLibrary/Zend/Barcode/Object Exception.php
2011.06.30 03:45 B F:\xampp\htdocs\zendLibrary\Zend\Barcode\Object\Error.php --> ftp.sbrafh.org.br /sbrafh/Web/zendLibrary/Zend/Barcode/Object Error.php
2011.06.30 03:45 B F:\xampp\htdocs\zendLibrary\Zend\Barcode\Object\Ean8.php --> ftp.sbrafh.org.br /sbrafh/Web/zendLibrary/Zend/Barcode/Object Ean8.php
2011.06.30 03:45 B F:\xampp\htdocs\zendLibrary\Zend\Barcode\Object\Ean5.php --> ftp.sbrafh.org.br /sbrafh/Web/zendLibrary/Zend/Barcode/Object Ean5.php
2011.06.30 03:45 B F:\xampp\htdocs\zendLibrary\Zend\Barcode\Object\Ean2.php --> ftp.sbrafh.org.br /sbrafh/Web/zendLibrary/Zend/Barcode/Object Ean2.php
2011.06.30 03:45 B F:\xampp\htdocs\zendLibrary\Zend\Barcode\Object\Ean13.php --> ftp.sbrafh.org.br /sbrafh/Web/zendLibrary/Zend/Barcode/Object Ean13.php
2011.06.30 03:45 B F:\xampp\htdocs\zendLibrary\Zend\Barcode\Object\Code39.php --> ftp.sbrafh.org.br /sbrafh/Web/zendLibrary/Zend/Barcode/Object Code39.php
2011.06.30 03:45 B F:\xampp\htdocs\zendLibrary\Zend\Barcode\Object\Code25interleaved.php --> ftp.sbrafh.org.br /sbrafh/Web/zendLibrary/Zend/Barcode/Object Code25interleaved.php
2011.06.30 03:45 B F:\xampp\htdocs\zendLibrary\Zend\Barcode\Object\Code25.php --> ftp.sbrafh.org.br /sbrafh/Web/zendLibrary/Zend/Barcode/Object Code25.php
2011.06.30 03:45 B F:\xampp\htdocs\zendLibrary\Zend\Barcode\Object\Code128.php --> ftp.sbrafh.org.br /sbrafh/Web/zendLibrary/Zend/Barcode/Object Code128.php
2011.07.08 23:43 B F:\xampp\htdocs\zendLibrary\Zend\Barcode\Object\Code128.php --> ftp.radiofone.com.br /public_html/radiofone/zendLibrary/Zend/Barcode/Object Code128.php
2011.07.08 23:43 B F:\xampp\htdocs\zendLibrary\Zend\Barcode\Object\Code25.php --> ftp.radiofone.com.br /public_html/radiofone/zendLibrary/Zend/Barcode/Object Code25.php
2011.07.08 23:43 B F:\xampp\htdocs\zendLibrary\Zend\Barcode\Object\Code25interleaved.php --> ftp.radiofone.com.br /public_html/radiofone/zendLibrary/Zend/Barcode/Object Code25interleaved.php
2011.07.08 23:43 B F:\xampp\htdocs\zendLibrary\Zend\Barcode\Object\Code39.php --> ftp.radiofone.com.br /public_html/radiofone/zendLibrary/Zend/Barcode/Object Code39.php
2011.07.08 23:44 B F:\xampp\htdocs\zendLibrary\Zend\Barcode\Object\Ean13.php --> ftp.radiofone.com.br /public_html/radiofone/zendLibrary/Zend/Barcode/Object Ean13.php
2011.07.08 23:44 B F:\xampp\htdocs\zendLibrary\Zend\Barcode\Object\Ean2.php --> ftp.radiofone.com.br /public_html/radiofone/zendLibrary/Zend/Barcode/Object Ean2.php
2011.07.08 23:44 B F:\xampp\htdocs\zendLibrary\Zend\Barcode\Object\Ean5.php --> ftp.radiofone.com.br /public_html/radiofone/zendLibrary/Zend/Barcode/Object Ean5.php
2011.07.08 23:44 B F:\xampp\htdocs\zendLibrary\Zend\Barcode\Object\Ean8.php --> ftp.radiofone.com.br /public_html/radiofone/zendLibrary/Zend/Barcode/Object Ean8.php
2011.07.08 23:44 B F:\xampp\htdocs\zendLibrary\Zend\Barcode\Object\Error.php --> ftp.radiofone.com.br /public_html/radiofone/zendLibrary/Zend/Barcode/Object Error.php
2011.07.08 23:44 B F:\xampp\htdocs\zendLibrary\Zend\Barcode\Object\Exception.php --> ftp.radiofone.com.br /public_html/radiofone/zendLibrary/Zend/Barcode/Object Exception.php
2011.07.08 23:44 B F:\xampp\htdocs\zendLibrary\Zend\Barcode\Object\Identcode.php --> ftp.radiofone.com.br /public_html/radiofone/zendLibrary/Zend/Barcode/Object Identcode.php
2011.07.08 23:44 B F:\xampp\htdocs\zendLibrary\Zend\Barcode\Object\Itf14.php --> ftp.radiofone.com.br /public_html/radiofone/zendLibrary/Zend/Barcode/Object Itf14.php
2011.07.08 23:44 B F:\xampp\htdocs\zendLibrary\Zend\Barcode\Object\Leitcode.php --> ftp.radiofone.com.br /public_html/radiofone/zendLibrary/Zend/Barcode/Object Leitcode.php
2011.07.08 23:44 B F:\xampp\htdocs\zendLibrary\Zend\Barcode\Object\ObjectAbstract.php --> ftp.radiofone.com.br /public_html/radiofone/zendLibrary/Zend/Barcode/Object ObjectAbstract.php
2011.07.08 23:44 B F:\xampp\htdocs\zendLibrary\Zend\Barcode\Object\Planet.php --> ftp.radiofone.com.br /public_html/radiofone/zendLibrary/Zend/Barcode/Object Planet.php
2011.07.08 23:44 B F:\xampp\htdocs\zendLibrary\Zend\Barcode\Object\Postnet.php --> ftp.radiofone.com.br /public_html/radiofone/zendLibrary/Zend/Barcode/Object Postnet.php
2011.07.08 23:44 B F:\xampp\htdocs\zendLibrary\Zend\Barcode\Object\Royalmail.php --> ftp.radiofone.com.br /public_html/radiofone/zendLibrary/Zend/Barcode/Object Royalmail.php
2011.07.08 23:44 B F:\xampp\htdocs\zendLibrary\Zend\Barcode\Object\Upca.php --> ftp.radiofone.com.br /public_html/radiofone/zendLibrary/Zend/Barcode/Object Upca.php
2011.07.08 23:44 B F:\xampp\htdocs\zendLibrary\Zend\Barcode\Object\Upce.php --> ftp.radiofone.com.br /public_html/radiofone/zendLibrary/Zend/Barcode/Object Upce.php
2011.07.08 23:44 B F:\xampp\htdocs\zendLibrary\Zend\Barcode\Object\WS_FTP.LOG --> ftp.radiofone.com.br /public_html/radiofone/zendLibrary/Zend/Barcode/Object WS_FTP.LOG
2011.07.09 00:44 B F:\xampp\htdocs\zendLibrary\Zend\Barcode\Object\WS_FTP.LOG --> ftp.radiofone.com.br /public_html/radiofone/zendLibrary/Zend/Barcode/Object WS_FTP.LOG
2011.07.26 22:44 B F:\xampp\htdocs\zendLibrary\Zend\Barcode\Object\Code128.php --> ftp.sobrafo.org.br /public_html/zendLibrary/Zend/Barcode/Object Code128.php
2011.07.26 22:44 B F:\xampp\htdocs\zendLibrary\Zend\Barcode\Object\Code25.php --> ftp.sobrafo.org.br /public_html/zendLibrary/Zend/Barcode/Object Code25.php
2011.07.26 22:44 B F:\xampp\htdocs\zendLibrary\Zend\Barcode\Object\Code25interleaved.php --> ftp.sobrafo.org.br /public_html/zendLibrary/Zend/Barcode/Object Code25interleaved.php
2011.07.26 22:44 B F:\xampp\htdocs\zendLibrary\Zend\Barcode\Object\Code39.php --> ftp.sobrafo.org.br /public_html/zendLibrary/Zend/Barcode/Object Code39.php
2011.07.26 22:44 B F:\xampp\htdocs\zendLibrary\Zend\Barcode\Object\Ean13.php --> ftp.sobrafo.org.br /public_html/zendLibrary/Zend/Barcode/Object Ean13.php
2011.07.26 22:44 B F:\xampp\htdocs\zendLibrary\Zend\Barcode\Object\Ean2.php --> ftp.sobrafo.org.br /public_html/zendLibrary/Zend/Barcode/Object Ean2.php
2011.07.26 22:44 B F:\xampp\htdocs\zendLibrary\Zend\Barcode\Object\Ean5.php --> ftp.sobrafo.org.br /public_html/zendLibrary/Zend/Barcode/Object Ean5.php
2011.07.26 22:44 B F:\xampp\htdocs\zendLibrary\Zend\Barcode\Object\Ean8.php --> ftp.sobrafo.org.br /public_html/zendLibrary/Zend/Barcode/Object Ean8.php
2011.07.26 22:44 B F:\xampp\htdocs\zendLibrary\Zend\Barcode\Object\Error.php --> ftp.sobrafo.org.br /public_html/zendLibrary/Zend/Barcode/Object Error.php
2011.07.26 22:44 B F:\xampp\htdocs\zendLibrary\Zend\Barcode\Object\Exception.php --> ftp.sobrafo.org.br /public_html/zendLibrary/Zend/Barcode/Object Exception.php
2011.07.26 22:44 B F:\xampp\htdocs\zendLibrary\Zend\Barcode\Object\Identcode.php --> ftp.sobrafo.org.br /public_html/zendLibrary/Zend/Barcode/Object Identcode.php
2011.07.26 22:44 B F:\xampp\htdocs\zendLibrary\Zend\Barcode\Object\Itf14.php --> ftp.sobrafo.org.br /public_html/zendLibrary/Zend/Barcode/Object Itf14.php
2011.07.26 22:44 B F:\xampp\htdocs\zendLibrary\Zend\Barcode\Object\Leitcode.php --> ftp.sobrafo.org.br /public_html/zendLibrary/Zend/Barcode/Object Leitcode.php
2011.07.26 22:44 B F:\xampp\htdocs\zendLibrary\Zend\Barcode\Object\ObjectAbstract.php --> ftp.sobrafo.org.br /public_html/zendLibrary/Zend/Barcode/Object ObjectAbstract.php
2011.07.26 22:44 B F:\xampp\htdocs\zendLibrary\Zend\Barcode\Object\Planet.php --> ftp.sobrafo.org.br /public_html/zendLibrary/Zend/Barcode/Object Planet.php
2011.07.26 22:44 B F:\xampp\htdocs\zendLibrary\Zend\Barcode\Object\Postnet.php --> ftp.sobrafo.org.br /public_html/zendLibrary/Zend/Barcode/Object Postnet.php
2011.07.26 22:44 B F:\xampp\htdocs\zendLibrary\Zend\Barcode\Object\Royalmail.php --> ftp.sobrafo.org.br /public_html/zendLibrary/Zend/Barcode/Object Royalmail.php
2011.07.26 22:44 B F:\xampp\htdocs\zendLibrary\Zend\Barcode\Object\Upca.php --> ftp.sobrafo.org.br /public_html/zendLibrary/Zend/Barcode/Object Upca.php
2011.07.26 22:44 B F:\xampp\htdocs\zendLibrary\Zend\Barcode\Object\Upce.php --> ftp.sobrafo.org.br /public_html/zendLibrary/Zend/Barcode/Object Upce.php
2011.07.26 22:44 B F:\xampp\htdocs\zendLibrary\Zend\Barcode\Object\WS_FTP.LOG --> ftp.sobrafo.org.br /public_html/zendLibrary/Zend/Barcode/Object WS_FTP.LOG
2011.08.05 01:00 B F:\xampp\htdocs\ZendLibrary\Zend\Barcode\Object\WS_FTP.LOG --> ftp.portalridgid.com.br /public_html/zendLibrary/Zend/Barcode/Object WS_FTP.LOG
2011.08.09 16:54 B F:\xampp\htdocs\ZendLibrary\Zend\Barcode\Object\Code128.php --> ftp.amfar.com.br /public_html/ZendLibrary/Zend/Barcode/Object Code128.php
2011.08.09 16:54 B F:\xampp\htdocs\ZendLibrary\Zend\Barcode\Object\Code25.php --> ftp.amfar.com.br /public_html/ZendLibrary/Zend/Barcode/Object Code25.php
2011.08.09 16:54 B F:\xampp\htdocs\ZendLibrary\Zend\Barcode\Object\Code25interleaved.php --> ftp.amfar.com.br /public_html/ZendLibrary/Zend/Barcode/Object Code25interleaved.php
2011.08.09 16:54 B F:\xampp\htdocs\ZendLibrary\Zend\Barcode\Object\Code39.php --> ftp.amfar.com.br /public_html/ZendLibrary/Zend/Barcode/Object Code39.php
2011.08.09 16:54 B F:\xampp\htdocs\ZendLibrary\Zend\Barcode\Object\Ean13.php --> ftp.amfar.com.br /public_html/ZendLibrary/Zend/Barcode/Object Ean13.php
2011.08.09 16:54 B F:\xampp\htdocs\ZendLibrary\Zend\Barcode\Object\Ean2.php --> ftp.amfar.com.br /public_html/ZendLibrary/Zend/Barcode/Object Ean2.php
2011.08.09 16:54 B F:\xampp\htdocs\ZendLibrary\Zend\Barcode\Object\Ean5.php --> ftp.amfar.com.br /public_html/ZendLibrary/Zend/Barcode/Object Ean5.php
2011.08.09 16:54 B F:\xampp\htdocs\ZendLibrary\Zend\Barcode\Object\Ean8.php --> ftp.amfar.com.br /public_html/ZendLibrary/Zend/Barcode/Object Ean8.php
2011.08.09 16:54 B F:\xampp\htdocs\ZendLibrary\Zend\Barcode\Object\Error.php --> ftp.amfar.com.br /public_html/ZendLibrary/Zend/Barcode/Object Error.php
2011.08.09 16:54 B F:\xampp\htdocs\ZendLibrary\Zend\Barcode\Object\Exception.php --> ftp.amfar.com.br /public_html/ZendLibrary/Zend/Barcode/Object Exception.php
2011.08.09 16:54 B F:\xampp\htdocs\ZendLibrary\Zend\Barcode\Object\Identcode.php --> ftp.amfar.com.br /public_html/ZendLibrary/Zend/Barcode/Object Identcode.php
2011.08.09 16:54 B F:\xampp\htdocs\ZendLibrary\Zend\Barcode\Object\Itf14.php --> ftp.amfar.com.br /public_html/ZendLibrary/Zend/Barcode/Object Itf14.php
2011.08.09 16:54 B F:\xampp\htdocs\ZendLibrary\Zend\Barcode\Object\Leitcode.php --> ftp.amfar.com.br /public_html/ZendLibrary/Zend/Barcode/Object Leitcode.php
2011.08.09 16:54 B F:\xampp\htdocs\ZendLibrary\Zend\Barcode\Object\ObjectAbstract.php --> ftp.amfar.com.br /public_html/ZendLibrary/Zend/Barcode/Object ObjectAbstract.php
2011.08.09 16:54 B F:\xampp\htdocs\ZendLibrary\Zend\Barcode\Object\Planet.php --> ftp.amfar.com.br /public_html/ZendLibrary/Zend/Barcode/Object Planet.php
2011.08.09 16:54 B F:\xampp\htdocs\ZendLibrary\Zend\Barcode\Object\Postnet.php --> ftp.amfar.com.br /public_html/ZendLibrary/Zend/Barcode/Object Postnet.php
2011.08.09 16:54 B F:\xampp\htdocs\ZendLibrary\Zend\Barcode\Object\Royalmail.php --> ftp.amfar.com.br /public_html/ZendLibrary/Zend/Barcode/Object Royalmail.php
2011.08.09 16:54 B F:\xampp\htdocs\ZendLibrary\Zend\Barcode\Object\Upca.php --> ftp.amfar.com.br /public_html/ZendLibrary/Zend/Barcode/Object Upca.php
2011.08.09 16:54 B F:\xampp\htdocs\ZendLibrary\Zend\Barcode\Object\Upce.php --> ftp.amfar.com.br /public_html/ZendLibrary/Zend/Barcode/Object Upce.php
2011.08.09 16:54 B F:\xampp\htdocs\ZendLibrary\Zend\Barcode\Object\WS_FTP.LOG --> ftp.amfar.com.br /public_html/ZendLibrary/Zend/Barcode/Object WS_FTP.LOG
2011.08.22 20:56 B X:\xampp\htdocs\ZendLibrary\Zend\Barcode\Object\Code128.php --> ftp.jairodepaula.com.br /jairodepaula/web/ZendLibrary/Zend/Barcode/Object Code128.php
2011.08.22 20:56 B X:\xampp\htdocs\ZendLibrary\Zend\Barcode\Object\Code25.php --> ftp.jairodepaula.com.br /jairodepaula/web/ZendLibrary/Zend/Barcode/Object Code25.php
2011.08.22 20:56 B X:\xampp\htdocs\ZendLibrary\Zend\Barcode\Object\Code25interleaved.php --> ftp.jairodepaula.com.br /jairodepaula/web/ZendLibrary/Zend/Barcode/Object Code25interleaved.php
2011.08.22 20:56 B X:\xampp\htdocs\ZendLibrary\Zend\Barcode\Object\Code39.php --> ftp.jairodepaula.com.br /jairodepaula/web/ZendLibrary/Zend/Barcode/Object Code39.php
2011.08.22 20:56 B X:\xampp\htdocs\ZendLibrary\Zend\Barcode\Object\Ean13.php --> ftp.jairodepaula.com.br /jairodepaula/web/ZendLibrary/Zend/Barcode/Object Ean13.php
2011.08.22 20:56 B X:\xampp\htdocs\ZendLibrary\Zend\Barcode\Object\Ean2.php --> ftp.jairodepaula.com.br /jairodepaula/web/ZendLibrary/Zend/Barcode/Object Ean2.php
2011.08.22 20:56 B X:\xampp\htdocs\ZendLibrary\Zend\Barcode\Object\Ean5.php --> ftp.jairodepaula.com.br /jairodepaula/web/ZendLibrary/Zend/Barcode/Object Ean5.php
2011.08.22 20:56 B X:\xampp\htdocs\ZendLibrary\Zend\Barcode\Object\Ean8.php --> ftp.jairodepaula.com.br /jairodepaula/web/ZendLibrary/Zend/Barcode/Object Ean8.php
2011.08.22 20:56 B X:\xampp\htdocs\ZendLibrary\Zend\Barcode\Object\Error.php --> ftp.jairodepaula.com.br /jairodepaula/web/ZendLibrary/Zend/Barcode/Object Error.php
2011.08.22 20:56 B X:\xampp\htdocs\ZendLibrary\Zend\Barcode\Object\Exception.php --> ftp.jairodepaula.com.br /jairodepaula/web/ZendLibrary/Zend/Barcode/Object Exception.php
2011.08.22 20:56 B X:\xampp\htdocs\ZendLibrary\Zend\Barcode\Object\Identcode.php --> ftp.jairodepaula.com.br /jairodepaula/web/ZendLibrary/Zend/Barcode/Object Identcode.php
2011.08.22 20:56 B X:\xampp\htdocs\ZendLibrary\Zend\Barcode\Object\Itf14.php --> ftp.jairodepaula.com.br /jairodepaula/web/ZendLibrary/Zend/Barcode/Object Itf14.php
2011.08.22 20:56 B X:\xampp\htdocs\ZendLibrary\Zend\Barcode\Object\Leitcode.php --> ftp.jairodepaula.com.br /jairodepaula/web/ZendLibrary/Zend/Barcode/Object Leitcode.php
2011.08.22 20:56 B X:\xampp\htdocs\ZendLibrary\Zend\Barcode\Object\ObjectAbstract.php --> ftp.jairodepaula.com.br /jairodepaula/web/ZendLibrary/Zend/Barcode/Object ObjectAbstract.php
2011.08.22 20:56 B X:\xampp\htdocs\ZendLibrary\Zend\Barcode\Object\Planet.php --> ftp.jairodepaula.com.br /jairodepaula/web/ZendLibrary/Zend/Barcode/Object Planet.php
2011.08.22 20:56 B X:\xampp\htdocs\ZendLibrary\Zend\Barcode\Object\Postnet.php --> ftp.jairodepaula.com.br /jairodepaula/web/ZendLibrary/Zend/Barcode/Object Postnet.php
2011.08.22 20:56 B X:\xampp\htdocs\ZendLibrary\Zend\Barcode\Object\Royalmail.php --> ftp.jairodepaula.com.br /jairodepaula/web/ZendLibrary/Zend/Barcode/Object Royalmail.php
2011.08.22 20:56 B X:\xampp\htdocs\ZendLibrary\Zend\Barcode\Object\Upca.php --> ftp.jairodepaula.com.br /jairodepaula/web/ZendLibrary/Zend/Barcode/Object Upca.php
2011.08.22 20:56 B X:\xampp\htdocs\ZendLibrary\Zend\Barcode\Object\Upce.php --> ftp.jairodepaula.com.br /jairodepaula/web/ZendLibrary/Zend/Barcode/Object Upce.php
2011.08.22 20:56 B X:\xampp\htdocs\ZendLibrary\Zend\Barcode\Object\WS_FTP.LOG --> ftp.jairodepaula.com.br /jairodepaula/web/ZendLibrary/Zend/Barcode/Object WS_FTP.LOG
2011.12.31 14:47 B F:\xampp\htdocs\ZendLibrary\Zend\Barcode\Object\Code128.php --> ftp.sbrafh.org.br /public_html/ZendLibrary/Zend/Barcode/Object Code128.php
2011.12.31 14:47 B F:\xampp\htdocs\ZendLibrary\Zend\Barcode\Object\Code25.php --> ftp.sbrafh.org.br /public_html/ZendLibrary/Zend/Barcode/Object Code25.php
2011.12.31 14:47 B F:\xampp\htdocs\ZendLibrary\Zend\Barcode\Object\Code25interleaved.php --> ftp.sbrafh.org.br /public_html/ZendLibrary/Zend/Barcode/Object Code25interleaved.php
2011.12.31 14:47 B F:\xampp\htdocs\ZendLibrary\Zend\Barcode\Object\Code39.php --> ftp.sbrafh.org.br /public_html/ZendLibrary/Zend/Barcode/Object Code39.php
2011.12.31 14:47 B F:\xampp\htdocs\ZendLibrary\Zend\Barcode\Object\Ean13.php --> ftp.sbrafh.org.br /public_html/ZendLibrary/Zend/Barcode/Object Ean13.php
2011.12.31 14:47 B F:\xampp\htdocs\ZendLibrary\Zend\Barcode\Object\Ean2.php --> ftp.sbrafh.org.br /public_html/ZendLibrary/Zend/Barcode/Object Ean2.php
2011.12.31 14:47 B F:\xampp\htdocs\ZendLibrary\Zend\Barcode\Object\Ean5.php --> ftp.sbrafh.org.br /public_html/ZendLibrary/Zend/Barcode/Object Ean5.php
2011.12.31 14:47 B F:\xampp\htdocs\ZendLibrary\Zend\Barcode\Object\Ean8.php --> ftp.sbrafh.org.br /public_html/ZendLibrary/Zend/Barcode/Object Ean8.php
2011.12.31 14:47 B F:\xampp\htdocs\ZendLibrary\Zend\Barcode\Object\Error.php --> ftp.sbrafh.org.br /public_html/ZendLibrary/Zend/Barcode/Object Error.php
2011.12.31 14:47 B F:\xampp\htdocs\ZendLibrary\Zend\Barcode\Object\Exception.php --> ftp.sbrafh.org.br /public_html/ZendLibrary/Zend/Barcode/Object Exception.php
2011.12.31 14:47 B F:\xampp\htdocs\ZendLibrary\Zend\Barcode\Object\Identcode.php --> ftp.sbrafh.org.br /public_html/ZendLibrary/Zend/Barcode/Object Identcode.php
2011.12.31 14:47 B F:\xampp\htdocs\ZendLibrary\Zend\Barcode\Object\Itf14.php --> ftp.sbrafh.org.br /public_html/ZendLibrary/Zend/Barcode/Object Itf14.php
2011.12.31 14:47 B F:\xampp\htdocs\ZendLibrary\Zend\Barcode\Object\Leitcode.php --> ftp.sbrafh.org.br /public_html/ZendLibrary/Zend/Barcode/Object Leitcode.php
2011.12.31 14:47 B F:\xampp\htdocs\ZendLibrary\Zend\Barcode\Object\ObjectAbstract.php --> ftp.sbrafh.org.br /public_html/ZendLibrary/Zend/Barcode/Object ObjectAbstract.php
2011.12.31 14:47 B F:\xampp\htdocs\ZendLibrary\Zend\Barcode\Object\Planet.php --> ftp.sbrafh.org.br /public_html/ZendLibrary/Zend/Barcode/Object Planet.php
2011.12.31 14:47 B F:\xampp\htdocs\ZendLibrary\Zend\Barcode\Object\Postnet.php --> ftp.sbrafh.org.br /public_html/ZendLibrary/Zend/Barcode/Object Postnet.php
2011.12.31 14:47 B F:\xampp\htdocs\ZendLibrary\Zend\Barcode\Object\Royalmail.php --> ftp.sbrafh.org.br /public_html/ZendLibrary/Zend/Barcode/Object Royalmail.php
2011.12.31 14:47 B F:\xampp\htdocs\ZendLibrary\Zend\Barcode\Object\Upca.php --> ftp.sbrafh.org.br /public_html/ZendLibrary/Zend/Barcode/Object Upca.php
2011.12.31 14:47 B F:\xampp\htdocs\ZendLibrary\Zend\Barcode\Object\Upce.php --> ftp.sbrafh.org.br /public_html/ZendLibrary/Zend/Barcode/Object Upce.php
2011.12.31 14:47 B F:\xampp\htdocs\ZendLibrary\Zend\Barcode\Object\WS_FTP.LOG --> ftp.sbrafh.org.br /public_html/ZendLibrary/Zend/Barcode/Object WS_FTP.LOG
2012.01.06 03:15 B F:\xampp\htdocs\ZendLibrary\Zend\Barcode\Object\Code128.php --> ftp461.locaweb.com.br /ridgid/web/ZendLibrary/Zend/Barcode/Object Code128.php
2012.01.06 03:15 B F:\xampp\htdocs\ZendLibrary\Zend\Barcode\Object\Code25.php --> ftp461.locaweb.com.br /ridgid/web/ZendLibrary/Zend/Barcode/Object Code25.php
2012.01.06 03:15 B F:\xampp\htdocs\ZendLibrary\Zend\Barcode\Object\Code25interleaved.php --> ftp461.locaweb.com.br /ridgid/web/ZendLibrary/Zend/Barcode/Object Code25interleaved.php
2012.01.06 03:15 B F:\xampp\htdocs\ZendLibrary\Zend\Barcode\Object\Code39.php --> ftp461.locaweb.com.br /ridgid/web/ZendLibrary/Zend/Barcode/Object Code39.php
2012.01.06 03:15 B F:\xampp\htdocs\ZendLibrary\Zend\Barcode\Object\Ean13.php --> ftp461.locaweb.com.br /ridgid/web/ZendLibrary/Zend/Barcode/Object Ean13.php
2012.01.06 03:15 B F:\xampp\htdocs\ZendLibrary\Zend\Barcode\Object\Ean2.php --> ftp461.locaweb.com.br /ridgid/web/ZendLibrary/Zend/Barcode/Object Ean2.php
2012.01.06 03:15 B F:\xampp\htdocs\ZendLibrary\Zend\Barcode\Object\Ean5.php --> ftp461.locaweb.com.br /ridgid/web/ZendLibrary/Zend/Barcode/Object Ean5.php
2012.01.06 03:15 B F:\xampp\htdocs\ZendLibrary\Zend\Barcode\Object\Ean8.php --> ftp461.locaweb.com.br /ridgid/web/ZendLibrary/Zend/Barcode/Object Ean8.php
2012.01.06 03:15 B F:\xampp\htdocs\ZendLibrary\Zend\Barcode\Object\Error.php --> ftp461.locaweb.com.br /ridgid/web/ZendLibrary/Zend/Barcode/Object Error.php
2012.01.06 03:15 B F:\xampp\htdocs\ZendLibrary\Zend\Barcode\Object\Exception.php --> ftp461.locaweb.com.br /ridgid/web/ZendLibrary/Zend/Barcode/Object Exception.php
2012.01.06 03:15 B F:\xampp\htdocs\ZendLibrary\Zend\Barcode\Object\Identcode.php --> ftp461.locaweb.com.br /ridgid/web/ZendLibrary/Zend/Barcode/Object Identcode.php
2012.01.06 03:15 B F:\xampp\htdocs\ZendLibrary\Zend\Barcode\Object\Itf14.php --> ftp461.locaweb.com.br /ridgid/web/ZendLibrary/Zend/Barcode/Object Itf14.php
2012.01.06 03:15 B F:\xampp\htdocs\ZendLibrary\Zend\Barcode\Object\Leitcode.php --> ftp461.locaweb.com.br /ridgid/web/ZendLibrary/Zend/Barcode/Object Leitcode.php
2012.01.06 03:15 B F:\xampp\htdocs\ZendLibrary\Zend\Barcode\Object\ObjectAbstract.php --> ftp461.locaweb.com.br /ridgid/web/ZendLibrary/Zend/Barcode/Object ObjectAbstract.php
2012.01.06 03:15 B F:\xampp\htdocs\ZendLibrary\Zend\Barcode\Object\Planet.php --> ftp461.locaweb.com.br /ridgid/web/ZendLibrary/Zend/Barcode/Object Planet.php
2012.01.06 03:15 B F:\xampp\htdocs\ZendLibrary\Zend\Barcode\Object\Postnet.php --> ftp461.locaweb.com.br /ridgid/web/ZendLibrary/Zend/Barcode/Object Postnet.php
2012.01.06 03:15 B F:\xampp\htdocs\ZendLibrary\Zend\Barcode\Object\Royalmail.php --> ftp461.locaweb.com.br /ridgid/web/ZendLibrary/Zend/Barcode/Object Royalmail.php
2012.01.06 03:15 B F:\xampp\htdocs\ZendLibrary\Zend\Barcode\Object\Upca.php --> ftp461.locaweb.com.br /ridgid/web/ZendLibrary/Zend/Barcode/Object Upca.php
2012.01.06 03:15 B F:\xampp\htdocs\ZendLibrary\Zend\Barcode\Object\Upce.php --> ftp461.locaweb.com.br /ridgid/web/ZendLibrary/Zend/Barcode/Object Upce.php
2012.01.06 03:15 B F:\xampp\htdocs\ZendLibrary\Zend\Barcode\Object\WS_FTP.LOG --> ftp461.locaweb.com.br /ridgid/web/ZendLibrary/Zend/Barcode/Object WS_FTP.LOG
2012.01.24 17:28 B F:\xampp\htdocs\ZendLibrary\Zend\Barcode\Object\Code128.php --> graficamarmar.com.br /htdocs/ZendLibrary/Zend/Barcode/Object Code128.php
2012.01.24 17:28 B F:\xampp\htdocs\ZendLibrary\Zend\Barcode\Object\Code25.php --> graficamarmar.com.br /htdocs/ZendLibrary/Zend/Barcode/Object Code25.php
2012.01.24 17:28 B F:\xampp\htdocs\ZendLibrary\Zend\Barcode\Object\Code25interleaved.php --> graficamarmar.com.br /htdocs/ZendLibrary/Zend/Barcode/Object Code25interleaved.php
2012.01.24 17:28 B F:\xampp\htdocs\ZendLibrary\Zend\Barcode\Object\Code39.php --> graficamarmar.com.br /htdocs/ZendLibrary/Zend/Barcode/Object Code39.php
2012.01.24 17:28 B F:\xampp\htdocs\ZendLibrary\Zend\Barcode\Object\Ean13.php --> graficamarmar.com.br /htdocs/ZendLibrary/Zend/Barcode/Object Ean13.php
2012.01.24 17:28 B F:\xampp\htdocs\ZendLibrary\Zend\Barcode\Object\Ean2.php --> graficamarmar.com.br /htdocs/ZendLibrary/Zend/Barcode/Object Ean2.php
2012.01.24 17:28 B F:\xampp\htdocs\ZendLibrary\Zend\Barcode\Object\Ean5.php --> graficamarmar.com.br /htdocs/ZendLibrary/Zend/Barcode/Object Ean5.php
2012.01.24 17:28 B F:\xampp\htdocs\ZendLibrary\Zend\Barcode\Object\Ean8.php --> graficamarmar.com.br /htdocs/ZendLibrary/Zend/Barcode/Object Ean8.php
2012.01.24 17:28 B F:\xampp\htdocs\ZendLibrary\Zend\Barcode\Object\Error.php --> graficamarmar.com.br /htdocs/ZendLibrary/Zend/Barcode/Object Error.php
2012.01.24 17:28 B F:\xampp\htdocs\ZendLibrary\Zend\Barcode\Object\Exception.php --> graficamarmar.com.br /htdocs/ZendLibrary/Zend/Barcode/Object Exception.php
2012.01.24 17:28 B F:\xampp\htdocs\ZendLibrary\Zend\Barcode\Object\Identcode.php --> graficamarmar.com.br /htdocs/ZendLibrary/Zend/Barcode/Object Identcode.php
2012.01.24 17:28 B F:\xampp\htdocs\ZendLibrary\Zend\Barcode\Object\Itf14.php --> graficamarmar.com.br /htdocs/ZendLibrary/Zend/Barcode/Object Itf14.php
2012.01.24 17:28 B F:\xampp\htdocs\ZendLibrary\Zend\Barcode\Object\Leitcode.php --> graficamarmar.com.br /htdocs/ZendLibrary/Zend/Barcode/Object Leitcode.php
2012.01.24 17:28 B F:\xampp\htdocs\ZendLibrary\Zend\Barcode\Object\ObjectAbstract.php --> graficamarmar.com.br /htdocs/ZendLibrary/Zend/Barcode/Object ObjectAbstract.php
2012.01.24 17:28 B F:\xampp\htdocs\ZendLibrary\Zend\Barcode\Object\Planet.php --> graficamarmar.com.br /htdocs/ZendLibrary/Zend/Barcode/Object Planet.php
2012.01.24 17:28 B F:\xampp\htdocs\ZendLibrary\Zend\Barcode\Object\Postnet.php --> graficamarmar.com.br /htdocs/ZendLibrary/Zend/Barcode/Object Postnet.php
2012.01.24 17:28 B F:\xampp\htdocs\ZendLibrary\Zend\Barcode\Object\Royalmail.php --> graficamarmar.com.br /htdocs/ZendLibrary/Zend/Barcode/Object Royalmail.php
2012.01.24 17:28 B F:\xampp\htdocs\ZendLibrary\Zend\Barcode\Object\Upca.php --> graficamarmar.com.br /htdocs/ZendLibrary/Zend/Barcode/Object Upca.php
2012.01.24 17:28 B F:\xampp\htdocs\ZendLibrary\Zend\Barcode\Object\Upce.php --> graficamarmar.com.br /htdocs/ZendLibrary/Zend/Barcode/Object Upce.php
2012.01.24 17:29 B F:\xampp\htdocs\ZendLibrary\Zend\Barcode\Object\WS_FTP.LOG --> graficamarmar.com.br /htdocs/ZendLibrary/Zend/Barcode/Object WS_FTP.LOG
2012.02.08 17:03 B F:\xampp\htdocs\ZendLibrary\Zend\Barcode\Object\Code128.php --> graficamarmar.hospedagemdesites.ws /public_html/ZendLibrary/Zend/Barcode/Object Code128.php
2012.02.08 17:03 B F:\xampp\htdocs\ZendLibrary\Zend\Barcode\Object\Code25.php --> graficamarmar.hospedagemdesites.ws /public_html/ZendLibrary/Zend/Barcode/Object Code25.php
2012.02.08 17:03 B F:\xampp\htdocs\ZendLibrary\Zend\Barcode\Object\Code25interleaved.php --> graficamarmar.hospedagemdesites.ws /public_html/ZendLibrary/Zend/Barcode/Object Code25interleaved.php
2012.02.08 17:03 B F:\xampp\htdocs\ZendLibrary\Zend\Barcode\Object\Code39.php --> graficamarmar.hospedagemdesites.ws /public_html/ZendLibrary/Zend/Barcode/Object Code39.php
2012.02.08 17:03 B F:\xampp\htdocs\ZendLibrary\Zend\Barcode\Object\Ean13.php --> graficamarmar.hospedagemdesites.ws /public_html/ZendLibrary/Zend/Barcode/Object Ean13.php
2012.02.08 17:03 B F:\xampp\htdocs\ZendLibrary\Zend\Barcode\Object\Ean2.php --> graficamarmar.hospedagemdesites.ws /public_html/ZendLibrary/Zend/Barcode/Object Ean2.php
2012.02.08 17:03 B F:\xampp\htdocs\ZendLibrary\Zend\Barcode\Object\Ean5.php --> graficamarmar.hospedagemdesites.ws /public_html/ZendLibrary/Zend/Barcode/Object Ean5.php
2012.02.08 17:03 B F:\xampp\htdocs\ZendLibrary\Zend\Barcode\Object\Ean8.php --> graficamarmar.hospedagemdesites.ws /public_html/ZendLibrary/Zend/Barcode/Object Ean8.php
2012.02.08 17:03 B F:\xampp\htdocs\ZendLibrary\Zend\Barcode\Object\Error.php --> graficamarmar.hospedagemdesites.ws /public_html/ZendLibrary/Zend/Barcode/Object Error.php
2012.02.08 17:03 B F:\xampp\htdocs\ZendLibrary\Zend\Barcode\Object\Exception.php --> graficamarmar.hospedagemdesites.ws /public_html/ZendLibrary/Zend/Barcode/Object Exception.php
2012.02.08 17:03 B F:\xampp\htdocs\ZendLibrary\Zend\Barcode\Object\Identcode.php --> graficamarmar.hospedagemdesites.ws /public_html/ZendLibrary/Zend/Barcode/Object Identcode.php
2012.02.08 17:03 B F:\xampp\htdocs\ZendLibrary\Zend\Barcode\Object\Itf14.php --> graficamarmar.hospedagemdesites.ws /public_html/ZendLibrary/Zend/Barcode/Object Itf14.php
2012.02.08 17:03 B F:\xampp\htdocs\ZendLibrary\Zend\Barcode\Object\Leitcode.php --> graficamarmar.hospedagemdesites.ws /public_html/ZendLibrary/Zend/Barcode/Object Leitcode.php
2012.02.08 17:03 B F:\xampp\htdocs\ZendLibrary\Zend\Barcode\Object\ObjectAbstract.php --> graficamarmar.hospedagemdesites.ws /public_html/ZendLibrary/Zend/Barcode/Object ObjectAbstract.php
2012.02.08 17:03 B F:\xampp\htdocs\ZendLibrary\Zend\Barcode\Object\Planet.php --> graficamarmar.hospedagemdesites.ws /public_html/ZendLibrary/Zend/Barcode/Object Planet.php
2012.02.08 17:03 B F:\xampp\htdocs\ZendLibrary\Zend\Barcode\Object\Postnet.php --> graficamarmar.hospedagemdesites.ws /public_html/ZendLibrary/Zend/Barcode/Object Postnet.php
2012.02.08 17:03 B F:\xampp\htdocs\ZendLibrary\Zend\Barcode\Object\Royalmail.php --> graficamarmar.hospedagemdesites.ws /public_html/ZendLibrary/Zend/Barcode/Object Royalmail.php
2012.02.08 17:03 B F:\xampp\htdocs\ZendLibrary\Zend\Barcode\Object\Upca.php --> graficamarmar.hospedagemdesites.ws /public_html/ZendLibrary/Zend/Barcode/Object Upca.php
2012.02.08 17:03 B F:\xampp\htdocs\ZendLibrary\Zend\Barcode\Object\Upce.php --> graficamarmar.hospedagemdesites.ws /public_html/ZendLibrary/Zend/Barcode/Object Upce.php
2012.02.08 17:03 B F:\xampp\htdocs\ZendLibrary\Zend\Barcode\Object\WS_FTP.LOG --> graficamarmar.hospedagemdesites.ws /public_html/ZendLibrary/Zend/Barcode/Object WS_FTP.LOG
2012.10.29 14:40 B F:\xampp\htdocs\ZendLibrary\Zend\Barcode\Object\Code128.php --> 186.202.153.85 /public_html/ZendLibrary/Zend/Barcode/Object Code128.php
2012.10.29 14:40 B F:\xampp\htdocs\ZendLibrary\Zend\Barcode\Object\Code25.php --> 186.202.153.85 /public_html/ZendLibrary/Zend/Barcode/Object Code25.php
2012.10.29 14:40 B F:\xampp\htdocs\ZendLibrary\Zend\Barcode\Object\Code25interleaved.php --> 186.202.153.85 /public_html/ZendLibrary/Zend/Barcode/Object Code25interleaved.php
2012.10.29 14:40 B F:\xampp\htdocs\ZendLibrary\Zend\Barcode\Object\Code39.php --> 186.202.153.85 /public_html/ZendLibrary/Zend/Barcode/Object Code39.php
2012.10.29 14:40 B F:\xampp\htdocs\ZendLibrary\Zend\Barcode\Object\Ean13.php --> 186.202.153.85 /public_html/ZendLibrary/Zend/Barcode/Object Ean13.php
2012.10.29 14:40 B F:\xampp\htdocs\ZendLibrary\Zend\Barcode\Object\Ean2.php --> 186.202.153.85 /public_html/ZendLibrary/Zend/Barcode/Object Ean2.php
2012.10.29 14:40 B F:\xampp\htdocs\ZendLibrary\Zend\Barcode\Object\Ean5.php --> 186.202.153.85 /public_html/ZendLibrary/Zend/Barcode/Object Ean5.php
2012.10.29 14:40 B F:\xampp\htdocs\ZendLibrary\Zend\Barcode\Object\Ean8.php --> 186.202.153.85 /public_html/ZendLibrary/Zend/Barcode/Object Ean8.php
2012.10.29 14:40 B F:\xampp\htdocs\ZendLibrary\Zend\Barcode\Object\Error.php --> 186.202.153.85 /public_html/ZendLibrary/Zend/Barcode/Object Error.php
2012.10.29 14:40 B F:\xampp\htdocs\ZendLibrary\Zend\Barcode\Object\Exception.php --> 186.202.153.85 /public_html/ZendLibrary/Zend/Barcode/Object Exception.php
2012.10.29 14:40 B F:\xampp\htdocs\ZendLibrary\Zend\Barcode\Object\Identcode.php --> 186.202.153.85 /public_html/ZendLibrary/Zend/Barcode/Object Identcode.php
2012.10.29 14:40 B F:\xampp\htdocs\ZendLibrary\Zend\Barcode\Object\Itf14.php --> 186.202.153.85 /public_html/ZendLibrary/Zend/Barcode/Object Itf14.php
2012.10.29 14:40 B F:\xampp\htdocs\ZendLibrary\Zend\Barcode\Object\Leitcode.php --> 186.202.153.85 /public_html/ZendLibrary/Zend/Barcode/Object Leitcode.php
2012.10.29 14:40 B F:\xampp\htdocs\ZendLibrary\Zend\Barcode\Object\ObjectAbstract.php --> 186.202.153.85 /public_html/ZendLibrary/Zend/Barcode/Object ObjectAbstract.php
2012.10.29 14:40 B F:\xampp\htdocs\ZendLibrary\Zend\Barcode\Object\Planet.php --> 186.202.153.85 /public_html/ZendLibrary/Zend/Barcode/Object Planet.php
2012.10.29 14:40 B F:\xampp\htdocs\ZendLibrary\Zend\Barcode\Object\Postnet.php --> 186.202.153.85 /public_html/ZendLibrary/Zend/Barcode/Object Postnet.php
2012.10.29 14:40 B F:\xampp\htdocs\ZendLibrary\Zend\Barcode\Object\Royalmail.php --> 186.202.153.85 /public_html/ZendLibrary/Zend/Barcode/Object Royalmail.php
2012.10.29 14:40 B F:\xampp\htdocs\ZendLibrary\Zend\Barcode\Object\Upca.php --> 186.202.153.85 /public_html/ZendLibrary/Zend/Barcode/Object Upca.php
2012.10.29 14:40 B F:\xampp\htdocs\ZendLibrary\Zend\Barcode\Object\Upce.php --> 186.202.153.85 /public_html/ZendLibrary/Zend/Barcode/Object Upce.php
2012.10.29 14:40 B F:\xampp\htdocs\ZendLibrary\Zend\Barcode\Object\WS_FTP.LOG --> 186.202.153.85 /public_html/ZendLibrary/Zend/Barcode/Object WS_FTP.LOG
