2011.06.20 18:33 B F:\xampp\htdocs\zf-tutorial\library\Zend\Db\Table\Abstract.php --> ftp.portalridgid.com.br /public_html/zf-tutorial/library/Zend/Db/Table Abstract.php
2011.06.20 18:33 B F:\xampp\htdocs\zf-tutorial\library\Zend\Db\Table\Definition.php --> ftp.portalridgid.com.br /public_html/zf-tutorial/library/Zend/Db/Table Definition.php
2011.06.20 18:33 B F:\xampp\htdocs\zf-tutorial\library\Zend\Db\Table\Exception.php --> ftp.portalridgid.com.br /public_html/zf-tutorial/library/Zend/Db/Table Exception.php
2011.06.20 18:33 B F:\xampp\htdocs\zf-tutorial\library\Zend\Db\Table\Row.php --> ftp.portalridgid.com.br /public_html/zf-tutorial/library/Zend/Db/Table Row.php
2011.06.20 18:33 B F:\xampp\htdocs\zf-tutorial\library\Zend\Db\Table\Rowset.php --> ftp.portalridgid.com.br /public_html/zf-tutorial/library/Zend/Db/Table Rowset.php
2011.06.20 18:33 B F:\xampp\htdocs\zf-tutorial\library\Zend\Db\Table\Select.php --> ftp.portalridgid.com.br /public_html/zf-tutorial/library/Zend/Db/Table Select.php
2011.06.30 03:41 B F:\xampp\htdocs\zendLibrary\Zend\Db\Table\WS_FTP.LOG --> ftp.sbrafh.org.br /sbrafh/Web/zendLibrary/Zend/Db/Table WS_FTP.LOG
2011.06.30 03:41 B F:\xampp\htdocs\zendLibrary\Zend\Db\Table\Abstract.php --> ftp.sbrafh.org.br /sbrafh/Web/zendLibrary/Zend/Db/Table Abstract.php
2011.06.30 03:41 B F:\xampp\htdocs\zendLibrary\Zend\Db\Table\Select.php --> ftp.sbrafh.org.br /sbrafh/Web/zendLibrary/Zend/Db/Table Select.php
2011.06.30 03:41 B F:\xampp\htdocs\zendLibrary\Zend\Db\Table\Rowset.php --> ftp.sbrafh.org.br /sbrafh/Web/zendLibrary/Zend/Db/Table Rowset.php
2011.06.30 03:41 B F:\xampp\htdocs\zendLibrary\Zend\Db\Table\Row.php --> ftp.sbrafh.org.br /sbrafh/Web/zendLibrary/Zend/Db/Table Row.php
2011.06.30 03:41 B F:\xampp\htdocs\zendLibrary\Zend\Db\Table\Exception.php --> ftp.sbrafh.org.br /sbrafh/Web/zendLibrary/Zend/Db/Table Exception.php
2011.06.30 03:41 B F:\xampp\htdocs\zendLibrary\Zend\Db\Table\Definition.php --> ftp.sbrafh.org.br /sbrafh/Web/zendLibrary/Zend/Db/Table Definition.php
2011.07.08 23:46 B F:\xampp\htdocs\zendLibrary\Zend\Db\Table\Abstract.php --> ftp.radiofone.com.br /public_html/radiofone/zendLibrary/Zend/Db/Table Abstract.php
2011.07.08 23:46 B F:\xampp\htdocs\zendLibrary\Zend\Db\Table\Definition.php --> ftp.radiofone.com.br /public_html/radiofone/zendLibrary/Zend/Db/Table Definition.php
2011.07.08 23:46 B F:\xampp\htdocs\zendLibrary\Zend\Db\Table\Exception.php --> ftp.radiofone.com.br /public_html/radiofone/zendLibrary/Zend/Db/Table Exception.php
2011.07.08 23:46 B F:\xampp\htdocs\zendLibrary\Zend\Db\Table\Row.php --> ftp.radiofone.com.br /public_html/radiofone/zendLibrary/Zend/Db/Table Row.php
2011.07.08 23:46 B F:\xampp\htdocs\zendLibrary\Zend\Db\Table\Rowset.php --> ftp.radiofone.com.br /public_html/radiofone/zendLibrary/Zend/Db/Table Rowset.php
2011.07.08 23:46 B F:\xampp\htdocs\zendLibrary\Zend\Db\Table\Select.php --> ftp.radiofone.com.br /public_html/radiofone/zendLibrary/Zend/Db/Table Select.php
2011.07.08 23:46 B F:\xampp\htdocs\zendLibrary\Zend\Db\Table\WS_FTP.LOG --> ftp.radiofone.com.br /public_html/radiofone/zendLibrary/Zend/Db/Table WS_FTP.LOG
2011.07.26 22:47 B F:\xampp\htdocs\zendLibrary\Zend\Db\Table\Abstract.php --> ftp.sobrafo.org.br /public_html/zendLibrary/Zend/Db/Table Abstract.php
2011.07.26 22:47 B F:\xampp\htdocs\zendLibrary\Zend\Db\Table\Definition.php --> ftp.sobrafo.org.br /public_html/zendLibrary/Zend/Db/Table Definition.php
2011.07.26 22:47 B F:\xampp\htdocs\zendLibrary\Zend\Db\Table\Exception.php --> ftp.sobrafo.org.br /public_html/zendLibrary/Zend/Db/Table Exception.php
2011.07.26 22:47 B F:\xampp\htdocs\zendLibrary\Zend\Db\Table\Row.php --> ftp.sobrafo.org.br /public_html/zendLibrary/Zend/Db/Table Row.php
2011.07.26 22:47 B F:\xampp\htdocs\zendLibrary\Zend\Db\Table\Rowset.php --> ftp.sobrafo.org.br /public_html/zendLibrary/Zend/Db/Table Rowset.php
2011.07.26 22:47 B F:\xampp\htdocs\zendLibrary\Zend\Db\Table\Select.php --> ftp.sobrafo.org.br /public_html/zendLibrary/Zend/Db/Table Select.php
2011.07.26 22:47 B F:\xampp\htdocs\zendLibrary\Zend\Db\Table\WS_FTP.LOG --> ftp.sobrafo.org.br /public_html/zendLibrary/Zend/Db/Table WS_FTP.LOG
2011.08.09 16:57 B F:\xampp\htdocs\ZendLibrary\Zend\Db\Table\Abstract.php --> ftp.amfar.com.br /public_html/ZendLibrary/Zend/Db/Table Abstract.php
2011.08.09 16:57 B F:\xampp\htdocs\ZendLibrary\Zend\Db\Table\Definition.php --> ftp.amfar.com.br /public_html/ZendLibrary/Zend/Db/Table Definition.php
2011.08.09 16:57 B F:\xampp\htdocs\ZendLibrary\Zend\Db\Table\Exception.php --> ftp.amfar.com.br /public_html/ZendLibrary/Zend/Db/Table Exception.php
2011.08.09 16:57 B F:\xampp\htdocs\ZendLibrary\Zend\Db\Table\Row.php --> ftp.amfar.com.br /public_html/ZendLibrary/Zend/Db/Table Row.php
2011.08.09 16:57 B F:\xampp\htdocs\ZendLibrary\Zend\Db\Table\Rowset.php --> ftp.amfar.com.br /public_html/ZendLibrary/Zend/Db/Table Rowset.php
2011.08.09 16:57 B F:\xampp\htdocs\ZendLibrary\Zend\Db\Table\Select.php --> ftp.amfar.com.br /public_html/ZendLibrary/Zend/Db/Table Select.php
2011.08.09 16:57 B F:\xampp\htdocs\ZendLibrary\Zend\Db\Table\WS_FTP.LOG --> ftp.amfar.com.br /public_html/ZendLibrary/Zend/Db/Table WS_FTP.LOG
2011.08.22 21:00 B X:\xampp\htdocs\ZendLibrary\Zend\Db\Table\Abstract.php --> ftp.jairodepaula.com.br /jairodepaula/web/ZendLibrary/Zend/Db/Table Abstract.php
2011.08.22 21:00 B X:\xampp\htdocs\ZendLibrary\Zend\Db\Table\Definition.php --> ftp.jairodepaula.com.br /jairodepaula/web/ZendLibrary/Zend/Db/Table Definition.php
2011.08.22 21:00 B X:\xampp\htdocs\ZendLibrary\Zend\Db\Table\Exception.php --> ftp.jairodepaula.com.br /jairodepaula/web/ZendLibrary/Zend/Db/Table Exception.php
2011.08.22 21:00 B X:\xampp\htdocs\ZendLibrary\Zend\Db\Table\Row.php --> ftp.jairodepaula.com.br /jairodepaula/web/ZendLibrary/Zend/Db/Table Row.php
2011.08.22 21:00 B X:\xampp\htdocs\ZendLibrary\Zend\Db\Table\Rowset.php --> ftp.jairodepaula.com.br /jairodepaula/web/ZendLibrary/Zend/Db/Table Rowset.php
2011.08.22 21:00 B X:\xampp\htdocs\ZendLibrary\Zend\Db\Table\Select.php --> ftp.jairodepaula.com.br /jairodepaula/web/ZendLibrary/Zend/Db/Table Select.php
2011.08.22 21:00 B X:\xampp\htdocs\ZendLibrary\Zend\Db\Table\WS_FTP.LOG --> ftp.jairodepaula.com.br /jairodepaula/web/ZendLibrary/Zend/Db/Table WS_FTP.LOG
2011.12.31 14:49 B F:\xampp\htdocs\ZendLibrary\Zend\Db\Table\Abstract.php --> ftp.sbrafh.org.br /public_html/ZendLibrary/Zend/Db/Table Abstract.php
2011.12.31 14:49 B F:\xampp\htdocs\ZendLibrary\Zend\Db\Table\Definition.php --> ftp.sbrafh.org.br /public_html/ZendLibrary/Zend/Db/Table Definition.php
2011.12.31 14:49 B F:\xampp\htdocs\ZendLibrary\Zend\Db\Table\Exception.php --> ftp.sbrafh.org.br /public_html/ZendLibrary/Zend/Db/Table Exception.php
2011.12.31 14:49 B F:\xampp\htdocs\ZendLibrary\Zend\Db\Table\Row.php --> ftp.sbrafh.org.br /public_html/ZendLibrary/Zend/Db/Table Row.php
2011.12.31 14:49 B F:\xampp\htdocs\ZendLibrary\Zend\Db\Table\Rowset.php --> ftp.sbrafh.org.br /public_html/ZendLibrary/Zend/Db/Table Rowset.php
2011.12.31 14:49 B F:\xampp\htdocs\ZendLibrary\Zend\Db\Table\Select.php --> ftp.sbrafh.org.br /public_html/ZendLibrary/Zend/Db/Table Select.php
2011.12.31 14:49 B F:\xampp\htdocs\ZendLibrary\Zend\Db\Table\WS_FTP.LOG --> ftp.sbrafh.org.br /public_html/ZendLibrary/Zend/Db/Table WS_FTP.LOG
2012.01.06 03:19 B F:\xampp\htdocs\ZendLibrary\Zend\Db\Table\Abstract.php --> ftp461.locaweb.com.br /ridgid/web/ZendLibrary/Zend/Db/Table Abstract.php
2012.01.06 03:19 B F:\xampp\htdocs\ZendLibrary\Zend\Db\Table\Definition.php --> ftp461.locaweb.com.br /ridgid/web/ZendLibrary/Zend/Db/Table Definition.php
2012.01.06 03:19 B F:\xampp\htdocs\ZendLibrary\Zend\Db\Table\Exception.php --> ftp461.locaweb.com.br /ridgid/web/ZendLibrary/Zend/Db/Table Exception.php
2012.01.06 03:19 B F:\xampp\htdocs\ZendLibrary\Zend\Db\Table\Row.php --> ftp461.locaweb.com.br /ridgid/web/ZendLibrary/Zend/Db/Table Row.php
2012.01.06 03:19 B F:\xampp\htdocs\ZendLibrary\Zend\Db\Table\Rowset.php --> ftp461.locaweb.com.br /ridgid/web/ZendLibrary/Zend/Db/Table Rowset.php
2012.01.06 03:19 B F:\xampp\htdocs\ZendLibrary\Zend\Db\Table\Select.php --> ftp461.locaweb.com.br /ridgid/web/ZendLibrary/Zend/Db/Table Select.php
2012.01.06 03:19 B F:\xampp\htdocs\ZendLibrary\Zend\Db\Table\WS_FTP.LOG --> ftp461.locaweb.com.br /ridgid/web/ZendLibrary/Zend/Db/Table WS_FTP.LOG
2012.01.24 17:35 B F:\xampp\htdocs\ZendLibrary\Zend\Db\Table\Abstract.php --> graficamarmar.com.br /htdocs/ZendLibrary/Zend/Db/Table Abstract.php
2012.01.24 17:35 B F:\xampp\htdocs\ZendLibrary\Zend\Db\Table\Definition.php --> graficamarmar.com.br /htdocs/ZendLibrary/Zend/Db/Table Definition.php
2012.01.24 17:35 B F:\xampp\htdocs\ZendLibrary\Zend\Db\Table\Exception.php --> graficamarmar.com.br /htdocs/ZendLibrary/Zend/Db/Table Exception.php
2012.01.24 17:35 B F:\xampp\htdocs\ZendLibrary\Zend\Db\Table\Row.php --> graficamarmar.com.br /htdocs/ZendLibrary/Zend/Db/Table Row.php
2012.01.24 17:35 B F:\xampp\htdocs\ZendLibrary\Zend\Db\Table\Rowset.php --> graficamarmar.com.br /htdocs/ZendLibrary/Zend/Db/Table Rowset.php
2012.01.24 17:35 B F:\xampp\htdocs\ZendLibrary\Zend\Db\Table\Select.php --> graficamarmar.com.br /htdocs/ZendLibrary/Zend/Db/Table Select.php
2012.01.24 17:35 B F:\xampp\htdocs\ZendLibrary\Zend\Db\Table\WS_FTP.LOG --> graficamarmar.com.br /htdocs/ZendLibrary/Zend/Db/Table WS_FTP.LOG
2012.02.08 17:06 B F:\xampp\htdocs\ZendLibrary\Zend\Db\Table\Abstract.php --> graficamarmar.hospedagemdesites.ws /public_html/ZendLibrary/Zend/Db/Table Abstract.php
2012.02.08 17:06 B F:\xampp\htdocs\ZendLibrary\Zend\Db\Table\Definition.php --> graficamarmar.hospedagemdesites.ws /public_html/ZendLibrary/Zend/Db/Table Definition.php
2012.02.08 17:06 B F:\xampp\htdocs\ZendLibrary\Zend\Db\Table\Exception.php --> graficamarmar.hospedagemdesites.ws /public_html/ZendLibrary/Zend/Db/Table Exception.php
2012.02.08 17:06 B F:\xampp\htdocs\ZendLibrary\Zend\Db\Table\Row.php --> graficamarmar.hospedagemdesites.ws /public_html/ZendLibrary/Zend/Db/Table Row.php
2012.02.08 17:06 B F:\xampp\htdocs\ZendLibrary\Zend\Db\Table\Rowset.php --> graficamarmar.hospedagemdesites.ws /public_html/ZendLibrary/Zend/Db/Table Rowset.php
2012.02.08 17:06 B F:\xampp\htdocs\ZendLibrary\Zend\Db\Table\Select.php --> graficamarmar.hospedagemdesites.ws /public_html/ZendLibrary/Zend/Db/Table Select.php
2012.02.08 17:06 B F:\xampp\htdocs\ZendLibrary\Zend\Db\Table\WS_FTP.LOG --> graficamarmar.hospedagemdesites.ws /public_html/ZendLibrary/Zend/Db/Table WS_FTP.LOG
2012.10.29 14:42 B F:\xampp\htdocs\ZendLibrary\Zend\Db\Table\Abstract.php --> 186.202.153.85 /public_html/ZendLibrary/Zend/Db/Table Abstract.php
2012.10.29 14:42 B F:\xampp\htdocs\ZendLibrary\Zend\Db\Table\Definition.php --> 186.202.153.85 /public_html/ZendLibrary/Zend/Db/Table Definition.php
2012.10.29 14:42 B F:\xampp\htdocs\ZendLibrary\Zend\Db\Table\Exception.php --> 186.202.153.85 /public_html/ZendLibrary/Zend/Db/Table Exception.php
2012.10.29 14:42 B F:\xampp\htdocs\ZendLibrary\Zend\Db\Table\Row.php --> 186.202.153.85 /public_html/ZendLibrary/Zend/Db/Table Row.php
2012.10.29 14:42 B F:\xampp\htdocs\ZendLibrary\Zend\Db\Table\Rowset.php --> 186.202.153.85 /public_html/ZendLibrary/Zend/Db/Table Rowset.php
2012.10.29 14:42 B F:\xampp\htdocs\ZendLibrary\Zend\Db\Table\Select.php --> 186.202.153.85 /public_html/ZendLibrary/Zend/Db/Table Select.php
2012.10.29 14:42 B F:\xampp\htdocs\ZendLibrary\Zend\Db\Table\WS_FTP.LOG --> 186.202.153.85 /public_html/ZendLibrary/Zend/Db/Table WS_FTP.LOG
