2011.06.20 18:47 B F:\xampp\htdocs\zf-tutorial\library\Zend\Markup\Renderer\Exception.php --> ftp.portalridgid.com.br /public_html/zf-tutorial/library/Zend/Markup/Renderer Exception.php
2011.06.20 18:47 B F:\xampp\htdocs\zf-tutorial\library\Zend\Markup\Renderer\Html.php --> ftp.portalridgid.com.br /public_html/zf-tutorial/library/Zend/Markup/Renderer Html.php
2011.06.20 18:47 B F:\xampp\htdocs\zf-tutorial\library\Zend\Markup\Renderer\RendererAbstract.php --> ftp.portalridgid.com.br /public_html/zf-tutorial/library/Zend/Markup/Renderer RendererAbstract.php
2011.06.20 18:47 B F:\xampp\htdocs\zf-tutorial\library\Zend\Markup\Renderer\TokenConverterInterface.php --> ftp.portalridgid.com.br /public_html/zf-tutorial/library/Zend/Markup/Renderer TokenConverterInterface.php
2011.06.30 03:23 B F:\xampp\htdocs\zendLibrary\Zend\Markup\Renderer\WS_FTP.LOG --> ftp.sbrafh.org.br /sbrafh/Web/zendLibrary/Zend/Markup/Renderer WS_FTP.LOG
2011.06.30 03:23 B F:\xampp\htdocs\zendLibrary\Zend\Markup\Renderer\TokenConverterInterface.php --> ftp.sbrafh.org.br /sbrafh/Web/zendLibrary/Zend/Markup/Renderer TokenConverterInterface.php
2011.06.30 03:23 B F:\xampp\htdocs\zendLibrary\Zend\Markup\Renderer\RendererAbstract.php --> ftp.sbrafh.org.br /sbrafh/Web/zendLibrary/Zend/Markup/Renderer RendererAbstract.php
2011.06.30 03:23 B F:\xampp\htdocs\zendLibrary\Zend\Markup\Renderer\Html.php --> ftp.sbrafh.org.br /sbrafh/Web/zendLibrary/Zend/Markup/Renderer Html.php
2011.06.30 03:23 B F:\xampp\htdocs\zendLibrary\Zend\Markup\Renderer\Exception.php --> ftp.sbrafh.org.br /sbrafh/Web/zendLibrary/Zend/Markup/Renderer Exception.php
2011.07.09 00:12 B F:\xampp\htdocs\zendLibrary\Zend\Markup\Renderer\Exception.php --> ftp.radiofone.com.br /public_html/radiofone/zendLibrary/Zend/Markup/Renderer Exception.php
2011.07.09 00:12 B F:\xampp\htdocs\zendLibrary\Zend\Markup\Renderer\Html.php --> ftp.radiofone.com.br /public_html/radiofone/zendLibrary/Zend/Markup/Renderer Html.php
2011.07.09 00:12 B F:\xampp\htdocs\zendLibrary\Zend\Markup\Renderer\RendererAbstract.php --> ftp.radiofone.com.br /public_html/radiofone/zendLibrary/Zend/Markup/Renderer RendererAbstract.php
2011.07.09 00:12 B F:\xampp\htdocs\zendLibrary\Zend\Markup\Renderer\TokenConverterInterface.php --> ftp.radiofone.com.br /public_html/radiofone/zendLibrary/Zend/Markup/Renderer TokenConverterInterface.php
2011.07.09 00:12 B F:\xampp\htdocs\zendLibrary\Zend\Markup\Renderer\WS_FTP.LOG --> ftp.radiofone.com.br /public_html/radiofone/zendLibrary/Zend/Markup/Renderer WS_FTP.LOG
2011.07.26 23:01 B F:\xampp\htdocs\zendLibrary\Zend\Markup\Renderer\Exception.php --> ftp.sobrafo.org.br /public_html/zendLibrary/Zend/Markup/Renderer Exception.php
2011.07.26 23:01 B F:\xampp\htdocs\zendLibrary\Zend\Markup\Renderer\Html.php --> ftp.sobrafo.org.br /public_html/zendLibrary/Zend/Markup/Renderer Html.php
2011.07.26 23:01 B F:\xampp\htdocs\zendLibrary\Zend\Markup\Renderer\RendererAbstract.php --> ftp.sobrafo.org.br /public_html/zendLibrary/Zend/Markup/Renderer RendererAbstract.php
2011.07.26 23:01 B F:\xampp\htdocs\zendLibrary\Zend\Markup\Renderer\TokenConverterInterface.php --> ftp.sobrafo.org.br /public_html/zendLibrary/Zend/Markup/Renderer TokenConverterInterface.php
2011.07.26 23:01 B F:\xampp\htdocs\zendLibrary\Zend\Markup\Renderer\WS_FTP.LOG --> ftp.sobrafo.org.br /public_html/zendLibrary/Zend/Markup/Renderer WS_FTP.LOG
2011.08.09 17:22 B F:\xampp\htdocs\ZendLibrary\Zend\Markup\Renderer\Exception.php --> ftp.amfar.com.br /public_html/ZendLibrary/Zend/Markup/Renderer Exception.php
2011.08.09 17:22 B F:\xampp\htdocs\ZendLibrary\Zend\Markup\Renderer\Html.php --> ftp.amfar.com.br /public_html/ZendLibrary/Zend/Markup/Renderer Html.php
2011.08.09 17:22 B F:\xampp\htdocs\ZendLibrary\Zend\Markup\Renderer\RendererAbstract.php --> ftp.amfar.com.br /public_html/ZendLibrary/Zend/Markup/Renderer RendererAbstract.php
2011.08.09 17:22 B F:\xampp\htdocs\ZendLibrary\Zend\Markup\Renderer\TokenConverterInterface.php --> ftp.amfar.com.br /public_html/ZendLibrary/Zend/Markup/Renderer TokenConverterInterface.php
