2011.06.20 18:31 B F:\xampp\htdocs\zf-tutorial\library\Zend\Cache\Backend.php --> ftp.portalridgid.com.br /public_html/zf-tutorial/library/Zend/Cache Backend.php
2011.06.20 18:31 B F:\xampp\htdocs\zf-tutorial\library\Zend\Cache\Core.php --> ftp.portalridgid.com.br /public_html/zf-tutorial/library/Zend/Cache Core.php
2011.06.20 18:31 B F:\xampp\htdocs\zf-tutorial\library\Zend\Cache\Exception.php --> ftp.portalridgid.com.br /public_html/zf-tutorial/library/Zend/Cache Exception.php
2011.06.20 18:31 B F:\xampp\htdocs\zf-tutorial\library\Zend\Cache\Manager.php --> ftp.portalridgid.com.br /public_html/zf-tutorial/library/Zend/Cache Manager.php
2011.06.30 03:45 B F:\xampp\htdocs\zendLibrary\Zend\Cache\WS_FTP.LOG --> ftp.sbrafh.org.br /sbrafh/Web/zendLibrary/Zend/Cache WS_FTP.LOG
2011.06.30 03:45 B F:\xampp\htdocs\zendLibrary\Zend\Cache\Core.php --> ftp.sbrafh.org.br /sbrafh/Web/zendLibrary/Zend/Cache Core.php
2011.06.30 03:45 B F:\xampp\htdocs\zendLibrary\Zend\Cache\Backend.php --> ftp.sbrafh.org.br /sbrafh/Web/zendLibrary/Zend/Cache Backend.php
2011.06.30 03:45 B F:\xampp\htdocs\zendLibrary\Zend\Cache\Manager.php --> ftp.sbrafh.org.br /sbrafh/Web/zendLibrary/Zend/Cache Manager.php
2011.06.30 03:45 B F:\xampp\htdocs\zendLibrary\Zend\Cache\Exception.php --> ftp.sbrafh.org.br /sbrafh/Web/zendLibrary/Zend/Cache Exception.php
2011.07.08 23:44 B F:\xampp\htdocs\zendLibrary\Zend\Cache\Backend.php --> ftp.radiofone.com.br /public_html/radiofone/zendLibrary/Zend/Cache Backend.php
2011.07.08 23:44 B F:\xampp\htdocs\zendLibrary\Zend\Cache\Core.php --> ftp.radiofone.com.br /public_html/radiofone/zendLibrary/Zend/Cache Core.php
2011.07.08 23:44 B F:\xampp\htdocs\zendLibrary\Zend\Cache\Exception.php --> ftp.radiofone.com.br /public_html/radiofone/zendLibrary/Zend/Cache Exception.php
2011.07.08 23:44 B F:\xampp\htdocs\zendLibrary\Zend\Cache\Manager.php --> ftp.radiofone.com.br /public_html/radiofone/zendLibrary/Zend/Cache Manager.php
2011.07.08 23:44 B F:\xampp\htdocs\zendLibrary\Zend\Cache\WS_FTP.LOG --> ftp.radiofone.com.br /public_html/radiofone/zendLibrary/Zend/Cache WS_FTP.LOG
2011.07.09 00:45 B F:\xampp\htdocs\zendLibrary\Zend\Cache\WS_FTP.LOG --> ftp.radiofone.com.br /public_html/radiofone/zendLibrary/Zend/Cache WS_FTP.LOG
2011.07.26 22:44 B F:\xampp\htdocs\zendLibrary\Zend\Cache\Backend.php --> ftp.sobrafo.org.br /public_html/zendLibrary/Zend/Cache Backend.php
2011.07.26 22:44 B F:\xampp\htdocs\zendLibrary\Zend\Cache\Core.php --> ftp.sobrafo.org.br /public_html/zendLibrary/Zend/Cache Core.php
2011.07.26 22:44 B F:\xampp\htdocs\zendLibrary\Zend\Cache\Exception.php --> ftp.sobrafo.org.br /public_html/zendLibrary/Zend/Cache Exception.php
2011.07.26 22:44 B F:\xampp\htdocs\zendLibrary\Zend\Cache\Manager.php --> ftp.sobrafo.org.br /public_html/zendLibrary/Zend/Cache Manager.php
2011.07.26 22:44 B F:\xampp\htdocs\zendLibrary\Zend\Cache\WS_FTP.LOG --> ftp.sobrafo.org.br /public_html/zendLibrary/Zend/Cache WS_FTP.LOG
2011.08.05 01:00 B F:\xampp\htdocs\ZendLibrary\Zend\Cache\WS_FTP.LOG --> ftp.portalridgid.com.br /public_html/zendLibrary/Zend/Cache WS_FTP.LOG
2011.08.09 16:54 B F:\xampp\htdocs\ZendLibrary\Zend\Cache\Backend.php --> ftp.amfar.com.br /public_html/ZendLibrary/Zend/Cache Backend.php
2011.08.09 16:54 B F:\xampp\htdocs\ZendLibrary\Zend\Cache\Core.php --> ftp.amfar.com.br /public_html/ZendLibrary/Zend/Cache Core.php
2011.08.09 16:54 B F:\xampp\htdocs\ZendLibrary\Zend\Cache\Exception.php --> ftp.amfar.com.br /public_html/ZendLibrary/Zend/Cache Exception.php
2011.08.09 16:54 B F:\xampp\htdocs\ZendLibrary\Zend\Cache\Manager.php --> ftp.amfar.com.br /public_html/ZendLibrary/Zend/Cache Manager.php
2011.08.09 16:54 B F:\xampp\htdocs\ZendLibrary\Zend\Cache\WS_FTP.LOG --> ftp.amfar.com.br /public_html/ZendLibrary/Zend/Cache WS_FTP.LOG
2011.08.22 20:57 B X:\xampp\htdocs\ZendLibrary\Zend\Cache\Backend.php --> ftp.jairodepaula.com.br /jairodepaula/web/ZendLibrary/Zend/Cache Backend.php
2011.08.22 20:57 B X:\xampp\htdocs\ZendLibrary\Zend\Cache\Core.php --> ftp.jairodepaula.com.br /jairodepaula/web/ZendLibrary/Zend/Cache Core.php
2011.08.22 20:57 B X:\xampp\htdocs\ZendLibrary\Zend\Cache\Exception.php --> ftp.jairodepaula.com.br /jairodepaula/web/ZendLibrary/Zend/Cache Exception.php
2011.08.22 20:57 B X:\xampp\htdocs\ZendLibrary\Zend\Cache\Manager.php --> ftp.jairodepaula.com.br /jairodepaula/web/ZendLibrary/Zend/Cache Manager.php
2011.08.22 20:57 B X:\xampp\htdocs\ZendLibrary\Zend\Cache\WS_FTP.LOG --> ftp.jairodepaula.com.br /jairodepaula/web/ZendLibrary/Zend/Cache WS_FTP.LOG
2011.12.31 14:47 B F:\xampp\htdocs\ZendLibrary\Zend\Cache\Backend.php --> ftp.sbrafh.org.br /public_html/ZendLibrary/Zend/Cache Backend.php
2011.12.31 14:47 B F:\xampp\htdocs\ZendLibrary\Zend\Cache\Core.php --> ftp.sbrafh.org.br /public_html/ZendLibrary/Zend/Cache Core.php
2011.12.31 14:47 B F:\xampp\htdocs\ZendLibrary\Zend\Cache\Exception.php --> ftp.sbrafh.org.br /public_html/ZendLibrary/Zend/Cache Exception.php
2011.12.31 14:47 B F:\xampp\htdocs\ZendLibrary\Zend\Cache\Manager.php --> ftp.sbrafh.org.br /public_html/ZendLibrary/Zend/Cache Manager.php
2011.12.31 14:47 B F:\xampp\htdocs\ZendLibrary\Zend\Cache\WS_FTP.LOG --> ftp.sbrafh.org.br /public_html/ZendLibrary/Zend/Cache WS_FTP.LOG
2012.01.06 03:16 B F:\xampp\htdocs\ZendLibrary\Zend\Cache\Backend.php --> ftp461.locaweb.com.br /ridgid/web/ZendLibrary/Zend/Cache Backend.php
2012.01.06 03:16 B F:\xampp\htdocs\ZendLibrary\Zend\Cache\Core.php --> ftp461.locaweb.com.br /ridgid/web/ZendLibrary/Zend/Cache Core.php
2012.01.06 03:16 B F:\xampp\htdocs\ZendLibrary\Zend\Cache\Exception.php --> ftp461.locaweb.com.br /ridgid/web/ZendLibrary/Zend/Cache Exception.php
2012.01.06 03:16 B F:\xampp\htdocs\ZendLibrary\Zend\Cache\Manager.php --> ftp461.locaweb.com.br /ridgid/web/ZendLibrary/Zend/Cache Manager.php
2012.01.06 03:16 B F:\xampp\htdocs\ZendLibrary\Zend\Cache\WS_FTP.LOG --> ftp461.locaweb.com.br /ridgid/web/ZendLibrary/Zend/Cache WS_FTP.LOG
2012.01.24 17:29 B F:\xampp\htdocs\ZendLibrary\Zend\Cache\Backend.php --> graficamarmar.com.br /htdocs/ZendLibrary/Zend/Cache Backend.php
2012.01.24 17:29 B F:\xampp\htdocs\ZendLibrary\Zend\Cache\Core.php --> graficamarmar.com.br /htdocs/ZendLibrary/Zend/Cache Core.php
2012.01.24 17:29 B F:\xampp\htdocs\ZendLibrary\Zend\Cache\Exception.php --> graficamarmar.com.br /htdocs/ZendLibrary/Zend/Cache Exception.php
2012.01.24 17:29 B F:\xampp\htdocs\ZendLibrary\Zend\Cache\Manager.php --> graficamarmar.com.br /htdocs/ZendLibrary/Zend/Cache Manager.php
2012.01.24 17:29 B F:\xampp\htdocs\ZendLibrary\Zend\Cache\WS_FTP.LOG --> graficamarmar.com.br /htdocs/ZendLibrary/Zend/Cache WS_FTP.LOG
2012.02.08 17:04 B F:\xampp\htdocs\ZendLibrary\Zend\Cache\Backend.php --> graficamarmar.hospedagemdesites.ws /public_html/ZendLibrary/Zend/Cache Backend.php
2012.02.08 17:04 B F:\xampp\htdocs\ZendLibrary\Zend\Cache\Core.php --> graficamarmar.hospedagemdesites.ws /public_html/ZendLibrary/Zend/Cache Core.php
2012.02.08 17:04 B F:\xampp\htdocs\ZendLibrary\Zend\Cache\Exception.php --> graficamarmar.hospedagemdesites.ws /public_html/ZendLibrary/Zend/Cache Exception.php
2012.02.08 17:04 B F:\xampp\htdocs\ZendLibrary\Zend\Cache\Manager.php --> graficamarmar.hospedagemdesites.ws /public_html/ZendLibrary/Zend/Cache Manager.php
2012.02.08 17:04 B F:\xampp\htdocs\ZendLibrary\Zend\Cache\WS_FTP.LOG --> graficamarmar.hospedagemdesites.ws /public_html/ZendLibrary/Zend/Cache WS_FTP.LOG
2012.10.29 14:40 B F:\xampp\htdocs\ZendLibrary\Zend\Cache\Backend.php --> 186.202.153.85 /public_html/ZendLibrary/Zend/Cache Backend.php
2012.10.29 14:40 B F:\xampp\htdocs\ZendLibrary\Zend\Cache\Core.php --> 186.202.153.85 /public_html/ZendLibrary/Zend/Cache Core.php
2012.10.29 14:40 B F:\xampp\htdocs\ZendLibrary\Zend\Cache\Exception.php --> 186.202.153.85 /public_html/ZendLibrary/Zend/Cache Exception.php
2012.10.29 14:40 B F:\xampp\htdocs\ZendLibrary\Zend\Cache\Manager.php --> 186.202.153.85 /public_html/ZendLibrary/Zend/Cache Manager.php
2012.10.29 14:40 B F:\xampp\htdocs\ZendLibrary\Zend\Cache\WS_FTP.LOG --> 186.202.153.85 /public_html/ZendLibrary/Zend/Cache WS_FTP.LOG
