2007.05.25 15:31 B Z:\mailing\e-mailing\fckeditor\editor\skins\office2003\images\Thumbs.db --> ftp.sbrafh.org.br /public_html/e-mailing/fckeditor/editor/skins/office2003/images Thumbs.db
2007.05.25 15:31 B Z:\mailing\e-mailing\fckeditor\editor\skins\office2003\images\toolbar.arrowright.gif --> ftp.sbrafh.org.br /public_html/e-mailing/fckeditor/editor/skins/office2003/images toolbar.arrowright.gif
2007.05.25 15:31 B Z:\mailing\e-mailing\fckeditor\editor\skins\office2003\images\toolbar.bg.gif --> ftp.sbrafh.org.br /public_html/e-mailing/fckeditor/editor/skins/office2003/images toolbar.bg.gif
2007.05.25 15:31 B Z:\mailing\e-mailing\fckeditor\editor\skins\office2003\images\toolbar.buttonarrow.gif --> ftp.sbrafh.org.br /public_html/e-mailing/fckeditor/editor/skins/office2003/images toolbar.buttonarrow.gif
2007.05.25 15:31 B Z:\mailing\e-mailing\fckeditor\editor\skins\office2003\images\toolbar.collapse.gif --> ftp.sbrafh.org.br /public_html/e-mailing/fckeditor/editor/skins/office2003/images toolbar.collapse.gif
2007.05.25 15:31 B Z:\mailing\e-mailing\fckeditor\editor\skins\office2003\images\toolbar.end.gif --> ftp.sbrafh.org.br /public_html/e-mailing/fckeditor/editor/skins/office2003/images toolbar.end.gif
2007.05.25 15:31 B Z:\mailing\e-mailing\fckeditor\editor\skins\office2003\images\toolbar.expand.gif --> ftp.sbrafh.org.br /public_html/e-mailing/fckeditor/editor/skins/office2003/images toolbar.expand.gif
2007.05.25 15:31 B Z:\mailing\e-mailing\fckeditor\editor\skins\office2003\images\toolbar.separator.gif --> ftp.sbrafh.org.br /public_html/e-mailing/fckeditor/editor/skins/office2003/images toolbar.separator.gif
2007.05.25 15:31 B Z:\mailing\e-mailing\fckeditor\editor\skins\office2003\images\toolbar.start.gif --> ftp.sbrafh.org.br /public_html/e-mailing/fckeditor/editor/skins/office2003/images toolbar.start.gif
2007.05.28 17:41 B Z:\mailing\e-mailing\fckeditor\editor\skins\office2003\images\Thumbs.db <-- sbrafh /public_html/e-mailing/fckeditor/editor/skins/office2003/images Thumbs.db
2007.05.28 17:41 B Z:\mailing\e-mailing\fckeditor\editor\skins\office2003\images\toolbar.arrowright.gif <-- sbrafh /public_html/e-mailing/fckeditor/editor/skins/office2003/images toolbar.arrowright.gif
2007.05.28 17:41 B Z:\mailing\e-mailing\fckeditor\editor\skins\office2003\images\toolbar.bg.gif <-- sbrafh /public_html/e-mailing/fckeditor/editor/skins/office2003/images toolbar.bg.gif
2007.05.28 17:41 B Z:\mailing\e-mailing\fckeditor\editor\skins\office2003\images\toolbar.buttonarrow.gif <-- sbrafh /public_html/e-mailing/fckeditor/editor/skins/office2003/images toolbar.buttonarrow.gif
2007.05.28 17:41 B Z:\mailing\e-mailing\fckeditor\editor\skins\office2003\images\toolbar.collapse.gif <-- sbrafh /public_html/e-mailing/fckeditor/editor/skins/office2003/images toolbar.collapse.gif
2007.05.28 17:41 B Z:\mailing\e-mailing\fckeditor\editor\skins\office2003\images\toolbar.end.gif <-- sbrafh /public_html/e-mailing/fckeditor/editor/skins/office2003/images toolbar.end.gif
2007.05.28 17:41 B Z:\mailing\e-mailing\fckeditor\editor\skins\office2003\images\toolbar.expand.gif <-- sbrafh /public_html/e-mailing/fckeditor/editor/skins/office2003/images toolbar.expand.gif
2007.05.28 17:41 B Z:\mailing\e-mailing\fckeditor\editor\skins\office2003\images\toolbar.separator.gif <-- sbrafh /public_html/e-mailing/fckeditor/editor/skins/office2003/images toolbar.separator.gif
2007.05.28 17:41 B Z:\mailing\e-mailing\fckeditor\editor\skins\office2003\images\toolbar.start.gif <-- sbrafh /public_html/e-mailing/fckeditor/editor/skins/office2003/images toolbar.start.gif
2007.08.06 19:17 B Z:\amfar\admin\e-mailing\fckeditor\editor\skins\office2003\images\Thumbs.db --> ftp635.locaweb.com.br /public_html/admin/e-mailing/fckeditor/editor/skins/office2003/images Thumbs.db
2007.08.06 19:17 B Z:\amfar\admin\e-mailing\fckeditor\editor\skins\office2003\images\toolbar.arrowright.gif --> ftp635.locaweb.com.br /public_html/admin/e-mailing/fckeditor/editor/skins/office2003/images toolbar.arrowright.gif
2007.08.06 19:17 B Z:\amfar\admin\e-mailing\fckeditor\editor\skins\office2003\images\toolbar.bg.gif --> ftp635.locaweb.com.br /public_html/admin/e-mailing/fckeditor/editor/skins/office2003/images toolbar.bg.gif
2007.08.06 19:17 B Z:\amfar\admin\e-mailing\fckeditor\editor\skins\office2003\images\toolbar.buttonarrow.gif --> ftp635.locaweb.com.br /public_html/admin/e-mailing/fckeditor/editor/skins/office2003/images toolbar.buttonarrow.gif
2007.08.06 19:17 B Z:\amfar\admin\e-mailing\fckeditor\editor\skins\office2003\images\toolbar.collapse.gif --> ftp635.locaweb.com.br /public_html/admin/e-mailing/fckeditor/editor/skins/office2003/images toolbar.collapse.gif
2007.08.06 19:17 B Z:\amfar\admin\e-mailing\fckeditor\editor\skins\office2003\images\toolbar.end.gif --> ftp635.locaweb.com.br /public_html/admin/e-mailing/fckeditor/editor/skins/office2003/images toolbar.end.gif
2007.08.06 19:17 B Z:\amfar\admin\e-mailing\fckeditor\editor\skins\office2003\images\toolbar.expand.gif --> ftp635.locaweb.com.br /public_html/admin/e-mailing/fckeditor/editor/skins/office2003/images toolbar.expand.gif
2007.08.06 19:17 B Z:\amfar\admin\e-mailing\fckeditor\editor\skins\office2003\images\toolbar.separator.gif --> ftp635.locaweb.com.br /public_html/admin/e-mailing/fckeditor/editor/skins/office2003/images toolbar.separator.gif
2007.08.06 19:17 B Z:\amfar\admin\e-mailing\fckeditor\editor\skins\office2003\images\toolbar.start.gif --> ftp635.locaweb.com.br /public_html/admin/e-mailing/fckeditor/editor/skins/office2003/images toolbar.start.gif
