2011.06.20 18:53 B F:\xampp\htdocs\zf-tutorial\library\Zend\Service\Ebay\Finding\Response\Abstract.php --> ftp.portalridgid.com.br /public_html/zf-tutorial/library/Zend/Service/Ebay/Finding/Response Abstract.php
2011.06.20 18:53 B F:\xampp\htdocs\zf-tutorial\library\Zend\Service\Ebay\Finding\Response\Histograms.php --> ftp.portalridgid.com.br /public_html/zf-tutorial/library/Zend/Service/Ebay/Finding/Response Histograms.php
2011.06.20 18:53 B F:\xampp\htdocs\zf-tutorial\library\Zend\Service\Ebay\Finding\Response\Items.php --> ftp.portalridgid.com.br /public_html/zf-tutorial/library/Zend/Service/Ebay/Finding/Response Items.php
2011.06.20 18:53 B F:\xampp\htdocs\zf-tutorial\library\Zend\Service\Ebay\Finding\Response\Keywords.php --> ftp.portalridgid.com.br /public_html/zf-tutorial/library/Zend/Service/Ebay/Finding/Response Keywords.php
2011.06.30 03:13 B F:\xampp\htdocs\zendLibrary\Zend\Service\Ebay\Finding\Response\WS_FTP.LOG --> ftp.sbrafh.org.br /sbrafh/Web/zendLibrary/Zend/Service/Ebay/Finding/Response WS_FTP.LOG
2011.06.30 03:13 B F:\xampp\htdocs\zendLibrary\Zend\Service\Ebay\Finding\Response\Keywords.php --> ftp.sbrafh.org.br /sbrafh/Web/zendLibrary/Zend/Service/Ebay/Finding/Response Keywords.php
2011.06.30 03:13 B F:\xampp\htdocs\zendLibrary\Zend\Service\Ebay\Finding\Response\Items.php --> ftp.sbrafh.org.br /sbrafh/Web/zendLibrary/Zend/Service/Ebay/Finding/Response Items.php
2011.06.30 03:13 B F:\xampp\htdocs\zendLibrary\Zend\Service\Ebay\Finding\Response\Histograms.php --> ftp.sbrafh.org.br /sbrafh/Web/zendLibrary/Zend/Service/Ebay/Finding/Response Histograms.php
2011.06.30 03:13 B F:\xampp\htdocs\zendLibrary\Zend\Service\Ebay\Finding\Response\Abstract.php --> ftp.sbrafh.org.br /sbrafh/Web/zendLibrary/Zend/Service/Ebay/Finding/Response Abstract.php
2011.07.09 00:20 B F:\xampp\htdocs\zendLibrary\Zend\Service\Ebay\Finding\Response\Abstract.php --> ftp.radiofone.com.br /public_html/radiofone/zendLibrary/Zend/Service/Ebay/Finding/Response Abstract.php
2011.07.09 00:20 B F:\xampp\htdocs\zendLibrary\Zend\Service\Ebay\Finding\Response\Histograms.php --> ftp.radiofone.com.br /public_html/radiofone/zendLibrary/Zend/Service/Ebay/Finding/Response Histograms.php
2011.07.09 00:20 B F:\xampp\htdocs\zendLibrary\Zend\Service\Ebay\Finding\Response\Items.php --> ftp.radiofone.com.br /public_html/radiofone/zendLibrary/Zend/Service/Ebay/Finding/Response Items.php
2011.07.09 00:20 B F:\xampp\htdocs\zendLibrary\Zend\Service\Ebay\Finding\Response\Keywords.php --> ftp.radiofone.com.br /public_html/radiofone/zendLibrary/Zend/Service/Ebay/Finding/Response Keywords.php
2011.07.09 00:20 B F:\xampp\htdocs\zendLibrary\Zend\Service\Ebay\Finding\Response\WS_FTP.LOG --> ftp.radiofone.com.br /public_html/radiofone/zendLibrary/Zend/Service/Ebay/Finding/Response WS_FTP.LOG
2011.07.09 00:52 B F:\xampp\htdocs\zendLibrary\Zend\Service\Ebay\Finding\Response\WS_FTP.LOG --> ftp.radiofone.com.br /public_html/radiofone/zendLibrary/Zend/Service/Ebay/Finding/Response WS_FTP.LOG
2011.07.26 23:09 B F:\xampp\htdocs\zendLibrary\Zend\Service\Ebay\Finding\Response\Abstract.php --> ftp.sobrafo.org.br /public_html/zendLibrary/Zend/Service/Ebay/Finding/Response Abstract.php
2011.07.26 23:09 B F:\xampp\htdocs\zendLibrary\Zend\Service\Ebay\Finding\Response\Histograms.php --> ftp.sobrafo.org.br /public_html/zendLibrary/Zend/Service/Ebay/Finding/Response Histograms.php
2011.07.26 23:09 B F:\xampp\htdocs\zendLibrary\Zend\Service\Ebay\Finding\Response\Items.php --> ftp.sobrafo.org.br /public_html/zendLibrary/Zend/Service/Ebay/Finding/Response Items.php
2011.07.26 23:09 B F:\xampp\htdocs\zendLibrary\Zend\Service\Ebay\Finding\Response\Keywords.php --> ftp.sobrafo.org.br /public_html/zendLibrary/Zend/Service/Ebay/Finding/Response Keywords.php
2011.07.26 23:09 B F:\xampp\htdocs\zendLibrary\Zend\Service\Ebay\Finding\Response\WS_FTP.LOG --> ftp.sobrafo.org.br /public_html/zendLibrary/Zend/Service/Ebay/Finding/Response WS_FTP.LOG
2011.08.09 17:29 B F:\xampp\htdocs\ZendLibrary\Zend\Service\Ebay\Finding\Response\Abstract.php --> ftp.amfar.com.br /public_html/ZendLibrary/Zend/Service/Ebay/Finding/Response Abstract.php
2011.08.09 17:29 B F:\xampp\htdocs\ZendLibrary\Zend\Service\Ebay\Finding\Response\Histograms.php --> ftp.amfar.com.br /public_html/ZendLibrary/Zend/Service/Ebay/Finding/Response Histograms.php
2011.08.09 17:29 B F:\xampp\htdocs\ZendLibrary\Zend\Service\Ebay\Finding\Response\Items.php --> ftp.amfar.com.br /public_html/ZendLibrary/Zend/Service/Ebay/Finding/Response Items.php
2011.08.09 17:29 B F:\xampp\htdocs\ZendLibrary\Zend\Service\Ebay\Finding\Response\Keywords.php --> ftp.amfar.com.br /public_html/ZendLibrary/Zend/Service/Ebay/Finding/Response Keywords.php
