2011.06.20 18:50 B F:\xampp\htdocs\zf-tutorial\library\Zend\Search\Lucene\Analysis\Analyzer\Common\Text.php --> ftp.portalridgid.com.br /public_html/zf-tutorial/library/Zend/Search/Lucene/Analysis/Analyzer/Common Text.php
2011.06.20 18:50 B F:\xampp\htdocs\zf-tutorial\library\Zend\Search\Lucene\Analysis\Analyzer\Common\TextNum.php --> ftp.portalridgid.com.br /public_html/zf-tutorial/library/Zend/Search/Lucene/Analysis/Analyzer/Common TextNum.php
2011.06.20 18:50 B F:\xampp\htdocs\zf-tutorial\library\Zend\Search\Lucene\Analysis\Analyzer\Common\Utf8.php --> ftp.portalridgid.com.br /public_html/zf-tutorial/library/Zend/Search/Lucene/Analysis/Analyzer/Common Utf8.php
2011.06.20 18:50 B F:\xampp\htdocs\zf-tutorial\library\Zend\Search\Lucene\Analysis\Analyzer\Common\Utf8Num.php --> ftp.portalridgid.com.br /public_html/zf-tutorial/library/Zend/Search/Lucene/Analysis/Analyzer/Common Utf8Num.php
2011.06.30 03:18 B F:\xampp\htdocs\zendLibrary\Zend\Search\Lucene\Analysis\Analyzer\Common\WS_FTP.LOG --> ftp.sbrafh.org.br /sbrafh/Web/zendLibrary/Zend/Search/Lucene/Analysis/Analyzer/Common WS_FTP.LOG
2011.06.30 03:18 B F:\xampp\htdocs\zendLibrary\Zend\Search\Lucene\Analysis\Analyzer\Common\Utf8Num.php --> ftp.sbrafh.org.br /sbrafh/Web/zendLibrary/Zend/Search/Lucene/Analysis/Analyzer/Common Utf8Num.php
2011.06.30 03:18 B F:\xampp\htdocs\zendLibrary\Zend\Search\Lucene\Analysis\Analyzer\Common\Utf8.php --> ftp.sbrafh.org.br /sbrafh/Web/zendLibrary/Zend/Search/Lucene/Analysis/Analyzer/Common Utf8.php
2011.06.30 03:18 B F:\xampp\htdocs\zendLibrary\Zend\Search\Lucene\Analysis\Analyzer\Common\TextNum.php --> ftp.sbrafh.org.br /sbrafh/Web/zendLibrary/Zend/Search/Lucene/Analysis/Analyzer/Common TextNum.php
2011.06.30 03:18 B F:\xampp\htdocs\zendLibrary\Zend\Search\Lucene\Analysis\Analyzer\Common\Text.php --> ftp.sbrafh.org.br /sbrafh/Web/zendLibrary/Zend/Search/Lucene/Analysis/Analyzer/Common Text.php
2011.07.09 00:16 B F:\xampp\htdocs\zendLibrary\Zend\Search\Lucene\Analysis\Analyzer\Common\Text.php --> ftp.radiofone.com.br /public_html/radiofone/zendLibrary/Zend/Search/Lucene/Analysis/Analyzer/Common Text.php
2011.07.09 00:16 B F:\xampp\htdocs\zendLibrary\Zend\Search\Lucene\Analysis\Analyzer\Common\TextNum.php --> ftp.radiofone.com.br /public_html/radiofone/zendLibrary/Zend/Search/Lucene/Analysis/Analyzer/Common TextNum.php
2011.07.09 00:16 B F:\xampp\htdocs\zendLibrary\Zend\Search\Lucene\Analysis\Analyzer\Common\Utf8.php --> ftp.radiofone.com.br /public_html/radiofone/zendLibrary/Zend/Search/Lucene/Analysis/Analyzer/Common Utf8.php
2011.07.09 00:16 B F:\xampp\htdocs\zendLibrary\Zend\Search\Lucene\Analysis\Analyzer\Common\Utf8Num.php --> ftp.radiofone.com.br /public_html/radiofone/zendLibrary/Zend/Search/Lucene/Analysis/Analyzer/Common Utf8Num.php
2011.07.09 00:16 B F:\xampp\htdocs\zendLibrary\Zend\Search\Lucene\Analysis\Analyzer\Common\WS_FTP.LOG --> ftp.radiofone.com.br /public_html/radiofone/zendLibrary/Zend/Search/Lucene/Analysis/Analyzer/Common WS_FTP.LOG
2011.07.09 00:51 B F:\xampp\htdocs\zendLibrary\Zend\Search\Lucene\Analysis\Analyzer\Common\WS_FTP.LOG --> ftp.radiofone.com.br /public_html/radiofone/zendLibrary/Zend/Search/Lucene/Analysis/Analyzer/Common WS_FTP.LOG
2011.07.26 23:05 B F:\xampp\htdocs\zendLibrary\Zend\Search\Lucene\Analysis\Analyzer\Common\Text.php --> ftp.sobrafo.org.br /public_html/zendLibrary/Zend/Search/Lucene/Analysis/Analyzer/Common Text.php
2011.07.26 23:05 B F:\xampp\htdocs\zendLibrary\Zend\Search\Lucene\Analysis\Analyzer\Common\TextNum.php --> ftp.sobrafo.org.br /public_html/zendLibrary/Zend/Search/Lucene/Analysis/Analyzer/Common TextNum.php
2011.07.26 23:05 B F:\xampp\htdocs\zendLibrary\Zend\Search\Lucene\Analysis\Analyzer\Common\Utf8.php --> ftp.sobrafo.org.br /public_html/zendLibrary/Zend/Search/Lucene/Analysis/Analyzer/Common Utf8.php
2011.07.26 23:05 B F:\xampp\htdocs\zendLibrary\Zend\Search\Lucene\Analysis\Analyzer\Common\Utf8Num.php --> ftp.sobrafo.org.br /public_html/zendLibrary/Zend/Search/Lucene/Analysis/Analyzer/Common Utf8Num.php
2011.07.26 23:05 B F:\xampp\htdocs\zendLibrary\Zend\Search\Lucene\Analysis\Analyzer\Common\WS_FTP.LOG --> ftp.sobrafo.org.br /public_html/zendLibrary/Zend/Search/Lucene/Analysis/Analyzer/Common WS_FTP.LOG
2011.08.09 17:25 B F:\xampp\htdocs\ZendLibrary\Zend\Search\Lucene\Analysis\Analyzer\Common\Text.php --> ftp.amfar.com.br /public_html/ZendLibrary/Zend/Search/Lucene/Analysis/Analyzer/Common Text.php
2011.08.09 17:25 B F:\xampp\htdocs\ZendLibrary\Zend\Search\Lucene\Analysis\Analyzer\Common\TextNum.php --> ftp.amfar.com.br /public_html/ZendLibrary/Zend/Search/Lucene/Analysis/Analyzer/Common TextNum.php
2011.08.09 17:25 B F:\xampp\htdocs\ZendLibrary\Zend\Search\Lucene\Analysis\Analyzer\Common\Utf8.php --> ftp.amfar.com.br /public_html/ZendLibrary/Zend/Search/Lucene/Analysis/Analyzer/Common Utf8.php
2011.08.09 17:25 B F:\xampp\htdocs\ZendLibrary\Zend\Search\Lucene\Analysis\Analyzer\Common\Utf8Num.php --> ftp.amfar.com.br /public_html/ZendLibrary/Zend/Search/Lucene/Analysis/Analyzer/Common Utf8Num.php
