2011.06.20 18:51 B F:\xampp\htdocs\zf-tutorial\library\Zend\Search\Lucene\Document.php --> ftp.portalridgid.com.br /public_html/zf-tutorial/library/Zend/Search/Lucene Document.php
2011.06.20 18:51 B F:\xampp\htdocs\zf-tutorial\library\Zend\Search\Lucene\Exception.php --> ftp.portalridgid.com.br /public_html/zf-tutorial/library/Zend/Search/Lucene Exception.php
2011.06.20 18:51 B F:\xampp\htdocs\zf-tutorial\library\Zend\Search\Lucene\Field.php --> ftp.portalridgid.com.br /public_html/zf-tutorial/library/Zend/Search/Lucene Field.php
2011.06.20 18:51 B F:\xampp\htdocs\zf-tutorial\library\Zend\Search\Lucene\FSM.php --> ftp.portalridgid.com.br /public_html/zf-tutorial/library/Zend/Search/Lucene FSM.php
2011.06.20 18:51 B F:\xampp\htdocs\zf-tutorial\library\Zend\Search\Lucene\FSMAction.php --> ftp.portalridgid.com.br /public_html/zf-tutorial/library/Zend/Search/Lucene FSMAction.php
2011.06.20 18:51 B F:\xampp\htdocs\zf-tutorial\library\Zend\Search\Lucene\Interface.php --> ftp.portalridgid.com.br /public_html/zf-tutorial/library/Zend/Search/Lucene Interface.php
2011.06.20 18:51 B F:\xampp\htdocs\zf-tutorial\library\Zend\Search\Lucene\LockManager.php --> ftp.portalridgid.com.br /public_html/zf-tutorial/library/Zend/Search/Lucene LockManager.php
2011.06.20 18:51 B F:\xampp\htdocs\zf-tutorial\library\Zend\Search\Lucene\MultiSearcher.php --> ftp.portalridgid.com.br /public_html/zf-tutorial/library/Zend/Search/Lucene MultiSearcher.php
2011.06.20 18:51 B F:\xampp\htdocs\zf-tutorial\library\Zend\Search\Lucene\PriorityQueue.php --> ftp.portalridgid.com.br /public_html/zf-tutorial/library/Zend/Search/Lucene PriorityQueue.php
2011.06.20 18:51 B F:\xampp\htdocs\zf-tutorial\library\Zend\Search\Lucene\Proxy.php --> ftp.portalridgid.com.br /public_html/zf-tutorial/library/Zend/Search/Lucene Proxy.php
2011.06.20 18:51 B F:\xampp\htdocs\zf-tutorial\library\Zend\Search\Lucene\TermStreamsPriorityQueue.php --> ftp.portalridgid.com.br /public_html/zf-tutorial/library/Zend/Search/Lucene TermStreamsPriorityQueue.php
2011.06.30 03:18 B F:\xampp\htdocs\zendLibrary\Zend\Search\Lucene\WS_FTP.LOG --> ftp.sbrafh.org.br /sbrafh/Web/zendLibrary/Zend/Search/Lucene WS_FTP.LOG
2011.06.30 03:18 B F:\xampp\htdocs\zendLibrary\Zend\Search\Lucene\TermStreamsPriorityQueue.php --> ftp.sbrafh.org.br /sbrafh/Web/zendLibrary/Zend/Search/Lucene TermStreamsPriorityQueue.php
2011.06.30 03:18 B F:\xampp\htdocs\zendLibrary\Zend\Search\Lucene\Proxy.php --> ftp.sbrafh.org.br /sbrafh/Web/zendLibrary/Zend/Search/Lucene Proxy.php
2011.06.30 03:18 B F:\xampp\htdocs\zendLibrary\Zend\Search\Lucene\PriorityQueue.php --> ftp.sbrafh.org.br /sbrafh/Web/zendLibrary/Zend/Search/Lucene PriorityQueue.php
2011.06.30 03:18 B F:\xampp\htdocs\zendLibrary\Zend\Search\Lucene\MultiSearcher.php --> ftp.sbrafh.org.br /sbrafh/Web/zendLibrary/Zend/Search/Lucene MultiSearcher.php
2011.06.30 03:18 B F:\xampp\htdocs\zendLibrary\Zend\Search\Lucene\LockManager.php --> ftp.sbrafh.org.br /sbrafh/Web/zendLibrary/Zend/Search/Lucene LockManager.php
2011.06.30 03:18 B F:\xampp\htdocs\zendLibrary\Zend\Search\Lucene\Interface.php --> ftp.sbrafh.org.br /sbrafh/Web/zendLibrary/Zend/Search/Lucene Interface.php
2011.06.30 03:18 B F:\xampp\htdocs\zendLibrary\Zend\Search\Lucene\FSMAction.php --> ftp.sbrafh.org.br /sbrafh/Web/zendLibrary/Zend/Search/Lucene FSMAction.php
2011.06.30 03:18 B F:\xampp\htdocs\zendLibrary\Zend\Search\Lucene\FSM.php --> ftp.sbrafh.org.br /sbrafh/Web/zendLibrary/Zend/Search/Lucene FSM.php
2011.06.30 03:18 B F:\xampp\htdocs\zendLibrary\Zend\Search\Lucene\Field.php --> ftp.sbrafh.org.br /sbrafh/Web/zendLibrary/Zend/Search/Lucene Field.php
2011.06.30 03:18 B F:\xampp\htdocs\zendLibrary\Zend\Search\Lucene\Exception.php --> ftp.sbrafh.org.br /sbrafh/Web/zendLibrary/Zend/Search/Lucene Exception.php
2011.06.30 03:18 B F:\xampp\htdocs\zendLibrary\Zend\Search\Lucene\Document.php --> ftp.sbrafh.org.br /sbrafh/Web/zendLibrary/Zend/Search/Lucene Document.php
2011.07.09 00:17 B F:\xampp\htdocs\zendLibrary\Zend\Search\Lucene\Document.php --> ftp.radiofone.com.br /public_html/radiofone/zendLibrary/Zend/Search/Lucene Document.php
2011.07.09 00:17 B F:\xampp\htdocs\zendLibrary\Zend\Search\Lucene\Exception.php --> ftp.radiofone.com.br /public_html/radiofone/zendLibrary/Zend/Search/Lucene Exception.php
2011.07.09 00:17 B F:\xampp\htdocs\zendLibrary\Zend\Search\Lucene\Field.php --> ftp.radiofone.com.br /public_html/radiofone/zendLibrary/Zend/Search/Lucene Field.php
2011.07.09 00:17 B F:\xampp\htdocs\zendLibrary\Zend\Search\Lucene\FSM.php --> ftp.radiofone.com.br /public_html/radiofone/zendLibrary/Zend/Search/Lucene FSM.php
2011.07.09 00:17 B F:\xampp\htdocs\zendLibrary\Zend\Search\Lucene\FSMAction.php --> ftp.radiofone.com.br /public_html/radiofone/zendLibrary/Zend/Search/Lucene FSMAction.php
2011.07.09 00:17 B F:\xampp\htdocs\zendLibrary\Zend\Search\Lucene\Interface.php --> ftp.radiofone.com.br /public_html/radiofone/zendLibrary/Zend/Search/Lucene Interface.php
2011.07.09 00:17 B F:\xampp\htdocs\zendLibrary\Zend\Search\Lucene\LockManager.php --> ftp.radiofone.com.br /public_html/radiofone/zendLibrary/Zend/Search/Lucene LockManager.php
2011.07.09 00:17 B F:\xampp\htdocs\zendLibrary\Zend\Search\Lucene\MultiSearcher.php --> ftp.radiofone.com.br /public_html/radiofone/zendLibrary/Zend/Search/Lucene MultiSearcher.php
2011.07.09 00:17 B F:\xampp\htdocs\zendLibrary\Zend\Search\Lucene\PriorityQueue.php --> ftp.radiofone.com.br /public_html/radiofone/zendLibrary/Zend/Search/Lucene PriorityQueue.php
2011.07.09 00:17 B F:\xampp\htdocs\zendLibrary\Zend\Search\Lucene\Proxy.php --> ftp.radiofone.com.br /public_html/radiofone/zendLibrary/Zend/Search/Lucene Proxy.php
2011.07.09 00:17 B F:\xampp\htdocs\zendLibrary\Zend\Search\Lucene\TermStreamsPriorityQueue.php --> ftp.radiofone.com.br /public_html/radiofone/zendLibrary/Zend/Search/Lucene TermStreamsPriorityQueue.php
2011.07.09 00:17 B F:\xampp\htdocs\zendLibrary\Zend\Search\Lucene\WS_FTP.LOG --> ftp.radiofone.com.br /public_html/radiofone/zendLibrary/Zend/Search/Lucene WS_FTP.LOG
2011.07.09 00:51 B F:\xampp\htdocs\zendLibrary\Zend\Search\Lucene\WS_FTP.LOG --> ftp.radiofone.com.br /public_html/radiofone/zendLibrary/Zend/Search/Lucene WS_FTP.LOG
2011.07.26 23:06 B F:\xampp\htdocs\zendLibrary\Zend\Search\Lucene\Document.php --> ftp.sobrafo.org.br /public_html/zendLibrary/Zend/Search/Lucene Document.php
2011.07.26 23:06 B F:\xampp\htdocs\zendLibrary\Zend\Search\Lucene\Exception.php --> ftp.sobrafo.org.br /public_html/zendLibrary/Zend/Search/Lucene Exception.php
2011.07.26 23:06 B F:\xampp\htdocs\zendLibrary\Zend\Search\Lucene\Field.php --> ftp.sobrafo.org.br /public_html/zendLibrary/Zend/Search/Lucene Field.php
2011.07.26 23:06 B F:\xampp\htdocs\zendLibrary\Zend\Search\Lucene\FSM.php --> ftp.sobrafo.org.br /public_html/zendLibrary/Zend/Search/Lucene FSM.php
2011.07.26 23:06 B F:\xampp\htdocs\zendLibrary\Zend\Search\Lucene\FSMAction.php --> ftp.sobrafo.org.br /public_html/zendLibrary/Zend/Search/Lucene FSMAction.php
2011.07.26 23:06 B F:\xampp\htdocs\zendLibrary\Zend\Search\Lucene\Interface.php --> ftp.sobrafo.org.br /public_html/zendLibrary/Zend/Search/Lucene Interface.php
2011.07.26 23:06 B F:\xampp\htdocs\zendLibrary\Zend\Search\Lucene\LockManager.php --> ftp.sobrafo.org.br /public_html/zendLibrary/Zend/Search/Lucene LockManager.php
2011.07.26 23:06 B F:\xampp\htdocs\zendLibrary\Zend\Search\Lucene\MultiSearcher.php --> ftp.sobrafo.org.br /public_html/zendLibrary/Zend/Search/Lucene MultiSearcher.php
2011.07.26 23:06 B F:\xampp\htdocs\zendLibrary\Zend\Search\Lucene\PriorityQueue.php --> ftp.sobrafo.org.br /public_html/zendLibrary/Zend/Search/Lucene PriorityQueue.php
2011.07.26 23:06 B F:\xampp\htdocs\zendLibrary\Zend\Search\Lucene\Proxy.php --> ftp.sobrafo.org.br /public_html/zendLibrary/Zend/Search/Lucene Proxy.php
2011.07.26 23:06 B F:\xampp\htdocs\zendLibrary\Zend\Search\Lucene\TermStreamsPriorityQueue.php --> ftp.sobrafo.org.br /public_html/zendLibrary/Zend/Search/Lucene TermStreamsPriorityQueue.php
2011.07.26 23:06 B F:\xampp\htdocs\zendLibrary\Zend\Search\Lucene\WS_FTP.LOG --> ftp.sobrafo.org.br /public_html/zendLibrary/Zend/Search/Lucene WS_FTP.LOG
2011.08.09 17:26 B F:\xampp\htdocs\ZendLibrary\Zend\Search\Lucene\Document.php --> ftp.amfar.com.br /public_html/ZendLibrary/Zend/Search/Lucene Document.php
2011.08.09 17:26 B F:\xampp\htdocs\ZendLibrary\Zend\Search\Lucene\Exception.php --> ftp.amfar.com.br /public_html/ZendLibrary/Zend/Search/Lucene Exception.php
2011.08.09 17:26 B F:\xampp\htdocs\ZendLibrary\Zend\Search\Lucene\Field.php --> ftp.amfar.com.br /public_html/ZendLibrary/Zend/Search/Lucene Field.php
2011.08.09 17:26 B F:\xampp\htdocs\ZendLibrary\Zend\Search\Lucene\FSM.php --> ftp.amfar.com.br /public_html/ZendLibrary/Zend/Search/Lucene FSM.php
2011.08.09 17:26 B F:\xampp\htdocs\ZendLibrary\Zend\Search\Lucene\FSMAction.php --> ftp.amfar.com.br /public_html/ZendLibrary/Zend/Search/Lucene FSMAction.php
2011.08.09 17:26 B F:\xampp\htdocs\ZendLibrary\Zend\Search\Lucene\Interface.php --> ftp.amfar.com.br /public_html/ZendLibrary/Zend/Search/Lucene Interface.php
2011.08.09 17:26 B F:\xampp\htdocs\ZendLibrary\Zend\Search\Lucene\LockManager.php --> ftp.amfar.com.br /public_html/ZendLibrary/Zend/Search/Lucene LockManager.php
2011.08.09 17:26 B F:\xampp\htdocs\ZendLibrary\Zend\Search\Lucene\MultiSearcher.php --> ftp.amfar.com.br /public_html/ZendLibrary/Zend/Search/Lucene MultiSearcher.php
2011.08.09 17:26 B F:\xampp\htdocs\ZendLibrary\Zend\Search\Lucene\PriorityQueue.php --> ftp.amfar.com.br /public_html/ZendLibrary/Zend/Search/Lucene PriorityQueue.php
2011.08.09 17:26 B F:\xampp\htdocs\ZendLibrary\Zend\Search\Lucene\Proxy.php --> ftp.amfar.com.br /public_html/ZendLibrary/Zend/Search/Lucene Proxy.php
2011.08.09 17:26 B F:\xampp\htdocs\ZendLibrary\Zend\Search\Lucene\TermStreamsPriorityQueue.php --> ftp.amfar.com.br /public_html/ZendLibrary/Zend/Search/Lucene TermStreamsPriorityQueue.php
