2007.06.22 00:23 B Z:\onhand\mail\htmlMimeMail.php --> ftp.onhand.com.br /public_html/mail htmlMimeMail.php
2007.06.22 00:23 B Z:\onhand\mail\mimePart.php --> ftp.onhand.com.br /public_html/mail mimePart.php
2007.06.22 00:23 B Z:\onhand\mail\RFC822.php --> ftp.onhand.com.br /public_html/mail RFC822.php
2007.06.22 00:23 B Z:\onhand\mail\smtp.php --> ftp.onhand.com.br /public_html/mail smtp.php
2007.06.22 00:41 B Z:\onhand\mail\htmlMimeMail.php --> ftp.onhand.com.br /public_html/mail htmlMimeMail.php
2007.06.22 01:40 B Z:\onhand\mail\htmlMimeMail.php --> ftp.onhand.com.br /public_html/mail htmlMimeMail.php
2007.06.22 01:58 B Z:\onhand\mail\htmlMimeMail.php --> ftp.onhand.com.br /public_html/mail htmlMimeMail.php
2007.06.23 02:51 B Z:\onhand\mail\htmlMimeMail.php --> ftp.onhand.com.br /public_html/mail htmlMimeMail.php
2007.06.23 02:52 B Z:\onhand\mail\htmlMimeMail.php --> ftp.onhand.com.br /public_html/mail htmlMimeMail.php
2007.06.28 21:35 B Z:\onhand\mail\htmlMimeMail.php --> ftp.onhand.com.br /public_html/mail htmlMimeMail.php
2007.06.28 21:49 B Z:\onhand\mail\htmlMimeMail.php --> ftp.onhand.com.br /public_html/mail htmlMimeMail.php
2007.07.06 01:48 B Z:\onhand\mail\htmlMimeMail.php --> ftp.onhand.com.br /public_html/mail htmlMimeMail.php
2007.07.06 01:48 B Z:\onhand\mail\htmlMimeMail.php --> ftp.onhand.com.br /public_html/mail htmlMimeMail.php
2007.07.30 19:47 B Z:\onhand\mail\htmlMimeMail.php --> ftp.onhand.com.br /public_html/mail htmlMimeMail.php
2007.07.30 19:54 B Z:\onhand\mail\htmlMimeMail.php --> ftp.onhand.com.br /public_html/mail htmlMimeMail.php
2007.09.24 14:04 B Z:\portalridgid\csr\mail\htmlMimeMail.php --> ftp.portalridgid.com.br /public_html/csr/mail htmlMimeMail.php
2007.09.24 14:04 B Z:\portalridgid\csr\mail\WS_FTP.LOG --> ftp.portalridgid.com.br /public_html/csr/mail WS_FTP.LOG
2007.09.24 14:04 B Z:\portalridgid\csr\mail\smtp.php --> ftp.portalridgid.com.br /public_html/csr/mail smtp.php
2007.09.24 14:04 B Z:\portalridgid\csr\mail\RFC822.php --> ftp.portalridgid.com.br /public_html/csr/mail RFC822.php
2007.09.24 14:04 B Z:\portalridgid\csr\mail\mimePart.php --> ftp.portalridgid.com.br /public_html/csr/mail mimePart.php
2007.10.03 02:04 B Z:\portalridgid\servicos\mail\htmlMimeMail.php --> ftp.portalridgid.com.br /public_html/servicos/mail htmlMimeMail.php
2007.10.09 11:11 B Z:\portalridgid\servicos\mail\htmlMimeMail.php --> ftp.portalridgid.com.br /public_html/servicos/mail htmlMimeMail.php
2007.10.09 11:13 B Z:\portalridgid\servicos\mail\htmlMimeMail.php --> ftp.portalridgid.com.br /public_html/servicos/mail htmlMimeMail.php
2007.10.09 11:14 B Z:\portalridgid\servicos\mail\htmlMimeMail.php --> ftp.portalridgid.com.br /public_html/servicos/mail htmlMimeMail.php
2007.10.09 11:16 B Z:\portalridgid\servicos\mail\htmlMimeMail.php --> ftp.portalridgid.com.br /public_html/servicos/mail htmlMimeMail.php
2007.10.09 11:18 B Z:\portalridgid\servicos\mail\htmlMimeMail.php --> ftp.portalridgid.com.br /public_html/servicos/mail htmlMimeMail.php
2007.10.09 11:21 B Z:\portalridgid\servicos\mail\htmlMimeMail.php --> ftp.portalridgid.com.br /public_html/servicos/mail htmlMimeMail.php
2007.10.09 11:22 B Z:\portalridgid\servicos\mail\htmlMimeMail.php --> ftp.portalridgid.com.br /public_html/servicos/mail htmlMimeMail.php
2007.10.09 11:24 B Z:\portalridgid\servicos\mail\htmlMimeMail.php --> ftp.portalridgid.com.br /public_html/servicos/mail htmlMimeMail.php
2007.10.09 11:24 B Z:\portalridgid\servicos\mail\htmlMimeMail.php --> ftp.portalridgid.com.br /public_html/servicos/mail htmlMimeMail.php
2007.10.09 11:25 B Z:\portalridgid\servicos\mail\htmlMimeMail.php --> ftp.portalridgid.com.br /public_html/servicos/mail htmlMimeMail.php
2011.02.14 18:24 B E:\web\portal\mail\WS_FTP.LOG <-- portal /public_html/mail WS_FTP.LOG
2011.05.13 22:19 B F:\portal\mail\htmlMimeMail.php <-- portal /public_html/mail htmlMimeMail.php
2011.05.13 22:19 B F:\portal\mail\htmlMimeMail.php --> ftp.portalridgid.com.br /public_html/mail htmlMimeMail.php
2011.05.13 22:20 B F:\portal\mail\htmlMimeMail.php --> ftp.portalridgid.com.br /public_html/mail htmlMimeMail.php
2011.06.27 20:06 B F:\xampp\htdocs\zendLibrary\Zend\htmlMail\WS_FTP.LOG --> ftp.portalridgid.com.br /public_html/zendLibrary/Zend/htmlMail WS_FTP.LOG
2011.06.27 20:06 B F:\xampp\htdocs\zendLibrary\Zend\htmlMail\smtp.php --> ftp.portalridgid.com.br /public_html/zendLibrary/Zend/htmlMail smtp.php
2011.06.27 20:06 B F:\xampp\htdocs\zendLibrary\Zend\htmlMail\RFC822.php --> ftp.portalridgid.com.br /public_html/zendLibrary/Zend/htmlMail RFC822.php
2011.06.27 20:06 B F:\xampp\htdocs\zendLibrary\Zend\htmlMail\mimePart.php --> ftp.portalridgid.com.br /public_html/zendLibrary/Zend/htmlMail mimePart.php
2011.06.27 20:06 B F:\xampp\htdocs\zendLibrary\Zend\htmlMail\htmlMimeMail.php --> ftp.portalridgid.com.br /public_html/zendLibrary/Zend/htmlMail htmlMimeMail.php
2011.06.30 03:07 B F:\xampp\htdocs\zendLibrary\Zend\htmlMail\WS_FTP.LOG --> ftp.sbrafh.org.br /sbrafh/Web/zendLibrary/Zend/htmlMail WS_FTP.LOG
2011.06.30 03:07 B F:\xampp\htdocs\zendLibrary\Zend\htmlMail\htmlMimeMail.php --> ftp.sbrafh.org.br /sbrafh/Web/zendLibrary/Zend/htmlMail htmlMimeMail.php
2011.06.30 03:07 B F:\xampp\htdocs\zendLibrary\Zend\htmlMail\smtp.php --> ftp.sbrafh.org.br /sbrafh/Web/zendLibrary/Zend/htmlMail smtp.php
2011.06.30 03:07 B F:\xampp\htdocs\zendLibrary\Zend\htmlMail\RFC822.php --> ftp.sbrafh.org.br /sbrafh/Web/zendLibrary/Zend/htmlMail RFC822.php
2011.06.30 03:07 B F:\xampp\htdocs\zendLibrary\Zend\htmlMail\mimePart.php --> ftp.sbrafh.org.br /sbrafh/Web/zendLibrary/Zend/htmlMail mimePart.php
2011.07.08 23:52 B F:\xampp\htdocs\zendLibrary\Zend\htmlMail\htmlMimeMail.php --> ftp.radiofone.com.br /public_html/radiofone/zendLibrary/Zend/htmlMail htmlMimeMail.php
2011.07.08 23:52 B F:\xampp\htdocs\zendLibrary\Zend\htmlMail\mimePart.php --> ftp.radiofone.com.br /public_html/radiofone/zendLibrary/Zend/htmlMail mimePart.php
2011.07.08 23:52 B F:\xampp\htdocs\zendLibrary\Zend\htmlMail\RFC822.php --> ftp.radiofone.com.br /public_html/radiofone/zendLibrary/Zend/htmlMail RFC822.php
2011.07.08 23:52 B F:\xampp\htdocs\zendLibrary\Zend\htmlMail\smtp.php --> ftp.radiofone.com.br /public_html/radiofone/zendLibrary/Zend/htmlMail smtp.php
2011.07.08 23:52 B F:\xampp\htdocs\zendLibrary\Zend\htmlMail\WS_FTP.LOG --> ftp.radiofone.com.br /public_html/radiofone/zendLibrary/Zend/htmlMail WS_FTP.LOG
2011.07.26 22:53 B F:\xampp\htdocs\zendLibrary\Zend\HtmlMimeMail\htmlMimeMail.php --> ftp.sobrafo.org.br /public_html/zendLibrary/Zend/HtmlMimeMail htmlMimeMail.php
2011.07.26 22:53 B F:\xampp\htdocs\zendLibrary\Zend\HtmlMimeMail\mimePart.php --> ftp.sobrafo.org.br /public_html/zendLibrary/Zend/HtmlMimeMail mimePart.php
2011.07.26 22:53 B F:\xampp\htdocs\zendLibrary\Zend\HtmlMimeMail\RFC822.php --> ftp.sobrafo.org.br /public_html/zendLibrary/Zend/HtmlMimeMail RFC822.php
2011.07.26 22:53 B F:\xampp\htdocs\zendLibrary\Zend\HtmlMimeMail\smtp.php --> ftp.sobrafo.org.br /public_html/zendLibrary/Zend/HtmlMimeMail smtp.php
2011.07.26 22:53 B F:\xampp\htdocs\zendLibrary\Zend\HtmlMimeMail\WS_FTP.LOG --> ftp.sobrafo.org.br /public_html/zendLibrary/Zend/HtmlMimeMail WS_FTP.LOG
2011.08.05 01:03 B F:\xampp\htdocs\ZendLibrary\Zend\HtmlMimeMail\htmlMimeMail.php --> ftp.portalridgid.com.br /public_html/zendLibrary/Zend/HtmlMimeMail htmlMimeMail.php
2011.08.05 01:03 B F:\xampp\htdocs\ZendLibrary\Zend\HtmlMimeMail\mimePart.php --> ftp.portalridgid.com.br /public_html/zendLibrary/Zend/HtmlMimeMail mimePart.php
2011.08.05 01:03 B F:\xampp\htdocs\ZendLibrary\Zend\HtmlMimeMail\RFC822.php --> ftp.portalridgid.com.br /public_html/zendLibrary/Zend/HtmlMimeMail RFC822.php
2011.08.05 01:03 B F:\xampp\htdocs\ZendLibrary\Zend\HtmlMimeMail\smtp.php --> ftp.portalridgid.com.br /public_html/zendLibrary/Zend/HtmlMimeMail smtp.php
2011.08.05 01:03 B F:\xampp\htdocs\ZendLibrary\Zend\HtmlMimeMail\WS_FTP.LOG --> ftp.portalridgid.com.br /public_html/zendLibrary/Zend/HtmlMimeMail WS_FTP.LOG
2011.08.09 17:03 B F:\xampp\htdocs\ZendLibrary\Zend\HtmlMimeMail\htmlMimeMail.php --> ftp.amfar.com.br /public_html/ZendLibrary/Zend/HtmlMimeMail htmlMimeMail.php
2011.08.09 17:03 B F:\xampp\htdocs\ZendLibrary\Zend\HtmlMimeMail\mimePart.php --> ftp.amfar.com.br /public_html/ZendLibrary/Zend/HtmlMimeMail mimePart.php
2011.08.09 17:03 B F:\xampp\htdocs\ZendLibrary\Zend\HtmlMimeMail\RFC822.php --> ftp.amfar.com.br /public_html/ZendLibrary/Zend/HtmlMimeMail RFC822.php
2011.08.09 17:03 B F:\xampp\htdocs\ZendLibrary\Zend\HtmlMimeMail\smtp.php --> ftp.amfar.com.br /public_html/ZendLibrary/Zend/HtmlMimeMail smtp.php
