2011.06.20 18:37 B F:\xampp\htdocs\zf-tutorial\library\Zend\Gdata\Gbase\Entry.php --> ftp.portalridgid.com.br /public_html/zf-tutorial/library/Zend/Gdata/Gbase Entry.php
2011.06.20 18:37 B F:\xampp\htdocs\zf-tutorial\library\Zend\Gdata\Gbase\Feed.php --> ftp.portalridgid.com.br /public_html/zf-tutorial/library/Zend/Gdata/Gbase Feed.php
2011.06.20 18:37 B F:\xampp\htdocs\zf-tutorial\library\Zend\Gdata\Gbase\ItemEntry.php --> ftp.portalridgid.com.br /public_html/zf-tutorial/library/Zend/Gdata/Gbase ItemEntry.php
2011.06.20 18:37 B F:\xampp\htdocs\zf-tutorial\library\Zend\Gdata\Gbase\ItemFeed.php --> ftp.portalridgid.com.br /public_html/zf-tutorial/library/Zend/Gdata/Gbase ItemFeed.php
2011.06.20 18:37 B F:\xampp\htdocs\zf-tutorial\library\Zend\Gdata\Gbase\ItemQuery.php --> ftp.portalridgid.com.br /public_html/zf-tutorial/library/Zend/Gdata/Gbase ItemQuery.php
2011.06.20 18:37 B F:\xampp\htdocs\zf-tutorial\library\Zend\Gdata\Gbase\Query.php --> ftp.portalridgid.com.br /public_html/zf-tutorial/library/Zend/Gdata/Gbase Query.php
2011.06.20 18:37 B F:\xampp\htdocs\zf-tutorial\library\Zend\Gdata\Gbase\SnippetEntry.php --> ftp.portalridgid.com.br /public_html/zf-tutorial/library/Zend/Gdata/Gbase SnippetEntry.php
2011.06.20 18:37 B F:\xampp\htdocs\zf-tutorial\library\Zend\Gdata\Gbase\SnippetFeed.php --> ftp.portalridgid.com.br /public_html/zf-tutorial/library/Zend/Gdata/Gbase SnippetFeed.php
2011.06.20 18:37 B F:\xampp\htdocs\zf-tutorial\library\Zend\Gdata\Gbase\SnippetQuery.php --> ftp.portalridgid.com.br /public_html/zf-tutorial/library/Zend/Gdata/Gbase SnippetQuery.php
2011.06.30 03:35 B F:\xampp\htdocs\zendLibrary\Zend\Gdata\Gbase\WS_FTP.LOG --> ftp.sbrafh.org.br /sbrafh/Web/zendLibrary/Zend/Gdata/Gbase WS_FTP.LOG
2011.06.30 03:35 B F:\xampp\htdocs\zendLibrary\Zend\Gdata\Gbase\SnippetQuery.php --> ftp.sbrafh.org.br /sbrafh/Web/zendLibrary/Zend/Gdata/Gbase SnippetQuery.php
2011.06.30 03:35 B F:\xampp\htdocs\zendLibrary\Zend\Gdata\Gbase\Query.php --> ftp.sbrafh.org.br /sbrafh/Web/zendLibrary/Zend/Gdata/Gbase Query.php
2011.06.30 03:35 B F:\xampp\htdocs\zendLibrary\Zend\Gdata\Gbase\ItemQuery.php --> ftp.sbrafh.org.br /sbrafh/Web/zendLibrary/Zend/Gdata/Gbase ItemQuery.php
2011.06.30 03:35 B F:\xampp\htdocs\zendLibrary\Zend\Gdata\Gbase\SnippetFeed.php --> ftp.sbrafh.org.br /sbrafh/Web/zendLibrary/Zend/Gdata/Gbase SnippetFeed.php
2011.06.30 03:35 B F:\xampp\htdocs\zendLibrary\Zend\Gdata\Gbase\SnippetEntry.php --> ftp.sbrafh.org.br /sbrafh/Web/zendLibrary/Zend/Gdata/Gbase SnippetEntry.php
2011.06.30 03:35 B F:\xampp\htdocs\zendLibrary\Zend\Gdata\Gbase\ItemFeed.php --> ftp.sbrafh.org.br /sbrafh/Web/zendLibrary/Zend/Gdata/Gbase ItemFeed.php
2011.06.30 03:35 B F:\xampp\htdocs\zendLibrary\Zend\Gdata\Gbase\ItemEntry.php --> ftp.sbrafh.org.br /sbrafh/Web/zendLibrary/Zend/Gdata/Gbase ItemEntry.php
2011.06.30 03:35 B F:\xampp\htdocs\zendLibrary\Zend\Gdata\Gbase\Feed.php --> ftp.sbrafh.org.br /sbrafh/Web/zendLibrary/Zend/Gdata/Gbase Feed.php
2011.06.30 03:35 B F:\xampp\htdocs\zendLibrary\Zend\Gdata\Gbase\Entry.php --> ftp.sbrafh.org.br /sbrafh/Web/zendLibrary/Zend/Gdata/Gbase Entry.php
2011.07.08 23:51 B F:\xampp\htdocs\zendLibrary\Zend\Gdata\Gbase\Entry.php --> ftp.radiofone.com.br /public_html/radiofone/zendLibrary/Zend/Gdata/Gbase Entry.php
2011.07.08 23:51 B F:\xampp\htdocs\zendLibrary\Zend\Gdata\Gbase\Feed.php --> ftp.radiofone.com.br /public_html/radiofone/zendLibrary/Zend/Gdata/Gbase Feed.php
2011.07.08 23:51 B F:\xampp\htdocs\zendLibrary\Zend\Gdata\Gbase\ItemEntry.php --> ftp.radiofone.com.br /public_html/radiofone/zendLibrary/Zend/Gdata/Gbase ItemEntry.php
2011.07.08 23:51 B F:\xampp\htdocs\zendLibrary\Zend\Gdata\Gbase\ItemFeed.php --> ftp.radiofone.com.br /public_html/radiofone/zendLibrary/Zend/Gdata/Gbase ItemFeed.php
2011.07.08 23:51 B F:\xampp\htdocs\zendLibrary\Zend\Gdata\Gbase\ItemQuery.php --> ftp.radiofone.com.br /public_html/radiofone/zendLibrary/Zend/Gdata/Gbase ItemQuery.php
2011.07.08 23:51 B F:\xampp\htdocs\zendLibrary\Zend\Gdata\Gbase\Query.php --> ftp.radiofone.com.br /public_html/radiofone/zendLibrary/Zend/Gdata/Gbase Query.php
2011.07.08 23:51 B F:\xampp\htdocs\zendLibrary\Zend\Gdata\Gbase\SnippetEntry.php --> ftp.radiofone.com.br /public_html/radiofone/zendLibrary/Zend/Gdata/Gbase SnippetEntry.php
2011.07.08 23:51 B F:\xampp\htdocs\zendLibrary\Zend\Gdata\Gbase\SnippetFeed.php --> ftp.radiofone.com.br /public_html/radiofone/zendLibrary/Zend/Gdata/Gbase SnippetFeed.php
2011.07.08 23:51 B F:\xampp\htdocs\zendLibrary\Zend\Gdata\Gbase\SnippetQuery.php --> ftp.radiofone.com.br /public_html/radiofone/zendLibrary/Zend/Gdata/Gbase SnippetQuery.php
2011.07.08 23:51 B F:\xampp\htdocs\zendLibrary\Zend\Gdata\Gbase\WS_FTP.LOG --> ftp.radiofone.com.br /public_html/radiofone/zendLibrary/Zend/Gdata/Gbase WS_FTP.LOG
2011.07.09 00:47 B F:\xampp\htdocs\zendLibrary\Zend\Gdata\Gbase\WS_FTP.LOG --> ftp.radiofone.com.br /public_html/radiofone/zendLibrary/Zend/Gdata/Gbase WS_FTP.LOG
2011.07.26 22:51 B F:\xampp\htdocs\zendLibrary\Zend\Gdata\Gbase\Entry.php --> ftp.sobrafo.org.br /public_html/zendLibrary/Zend/Gdata/Gbase Entry.php
2011.07.26 22:51 B F:\xampp\htdocs\zendLibrary\Zend\Gdata\Gbase\Feed.php --> ftp.sobrafo.org.br /public_html/zendLibrary/Zend/Gdata/Gbase Feed.php
2011.07.26 22:51 B F:\xampp\htdocs\zendLibrary\Zend\Gdata\Gbase\ItemEntry.php --> ftp.sobrafo.org.br /public_html/zendLibrary/Zend/Gdata/Gbase ItemEntry.php
2011.07.26 22:51 B F:\xampp\htdocs\zendLibrary\Zend\Gdata\Gbase\ItemFeed.php --> ftp.sobrafo.org.br /public_html/zendLibrary/Zend/Gdata/Gbase ItemFeed.php
2011.07.26 22:52 B F:\xampp\htdocs\zendLibrary\Zend\Gdata\Gbase\ItemQuery.php --> ftp.sobrafo.org.br /public_html/zendLibrary/Zend/Gdata/Gbase ItemQuery.php
2011.07.26 22:52 B F:\xampp\htdocs\zendLibrary\Zend\Gdata\Gbase\Query.php --> ftp.sobrafo.org.br /public_html/zendLibrary/Zend/Gdata/Gbase Query.php
2011.07.26 22:52 B F:\xampp\htdocs\zendLibrary\Zend\Gdata\Gbase\SnippetEntry.php --> ftp.sobrafo.org.br /public_html/zendLibrary/Zend/Gdata/Gbase SnippetEntry.php
2011.07.26 22:52 B F:\xampp\htdocs\zendLibrary\Zend\Gdata\Gbase\SnippetFeed.php --> ftp.sobrafo.org.br /public_html/zendLibrary/Zend/Gdata/Gbase SnippetFeed.php
2011.07.26 22:52 B F:\xampp\htdocs\zendLibrary\Zend\Gdata\Gbase\SnippetQuery.php --> ftp.sobrafo.org.br /public_html/zendLibrary/Zend/Gdata/Gbase SnippetQuery.php
2011.07.26 22:52 B F:\xampp\htdocs\zendLibrary\Zend\Gdata\Gbase\WS_FTP.LOG --> ftp.sobrafo.org.br /public_html/zendLibrary/Zend/Gdata/Gbase WS_FTP.LOG
2011.08.09 17:01 B F:\xampp\htdocs\ZendLibrary\Zend\Gdata\Gbase\Entry.php --> ftp.amfar.com.br /public_html/ZendLibrary/Zend/Gdata/Gbase Entry.php
2011.08.09 17:01 B F:\xampp\htdocs\ZendLibrary\Zend\Gdata\Gbase\Feed.php --> ftp.amfar.com.br /public_html/ZendLibrary/Zend/Gdata/Gbase Feed.php
2011.08.09 17:01 B F:\xampp\htdocs\ZendLibrary\Zend\Gdata\Gbase\ItemEntry.php --> ftp.amfar.com.br /public_html/ZendLibrary/Zend/Gdata/Gbase ItemEntry.php
2011.08.09 17:01 B F:\xampp\htdocs\ZendLibrary\Zend\Gdata\Gbase\ItemFeed.php --> ftp.amfar.com.br /public_html/ZendLibrary/Zend/Gdata/Gbase ItemFeed.php
2011.08.09 17:01 B F:\xampp\htdocs\ZendLibrary\Zend\Gdata\Gbase\ItemQuery.php --> ftp.amfar.com.br /public_html/ZendLibrary/Zend/Gdata/Gbase ItemQuery.php
2011.08.09 17:01 B F:\xampp\htdocs\ZendLibrary\Zend\Gdata\Gbase\Query.php --> ftp.amfar.com.br /public_html/ZendLibrary/Zend/Gdata/Gbase Query.php
2011.08.09 17:01 B F:\xampp\htdocs\ZendLibrary\Zend\Gdata\Gbase\SnippetEntry.php --> ftp.amfar.com.br /public_html/ZendLibrary/Zend/Gdata/Gbase SnippetEntry.php
2011.08.09 17:01 B F:\xampp\htdocs\ZendLibrary\Zend\Gdata\Gbase\SnippetFeed.php --> ftp.amfar.com.br /public_html/ZendLibrary/Zend/Gdata/Gbase SnippetFeed.php
2011.08.09 17:01 B F:\xampp\htdocs\ZendLibrary\Zend\Gdata\Gbase\SnippetQuery.php --> ftp.amfar.com.br /public_html/ZendLibrary/Zend/Gdata/Gbase SnippetQuery.php
