2012.09.19 01:11 B F:\xampp\htdocs\html2pdf\html2pdf\locale\ca.csv --> ftp.sbrafh.org.br /public_html/html2pdf/html2pdf/locale ca.csv
2012.09.19 01:11 B F:\xampp\htdocs\html2pdf\html2pdf\locale\cs.csv --> ftp.sbrafh.org.br /public_html/html2pdf/html2pdf/locale cs.csv
2012.09.19 01:11 B F:\xampp\htdocs\html2pdf\html2pdf\locale\da.csv --> ftp.sbrafh.org.br /public_html/html2pdf/html2pdf/locale da.csv
2012.09.19 01:11 B F:\xampp\htdocs\html2pdf\html2pdf\locale\de.csv --> ftp.sbrafh.org.br /public_html/html2pdf/html2pdf/locale de.csv
2012.09.19 01:11 B F:\xampp\htdocs\html2pdf\html2pdf\locale\en.csv --> ftp.sbrafh.org.br /public_html/html2pdf/html2pdf/locale en.csv
2012.09.19 01:11 B F:\xampp\htdocs\html2pdf\html2pdf\locale\es.csv --> ftp.sbrafh.org.br /public_html/html2pdf/html2pdf/locale es.csv
2012.09.19 01:11 B F:\xampp\htdocs\html2pdf\html2pdf\locale\fr.csv --> ftp.sbrafh.org.br /public_html/html2pdf/html2pdf/locale fr.csv
2012.09.19 01:11 B F:\xampp\htdocs\html2pdf\html2pdf\locale\it.csv --> ftp.sbrafh.org.br /public_html/html2pdf/html2pdf/locale it.csv
2012.09.19 01:11 B F:\xampp\htdocs\html2pdf\html2pdf\locale\nl.csv --> ftp.sbrafh.org.br /public_html/html2pdf/html2pdf/locale nl.csv
2012.09.19 01:11 B F:\xampp\htdocs\html2pdf\html2pdf\locale\pt.csv --> ftp.sbrafh.org.br /public_html/html2pdf/html2pdf/locale pt.csv
2012.09.19 01:11 B F:\xampp\htdocs\html2pdf\html2pdf\locale\tr.csv --> ftp.sbrafh.org.br /public_html/html2pdf/html2pdf/locale tr.csv
2012.11.23 12:28 B F:\xampp\htdocs\sbrafh\html2pdf\html2pdf\locale\ca.csv --> ftp.jairodepaula.com.br /jairodepaula/web/html2pdf/html2pdf/locale ca.csv
2012.11.23 12:28 B F:\xampp\htdocs\sbrafh\html2pdf\html2pdf\locale\cs.csv --> ftp.jairodepaula.com.br /jairodepaula/web/html2pdf/html2pdf/locale cs.csv
2012.11.23 12:28 B F:\xampp\htdocs\sbrafh\html2pdf\html2pdf\locale\da.csv --> ftp.jairodepaula.com.br /jairodepaula/web/html2pdf/html2pdf/locale da.csv
2012.11.23 12:28 B F:\xampp\htdocs\sbrafh\html2pdf\html2pdf\locale\de.csv --> ftp.jairodepaula.com.br /jairodepaula/web/html2pdf/html2pdf/locale de.csv
2012.11.23 12:28 B F:\xampp\htdocs\sbrafh\html2pdf\html2pdf\locale\en.csv --> ftp.jairodepaula.com.br /jairodepaula/web/html2pdf/html2pdf/locale en.csv
2012.11.23 12:28 B F:\xampp\htdocs\sbrafh\html2pdf\html2pdf\locale\es.csv --> ftp.jairodepaula.com.br /jairodepaula/web/html2pdf/html2pdf/locale es.csv
2012.11.23 12:28 B F:\xampp\htdocs\sbrafh\html2pdf\html2pdf\locale\fr.csv --> ftp.jairodepaula.com.br /jairodepaula/web/html2pdf/html2pdf/locale fr.csv
2012.11.23 12:28 B F:\xampp\htdocs\sbrafh\html2pdf\html2pdf\locale\it.csv --> ftp.jairodepaula.com.br /jairodepaula/web/html2pdf/html2pdf/locale it.csv
2012.11.23 12:28 B F:\xampp\htdocs\sbrafh\html2pdf\html2pdf\locale\nl.csv --> ftp.jairodepaula.com.br /jairodepaula/web/html2pdf/html2pdf/locale nl.csv
2012.11.23 12:28 B F:\xampp\htdocs\sbrafh\html2pdf\html2pdf\locale\pt.csv --> ftp.jairodepaula.com.br /jairodepaula/web/html2pdf/html2pdf/locale pt.csv
2012.11.23 12:28 B F:\xampp\htdocs\sbrafh\html2pdf\html2pdf\locale\tr.csv --> ftp.jairodepaula.com.br /jairodepaula/web/html2pdf/html2pdf/locale tr.csv
2012.11.23 12:28 B F:\xampp\htdocs\sbrafh\html2pdf\html2pdf\locale\WS_FTP.LOG --> ftp.jairodepaula.com.br /jairodepaula/web/html2pdf/html2pdf/locale WS_FTP.LOG
