2011.06.20 18:51 B F:\xampp\htdocs\zf-tutorial\library\Zend\Search\Lucene\Search\Weight\Boolean.php --> ftp.portalridgid.com.br /public_html/zf-tutorial/library/Zend/Search/Lucene/Search/Weight Boolean.php
2011.06.20 18:51 B F:\xampp\htdocs\zf-tutorial\library\Zend\Search\Lucene\Search\Weight\Empty.php --> ftp.portalridgid.com.br /public_html/zf-tutorial/library/Zend/Search/Lucene/Search/Weight Empty.php
2011.06.20 18:51 B F:\xampp\htdocs\zf-tutorial\library\Zend\Search\Lucene\Search\Weight\MultiTerm.php --> ftp.portalridgid.com.br /public_html/zf-tutorial/library/Zend/Search/Lucene/Search/Weight MultiTerm.php
2011.06.20 18:51 B F:\xampp\htdocs\zf-tutorial\library\Zend\Search\Lucene\Search\Weight\Phrase.php --> ftp.portalridgid.com.br /public_html/zf-tutorial/library/Zend/Search/Lucene/Search/Weight Phrase.php
2011.06.20 18:51 B F:\xampp\htdocs\zf-tutorial\library\Zend\Search\Lucene\Search\Weight\Term.php --> ftp.portalridgid.com.br /public_html/zf-tutorial/library/Zend/Search/Lucene/Search/Weight Term.php
2011.06.30 03:17 B F:\xampp\htdocs\zendLibrary\Zend\Search\Lucene\Search\Weight\WS_FTP.LOG --> ftp.sbrafh.org.br /sbrafh/Web/zendLibrary/Zend/Search/Lucene/Search/Weight WS_FTP.LOG
2011.06.30 03:17 B F:\xampp\htdocs\zendLibrary\Zend\Search\Lucene\Search\Weight\Term.php --> ftp.sbrafh.org.br /sbrafh/Web/zendLibrary/Zend/Search/Lucene/Search/Weight Term.php
2011.06.30 03:17 B F:\xampp\htdocs\zendLibrary\Zend\Search\Lucene\Search\Weight\Phrase.php --> ftp.sbrafh.org.br /sbrafh/Web/zendLibrary/Zend/Search/Lucene/Search/Weight Phrase.php
2011.06.30 03:17 B F:\xampp\htdocs\zendLibrary\Zend\Search\Lucene\Search\Weight\MultiTerm.php --> ftp.sbrafh.org.br /sbrafh/Web/zendLibrary/Zend/Search/Lucene/Search/Weight MultiTerm.php
2011.06.30 03:17 B F:\xampp\htdocs\zendLibrary\Zend\Search\Lucene\Search\Weight\Empty.php --> ftp.sbrafh.org.br /sbrafh/Web/zendLibrary/Zend/Search/Lucene/Search/Weight Empty.php
2011.06.30 03:17 B F:\xampp\htdocs\zendLibrary\Zend\Search\Lucene\Search\Weight\Boolean.php --> ftp.sbrafh.org.br /sbrafh/Web/zendLibrary/Zend/Search/Lucene/Search/Weight Boolean.php
2011.07.09 00:17 B F:\xampp\htdocs\zendLibrary\Zend\Search\Lucene\Search\Weight\Boolean.php --> ftp.radiofone.com.br /public_html/radiofone/zendLibrary/Zend/Search/Lucene/Search/Weight Boolean.php
2011.07.09 00:17 B F:\xampp\htdocs\zendLibrary\Zend\Search\Lucene\Search\Weight\Empty.php --> ftp.radiofone.com.br /public_html/radiofone/zendLibrary/Zend/Search/Lucene/Search/Weight Empty.php
2011.07.09 00:17 B F:\xampp\htdocs\zendLibrary\Zend\Search\Lucene\Search\Weight\MultiTerm.php --> ftp.radiofone.com.br /public_html/radiofone/zendLibrary/Zend/Search/Lucene/Search/Weight MultiTerm.php
2011.07.09 00:17 B F:\xampp\htdocs\zendLibrary\Zend\Search\Lucene\Search\Weight\Phrase.php --> ftp.radiofone.com.br /public_html/radiofone/zendLibrary/Zend/Search/Lucene/Search/Weight Phrase.php
2011.07.09 00:17 B F:\xampp\htdocs\zendLibrary\Zend\Search\Lucene\Search\Weight\Term.php --> ftp.radiofone.com.br /public_html/radiofone/zendLibrary/Zend/Search/Lucene/Search/Weight Term.php
2011.07.09 00:17 B F:\xampp\htdocs\zendLibrary\Zend\Search\Lucene\Search\Weight\WS_FTP.LOG --> ftp.radiofone.com.br /public_html/radiofone/zendLibrary/Zend/Search/Lucene/Search/Weight WS_FTP.LOG
2011.07.09 00:51 B F:\xampp\htdocs\zendLibrary\Zend\Search\Lucene\Search\Weight\WS_FTP.LOG --> ftp.radiofone.com.br /public_html/radiofone/zendLibrary/Zend/Search/Lucene/Search/Weight WS_FTP.LOG
2011.07.26 23:05 B F:\xampp\htdocs\zendLibrary\Zend\Search\Lucene\Search\Weight\Boolean.php --> ftp.sobrafo.org.br /public_html/zendLibrary/Zend/Search/Lucene/Search/Weight Boolean.php
2011.07.26 23:05 B F:\xampp\htdocs\zendLibrary\Zend\Search\Lucene\Search\Weight\Empty.php --> ftp.sobrafo.org.br /public_html/zendLibrary/Zend/Search/Lucene/Search/Weight Empty.php
2011.07.26 23:06 B F:\xampp\htdocs\zendLibrary\Zend\Search\Lucene\Search\Weight\MultiTerm.php --> ftp.sobrafo.org.br /public_html/zendLibrary/Zend/Search/Lucene/Search/Weight MultiTerm.php
2011.07.26 23:06 B F:\xampp\htdocs\zendLibrary\Zend\Search\Lucene\Search\Weight\Phrase.php --> ftp.sobrafo.org.br /public_html/zendLibrary/Zend/Search/Lucene/Search/Weight Phrase.php
2011.07.26 23:06 B F:\xampp\htdocs\zendLibrary\Zend\Search\Lucene\Search\Weight\Term.php --> ftp.sobrafo.org.br /public_html/zendLibrary/Zend/Search/Lucene/Search/Weight Term.php
2011.07.26 23:06 B F:\xampp\htdocs\zendLibrary\Zend\Search\Lucene\Search\Weight\WS_FTP.LOG --> ftp.sobrafo.org.br /public_html/zendLibrary/Zend/Search/Lucene/Search/Weight WS_FTP.LOG
2011.08.09 17:26 B F:\xampp\htdocs\ZendLibrary\Zend\Search\Lucene\Search\Weight\Boolean.php --> ftp.amfar.com.br /public_html/ZendLibrary/Zend/Search/Lucene/Search/Weight Boolean.php
2011.08.09 17:26 B F:\xampp\htdocs\ZendLibrary\Zend\Search\Lucene\Search\Weight\Empty.php --> ftp.amfar.com.br /public_html/ZendLibrary/Zend/Search/Lucene/Search/Weight Empty.php
2011.08.09 17:26 B F:\xampp\htdocs\ZendLibrary\Zend\Search\Lucene\Search\Weight\MultiTerm.php --> ftp.amfar.com.br /public_html/ZendLibrary/Zend/Search/Lucene/Search/Weight MultiTerm.php
2011.08.09 17:26 B F:\xampp\htdocs\ZendLibrary\Zend\Search\Lucene\Search\Weight\Phrase.php --> ftp.amfar.com.br /public_html/ZendLibrary/Zend/Search/Lucene/Search/Weight Phrase.php
2011.08.09 17:26 B F:\xampp\htdocs\ZendLibrary\Zend\Search\Lucene\Search\Weight\Term.php --> ftp.amfar.com.br /public_html/ZendLibrary/Zend/Search/Lucene/Search/Weight Term.php
