2011.06.20 18:47 B F:\xampp\htdocs\zf-tutorial\library\Zend\Mail\Transport\Abstract.php --> ftp.portalridgid.com.br /public_html/zf-tutorial/library/Zend/Mail/Transport Abstract.php
2011.06.20 18:47 B F:\xampp\htdocs\zf-tutorial\library\Zend\Mail\Transport\Exception.php --> ftp.portalridgid.com.br /public_html/zf-tutorial/library/Zend/Mail/Transport Exception.php
2011.06.20 18:47 B F:\xampp\htdocs\zf-tutorial\library\Zend\Mail\Transport\File.php --> ftp.portalridgid.com.br /public_html/zf-tutorial/library/Zend/Mail/Transport File.php
2011.06.20 18:47 B F:\xampp\htdocs\zf-tutorial\library\Zend\Mail\Transport\Sendmail.php --> ftp.portalridgid.com.br /public_html/zf-tutorial/library/Zend/Mail/Transport Sendmail.php
2011.06.20 18:47 B F:\xampp\htdocs\zf-tutorial\library\Zend\Mail\Transport\Smtp.php --> ftp.portalridgid.com.br /public_html/zf-tutorial/library/Zend/Mail/Transport Smtp.php
2011.06.30 03:23 B F:\xampp\htdocs\zendLibrary\Zend\Mail\Transport\WS_FTP.LOG --> ftp.sbrafh.org.br /sbrafh/Web/zendLibrary/Zend/Mail/Transport WS_FTP.LOG
2011.06.30 03:23 B F:\xampp\htdocs\zendLibrary\Zend\Mail\Transport\Smtp.php --> ftp.sbrafh.org.br /sbrafh/Web/zendLibrary/Zend/Mail/Transport Smtp.php
2011.06.30 03:23 B F:\xampp\htdocs\zendLibrary\Zend\Mail\Transport\Sendmail.php --> ftp.sbrafh.org.br /sbrafh/Web/zendLibrary/Zend/Mail/Transport Sendmail.php
2011.06.30 03:23 B F:\xampp\htdocs\zendLibrary\Zend\Mail\Transport\File.php --> ftp.sbrafh.org.br /sbrafh/Web/zendLibrary/Zend/Mail/Transport File.php
2011.06.30 03:23 B F:\xampp\htdocs\zendLibrary\Zend\Mail\Transport\Exception.php --> ftp.sbrafh.org.br /sbrafh/Web/zendLibrary/Zend/Mail/Transport Exception.php
2011.06.30 03:23 B F:\xampp\htdocs\zendLibrary\Zend\Mail\Transport\Abstract.php --> ftp.sbrafh.org.br /sbrafh/Web/zendLibrary/Zend/Mail/Transport Abstract.php
2011.07.09 00:12 B F:\xampp\htdocs\zendLibrary\Zend\Mail\Transport\Abstract.php --> ftp.radiofone.com.br /public_html/radiofone/zendLibrary/Zend/Mail/Transport Abstract.php
2011.07.09 00:12 B F:\xampp\htdocs\zendLibrary\Zend\Mail\Transport\Exception.php --> ftp.radiofone.com.br /public_html/radiofone/zendLibrary/Zend/Mail/Transport Exception.php
2011.07.09 00:12 B F:\xampp\htdocs\zendLibrary\Zend\Mail\Transport\File.php --> ftp.radiofone.com.br /public_html/radiofone/zendLibrary/Zend/Mail/Transport File.php
2011.07.09 00:12 B F:\xampp\htdocs\zendLibrary\Zend\Mail\Transport\Sendmail.php --> ftp.radiofone.com.br /public_html/radiofone/zendLibrary/Zend/Mail/Transport Sendmail.php
2011.07.09 00:12 B F:\xampp\htdocs\zendLibrary\Zend\Mail\Transport\Smtp.php --> ftp.radiofone.com.br /public_html/radiofone/zendLibrary/Zend/Mail/Transport Smtp.php
2011.07.09 00:12 B F:\xampp\htdocs\zendLibrary\Zend\Mail\Transport\WS_FTP.LOG --> ftp.radiofone.com.br /public_html/radiofone/zendLibrary/Zend/Mail/Transport WS_FTP.LOG
2011.07.26 23:01 B F:\xampp\htdocs\zendLibrary\Zend\Mail\Transport\Abstract.php --> ftp.sobrafo.org.br /public_html/zendLibrary/Zend/Mail/Transport Abstract.php
2011.07.26 23:01 B F:\xampp\htdocs\zendLibrary\Zend\Mail\Transport\Exception.php --> ftp.sobrafo.org.br /public_html/zendLibrary/Zend/Mail/Transport Exception.php
2011.07.26 23:01 B F:\xampp\htdocs\zendLibrary\Zend\Mail\Transport\File.php --> ftp.sobrafo.org.br /public_html/zendLibrary/Zend/Mail/Transport File.php
2011.07.26 23:01 B F:\xampp\htdocs\zendLibrary\Zend\Mail\Transport\Sendmail.php --> ftp.sobrafo.org.br /public_html/zendLibrary/Zend/Mail/Transport Sendmail.php
2011.07.26 23:01 B F:\xampp\htdocs\zendLibrary\Zend\Mail\Transport\Smtp.php --> ftp.sobrafo.org.br /public_html/zendLibrary/Zend/Mail/Transport Smtp.php
2011.07.26 23:01 B F:\xampp\htdocs\zendLibrary\Zend\Mail\Transport\WS_FTP.LOG --> ftp.sobrafo.org.br /public_html/zendLibrary/Zend/Mail/Transport WS_FTP.LOG
2011.08.09 17:22 B F:\xampp\htdocs\ZendLibrary\Zend\Mail\Transport\Abstract.php --> ftp.amfar.com.br /public_html/ZendLibrary/Zend/Mail/Transport Abstract.php
2011.08.09 17:22 B F:\xampp\htdocs\ZendLibrary\Zend\Mail\Transport\Exception.php --> ftp.amfar.com.br /public_html/ZendLibrary/Zend/Mail/Transport Exception.php
2011.08.09 17:22 B F:\xampp\htdocs\ZendLibrary\Zend\Mail\Transport\File.php --> ftp.amfar.com.br /public_html/ZendLibrary/Zend/Mail/Transport File.php
2011.08.09 17:22 B F:\xampp\htdocs\ZendLibrary\Zend\Mail\Transport\Sendmail.php --> ftp.amfar.com.br /public_html/ZendLibrary/Zend/Mail/Transport Sendmail.php
2011.08.09 17:22 B F:\xampp\htdocs\ZendLibrary\Zend\Mail\Transport\Smtp.php --> ftp.amfar.com.br /public_html/ZendLibrary/Zend/Mail/Transport Smtp.php
