2011.06.20 18:33 B F:\xampp\htdocs\zf-tutorial\library\Zend\Db\Profiler\Exception.php --> ftp.portalridgid.com.br /public_html/zf-tutorial/library/Zend/Db/Profiler Exception.php
2011.06.20 18:33 B F:\xampp\htdocs\zf-tutorial\library\Zend\Db\Profiler\Firebug.php --> ftp.portalridgid.com.br /public_html/zf-tutorial/library/Zend/Db/Profiler Firebug.php
2011.06.20 18:33 B F:\xampp\htdocs\zf-tutorial\library\Zend\Db\Profiler\Query.php --> ftp.portalridgid.com.br /public_html/zf-tutorial/library/Zend/Db/Profiler Query.php
2011.06.30 03:41 B F:\xampp\htdocs\zendLibrary\Zend\Db\Profiler\WS_FTP.LOG --> ftp.sbrafh.org.br /sbrafh/Web/zendLibrary/Zend/Db/Profiler WS_FTP.LOG
2011.06.30 03:41 B F:\xampp\htdocs\zendLibrary\Zend\Db\Profiler\Query.php --> ftp.sbrafh.org.br /sbrafh/Web/zendLibrary/Zend/Db/Profiler Query.php
2011.06.30 03:41 B F:\xampp\htdocs\zendLibrary\Zend\Db\Profiler\Firebug.php --> ftp.sbrafh.org.br /sbrafh/Web/zendLibrary/Zend/Db/Profiler Firebug.php
2011.06.30 03:41 B F:\xampp\htdocs\zendLibrary\Zend\Db\Profiler\Exception.php --> ftp.sbrafh.org.br /sbrafh/Web/zendLibrary/Zend/Db/Profiler Exception.php
2011.07.08 23:46 B F:\xampp\htdocs\zendLibrary\Zend\Db\Profiler\Exception.php --> ftp.radiofone.com.br /public_html/radiofone/zendLibrary/Zend/Db/Profiler Exception.php
2011.07.08 23:46 B F:\xampp\htdocs\zendLibrary\Zend\Db\Profiler\Firebug.php --> ftp.radiofone.com.br /public_html/radiofone/zendLibrary/Zend/Db/Profiler Firebug.php
2011.07.08 23:46 B F:\xampp\htdocs\zendLibrary\Zend\Db\Profiler\Query.php --> ftp.radiofone.com.br /public_html/radiofone/zendLibrary/Zend/Db/Profiler Query.php
2011.07.08 23:46 B F:\xampp\htdocs\zendLibrary\Zend\Db\Profiler\WS_FTP.LOG --> ftp.radiofone.com.br /public_html/radiofone/zendLibrary/Zend/Db/Profiler WS_FTP.LOG
2011.07.26 22:46 B F:\xampp\htdocs\zendLibrary\Zend\Db\Profiler\Exception.php --> ftp.sobrafo.org.br /public_html/zendLibrary/Zend/Db/Profiler Exception.php
2011.07.26 22:46 B F:\xampp\htdocs\zendLibrary\Zend\Db\Profiler\Firebug.php --> ftp.sobrafo.org.br /public_html/zendLibrary/Zend/Db/Profiler Firebug.php
2011.07.26 22:46 B F:\xampp\htdocs\zendLibrary\Zend\Db\Profiler\Query.php --> ftp.sobrafo.org.br /public_html/zendLibrary/Zend/Db/Profiler Query.php
2011.07.26 22:46 B F:\xampp\htdocs\zendLibrary\Zend\Db\Profiler\WS_FTP.LOG --> ftp.sobrafo.org.br /public_html/zendLibrary/Zend/Db/Profiler WS_FTP.LOG
2011.08.09 16:57 B F:\xampp\htdocs\ZendLibrary\Zend\Db\Profiler\Exception.php --> ftp.amfar.com.br /public_html/ZendLibrary/Zend/Db/Profiler Exception.php
2011.08.09 16:57 B F:\xampp\htdocs\ZendLibrary\Zend\Db\Profiler\Firebug.php --> ftp.amfar.com.br /public_html/ZendLibrary/Zend/Db/Profiler Firebug.php
2011.08.09 16:57 B F:\xampp\htdocs\ZendLibrary\Zend\Db\Profiler\Query.php --> ftp.amfar.com.br /public_html/ZendLibrary/Zend/Db/Profiler Query.php
2011.08.09 16:57 B F:\xampp\htdocs\ZendLibrary\Zend\Db\Profiler\WS_FTP.LOG --> ftp.amfar.com.br /public_html/ZendLibrary/Zend/Db/Profiler WS_FTP.LOG
2011.08.22 21:00 B X:\xampp\htdocs\ZendLibrary\Zend\Db\Profiler\Exception.php --> ftp.jairodepaula.com.br /jairodepaula/web/ZendLibrary/Zend/Db/Profiler Exception.php
2011.08.22 21:00 B X:\xampp\htdocs\ZendLibrary\Zend\Db\Profiler\Firebug.php --> ftp.jairodepaula.com.br /jairodepaula/web/ZendLibrary/Zend/Db/Profiler Firebug.php
2011.08.22 21:00 B X:\xampp\htdocs\ZendLibrary\Zend\Db\Profiler\Query.php --> ftp.jairodepaula.com.br /jairodepaula/web/ZendLibrary/Zend/Db/Profiler Query.php
2011.08.22 21:00 B X:\xampp\htdocs\ZendLibrary\Zend\Db\Profiler\WS_FTP.LOG --> ftp.jairodepaula.com.br /jairodepaula/web/ZendLibrary/Zend/Db/Profiler WS_FTP.LOG
2011.12.31 14:49 B F:\xampp\htdocs\ZendLibrary\Zend\Db\Profiler\Exception.php --> ftp.sbrafh.org.br /public_html/ZendLibrary/Zend/Db/Profiler Exception.php
2011.12.31 14:49 B F:\xampp\htdocs\ZendLibrary\Zend\Db\Profiler\Firebug.php --> ftp.sbrafh.org.br /public_html/ZendLibrary/Zend/Db/Profiler Firebug.php
2011.12.31 14:49 B F:\xampp\htdocs\ZendLibrary\Zend\Db\Profiler\Query.php --> ftp.sbrafh.org.br /public_html/ZendLibrary/Zend/Db/Profiler Query.php
2011.12.31 14:49 B F:\xampp\htdocs\ZendLibrary\Zend\Db\Profiler\WS_FTP.LOG --> ftp.sbrafh.org.br /public_html/ZendLibrary/Zend/Db/Profiler WS_FTP.LOG
2012.01.06 03:18 B F:\xampp\htdocs\ZendLibrary\Zend\Db\Profiler\Exception.php --> ftp461.locaweb.com.br /ridgid/web/ZendLibrary/Zend/Db/Profiler Exception.php
2012.01.06 03:18 B F:\xampp\htdocs\ZendLibrary\Zend\Db\Profiler\Firebug.php --> ftp461.locaweb.com.br /ridgid/web/ZendLibrary/Zend/Db/Profiler Firebug.php
2012.01.06 03:18 B F:\xampp\htdocs\ZendLibrary\Zend\Db\Profiler\Query.php --> ftp461.locaweb.com.br /ridgid/web/ZendLibrary/Zend/Db/Profiler Query.php
2012.01.06 03:18 B F:\xampp\htdocs\ZendLibrary\Zend\Db\Profiler\WS_FTP.LOG --> ftp461.locaweb.com.br /ridgid/web/ZendLibrary/Zend/Db/Profiler WS_FTP.LOG
2012.01.24 17:34 B F:\xampp\htdocs\ZendLibrary\Zend\Db\Profiler\Exception.php --> graficamarmar.com.br /htdocs/ZendLibrary/Zend/Db/Profiler Exception.php
2012.01.24 17:34 B F:\xampp\htdocs\ZendLibrary\Zend\Db\Profiler\Firebug.php --> graficamarmar.com.br /htdocs/ZendLibrary/Zend/Db/Profiler Firebug.php
2012.01.24 17:34 B F:\xampp\htdocs\ZendLibrary\Zend\Db\Profiler\Query.php --> graficamarmar.com.br /htdocs/ZendLibrary/Zend/Db/Profiler Query.php
2012.01.24 17:34 B F:\xampp\htdocs\ZendLibrary\Zend\Db\Profiler\WS_FTP.LOG --> graficamarmar.com.br /htdocs/ZendLibrary/Zend/Db/Profiler WS_FTP.LOG
2012.02.08 17:06 B F:\xampp\htdocs\ZendLibrary\Zend\Db\Profiler\Exception.php --> graficamarmar.hospedagemdesites.ws /public_html/ZendLibrary/Zend/Db/Profiler Exception.php
2012.02.08 17:06 B F:\xampp\htdocs\ZendLibrary\Zend\Db\Profiler\Firebug.php --> graficamarmar.hospedagemdesites.ws /public_html/ZendLibrary/Zend/Db/Profiler Firebug.php
2012.02.08 17:06 B F:\xampp\htdocs\ZendLibrary\Zend\Db\Profiler\Query.php --> graficamarmar.hospedagemdesites.ws /public_html/ZendLibrary/Zend/Db/Profiler Query.php
2012.02.08 17:06 B F:\xampp\htdocs\ZendLibrary\Zend\Db\Profiler\WS_FTP.LOG --> graficamarmar.hospedagemdesites.ws /public_html/ZendLibrary/Zend/Db/Profiler WS_FTP.LOG
2012.10.29 14:42 B F:\xampp\htdocs\ZendLibrary\Zend\Db\Profiler\Exception.php --> 186.202.153.85 /public_html/ZendLibrary/Zend/Db/Profiler Exception.php
2012.10.29 14:42 B F:\xampp\htdocs\ZendLibrary\Zend\Db\Profiler\Firebug.php --> 186.202.153.85 /public_html/ZendLibrary/Zend/Db/Profiler Firebug.php
2012.10.29 14:42 B F:\xampp\htdocs\ZendLibrary\Zend\Db\Profiler\Query.php --> 186.202.153.85 /public_html/ZendLibrary/Zend/Db/Profiler Query.php
2012.10.29 14:42 B F:\xampp\htdocs\ZendLibrary\Zend\Db\Profiler\WS_FTP.LOG --> 186.202.153.85 /public_html/ZendLibrary/Zend/Db/Profiler WS_FTP.LOG
