2011.06.20 18:51 B F:\xampp\htdocs\zf-tutorial\library\Zend\Search\Lucene\Search\BooleanExpressionRecognizer.php --> ftp.portalridgid.com.br /public_html/zf-tutorial/library/Zend/Search/Lucene/Search BooleanExpressionRecognizer.php
2011.06.20 18:51 B F:\xampp\htdocs\zf-tutorial\library\Zend\Search\Lucene\Search\Query.php --> ftp.portalridgid.com.br /public_html/zf-tutorial/library/Zend/Search/Lucene/Search Query.php
2011.06.20 18:51 B F:\xampp\htdocs\zf-tutorial\library\Zend\Search\Lucene\Search\QueryEntry.php --> ftp.portalridgid.com.br /public_html/zf-tutorial/library/Zend/Search/Lucene/Search QueryEntry.php
2011.06.20 18:51 B F:\xampp\htdocs\zf-tutorial\library\Zend\Search\Lucene\Search\QueryHit.php --> ftp.portalridgid.com.br /public_html/zf-tutorial/library/Zend/Search/Lucene/Search QueryHit.php
2011.06.20 18:51 B F:\xampp\htdocs\zf-tutorial\library\Zend\Search\Lucene\Search\QueryLexer.php --> ftp.portalridgid.com.br /public_html/zf-tutorial/library/Zend/Search/Lucene/Search QueryLexer.php
2011.06.20 18:51 B F:\xampp\htdocs\zf-tutorial\library\Zend\Search\Lucene\Search\QueryParser.php --> ftp.portalridgid.com.br /public_html/zf-tutorial/library/Zend/Search/Lucene/Search QueryParser.php
2011.06.20 18:51 B F:\xampp\htdocs\zf-tutorial\library\Zend\Search\Lucene\Search\QueryParserContext.php --> ftp.portalridgid.com.br /public_html/zf-tutorial/library/Zend/Search/Lucene/Search QueryParserContext.php
2011.06.20 18:51 B F:\xampp\htdocs\zf-tutorial\library\Zend\Search\Lucene\Search\QueryParserException.php --> ftp.portalridgid.com.br /public_html/zf-tutorial/library/Zend/Search/Lucene/Search QueryParserException.php
2011.06.20 18:51 B F:\xampp\htdocs\zf-tutorial\library\Zend\Search\Lucene\Search\QueryToken.php --> ftp.portalridgid.com.br /public_html/zf-tutorial/library/Zend/Search/Lucene/Search QueryToken.php
2011.06.20 18:51 B F:\xampp\htdocs\zf-tutorial\library\Zend\Search\Lucene\Search\Similarity.php --> ftp.portalridgid.com.br /public_html/zf-tutorial/library/Zend/Search/Lucene/Search Similarity.php
2011.06.20 18:51 B F:\xampp\htdocs\zf-tutorial\library\Zend\Search\Lucene\Search\Weight.php --> ftp.portalridgid.com.br /public_html/zf-tutorial/library/Zend/Search/Lucene/Search Weight.php
2011.06.30 03:17 B F:\xampp\htdocs\zendLibrary\Zend\Search\Lucene\Search\WS_FTP.LOG --> ftp.sbrafh.org.br /sbrafh/Web/zendLibrary/Zend/Search/Lucene/Search WS_FTP.LOG
2011.06.30 03:17 B F:\xampp\htdocs\zendLibrary\Zend\Search\Lucene\Search\Weight.php --> ftp.sbrafh.org.br /sbrafh/Web/zendLibrary/Zend/Search/Lucene/Search Weight.php
2011.06.30 03:17 B F:\xampp\htdocs\zendLibrary\Zend\Search\Lucene\Search\Similarity.php --> ftp.sbrafh.org.br /sbrafh/Web/zendLibrary/Zend/Search/Lucene/Search Similarity.php
2011.06.30 03:17 B F:\xampp\htdocs\zendLibrary\Zend\Search\Lucene\Search\QueryToken.php --> ftp.sbrafh.org.br /sbrafh/Web/zendLibrary/Zend/Search/Lucene/Search QueryToken.php
2011.06.30 03:18 B F:\xampp\htdocs\zendLibrary\Zend\Search\Lucene\Search\QueryParserException.php --> ftp.sbrafh.org.br /sbrafh/Web/zendLibrary/Zend/Search/Lucene/Search QueryParserException.php
2011.06.30 03:18 B F:\xampp\htdocs\zendLibrary\Zend\Search\Lucene\Search\QueryParserContext.php --> ftp.sbrafh.org.br /sbrafh/Web/zendLibrary/Zend/Search/Lucene/Search QueryParserContext.php
2011.06.30 03:18 B F:\xampp\htdocs\zendLibrary\Zend\Search\Lucene\Search\QueryParser.php --> ftp.sbrafh.org.br /sbrafh/Web/zendLibrary/Zend/Search/Lucene/Search QueryParser.php
2011.06.30 03:18 B F:\xampp\htdocs\zendLibrary\Zend\Search\Lucene\Search\QueryLexer.php --> ftp.sbrafh.org.br /sbrafh/Web/zendLibrary/Zend/Search/Lucene/Search QueryLexer.php
2011.06.30 03:18 B F:\xampp\htdocs\zendLibrary\Zend\Search\Lucene\Search\QueryHit.php --> ftp.sbrafh.org.br /sbrafh/Web/zendLibrary/Zend/Search/Lucene/Search QueryHit.php
2011.06.30 03:18 B F:\xampp\htdocs\zendLibrary\Zend\Search\Lucene\Search\QueryEntry.php --> ftp.sbrafh.org.br /sbrafh/Web/zendLibrary/Zend/Search/Lucene/Search QueryEntry.php
2011.06.30 03:18 B F:\xampp\htdocs\zendLibrary\Zend\Search\Lucene\Search\Query.php --> ftp.sbrafh.org.br /sbrafh/Web/zendLibrary/Zend/Search/Lucene/Search Query.php
2011.06.30 03:18 B F:\xampp\htdocs\zendLibrary\Zend\Search\Lucene\Search\BooleanExpressionRecognizer.php --> ftp.sbrafh.org.br /sbrafh/Web/zendLibrary/Zend/Search/Lucene/Search BooleanExpressionRecognizer.php
2011.07.09 00:17 B F:\xampp\htdocs\zendLibrary\Zend\Search\Lucene\Search\BooleanExpressionRecognizer.php --> ftp.radiofone.com.br /public_html/radiofone/zendLibrary/Zend/Search/Lucene/Search BooleanExpressionRecognizer.php
2011.07.09 00:17 B F:\xampp\htdocs\zendLibrary\Zend\Search\Lucene\Search\Query.php --> ftp.radiofone.com.br /public_html/radiofone/zendLibrary/Zend/Search/Lucene/Search Query.php
2011.07.09 00:17 B F:\xampp\htdocs\zendLibrary\Zend\Search\Lucene\Search\QueryEntry.php --> ftp.radiofone.com.br /public_html/radiofone/zendLibrary/Zend/Search/Lucene/Search QueryEntry.php
2011.07.09 00:17 B F:\xampp\htdocs\zendLibrary\Zend\Search\Lucene\Search\QueryHit.php --> ftp.radiofone.com.br /public_html/radiofone/zendLibrary/Zend/Search/Lucene/Search QueryHit.php
2011.07.09 00:17 B F:\xampp\htdocs\zendLibrary\Zend\Search\Lucene\Search\QueryLexer.php --> ftp.radiofone.com.br /public_html/radiofone/zendLibrary/Zend/Search/Lucene/Search QueryLexer.php
2011.07.09 00:17 B F:\xampp\htdocs\zendLibrary\Zend\Search\Lucene\Search\QueryParser.php --> ftp.radiofone.com.br /public_html/radiofone/zendLibrary/Zend/Search/Lucene/Search QueryParser.php
2011.07.09 00:17 B F:\xampp\htdocs\zendLibrary\Zend\Search\Lucene\Search\QueryParserContext.php --> ftp.radiofone.com.br /public_html/radiofone/zendLibrary/Zend/Search/Lucene/Search QueryParserContext.php
2011.07.09 00:17 B F:\xampp\htdocs\zendLibrary\Zend\Search\Lucene\Search\QueryParserException.php --> ftp.radiofone.com.br /public_html/radiofone/zendLibrary/Zend/Search/Lucene/Search QueryParserException.php
2011.07.09 00:17 B F:\xampp\htdocs\zendLibrary\Zend\Search\Lucene\Search\QueryToken.php --> ftp.radiofone.com.br /public_html/radiofone/zendLibrary/Zend/Search/Lucene/Search QueryToken.php
2011.07.09 00:17 B F:\xampp\htdocs\zendLibrary\Zend\Search\Lucene\Search\Similarity.php --> ftp.radiofone.com.br /public_html/radiofone/zendLibrary/Zend/Search/Lucene/Search Similarity.php
2011.07.09 00:17 B F:\xampp\htdocs\zendLibrary\Zend\Search\Lucene\Search\Weight.php --> ftp.radiofone.com.br /public_html/radiofone/zendLibrary/Zend/Search/Lucene/Search Weight.php
2011.07.09 00:17 B F:\xampp\htdocs\zendLibrary\Zend\Search\Lucene\Search\WS_FTP.LOG --> ftp.radiofone.com.br /public_html/radiofone/zendLibrary/Zend/Search/Lucene/Search WS_FTP.LOG
2011.07.09 00:51 B F:\xampp\htdocs\zendLibrary\Zend\Search\Lucene\Search\WS_FTP.LOG --> ftp.radiofone.com.br /public_html/radiofone/zendLibrary/Zend/Search/Lucene/Search WS_FTP.LOG
2011.07.26 23:06 B F:\xampp\htdocs\zendLibrary\Zend\Search\Lucene\Search\BooleanExpressionRecognizer.php --> ftp.sobrafo.org.br /public_html/zendLibrary/Zend/Search/Lucene/Search BooleanExpressionRecognizer.php
2011.07.26 23:06 B F:\xampp\htdocs\zendLibrary\Zend\Search\Lucene\Search\Query.php --> ftp.sobrafo.org.br /public_html/zendLibrary/Zend/Search/Lucene/Search Query.php
2011.07.26 23:06 B F:\xampp\htdocs\zendLibrary\Zend\Search\Lucene\Search\QueryEntry.php --> ftp.sobrafo.org.br /public_html/zendLibrary/Zend/Search/Lucene/Search QueryEntry.php
2011.07.26 23:06 B F:\xampp\htdocs\zendLibrary\Zend\Search\Lucene\Search\QueryHit.php --> ftp.sobrafo.org.br /public_html/zendLibrary/Zend/Search/Lucene/Search QueryHit.php
2011.07.26 23:06 B F:\xampp\htdocs\zendLibrary\Zend\Search\Lucene\Search\QueryLexer.php --> ftp.sobrafo.org.br /public_html/zendLibrary/Zend/Search/Lucene/Search QueryLexer.php
2011.07.26 23:06 B F:\xampp\htdocs\zendLibrary\Zend\Search\Lucene\Search\QueryParser.php --> ftp.sobrafo.org.br /public_html/zendLibrary/Zend/Search/Lucene/Search QueryParser.php
2011.07.26 23:06 B F:\xampp\htdocs\zendLibrary\Zend\Search\Lucene\Search\QueryParserContext.php --> ftp.sobrafo.org.br /public_html/zendLibrary/Zend/Search/Lucene/Search QueryParserContext.php
2011.07.26 23:06 B F:\xampp\htdocs\zendLibrary\Zend\Search\Lucene\Search\QueryParserException.php --> ftp.sobrafo.org.br /public_html/zendLibrary/Zend/Search/Lucene/Search QueryParserException.php
2011.07.26 23:06 B F:\xampp\htdocs\zendLibrary\Zend\Search\Lucene\Search\QueryToken.php --> ftp.sobrafo.org.br /public_html/zendLibrary/Zend/Search/Lucene/Search QueryToken.php
2011.07.26 23:06 B F:\xampp\htdocs\zendLibrary\Zend\Search\Lucene\Search\Similarity.php --> ftp.sobrafo.org.br /public_html/zendLibrary/Zend/Search/Lucene/Search Similarity.php
2011.07.26 23:06 B F:\xampp\htdocs\zendLibrary\Zend\Search\Lucene\Search\Weight.php --> ftp.sobrafo.org.br /public_html/zendLibrary/Zend/Search/Lucene/Search Weight.php
2011.07.26 23:06 B F:\xampp\htdocs\zendLibrary\Zend\Search\Lucene\Search\WS_FTP.LOG --> ftp.sobrafo.org.br /public_html/zendLibrary/Zend/Search/Lucene/Search WS_FTP.LOG
2011.08.09 17:26 B F:\xampp\htdocs\ZendLibrary\Zend\Search\Lucene\Search\BooleanExpressionRecognizer.php --> ftp.amfar.com.br /public_html/ZendLibrary/Zend/Search/Lucene/Search BooleanExpressionRecognizer.php
2011.08.09 17:26 B F:\xampp\htdocs\ZendLibrary\Zend\Search\Lucene\Search\Query.php --> ftp.amfar.com.br /public_html/ZendLibrary/Zend/Search/Lucene/Search Query.php
2011.08.09 17:26 B F:\xampp\htdocs\ZendLibrary\Zend\Search\Lucene\Search\QueryEntry.php --> ftp.amfar.com.br /public_html/ZendLibrary/Zend/Search/Lucene/Search QueryEntry.php
2011.08.09 17:26 B F:\xampp\htdocs\ZendLibrary\Zend\Search\Lucene\Search\QueryHit.php --> ftp.amfar.com.br /public_html/ZendLibrary/Zend/Search/Lucene/Search QueryHit.php
2011.08.09 17:26 B F:\xampp\htdocs\ZendLibrary\Zend\Search\Lucene\Search\QueryLexer.php --> ftp.amfar.com.br /public_html/ZendLibrary/Zend/Search/Lucene/Search QueryLexer.php
2011.08.09 17:26 B F:\xampp\htdocs\ZendLibrary\Zend\Search\Lucene\Search\QueryParser.php --> ftp.amfar.com.br /public_html/ZendLibrary/Zend/Search/Lucene/Search QueryParser.php
2011.08.09 17:26 B F:\xampp\htdocs\ZendLibrary\Zend\Search\Lucene\Search\QueryParserContext.php --> ftp.amfar.com.br /public_html/ZendLibrary/Zend/Search/Lucene/Search QueryParserContext.php
2011.08.09 17:26 B F:\xampp\htdocs\ZendLibrary\Zend\Search\Lucene\Search\QueryParserException.php --> ftp.amfar.com.br /public_html/ZendLibrary/Zend/Search/Lucene/Search QueryParserException.php
2011.08.09 17:26 B F:\xampp\htdocs\ZendLibrary\Zend\Search\Lucene\Search\QueryToken.php --> ftp.amfar.com.br /public_html/ZendLibrary/Zend/Search/Lucene/Search QueryToken.php
2011.08.09 17:26 B F:\xampp\htdocs\ZendLibrary\Zend\Search\Lucene\Search\Similarity.php --> ftp.amfar.com.br /public_html/ZendLibrary/Zend/Search/Lucene/Search Similarity.php
2011.08.09 17:26 B F:\xampp\htdocs\ZendLibrary\Zend\Search\Lucene\Search\Weight.php --> ftp.amfar.com.br /public_html/ZendLibrary/Zend/Search/Lucene/Search Weight.php
