2011.06.20 18:32 B F:\xampp\htdocs\zf-tutorial\library\Zend\CodeGenerator\Php\Abstract.php --> ftp.portalridgid.com.br /public_html/zf-tutorial/library/Zend/CodeGenerator/Php Abstract.php
2011.06.20 18:32 B F:\xampp\htdocs\zf-tutorial\library\Zend\CodeGenerator\Php\Body.php --> ftp.portalridgid.com.br /public_html/zf-tutorial/library/Zend/CodeGenerator/Php Body.php
2011.06.20 18:32 B F:\xampp\htdocs\zf-tutorial\library\Zend\CodeGenerator\Php\Class.php --> ftp.portalridgid.com.br /public_html/zf-tutorial/library/Zend/CodeGenerator/Php Class.php
2011.06.20 18:32 B F:\xampp\htdocs\zf-tutorial\library\Zend\CodeGenerator\Php\Docblock.php --> ftp.portalridgid.com.br /public_html/zf-tutorial/library/Zend/CodeGenerator/Php Docblock.php
2011.06.20 18:32 B F:\xampp\htdocs\zf-tutorial\library\Zend\CodeGenerator\Php\Exception.php --> ftp.portalridgid.com.br /public_html/zf-tutorial/library/Zend/CodeGenerator/Php Exception.php
2011.06.20 18:32 B F:\xampp\htdocs\zf-tutorial\library\Zend\CodeGenerator\Php\File.php --> ftp.portalridgid.com.br /public_html/zf-tutorial/library/Zend/CodeGenerator/Php File.php
2011.06.20 18:32 B F:\xampp\htdocs\zf-tutorial\library\Zend\CodeGenerator\Php\Method.php --> ftp.portalridgid.com.br /public_html/zf-tutorial/library/Zend/CodeGenerator/Php Method.php
2011.06.20 18:32 B F:\xampp\htdocs\zf-tutorial\library\Zend\CodeGenerator\Php\Parameter.php --> ftp.portalridgid.com.br /public_html/zf-tutorial/library/Zend/CodeGenerator/Php Parameter.php
2011.06.20 18:32 B F:\xampp\htdocs\zf-tutorial\library\Zend\CodeGenerator\Php\Property.php --> ftp.portalridgid.com.br /public_html/zf-tutorial/library/Zend/CodeGenerator/Php Property.php
2011.06.30 03:44 B F:\xampp\htdocs\zendLibrary\Zend\CodeGenerator\Php\WS_FTP.LOG --> ftp.sbrafh.org.br /sbrafh/Web/zendLibrary/Zend/CodeGenerator/Php WS_FTP.LOG
2011.06.30 03:44 B F:\xampp\htdocs\zendLibrary\Zend\CodeGenerator\Php\Property.php --> ftp.sbrafh.org.br /sbrafh/Web/zendLibrary/Zend/CodeGenerator/Php Property.php
2011.06.30 03:44 B F:\xampp\htdocs\zendLibrary\Zend\CodeGenerator\Php\Parameter.php --> ftp.sbrafh.org.br /sbrafh/Web/zendLibrary/Zend/CodeGenerator/Php Parameter.php
2011.06.30 03:44 B F:\xampp\htdocs\zendLibrary\Zend\CodeGenerator\Php\Method.php --> ftp.sbrafh.org.br /sbrafh/Web/zendLibrary/Zend/CodeGenerator/Php Method.php
2011.06.30 03:44 B F:\xampp\htdocs\zendLibrary\Zend\CodeGenerator\Php\File.php --> ftp.sbrafh.org.br /sbrafh/Web/zendLibrary/Zend/CodeGenerator/Php File.php
2011.06.30 03:44 B F:\xampp\htdocs\zendLibrary\Zend\CodeGenerator\Php\Exception.php --> ftp.sbrafh.org.br /sbrafh/Web/zendLibrary/Zend/CodeGenerator/Php Exception.php
2011.06.30 03:44 B F:\xampp\htdocs\zendLibrary\Zend\CodeGenerator\Php\Docblock.php --> ftp.sbrafh.org.br /sbrafh/Web/zendLibrary/Zend/CodeGenerator/Php Docblock.php
2011.06.30 03:44 B F:\xampp\htdocs\zendLibrary\Zend\CodeGenerator\Php\Class.php --> ftp.sbrafh.org.br /sbrafh/Web/zendLibrary/Zend/CodeGenerator/Php Class.php
2011.06.30 03:44 B F:\xampp\htdocs\zendLibrary\Zend\CodeGenerator\Php\Body.php --> ftp.sbrafh.org.br /sbrafh/Web/zendLibrary/Zend/CodeGenerator/Php Body.php
2011.06.30 03:44 B F:\xampp\htdocs\zendLibrary\Zend\CodeGenerator\Php\Abstract.php --> ftp.sbrafh.org.br /sbrafh/Web/zendLibrary/Zend/CodeGenerator/Php Abstract.php
2011.07.08 23:45 B F:\xampp\htdocs\zendLibrary\Zend\CodeGenerator\Php\Abstract.php --> ftp.radiofone.com.br /public_html/radiofone/zendLibrary/Zend/CodeGenerator/Php Abstract.php
2011.07.08 23:45 B F:\xampp\htdocs\zendLibrary\Zend\CodeGenerator\Php\Body.php --> ftp.radiofone.com.br /public_html/radiofone/zendLibrary/Zend/CodeGenerator/Php Body.php
2011.07.08 23:45 B F:\xampp\htdocs\zendLibrary\Zend\CodeGenerator\Php\Class.php --> ftp.radiofone.com.br /public_html/radiofone/zendLibrary/Zend/CodeGenerator/Php Class.php
2011.07.08 23:45 B F:\xampp\htdocs\zendLibrary\Zend\CodeGenerator\Php\Docblock.php --> ftp.radiofone.com.br /public_html/radiofone/zendLibrary/Zend/CodeGenerator/Php Docblock.php
2011.07.08 23:45 B F:\xampp\htdocs\zendLibrary\Zend\CodeGenerator\Php\Exception.php --> ftp.radiofone.com.br /public_html/radiofone/zendLibrary/Zend/CodeGenerator/Php Exception.php
2011.07.08 23:45 B F:\xampp\htdocs\zendLibrary\Zend\CodeGenerator\Php\File.php --> ftp.radiofone.com.br /public_html/radiofone/zendLibrary/Zend/CodeGenerator/Php File.php
2011.07.08 23:45 B F:\xampp\htdocs\zendLibrary\Zend\CodeGenerator\Php\Method.php --> ftp.radiofone.com.br /public_html/radiofone/zendLibrary/Zend/CodeGenerator/Php Method.php
2011.07.08 23:45 B F:\xampp\htdocs\zendLibrary\Zend\CodeGenerator\Php\Parameter.php --> ftp.radiofone.com.br /public_html/radiofone/zendLibrary/Zend/CodeGenerator/Php Parameter.php
2011.07.08 23:45 B F:\xampp\htdocs\zendLibrary\Zend\CodeGenerator\Php\Property.php --> ftp.radiofone.com.br /public_html/radiofone/zendLibrary/Zend/CodeGenerator/Php Property.php
2011.07.08 23:45 B F:\xampp\htdocs\zendLibrary\Zend\CodeGenerator\Php\WS_FTP.LOG --> ftp.radiofone.com.br /public_html/radiofone/zendLibrary/Zend/CodeGenerator/Php WS_FTP.LOG
2011.07.09 00:45 B F:\xampp\htdocs\zendLibrary\Zend\CodeGenerator\Php\WS_FTP.LOG --> ftp.radiofone.com.br /public_html/radiofone/zendLibrary/Zend/CodeGenerator/Php WS_FTP.LOG
2011.07.26 22:45 B F:\xampp\htdocs\zendLibrary\Zend\CodeGenerator\Php\Abstract.php --> ftp.sobrafo.org.br /public_html/zendLibrary/Zend/CodeGenerator/Php Abstract.php
2011.07.26 22:45 B F:\xampp\htdocs\zendLibrary\Zend\CodeGenerator\Php\Body.php --> ftp.sobrafo.org.br /public_html/zendLibrary/Zend/CodeGenerator/Php Body.php
2011.07.26 22:45 B F:\xampp\htdocs\zendLibrary\Zend\CodeGenerator\Php\Class.php --> ftp.sobrafo.org.br /public_html/zendLibrary/Zend/CodeGenerator/Php Class.php
2011.07.26 22:45 B F:\xampp\htdocs\zendLibrary\Zend\CodeGenerator\Php\Docblock.php --> ftp.sobrafo.org.br /public_html/zendLibrary/Zend/CodeGenerator/Php Docblock.php
2011.07.26 22:45 B F:\xampp\htdocs\zendLibrary\Zend\CodeGenerator\Php\Exception.php --> ftp.sobrafo.org.br /public_html/zendLibrary/Zend/CodeGenerator/Php Exception.php
2011.07.26 22:45 B F:\xampp\htdocs\zendLibrary\Zend\CodeGenerator\Php\File.php --> ftp.sobrafo.org.br /public_html/zendLibrary/Zend/CodeGenerator/Php File.php
2011.07.26 22:45 B F:\xampp\htdocs\zendLibrary\Zend\CodeGenerator\Php\Method.php --> ftp.sobrafo.org.br /public_html/zendLibrary/Zend/CodeGenerator/Php Method.php
2011.07.26 22:45 B F:\xampp\htdocs\zendLibrary\Zend\CodeGenerator\Php\Parameter.php --> ftp.sobrafo.org.br /public_html/zendLibrary/Zend/CodeGenerator/Php Parameter.php
2011.07.26 22:45 B F:\xampp\htdocs\zendLibrary\Zend\CodeGenerator\Php\Property.php --> ftp.sobrafo.org.br /public_html/zendLibrary/Zend/CodeGenerator/Php Property.php
2011.07.26 22:45 B F:\xampp\htdocs\zendLibrary\Zend\CodeGenerator\Php\WS_FTP.LOG --> ftp.sobrafo.org.br /public_html/zendLibrary/Zend/CodeGenerator/Php WS_FTP.LOG
2011.08.05 01:01 B F:\xampp\htdocs\ZendLibrary\Zend\CodeGenerator\Php\WS_FTP.LOG --> ftp.portalridgid.com.br /public_html/zendLibrary/Zend/CodeGenerator/Php WS_FTP.LOG
2011.08.09 16:55 B F:\xampp\htdocs\ZendLibrary\Zend\CodeGenerator\Php\Abstract.php --> ftp.amfar.com.br /public_html/ZendLibrary/Zend/CodeGenerator/Php Abstract.php
2011.08.09 16:55 B F:\xampp\htdocs\ZendLibrary\Zend\CodeGenerator\Php\Body.php --> ftp.amfar.com.br /public_html/ZendLibrary/Zend/CodeGenerator/Php Body.php
2011.08.09 16:55 B F:\xampp\htdocs\ZendLibrary\Zend\CodeGenerator\Php\Class.php --> ftp.amfar.com.br /public_html/ZendLibrary/Zend/CodeGenerator/Php Class.php
2011.08.09 16:55 B F:\xampp\htdocs\ZendLibrary\Zend\CodeGenerator\Php\Docblock.php --> ftp.amfar.com.br /public_html/ZendLibrary/Zend/CodeGenerator/Php Docblock.php
2011.08.09 16:55 B F:\xampp\htdocs\ZendLibrary\Zend\CodeGenerator\Php\Exception.php --> ftp.amfar.com.br /public_html/ZendLibrary/Zend/CodeGenerator/Php Exception.php
2011.08.09 16:55 B F:\xampp\htdocs\ZendLibrary\Zend\CodeGenerator\Php\File.php --> ftp.amfar.com.br /public_html/ZendLibrary/Zend/CodeGenerator/Php File.php
2011.08.09 16:55 B F:\xampp\htdocs\ZendLibrary\Zend\CodeGenerator\Php\Method.php --> ftp.amfar.com.br /public_html/ZendLibrary/Zend/CodeGenerator/Php Method.php
2011.08.09 16:55 B F:\xampp\htdocs\ZendLibrary\Zend\CodeGenerator\Php\Parameter.php --> ftp.amfar.com.br /public_html/ZendLibrary/Zend/CodeGenerator/Php Parameter.php
2011.08.09 16:55 B F:\xampp\htdocs\ZendLibrary\Zend\CodeGenerator\Php\Property.php --> ftp.amfar.com.br /public_html/ZendLibrary/Zend/CodeGenerator/Php Property.php
2011.08.09 16:55 B F:\xampp\htdocs\ZendLibrary\Zend\CodeGenerator\Php\WS_FTP.LOG --> ftp.amfar.com.br /public_html/ZendLibrary/Zend/CodeGenerator/Php WS_FTP.LOG
2011.08.22 20:58 B X:\xampp\htdocs\ZendLibrary\Zend\CodeGenerator\Php\Abstract.php --> ftp.jairodepaula.com.br /jairodepaula/web/ZendLibrary/Zend/CodeGenerator/Php Abstract.php
2011.08.22 20:58 B X:\xampp\htdocs\ZendLibrary\Zend\CodeGenerator\Php\Body.php --> ftp.jairodepaula.com.br /jairodepaula/web/ZendLibrary/Zend/CodeGenerator/Php Body.php
2011.08.22 20:58 B X:\xampp\htdocs\ZendLibrary\Zend\CodeGenerator\Php\Class.php --> ftp.jairodepaula.com.br /jairodepaula/web/ZendLibrary/Zend/CodeGenerator/Php Class.php
2011.08.22 20:58 B X:\xampp\htdocs\ZendLibrary\Zend\CodeGenerator\Php\Docblock.php --> ftp.jairodepaula.com.br /jairodepaula/web/ZendLibrary/Zend/CodeGenerator/Php Docblock.php
2011.08.22 20:58 B X:\xampp\htdocs\ZendLibrary\Zend\CodeGenerator\Php\Exception.php --> ftp.jairodepaula.com.br /jairodepaula/web/ZendLibrary/Zend/CodeGenerator/Php Exception.php
2011.08.22 20:58 B X:\xampp\htdocs\ZendLibrary\Zend\CodeGenerator\Php\File.php --> ftp.jairodepaula.com.br /jairodepaula/web/ZendLibrary/Zend/CodeGenerator/Php File.php
2011.08.22 20:58 B X:\xampp\htdocs\ZendLibrary\Zend\CodeGenerator\Php\Method.php --> ftp.jairodepaula.com.br /jairodepaula/web/ZendLibrary/Zend/CodeGenerator/Php Method.php
2011.08.22 20:58 B X:\xampp\htdocs\ZendLibrary\Zend\CodeGenerator\Php\Parameter.php --> ftp.jairodepaula.com.br /jairodepaula/web/ZendLibrary/Zend/CodeGenerator/Php Parameter.php
2011.08.22 20:58 B X:\xampp\htdocs\ZendLibrary\Zend\CodeGenerator\Php\Property.php --> ftp.jairodepaula.com.br /jairodepaula/web/ZendLibrary/Zend/CodeGenerator/Php Property.php
2011.08.22 20:58 B X:\xampp\htdocs\ZendLibrary\Zend\CodeGenerator\Php\WS_FTP.LOG --> ftp.jairodepaula.com.br /jairodepaula/web/ZendLibrary/Zend/CodeGenerator/Php WS_FTP.LOG
2011.12.31 14:47 B F:\xampp\htdocs\ZendLibrary\Zend\CodeGenerator\Php\Abstract.php --> ftp.sbrafh.org.br /public_html/ZendLibrary/Zend/CodeGenerator/Php Abstract.php
2011.12.31 14:47 B F:\xampp\htdocs\ZendLibrary\Zend\CodeGenerator\Php\Body.php --> ftp.sbrafh.org.br /public_html/ZendLibrary/Zend/CodeGenerator/Php Body.php
2011.12.31 14:47 B F:\xampp\htdocs\ZendLibrary\Zend\CodeGenerator\Php\Class.php --> ftp.sbrafh.org.br /public_html/ZendLibrary/Zend/CodeGenerator/Php Class.php
2011.12.31 14:47 B F:\xampp\htdocs\ZendLibrary\Zend\CodeGenerator\Php\Docblock.php --> ftp.sbrafh.org.br /public_html/ZendLibrary/Zend/CodeGenerator/Php Docblock.php
2011.12.31 14:47 B F:\xampp\htdocs\ZendLibrary\Zend\CodeGenerator\Php\Exception.php --> ftp.sbrafh.org.br /public_html/ZendLibrary/Zend/CodeGenerator/Php Exception.php
2011.12.31 14:47 B F:\xampp\htdocs\ZendLibrary\Zend\CodeGenerator\Php\File.php --> ftp.sbrafh.org.br /public_html/ZendLibrary/Zend/CodeGenerator/Php File.php
2011.12.31 14:47 B F:\xampp\htdocs\ZendLibrary\Zend\CodeGenerator\Php\Method.php --> ftp.sbrafh.org.br /public_html/ZendLibrary/Zend/CodeGenerator/Php Method.php
2011.12.31 14:47 B F:\xampp\htdocs\ZendLibrary\Zend\CodeGenerator\Php\Parameter.php --> ftp.sbrafh.org.br /public_html/ZendLibrary/Zend/CodeGenerator/Php Parameter.php
2011.12.31 14:48 B F:\xampp\htdocs\ZendLibrary\Zend\CodeGenerator\Php\Property.php --> ftp.sbrafh.org.br /public_html/ZendLibrary/Zend/CodeGenerator/Php Property.php
2011.12.31 14:48 B F:\xampp\htdocs\ZendLibrary\Zend\CodeGenerator\Php\WS_FTP.LOG --> ftp.sbrafh.org.br /public_html/ZendLibrary/Zend/CodeGenerator/Php WS_FTP.LOG
2012.01.06 03:16 B F:\xampp\htdocs\ZendLibrary\Zend\CodeGenerator\Php\Abstract.php --> ftp461.locaweb.com.br /ridgid/web/ZendLibrary/Zend/CodeGenerator/Php Abstract.php
2012.01.06 03:16 B F:\xampp\htdocs\ZendLibrary\Zend\CodeGenerator\Php\Body.php --> ftp461.locaweb.com.br /ridgid/web/ZendLibrary/Zend/CodeGenerator/Php Body.php
2012.01.06 03:16 B F:\xampp\htdocs\ZendLibrary\Zend\CodeGenerator\Php\Class.php --> ftp461.locaweb.com.br /ridgid/web/ZendLibrary/Zend/CodeGenerator/Php Class.php
2012.01.06 03:16 B F:\xampp\htdocs\ZendLibrary\Zend\CodeGenerator\Php\Docblock.php --> ftp461.locaweb.com.br /ridgid/web/ZendLibrary/Zend/CodeGenerator/Php Docblock.php
2012.01.06 03:16 B F:\xampp\htdocs\ZendLibrary\Zend\CodeGenerator\Php\Exception.php --> ftp461.locaweb.com.br /ridgid/web/ZendLibrary/Zend/CodeGenerator/Php Exception.php
2012.01.06 03:16 B F:\xampp\htdocs\ZendLibrary\Zend\CodeGenerator\Php\File.php --> ftp461.locaweb.com.br /ridgid/web/ZendLibrary/Zend/CodeGenerator/Php File.php
2012.01.06 03:16 B F:\xampp\htdocs\ZendLibrary\Zend\CodeGenerator\Php\Method.php --> ftp461.locaweb.com.br /ridgid/web/ZendLibrary/Zend/CodeGenerator/Php Method.php
2012.01.06 03:16 B F:\xampp\htdocs\ZendLibrary\Zend\CodeGenerator\Php\Parameter.php --> ftp461.locaweb.com.br /ridgid/web/ZendLibrary/Zend/CodeGenerator/Php Parameter.php
2012.01.06 03:16 B F:\xampp\htdocs\ZendLibrary\Zend\CodeGenerator\Php\Property.php --> ftp461.locaweb.com.br /ridgid/web/ZendLibrary/Zend/CodeGenerator/Php Property.php
2012.01.06 03:16 B F:\xampp\htdocs\ZendLibrary\Zend\CodeGenerator\Php\WS_FTP.LOG --> ftp461.locaweb.com.br /ridgid/web/ZendLibrary/Zend/CodeGenerator/Php WS_FTP.LOG
2012.01.24 17:30 B F:\xampp\htdocs\ZendLibrary\Zend\CodeGenerator\Php\Abstract.php --> graficamarmar.com.br /htdocs/ZendLibrary/Zend/CodeGenerator/Php Abstract.php
2012.01.24 17:31 B F:\xampp\htdocs\ZendLibrary\Zend\CodeGenerator\Php\Body.php --> graficamarmar.com.br /htdocs/ZendLibrary/Zend/CodeGenerator/Php Body.php
2012.01.24 17:31 B F:\xampp\htdocs\ZendLibrary\Zend\CodeGenerator\Php\Class.php --> graficamarmar.com.br /htdocs/ZendLibrary/Zend/CodeGenerator/Php Class.php
2012.01.24 17:31 B F:\xampp\htdocs\ZendLibrary\Zend\CodeGenerator\Php\Docblock.php --> graficamarmar.com.br /htdocs/ZendLibrary/Zend/CodeGenerator/Php Docblock.php
2012.01.24 17:31 B F:\xampp\htdocs\ZendLibrary\Zend\CodeGenerator\Php\Exception.php --> graficamarmar.com.br /htdocs/ZendLibrary/Zend/CodeGenerator/Php Exception.php
2012.01.24 17:31 B F:\xampp\htdocs\ZendLibrary\Zend\CodeGenerator\Php\File.php --> graficamarmar.com.br /htdocs/ZendLibrary/Zend/CodeGenerator/Php File.php
2012.01.24 17:31 B F:\xampp\htdocs\ZendLibrary\Zend\CodeGenerator\Php\Method.php --> graficamarmar.com.br /htdocs/ZendLibrary/Zend/CodeGenerator/Php Method.php
2012.01.24 17:31 B F:\xampp\htdocs\ZendLibrary\Zend\CodeGenerator\Php\Parameter.php --> graficamarmar.com.br /htdocs/ZendLibrary/Zend/CodeGenerator/Php Parameter.php
2012.01.24 17:31 B F:\xampp\htdocs\ZendLibrary\Zend\CodeGenerator\Php\Property.php --> graficamarmar.com.br /htdocs/ZendLibrary/Zend/CodeGenerator/Php Property.php
2012.01.24 17:31 B F:\xampp\htdocs\ZendLibrary\Zend\CodeGenerator\Php\WS_FTP.LOG --> graficamarmar.com.br /htdocs/ZendLibrary/Zend/CodeGenerator/Php WS_FTP.LOG
2012.02.08 17:04 B F:\xampp\htdocs\ZendLibrary\Zend\CodeGenerator\Php\Abstract.php --> graficamarmar.hospedagemdesites.ws /public_html/ZendLibrary/Zend/CodeGenerator/Php Abstract.php
2012.02.08 17:04 B F:\xampp\htdocs\ZendLibrary\Zend\CodeGenerator\Php\Body.php --> graficamarmar.hospedagemdesites.ws /public_html/ZendLibrary/Zend/CodeGenerator/Php Body.php
2012.02.08 17:04 B F:\xampp\htdocs\ZendLibrary\Zend\CodeGenerator\Php\Class.php --> graficamarmar.hospedagemdesites.ws /public_html/ZendLibrary/Zend/CodeGenerator/Php Class.php
2012.02.08 17:04 B F:\xampp\htdocs\ZendLibrary\Zend\CodeGenerator\Php\Docblock.php --> graficamarmar.hospedagemdesites.ws /public_html/ZendLibrary/Zend/CodeGenerator/Php Docblock.php
2012.02.08 17:04 B F:\xampp\htdocs\ZendLibrary\Zend\CodeGenerator\Php\Exception.php --> graficamarmar.hospedagemdesites.ws /public_html/ZendLibrary/Zend/CodeGenerator/Php Exception.php
2012.02.08 17:04 B F:\xampp\htdocs\ZendLibrary\Zend\CodeGenerator\Php\File.php --> graficamarmar.hospedagemdesites.ws /public_html/ZendLibrary/Zend/CodeGenerator/Php File.php
2012.02.08 17:04 B F:\xampp\htdocs\ZendLibrary\Zend\CodeGenerator\Php\Method.php --> graficamarmar.hospedagemdesites.ws /public_html/ZendLibrary/Zend/CodeGenerator/Php Method.php
2012.02.08 17:04 B F:\xampp\htdocs\ZendLibrary\Zend\CodeGenerator\Php\Parameter.php --> graficamarmar.hospedagemdesites.ws /public_html/ZendLibrary/Zend/CodeGenerator/Php Parameter.php
2012.02.08 17:04 B F:\xampp\htdocs\ZendLibrary\Zend\CodeGenerator\Php\Property.php --> graficamarmar.hospedagemdesites.ws /public_html/ZendLibrary/Zend/CodeGenerator/Php Property.php
2012.02.08 17:04 B F:\xampp\htdocs\ZendLibrary\Zend\CodeGenerator\Php\WS_FTP.LOG --> graficamarmar.hospedagemdesites.ws /public_html/ZendLibrary/Zend/CodeGenerator/Php WS_FTP.LOG
2012.10.29 14:41 B F:\xampp\htdocs\ZendLibrary\Zend\CodeGenerator\Php\Abstract.php --> 186.202.153.85 /public_html/ZendLibrary/Zend/CodeGenerator/Php Abstract.php
2012.10.29 14:41 B F:\xampp\htdocs\ZendLibrary\Zend\CodeGenerator\Php\Body.php --> 186.202.153.85 /public_html/ZendLibrary/Zend/CodeGenerator/Php Body.php
2012.10.29 14:41 B F:\xampp\htdocs\ZendLibrary\Zend\CodeGenerator\Php\Class.php --> 186.202.153.85 /public_html/ZendLibrary/Zend/CodeGenerator/Php Class.php
2012.10.29 14:41 B F:\xampp\htdocs\ZendLibrary\Zend\CodeGenerator\Php\Docblock.php --> 186.202.153.85 /public_html/ZendLibrary/Zend/CodeGenerator/Php Docblock.php
2012.10.29 14:41 B F:\xampp\htdocs\ZendLibrary\Zend\CodeGenerator\Php\Exception.php --> 186.202.153.85 /public_html/ZendLibrary/Zend/CodeGenerator/Php Exception.php
2012.10.29 14:41 B F:\xampp\htdocs\ZendLibrary\Zend\CodeGenerator\Php\File.php --> 186.202.153.85 /public_html/ZendLibrary/Zend/CodeGenerator/Php File.php
2012.10.29 14:41 B F:\xampp\htdocs\ZendLibrary\Zend\CodeGenerator\Php\Method.php --> 186.202.153.85 /public_html/ZendLibrary/Zend/CodeGenerator/Php Method.php
2012.10.29 14:41 B F:\xampp\htdocs\ZendLibrary\Zend\CodeGenerator\Php\Parameter.php --> 186.202.153.85 /public_html/ZendLibrary/Zend/CodeGenerator/Php Parameter.php
2012.10.29 14:41 B F:\xampp\htdocs\ZendLibrary\Zend\CodeGenerator\Php\Property.php --> 186.202.153.85 /public_html/ZendLibrary/Zend/CodeGenerator/Php Property.php
2012.10.29 14:41 B F:\xampp\htdocs\ZendLibrary\Zend\CodeGenerator\Php\WS_FTP.LOG --> 186.202.153.85 /public_html/ZendLibrary/Zend/CodeGenerator/Php WS_FTP.LOG
