2011.06.20 18:54 B F:\xampp\htdocs\zf-tutorial\library\Zend\Service\WindowsAzure\Credentials\CredentialsAbstract.php --> ftp.portalridgid.com.br /public_html/zf-tutorial/library/Zend/Service/WindowsAzure/Credentials CredentialsAbstract.php
2011.06.20 18:54 B F:\xampp\htdocs\zf-tutorial\library\Zend\Service\WindowsAzure\Credentials\Exception.php --> ftp.portalridgid.com.br /public_html/zf-tutorial/library/Zend/Service/WindowsAzure/Credentials Exception.php
2011.06.20 18:54 B F:\xampp\htdocs\zf-tutorial\library\Zend\Service\WindowsAzure\Credentials\SharedAccessSignature.php --> ftp.portalridgid.com.br /public_html/zf-tutorial/library/Zend/Service/WindowsAzure/Credentials SharedAccessSignature.php
2011.06.20 18:54 B F:\xampp\htdocs\zf-tutorial\library\Zend\Service\WindowsAzure\Credentials\SharedKey.php --> ftp.portalridgid.com.br /public_html/zf-tutorial/library/Zend/Service/WindowsAzure/Credentials SharedKey.php
2011.06.20 18:54 B F:\xampp\htdocs\zf-tutorial\library\Zend\Service\WindowsAzure\Credentials\SharedKeyLite.php --> ftp.portalridgid.com.br /public_html/zf-tutorial/library/Zend/Service/WindowsAzure/Credentials SharedKeyLite.php
2011.06.30 03:11 B F:\xampp\htdocs\zendLibrary\Zend\Service\WindowsAzure\Credentials\WS_FTP.LOG --> ftp.sbrafh.org.br /sbrafh/Web/zendLibrary/Zend/Service/WindowsAzure/Credentials WS_FTP.LOG
2011.06.30 03:11 B F:\xampp\htdocs\zendLibrary\Zend\Service\WindowsAzure\Credentials\SharedKeyLite.php --> ftp.sbrafh.org.br /sbrafh/Web/zendLibrary/Zend/Service/WindowsAzure/Credentials SharedKeyLite.php
2011.06.30 03:11 B F:\xampp\htdocs\zendLibrary\Zend\Service\WindowsAzure\Credentials\SharedKey.php --> ftp.sbrafh.org.br /sbrafh/Web/zendLibrary/Zend/Service/WindowsAzure/Credentials SharedKey.php
2011.06.30 03:11 B F:\xampp\htdocs\zendLibrary\Zend\Service\WindowsAzure\Credentials\SharedAccessSignature.php --> ftp.sbrafh.org.br /sbrafh/Web/zendLibrary/Zend/Service/WindowsAzure/Credentials SharedAccessSignature.php
2011.06.30 03:11 B F:\xampp\htdocs\zendLibrary\Zend\Service\WindowsAzure\Credentials\Exception.php --> ftp.sbrafh.org.br /sbrafh/Web/zendLibrary/Zend/Service/WindowsAzure/Credentials Exception.php
2011.06.30 03:11 B F:\xampp\htdocs\zendLibrary\Zend\Service\WindowsAzure\Credentials\CredentialsAbstract.php --> ftp.sbrafh.org.br /sbrafh/Web/zendLibrary/Zend/Service/WindowsAzure/Credentials CredentialsAbstract.php
2011.07.09 00:21 B F:\xampp\htdocs\zendLibrary\Zend\Service\WindowsAzure\Credentials\CredentialsAbstract.php --> ftp.radiofone.com.br /public_html/radiofone/zendLibrary/Zend/Service/WindowsAzure/Credentials CredentialsAbstract.php
2011.07.09 00:21 B F:\xampp\htdocs\zendLibrary\Zend\Service\WindowsAzure\Credentials\Exception.php --> ftp.radiofone.com.br /public_html/radiofone/zendLibrary/Zend/Service/WindowsAzure/Credentials Exception.php
2011.07.09 00:21 B F:\xampp\htdocs\zendLibrary\Zend\Service\WindowsAzure\Credentials\SharedAccessSignature.php --> ftp.radiofone.com.br /public_html/radiofone/zendLibrary/Zend/Service/WindowsAzure/Credentials SharedAccessSignature.php
2011.07.09 00:21 B F:\xampp\htdocs\zendLibrary\Zend\Service\WindowsAzure\Credentials\SharedKey.php --> ftp.radiofone.com.br /public_html/radiofone/zendLibrary/Zend/Service/WindowsAzure/Credentials SharedKey.php
2011.07.09 00:21 B F:\xampp\htdocs\zendLibrary\Zend\Service\WindowsAzure\Credentials\SharedKeyLite.php --> ftp.radiofone.com.br /public_html/radiofone/zendLibrary/Zend/Service/WindowsAzure/Credentials SharedKeyLite.php
2011.07.09 00:21 B F:\xampp\htdocs\zendLibrary\Zend\Service\WindowsAzure\Credentials\WS_FTP.LOG --> ftp.radiofone.com.br /public_html/radiofone/zendLibrary/Zend/Service/WindowsAzure/Credentials WS_FTP.LOG
2011.07.09 00:53 B F:\xampp\htdocs\zendLibrary\Zend\Service\WindowsAzure\Credentials\WS_FTP.LOG --> ftp.radiofone.com.br /public_html/radiofone/zendLibrary/Zend/Service/WindowsAzure/Credentials WS_FTP.LOG
2011.07.26 23:10 B F:\xampp\htdocs\zendLibrary\Zend\Service\WindowsAzure\Credentials\CredentialsAbstract.php --> ftp.sobrafo.org.br /public_html/zendLibrary/Zend/Service/WindowsAzure/Credentials CredentialsAbstract.php
2011.07.26 23:10 B F:\xampp\htdocs\zendLibrary\Zend\Service\WindowsAzure\Credentials\Exception.php --> ftp.sobrafo.org.br /public_html/zendLibrary/Zend/Service/WindowsAzure/Credentials Exception.php
2011.07.26 23:10 B F:\xampp\htdocs\zendLibrary\Zend\Service\WindowsAzure\Credentials\SharedAccessSignature.php --> ftp.sobrafo.org.br /public_html/zendLibrary/Zend/Service/WindowsAzure/Credentials SharedAccessSignature.php
2011.07.26 23:10 B F:\xampp\htdocs\zendLibrary\Zend\Service\WindowsAzure\Credentials\SharedKey.php --> ftp.sobrafo.org.br /public_html/zendLibrary/Zend/Service/WindowsAzure/Credentials SharedKey.php
2011.07.26 23:10 B F:\xampp\htdocs\zendLibrary\Zend\Service\WindowsAzure\Credentials\SharedKeyLite.php --> ftp.sobrafo.org.br /public_html/zendLibrary/Zend/Service/WindowsAzure/Credentials SharedKeyLite.php
2011.07.26 23:10 B F:\xampp\htdocs\zendLibrary\Zend\Service\WindowsAzure\Credentials\WS_FTP.LOG --> ftp.sobrafo.org.br /public_html/zendLibrary/Zend/Service/WindowsAzure/Credentials WS_FTP.LOG
2011.08.09 17:30 B F:\xampp\htdocs\ZendLibrary\Zend\Service\WindowsAzure\Credentials\CredentialsAbstract.php --> ftp.amfar.com.br /public_html/ZendLibrary/Zend/Service/WindowsAzure/Credentials CredentialsAbstract.php
2011.08.09 17:30 B F:\xampp\htdocs\ZendLibrary\Zend\Service\WindowsAzure\Credentials\Exception.php --> ftp.amfar.com.br /public_html/ZendLibrary/Zend/Service/WindowsAzure/Credentials Exception.php
2011.08.09 17:30 B F:\xampp\htdocs\ZendLibrary\Zend\Service\WindowsAzure\Credentials\SharedAccessSignature.php --> ftp.amfar.com.br /public_html/ZendLibrary/Zend/Service/WindowsAzure/Credentials SharedAccessSignature.php
2011.08.09 17:30 B F:\xampp\htdocs\ZendLibrary\Zend\Service\WindowsAzure\Credentials\SharedKey.php --> ftp.amfar.com.br /public_html/ZendLibrary/Zend/Service/WindowsAzure/Credentials SharedKey.php
2011.08.09 17:30 B F:\xampp\htdocs\ZendLibrary\Zend\Service\WindowsAzure\Credentials\SharedKeyLite.php --> ftp.amfar.com.br /public_html/ZendLibrary/Zend/Service/WindowsAzure/Credentials SharedKeyLite.php
