2011.06.20 18:36 B F:\xampp\htdocs\zf-tutorial\library\Zend\Gdata\App\Extension\Author.php --> ftp.portalridgid.com.br /public_html/zf-tutorial/library/Zend/Gdata/App/Extension Author.php
2011.06.20 18:36 B F:\xampp\htdocs\zf-tutorial\library\Zend\Gdata\App\Extension\Category.php --> ftp.portalridgid.com.br /public_html/zf-tutorial/library/Zend/Gdata/App/Extension Category.php
2011.06.20 18:36 B F:\xampp\htdocs\zf-tutorial\library\Zend\Gdata\App\Extension\Content.php --> ftp.portalridgid.com.br /public_html/zf-tutorial/library/Zend/Gdata/App/Extension Content.php
2011.06.20 18:36 B F:\xampp\htdocs\zf-tutorial\library\Zend\Gdata\App\Extension\Contributor.php --> ftp.portalridgid.com.br /public_html/zf-tutorial/library/Zend/Gdata/App/Extension Contributor.php
2011.06.20 18:36 B F:\xampp\htdocs\zf-tutorial\library\Zend\Gdata\App\Extension\Control.php --> ftp.portalridgid.com.br /public_html/zf-tutorial/library/Zend/Gdata/App/Extension Control.php
2011.06.20 18:36 B F:\xampp\htdocs\zf-tutorial\library\Zend\Gdata\App\Extension\Draft.php --> ftp.portalridgid.com.br /public_html/zf-tutorial/library/Zend/Gdata/App/Extension Draft.php
2011.06.20 18:36 B F:\xampp\htdocs\zf-tutorial\library\Zend\Gdata\App\Extension\Edited.php --> ftp.portalridgid.com.br /public_html/zf-tutorial/library/Zend/Gdata/App/Extension Edited.php
2011.06.20 18:36 B F:\xampp\htdocs\zf-tutorial\library\Zend\Gdata\App\Extension\Element.php --> ftp.portalridgid.com.br /public_html/zf-tutorial/library/Zend/Gdata/App/Extension Element.php
2011.06.20 18:36 B F:\xampp\htdocs\zf-tutorial\library\Zend\Gdata\App\Extension\Email.php --> ftp.portalridgid.com.br /public_html/zf-tutorial/library/Zend/Gdata/App/Extension Email.php
2011.06.20 18:36 B F:\xampp\htdocs\zf-tutorial\library\Zend\Gdata\App\Extension\Generator.php --> ftp.portalridgid.com.br /public_html/zf-tutorial/library/Zend/Gdata/App/Extension Generator.php
2011.06.20 18:36 B F:\xampp\htdocs\zf-tutorial\library\Zend\Gdata\App\Extension\Icon.php --> ftp.portalridgid.com.br /public_html/zf-tutorial/library/Zend/Gdata/App/Extension Icon.php
2011.06.20 18:36 B F:\xampp\htdocs\zf-tutorial\library\Zend\Gdata\App\Extension\Id.php --> ftp.portalridgid.com.br /public_html/zf-tutorial/library/Zend/Gdata/App/Extension Id.php
2011.06.20 18:36 B F:\xampp\htdocs\zf-tutorial\library\Zend\Gdata\App\Extension\Link.php --> ftp.portalridgid.com.br /public_html/zf-tutorial/library/Zend/Gdata/App/Extension Link.php
2011.06.20 18:36 B F:\xampp\htdocs\zf-tutorial\library\Zend\Gdata\App\Extension\Logo.php --> ftp.portalridgid.com.br /public_html/zf-tutorial/library/Zend/Gdata/App/Extension Logo.php
2011.06.20 18:36 B F:\xampp\htdocs\zf-tutorial\library\Zend\Gdata\App\Extension\Name.php --> ftp.portalridgid.com.br /public_html/zf-tutorial/library/Zend/Gdata/App/Extension Name.php
2011.06.20 18:36 B F:\xampp\htdocs\zf-tutorial\library\Zend\Gdata\App\Extension\Person.php --> ftp.portalridgid.com.br /public_html/zf-tutorial/library/Zend/Gdata/App/Extension Person.php
2011.06.20 18:36 B F:\xampp\htdocs\zf-tutorial\library\Zend\Gdata\App\Extension\Published.php --> ftp.portalridgid.com.br /public_html/zf-tutorial/library/Zend/Gdata/App/Extension Published.php
2011.06.20 18:36 B F:\xampp\htdocs\zf-tutorial\library\Zend\Gdata\App\Extension\Rights.php --> ftp.portalridgid.com.br /public_html/zf-tutorial/library/Zend/Gdata/App/Extension Rights.php
2011.06.20 18:36 B F:\xampp\htdocs\zf-tutorial\library\Zend\Gdata\App\Extension\Source.php --> ftp.portalridgid.com.br /public_html/zf-tutorial/library/Zend/Gdata/App/Extension Source.php
2011.06.20 18:36 B F:\xampp\htdocs\zf-tutorial\library\Zend\Gdata\App\Extension\Subtitle.php --> ftp.portalridgid.com.br /public_html/zf-tutorial/library/Zend/Gdata/App/Extension Subtitle.php
2011.06.20 18:36 B F:\xampp\htdocs\zf-tutorial\library\Zend\Gdata\App\Extension\Summary.php --> ftp.portalridgid.com.br /public_html/zf-tutorial/library/Zend/Gdata/App/Extension Summary.php
2011.06.20 18:36 B F:\xampp\htdocs\zf-tutorial\library\Zend\Gdata\App\Extension\Text.php --> ftp.portalridgid.com.br /public_html/zf-tutorial/library/Zend/Gdata/App/Extension Text.php
2011.06.20 18:36 B F:\xampp\htdocs\zf-tutorial\library\Zend\Gdata\App\Extension\Title.php --> ftp.portalridgid.com.br /public_html/zf-tutorial/library/Zend/Gdata/App/Extension Title.php
2011.06.20 18:36 B F:\xampp\htdocs\zf-tutorial\library\Zend\Gdata\App\Extension\Updated.php --> ftp.portalridgid.com.br /public_html/zf-tutorial/library/Zend/Gdata/App/Extension Updated.php
2011.06.20 18:36 B F:\xampp\htdocs\zf-tutorial\library\Zend\Gdata\App\Extension\Uri.php --> ftp.portalridgid.com.br /public_html/zf-tutorial/library/Zend/Gdata/App/Extension Uri.php
2011.06.30 03:36 B F:\xampp\htdocs\zendLibrary\Zend\Gdata\App\Extension\WS_FTP.LOG --> ftp.sbrafh.org.br /sbrafh/Web/zendLibrary/Zend/Gdata/App/Extension WS_FTP.LOG
2011.06.30 03:36 B F:\xampp\htdocs\zendLibrary\Zend\Gdata\App\Extension\Uri.php --> ftp.sbrafh.org.br /sbrafh/Web/zendLibrary/Zend/Gdata/App/Extension Uri.php
2011.06.30 03:36 B F:\xampp\htdocs\zendLibrary\Zend\Gdata\App\Extension\Updated.php --> ftp.sbrafh.org.br /sbrafh/Web/zendLibrary/Zend/Gdata/App/Extension Updated.php
2011.06.30 03:36 B F:\xampp\htdocs\zendLibrary\Zend\Gdata\App\Extension\Title.php --> ftp.sbrafh.org.br /sbrafh/Web/zendLibrary/Zend/Gdata/App/Extension Title.php
2011.06.30 03:36 B F:\xampp\htdocs\zendLibrary\Zend\Gdata\App\Extension\Text.php --> ftp.sbrafh.org.br /sbrafh/Web/zendLibrary/Zend/Gdata/App/Extension Text.php
2011.06.30 03:36 B F:\xampp\htdocs\zendLibrary\Zend\Gdata\App\Extension\Summary.php --> ftp.sbrafh.org.br /sbrafh/Web/zendLibrary/Zend/Gdata/App/Extension Summary.php
2011.06.30 03:36 B F:\xampp\htdocs\zendLibrary\Zend\Gdata\App\Extension\Subtitle.php --> ftp.sbrafh.org.br /sbrafh/Web/zendLibrary/Zend/Gdata/App/Extension Subtitle.php
2011.06.30 03:36 B F:\xampp\htdocs\zendLibrary\Zend\Gdata\App\Extension\Source.php --> ftp.sbrafh.org.br /sbrafh/Web/zendLibrary/Zend/Gdata/App/Extension Source.php
2011.06.30 03:36 B F:\xampp\htdocs\zendLibrary\Zend\Gdata\App\Extension\Rights.php --> ftp.sbrafh.org.br /sbrafh/Web/zendLibrary/Zend/Gdata/App/Extension Rights.php
2011.06.30 03:36 B F:\xampp\htdocs\zendLibrary\Zend\Gdata\App\Extension\Published.php --> ftp.sbrafh.org.br /sbrafh/Web/zendLibrary/Zend/Gdata/App/Extension Published.php
2011.06.30 03:36 B F:\xampp\htdocs\zendLibrary\Zend\Gdata\App\Extension\Person.php --> ftp.sbrafh.org.br /sbrafh/Web/zendLibrary/Zend/Gdata/App/Extension Person.php
2011.06.30 03:36 B F:\xampp\htdocs\zendLibrary\Zend\Gdata\App\Extension\Name.php --> ftp.sbrafh.org.br /sbrafh/Web/zendLibrary/Zend/Gdata/App/Extension Name.php
2011.06.30 03:36 B F:\xampp\htdocs\zendLibrary\Zend\Gdata\App\Extension\Logo.php --> ftp.sbrafh.org.br /sbrafh/Web/zendLibrary/Zend/Gdata/App/Extension Logo.php
2011.06.30 03:36 B F:\xampp\htdocs\zendLibrary\Zend\Gdata\App\Extension\Link.php --> ftp.sbrafh.org.br /sbrafh/Web/zendLibrary/Zend/Gdata/App/Extension Link.php
2011.06.30 03:36 B F:\xampp\htdocs\zendLibrary\Zend\Gdata\App\Extension\Id.php --> ftp.sbrafh.org.br /sbrafh/Web/zendLibrary/Zend/Gdata/App/Extension Id.php
2011.06.30 03:36 B F:\xampp\htdocs\zendLibrary\Zend\Gdata\App\Extension\Icon.php --> ftp.sbrafh.org.br /sbrafh/Web/zendLibrary/Zend/Gdata/App/Extension Icon.php
2011.06.30 03:36 B F:\xampp\htdocs\zendLibrary\Zend\Gdata\App\Extension\Generator.php --> ftp.sbrafh.org.br /sbrafh/Web/zendLibrary/Zend/Gdata/App/Extension Generator.php
2011.06.30 03:36 B F:\xampp\htdocs\zendLibrary\Zend\Gdata\App\Extension\Email.php --> ftp.sbrafh.org.br /sbrafh/Web/zendLibrary/Zend/Gdata/App/Extension Email.php
2011.06.30 03:36 B F:\xampp\htdocs\zendLibrary\Zend\Gdata\App\Extension\Element.php --> ftp.sbrafh.org.br /sbrafh/Web/zendLibrary/Zend/Gdata/App/Extension Element.php
2011.06.30 03:36 B F:\xampp\htdocs\zendLibrary\Zend\Gdata\App\Extension\Edited.php --> ftp.sbrafh.org.br /sbrafh/Web/zendLibrary/Zend/Gdata/App/Extension Edited.php
2011.06.30 03:36 B F:\xampp\htdocs\zendLibrary\Zend\Gdata\App\Extension\Draft.php --> ftp.sbrafh.org.br /sbrafh/Web/zendLibrary/Zend/Gdata/App/Extension Draft.php
2011.06.30 03:36 B F:\xampp\htdocs\zendLibrary\Zend\Gdata\App\Extension\Control.php --> ftp.sbrafh.org.br /sbrafh/Web/zendLibrary/Zend/Gdata/App/Extension Control.php
2011.06.30 03:36 B F:\xampp\htdocs\zendLibrary\Zend\Gdata\App\Extension\Contributor.php --> ftp.sbrafh.org.br /sbrafh/Web/zendLibrary/Zend/Gdata/App/Extension Contributor.php
2011.06.30 03:36 B F:\xampp\htdocs\zendLibrary\Zend\Gdata\App\Extension\Content.php --> ftp.sbrafh.org.br /sbrafh/Web/zendLibrary/Zend/Gdata/App/Extension Content.php
2011.06.30 03:36 B F:\xampp\htdocs\zendLibrary\Zend\Gdata\App\Extension\Category.php --> ftp.sbrafh.org.br /sbrafh/Web/zendLibrary/Zend/Gdata/App/Extension Category.php
2011.06.30 03:36 B F:\xampp\htdocs\zendLibrary\Zend\Gdata\App\Extension\Author.php --> ftp.sbrafh.org.br /sbrafh/Web/zendLibrary/Zend/Gdata/App/Extension Author.php
2011.07.08 23:50 B F:\xampp\htdocs\zendLibrary\Zend\Gdata\App\Extension\Author.php --> ftp.radiofone.com.br /public_html/radiofone/zendLibrary/Zend/Gdata/App/Extension Author.php
2011.07.08 23:50 B F:\xampp\htdocs\zendLibrary\Zend\Gdata\App\Extension\Category.php --> ftp.radiofone.com.br /public_html/radiofone/zendLibrary/Zend/Gdata/App/Extension Category.php
2011.07.08 23:50 B F:\xampp\htdocs\zendLibrary\Zend\Gdata\App\Extension\Content.php --> ftp.radiofone.com.br /public_html/radiofone/zendLibrary/Zend/Gdata/App/Extension Content.php
2011.07.08 23:50 B F:\xampp\htdocs\zendLibrary\Zend\Gdata\App\Extension\Contributor.php --> ftp.radiofone.com.br /public_html/radiofone/zendLibrary/Zend/Gdata/App/Extension Contributor.php
2011.07.08 23:50 B F:\xampp\htdocs\zendLibrary\Zend\Gdata\App\Extension\Control.php --> ftp.radiofone.com.br /public_html/radiofone/zendLibrary/Zend/Gdata/App/Extension Control.php
2011.07.08 23:50 B F:\xampp\htdocs\zendLibrary\Zend\Gdata\App\Extension\Draft.php --> ftp.radiofone.com.br /public_html/radiofone/zendLibrary/Zend/Gdata/App/Extension Draft.php
2011.07.08 23:50 B F:\xampp\htdocs\zendLibrary\Zend\Gdata\App\Extension\Edited.php --> ftp.radiofone.com.br /public_html/radiofone/zendLibrary/Zend/Gdata/App/Extension Edited.php
2011.07.08 23:50 B F:\xampp\htdocs\zendLibrary\Zend\Gdata\App\Extension\Element.php --> ftp.radiofone.com.br /public_html/radiofone/zendLibrary/Zend/Gdata/App/Extension Element.php
2011.07.08 23:50 B F:\xampp\htdocs\zendLibrary\Zend\Gdata\App\Extension\Email.php --> ftp.radiofone.com.br /public_html/radiofone/zendLibrary/Zend/Gdata/App/Extension Email.php
2011.07.08 23:50 B F:\xampp\htdocs\zendLibrary\Zend\Gdata\App\Extension\Generator.php --> ftp.radiofone.com.br /public_html/radiofone/zendLibrary/Zend/Gdata/App/Extension Generator.php
2011.07.08 23:50 B F:\xampp\htdocs\zendLibrary\Zend\Gdata\App\Extension\Icon.php --> ftp.radiofone.com.br /public_html/radiofone/zendLibrary/Zend/Gdata/App/Extension Icon.php
2011.07.08 23:50 B F:\xampp\htdocs\zendLibrary\Zend\Gdata\App\Extension\Id.php --> ftp.radiofone.com.br /public_html/radiofone/zendLibrary/Zend/Gdata/App/Extension Id.php
2011.07.08 23:50 B F:\xampp\htdocs\zendLibrary\Zend\Gdata\App\Extension\Link.php --> ftp.radiofone.com.br /public_html/radiofone/zendLibrary/Zend/Gdata/App/Extension Link.php
2011.07.08 23:50 B F:\xampp\htdocs\zendLibrary\Zend\Gdata\App\Extension\Logo.php --> ftp.radiofone.com.br /public_html/radiofone/zendLibrary/Zend/Gdata/App/Extension Logo.php
2011.07.08 23:50 B F:\xampp\htdocs\zendLibrary\Zend\Gdata\App\Extension\Name.php --> ftp.radiofone.com.br /public_html/radiofone/zendLibrary/Zend/Gdata/App/Extension Name.php
2011.07.08 23:50 B F:\xampp\htdocs\zendLibrary\Zend\Gdata\App\Extension\Person.php --> ftp.radiofone.com.br /public_html/radiofone/zendLibrary/Zend/Gdata/App/Extension Person.php
2011.07.08 23:50 B F:\xampp\htdocs\zendLibrary\Zend\Gdata\App\Extension\Published.php --> ftp.radiofone.com.br /public_html/radiofone/zendLibrary/Zend/Gdata/App/Extension Published.php
2011.07.08 23:50 B F:\xampp\htdocs\zendLibrary\Zend\Gdata\App\Extension\Rights.php --> ftp.radiofone.com.br /public_html/radiofone/zendLibrary/Zend/Gdata/App/Extension Rights.php
2011.07.08 23:50 B F:\xampp\htdocs\zendLibrary\Zend\Gdata\App\Extension\Source.php --> ftp.radiofone.com.br /public_html/radiofone/zendLibrary/Zend/Gdata/App/Extension Source.php
2011.07.08 23:50 B F:\xampp\htdocs\zendLibrary\Zend\Gdata\App\Extension\Subtitle.php --> ftp.radiofone.com.br /public_html/radiofone/zendLibrary/Zend/Gdata/App/Extension Subtitle.php
2011.07.08 23:50 B F:\xampp\htdocs\zendLibrary\Zend\Gdata\App\Extension\Summary.php --> ftp.radiofone.com.br /public_html/radiofone/zendLibrary/Zend/Gdata/App/Extension Summary.php
2011.07.08 23:50 B F:\xampp\htdocs\zendLibrary\Zend\Gdata\App\Extension\Text.php --> ftp.radiofone.com.br /public_html/radiofone/zendLibrary/Zend/Gdata/App/Extension Text.php
2011.07.08 23:50 B F:\xampp\htdocs\zendLibrary\Zend\Gdata\App\Extension\Title.php --> ftp.radiofone.com.br /public_html/radiofone/zendLibrary/Zend/Gdata/App/Extension Title.php
2011.07.08 23:50 B F:\xampp\htdocs\zendLibrary\Zend\Gdata\App\Extension\Updated.php --> ftp.radiofone.com.br /public_html/radiofone/zendLibrary/Zend/Gdata/App/Extension Updated.php
2011.07.08 23:50 B F:\xampp\htdocs\zendLibrary\Zend\Gdata\App\Extension\Uri.php --> ftp.radiofone.com.br /public_html/radiofone/zendLibrary/Zend/Gdata/App/Extension Uri.php
2011.07.08 23:50 B F:\xampp\htdocs\zendLibrary\Zend\Gdata\App\Extension\WS_FTP.LOG --> ftp.radiofone.com.br /public_html/radiofone/zendLibrary/Zend/Gdata/App/Extension WS_FTP.LOG
2011.07.09 00:47 B F:\xampp\htdocs\zendLibrary\Zend\Gdata\App\Extension\WS_FTP.LOG --> ftp.radiofone.com.br /public_html/radiofone/zendLibrary/Zend/Gdata/App/Extension WS_FTP.LOG
2011.07.26 22:50 B F:\xampp\htdocs\zendLibrary\Zend\Gdata\App\Extension\Author.php --> ftp.sobrafo.org.br /public_html/zendLibrary/Zend/Gdata/App/Extension Author.php
2011.07.26 22:50 B F:\xampp\htdocs\zendLibrary\Zend\Gdata\App\Extension\Category.php --> ftp.sobrafo.org.br /public_html/zendLibrary/Zend/Gdata/App/Extension Category.php
2011.07.26 22:50 B F:\xampp\htdocs\zendLibrary\Zend\Gdata\App\Extension\Content.php --> ftp.sobrafo.org.br /public_html/zendLibrary/Zend/Gdata/App/Extension Content.php
2011.07.26 22:50 B F:\xampp\htdocs\zendLibrary\Zend\Gdata\App\Extension\Contributor.php --> ftp.sobrafo.org.br /public_html/zendLibrary/Zend/Gdata/App/Extension Contributor.php
2011.07.26 22:50 B F:\xampp\htdocs\zendLibrary\Zend\Gdata\App\Extension\Control.php --> ftp.sobrafo.org.br /public_html/zendLibrary/Zend/Gdata/App/Extension Control.php
2011.07.26 22:50 B F:\xampp\htdocs\zendLibrary\Zend\Gdata\App\Extension\Draft.php --> ftp.sobrafo.org.br /public_html/zendLibrary/Zend/Gdata/App/Extension Draft.php
2011.07.26 22:50 B F:\xampp\htdocs\zendLibrary\Zend\Gdata\App\Extension\Edited.php --> ftp.sobrafo.org.br /public_html/zendLibrary/Zend/Gdata/App/Extension Edited.php
2011.07.26 22:50 B F:\xampp\htdocs\zendLibrary\Zend\Gdata\App\Extension\Element.php --> ftp.sobrafo.org.br /public_html/zendLibrary/Zend/Gdata/App/Extension Element.php
2011.07.26 22:50 B F:\xampp\htdocs\zendLibrary\Zend\Gdata\App\Extension\Email.php --> ftp.sobrafo.org.br /public_html/zendLibrary/Zend/Gdata/App/Extension Email.php
2011.07.26 22:50 B F:\xampp\htdocs\zendLibrary\Zend\Gdata\App\Extension\Generator.php --> ftp.sobrafo.org.br /public_html/zendLibrary/Zend/Gdata/App/Extension Generator.php
2011.07.26 22:50 B F:\xampp\htdocs\zendLibrary\Zend\Gdata\App\Extension\Icon.php --> ftp.sobrafo.org.br /public_html/zendLibrary/Zend/Gdata/App/Extension Icon.php
2011.07.26 22:50 B F:\xampp\htdocs\zendLibrary\Zend\Gdata\App\Extension\Id.php --> ftp.sobrafo.org.br /public_html/zendLibrary/Zend/Gdata/App/Extension Id.php
2011.07.26 22:50 B F:\xampp\htdocs\zendLibrary\Zend\Gdata\App\Extension\Link.php --> ftp.sobrafo.org.br /public_html/zendLibrary/Zend/Gdata/App/Extension Link.php
2011.07.26 22:50 B F:\xampp\htdocs\zendLibrary\Zend\Gdata\App\Extension\Logo.php --> ftp.sobrafo.org.br /public_html/zendLibrary/Zend/Gdata/App/Extension Logo.php
2011.07.26 22:50 B F:\xampp\htdocs\zendLibrary\Zend\Gdata\App\Extension\Name.php --> ftp.sobrafo.org.br /public_html/zendLibrary/Zend/Gdata/App/Extension Name.php
2011.07.26 22:50 B F:\xampp\htdocs\zendLibrary\Zend\Gdata\App\Extension\Person.php --> ftp.sobrafo.org.br /public_html/zendLibrary/Zend/Gdata/App/Extension Person.php
2011.07.26 22:50 B F:\xampp\htdocs\zendLibrary\Zend\Gdata\App\Extension\Published.php --> ftp.sobrafo.org.br /public_html/zendLibrary/Zend/Gdata/App/Extension Published.php
2011.07.26 22:50 B F:\xampp\htdocs\zendLibrary\Zend\Gdata\App\Extension\Rights.php --> ftp.sobrafo.org.br /public_html/zendLibrary/Zend/Gdata/App/Extension Rights.php
2011.07.26 22:50 B F:\xampp\htdocs\zendLibrary\Zend\Gdata\App\Extension\Source.php --> ftp.sobrafo.org.br /public_html/zendLibrary/Zend/Gdata/App/Extension Source.php
2011.07.26 22:50 B F:\xampp\htdocs\zendLibrary\Zend\Gdata\App\Extension\Subtitle.php --> ftp.sobrafo.org.br /public_html/zendLibrary/Zend/Gdata/App/Extension Subtitle.php
2011.07.26 22:50 B F:\xampp\htdocs\zendLibrary\Zend\Gdata\App\Extension\Summary.php --> ftp.sobrafo.org.br /public_html/zendLibrary/Zend/Gdata/App/Extension Summary.php
2011.07.26 22:50 B F:\xampp\htdocs\zendLibrary\Zend\Gdata\App\Extension\Text.php --> ftp.sobrafo.org.br /public_html/zendLibrary/Zend/Gdata/App/Extension Text.php
2011.07.26 22:50 B F:\xampp\htdocs\zendLibrary\Zend\Gdata\App\Extension\Title.php --> ftp.sobrafo.org.br /public_html/zendLibrary/Zend/Gdata/App/Extension Title.php
2011.07.26 22:50 B F:\xampp\htdocs\zendLibrary\Zend\Gdata\App\Extension\Updated.php --> ftp.sobrafo.org.br /public_html/zendLibrary/Zend/Gdata/App/Extension Updated.php
2011.07.26 22:50 B F:\xampp\htdocs\zendLibrary\Zend\Gdata\App\Extension\Uri.php --> ftp.sobrafo.org.br /public_html/zendLibrary/Zend/Gdata/App/Extension Uri.php
2011.07.26 22:50 B F:\xampp\htdocs\zendLibrary\Zend\Gdata\App\Extension\WS_FTP.LOG --> ftp.sobrafo.org.br /public_html/zendLibrary/Zend/Gdata/App/Extension WS_FTP.LOG
2011.08.09 17:00 B F:\xampp\htdocs\ZendLibrary\Zend\Gdata\App\Extension\Author.php --> ftp.amfar.com.br /public_html/ZendLibrary/Zend/Gdata/App/Extension Author.php
2011.08.09 17:00 B F:\xampp\htdocs\ZendLibrary\Zend\Gdata\App\Extension\Category.php --> ftp.amfar.com.br /public_html/ZendLibrary/Zend/Gdata/App/Extension Category.php
2011.08.09 17:00 B F:\xampp\htdocs\ZendLibrary\Zend\Gdata\App\Extension\Content.php --> ftp.amfar.com.br /public_html/ZendLibrary/Zend/Gdata/App/Extension Content.php
2011.08.09 17:00 B F:\xampp\htdocs\ZendLibrary\Zend\Gdata\App\Extension\Contributor.php --> ftp.amfar.com.br /public_html/ZendLibrary/Zend/Gdata/App/Extension Contributor.php
2011.08.09 17:00 B F:\xampp\htdocs\ZendLibrary\Zend\Gdata\App\Extension\Control.php --> ftp.amfar.com.br /public_html/ZendLibrary/Zend/Gdata/App/Extension Control.php
2011.08.09 17:00 B F:\xampp\htdocs\ZendLibrary\Zend\Gdata\App\Extension\Draft.php --> ftp.amfar.com.br /public_html/ZendLibrary/Zend/Gdata/App/Extension Draft.php
2011.08.09 17:00 B F:\xampp\htdocs\ZendLibrary\Zend\Gdata\App\Extension\Edited.php --> ftp.amfar.com.br /public_html/ZendLibrary/Zend/Gdata/App/Extension Edited.php
2011.08.09 17:00 B F:\xampp\htdocs\ZendLibrary\Zend\Gdata\App\Extension\Element.php --> ftp.amfar.com.br /public_html/ZendLibrary/Zend/Gdata/App/Extension Element.php
2011.08.09 17:00 B F:\xampp\htdocs\ZendLibrary\Zend\Gdata\App\Extension\Email.php --> ftp.amfar.com.br /public_html/ZendLibrary/Zend/Gdata/App/Extension Email.php
2011.08.09 17:00 B F:\xampp\htdocs\ZendLibrary\Zend\Gdata\App\Extension\Generator.php --> ftp.amfar.com.br /public_html/ZendLibrary/Zend/Gdata/App/Extension Generator.php
2011.08.09 17:00 B F:\xampp\htdocs\ZendLibrary\Zend\Gdata\App\Extension\Icon.php --> ftp.amfar.com.br /public_html/ZendLibrary/Zend/Gdata/App/Extension Icon.php
2011.08.09 17:00 B F:\xampp\htdocs\ZendLibrary\Zend\Gdata\App\Extension\Id.php --> ftp.amfar.com.br /public_html/ZendLibrary/Zend/Gdata/App/Extension Id.php
2011.08.09 17:00 B F:\xampp\htdocs\ZendLibrary\Zend\Gdata\App\Extension\Link.php --> ftp.amfar.com.br /public_html/ZendLibrary/Zend/Gdata/App/Extension Link.php
2011.08.09 17:00 B F:\xampp\htdocs\ZendLibrary\Zend\Gdata\App\Extension\Logo.php --> ftp.amfar.com.br /public_html/ZendLibrary/Zend/Gdata/App/Extension Logo.php
2011.08.09 17:00 B F:\xampp\htdocs\ZendLibrary\Zend\Gdata\App\Extension\Name.php --> ftp.amfar.com.br /public_html/ZendLibrary/Zend/Gdata/App/Extension Name.php
2011.08.09 17:00 B F:\xampp\htdocs\ZendLibrary\Zend\Gdata\App\Extension\Person.php --> ftp.amfar.com.br /public_html/ZendLibrary/Zend/Gdata/App/Extension Person.php
2011.08.09 17:00 B F:\xampp\htdocs\ZendLibrary\Zend\Gdata\App\Extension\Published.php --> ftp.amfar.com.br /public_html/ZendLibrary/Zend/Gdata/App/Extension Published.php
2011.08.09 17:00 B F:\xampp\htdocs\ZendLibrary\Zend\Gdata\App\Extension\Rights.php --> ftp.amfar.com.br /public_html/ZendLibrary/Zend/Gdata/App/Extension Rights.php
2011.08.09 17:00 B F:\xampp\htdocs\ZendLibrary\Zend\Gdata\App\Extension\Source.php --> ftp.amfar.com.br /public_html/ZendLibrary/Zend/Gdata/App/Extension Source.php
2011.08.09 17:00 B F:\xampp\htdocs\ZendLibrary\Zend\Gdata\App\Extension\Subtitle.php --> ftp.amfar.com.br /public_html/ZendLibrary/Zend/Gdata/App/Extension Subtitle.php
2011.08.09 17:00 B F:\xampp\htdocs\ZendLibrary\Zend\Gdata\App\Extension\Summary.php --> ftp.amfar.com.br /public_html/ZendLibrary/Zend/Gdata/App/Extension Summary.php
2011.08.09 17:00 B F:\xampp\htdocs\ZendLibrary\Zend\Gdata\App\Extension\Text.php --> ftp.amfar.com.br /public_html/ZendLibrary/Zend/Gdata/App/Extension Text.php
2011.08.09 17:00 B F:\xampp\htdocs\ZendLibrary\Zend\Gdata\App\Extension\Title.php --> ftp.amfar.com.br /public_html/ZendLibrary/Zend/Gdata/App/Extension Title.php
2011.08.09 17:00 B F:\xampp\htdocs\ZendLibrary\Zend\Gdata\App\Extension\Updated.php --> ftp.amfar.com.br /public_html/ZendLibrary/Zend/Gdata/App/Extension Updated.php
2011.08.09 17:00 B F:\xampp\htdocs\ZendLibrary\Zend\Gdata\App\Extension\Uri.php --> ftp.amfar.com.br /public_html/ZendLibrary/Zend/Gdata/App/Extension Uri.php
