2011.06.20 18:50 B F:\xampp\htdocs\zf-tutorial\library\Zend\Search\Lucene\Document\Docx.php --> ftp.portalridgid.com.br /public_html/zf-tutorial/library/Zend/Search/Lucene/Document Docx.php
2011.06.20 18:50 B F:\xampp\htdocs\zf-tutorial\library\Zend\Search\Lucene\Document\Exception.php --> ftp.portalridgid.com.br /public_html/zf-tutorial/library/Zend/Search/Lucene/Document Exception.php
2011.06.20 18:50 B F:\xampp\htdocs\zf-tutorial\library\Zend\Search\Lucene\Document\Html.php --> ftp.portalridgid.com.br /public_html/zf-tutorial/library/Zend/Search/Lucene/Document Html.php
2011.06.20 18:50 B F:\xampp\htdocs\zf-tutorial\library\Zend\Search\Lucene\Document\OpenXml.php --> ftp.portalridgid.com.br /public_html/zf-tutorial/library/Zend/Search/Lucene/Document OpenXml.php
2011.06.20 18:50 B F:\xampp\htdocs\zf-tutorial\library\Zend\Search\Lucene\Document\Pptx.php --> ftp.portalridgid.com.br /public_html/zf-tutorial/library/Zend/Search/Lucene/Document Pptx.php
2011.06.20 18:50 B F:\xampp\htdocs\zf-tutorial\library\Zend\Search\Lucene\Document\Xlsx.php --> ftp.portalridgid.com.br /public_html/zf-tutorial/library/Zend/Search/Lucene/Document Xlsx.php
2011.06.30 03:18 B F:\xampp\htdocs\zendLibrary\Zend\Search\Lucene\Document\WS_FTP.LOG --> ftp.sbrafh.org.br /sbrafh/Web/zendLibrary/Zend/Search/Lucene/Document WS_FTP.LOG
2011.06.30 03:18 B F:\xampp\htdocs\zendLibrary\Zend\Search\Lucene\Document\Xlsx.php --> ftp.sbrafh.org.br /sbrafh/Web/zendLibrary/Zend/Search/Lucene/Document Xlsx.php
2011.06.30 03:18 B F:\xampp\htdocs\zendLibrary\Zend\Search\Lucene\Document\Pptx.php --> ftp.sbrafh.org.br /sbrafh/Web/zendLibrary/Zend/Search/Lucene/Document Pptx.php
2011.06.30 03:18 B F:\xampp\htdocs\zendLibrary\Zend\Search\Lucene\Document\OpenXml.php --> ftp.sbrafh.org.br /sbrafh/Web/zendLibrary/Zend/Search/Lucene/Document OpenXml.php
2011.06.30 03:18 B F:\xampp\htdocs\zendLibrary\Zend\Search\Lucene\Document\Html.php --> ftp.sbrafh.org.br /sbrafh/Web/zendLibrary/Zend/Search/Lucene/Document Html.php
2011.06.30 03:18 B F:\xampp\htdocs\zendLibrary\Zend\Search\Lucene\Document\Exception.php --> ftp.sbrafh.org.br /sbrafh/Web/zendLibrary/Zend/Search/Lucene/Document Exception.php
2011.06.30 03:18 B F:\xampp\htdocs\zendLibrary\Zend\Search\Lucene\Document\Docx.php --> ftp.sbrafh.org.br /sbrafh/Web/zendLibrary/Zend/Search/Lucene/Document Docx.php
2011.07.09 00:16 B F:\xampp\htdocs\zendLibrary\Zend\Search\Lucene\Document\Docx.php --> ftp.radiofone.com.br /public_html/radiofone/zendLibrary/Zend/Search/Lucene/Document Docx.php
2011.07.09 00:16 B F:\xampp\htdocs\zendLibrary\Zend\Search\Lucene\Document\Exception.php --> ftp.radiofone.com.br /public_html/radiofone/zendLibrary/Zend/Search/Lucene/Document Exception.php
2011.07.09 00:16 B F:\xampp\htdocs\zendLibrary\Zend\Search\Lucene\Document\Html.php --> ftp.radiofone.com.br /public_html/radiofone/zendLibrary/Zend/Search/Lucene/Document Html.php
2011.07.09 00:16 B F:\xampp\htdocs\zendLibrary\Zend\Search\Lucene\Document\OpenXml.php --> ftp.radiofone.com.br /public_html/radiofone/zendLibrary/Zend/Search/Lucene/Document OpenXml.php
2011.07.09 00:16 B F:\xampp\htdocs\zendLibrary\Zend\Search\Lucene\Document\Pptx.php --> ftp.radiofone.com.br /public_html/radiofone/zendLibrary/Zend/Search/Lucene/Document Pptx.php
2011.07.09 00:16 B F:\xampp\htdocs\zendLibrary\Zend\Search\Lucene\Document\WS_FTP.LOG --> ftp.radiofone.com.br /public_html/radiofone/zendLibrary/Zend/Search/Lucene/Document WS_FTP.LOG
2011.07.09 00:16 B F:\xampp\htdocs\zendLibrary\Zend\Search\Lucene\Document\Xlsx.php --> ftp.radiofone.com.br /public_html/radiofone/zendLibrary/Zend/Search/Lucene/Document Xlsx.php
2011.07.26 23:05 B F:\xampp\htdocs\zendLibrary\Zend\Search\Lucene\Document\Docx.php --> ftp.sobrafo.org.br /public_html/zendLibrary/Zend/Search/Lucene/Document Docx.php
2011.07.26 23:05 B F:\xampp\htdocs\zendLibrary\Zend\Search\Lucene\Document\Exception.php --> ftp.sobrafo.org.br /public_html/zendLibrary/Zend/Search/Lucene/Document Exception.php
2011.07.26 23:05 B F:\xampp\htdocs\zendLibrary\Zend\Search\Lucene\Document\Html.php --> ftp.sobrafo.org.br /public_html/zendLibrary/Zend/Search/Lucene/Document Html.php
2011.07.26 23:05 B F:\xampp\htdocs\zendLibrary\Zend\Search\Lucene\Document\OpenXml.php --> ftp.sobrafo.org.br /public_html/zendLibrary/Zend/Search/Lucene/Document OpenXml.php
2011.07.26 23:05 B F:\xampp\htdocs\zendLibrary\Zend\Search\Lucene\Document\Pptx.php --> ftp.sobrafo.org.br /public_html/zendLibrary/Zend/Search/Lucene/Document Pptx.php
2011.07.26 23:05 B F:\xampp\htdocs\zendLibrary\Zend\Search\Lucene\Document\WS_FTP.LOG --> ftp.sobrafo.org.br /public_html/zendLibrary/Zend/Search/Lucene/Document WS_FTP.LOG
2011.07.26 23:05 B F:\xampp\htdocs\zendLibrary\Zend\Search\Lucene\Document\Xlsx.php --> ftp.sobrafo.org.br /public_html/zendLibrary/Zend/Search/Lucene/Document Xlsx.php
2011.08.09 17:26 B F:\xampp\htdocs\ZendLibrary\Zend\Search\Lucene\Document\Docx.php --> ftp.amfar.com.br /public_html/ZendLibrary/Zend/Search/Lucene/Document Docx.php
2011.08.09 17:26 B F:\xampp\htdocs\ZendLibrary\Zend\Search\Lucene\Document\Exception.php --> ftp.amfar.com.br /public_html/ZendLibrary/Zend/Search/Lucene/Document Exception.php
2011.08.09 17:26 B F:\xampp\htdocs\ZendLibrary\Zend\Search\Lucene\Document\Html.php --> ftp.amfar.com.br /public_html/ZendLibrary/Zend/Search/Lucene/Document Html.php
2011.08.09 17:26 B F:\xampp\htdocs\ZendLibrary\Zend\Search\Lucene\Document\OpenXml.php --> ftp.amfar.com.br /public_html/ZendLibrary/Zend/Search/Lucene/Document OpenXml.php
2011.08.09 17:26 B F:\xampp\htdocs\ZendLibrary\Zend\Search\Lucene\Document\Pptx.php --> ftp.amfar.com.br /public_html/ZendLibrary/Zend/Search/Lucene/Document Pptx.php
