2007.05.25 15:27 B Z:\mailing\e-mailing\fckeditor\editor\dialog\fck_spellerpages\spellerpages\blank.html --> ftp.sbrafh.org.br /public_html/e-mailing/fckeditor/editor/dialog/fck_spellerpages/spellerpages blank.html
2007.05.25 15:27 B Z:\mailing\e-mailing\fckeditor\editor\dialog\fck_spellerpages\spellerpages\controls.html --> ftp.sbrafh.org.br /public_html/e-mailing/fckeditor/editor/dialog/fck_spellerpages/spellerpages controls.html
2007.05.25 15:27 B Z:\mailing\e-mailing\fckeditor\editor\dialog\fck_spellerpages\spellerpages\controlWindow.js --> ftp.sbrafh.org.br /public_html/e-mailing/fckeditor/editor/dialog/fck_spellerpages/spellerpages controlWindow.js
2007.05.25 15:27 B Z:\mailing\e-mailing\fckeditor\editor\dialog\fck_spellerpages\spellerpages\spellchecker.html --> ftp.sbrafh.org.br /public_html/e-mailing/fckeditor/editor/dialog/fck_spellerpages/spellerpages spellchecker.html
2007.05.25 15:27 B Z:\mailing\e-mailing\fckeditor\editor\dialog\fck_spellerpages\spellerpages\spellChecker.js --> ftp.sbrafh.org.br /public_html/e-mailing/fckeditor/editor/dialog/fck_spellerpages/spellerpages spellChecker.js
2007.05.25 15:27 B Z:\mailing\e-mailing\fckeditor\editor\dialog\fck_spellerpages\spellerpages\spellerStyle.css --> ftp.sbrafh.org.br /public_html/e-mailing/fckeditor/editor/dialog/fck_spellerpages/spellerpages spellerStyle.css
2007.05.25 15:27 B Z:\mailing\e-mailing\fckeditor\editor\dialog\fck_spellerpages\spellerpages\wordWindow.js --> ftp.sbrafh.org.br /public_html/e-mailing/fckeditor/editor/dialog/fck_spellerpages/spellerpages wordWindow.js
2007.05.28 17:39 B Z:\mailing\e-mailing\fckeditor\editor\dialog\fck_spellerpages\spellerpages\controls.html <-- sbrafh /public_html/e-mailing/fckeditor/editor/dialog/fck_spellerpages/spellerpages controls.html
2007.05.28 17:39 B Z:\mailing\e-mailing\fckeditor\editor\dialog\fck_spellerpages\spellerpages\controlWindow.js <-- sbrafh /public_html/e-mailing/fckeditor/editor/dialog/fck_spellerpages/spellerpages controlWindow.js
2007.05.28 17:39 B Z:\mailing\e-mailing\fckeditor\editor\dialog\fck_spellerpages\spellerpages\spellchecker.html <-- sbrafh /public_html/e-mailing/fckeditor/editor/dialog/fck_spellerpages/spellerpages spellchecker.html
2007.05.28 17:39 B Z:\mailing\e-mailing\fckeditor\editor\dialog\fck_spellerpages\spellerpages\spellChecker.js <-- sbrafh /public_html/e-mailing/fckeditor/editor/dialog/fck_spellerpages/spellerpages spellChecker.js
2007.05.28 17:39 B Z:\mailing\e-mailing\fckeditor\editor\dialog\fck_spellerpages\spellerpages\spellerStyle.css <-- sbrafh /public_html/e-mailing/fckeditor/editor/dialog/fck_spellerpages/spellerpages spellerStyle.css
2007.05.28 17:39 B Z:\mailing\e-mailing\fckeditor\editor\dialog\fck_spellerpages\spellerpages\wordWindow.js <-- sbrafh /public_html/e-mailing/fckeditor/editor/dialog/fck_spellerpages/spellerpages wordWindow.js
2007.08.06 19:13 B Z:\amfar\admin\e-mailing\fckeditor\editor\dialog\fck_spellerpages\spellerpages\blank.html --> ftp635.locaweb.com.br /public_html/admin/e-mailing/fckeditor/editor/dialog/fck_spellerpages/spellerpages blank.html
2007.08.06 19:13 B Z:\amfar\admin\e-mailing\fckeditor\editor\dialog\fck_spellerpages\spellerpages\controls.html --> ftp635.locaweb.com.br /public_html/admin/e-mailing/fckeditor/editor/dialog/fck_spellerpages/spellerpages controls.html
2007.08.06 19:13 B Z:\amfar\admin\e-mailing\fckeditor\editor\dialog\fck_spellerpages\spellerpages\controlWindow.js --> ftp635.locaweb.com.br /public_html/admin/e-mailing/fckeditor/editor/dialog/fck_spellerpages/spellerpages controlWindow.js
2007.08.06 19:13 B Z:\amfar\admin\e-mailing\fckeditor\editor\dialog\fck_spellerpages\spellerpages\spellchecker.html --> ftp635.locaweb.com.br /public_html/admin/e-mailing/fckeditor/editor/dialog/fck_spellerpages/spellerpages spellchecker.html
2007.08.06 19:13 B Z:\amfar\admin\e-mailing\fckeditor\editor\dialog\fck_spellerpages\spellerpages\spellChecker.js --> ftp635.locaweb.com.br /public_html/admin/e-mailing/fckeditor/editor/dialog/fck_spellerpages/spellerpages spellChecker.js
2007.08.06 19:13 B Z:\amfar\admin\e-mailing\fckeditor\editor\dialog\fck_spellerpages\spellerpages\spellerStyle.css --> ftp635.locaweb.com.br /public_html/admin/e-mailing/fckeditor/editor/dialog/fck_spellerpages/spellerpages spellerStyle.css
2007.08.06 19:13 B Z:\amfar\admin\e-mailing\fckeditor\editor\dialog\fck_spellerpages\spellerpages\wordWindow.js --> ftp635.locaweb.com.br /public_html/admin/e-mailing/fckeditor/editor/dialog/fck_spellerpages/spellerpages wordWindow.js
