2011.06.20 18:30 B F:\xampp\htdocs\zf-tutorial\library\Zend\Application\Bootstrap\Bootstrap.php --> ftp.portalridgid.com.br /public_html/zf-tutorial/library/Zend/Application/Bootstrap Bootstrap.php
2011.06.20 18:30 B F:\xampp\htdocs\zf-tutorial\library\Zend\Application\Bootstrap\BootstrapAbstract.php --> ftp.portalridgid.com.br /public_html/zf-tutorial/library/Zend/Application/Bootstrap BootstrapAbstract.php
2011.06.20 18:30 B F:\xampp\htdocs\zf-tutorial\library\Zend\Application\Bootstrap\Bootstrapper.php --> ftp.portalridgid.com.br /public_html/zf-tutorial/library/Zend/Application/Bootstrap Bootstrapper.php
2011.06.20 18:30 B F:\xampp\htdocs\zf-tutorial\library\Zend\Application\Bootstrap\Exception.php --> ftp.portalridgid.com.br /public_html/zf-tutorial/library/Zend/Application/Bootstrap Exception.php
2011.06.20 18:30 B F:\xampp\htdocs\zf-tutorial\library\Zend\Application\Bootstrap\ResourceBootstrapper.php --> ftp.portalridgid.com.br /public_html/zf-tutorial/library/Zend/Application/Bootstrap ResourceBootstrapper.php
2011.06.30 03:45 B F:\xampp\htdocs\zendLibrary\Zend\Application\Bootstrap\WS_FTP.LOG --> ftp.sbrafh.org.br /sbrafh/Web/zendLibrary/Zend/Application/Bootstrap WS_FTP.LOG
2011.06.30 03:45 B F:\xampp\htdocs\zendLibrary\Zend\Application\Bootstrap\ResourceBootstrapper.php --> ftp.sbrafh.org.br /sbrafh/Web/zendLibrary/Zend/Application/Bootstrap ResourceBootstrapper.php
2011.06.30 03:45 B F:\xampp\htdocs\zendLibrary\Zend\Application\Bootstrap\Exception.php --> ftp.sbrafh.org.br /sbrafh/Web/zendLibrary/Zend/Application/Bootstrap Exception.php
2011.06.30 03:45 B F:\xampp\htdocs\zendLibrary\Zend\Application\Bootstrap\Bootstrapper.php --> ftp.sbrafh.org.br /sbrafh/Web/zendLibrary/Zend/Application/Bootstrap Bootstrapper.php
2011.06.30 03:45 B F:\xampp\htdocs\zendLibrary\Zend\Application\Bootstrap\BootstrapAbstract.php --> ftp.sbrafh.org.br /sbrafh/Web/zendLibrary/Zend/Application/Bootstrap BootstrapAbstract.php
2011.06.30 03:45 B F:\xampp\htdocs\zendLibrary\Zend\Application\Bootstrap\Bootstrap.php --> ftp.sbrafh.org.br /sbrafh/Web/zendLibrary/Zend/Application/Bootstrap Bootstrap.php
2011.07.08 23:43 B F:\xampp\htdocs\zendLibrary\Zend\Application\Bootstrap\Bootstrap.php --> ftp.radiofone.com.br /public_html/radiofone/zendLibrary/Zend/Application/Bootstrap Bootstrap.php
2011.07.08 23:43 B F:\xampp\htdocs\zendLibrary\Zend\Application\Bootstrap\BootstrapAbstract.php --> ftp.radiofone.com.br /public_html/radiofone/zendLibrary/Zend/Application/Bootstrap BootstrapAbstract.php
2011.07.08 23:43 B F:\xampp\htdocs\zendLibrary\Zend\Application\Bootstrap\Bootstrapper.php --> ftp.radiofone.com.br /public_html/radiofone/zendLibrary/Zend/Application/Bootstrap Bootstrapper.php
2011.07.08 23:43 B F:\xampp\htdocs\zendLibrary\Zend\Application\Bootstrap\Exception.php --> ftp.radiofone.com.br /public_html/radiofone/zendLibrary/Zend/Application/Bootstrap Exception.php
2011.07.08 23:43 B F:\xampp\htdocs\zendLibrary\Zend\Application\Bootstrap\ResourceBootstrapper.php --> ftp.radiofone.com.br /public_html/radiofone/zendLibrary/Zend/Application/Bootstrap ResourceBootstrapper.php
2011.07.08 23:43 B F:\xampp\htdocs\zendLibrary\Zend\Application\Bootstrap\WS_FTP.LOG --> ftp.radiofone.com.br /public_html/radiofone/zendLibrary/Zend/Application/Bootstrap WS_FTP.LOG
2011.07.26 22:43 B F:\xampp\htdocs\zendLibrary\Zend\Application\Bootstrap\Bootstrap.php --> ftp.sobrafo.org.br /public_html/zendLibrary/Zend/Application/Bootstrap Bootstrap.php
2011.07.26 22:43 B F:\xampp\htdocs\zendLibrary\Zend\Application\Bootstrap\BootstrapAbstract.php --> ftp.sobrafo.org.br /public_html/zendLibrary/Zend/Application/Bootstrap BootstrapAbstract.php
2011.07.26 22:43 B F:\xampp\htdocs\zendLibrary\Zend\Application\Bootstrap\Bootstrapper.php --> ftp.sobrafo.org.br /public_html/zendLibrary/Zend/Application/Bootstrap Bootstrapper.php
2011.07.26 22:43 B F:\xampp\htdocs\zendLibrary\Zend\Application\Bootstrap\Exception.php --> ftp.sobrafo.org.br /public_html/zendLibrary/Zend/Application/Bootstrap Exception.php
2011.07.26 22:43 B F:\xampp\htdocs\zendLibrary\Zend\Application\Bootstrap\ResourceBootstrapper.php --> ftp.sobrafo.org.br /public_html/zendLibrary/Zend/Application/Bootstrap ResourceBootstrapper.php
2011.07.26 22:43 B F:\xampp\htdocs\zendLibrary\Zend\Application\Bootstrap\WS_FTP.LOG --> ftp.sobrafo.org.br /public_html/zendLibrary/Zend/Application/Bootstrap WS_FTP.LOG
2011.08.05 00:59 B F:\xampp\htdocs\ZendLibrary\Zend\Application\Bootstrap\WS_FTP.LOG --> ftp.portalridgid.com.br /public_html/zendLibrary/Zend/Application/Bootstrap WS_FTP.LOG
2011.08.09 16:53 B F:\xampp\htdocs\ZendLibrary\Zend\Application\Bootstrap\Bootstrap.php --> ftp.amfar.com.br /public_html/ZendLibrary/Zend/Application/Bootstrap Bootstrap.php
2011.08.09 16:53 B F:\xampp\htdocs\ZendLibrary\Zend\Application\Bootstrap\BootstrapAbstract.php --> ftp.amfar.com.br /public_html/ZendLibrary/Zend/Application/Bootstrap BootstrapAbstract.php
2011.08.09 16:53 B F:\xampp\htdocs\ZendLibrary\Zend\Application\Bootstrap\Bootstrapper.php --> ftp.amfar.com.br /public_html/ZendLibrary/Zend/Application/Bootstrap Bootstrapper.php
2011.08.09 16:53 B F:\xampp\htdocs\ZendLibrary\Zend\Application\Bootstrap\Exception.php --> ftp.amfar.com.br /public_html/ZendLibrary/Zend/Application/Bootstrap Exception.php
2011.08.09 16:53 B F:\xampp\htdocs\ZendLibrary\Zend\Application\Bootstrap\ResourceBootstrapper.php --> ftp.amfar.com.br /public_html/ZendLibrary/Zend/Application/Bootstrap ResourceBootstrapper.php
2011.08.09 16:53 B F:\xampp\htdocs\ZendLibrary\Zend\Application\Bootstrap\WS_FTP.LOG --> ftp.amfar.com.br /public_html/ZendLibrary/Zend/Application/Bootstrap WS_FTP.LOG
2011.08.22 20:56 B X:\xampp\htdocs\ZendLibrary\Zend\Application\Bootstrap\Bootstrap.php --> ftp.jairodepaula.com.br /jairodepaula/web/ZendLibrary/Zend/Application/Bootstrap Bootstrap.php
2011.08.22 20:56 B X:\xampp\htdocs\ZendLibrary\Zend\Application\Bootstrap\BootstrapAbstract.php --> ftp.jairodepaula.com.br /jairodepaula/web/ZendLibrary/Zend/Application/Bootstrap BootstrapAbstract.php
2011.08.22 20:56 B X:\xampp\htdocs\ZendLibrary\Zend\Application\Bootstrap\Bootstrapper.php --> ftp.jairodepaula.com.br /jairodepaula/web/ZendLibrary/Zend/Application/Bootstrap Bootstrapper.php
2011.08.22 20:56 B X:\xampp\htdocs\ZendLibrary\Zend\Application\Bootstrap\Exception.php --> ftp.jairodepaula.com.br /jairodepaula/web/ZendLibrary/Zend/Application/Bootstrap Exception.php
2011.08.22 20:56 B X:\xampp\htdocs\ZendLibrary\Zend\Application\Bootstrap\ResourceBootstrapper.php --> ftp.jairodepaula.com.br /jairodepaula/web/ZendLibrary/Zend/Application/Bootstrap ResourceBootstrapper.php
2011.08.22 20:56 B X:\xampp\htdocs\ZendLibrary\Zend\Application\Bootstrap\WS_FTP.LOG --> ftp.jairodepaula.com.br /jairodepaula/web/ZendLibrary/Zend/Application/Bootstrap WS_FTP.LOG
2011.12.31 14:46 B F:\xampp\htdocs\ZendLibrary\Zend\Application\Bootstrap\Bootstrap.php --> ftp.sbrafh.org.br /public_html/ZendLibrary/Zend/Application/Bootstrap Bootstrap.php
2011.12.31 14:46 B F:\xampp\htdocs\ZendLibrary\Zend\Application\Bootstrap\BootstrapAbstract.php --> ftp.sbrafh.org.br /public_html/ZendLibrary/Zend/Application/Bootstrap BootstrapAbstract.php
2011.12.31 14:46 B F:\xampp\htdocs\ZendLibrary\Zend\Application\Bootstrap\Bootstrapper.php --> ftp.sbrafh.org.br /public_html/ZendLibrary/Zend/Application/Bootstrap Bootstrapper.php
2011.12.31 14:46 B F:\xampp\htdocs\ZendLibrary\Zend\Application\Bootstrap\Exception.php --> ftp.sbrafh.org.br /public_html/ZendLibrary/Zend/Application/Bootstrap Exception.php
2011.12.31 14:46 B F:\xampp\htdocs\ZendLibrary\Zend\Application\Bootstrap\ResourceBootstrapper.php --> ftp.sbrafh.org.br /public_html/ZendLibrary/Zend/Application/Bootstrap ResourceBootstrapper.php
2011.12.31 14:46 B F:\xampp\htdocs\ZendLibrary\Zend\Application\Bootstrap\WS_FTP.LOG --> ftp.sbrafh.org.br /public_html/ZendLibrary/Zend/Application/Bootstrap WS_FTP.LOG
2012.01.06 03:15 B F:\xampp\htdocs\ZendLibrary\Zend\Application\Bootstrap\Bootstrap.php --> ftp461.locaweb.com.br /ridgid/web/ZendLibrary/Zend/Application/Bootstrap Bootstrap.php
2012.01.06 03:15 B F:\xampp\htdocs\ZendLibrary\Zend\Application\Bootstrap\BootstrapAbstract.php --> ftp461.locaweb.com.br /ridgid/web/ZendLibrary/Zend/Application/Bootstrap BootstrapAbstract.php
2012.01.06 03:15 B F:\xampp\htdocs\ZendLibrary\Zend\Application\Bootstrap\Bootstrapper.php --> ftp461.locaweb.com.br /ridgid/web/ZendLibrary/Zend/Application/Bootstrap Bootstrapper.php
2012.01.06 03:15 B F:\xampp\htdocs\ZendLibrary\Zend\Application\Bootstrap\Exception.php --> ftp461.locaweb.com.br /ridgid/web/ZendLibrary/Zend/Application/Bootstrap Exception.php
2012.01.06 03:15 B F:\xampp\htdocs\ZendLibrary\Zend\Application\Bootstrap\ResourceBootstrapper.php --> ftp461.locaweb.com.br /ridgid/web/ZendLibrary/Zend/Application/Bootstrap ResourceBootstrapper.php
2012.01.06 03:15 B F:\xampp\htdocs\ZendLibrary\Zend\Application\Bootstrap\WS_FTP.LOG --> ftp461.locaweb.com.br /ridgid/web/ZendLibrary/Zend/Application/Bootstrap WS_FTP.LOG
2012.01.24 17:27 B F:\xampp\htdocs\ZendLibrary\Zend\Application\Bootstrap\Bootstrap.php --> graficamarmar.com.br /htdocs/ZendLibrary/Zend/Application/Bootstrap Bootstrap.php
2012.01.24 17:27 B F:\xampp\htdocs\ZendLibrary\Zend\Application\Bootstrap\BootstrapAbstract.php --> graficamarmar.com.br /htdocs/ZendLibrary/Zend/Application/Bootstrap BootstrapAbstract.php
2012.01.24 17:27 B F:\xampp\htdocs\ZendLibrary\Zend\Application\Bootstrap\Bootstrapper.php --> graficamarmar.com.br /htdocs/ZendLibrary/Zend/Application/Bootstrap Bootstrapper.php
2012.01.24 17:27 B F:\xampp\htdocs\ZendLibrary\Zend\Application\Bootstrap\Exception.php --> graficamarmar.com.br /htdocs/ZendLibrary/Zend/Application/Bootstrap Exception.php
2012.01.24 17:28 B F:\xampp\htdocs\ZendLibrary\Zend\Application\Bootstrap\ResourceBootstrapper.php --> graficamarmar.com.br /htdocs/ZendLibrary/Zend/Application/Bootstrap ResourceBootstrapper.php
2012.01.24 17:28 B F:\xampp\htdocs\ZendLibrary\Zend\Application\Bootstrap\WS_FTP.LOG --> graficamarmar.com.br /htdocs/ZendLibrary/Zend/Application/Bootstrap WS_FTP.LOG
2012.02.08 17:03 B F:\xampp\htdocs\ZendLibrary\Zend\Application\Bootstrap\Bootstrap.php --> graficamarmar.hospedagemdesites.ws /public_html/ZendLibrary/Zend/Application/Bootstrap Bootstrap.php
2012.02.08 17:03 B F:\xampp\htdocs\ZendLibrary\Zend\Application\Bootstrap\BootstrapAbstract.php --> graficamarmar.hospedagemdesites.ws /public_html/ZendLibrary/Zend/Application/Bootstrap BootstrapAbstract.php
2012.02.08 17:03 B F:\xampp\htdocs\ZendLibrary\Zend\Application\Bootstrap\Bootstrapper.php --> graficamarmar.hospedagemdesites.ws /public_html/ZendLibrary/Zend/Application/Bootstrap Bootstrapper.php
2012.02.08 17:03 B F:\xampp\htdocs\ZendLibrary\Zend\Application\Bootstrap\Exception.php --> graficamarmar.hospedagemdesites.ws /public_html/ZendLibrary/Zend/Application/Bootstrap Exception.php
2012.02.08 17:03 B F:\xampp\htdocs\ZendLibrary\Zend\Application\Bootstrap\ResourceBootstrapper.php --> graficamarmar.hospedagemdesites.ws /public_html/ZendLibrary/Zend/Application/Bootstrap ResourceBootstrapper.php
2012.02.08 17:03 B F:\xampp\htdocs\ZendLibrary\Zend\Application\Bootstrap\WS_FTP.LOG --> graficamarmar.hospedagemdesites.ws /public_html/ZendLibrary/Zend/Application/Bootstrap WS_FTP.LOG
2012.10.29 14:39 B F:\xampp\htdocs\ZendLibrary\Zend\Application\Bootstrap\Bootstrap.php --> 186.202.153.85 /public_html/ZendLibrary/Zend/Application/Bootstrap Bootstrap.php
2012.10.29 14:39 B F:\xampp\htdocs\ZendLibrary\Zend\Application\Bootstrap\BootstrapAbstract.php --> 186.202.153.85 /public_html/ZendLibrary/Zend/Application/Bootstrap BootstrapAbstract.php
2012.10.29 14:39 B F:\xampp\htdocs\ZendLibrary\Zend\Application\Bootstrap\Bootstrapper.php --> 186.202.153.85 /public_html/ZendLibrary/Zend/Application/Bootstrap Bootstrapper.php
2012.10.29 14:39 B F:\xampp\htdocs\ZendLibrary\Zend\Application\Bootstrap\Exception.php --> 186.202.153.85 /public_html/ZendLibrary/Zend/Application/Bootstrap Exception.php
2012.10.29 14:39 B F:\xampp\htdocs\ZendLibrary\Zend\Application\Bootstrap\ResourceBootstrapper.php --> 186.202.153.85 /public_html/ZendLibrary/Zend/Application/Bootstrap ResourceBootstrapper.php
2012.10.29 14:39 B F:\xampp\htdocs\ZendLibrary\Zend\Application\Bootstrap\WS_FTP.LOG --> 186.202.153.85 /public_html/ZendLibrary/Zend/Application/Bootstrap WS_FTP.LOG
