2012.03.28 23:34 B F:\xampp\htdocs\sbrafh\novosite\application\views\scripts\index\lightbox_0.3\jquery.lightbox-0.3.css <-- sbrafh /public_html/novosite/public/scripts/lightbox_0.3 jquery.lightbox-0.3.css
2012.03.28 23:34 B F:\xampp\htdocs\sbrafh\novosite\application\views\scripts\index\lightbox_0.3\jquery.lightbox-0.3.js <-- sbrafh /public_html/novosite/public/scripts/lightbox_0.3 jquery.lightbox-0.3.js
2012.03.28 23:34 B F:\xampp\htdocs\sbrafh\novosite\application\views\scripts\index\lightbox_0.3\lightbox-btn-close.gif <-- sbrafh /public_html/novosite/public/scripts/lightbox_0.3 lightbox-btn-close.gif
2012.03.28 23:34 B F:\xampp\htdocs\sbrafh\novosite\application\views\scripts\index\lightbox_0.3\lightbox-btn-next.gif <-- sbrafh /public_html/novosite/public/scripts/lightbox_0.3 lightbox-btn-next.gif
2012.03.28 23:34 B F:\xampp\htdocs\sbrafh\novosite\application\views\scripts\index\lightbox_0.3\lightbox-btn-prev.gif <-- sbrafh /public_html/novosite/public/scripts/lightbox_0.3 lightbox-btn-prev.gif
2012.03.28 23:34 B F:\xampp\htdocs\sbrafh\novosite\application\views\scripts\index\lightbox_0.3\lightbox-ico-loading.gif <-- sbrafh /public_html/novosite/public/scripts/lightbox_0.3 lightbox-ico-loading.gif
2012.03.28 23:39 B F:\xampp\htdocs\sbrafh\novosite\public\scripts\lightbox_0.3\WS_FTP.LOG --> ftp.sbrafh.org.br /public_html/novosite/public/scripts/lightbox_0.3 WS_FTP.LOG
2012.03.28 23:46 B F:\xampp\htdocs\sbrafh\novosite\public\scripts\lightbox_0.3\jquery.lightbox-0.3.js --> ftp.sbrafh.org.br /public_html/novosite/public/scripts/lightbox_0.3 jquery.lightbox-0.3.js
2012.03.28 23:48 B F:\xampp\htdocs\sbrafh\novosite\public\scripts\lightbox_0.3\jquery.lightbox-0.3.js --> ftp.sbrafh.org.br /public_html/novosite/public/scripts/lightbox_0.3 jquery.lightbox-0.3.js
2012.03.28 23:49 B F:\xampp\htdocs\sbrafh\novosite\public\scripts\lightbox_0.3\jquery.lightbox-0.3.js --> ftp.sbrafh.org.br /public_html/novosite/public/scripts/lightbox_0.3 jquery.lightbox-0.3.js
2012.03.28 23:51 B F:\xampp\htdocs\sbrafh\novosite\public\scripts\lightbox_0.3\jquery.lightbox-0.3.js --> ftp.sbrafh.org.br /public_html/novosite/public/scripts/lightbox_0.3 jquery.lightbox-0.3.js
2012.03.28 23:52 B F:\xampp\htdocs\sbrafh\novosite\public\scripts\lightbox_0.3\jquery.lightbox-0.3.js --> ftp.sbrafh.org.br /public_html/novosite/public/scripts/lightbox_0.3 jquery.lightbox-0.3.js
2012.03.28 23:53 B F:\xampp\htdocs\sbrafh\novosite\public\scripts\lightbox_0.3\jquery.lightbox-0.3.js --> ftp.sbrafh.org.br /public_html/novosite/public/scripts/lightbox_0.3 jquery.lightbox-0.3.js
2012.03.28 23:55 B F:\xampp\htdocs\sbrafh\novosite\public\scripts\lightbox_0.3\jquery.lightbox-0.3.js --> ftp.sbrafh.org.br /public_html/novosite/public/scripts/lightbox_0.3 jquery.lightbox-0.3.js
2012.03.28 23:56 B F:\xampp\htdocs\sbrafh\novosite\public\scripts\lightbox_0.3\jquery.lightbox-0.3.js --> ftp.sbrafh.org.br /public_html/novosite/public/scripts/lightbox_0.3 jquery.lightbox-0.3.js
2012.03.28 23:56 B F:\xampp\htdocs\sbrafh\novosite\public\scripts\lightbox_0.3\jquery.lightbox-0.3.js --> ftp.sbrafh.org.br /public_html/novosite/public/scripts/lightbox_0.3 jquery.lightbox-0.3.js
2012.03.28 23:57 B F:\xampp\htdocs\sbrafh\novosite\public\scripts\lightbox_0.3\jquery.lightbox-0.3.js --> ftp.sbrafh.org.br /public_html/novosite/public/scripts/lightbox_0.3 jquery.lightbox-0.3.js
2012.03.29 00:12 B F:\xampp\htdocs\sbrafh\novosite\public\scripts\lightbox_0.3\jquery.lightbox-0.3.js --> ftp.sbrafh.org.br /public_html/novosite/public/scripts/lightbox_0.3 jquery.lightbox-0.3.js
2012.07.13 18:44 B F:\xampp\htdocs\sbrafh\site\public\scripts\lightbox_0.3\lightbox-ico-loading.gif --> ftp.jairodepaula.com.br /jairodepaula/web/site/public/scripts/lightbox_0.3 lightbox-ico-loading.gif
2012.07.13 18:44 B F:\xampp\htdocs\sbrafh\site\public\scripts\lightbox_0.3\lightbox-btn-prev.gif --> ftp.jairodepaula.com.br /jairodepaula/web/site/public/scripts/lightbox_0.3 lightbox-btn-prev.gif
2012.07.13 18:44 B F:\xampp\htdocs\sbrafh\site\public\scripts\lightbox_0.3\lightbox-btn-next.gif --> ftp.jairodepaula.com.br /jairodepaula/web/site/public/scripts/lightbox_0.3 lightbox-btn-next.gif
2012.07.13 18:44 B F:\xampp\htdocs\sbrafh\site\public\scripts\lightbox_0.3\lightbox-btn-close.gif --> ftp.jairodepaula.com.br /jairodepaula/web/site/public/scripts/lightbox_0.3 lightbox-btn-close.gif
2012.07.13 18:44 B F:\xampp\htdocs\sbrafh\site\public\scripts\lightbox_0.3\jquery.lightbox-0.3.css --> ftp.jairodepaula.com.br /jairodepaula/web/site/public/scripts/lightbox_0.3 jquery.lightbox-0.3.css
2012.07.13 18:44 B F:\xampp\htdocs\sbrafh\site\public\scripts\lightbox_0.3\WS_FTP.LOG --> ftp.jairodepaula.com.br /jairodepaula/web/site/public/scripts/lightbox_0.3 WS_FTP.LOG
2012.07.13 18:44 B F:\xampp\htdocs\sbrafh\site\public\scripts\lightbox_0.3\jquery.lightbox-0.3.js --> ftp.jairodepaula.com.br /jairodepaula/web/site/public/scripts/lightbox_0.3 jquery.lightbox-0.3.js
2013.01.03 14:09 B F:\xampp\htdocs\amfar\site\public\scripts\lightbox_0.3\jquery.lightbox-0.3.css --> ftp.amfar.com.br /public_html/site/public/scripts/lightbox_0.3 jquery.lightbox-0.3.css
2013.01.03 14:09 B F:\xampp\htdocs\amfar\site\public\scripts\lightbox_0.3\jquery.lightbox-0.3.js --> ftp.amfar.com.br /public_html/site/public/scripts/lightbox_0.3 jquery.lightbox-0.3.js
2013.01.03 14:09 B F:\xampp\htdocs\amfar\site\public\scripts\lightbox_0.3\lightbox-btn-close.gif --> ftp.amfar.com.br /public_html/site/public/scripts/lightbox_0.3 lightbox-btn-close.gif
2013.01.03 14:09 B F:\xampp\htdocs\amfar\site\public\scripts\lightbox_0.3\lightbox-btn-next.gif --> ftp.amfar.com.br /public_html/site/public/scripts/lightbox_0.3 lightbox-btn-next.gif
2013.01.03 14:09 B F:\xampp\htdocs\amfar\site\public\scripts\lightbox_0.3\lightbox-btn-prev.gif --> ftp.amfar.com.br /public_html/site/public/scripts/lightbox_0.3 lightbox-btn-prev.gif
2013.01.03 14:09 B F:\xampp\htdocs\amfar\site\public\scripts\lightbox_0.3\lightbox-ico-loading.gif --> ftp.amfar.com.br /public_html/site/public/scripts/lightbox_0.3 lightbox-ico-loading.gif
