105.10.16 17:25 B D:\wwwsbrafh\includes\funcoesuteis.php <-- Portal /public_html/sbrafh/includes funcoesuteis.php
105.10.16 17:25 B D:\wwwsbrafh\includes\rodape.html <-- Portal /public_html/sbrafh/includes rodape.html
105.10.17 03:15 B D:\wwwsbrafh\includes\rodape.html --> ftp.labgraphic.com.br /public_html/sbrafh/includes rodape.html
105.10.18 22:31 B D:\wwwsbrafh\includes\rodape.html --> ftp.labgraphic.com.br /public_html/sbrafh/includes rodape.html
105.10.18 22:31 B D:\wwwsbrafh\includes\rodape.html --> ftp.labgraphic.com.br /public_html/sbrafh/includes rodape.html
105.10.18 22:41 B D:\wwwsbrafh\includes\rodape.html --> ftp.labgraphic.com.br /public_html/sbrafh/includes rodape.html
105.10.18 22:42 B D:\wwwsbrafh\includes\rodape.html --> ftp.labgraphic.com.br /public_html/sbrafh/includes rodape.html
105.10.19 22:45 B D:\wwwsbrafh\includes\funcoesuteis.php --> ftp.labgraphic.com.br /public_html/sbrafh/includes funcoesuteis.php
105.10.19 22:49 B D:\wwwsbrafh\includes\funcoesuteis.php --> ftp.labgraphic.com.br /public_html/sbrafh/includes funcoesuteis.php
105.10.22 21:44 B D:\wwwsbrafh\includes\rodape.html --> ftp.labgraphic.com.br /public_html/sbrafh/includes rodape.html
105.10.22 21:45 B D:\wwwsbrafh\includes\rodape.html --> ftp.labgraphic.com.br /public_html/sbrafh/includes rodape.html
105.10.24 12:50 B D:\wwwsbrafh\includes\funcoesuteis.php --> ftp.sbrafh.org.br /public_html/includes funcoesuteis.php
105.10.24 12:50 B D:\wwwsbrafh\includes\rodape.html --> ftp.sbrafh.org.br /public_html/includes rodape.html
105.10.24 12:50 B D:\wwwsbrafh\includes\WS_FTP.LOG --> ftp.sbrafh.org.br /public_html/includes WS_FTP.LOG
105.10.24 13:00 B D:\wwwsbrafh\includes\funcoesuteis.php --> ftp.sbrafh.org.br /public_html/includes funcoesuteis.php
105.10.24 13:00 B D:\wwwsbrafh\includes\rodape.html --> ftp.sbrafh.org.br /public_html/includes rodape.html
105.10.24 13:00 B D:\wwwsbrafh\includes\WS_FTP.LOG --> ftp.sbrafh.org.br /public_html/includes WS_FTP.LOG
105.10.27 13:12 B D:\wwwsbrafh\includes\funcoesuteis.php --> ftp.sbrafh.org.br /public_html/includes funcoesuteis.php
105.10.29 17:58 B D:\wwwsbrafh\includes\online.php --> ftp.sbrafh.org.br /public_html/includes online.php
105.10.29 17:59 B D:\wwwsbrafh\includes\online.php --> ftp.sbrafh.org.br /public_html/includes online.php
105.10.29 17:59 B D:\wwwsbrafh\includes\online.php --> ftp.sbrafh.org.br /public_html/includes online.php
105.10.29 18:05 B D:\wwwsbrafh\includes\online.php --> ftp.sbrafh.org.br /public_html/includes online.php
105.10.29 18:05 B D:\wwwsbrafh\includes\online.php --> ftp.sbrafh.org.br /public_html/includes online.php
105.10.29 18:06 B D:\wwwsbrafh\includes\online.php --> ftp.sbrafh.org.br /public_html/includes online.php
105.10.29 18:06 B D:\wwwsbrafh\includes\online.php --> ftp.sbrafh.org.br /public_html/includes online.php
105.10.29 18:12 B D:\wwwsbrafh\includes\online.php --> ftp.sbrafh.org.br /public_html/includes online.php
105.10.29 18:13 B D:\wwwsbrafh\includes\online.php --> ftp.sbrafh.org.br /public_html/includes online.php
105.10.29 18:14 B D:\wwwsbrafh\includes\online.php --> ftp.sbrafh.org.br /public_html/includes online.php
105.10.29 18:14 B D:\wwwsbrafh\includes\online.php --> ftp.sbrafh.org.br /public_html/includes online.php
105.10.29 18:30 B D:\wwwsbrafh\includes\online.php --> ftp.sbrafh.org.br /public_html/includes online.php
105.10.29 18:30 B D:\wwwsbrafh\includes\online.php --> ftp.sbrafh.org.br /public_html/includes online.php
105.12.09 09:32 B D:\wwwsbrafh\includes\rodape.html --> ftp.sbrafh.org.br /public_html/includes rodape.html
105.12.16 16:35 B D:\wwwsbrafh\includes\rodape.html --> ftp.sbrafh.org.br /public_html/includes rodape.html
106.02.07 23:04 B D:\PHP\sbrafh\includes\funcoesuteis.php --> ftp.sbrafh.org.br /public_html/includes funcoesuteis.php
106.09.16 16:31 B Z:\sbrafh\includes\rodape.html --> ftp.sbrafh.org.br /public_html/includes rodape.html
106.09.18 14:01 B Z:\sbrafh\includes\funcoesuteis.php --> ftp.sbrafh.org.br /public_html/includes funcoesuteis.php
2007.07.25 03:55 B Z:\amfar\includes\funcoesUteis.php --> ftp635.locaweb.com.br /public_html/includes funcoesUteis.php
2007.07.25 03:55 B Z:\amfar\includes\navbar.php --> ftp635.locaweb.com.br /public_html/includes navbar.php
2007.07.25 03:55 B Z:\amfar\includes\online.php --> ftp635.locaweb.com.br /public_html/includes online.php
2007.07.25 03:55 B Z:\amfar\includes\rodape.html --> ftp635.locaweb.com.br /public_html/includes rodape.html
2007.07.25 03:55 B Z:\amfar\includes\savelog.php --> ftp635.locaweb.com.br /public_html/includes savelog.php
2007.08.06 19:28 B Z:\amfar\includes\funcoesUteis.php --> ftp635.locaweb.com.br /public_html/includes funcoesUteis.php
2007.08.06 19:28 B Z:\amfar\includes\navbar.php --> ftp635.locaweb.com.br /public_html/includes navbar.php
2007.08.06 19:28 B Z:\amfar\includes\paginacao.php --> ftp635.locaweb.com.br /public_html/includes paginacao.php
