2006.10.25 20:13 B Z:\unimpress\e-mailing\images\back.gif <-- unimp /public_html/e-mailing/images back.gif
2006.10.25 20:13 B Z:\unimpress\e-mailing\images\mailing.jpg <-- unimp /public_html/e-mailing/images mailing.jpg
2006.12.03 15:33 B Z:\unimpress\e-mailing\images\e-mailing061203_01.jpg --> ftp.unimpress.com.br /public_html/e-mailing/images e-mailing061203_01.jpg
2006.12.03 15:33 B Z:\unimpress\e-mailing\images\e-mailing061203_02.jpg --> ftp.unimpress.com.br /public_html/e-mailing/images e-mailing061203_02.jpg
2006.12.03 15:33 B Z:\unimpress\e-mailing\images\e-mailing061203_03.jpg --> ftp.unimpress.com.br /public_html/e-mailing/images e-mailing061203_03.jpg
2006.12.03 15:33 B Z:\unimpress\e-mailing\images\e-mailing061203_04.jpg --> ftp.unimpress.com.br /public_html/e-mailing/images e-mailing061203_04.jpg
2006.12.03 15:33 B Z:\unimpress\e-mailing\images\e-mailing061203_05.jpg --> ftp.unimpress.com.br /public_html/e-mailing/images e-mailing061203_05.jpg
2006.12.03 15:33 B Z:\unimpress\e-mailing\images\e-mailing061203_06.jpg --> ftp.unimpress.com.br /public_html/e-mailing/images e-mailing061203_06.jpg
2006.12.03 15:58 B Z:\unimpress\e-mailing\images\e-mailing061203_01.jpg --> ftp.unimpress.com.br /public_html/e-mailing/images e-mailing061203_01.jpg
2006.12.03 15:58 B Z:\unimpress\e-mailing\images\e-mailing061203_02.jpg --> ftp.unimpress.com.br /public_html/e-mailing/images e-mailing061203_02.jpg
2006.12.03 15:58 B Z:\unimpress\e-mailing\images\e-mailing061203_03.jpg --> ftp.unimpress.com.br /public_html/e-mailing/images e-mailing061203_03.jpg
2006.12.03 15:58 B Z:\unimpress\e-mailing\images\e-mailing061203_04.jpg --> ftp.unimpress.com.br /public_html/e-mailing/images e-mailing061203_04.jpg
2006.12.03 15:58 B Z:\unimpress\e-mailing\images\e-mailing061203_05.jpg --> ftp.unimpress.com.br /public_html/e-mailing/images e-mailing061203_05.jpg
2006.12.03 15:58 B Z:\unimpress\e-mailing\images\e-mailing061203_06.jpg --> ftp.unimpress.com.br /public_html/e-mailing/images e-mailing061203_06.jpg
2006.12.12 16:20 B Z:\unimpress\e-mailing\images\back.gif --> ftp.shopland.com.br /public_html/e-mailing/images back.gif
2006.12.12 16:20 B Z:\unimpress\e-mailing\images\cartas.gif --> ftp.shopland.com.br /public_html/e-mailing/images cartas.gif
2006.12.12 16:20 B Z:\unimpress\e-mailing\images\logolab_topo.gif --> ftp.shopland.com.br /public_html/e-mailing/images logolab_topo.gif
2006.12.12 16:20 B Z:\unimpress\e-mailing\images\WS_FTP.LOG --> ftp.shopland.com.br /public_html/e-mailing/images WS_FTP.LOG
2006.12.12 19:03 B Z:\shopland\e-mailing\images\logomail.jpg --> ftp.shopland.com.br /public_html/e-mailing/images logomail.jpg
2006.12.12 19:26 B Z:\shopland\e-mailing\images\logomail.jpg --> ftp.shopland.com.br /public_html/e-mailing/images logomail.jpg
2006.12.12 19:27 B Z:\shopland\e-mailing\images\logomail.jpg --> ftp.shopland.com.br /public_html/e-mailing/images logomail.jpg
2006.12.12 19:30 B Z:\shopland\e-mailing\images\logomail.jpg --> ftp.shopland.com.br /public_html/e-mailing/images logomail.jpg
2006.12.12 19:31 B Z:\shopland\e-mailing\images\logomail.jpg --> ftp.shopland.com.br /public_html/e-mailing/images logomail.jpg
2007.01.08 11:28 B Z:\shopland\e-mailing\images\logomail.jpg --> ftp.shopland.com.br /public_html/e-mailing/images logomail.jpg
2007.02.01 21:51 B Z:\shopland\e-mailing\images\back.gif --> ftp.mantua.com.br /public_html/e-mailing/images back.gif
2007.02.01 21:51 B Z:\shopland\e-mailing\images\cartas.gif --> ftp.mantua.com.br /public_html/e-mailing/images cartas.gif
2007.02.01 21:51 B Z:\shopland\e-mailing\images\logolab_topo.gif --> ftp.mantua.com.br /public_html/e-mailing/images logolab_topo.gif
2007.02.01 21:52 B Z:\shopland\e-mailing\images\logomail.jpg --> ftp.mantua.com.br /public_html/e-mailing/images logomail.jpg
2007.02.01 21:52 B Z:\shopland\e-mailing\images\WS_FTP.LOG --> ftp.mantua.com.br /public_html/e-mailing/images WS_FTP.LOG
2007.05.25 15:32 B Z:\mailing\e-mailing\images\back.gif --> ftp.sbrafh.org.br /public_html/e-mailing/images back.gif
2007.05.25 15:32 B Z:\mailing\e-mailing\images\cartas.gif --> ftp.sbrafh.org.br /public_html/e-mailing/images cartas.gif
2007.05.25 15:32 B Z:\mailing\e-mailing\images\cartas.jpg --> ftp.sbrafh.org.br /public_html/e-mailing/images cartas.jpg
2007.05.25 15:32 B Z:\mailing\e-mailing\images\categ.png --> ftp.sbrafh.org.br /public_html/e-mailing/images categ.png
2007.05.25 15:32 B Z:\mailing\e-mailing\images\categ2.png --> ftp.sbrafh.org.br /public_html/e-mailing/images categ2.png
2007.05.25 15:32 B Z:\mailing\e-mailing\images\composer.gif --> ftp.sbrafh.org.br /public_html/e-mailing/images composer.gif
2007.05.25 15:32 B Z:\mailing\e-mailing\images\computer-128x128.png --> ftp.sbrafh.org.br /public_html/e-mailing/images computer-128x128.png
2007.05.25 15:32 B Z:\mailing\e-mailing\images\editor.png --> ftp.sbrafh.org.br /public_html/e-mailing/images editor.png
2007.05.25 15:32 B Z:\mailing\e-mailing\images\email.gif --> ftp.sbrafh.org.br /public_html/e-mailing/images email.gif
2007.05.25 15:32 B Z:\mailing\e-mailing\images\excluir.gif --> ftp.sbrafh.org.br /public_html/e-mailing/images excluir.gif
2007.05.25 15:32 B Z:\mailing\e-mailing\images\files.gif --> ftp.sbrafh.org.br /public_html/e-mailing/images files.gif
2007.05.25 15:32 B Z:\mailing\e-mailing\images\fundoLinkHome.png --> ftp.sbrafh.org.br /public_html/e-mailing/images fundoLinkHome.png
2007.05.25 15:32 B Z:\mailing\e-mailing\images\home.gif --> ftp.sbrafh.org.br /public_html/e-mailing/images home.gif
2007.05.25 15:32 B Z:\mailing\e-mailing\images\led.tif --> ftp.sbrafh.org.br /public_html/e-mailing/images led.tif
2007.05.25 15:32 B Z:\mailing\e-mailing\images\ledGreen.gif --> ftp.sbrafh.org.br /public_html/e-mailing/images ledGreen.gif
2007.05.25 15:32 B Z:\mailing\e-mailing\images\ledRed.gif --> ftp.sbrafh.org.br /public_html/e-mailing/images ledRed.gif
2007.05.25 15:32 B Z:\mailing\e-mailing\images\ledYellow.gif --> ftp.sbrafh.org.br /public_html/e-mailing/images ledYellow.gif
2007.05.25 15:32 B Z:\mailing\e-mailing\images\linkHomeOut.png --> ftp.sbrafh.org.br /public_html/e-mailing/images linkHomeOut.png
2007.05.25 15:32 B Z:\mailing\e-mailing\images\linkHomeOver.png --> ftp.sbrafh.org.br /public_html/e-mailing/images linkHomeOver.png
2007.05.25 15:32 B Z:\mailing\e-mailing\images\listing.png --> ftp.sbrafh.org.br /public_html/e-mailing/images listing.png
2007.05.25 15:32 B Z:\mailing\e-mailing\images\listing2.png --> ftp.sbrafh.org.br /public_html/e-mailing/images listing2.png
2007.05.25 15:32 B Z:\mailing\e-mailing\images\loaded.gif --> ftp.sbrafh.org.br /public_html/e-mailing/images loaded.gif
2007.05.25 15:32 B Z:\mailing\e-mailing\images\logoRodape.png --> ftp.sbrafh.org.br /public_html/e-mailing/images logoRodape.png
2007.05.25 15:32 B Z:\mailing\e-mailing\images\logoTopo.gif --> ftp.sbrafh.org.br /public_html/e-mailing/images logoTopo.gif
2007.05.25 15:32 B Z:\mailing\e-mailing\images\logoTopo.png --> ftp.sbrafh.org.br /public_html/e-mailing/images logoTopo.png
2007.05.25 15:32 B Z:\mailing\e-mailing\images\opFolder.gif --> ftp.sbrafh.org.br /public_html/e-mailing/images opFolder.gif
2007.05.25 15:32 B Z:\mailing\e-mailing\images\rodapeEmail.png --> ftp.sbrafh.org.br /public_html/e-mailing/images rodapeEmail.png
2007.05.25 15:32 B Z:\mailing\e-mailing\images\send.png --> ftp.sbrafh.org.br /public_html/e-mailing/images send.png
2007.05.25 15:32 B Z:\mailing\e-mailing\images\sender.png --> ftp.sbrafh.org.br /public_html/e-mailing/images sender.png
2007.05.25 15:32 B Z:\mailing\e-mailing\images\sender2.png --> ftp.sbrafh.org.br /public_html/e-mailing/images sender2.png
2007.05.25 15:32 B Z:\mailing\e-mailing\images\set_p.gif --> ftp.sbrafh.org.br /public_html/e-mailing/images set_p.gif
2007.05.25 15:32 B Z:\mailing\e-mailing\images\set_pTrans.gif --> ftp.sbrafh.org.br /public_html/e-mailing/images set_pTrans.gif
2007.05.25 15:32 B Z:\mailing\e-mailing\images\shutdown-128x128.png --> ftp.sbrafh.org.br /public_html/e-mailing/images shutdown-128x128.png
2007.05.25 15:32 B Z:\mailing\e-mailing\images\title_bg.jpg --> ftp.sbrafh.org.br /public_html/e-mailing/images title_bg.jpg
2007.05.25 15:32 B Z:\mailing\e-mailing\images\toDown.gif --> ftp.sbrafh.org.br /public_html/e-mailing/images toDown.gif
2007.05.25 15:32 B Z:\mailing\e-mailing\images\topoEmail.jpg --> ftp.sbrafh.org.br /public_html/e-mailing/images topoEmail.jpg
2007.05.25 15:32 B Z:\mailing\e-mailing\images\topoEmail.png --> ftp.sbrafh.org.br /public_html/e-mailing/images topoEmail.png
2007.05.25 15:32 B Z:\mailing\e-mailing\images\toUp.gif --> ftp.sbrafh.org.br /public_html/e-mailing/images toUp.gif
2007.05.25 15:32 B Z:\mailing\e-mailing\images\triTransp.gif --> ftp.sbrafh.org.br /public_html/e-mailing/images triTransp.gif
2007.05.25 15:32 B Z:\mailing\e-mailing\images\upload.gif --> ftp.sbrafh.org.br /public_html/e-mailing/images upload.gif
2007.05.25 15:32 B Z:\mailing\e-mailing\images\upload.png --> ftp.sbrafh.org.br /public_html/e-mailing/images upload.png
2007.05.25 15:32 B Z:\mailing\e-mailing\images\upload2.png --> ftp.sbrafh.org.br /public_html/e-mailing/images upload2.png
2007.05.25 15:32 B Z:\mailing\e-mailing\images\usuarios.gif --> ftp.sbrafh.org.br /public_html/e-mailing/images usuarios.gif
2007.05.25 15:32 B Z:\mailing\e-mailing\images\WS_FTP.LOG --> ftp.sbrafh.org.br /public_html/e-mailing/images WS_FTP.LOG
2007.05.26 02:39 B Z:\mailing\e-mailing\images\sended.png --> ftp.sbrafh.org.br /public_html/e-mailing/images sended.png
2007.08.06 19:17 B Z:\amfar\admin\e-mailing\images\back.gif --> ftp635.locaweb.com.br /public_html/admin/e-mailing/images back.gif
2007.08.06 19:17 B Z:\amfar\admin\e-mailing\images\cartas.gif --> ftp635.locaweb.com.br /public_html/admin/e-mailing/images cartas.gif
2007.08.06 19:17 B Z:\amfar\admin\e-mailing\images\cartas.jpg --> ftp635.locaweb.com.br /public_html/admin/e-mailing/images cartas.jpg
2007.08.06 19:17 B Z:\amfar\admin\e-mailing\images\categ.png --> ftp635.locaweb.com.br /public_html/admin/e-mailing/images categ.png
2007.08.06 19:17 B Z:\amfar\admin\e-mailing\images\categ2.png --> ftp635.locaweb.com.br /public_html/admin/e-mailing/images categ2.png
2007.08.06 19:17 B Z:\amfar\admin\e-mailing\images\composer.gif --> ftp635.locaweb.com.br /public_html/admin/e-mailing/images composer.gif
2007.08.06 19:17 B Z:\amfar\admin\e-mailing\images\computer-128x128.png --> ftp635.locaweb.com.br /public_html/admin/e-mailing/images computer-128x128.png
2007.08.06 19:17 B Z:\amfar\admin\e-mailing\images\editor.png --> ftp635.locaweb.com.br /public_html/admin/e-mailing/images editor.png
2007.08.06 19:17 B Z:\amfar\admin\e-mailing\images\email.gif --> ftp635.locaweb.com.br /public_html/admin/e-mailing/images email.gif
2007.08.06 19:17 B Z:\amfar\admin\e-mailing\images\excluir.gif --> ftp635.locaweb.com.br /public_html/admin/e-mailing/images excluir.gif
2007.08.06 19:17 B Z:\amfar\admin\e-mailing\images\files.gif --> ftp635.locaweb.com.br /public_html/admin/e-mailing/images files.gif
2007.08.06 19:17 B Z:\amfar\admin\e-mailing\images\fundoLinkHome.png --> ftp635.locaweb.com.br /public_html/admin/e-mailing/images fundoLinkHome.png
2007.08.06 19:17 B Z:\amfar\admin\e-mailing\images\home.gif --> ftp635.locaweb.com.br /public_html/admin/e-mailing/images home.gif
2007.08.06 19:17 B Z:\amfar\admin\e-mailing\images\led.tif --> ftp635.locaweb.com.br /public_html/admin/e-mailing/images led.tif
2007.08.06 19:17 B Z:\amfar\admin\e-mailing\images\ledGreen.gif --> ftp635.locaweb.com.br /public_html/admin/e-mailing/images ledGreen.gif
2007.08.06 19:17 B Z:\amfar\admin\e-mailing\images\ledRed.gif --> ftp635.locaweb.com.br /public_html/admin/e-mailing/images ledRed.gif
2007.08.06 19:17 B Z:\amfar\admin\e-mailing\images\ledYellow.gif --> ftp635.locaweb.com.br /public_html/admin/e-mailing/images ledYellow.gif
2007.08.06 19:17 B Z:\amfar\admin\e-mailing\images\linkHomeOut.png --> ftp635.locaweb.com.br /public_html/admin/e-mailing/images linkHomeOut.png
2007.08.06 19:17 B Z:\amfar\admin\e-mailing\images\linkHomeOver.png --> ftp635.locaweb.com.br /public_html/admin/e-mailing/images linkHomeOver.png
2007.08.06 19:17 B Z:\amfar\admin\e-mailing\images\listing.png --> ftp635.locaweb.com.br /public_html/admin/e-mailing/images listing.png
2007.08.06 19:17 B Z:\amfar\admin\e-mailing\images\listing2.png --> ftp635.locaweb.com.br /public_html/admin/e-mailing/images listing2.png
2007.08.06 19:17 B Z:\amfar\admin\e-mailing\images\loaded.gif --> ftp635.locaweb.com.br /public_html/admin/e-mailing/images loaded.gif
2007.08.06 19:17 B Z:\amfar\admin\e-mailing\images\logoRodape.png --> ftp635.locaweb.com.br /public_html/admin/e-mailing/images logoRodape.png
2007.08.06 19:17 B Z:\amfar\admin\e-mailing\images\logoTopo.gif --> ftp635.locaweb.com.br /public_html/admin/e-mailing/images logoTopo.gif
2007.08.06 19:17 B Z:\amfar\admin\e-mailing\images\logoTopo.png --> ftp635.locaweb.com.br /public_html/admin/e-mailing/images logoTopo.png
2007.08.06 19:17 B Z:\amfar\admin\e-mailing\images\opFolder.gif --> ftp635.locaweb.com.br /public_html/admin/e-mailing/images opFolder.gif
2007.08.06 19:17 B Z:\amfar\admin\e-mailing\images\rodapeEmail.gif --> ftp635.locaweb.com.br /public_html/admin/e-mailing/images rodapeEmail.gif
2007.08.06 19:17 B Z:\amfar\admin\e-mailing\images\rodapeEmail.png --> ftp635.locaweb.com.br /public_html/admin/e-mailing/images rodapeEmail.png
2007.08.06 19:17 B Z:\amfar\admin\e-mailing\images\send.png --> ftp635.locaweb.com.br /public_html/admin/e-mailing/images send.png
2007.08.06 19:17 B Z:\amfar\admin\e-mailing\images\sended.png --> ftp635.locaweb.com.br /public_html/admin/e-mailing/images sended.png
2007.08.06 19:17 B Z:\amfar\admin\e-mailing\images\sender.png --> ftp635.locaweb.com.br /public_html/admin/e-mailing/images sender.png
2007.08.06 19:17 B Z:\amfar\admin\e-mailing\images\sender2.png --> ftp635.locaweb.com.br /public_html/admin/e-mailing/images sender2.png
2007.08.06 19:17 B Z:\amfar\admin\e-mailing\images\set_p.gif --> ftp635.locaweb.com.br /public_html/admin/e-mailing/images set_p.gif
2007.08.06 19:17 B Z:\amfar\admin\e-mailing\images\set_pTrans.gif --> ftp635.locaweb.com.br /public_html/admin/e-mailing/images set_pTrans.gif
2007.08.06 19:17 B Z:\amfar\admin\e-mailing\images\shutdown-128x128.png --> ftp635.locaweb.com.br /public_html/admin/e-mailing/images shutdown-128x128.png
2007.08.06 19:17 B Z:\amfar\admin\e-mailing\images\title_bg.jpg --> ftp635.locaweb.com.br /public_html/admin/e-mailing/images title_bg.jpg
2007.08.06 19:17 B Z:\amfar\admin\e-mailing\images\toDown.gif --> ftp635.locaweb.com.br /public_html/admin/e-mailing/images toDown.gif
2007.08.06 19:17 B Z:\amfar\admin\e-mailing\images\topoEmail.jpg --> ftp635.locaweb.com.br /public_html/admin/e-mailing/images topoEmail.jpg
2007.08.06 19:17 B Z:\amfar\admin\e-mailing\images\topoEmail.png --> ftp635.locaweb.com.br /public_html/admin/e-mailing/images topoEmail.png
2007.08.06 19:17 B Z:\amfar\admin\e-mailing\images\toUp.gif --> ftp635.locaweb.com.br /public_html/admin/e-mailing/images toUp.gif
2007.08.06 19:17 B Z:\amfar\admin\e-mailing\images\triTransp.gif --> ftp635.locaweb.com.br /public_html/admin/e-mailing/images triTransp.gif
2007.08.06 19:17 B Z:\amfar\admin\e-mailing\images\upload.gif --> ftp635.locaweb.com.br /public_html/admin/e-mailing/images upload.gif
2007.08.06 19:17 B Z:\amfar\admin\e-mailing\images\upload.png --> ftp635.locaweb.com.br /public_html/admin/e-mailing/images upload.png
2007.08.06 19:17 B Z:\amfar\admin\e-mailing\images\upload2.png --> ftp635.locaweb.com.br /public_html/admin/e-mailing/images upload2.png
2007.08.06 19:17 B Z:\amfar\admin\e-mailing\images\usuarios.gif --> ftp635.locaweb.com.br /public_html/admin/e-mailing/images usuarios.gif
