2012.09.19 01:05 B F:\xampp\htdocs\html2pdf\html2pdf\_tcpdf_5.0.002\fonts\almohanad.ctg.z --> ftp.sbrafh.org.br /public_html/html2pdf/html2pdf/_tcpdf_5.0.002/fonts almohanad.ctg.z
2012.09.19 01:05 B F:\xampp\htdocs\html2pdf\html2pdf\_tcpdf_5.0.002\fonts\almohanad.php --> ftp.sbrafh.org.br /public_html/html2pdf/html2pdf/_tcpdf_5.0.002/fonts almohanad.php
2012.09.19 01:05 B F:\xampp\htdocs\html2pdf\html2pdf\_tcpdf_5.0.002\fonts\almohanad.z --> ftp.sbrafh.org.br /public_html/html2pdf/html2pdf/_tcpdf_5.0.002/fonts almohanad.z
2012.09.19 01:05 B F:\xampp\htdocs\html2pdf\html2pdf\_tcpdf_5.0.002\fonts\arialunicid0.php --> ftp.sbrafh.org.br /public_html/html2pdf/html2pdf/_tcpdf_5.0.002/fonts arialunicid0.php
2012.09.19 01:05 B F:\xampp\htdocs\html2pdf\html2pdf\_tcpdf_5.0.002\fonts\courier.php --> ftp.sbrafh.org.br /public_html/html2pdf/html2pdf/_tcpdf_5.0.002/fonts courier.php
2012.09.19 01:05 B F:\xampp\htdocs\html2pdf\html2pdf\_tcpdf_5.0.002\fonts\dejavusans.ctg.z --> ftp.sbrafh.org.br /public_html/html2pdf/html2pdf/_tcpdf_5.0.002/fonts dejavusans.ctg.z
2012.09.19 01:05 B F:\xampp\htdocs\html2pdf\html2pdf\_tcpdf_5.0.002\fonts\dejavusans.php --> ftp.sbrafh.org.br /public_html/html2pdf/html2pdf/_tcpdf_5.0.002/fonts dejavusans.php
2012.09.19 01:05 B F:\xampp\htdocs\html2pdf\html2pdf\_tcpdf_5.0.002\fonts\dejavusans.z --> ftp.sbrafh.org.br /public_html/html2pdf/html2pdf/_tcpdf_5.0.002/fonts dejavusans.z
2012.09.19 01:05 B F:\xampp\htdocs\html2pdf\html2pdf\_tcpdf_5.0.002\fonts\dejavusansb.ctg.z --> ftp.sbrafh.org.br /public_html/html2pdf/html2pdf/_tcpdf_5.0.002/fonts dejavusansb.ctg.z
2012.09.19 01:05 B F:\xampp\htdocs\html2pdf\html2pdf\_tcpdf_5.0.002\fonts\dejavusansb.php --> ftp.sbrafh.org.br /public_html/html2pdf/html2pdf/_tcpdf_5.0.002/fonts dejavusansb.php
2012.09.19 01:06 B F:\xampp\htdocs\html2pdf\html2pdf\_tcpdf_5.0.002\fonts\dejavusansb.z --> ftp.sbrafh.org.br /public_html/html2pdf/html2pdf/_tcpdf_5.0.002/fonts dejavusansb.z
2012.09.19 01:06 B F:\xampp\htdocs\html2pdf\html2pdf\_tcpdf_5.0.002\fonts\dejavusansbi.ctg.z --> ftp.sbrafh.org.br /public_html/html2pdf/html2pdf/_tcpdf_5.0.002/fonts dejavusansbi.ctg.z
2012.09.19 01:06 B F:\xampp\htdocs\html2pdf\html2pdf\_tcpdf_5.0.002\fonts\dejavusansbi.php --> ftp.sbrafh.org.br /public_html/html2pdf/html2pdf/_tcpdf_5.0.002/fonts dejavusansbi.php
2012.09.19 01:06 B F:\xampp\htdocs\html2pdf\html2pdf\_tcpdf_5.0.002\fonts\dejavusansbi.z --> ftp.sbrafh.org.br /public_html/html2pdf/html2pdf/_tcpdf_5.0.002/fonts dejavusansbi.z
2012.09.19 01:06 B F:\xampp\htdocs\html2pdf\html2pdf\_tcpdf_5.0.002\fonts\dejavusanscondensed.ctg.z --> ftp.sbrafh.org.br /public_html/html2pdf/html2pdf/_tcpdf_5.0.002/fonts dejavusanscondensed.ctg.z
2012.09.19 01:06 B F:\xampp\htdocs\html2pdf\html2pdf\_tcpdf_5.0.002\fonts\dejavusanscondensed.php --> ftp.sbrafh.org.br /public_html/html2pdf/html2pdf/_tcpdf_5.0.002/fonts dejavusanscondensed.php
2012.09.19 01:06 B F:\xampp\htdocs\html2pdf\html2pdf\_tcpdf_5.0.002\fonts\dejavusanscondensed.z --> ftp.sbrafh.org.br /public_html/html2pdf/html2pdf/_tcpdf_5.0.002/fonts dejavusanscondensed.z
2012.09.19 01:06 B F:\xampp\htdocs\html2pdf\html2pdf\_tcpdf_5.0.002\fonts\dejavusanscondensedb.ctg.z --> ftp.sbrafh.org.br /public_html/html2pdf/html2pdf/_tcpdf_5.0.002/fonts dejavusanscondensedb.ctg.z
2012.09.19 01:06 B F:\xampp\htdocs\html2pdf\html2pdf\_tcpdf_5.0.002\fonts\dejavusanscondensedb.php --> ftp.sbrafh.org.br /public_html/html2pdf/html2pdf/_tcpdf_5.0.002/fonts dejavusanscondensedb.php
2012.09.19 01:06 B F:\xampp\htdocs\html2pdf\html2pdf\_tcpdf_5.0.002\fonts\dejavusanscondensedb.z --> ftp.sbrafh.org.br /public_html/html2pdf/html2pdf/_tcpdf_5.0.002/fonts dejavusanscondensedb.z
2012.09.19 01:06 B F:\xampp\htdocs\html2pdf\html2pdf\_tcpdf_5.0.002\fonts\dejavusanscondensedbi.ctg.z --> ftp.sbrafh.org.br /public_html/html2pdf/html2pdf/_tcpdf_5.0.002/fonts dejavusanscondensedbi.ctg.z
2012.09.19 01:06 B F:\xampp\htdocs\html2pdf\html2pdf\_tcpdf_5.0.002\fonts\dejavusanscondensedbi.php --> ftp.sbrafh.org.br /public_html/html2pdf/html2pdf/_tcpdf_5.0.002/fonts dejavusanscondensedbi.php
2012.09.19 01:06 B F:\xampp\htdocs\html2pdf\html2pdf\_tcpdf_5.0.002\fonts\dejavusanscondensedbi.z --> ftp.sbrafh.org.br /public_html/html2pdf/html2pdf/_tcpdf_5.0.002/fonts dejavusanscondensedbi.z
2012.09.19 01:06 B F:\xampp\htdocs\html2pdf\html2pdf\_tcpdf_5.0.002\fonts\dejavusanscondensedi.ctg.z --> ftp.sbrafh.org.br /public_html/html2pdf/html2pdf/_tcpdf_5.0.002/fonts dejavusanscondensedi.ctg.z
2012.09.19 01:06 B F:\xampp\htdocs\html2pdf\html2pdf\_tcpdf_5.0.002\fonts\dejavusanscondensedi.php --> ftp.sbrafh.org.br /public_html/html2pdf/html2pdf/_tcpdf_5.0.002/fonts dejavusanscondensedi.php
2012.09.19 01:07 B F:\xampp\htdocs\html2pdf\html2pdf\_tcpdf_5.0.002\fonts\dejavusanscondensedi.z --> ftp.sbrafh.org.br /public_html/html2pdf/html2pdf/_tcpdf_5.0.002/fonts dejavusanscondensedi.z
2012.09.19 01:07 B F:\xampp\htdocs\html2pdf\html2pdf\_tcpdf_5.0.002\fonts\dejavusansi.ctg.z --> ftp.sbrafh.org.br /public_html/html2pdf/html2pdf/_tcpdf_5.0.002/fonts dejavusansi.ctg.z
2012.09.19 01:07 B F:\xampp\htdocs\html2pdf\html2pdf\_tcpdf_5.0.002\fonts\dejavusansi.php --> ftp.sbrafh.org.br /public_html/html2pdf/html2pdf/_tcpdf_5.0.002/fonts dejavusansi.php
2012.09.19 01:07 B F:\xampp\htdocs\html2pdf\html2pdf\_tcpdf_5.0.002\fonts\dejavusansi.z --> ftp.sbrafh.org.br /public_html/html2pdf/html2pdf/_tcpdf_5.0.002/fonts dejavusansi.z
2012.09.19 01:07 B F:\xampp\htdocs\html2pdf\html2pdf\_tcpdf_5.0.002\fonts\dejavusansmono.ctg.z --> ftp.sbrafh.org.br /public_html/html2pdf/html2pdf/_tcpdf_5.0.002/fonts dejavusansmono.ctg.z
2012.09.19 01:07 B F:\xampp\htdocs\html2pdf\html2pdf\_tcpdf_5.0.002\fonts\dejavusansmono.php --> ftp.sbrafh.org.br /public_html/html2pdf/html2pdf/_tcpdf_5.0.002/fonts dejavusansmono.php
2012.09.19 01:07 B F:\xampp\htdocs\html2pdf\html2pdf\_tcpdf_5.0.002\fonts\dejavusansmono.z --> ftp.sbrafh.org.br /public_html/html2pdf/html2pdf/_tcpdf_5.0.002/fonts dejavusansmono.z
2012.09.19 01:07 B F:\xampp\htdocs\html2pdf\html2pdf\_tcpdf_5.0.002\fonts\dejavusansmonob.ctg.z --> ftp.sbrafh.org.br /public_html/html2pdf/html2pdf/_tcpdf_5.0.002/fonts dejavusansmonob.ctg.z
2012.09.19 01:07 B F:\xampp\htdocs\html2pdf\html2pdf\_tcpdf_5.0.002\fonts\dejavusansmonob.php --> ftp.sbrafh.org.br /public_html/html2pdf/html2pdf/_tcpdf_5.0.002/fonts dejavusansmonob.php
2012.09.19 01:07 B F:\xampp\htdocs\html2pdf\html2pdf\_tcpdf_5.0.002\fonts\dejavusansmonob.z --> ftp.sbrafh.org.br /public_html/html2pdf/html2pdf/_tcpdf_5.0.002/fonts dejavusansmonob.z
2012.09.19 01:07 B F:\xampp\htdocs\html2pdf\html2pdf\_tcpdf_5.0.002\fonts\dejavusansmonobi.ctg.z --> ftp.sbrafh.org.br /public_html/html2pdf/html2pdf/_tcpdf_5.0.002/fonts dejavusansmonobi.ctg.z
2012.09.19 01:07 B F:\xampp\htdocs\html2pdf\html2pdf\_tcpdf_5.0.002\fonts\dejavusansmonobi.php --> ftp.sbrafh.org.br /public_html/html2pdf/html2pdf/_tcpdf_5.0.002/fonts dejavusansmonobi.php
2012.09.19 01:07 B F:\xampp\htdocs\html2pdf\html2pdf\_tcpdf_5.0.002\fonts\dejavusansmonobi.z --> ftp.sbrafh.org.br /public_html/html2pdf/html2pdf/_tcpdf_5.0.002/fonts dejavusansmonobi.z
2012.09.19 01:07 B F:\xampp\htdocs\html2pdf\html2pdf\_tcpdf_5.0.002\fonts\dejavusansmonoi.ctg.z --> ftp.sbrafh.org.br /public_html/html2pdf/html2pdf/_tcpdf_5.0.002/fonts dejavusansmonoi.ctg.z
2012.09.19 01:07 B F:\xampp\htdocs\html2pdf\html2pdf\_tcpdf_5.0.002\fonts\dejavusansmonoi.php --> ftp.sbrafh.org.br /public_html/html2pdf/html2pdf/_tcpdf_5.0.002/fonts dejavusansmonoi.php
2012.09.19 01:07 B F:\xampp\htdocs\html2pdf\html2pdf\_tcpdf_5.0.002\fonts\dejavusansmonoi.z --> ftp.sbrafh.org.br /public_html/html2pdf/html2pdf/_tcpdf_5.0.002/fonts dejavusansmonoi.z
2012.09.19 01:07 B F:\xampp\htdocs\html2pdf\html2pdf\_tcpdf_5.0.002\fonts\dejavuserif.ctg.z --> ftp.sbrafh.org.br /public_html/html2pdf/html2pdf/_tcpdf_5.0.002/fonts dejavuserif.ctg.z
2012.09.19 01:07 B F:\xampp\htdocs\html2pdf\html2pdf\_tcpdf_5.0.002\fonts\dejavuserif.php --> ftp.sbrafh.org.br /public_html/html2pdf/html2pdf/_tcpdf_5.0.002/fonts dejavuserif.php
2012.09.19 01:07 B F:\xampp\htdocs\html2pdf\html2pdf\_tcpdf_5.0.002\fonts\dejavuserif.z --> ftp.sbrafh.org.br /public_html/html2pdf/html2pdf/_tcpdf_5.0.002/fonts dejavuserif.z
2012.09.19 01:07 B F:\xampp\htdocs\html2pdf\html2pdf\_tcpdf_5.0.002\fonts\dejavuserifb.ctg.z --> ftp.sbrafh.org.br /public_html/html2pdf/html2pdf/_tcpdf_5.0.002/fonts dejavuserifb.ctg.z
2012.09.19 01:07 B F:\xampp\htdocs\html2pdf\html2pdf\_tcpdf_5.0.002\fonts\dejavuserifb.php --> ftp.sbrafh.org.br /public_html/html2pdf/html2pdf/_tcpdf_5.0.002/fonts dejavuserifb.php
2012.09.19 01:07 B F:\xampp\htdocs\html2pdf\html2pdf\_tcpdf_5.0.002\fonts\dejavuserifb.z --> ftp.sbrafh.org.br /public_html/html2pdf/html2pdf/_tcpdf_5.0.002/fonts dejavuserifb.z
2012.09.19 01:07 B F:\xampp\htdocs\html2pdf\html2pdf\_tcpdf_5.0.002\fonts\dejavuserifbi.ctg.z --> ftp.sbrafh.org.br /public_html/html2pdf/html2pdf/_tcpdf_5.0.002/fonts dejavuserifbi.ctg.z
2012.09.19 01:07 B F:\xampp\htdocs\html2pdf\html2pdf\_tcpdf_5.0.002\fonts\dejavuserifbi.php --> ftp.sbrafh.org.br /public_html/html2pdf/html2pdf/_tcpdf_5.0.002/fonts dejavuserifbi.php
2012.09.19 01:07 B F:\xampp\htdocs\html2pdf\html2pdf\_tcpdf_5.0.002\fonts\dejavuserifbi.z --> ftp.sbrafh.org.br /public_html/html2pdf/html2pdf/_tcpdf_5.0.002/fonts dejavuserifbi.z
2012.09.19 01:07 B F:\xampp\htdocs\html2pdf\html2pdf\_tcpdf_5.0.002\fonts\dejavuserifcondensed.ctg.z --> ftp.sbrafh.org.br /public_html/html2pdf/html2pdf/_tcpdf_5.0.002/fonts dejavuserifcondensed.ctg.z
2012.09.19 01:07 B F:\xampp\htdocs\html2pdf\html2pdf\_tcpdf_5.0.002\fonts\dejavuserifcondensed.php --> ftp.sbrafh.org.br /public_html/html2pdf/html2pdf/_tcpdf_5.0.002/fonts dejavuserifcondensed.php
2012.09.19 01:07 B F:\xampp\htdocs\html2pdf\html2pdf\_tcpdf_5.0.002\fonts\dejavuserifcondensed.z --> ftp.sbrafh.org.br /public_html/html2pdf/html2pdf/_tcpdf_5.0.002/fonts dejavuserifcondensed.z
2012.09.19 01:07 B F:\xampp\htdocs\html2pdf\html2pdf\_tcpdf_5.0.002\fonts\dejavuserifcondensedb.ctg.z --> ftp.sbrafh.org.br /public_html/html2pdf/html2pdf/_tcpdf_5.0.002/fonts dejavuserifcondensedb.ctg.z
2012.09.19 01:08 B F:\xampp\htdocs\html2pdf\html2pdf\_tcpdf_5.0.002\fonts\dejavuserifcondensedb.php --> ftp.sbrafh.org.br /public_html/html2pdf/html2pdf/_tcpdf_5.0.002/fonts dejavuserifcondensedb.php
2012.09.19 01:08 B F:\xampp\htdocs\html2pdf\html2pdf\_tcpdf_5.0.002\fonts\dejavuserifcondensedb.z --> ftp.sbrafh.org.br /public_html/html2pdf/html2pdf/_tcpdf_5.0.002/fonts dejavuserifcondensedb.z
2012.09.19 01:08 B F:\xampp\htdocs\html2pdf\html2pdf\_tcpdf_5.0.002\fonts\dejavuserifcondensedbi.ctg.z --> ftp.sbrafh.org.br /public_html/html2pdf/html2pdf/_tcpdf_5.0.002/fonts dejavuserifcondensedbi.ctg.z
2012.09.19 01:08 B F:\xampp\htdocs\html2pdf\html2pdf\_tcpdf_5.0.002\fonts\dejavuserifcondensedbi.php --> ftp.sbrafh.org.br /public_html/html2pdf/html2pdf/_tcpdf_5.0.002/fonts dejavuserifcondensedbi.php
2012.09.19 01:08 B F:\xampp\htdocs\html2pdf\html2pdf\_tcpdf_5.0.002\fonts\dejavuserifcondensedbi.z --> ftp.sbrafh.org.br /public_html/html2pdf/html2pdf/_tcpdf_5.0.002/fonts dejavuserifcondensedbi.z
2012.09.19 01:08 B F:\xampp\htdocs\html2pdf\html2pdf\_tcpdf_5.0.002\fonts\dejavuserifcondensedi.ctg.z --> ftp.sbrafh.org.br /public_html/html2pdf/html2pdf/_tcpdf_5.0.002/fonts dejavuserifcondensedi.ctg.z
2012.09.19 01:08 B F:\xampp\htdocs\html2pdf\html2pdf\_tcpdf_5.0.002\fonts\dejavuserifcondensedi.php --> ftp.sbrafh.org.br /public_html/html2pdf/html2pdf/_tcpdf_5.0.002/fonts dejavuserifcondensedi.php
2012.09.19 01:08 B F:\xampp\htdocs\html2pdf\html2pdf\_tcpdf_5.0.002\fonts\dejavuserifcondensedi.z --> ftp.sbrafh.org.br /public_html/html2pdf/html2pdf/_tcpdf_5.0.002/fonts dejavuserifcondensedi.z
2012.09.19 01:08 B F:\xampp\htdocs\html2pdf\html2pdf\_tcpdf_5.0.002\fonts\dejavuserifi.ctg.z --> ftp.sbrafh.org.br /public_html/html2pdf/html2pdf/_tcpdf_5.0.002/fonts dejavuserifi.ctg.z
2012.09.19 01:08 B F:\xampp\htdocs\html2pdf\html2pdf\_tcpdf_5.0.002\fonts\dejavuserifi.php --> ftp.sbrafh.org.br /public_html/html2pdf/html2pdf/_tcpdf_5.0.002/fonts dejavuserifi.php
2012.09.19 01:08 B F:\xampp\htdocs\html2pdf\html2pdf\_tcpdf_5.0.002\fonts\dejavuserifi.z --> ftp.sbrafh.org.br /public_html/html2pdf/html2pdf/_tcpdf_5.0.002/fonts dejavuserifi.z
2012.09.19 01:08 B F:\xampp\htdocs\html2pdf\html2pdf\_tcpdf_5.0.002\fonts\freemono.ctg.z --> ftp.sbrafh.org.br /public_html/html2pdf/html2pdf/_tcpdf_5.0.002/fonts freemono.ctg.z
2012.09.19 01:08 B F:\xampp\htdocs\html2pdf\html2pdf\_tcpdf_5.0.002\fonts\freemono.php --> ftp.sbrafh.org.br /public_html/html2pdf/html2pdf/_tcpdf_5.0.002/fonts freemono.php
2012.09.19 01:08 B F:\xampp\htdocs\html2pdf\html2pdf\_tcpdf_5.0.002\fonts\freemono.z --> ftp.sbrafh.org.br /public_html/html2pdf/html2pdf/_tcpdf_5.0.002/fonts freemono.z
2012.09.19 01:08 B F:\xampp\htdocs\html2pdf\html2pdf\_tcpdf_5.0.002\fonts\freemonob.ctg.z --> ftp.sbrafh.org.br /public_html/html2pdf/html2pdf/_tcpdf_5.0.002/fonts freemonob.ctg.z
2012.09.19 01:08 B F:\xampp\htdocs\html2pdf\html2pdf\_tcpdf_5.0.002\fonts\freemonob.php --> ftp.sbrafh.org.br /public_html/html2pdf/html2pdf/_tcpdf_5.0.002/fonts freemonob.php
2012.09.19 01:08 B F:\xampp\htdocs\html2pdf\html2pdf\_tcpdf_5.0.002\fonts\freemonob.z --> ftp.sbrafh.org.br /public_html/html2pdf/html2pdf/_tcpdf_5.0.002/fonts freemonob.z
2012.09.19 01:08 B F:\xampp\htdocs\html2pdf\html2pdf\_tcpdf_5.0.002\fonts\freemonobi.ctg.z --> ftp.sbrafh.org.br /public_html/html2pdf/html2pdf/_tcpdf_5.0.002/fonts freemonobi.ctg.z
2012.09.19 01:08 B F:\xampp\htdocs\html2pdf\html2pdf\_tcpdf_5.0.002\fonts\freemonobi.php --> ftp.sbrafh.org.br /public_html/html2pdf/html2pdf/_tcpdf_5.0.002/fonts freemonobi.php
2012.09.19 01:08 B F:\xampp\htdocs\html2pdf\html2pdf\_tcpdf_5.0.002\fonts\freemonobi.z --> ftp.sbrafh.org.br /public_html/html2pdf/html2pdf/_tcpdf_5.0.002/fonts freemonobi.z
2012.09.19 01:08 B F:\xampp\htdocs\html2pdf\html2pdf\_tcpdf_5.0.002\fonts\freemonoi.ctg.z --> ftp.sbrafh.org.br /public_html/html2pdf/html2pdf/_tcpdf_5.0.002/fonts freemonoi.ctg.z
2012.09.19 01:08 B F:\xampp\htdocs\html2pdf\html2pdf\_tcpdf_5.0.002\fonts\freemonoi.php --> ftp.sbrafh.org.br /public_html/html2pdf/html2pdf/_tcpdf_5.0.002/fonts freemonoi.php
2012.09.19 01:08 B F:\xampp\htdocs\html2pdf\html2pdf\_tcpdf_5.0.002\fonts\freemonoi.z --> ftp.sbrafh.org.br /public_html/html2pdf/html2pdf/_tcpdf_5.0.002/fonts freemonoi.z
2012.09.19 01:08 B F:\xampp\htdocs\html2pdf\html2pdf\_tcpdf_5.0.002\fonts\freesans.ctg.z --> ftp.sbrafh.org.br /public_html/html2pdf/html2pdf/_tcpdf_5.0.002/fonts freesans.ctg.z
2012.09.19 01:08 B F:\xampp\htdocs\html2pdf\html2pdf\_tcpdf_5.0.002\fonts\freesans.php --> ftp.sbrafh.org.br /public_html/html2pdf/html2pdf/_tcpdf_5.0.002/fonts freesans.php
2012.09.19 01:08 B F:\xampp\htdocs\html2pdf\html2pdf\_tcpdf_5.0.002\fonts\freesans.z --> ftp.sbrafh.org.br /public_html/html2pdf/html2pdf/_tcpdf_5.0.002/fonts freesans.z
2012.09.19 01:08 B F:\xampp\htdocs\html2pdf\html2pdf\_tcpdf_5.0.002\fonts\freesansb.ctg.z --> ftp.sbrafh.org.br /public_html/html2pdf/html2pdf/_tcpdf_5.0.002/fonts freesansb.ctg.z
2012.09.19 01:08 B F:\xampp\htdocs\html2pdf\html2pdf\_tcpdf_5.0.002\fonts\freesansb.php --> ftp.sbrafh.org.br /public_html/html2pdf/html2pdf/_tcpdf_5.0.002/fonts freesansb.php
2012.09.19 01:08 B F:\xampp\htdocs\html2pdf\html2pdf\_tcpdf_5.0.002\fonts\freesansb.z --> ftp.sbrafh.org.br /public_html/html2pdf/html2pdf/_tcpdf_5.0.002/fonts freesansb.z
2012.09.19 01:08 B F:\xampp\htdocs\html2pdf\html2pdf\_tcpdf_5.0.002\fonts\freesansbi.ctg.z --> ftp.sbrafh.org.br /public_html/html2pdf/html2pdf/_tcpdf_5.0.002/fonts freesansbi.ctg.z
2012.09.19 01:08 B F:\xampp\htdocs\html2pdf\html2pdf\_tcpdf_5.0.002\fonts\freesansbi.php --> ftp.sbrafh.org.br /public_html/html2pdf/html2pdf/_tcpdf_5.0.002/fonts freesansbi.php
2012.09.19 01:09 B F:\xampp\htdocs\html2pdf\html2pdf\_tcpdf_5.0.002\fonts\freesansbi.z --> ftp.sbrafh.org.br /public_html/html2pdf/html2pdf/_tcpdf_5.0.002/fonts freesansbi.z
2012.09.19 01:09 B F:\xampp\htdocs\html2pdf\html2pdf\_tcpdf_5.0.002\fonts\freesansi.ctg.z --> ftp.sbrafh.org.br /public_html/html2pdf/html2pdf/_tcpdf_5.0.002/fonts freesansi.ctg.z
2012.09.19 01:09 B F:\xampp\htdocs\html2pdf\html2pdf\_tcpdf_5.0.002\fonts\freesansi.php --> ftp.sbrafh.org.br /public_html/html2pdf/html2pdf/_tcpdf_5.0.002/fonts freesansi.php
2012.09.19 01:09 B F:\xampp\htdocs\html2pdf\html2pdf\_tcpdf_5.0.002\fonts\freesansi.z --> ftp.sbrafh.org.br /public_html/html2pdf/html2pdf/_tcpdf_5.0.002/fonts freesansi.z
2012.09.19 01:09 B F:\xampp\htdocs\html2pdf\html2pdf\_tcpdf_5.0.002\fonts\freeserif.ctg.z --> ftp.sbrafh.org.br /public_html/html2pdf/html2pdf/_tcpdf_5.0.002/fonts freeserif.ctg.z
2012.09.19 01:09 B F:\xampp\htdocs\html2pdf\html2pdf\_tcpdf_5.0.002\fonts\freeserif.php --> ftp.sbrafh.org.br /public_html/html2pdf/html2pdf/_tcpdf_5.0.002/fonts freeserif.php
2012.09.19 01:09 B F:\xampp\htdocs\html2pdf\html2pdf\_tcpdf_5.0.002\fonts\freeserif.z --> ftp.sbrafh.org.br /public_html/html2pdf/html2pdf/_tcpdf_5.0.002/fonts freeserif.z
2012.09.19 01:09 B F:\xampp\htdocs\html2pdf\html2pdf\_tcpdf_5.0.002\fonts\freeserifb.ctg.z --> ftp.sbrafh.org.br /public_html/html2pdf/html2pdf/_tcpdf_5.0.002/fonts freeserifb.ctg.z
2012.09.19 01:09 B F:\xampp\htdocs\html2pdf\html2pdf\_tcpdf_5.0.002\fonts\freeserifb.php --> ftp.sbrafh.org.br /public_html/html2pdf/html2pdf/_tcpdf_5.0.002/fonts freeserifb.php
2012.09.19 01:09 B F:\xampp\htdocs\html2pdf\html2pdf\_tcpdf_5.0.002\fonts\freeserifb.z --> ftp.sbrafh.org.br /public_html/html2pdf/html2pdf/_tcpdf_5.0.002/fonts freeserifb.z
2012.09.19 01:09 B F:\xampp\htdocs\html2pdf\html2pdf\_tcpdf_5.0.002\fonts\freeserifbi.ctg.z --> ftp.sbrafh.org.br /public_html/html2pdf/html2pdf/_tcpdf_5.0.002/fonts freeserifbi.ctg.z
2012.09.19 01:09 B F:\xampp\htdocs\html2pdf\html2pdf\_tcpdf_5.0.002\fonts\freeserifbi.php --> ftp.sbrafh.org.br /public_html/html2pdf/html2pdf/_tcpdf_5.0.002/fonts freeserifbi.php
2012.09.19 01:09 B F:\xampp\htdocs\html2pdf\html2pdf\_tcpdf_5.0.002\fonts\freeserifbi.z --> ftp.sbrafh.org.br /public_html/html2pdf/html2pdf/_tcpdf_5.0.002/fonts freeserifbi.z
2012.09.19 01:09 B F:\xampp\htdocs\html2pdf\html2pdf\_tcpdf_5.0.002\fonts\freeserifi.ctg.z --> ftp.sbrafh.org.br /public_html/html2pdf/html2pdf/_tcpdf_5.0.002/fonts freeserifi.ctg.z
2012.09.19 01:09 B F:\xampp\htdocs\html2pdf\html2pdf\_tcpdf_5.0.002\fonts\freeserifi.php --> ftp.sbrafh.org.br /public_html/html2pdf/html2pdf/_tcpdf_5.0.002/fonts freeserifi.php
2012.09.19 01:10 B F:\xampp\htdocs\html2pdf\html2pdf\_tcpdf_5.0.002\fonts\freeserifi.z --> ftp.sbrafh.org.br /public_html/html2pdf/html2pdf/_tcpdf_5.0.002/fonts freeserifi.z
2012.09.19 01:10 B F:\xampp\htdocs\html2pdf\html2pdf\_tcpdf_5.0.002\fonts\helvetica.php --> ftp.sbrafh.org.br /public_html/html2pdf/html2pdf/_tcpdf_5.0.002/fonts helvetica.php
2012.09.19 01:10 B F:\xampp\htdocs\html2pdf\html2pdf\_tcpdf_5.0.002\fonts\helveticab.php --> ftp.sbrafh.org.br /public_html/html2pdf/html2pdf/_tcpdf_5.0.002/fonts helveticab.php
2012.09.19 01:10 B F:\xampp\htdocs\html2pdf\html2pdf\_tcpdf_5.0.002\fonts\helveticabi.php --> ftp.sbrafh.org.br /public_html/html2pdf/html2pdf/_tcpdf_5.0.002/fonts helveticabi.php
2012.09.19 01:10 B F:\xampp\htdocs\html2pdf\html2pdf\_tcpdf_5.0.002\fonts\helveticai.php --> ftp.sbrafh.org.br /public_html/html2pdf/html2pdf/_tcpdf_5.0.002/fonts helveticai.php
2012.09.19 01:10 B F:\xampp\htdocs\html2pdf\html2pdf\_tcpdf_5.0.002\fonts\hysmyeongjostdmedium.php --> ftp.sbrafh.org.br /public_html/html2pdf/html2pdf/_tcpdf_5.0.002/fonts hysmyeongjostdmedium.php
2012.09.19 01:10 B F:\xampp\htdocs\html2pdf\html2pdf\_tcpdf_5.0.002\fonts\kozgopromedium.php --> ftp.sbrafh.org.br /public_html/html2pdf/html2pdf/_tcpdf_5.0.002/fonts kozgopromedium.php
2012.09.19 01:10 B F:\xampp\htdocs\html2pdf\html2pdf\_tcpdf_5.0.002\fonts\kozminproregular.php --> ftp.sbrafh.org.br /public_html/html2pdf/html2pdf/_tcpdf_5.0.002/fonts kozminproregular.php
2012.09.19 01:10 B F:\xampp\htdocs\html2pdf\html2pdf\_tcpdf_5.0.002\fonts\msungstdlight.php --> ftp.sbrafh.org.br /public_html/html2pdf/html2pdf/_tcpdf_5.0.002/fonts msungstdlight.php
2012.09.19 01:10 B F:\xampp\htdocs\html2pdf\html2pdf\_tcpdf_5.0.002\fonts\README.TXT --> ftp.sbrafh.org.br /public_html/html2pdf/html2pdf/_tcpdf_5.0.002/fonts README.TXT
2012.09.19 01:10 B F:\xampp\htdocs\html2pdf\html2pdf\_tcpdf_5.0.002\fonts\stsongstdlight.php --> ftp.sbrafh.org.br /public_html/html2pdf/html2pdf/_tcpdf_5.0.002/fonts stsongstdlight.php
2012.09.19 01:10 B F:\xampp\htdocs\html2pdf\html2pdf\_tcpdf_5.0.002\fonts\symbol.php --> ftp.sbrafh.org.br /public_html/html2pdf/html2pdf/_tcpdf_5.0.002/fonts symbol.php
2012.09.19 01:10 B F:\xampp\htdocs\html2pdf\html2pdf\_tcpdf_5.0.002\fonts\times.php --> ftp.sbrafh.org.br /public_html/html2pdf/html2pdf/_tcpdf_5.0.002/fonts times.php
2012.09.19 01:10 B F:\xampp\htdocs\html2pdf\html2pdf\_tcpdf_5.0.002\fonts\timesb.php --> ftp.sbrafh.org.br /public_html/html2pdf/html2pdf/_tcpdf_5.0.002/fonts timesb.php
2012.09.19 01:10 B F:\xampp\htdocs\html2pdf\html2pdf\_tcpdf_5.0.002\fonts\timesbi.php --> ftp.sbrafh.org.br /public_html/html2pdf/html2pdf/_tcpdf_5.0.002/fonts timesbi.php
2012.09.19 01:10 B F:\xampp\htdocs\html2pdf\html2pdf\_tcpdf_5.0.002\fonts\timesi.php --> ftp.sbrafh.org.br /public_html/html2pdf/html2pdf/_tcpdf_5.0.002/fonts timesi.php
2012.09.19 01:10 B F:\xampp\htdocs\html2pdf\html2pdf\_tcpdf_5.0.002\fonts\uni2cid_ac15.php --> ftp.sbrafh.org.br /public_html/html2pdf/html2pdf/_tcpdf_5.0.002/fonts uni2cid_ac15.php
2012.09.19 01:10 B F:\xampp\htdocs\html2pdf\html2pdf\_tcpdf_5.0.002\fonts\uni2cid_ag15.php --> ftp.sbrafh.org.br /public_html/html2pdf/html2pdf/_tcpdf_5.0.002/fonts uni2cid_ag15.php
2012.09.19 01:10 B F:\xampp\htdocs\html2pdf\html2pdf\_tcpdf_5.0.002\fonts\uni2cid_aj16.php --> ftp.sbrafh.org.br /public_html/html2pdf/html2pdf/_tcpdf_5.0.002/fonts uni2cid_aj16.php
2012.09.19 01:10 B F:\xampp\htdocs\html2pdf\html2pdf\_tcpdf_5.0.002\fonts\uni2cid_ak12.php --> ftp.sbrafh.org.br /public_html/html2pdf/html2pdf/_tcpdf_5.0.002/fonts uni2cid_ak12.php
2012.09.19 01:10 B F:\xampp\htdocs\html2pdf\html2pdf\_tcpdf_5.0.002\fonts\zapfdingbats.php --> ftp.sbrafh.org.br /public_html/html2pdf/html2pdf/_tcpdf_5.0.002/fonts zapfdingbats.php
2012.09.19 01:10 B F:\xampp\htdocs\html2pdf\html2pdf\_tcpdf_5.0.002\fonts\ZarBold.ctg.z --> ftp.sbrafh.org.br /public_html/html2pdf/html2pdf/_tcpdf_5.0.002/fonts ZarBold.ctg.z
2012.09.19 01:10 B F:\xampp\htdocs\html2pdf\html2pdf\_tcpdf_5.0.002\fonts\zarbold.php --> ftp.sbrafh.org.br /public_html/html2pdf/html2pdf/_tcpdf_5.0.002/fonts zarbold.php
2012.09.19 01:10 B F:\xampp\htdocs\html2pdf\html2pdf\_tcpdf_5.0.002\fonts\ZarBold.z --> ftp.sbrafh.org.br /public_html/html2pdf/html2pdf/_tcpdf_5.0.002/fonts ZarBold.z
2012.09.19 02:56 B F:\xampp\htdocs\html2pdf\html2pdf\_tcpdf_5.0.002\fonts\calibri.z --> ftp.sbrafh.org.br /public_html/html2pdf/html2pdf/_tcpdf_5.0.002/fonts calibri.z
2012.09.19 02:56 B F:\xampp\htdocs\html2pdf\html2pdf\_tcpdf_5.0.002\fonts\calibri.php --> ftp.sbrafh.org.br /public_html/html2pdf/html2pdf/_tcpdf_5.0.002/fonts calibri.php
2012.09.19 03:02 B F:\xampp\htdocs\html2pdf\html2pdf\_tcpdf_5.0.002\fonts\calibriz.z --> ftp.sbrafh.org.br /public_html/html2pdf/html2pdf/_tcpdf_5.0.002/fonts calibriz.z
2012.09.19 03:02 B F:\xampp\htdocs\html2pdf\html2pdf\_tcpdf_5.0.002\fonts\calibriz.php --> ftp.sbrafh.org.br /public_html/html2pdf/html2pdf/_tcpdf_5.0.002/fonts calibriz.php
2012.09.19 03:02 B F:\xampp\htdocs\html2pdf\html2pdf\_tcpdf_5.0.002\fonts\calibrib.z --> ftp.sbrafh.org.br /public_html/html2pdf/html2pdf/_tcpdf_5.0.002/fonts calibrib.z
2012.09.19 03:02 B F:\xampp\htdocs\html2pdf\html2pdf\_tcpdf_5.0.002\fonts\calibrib.php --> ftp.sbrafh.org.br /public_html/html2pdf/html2pdf/_tcpdf_5.0.002/fonts calibrib.php
2012.09.19 03:02 B F:\xampp\htdocs\html2pdf\html2pdf\_tcpdf_5.0.002\fonts\calibrii.z --> ftp.sbrafh.org.br /public_html/html2pdf/html2pdf/_tcpdf_5.0.002/fonts calibrii.z
2012.09.19 03:02 B F:\xampp\htdocs\html2pdf\html2pdf\_tcpdf_5.0.002\fonts\calibrii.php --> ftp.sbrafh.org.br /public_html/html2pdf/html2pdf/_tcpdf_5.0.002/fonts calibrii.php
2012.09.19 03:03 B F:\xampp\htdocs\html2pdf\html2pdf\_tcpdf_5.0.002\fonts\calibri.z --> ftp.sbrafh.org.br /public_html/html2pdf/html2pdf/_tcpdf_5.0.002/fonts calibri.z
2012.09.19 03:03 B F:\xampp\htdocs\html2pdf\html2pdf\_tcpdf_5.0.002\fonts\calibri.php --> ftp.sbrafh.org.br /public_html/html2pdf/html2pdf/_tcpdf_5.0.002/fonts calibri.php
2012.11.23 12:20 B F:\xampp\htdocs\sbrafh\html2pdf\html2pdf\_tcpdf_5.0.002\fonts\almohanad.ctg.z --> ftp.jairodepaula.com.br /jairodepaula/web/html2pdf/html2pdf/_tcpdf_5.0.002/fonts almohanad.ctg.z
2012.11.23 12:20 B F:\xampp\htdocs\sbrafh\html2pdf\html2pdf\_tcpdf_5.0.002\fonts\almohanad.php --> ftp.jairodepaula.com.br /jairodepaula/web/html2pdf/html2pdf/_tcpdf_5.0.002/fonts almohanad.php
2012.11.23 12:20 B F:\xampp\htdocs\sbrafh\html2pdf\html2pdf\_tcpdf_5.0.002\fonts\almohanad.z --> ftp.jairodepaula.com.br /jairodepaula/web/html2pdf/html2pdf/_tcpdf_5.0.002/fonts almohanad.z
2012.11.23 12:21 B F:\xampp\htdocs\sbrafh\html2pdf\html2pdf\_tcpdf_5.0.002\fonts\arialunicid0.php --> ftp.jairodepaula.com.br /jairodepaula/web/html2pdf/html2pdf/_tcpdf_5.0.002/fonts arialunicid0.php
2012.11.23 12:21 B F:\xampp\htdocs\sbrafh\html2pdf\html2pdf\_tcpdf_5.0.002\fonts\calibri.php --> ftp.jairodepaula.com.br /jairodepaula/web/html2pdf/html2pdf/_tcpdf_5.0.002/fonts calibri.php
2012.11.23 12:21 B F:\xampp\htdocs\sbrafh\html2pdf\html2pdf\_tcpdf_5.0.002\fonts\calibri.z --> ftp.jairodepaula.com.br /jairodepaula/web/html2pdf/html2pdf/_tcpdf_5.0.002/fonts calibri.z
2012.11.23 12:21 B F:\xampp\htdocs\sbrafh\html2pdf\html2pdf\_tcpdf_5.0.002\fonts\calibrib.php --> ftp.jairodepaula.com.br /jairodepaula/web/html2pdf/html2pdf/_tcpdf_5.0.002/fonts calibrib.php
2012.11.23 12:21 B F:\xampp\htdocs\sbrafh\html2pdf\html2pdf\_tcpdf_5.0.002\fonts\calibrib.z --> ftp.jairodepaula.com.br /jairodepaula/web/html2pdf/html2pdf/_tcpdf_5.0.002/fonts calibrib.z
2012.11.23 12:21 B F:\xampp\htdocs\sbrafh\html2pdf\html2pdf\_tcpdf_5.0.002\fonts\calibrii.php --> ftp.jairodepaula.com.br /jairodepaula/web/html2pdf/html2pdf/_tcpdf_5.0.002/fonts calibrii.php
2012.11.23 12:21 B F:\xampp\htdocs\sbrafh\html2pdf\html2pdf\_tcpdf_5.0.002\fonts\calibrii.z --> ftp.jairodepaula.com.br /jairodepaula/web/html2pdf/html2pdf/_tcpdf_5.0.002/fonts calibrii.z
2012.11.23 12:21 B F:\xampp\htdocs\sbrafh\html2pdf\html2pdf\_tcpdf_5.0.002\fonts\calibriz.php --> ftp.jairodepaula.com.br /jairodepaula/web/html2pdf/html2pdf/_tcpdf_5.0.002/fonts calibriz.php
2012.11.23 12:21 B F:\xampp\htdocs\sbrafh\html2pdf\html2pdf\_tcpdf_5.0.002\fonts\calibriz.z --> ftp.jairodepaula.com.br /jairodepaula/web/html2pdf/html2pdf/_tcpdf_5.0.002/fonts calibriz.z
2012.11.23 12:21 B F:\xampp\htdocs\sbrafh\html2pdf\html2pdf\_tcpdf_5.0.002\fonts\courier.php --> ftp.jairodepaula.com.br /jairodepaula/web/html2pdf/html2pdf/_tcpdf_5.0.002/fonts courier.php
2012.11.23 12:21 B F:\xampp\htdocs\sbrafh\html2pdf\html2pdf\_tcpdf_5.0.002\fonts\dejavusans.ctg.z --> ftp.jairodepaula.com.br /jairodepaula/web/html2pdf/html2pdf/_tcpdf_5.0.002/fonts dejavusans.ctg.z
2012.11.23 12:21 B F:\xampp\htdocs\sbrafh\html2pdf\html2pdf\_tcpdf_5.0.002\fonts\dejavusans.php --> ftp.jairodepaula.com.br /jairodepaula/web/html2pdf/html2pdf/_tcpdf_5.0.002/fonts dejavusans.php
2012.11.23 12:22 B F:\xampp\htdocs\sbrafh\html2pdf\html2pdf\_tcpdf_5.0.002\fonts\dejavusans.z --> ftp.jairodepaula.com.br /jairodepaula/web/html2pdf/html2pdf/_tcpdf_5.0.002/fonts dejavusans.z
2012.11.23 12:22 B F:\xampp\htdocs\sbrafh\html2pdf\html2pdf\_tcpdf_5.0.002\fonts\dejavusansb.ctg.z --> ftp.jairodepaula.com.br /jairodepaula/web/html2pdf/html2pdf/_tcpdf_5.0.002/fonts dejavusansb.ctg.z
2012.11.23 12:22 B F:\xampp\htdocs\sbrafh\html2pdf\html2pdf\_tcpdf_5.0.002\fonts\dejavusansb.php --> ftp.jairodepaula.com.br /jairodepaula/web/html2pdf/html2pdf/_tcpdf_5.0.002/fonts dejavusansb.php
2012.11.23 12:22 B F:\xampp\htdocs\sbrafh\html2pdf\html2pdf\_tcpdf_5.0.002\fonts\dejavusansb.z --> ftp.jairodepaula.com.br /jairodepaula/web/html2pdf/html2pdf/_tcpdf_5.0.002/fonts dejavusansb.z
2012.11.23 12:22 B F:\xampp\htdocs\sbrafh\html2pdf\html2pdf\_tcpdf_5.0.002\fonts\dejavusansbi.ctg.z --> ftp.jairodepaula.com.br /jairodepaula/web/html2pdf/html2pdf/_tcpdf_5.0.002/fonts dejavusansbi.ctg.z
2012.11.23 12:22 B F:\xampp\htdocs\sbrafh\html2pdf\html2pdf\_tcpdf_5.0.002\fonts\dejavusansbi.php --> ftp.jairodepaula.com.br /jairodepaula/web/html2pdf/html2pdf/_tcpdf_5.0.002/fonts dejavusansbi.php
2012.11.23 12:22 B F:\xampp\htdocs\sbrafh\html2pdf\html2pdf\_tcpdf_5.0.002\fonts\dejavusansbi.z --> ftp.jairodepaula.com.br /jairodepaula/web/html2pdf/html2pdf/_tcpdf_5.0.002/fonts dejavusansbi.z
2012.11.23 12:22 B F:\xampp\htdocs\sbrafh\html2pdf\html2pdf\_tcpdf_5.0.002\fonts\dejavusanscondensed.ctg.z --> ftp.jairodepaula.com.br /jairodepaula/web/html2pdf/html2pdf/_tcpdf_5.0.002/fonts dejavusanscondensed.ctg.z
2012.11.23 12:22 B F:\xampp\htdocs\sbrafh\html2pdf\html2pdf\_tcpdf_5.0.002\fonts\dejavusanscondensed.php --> ftp.jairodepaula.com.br /jairodepaula/web/html2pdf/html2pdf/_tcpdf_5.0.002/fonts dejavusanscondensed.php
2012.11.23 12:22 B F:\xampp\htdocs\sbrafh\html2pdf\html2pdf\_tcpdf_5.0.002\fonts\dejavusanscondensed.z --> ftp.jairodepaula.com.br /jairodepaula/web/html2pdf/html2pdf/_tcpdf_5.0.002/fonts dejavusanscondensed.z
2012.11.23 12:22 B F:\xampp\htdocs\sbrafh\html2pdf\html2pdf\_tcpdf_5.0.002\fonts\dejavusanscondensedb.ctg.z --> ftp.jairodepaula.com.br /jairodepaula/web/html2pdf/html2pdf/_tcpdf_5.0.002/fonts dejavusanscondensedb.ctg.z
2012.11.23 12:22 B F:\xampp\htdocs\sbrafh\html2pdf\html2pdf\_tcpdf_5.0.002\fonts\dejavusanscondensedb.php --> ftp.jairodepaula.com.br /jairodepaula/web/html2pdf/html2pdf/_tcpdf_5.0.002/fonts dejavusanscondensedb.php
2012.11.23 12:22 B F:\xampp\htdocs\sbrafh\html2pdf\html2pdf\_tcpdf_5.0.002\fonts\dejavusanscondensedb.z --> ftp.jairodepaula.com.br /jairodepaula/web/html2pdf/html2pdf/_tcpdf_5.0.002/fonts dejavusanscondensedb.z
2012.11.23 12:22 B F:\xampp\htdocs\sbrafh\html2pdf\html2pdf\_tcpdf_5.0.002\fonts\dejavusanscondensedbi.ctg.z --> ftp.jairodepaula.com.br /jairodepaula/web/html2pdf/html2pdf/_tcpdf_5.0.002/fonts dejavusanscondensedbi.ctg.z
2012.11.23 12:22 B F:\xampp\htdocs\sbrafh\html2pdf\html2pdf\_tcpdf_5.0.002\fonts\dejavusanscondensedbi.php --> ftp.jairodepaula.com.br /jairodepaula/web/html2pdf/html2pdf/_tcpdf_5.0.002/fonts dejavusanscondensedbi.php
2012.11.23 12:22 B F:\xampp\htdocs\sbrafh\html2pdf\html2pdf\_tcpdf_5.0.002\fonts\dejavusanscondensedbi.z --> ftp.jairodepaula.com.br /jairodepaula/web/html2pdf/html2pdf/_tcpdf_5.0.002/fonts dejavusanscondensedbi.z
2012.11.23 12:22 B F:\xampp\htdocs\sbrafh\html2pdf\html2pdf\_tcpdf_5.0.002\fonts\dejavusanscondensedi.ctg.z --> ftp.jairodepaula.com.br /jairodepaula/web/html2pdf/html2pdf/_tcpdf_5.0.002/fonts dejavusanscondensedi.ctg.z
2012.11.23 12:22 B F:\xampp\htdocs\sbrafh\html2pdf\html2pdf\_tcpdf_5.0.002\fonts\dejavusanscondensedi.php --> ftp.jairodepaula.com.br /jairodepaula/web/html2pdf/html2pdf/_tcpdf_5.0.002/fonts dejavusanscondensedi.php
2012.11.23 12:23 B F:\xampp\htdocs\sbrafh\html2pdf\html2pdf\_tcpdf_5.0.002\fonts\dejavusanscondensedi.z --> ftp.jairodepaula.com.br /jairodepaula/web/html2pdf/html2pdf/_tcpdf_5.0.002/fonts dejavusanscondensedi.z
2012.11.23 12:23 B F:\xampp\htdocs\sbrafh\html2pdf\html2pdf\_tcpdf_5.0.002\fonts\dejavusansi.ctg.z --> ftp.jairodepaula.com.br /jairodepaula/web/html2pdf/html2pdf/_tcpdf_5.0.002/fonts dejavusansi.ctg.z
2012.11.23 12:23 B F:\xampp\htdocs\sbrafh\html2pdf\html2pdf\_tcpdf_5.0.002\fonts\dejavusansi.php --> ftp.jairodepaula.com.br /jairodepaula/web/html2pdf/html2pdf/_tcpdf_5.0.002/fonts dejavusansi.php
2012.11.23 12:23 B F:\xampp\htdocs\sbrafh\html2pdf\html2pdf\_tcpdf_5.0.002\fonts\dejavusansi.z --> ftp.jairodepaula.com.br /jairodepaula/web/html2pdf/html2pdf/_tcpdf_5.0.002/fonts dejavusansi.z
2012.11.23 12:23 B F:\xampp\htdocs\sbrafh\html2pdf\html2pdf\_tcpdf_5.0.002\fonts\dejavusansmono.ctg.z --> ftp.jairodepaula.com.br /jairodepaula/web/html2pdf/html2pdf/_tcpdf_5.0.002/fonts dejavusansmono.ctg.z
2012.11.23 12:23 B F:\xampp\htdocs\sbrafh\html2pdf\html2pdf\_tcpdf_5.0.002\fonts\dejavusansmono.php --> ftp.jairodepaula.com.br /jairodepaula/web/html2pdf/html2pdf/_tcpdf_5.0.002/fonts dejavusansmono.php
2012.11.23 12:23 B F:\xampp\htdocs\sbrafh\html2pdf\html2pdf\_tcpdf_5.0.002\fonts\dejavusansmono.z --> ftp.jairodepaula.com.br /jairodepaula/web/html2pdf/html2pdf/_tcpdf_5.0.002/fonts dejavusansmono.z
2012.11.23 12:23 B F:\xampp\htdocs\sbrafh\html2pdf\html2pdf\_tcpdf_5.0.002\fonts\dejavusansmonob.ctg.z --> ftp.jairodepaula.com.br /jairodepaula/web/html2pdf/html2pdf/_tcpdf_5.0.002/fonts dejavusansmonob.ctg.z
2012.11.23 12:23 B F:\xampp\htdocs\sbrafh\html2pdf\html2pdf\_tcpdf_5.0.002\fonts\dejavusansmonob.php --> ftp.jairodepaula.com.br /jairodepaula/web/html2pdf/html2pdf/_tcpdf_5.0.002/fonts dejavusansmonob.php
2012.11.23 12:23 B F:\xampp\htdocs\sbrafh\html2pdf\html2pdf\_tcpdf_5.0.002\fonts\dejavusansmonob.z --> ftp.jairodepaula.com.br /jairodepaula/web/html2pdf/html2pdf/_tcpdf_5.0.002/fonts dejavusansmonob.z
2012.11.23 12:23 B F:\xampp\htdocs\sbrafh\html2pdf\html2pdf\_tcpdf_5.0.002\fonts\dejavusansmonobi.ctg.z --> ftp.jairodepaula.com.br /jairodepaula/web/html2pdf/html2pdf/_tcpdf_5.0.002/fonts dejavusansmonobi.ctg.z
2012.11.23 12:23 B F:\xampp\htdocs\sbrafh\html2pdf\html2pdf\_tcpdf_5.0.002\fonts\dejavusansmonobi.php --> ftp.jairodepaula.com.br /jairodepaula/web/html2pdf/html2pdf/_tcpdf_5.0.002/fonts dejavusansmonobi.php
2012.11.23 12:23 B F:\xampp\htdocs\sbrafh\html2pdf\html2pdf\_tcpdf_5.0.002\fonts\dejavusansmonobi.z --> ftp.jairodepaula.com.br /jairodepaula/web/html2pdf/html2pdf/_tcpdf_5.0.002/fonts dejavusansmonobi.z
2012.11.23 12:23 B F:\xampp\htdocs\sbrafh\html2pdf\html2pdf\_tcpdf_5.0.002\fonts\dejavusansmonoi.ctg.z --> ftp.jairodepaula.com.br /jairodepaula/web/html2pdf/html2pdf/_tcpdf_5.0.002/fonts dejavusansmonoi.ctg.z
2012.11.23 12:23 B F:\xampp\htdocs\sbrafh\html2pdf\html2pdf\_tcpdf_5.0.002\fonts\dejavusansmonoi.php --> ftp.jairodepaula.com.br /jairodepaula/web/html2pdf/html2pdf/_tcpdf_5.0.002/fonts dejavusansmonoi.php
2012.11.23 12:23 B F:\xampp\htdocs\sbrafh\html2pdf\html2pdf\_tcpdf_5.0.002\fonts\dejavusansmonoi.z --> ftp.jairodepaula.com.br /jairodepaula/web/html2pdf/html2pdf/_tcpdf_5.0.002/fonts dejavusansmonoi.z
2012.11.23 12:23 B F:\xampp\htdocs\sbrafh\html2pdf\html2pdf\_tcpdf_5.0.002\fonts\dejavuserif.ctg.z --> ftp.jairodepaula.com.br /jairodepaula/web/html2pdf/html2pdf/_tcpdf_5.0.002/fonts dejavuserif.ctg.z
2012.11.23 12:23 B F:\xampp\htdocs\sbrafh\html2pdf\html2pdf\_tcpdf_5.0.002\fonts\dejavuserif.php --> ftp.jairodepaula.com.br /jairodepaula/web/html2pdf/html2pdf/_tcpdf_5.0.002/fonts dejavuserif.php
2012.11.23 12:23 B F:\xampp\htdocs\sbrafh\html2pdf\html2pdf\_tcpdf_5.0.002\fonts\dejavuserif.z --> ftp.jairodepaula.com.br /jairodepaula/web/html2pdf/html2pdf/_tcpdf_5.0.002/fonts dejavuserif.z
2012.11.23 12:23 B F:\xampp\htdocs\sbrafh\html2pdf\html2pdf\_tcpdf_5.0.002\fonts\dejavuserifb.ctg.z --> ftp.jairodepaula.com.br /jairodepaula/web/html2pdf/html2pdf/_tcpdf_5.0.002/fonts dejavuserifb.ctg.z
2012.11.23 12:23 B F:\xampp\htdocs\sbrafh\html2pdf\html2pdf\_tcpdf_5.0.002\fonts\dejavuserifb.php --> ftp.jairodepaula.com.br /jairodepaula/web/html2pdf/html2pdf/_tcpdf_5.0.002/fonts dejavuserifb.php
2012.11.23 12:23 B F:\xampp\htdocs\sbrafh\html2pdf\html2pdf\_tcpdf_5.0.002\fonts\dejavuserifb.z --> ftp.jairodepaula.com.br /jairodepaula/web/html2pdf/html2pdf/_tcpdf_5.0.002/fonts dejavuserifb.z
2012.11.23 12:23 B F:\xampp\htdocs\sbrafh\html2pdf\html2pdf\_tcpdf_5.0.002\fonts\dejavuserifbi.ctg.z --> ftp.jairodepaula.com.br /jairodepaula/web/html2pdf/html2pdf/_tcpdf_5.0.002/fonts dejavuserifbi.ctg.z
2012.11.23 12:23 B F:\xampp\htdocs\sbrafh\html2pdf\html2pdf\_tcpdf_5.0.002\fonts\dejavuserifbi.php --> ftp.jairodepaula.com.br /jairodepaula/web/html2pdf/html2pdf/_tcpdf_5.0.002/fonts dejavuserifbi.php
2012.11.23 12:24 B F:\xampp\htdocs\sbrafh\html2pdf\html2pdf\_tcpdf_5.0.002\fonts\dejavuserifbi.z --> ftp.jairodepaula.com.br /jairodepaula/web/html2pdf/html2pdf/_tcpdf_5.0.002/fonts dejavuserifbi.z
2012.11.23 12:24 B F:\xampp\htdocs\sbrafh\html2pdf\html2pdf\_tcpdf_5.0.002\fonts\dejavuserifcondensed.ctg.z --> ftp.jairodepaula.com.br /jairodepaula/web/html2pdf/html2pdf/_tcpdf_5.0.002/fonts dejavuserifcondensed.ctg.z
2012.11.23 12:24 B F:\xampp\htdocs\sbrafh\html2pdf\html2pdf\_tcpdf_5.0.002\fonts\dejavuserifcondensed.php --> ftp.jairodepaula.com.br /jairodepaula/web/html2pdf/html2pdf/_tcpdf_5.0.002/fonts dejavuserifcondensed.php
2012.11.23 12:24 B F:\xampp\htdocs\sbrafh\html2pdf\html2pdf\_tcpdf_5.0.002\fonts\dejavuserifcondensed.z --> ftp.jairodepaula.com.br /jairodepaula/web/html2pdf/html2pdf/_tcpdf_5.0.002/fonts dejavuserifcondensed.z
2012.11.23 12:24 B F:\xampp\htdocs\sbrafh\html2pdf\html2pdf\_tcpdf_5.0.002\fonts\dejavuserifcondensedb.ctg.z --> ftp.jairodepaula.com.br /jairodepaula/web/html2pdf/html2pdf/_tcpdf_5.0.002/fonts dejavuserifcondensedb.ctg.z
2012.11.23 12:24 B F:\xampp\htdocs\sbrafh\html2pdf\html2pdf\_tcpdf_5.0.002\fonts\dejavuserifcondensedb.php --> ftp.jairodepaula.com.br /jairodepaula/web/html2pdf/html2pdf/_tcpdf_5.0.002/fonts dejavuserifcondensedb.php
2012.11.23 12:24 B F:\xampp\htdocs\sbrafh\html2pdf\html2pdf\_tcpdf_5.0.002\fonts\dejavuserifcondensedb.z --> ftp.jairodepaula.com.br /jairodepaula/web/html2pdf/html2pdf/_tcpdf_5.0.002/fonts dejavuserifcondensedb.z
2012.11.23 12:24 B F:\xampp\htdocs\sbrafh\html2pdf\html2pdf\_tcpdf_5.0.002\fonts\dejavuserifcondensedbi.ctg.z --> ftp.jairodepaula.com.br /jairodepaula/web/html2pdf/html2pdf/_tcpdf_5.0.002/fonts dejavuserifcondensedbi.ctg.z
2012.11.23 12:24 B F:\xampp\htdocs\sbrafh\html2pdf\html2pdf\_tcpdf_5.0.002\fonts\dejavuserifcondensedbi.php --> ftp.jairodepaula.com.br /jairodepaula/web/html2pdf/html2pdf/_tcpdf_5.0.002/fonts dejavuserifcondensedbi.php
2012.11.23 12:24 B F:\xampp\htdocs\sbrafh\html2pdf\html2pdf\_tcpdf_5.0.002\fonts\dejavuserifcondensedbi.z --> ftp.jairodepaula.com.br /jairodepaula/web/html2pdf/html2pdf/_tcpdf_5.0.002/fonts dejavuserifcondensedbi.z
2012.11.23 12:24 B F:\xampp\htdocs\sbrafh\html2pdf\html2pdf\_tcpdf_5.0.002\fonts\dejavuserifcondensedi.ctg.z --> ftp.jairodepaula.com.br /jairodepaula/web/html2pdf/html2pdf/_tcpdf_5.0.002/fonts dejavuserifcondensedi.ctg.z
2012.11.23 12:24 B F:\xampp\htdocs\sbrafh\html2pdf\html2pdf\_tcpdf_5.0.002\fonts\dejavuserifcondensedi.php --> ftp.jairodepaula.com.br /jairodepaula/web/html2pdf/html2pdf/_tcpdf_5.0.002/fonts dejavuserifcondensedi.php
2012.11.23 12:24 B F:\xampp\htdocs\sbrafh\html2pdf\html2pdf\_tcpdf_5.0.002\fonts\dejavuserifcondensedi.z --> ftp.jairodepaula.com.br /jairodepaula/web/html2pdf/html2pdf/_tcpdf_5.0.002/fonts dejavuserifcondensedi.z
2012.11.23 12:24 B F:\xampp\htdocs\sbrafh\html2pdf\html2pdf\_tcpdf_5.0.002\fonts\dejavuserifi.ctg.z --> ftp.jairodepaula.com.br /jairodepaula/web/html2pdf/html2pdf/_tcpdf_5.0.002/fonts dejavuserifi.ctg.z
2012.11.23 12:24 B F:\xampp\htdocs\sbrafh\html2pdf\html2pdf\_tcpdf_5.0.002\fonts\dejavuserifi.php --> ftp.jairodepaula.com.br /jairodepaula/web/html2pdf/html2pdf/_tcpdf_5.0.002/fonts dejavuserifi.php
2012.11.23 12:24 B F:\xampp\htdocs\sbrafh\html2pdf\html2pdf\_tcpdf_5.0.002\fonts\dejavuserifi.z --> ftp.jairodepaula.com.br /jairodepaula/web/html2pdf/html2pdf/_tcpdf_5.0.002/fonts dejavuserifi.z
2012.11.23 12:24 B F:\xampp\htdocs\sbrafh\html2pdf\html2pdf\_tcpdf_5.0.002\fonts\freemono.ctg.z --> ftp.jairodepaula.com.br /jairodepaula/web/html2pdf/html2pdf/_tcpdf_5.0.002/fonts freemono.ctg.z
2012.11.23 12:24 B F:\xampp\htdocs\sbrafh\html2pdf\html2pdf\_tcpdf_5.0.002\fonts\freemono.php --> ftp.jairodepaula.com.br /jairodepaula/web/html2pdf/html2pdf/_tcpdf_5.0.002/fonts freemono.php
2012.11.23 12:24 B F:\xampp\htdocs\sbrafh\html2pdf\html2pdf\_tcpdf_5.0.002\fonts\freemono.z --> ftp.jairodepaula.com.br /jairodepaula/web/html2pdf/html2pdf/_tcpdf_5.0.002/fonts freemono.z
2012.11.23 12:24 B F:\xampp\htdocs\sbrafh\html2pdf\html2pdf\_tcpdf_5.0.002\fonts\freemonob.ctg.z --> ftp.jairodepaula.com.br /jairodepaula/web/html2pdf/html2pdf/_tcpdf_5.0.002/fonts freemonob.ctg.z
2012.11.23 12:24 B F:\xampp\htdocs\sbrafh\html2pdf\html2pdf\_tcpdf_5.0.002\fonts\freemonob.php --> ftp.jairodepaula.com.br /jairodepaula/web/html2pdf/html2pdf/_tcpdf_5.0.002/fonts freemonob.php
2012.11.23 12:24 B F:\xampp\htdocs\sbrafh\html2pdf\html2pdf\_tcpdf_5.0.002\fonts\freemonob.z --> ftp.jairodepaula.com.br /jairodepaula/web/html2pdf/html2pdf/_tcpdf_5.0.002/fonts freemonob.z
2012.11.23 12:24 B F:\xampp\htdocs\sbrafh\html2pdf\html2pdf\_tcpdf_5.0.002\fonts\freemonobi.ctg.z --> ftp.jairodepaula.com.br /jairodepaula/web/html2pdf/html2pdf/_tcpdf_5.0.002/fonts freemonobi.ctg.z
2012.11.23 12:24 B F:\xampp\htdocs\sbrafh\html2pdf\html2pdf\_tcpdf_5.0.002\fonts\freemonobi.php --> ftp.jairodepaula.com.br /jairodepaula/web/html2pdf/html2pdf/_tcpdf_5.0.002/fonts freemonobi.php
2012.11.23 12:24 B F:\xampp\htdocs\sbrafh\html2pdf\html2pdf\_tcpdf_5.0.002\fonts\freemonobi.z --> ftp.jairodepaula.com.br /jairodepaula/web/html2pdf/html2pdf/_tcpdf_5.0.002/fonts freemonobi.z
2012.11.23 12:24 B F:\xampp\htdocs\sbrafh\html2pdf\html2pdf\_tcpdf_5.0.002\fonts\freemonoi.ctg.z --> ftp.jairodepaula.com.br /jairodepaula/web/html2pdf/html2pdf/_tcpdf_5.0.002/fonts freemonoi.ctg.z
2012.11.23 12:24 B F:\xampp\htdocs\sbrafh\html2pdf\html2pdf\_tcpdf_5.0.002\fonts\freemonoi.php --> ftp.jairodepaula.com.br /jairodepaula/web/html2pdf/html2pdf/_tcpdf_5.0.002/fonts freemonoi.php
2012.11.23 12:24 B F:\xampp\htdocs\sbrafh\html2pdf\html2pdf\_tcpdf_5.0.002\fonts\freemonoi.z --> ftp.jairodepaula.com.br /jairodepaula/web/html2pdf/html2pdf/_tcpdf_5.0.002/fonts freemonoi.z
2012.11.23 12:24 B F:\xampp\htdocs\sbrafh\html2pdf\html2pdf\_tcpdf_5.0.002\fonts\freesans.ctg.z --> ftp.jairodepaula.com.br /jairodepaula/web/html2pdf/html2pdf/_tcpdf_5.0.002/fonts freesans.ctg.z
2012.11.23 12:24 B F:\xampp\htdocs\sbrafh\html2pdf\html2pdf\_tcpdf_5.0.002\fonts\freesans.php --> ftp.jairodepaula.com.br /jairodepaula/web/html2pdf/html2pdf/_tcpdf_5.0.002/fonts freesans.php
2012.11.23 12:24 B F:\xampp\htdocs\sbrafh\html2pdf\html2pdf\_tcpdf_5.0.002\fonts\freesans.z --> ftp.jairodepaula.com.br /jairodepaula/web/html2pdf/html2pdf/_tcpdf_5.0.002/fonts freesans.z
2012.11.23 12:24 B F:\xampp\htdocs\sbrafh\html2pdf\html2pdf\_tcpdf_5.0.002\fonts\freesansb.ctg.z --> ftp.jairodepaula.com.br /jairodepaula/web/html2pdf/html2pdf/_tcpdf_5.0.002/fonts freesansb.ctg.z
2012.11.23 12:24 B F:\xampp\htdocs\sbrafh\html2pdf\html2pdf\_tcpdf_5.0.002\fonts\freesansb.php --> ftp.jairodepaula.com.br /jairodepaula/web/html2pdf/html2pdf/_tcpdf_5.0.002/fonts freesansb.php
2012.11.23 12:25 B F:\xampp\htdocs\sbrafh\html2pdf\html2pdf\_tcpdf_5.0.002\fonts\freesansb.z --> ftp.jairodepaula.com.br /jairodepaula/web/html2pdf/html2pdf/_tcpdf_5.0.002/fonts freesansb.z
2012.11.23 12:25 B F:\xampp\htdocs\sbrafh\html2pdf\html2pdf\_tcpdf_5.0.002\fonts\freesansbi.ctg.z --> ftp.jairodepaula.com.br /jairodepaula/web/html2pdf/html2pdf/_tcpdf_5.0.002/fonts freesansbi.ctg.z
2012.11.23 12:25 B F:\xampp\htdocs\sbrafh\html2pdf\html2pdf\_tcpdf_5.0.002\fonts\freesansbi.php --> ftp.jairodepaula.com.br /jairodepaula/web/html2pdf/html2pdf/_tcpdf_5.0.002/fonts freesansbi.php
2012.11.23 12:25 B F:\xampp\htdocs\sbrafh\html2pdf\html2pdf\_tcpdf_5.0.002\fonts\freesansbi.z --> ftp.jairodepaula.com.br /jairodepaula/web/html2pdf/html2pdf/_tcpdf_5.0.002/fonts freesansbi.z
2012.11.23 12:25 B F:\xampp\htdocs\sbrafh\html2pdf\html2pdf\_tcpdf_5.0.002\fonts\freesansi.ctg.z --> ftp.jairodepaula.com.br /jairodepaula/web/html2pdf/html2pdf/_tcpdf_5.0.002/fonts freesansi.ctg.z
2012.11.23 12:25 B F:\xampp\htdocs\sbrafh\html2pdf\html2pdf\_tcpdf_5.0.002\fonts\freesansi.php --> ftp.jairodepaula.com.br /jairodepaula/web/html2pdf/html2pdf/_tcpdf_5.0.002/fonts freesansi.php
2012.11.23 12:25 B F:\xampp\htdocs\sbrafh\html2pdf\html2pdf\_tcpdf_5.0.002\fonts\freesansi.z --> ftp.jairodepaula.com.br /jairodepaula/web/html2pdf/html2pdf/_tcpdf_5.0.002/fonts freesansi.z
2012.11.23 12:25 B F:\xampp\htdocs\sbrafh\html2pdf\html2pdf\_tcpdf_5.0.002\fonts\freeserif.ctg.z --> ftp.jairodepaula.com.br /jairodepaula/web/html2pdf/html2pdf/_tcpdf_5.0.002/fonts freeserif.ctg.z
2012.11.23 12:25 B F:\xampp\htdocs\sbrafh\html2pdf\html2pdf\_tcpdf_5.0.002\fonts\freeserif.php --> ftp.jairodepaula.com.br /jairodepaula/web/html2pdf/html2pdf/_tcpdf_5.0.002/fonts freeserif.php
2012.11.23 12:25 B F:\xampp\htdocs\sbrafh\html2pdf\html2pdf\_tcpdf_5.0.002\fonts\freeserif.z --> ftp.jairodepaula.com.br /jairodepaula/web/html2pdf/html2pdf/_tcpdf_5.0.002/fonts freeserif.z
2012.11.23 12:25 B F:\xampp\htdocs\sbrafh\html2pdf\html2pdf\_tcpdf_5.0.002\fonts\freeserifb.ctg.z --> ftp.jairodepaula.com.br /jairodepaula/web/html2pdf/html2pdf/_tcpdf_5.0.002/fonts freeserifb.ctg.z
2012.11.23 12:25 B F:\xampp\htdocs\sbrafh\html2pdf\html2pdf\_tcpdf_5.0.002\fonts\freeserifb.php --> ftp.jairodepaula.com.br /jairodepaula/web/html2pdf/html2pdf/_tcpdf_5.0.002/fonts freeserifb.php
2012.11.23 12:25 B F:\xampp\htdocs\sbrafh\html2pdf\html2pdf\_tcpdf_5.0.002\fonts\freeserifb.z --> ftp.jairodepaula.com.br /jairodepaula/web/html2pdf/html2pdf/_tcpdf_5.0.002/fonts freeserifb.z
2012.11.23 12:25 B F:\xampp\htdocs\sbrafh\html2pdf\html2pdf\_tcpdf_5.0.002\fonts\freeserifbi.ctg.z --> ftp.jairodepaula.com.br /jairodepaula/web/html2pdf/html2pdf/_tcpdf_5.0.002/fonts freeserifbi.ctg.z
2012.11.23 12:25 B F:\xampp\htdocs\sbrafh\html2pdf\html2pdf\_tcpdf_5.0.002\fonts\freeserifbi.php --> ftp.jairodepaula.com.br /jairodepaula/web/html2pdf/html2pdf/_tcpdf_5.0.002/fonts freeserifbi.php
2012.11.23 12:25 B F:\xampp\htdocs\sbrafh\html2pdf\html2pdf\_tcpdf_5.0.002\fonts\freeserifbi.z --> ftp.jairodepaula.com.br /jairodepaula/web/html2pdf/html2pdf/_tcpdf_5.0.002/fonts freeserifbi.z
2012.11.23 12:25 B F:\xampp\htdocs\sbrafh\html2pdf\html2pdf\_tcpdf_5.0.002\fonts\freeserifi.ctg.z --> ftp.jairodepaula.com.br /jairodepaula/web/html2pdf/html2pdf/_tcpdf_5.0.002/fonts freeserifi.ctg.z
2012.11.23 12:25 B F:\xampp\htdocs\sbrafh\html2pdf\html2pdf\_tcpdf_5.0.002\fonts\freeserifi.php --> ftp.jairodepaula.com.br /jairodepaula/web/html2pdf/html2pdf/_tcpdf_5.0.002/fonts freeserifi.php
2012.11.23 12:26 B F:\xampp\htdocs\sbrafh\html2pdf\html2pdf\_tcpdf_5.0.002\fonts\freeserifi.z --> ftp.jairodepaula.com.br /jairodepaula/web/html2pdf/html2pdf/_tcpdf_5.0.002/fonts freeserifi.z
2012.11.23 12:26 B F:\xampp\htdocs\sbrafh\html2pdf\html2pdf\_tcpdf_5.0.002\fonts\helvetica.php --> ftp.jairodepaula.com.br /jairodepaula/web/html2pdf/html2pdf/_tcpdf_5.0.002/fonts helvetica.php
2012.11.23 12:26 B F:\xampp\htdocs\sbrafh\html2pdf\html2pdf\_tcpdf_5.0.002\fonts\helveticab.php --> ftp.jairodepaula.com.br /jairodepaula/web/html2pdf/html2pdf/_tcpdf_5.0.002/fonts helveticab.php
2012.11.23 12:26 B F:\xampp\htdocs\sbrafh\html2pdf\html2pdf\_tcpdf_5.0.002\fonts\helveticabi.php --> ftp.jairodepaula.com.br /jairodepaula/web/html2pdf/html2pdf/_tcpdf_5.0.002/fonts helveticabi.php
2012.11.23 12:26 B F:\xampp\htdocs\sbrafh\html2pdf\html2pdf\_tcpdf_5.0.002\fonts\helveticai.php --> ftp.jairodepaula.com.br /jairodepaula/web/html2pdf/html2pdf/_tcpdf_5.0.002/fonts helveticai.php
2012.11.23 12:26 B F:\xampp\htdocs\sbrafh\html2pdf\html2pdf\_tcpdf_5.0.002\fonts\hysmyeongjostdmedium.php --> ftp.jairodepaula.com.br /jairodepaula/web/html2pdf/html2pdf/_tcpdf_5.0.002/fonts hysmyeongjostdmedium.php
2012.11.23 12:26 B F:\xampp\htdocs\sbrafh\html2pdf\html2pdf\_tcpdf_5.0.002\fonts\kozgopromedium.php --> ftp.jairodepaula.com.br /jairodepaula/web/html2pdf/html2pdf/_tcpdf_5.0.002/fonts kozgopromedium.php
2012.11.23 12:26 B F:\xampp\htdocs\sbrafh\html2pdf\html2pdf\_tcpdf_5.0.002\fonts\kozminproregular.php --> ftp.jairodepaula.com.br /jairodepaula/web/html2pdf/html2pdf/_tcpdf_5.0.002/fonts kozminproregular.php
2012.11.23 12:26 B F:\xampp\htdocs\sbrafh\html2pdf\html2pdf\_tcpdf_5.0.002\fonts\msungstdlight.php --> ftp.jairodepaula.com.br /jairodepaula/web/html2pdf/html2pdf/_tcpdf_5.0.002/fonts msungstdlight.php
2012.11.23 12:26 B F:\xampp\htdocs\sbrafh\html2pdf\html2pdf\_tcpdf_5.0.002\fonts\README.TXT --> ftp.jairodepaula.com.br /jairodepaula/web/html2pdf/html2pdf/_tcpdf_5.0.002/fonts README.TXT
2012.11.23 12:26 B F:\xampp\htdocs\sbrafh\html2pdf\html2pdf\_tcpdf_5.0.002\fonts\stsongstdlight.php --> ftp.jairodepaula.com.br /jairodepaula/web/html2pdf/html2pdf/_tcpdf_5.0.002/fonts stsongstdlight.php
2012.11.23 12:26 B F:\xampp\htdocs\sbrafh\html2pdf\html2pdf\_tcpdf_5.0.002\fonts\symbol.php --> ftp.jairodepaula.com.br /jairodepaula/web/html2pdf/html2pdf/_tcpdf_5.0.002/fonts symbol.php
2012.11.23 12:26 B F:\xampp\htdocs\sbrafh\html2pdf\html2pdf\_tcpdf_5.0.002\fonts\times.php --> ftp.jairodepaula.com.br /jairodepaula/web/html2pdf/html2pdf/_tcpdf_5.0.002/fonts times.php
2012.11.23 12:26 B F:\xampp\htdocs\sbrafh\html2pdf\html2pdf\_tcpdf_5.0.002\fonts\timesb.php --> ftp.jairodepaula.com.br /jairodepaula/web/html2pdf/html2pdf/_tcpdf_5.0.002/fonts timesb.php
2012.11.23 12:26 B F:\xampp\htdocs\sbrafh\html2pdf\html2pdf\_tcpdf_5.0.002\fonts\timesbi.php --> ftp.jairodepaula.com.br /jairodepaula/web/html2pdf/html2pdf/_tcpdf_5.0.002/fonts timesbi.php
2012.11.23 12:26 B F:\xampp\htdocs\sbrafh\html2pdf\html2pdf\_tcpdf_5.0.002\fonts\timesi.php --> ftp.jairodepaula.com.br /jairodepaula/web/html2pdf/html2pdf/_tcpdf_5.0.002/fonts timesi.php
2012.11.23 12:26 B F:\xampp\htdocs\sbrafh\html2pdf\html2pdf\_tcpdf_5.0.002\fonts\uni2cid_ac15.php --> ftp.jairodepaula.com.br /jairodepaula/web/html2pdf/html2pdf/_tcpdf_5.0.002/fonts uni2cid_ac15.php
2012.11.23 12:26 B F:\xampp\htdocs\sbrafh\html2pdf\html2pdf\_tcpdf_5.0.002\fonts\uni2cid_ag15.php --> ftp.jairodepaula.com.br /jairodepaula/web/html2pdf/html2pdf/_tcpdf_5.0.002/fonts uni2cid_ag15.php
2012.11.23 12:26 B F:\xampp\htdocs\sbrafh\html2pdf\html2pdf\_tcpdf_5.0.002\fonts\uni2cid_aj16.php --> ftp.jairodepaula.com.br /jairodepaula/web/html2pdf/html2pdf/_tcpdf_5.0.002/fonts uni2cid_aj16.php
2012.11.23 12:26 B F:\xampp\htdocs\sbrafh\html2pdf\html2pdf\_tcpdf_5.0.002\fonts\uni2cid_ak12.php --> ftp.jairodepaula.com.br /jairodepaula/web/html2pdf/html2pdf/_tcpdf_5.0.002/fonts uni2cid_ak12.php
2012.11.23 12:26 B F:\xampp\htdocs\sbrafh\html2pdf\html2pdf\_tcpdf_5.0.002\fonts\WS_FTP.LOG --> ftp.jairodepaula.com.br /jairodepaula/web/html2pdf/html2pdf/_tcpdf_5.0.002/fonts WS_FTP.LOG
2012.11.23 12:26 B F:\xampp\htdocs\sbrafh\html2pdf\html2pdf\_tcpdf_5.0.002\fonts\zapfdingbats.php --> ftp.jairodepaula.com.br /jairodepaula/web/html2pdf/html2pdf/_tcpdf_5.0.002/fonts zapfdingbats.php
2012.11.23 12:26 B F:\xampp\htdocs\sbrafh\html2pdf\html2pdf\_tcpdf_5.0.002\fonts\ZarBold.ctg.z --> ftp.jairodepaula.com.br /jairodepaula/web/html2pdf/html2pdf/_tcpdf_5.0.002/fonts ZarBold.ctg.z
2012.11.23 12:26 B F:\xampp\htdocs\sbrafh\html2pdf\html2pdf\_tcpdf_5.0.002\fonts\zarbold.php --> ftp.jairodepaula.com.br /jairodepaula/web/html2pdf/html2pdf/_tcpdf_5.0.002/fonts zarbold.php
2012.11.23 12:26 B F:\xampp\htdocs\sbrafh\html2pdf\html2pdf\_tcpdf_5.0.002\fonts\ZarBold.z --> ftp.jairodepaula.com.br /jairodepaula/web/html2pdf/html2pdf/_tcpdf_5.0.002/fonts ZarBold.z
