2011.06.20 18:58 B F:\xampp\htdocs\zf-tutorial\library\Zend\XmlRpc\Client.php --> ftp.portalridgid.com.br /public_html/zf-tutorial/library/Zend/XmlRpc Client.php
2011.06.20 18:58 B F:\xampp\htdocs\zf-tutorial\library\Zend\XmlRpc\Exception.php --> ftp.portalridgid.com.br /public_html/zf-tutorial/library/Zend/XmlRpc Exception.php
2011.06.20 18:58 B F:\xampp\htdocs\zf-tutorial\library\Zend\XmlRpc\Fault.php --> ftp.portalridgid.com.br /public_html/zf-tutorial/library/Zend/XmlRpc Fault.php
2011.06.20 18:58 B F:\xampp\htdocs\zf-tutorial\library\Zend\XmlRpc\Request.php --> ftp.portalridgid.com.br /public_html/zf-tutorial/library/Zend/XmlRpc Request.php
2011.06.20 18:58 B F:\xampp\htdocs\zf-tutorial\library\Zend\XmlRpc\Response.php --> ftp.portalridgid.com.br /public_html/zf-tutorial/library/Zend/XmlRpc Response.php
2011.06.20 18:58 B F:\xampp\htdocs\zf-tutorial\library\Zend\XmlRpc\Server.php --> ftp.portalridgid.com.br /public_html/zf-tutorial/library/Zend/XmlRpc Server.php
2011.06.20 18:58 B F:\xampp\htdocs\zf-tutorial\library\Zend\XmlRpc\Value.php --> ftp.portalridgid.com.br /public_html/zf-tutorial/library/Zend/XmlRpc Value.php
2011.06.30 03:07 B F:\xampp\htdocs\zendLibrary\Zend\XmlRpc\WS_FTP.LOG --> ftp.sbrafh.org.br /sbrafh/Web/zendLibrary/Zend/XmlRpc WS_FTP.LOG
2011.06.30 03:07 B F:\xampp\htdocs\zendLibrary\Zend\XmlRpc\Client.php --> ftp.sbrafh.org.br /sbrafh/Web/zendLibrary/Zend/XmlRpc Client.php
2011.06.30 03:07 B F:\xampp\htdocs\zendLibrary\Zend\XmlRpc\Value.php --> ftp.sbrafh.org.br /sbrafh/Web/zendLibrary/Zend/XmlRpc Value.php
2011.06.30 03:07 B F:\xampp\htdocs\zendLibrary\Zend\XmlRpc\Server.php --> ftp.sbrafh.org.br /sbrafh/Web/zendLibrary/Zend/XmlRpc Server.php
2011.06.30 03:07 B F:\xampp\htdocs\zendLibrary\Zend\XmlRpc\Response.php --> ftp.sbrafh.org.br /sbrafh/Web/zendLibrary/Zend/XmlRpc Response.php
2011.06.30 03:07 B F:\xampp\htdocs\zendLibrary\Zend\XmlRpc\Request.php --> ftp.sbrafh.org.br /sbrafh/Web/zendLibrary/Zend/XmlRpc Request.php
2011.06.30 03:07 B F:\xampp\htdocs\zendLibrary\Zend\XmlRpc\Fault.php --> ftp.sbrafh.org.br /sbrafh/Web/zendLibrary/Zend/XmlRpc Fault.php
2011.06.30 03:07 B F:\xampp\htdocs\zendLibrary\Zend\XmlRpc\Exception.php --> ftp.sbrafh.org.br /sbrafh/Web/zendLibrary/Zend/XmlRpc Exception.php
2011.07.09 00:26 B F:\xampp\htdocs\zendLibrary\Zend\XmlRpc\Client.php --> ftp.radiofone.com.br /public_html/radiofone/zendLibrary/Zend/XmlRpc Client.php
2011.07.09 00:26 B F:\xampp\htdocs\zendLibrary\Zend\XmlRpc\Exception.php --> ftp.radiofone.com.br /public_html/radiofone/zendLibrary/Zend/XmlRpc Exception.php
2011.07.09 00:26 B F:\xampp\htdocs\zendLibrary\Zend\XmlRpc\Fault.php --> ftp.radiofone.com.br /public_html/radiofone/zendLibrary/Zend/XmlRpc Fault.php
2011.07.09 00:26 B F:\xampp\htdocs\zendLibrary\Zend\XmlRpc\Request.php --> ftp.radiofone.com.br /public_html/radiofone/zendLibrary/Zend/XmlRpc Request.php
2011.07.09 00:26 B F:\xampp\htdocs\zendLibrary\Zend\XmlRpc\Response.php --> ftp.radiofone.com.br /public_html/radiofone/zendLibrary/Zend/XmlRpc Response.php
2011.07.09 00:26 B F:\xampp\htdocs\zendLibrary\Zend\XmlRpc\Server.php --> ftp.radiofone.com.br /public_html/radiofone/zendLibrary/Zend/XmlRpc Server.php
2011.07.09 00:26 B F:\xampp\htdocs\zendLibrary\Zend\XmlRpc\Value.php --> ftp.radiofone.com.br /public_html/radiofone/zendLibrary/Zend/XmlRpc Value.php
2011.07.09 00:26 B F:\xampp\htdocs\zendLibrary\Zend\XmlRpc\WS_FTP.LOG --> ftp.radiofone.com.br /public_html/radiofone/zendLibrary/Zend/XmlRpc WS_FTP.LOG
2011.07.26 23:15 B F:\xampp\htdocs\zendLibrary\Zend\XmlRpc\Client.php --> ftp.sobrafo.org.br /public_html/zendLibrary/Zend/XmlRpc Client.php
2011.07.26 23:15 B F:\xampp\htdocs\zendLibrary\Zend\XmlRpc\Exception.php --> ftp.sobrafo.org.br /public_html/zendLibrary/Zend/XmlRpc Exception.php
2011.07.26 23:15 B F:\xampp\htdocs\zendLibrary\Zend\XmlRpc\Fault.php --> ftp.sobrafo.org.br /public_html/zendLibrary/Zend/XmlRpc Fault.php
2011.07.26 23:15 B F:\xampp\htdocs\zendLibrary\Zend\XmlRpc\Request.php --> ftp.sobrafo.org.br /public_html/zendLibrary/Zend/XmlRpc Request.php
2011.07.26 23:15 B F:\xampp\htdocs\zendLibrary\Zend\XmlRpc\Response.php --> ftp.sobrafo.org.br /public_html/zendLibrary/Zend/XmlRpc Response.php
2011.07.26 23:15 B F:\xampp\htdocs\zendLibrary\Zend\XmlRpc\Server.php --> ftp.sobrafo.org.br /public_html/zendLibrary/Zend/XmlRpc Server.php
2011.07.26 23:15 B F:\xampp\htdocs\zendLibrary\Zend\XmlRpc\Value.php --> ftp.sobrafo.org.br /public_html/zendLibrary/Zend/XmlRpc Value.php
2011.07.26 23:15 B F:\xampp\htdocs\zendLibrary\Zend\XmlRpc\WS_FTP.LOG --> ftp.sobrafo.org.br /public_html/zendLibrary/Zend/XmlRpc WS_FTP.LOG
2011.08.09 18:18 B F:\xampp\htdocs\ZendLibrary\Zend\XmlRpc\Client.php --> ftp.amfar.com.br /public_html/ZendLibrary/Zend/XmlRpc Client.php
2011.08.09 18:18 B F:\xampp\htdocs\ZendLibrary\Zend\XmlRpc\Exception.php --> ftp.amfar.com.br /public_html/ZendLibrary/Zend/XmlRpc Exception.php
2011.08.09 18:18 B F:\xampp\htdocs\ZendLibrary\Zend\XmlRpc\Fault.php --> ftp.amfar.com.br /public_html/ZendLibrary/Zend/XmlRpc Fault.php
2011.08.09 18:18 B F:\xampp\htdocs\ZendLibrary\Zend\XmlRpc\Request.php --> ftp.amfar.com.br /public_html/ZendLibrary/Zend/XmlRpc Request.php
2011.08.09 18:18 B F:\xampp\htdocs\ZendLibrary\Zend\XmlRpc\Response.php --> ftp.amfar.com.br /public_html/ZendLibrary/Zend/XmlRpc Response.php
2011.08.09 18:18 B F:\xampp\htdocs\ZendLibrary\Zend\XmlRpc\Server.php --> ftp.amfar.com.br /public_html/ZendLibrary/Zend/XmlRpc Server.php
2011.08.09 18:18 B F:\xampp\htdocs\ZendLibrary\Zend\XmlRpc\Value.php --> ftp.amfar.com.br /public_html/ZendLibrary/Zend/XmlRpc Value.php
