2011.06.20 18:52 B F:\xampp\htdocs\zf-tutorial\library\Zend\Service\DeveloperGarden\ConferenceCall\ConferenceAccount.php --> ftp.portalridgid.com.br /public_html/zf-tutorial/library/Zend/Service/DeveloperGarden/ConferenceCall ConferenceAccount.php
2011.06.20 18:52 B F:\xampp\htdocs\zf-tutorial\library\Zend\Service\DeveloperGarden\ConferenceCall\ConferenceDetail.php --> ftp.portalridgid.com.br /public_html/zf-tutorial/library/Zend/Service/DeveloperGarden/ConferenceCall ConferenceDetail.php
2011.06.20 18:52 B F:\xampp\htdocs\zf-tutorial\library\Zend\Service\DeveloperGarden\ConferenceCall\ConferenceSchedule.php --> ftp.portalridgid.com.br /public_html/zf-tutorial/library/Zend/Service/DeveloperGarden/ConferenceCall ConferenceSchedule.php
2011.06.20 18:52 B F:\xampp\htdocs\zf-tutorial\library\Zend\Service\DeveloperGarden\ConferenceCall\Exception.php --> ftp.portalridgid.com.br /public_html/zf-tutorial/library/Zend/Service/DeveloperGarden/ConferenceCall Exception.php
2011.06.20 18:52 B F:\xampp\htdocs\zf-tutorial\library\Zend\Service\DeveloperGarden\ConferenceCall\Participant.php --> ftp.portalridgid.com.br /public_html/zf-tutorial/library/Zend/Service/DeveloperGarden/ConferenceCall Participant.php
2011.06.20 18:52 B F:\xampp\htdocs\zf-tutorial\library\Zend\Service\DeveloperGarden\ConferenceCall\ParticipantDetail.php --> ftp.portalridgid.com.br /public_html/zf-tutorial/library/Zend/Service/DeveloperGarden/ConferenceCall ParticipantDetail.php
2011.06.20 18:52 B F:\xampp\htdocs\zf-tutorial\library\Zend\Service\DeveloperGarden\ConferenceCall\ParticipantStatus.php --> ftp.portalridgid.com.br /public_html/zf-tutorial/library/Zend/Service/DeveloperGarden/ConferenceCall ParticipantStatus.php
2011.06.30 03:15 B F:\xampp\htdocs\zendLibrary\Zend\Service\DeveloperGarden\ConferenceCall\WS_FTP.LOG --> ftp.sbrafh.org.br /sbrafh/Web/zendLibrary/Zend/Service/DeveloperGarden/ConferenceCall WS_FTP.LOG
2011.06.30 03:15 B F:\xampp\htdocs\zendLibrary\Zend\Service\DeveloperGarden\ConferenceCall\ParticipantStatus.php --> ftp.sbrafh.org.br /sbrafh/Web/zendLibrary/Zend/Service/DeveloperGarden/ConferenceCall ParticipantStatus.php
2011.06.30 03:15 B F:\xampp\htdocs\zendLibrary\Zend\Service\DeveloperGarden\ConferenceCall\ParticipantDetail.php --> ftp.sbrafh.org.br /sbrafh/Web/zendLibrary/Zend/Service/DeveloperGarden/ConferenceCall ParticipantDetail.php
2011.06.30 03:15 B F:\xampp\htdocs\zendLibrary\Zend\Service\DeveloperGarden\ConferenceCall\Participant.php --> ftp.sbrafh.org.br /sbrafh/Web/zendLibrary/Zend/Service/DeveloperGarden/ConferenceCall Participant.php
2011.06.30 03:15 B F:\xampp\htdocs\zendLibrary\Zend\Service\DeveloperGarden\ConferenceCall\Exception.php --> ftp.sbrafh.org.br /sbrafh/Web/zendLibrary/Zend/Service/DeveloperGarden/ConferenceCall Exception.php
2011.06.30 03:15 B F:\xampp\htdocs\zendLibrary\Zend\Service\DeveloperGarden\ConferenceCall\ConferenceSchedule.php --> ftp.sbrafh.org.br /sbrafh/Web/zendLibrary/Zend/Service/DeveloperGarden/ConferenceCall ConferenceSchedule.php
2011.06.30 03:15 B F:\xampp\htdocs\zendLibrary\Zend\Service\DeveloperGarden\ConferenceCall\ConferenceDetail.php --> ftp.sbrafh.org.br /sbrafh/Web/zendLibrary/Zend/Service/DeveloperGarden/ConferenceCall ConferenceDetail.php
2011.06.30 03:15 B F:\xampp\htdocs\zendLibrary\Zend\Service\DeveloperGarden\ConferenceCall\ConferenceAccount.php --> ftp.sbrafh.org.br /sbrafh/Web/zendLibrary/Zend/Service/DeveloperGarden/ConferenceCall ConferenceAccount.php
2011.07.09 00:18 B F:\xampp\htdocs\zendLibrary\Zend\Service\DeveloperGarden\ConferenceCall\ConferenceAccount.php --> ftp.radiofone.com.br /public_html/radiofone/zendLibrary/Zend/Service/DeveloperGarden/ConferenceCall ConferenceAccount.php
2011.07.09 00:18 B F:\xampp\htdocs\zendLibrary\Zend\Service\DeveloperGarden\ConferenceCall\ConferenceDetail.php --> ftp.radiofone.com.br /public_html/radiofone/zendLibrary/Zend/Service/DeveloperGarden/ConferenceCall ConferenceDetail.php
2011.07.09 00:18 B F:\xampp\htdocs\zendLibrary\Zend\Service\DeveloperGarden\ConferenceCall\ConferenceSchedule.php --> ftp.radiofone.com.br /public_html/radiofone/zendLibrary/Zend/Service/DeveloperGarden/ConferenceCall ConferenceSchedule.php
2011.07.09 00:18 B F:\xampp\htdocs\zendLibrary\Zend\Service\DeveloperGarden\ConferenceCall\Exception.php --> ftp.radiofone.com.br /public_html/radiofone/zendLibrary/Zend/Service/DeveloperGarden/ConferenceCall Exception.php
2011.07.09 00:18 B F:\xampp\htdocs\zendLibrary\Zend\Service\DeveloperGarden\ConferenceCall\Participant.php --> ftp.radiofone.com.br /public_html/radiofone/zendLibrary/Zend/Service/DeveloperGarden/ConferenceCall Participant.php
2011.07.09 00:18 B F:\xampp\htdocs\zendLibrary\Zend\Service\DeveloperGarden\ConferenceCall\ParticipantDetail.php --> ftp.radiofone.com.br /public_html/radiofone/zendLibrary/Zend/Service/DeveloperGarden/ConferenceCall ParticipantDetail.php
2011.07.09 00:18 B F:\xampp\htdocs\zendLibrary\Zend\Service\DeveloperGarden\ConferenceCall\ParticipantStatus.php --> ftp.radiofone.com.br /public_html/radiofone/zendLibrary/Zend/Service/DeveloperGarden/ConferenceCall ParticipantStatus.php
2011.07.09 00:18 B F:\xampp\htdocs\zendLibrary\Zend\Service\DeveloperGarden\ConferenceCall\WS_FTP.LOG --> ftp.radiofone.com.br /public_html/radiofone/zendLibrary/Zend/Service/DeveloperGarden/ConferenceCall WS_FTP.LOG
2011.07.26 23:07 B F:\xampp\htdocs\zendLibrary\Zend\Service\DeveloperGarden\ConferenceCall\ConferenceAccount.php --> ftp.sobrafo.org.br /public_html/zendLibrary/Zend/Service/DeveloperGarden/ConferenceCall ConferenceAccount.php
2011.07.26 23:07 B F:\xampp\htdocs\zendLibrary\Zend\Service\DeveloperGarden\ConferenceCall\ConferenceDetail.php --> ftp.sobrafo.org.br /public_html/zendLibrary/Zend/Service/DeveloperGarden/ConferenceCall ConferenceDetail.php
2011.07.26 23:07 B F:\xampp\htdocs\zendLibrary\Zend\Service\DeveloperGarden\ConferenceCall\ConferenceSchedule.php --> ftp.sobrafo.org.br /public_html/zendLibrary/Zend/Service/DeveloperGarden/ConferenceCall ConferenceSchedule.php
2011.07.26 23:07 B F:\xampp\htdocs\zendLibrary\Zend\Service\DeveloperGarden\ConferenceCall\Exception.php --> ftp.sobrafo.org.br /public_html/zendLibrary/Zend/Service/DeveloperGarden/ConferenceCall Exception.php
2011.07.26 23:07 B F:\xampp\htdocs\zendLibrary\Zend\Service\DeveloperGarden\ConferenceCall\Participant.php --> ftp.sobrafo.org.br /public_html/zendLibrary/Zend/Service/DeveloperGarden/ConferenceCall Participant.php
2011.07.26 23:07 B F:\xampp\htdocs\zendLibrary\Zend\Service\DeveloperGarden\ConferenceCall\ParticipantDetail.php --> ftp.sobrafo.org.br /public_html/zendLibrary/Zend/Service/DeveloperGarden/ConferenceCall ParticipantDetail.php
2011.07.26 23:07 B F:\xampp\htdocs\zendLibrary\Zend\Service\DeveloperGarden\ConferenceCall\ParticipantStatus.php --> ftp.sobrafo.org.br /public_html/zendLibrary/Zend/Service/DeveloperGarden/ConferenceCall ParticipantStatus.php
2011.07.26 23:07 B F:\xampp\htdocs\zendLibrary\Zend\Service\DeveloperGarden\ConferenceCall\WS_FTP.LOG --> ftp.sobrafo.org.br /public_html/zendLibrary/Zend/Service/DeveloperGarden/ConferenceCall WS_FTP.LOG
2011.08.09 17:28 B F:\xampp\htdocs\ZendLibrary\Zend\Service\DeveloperGarden\ConferenceCall\ConferenceAccount.php --> ftp.amfar.com.br /public_html/ZendLibrary/Zend/Service/DeveloperGarden/ConferenceCall ConferenceAccount.php
2011.08.09 17:28 B F:\xampp\htdocs\ZendLibrary\Zend\Service\DeveloperGarden\ConferenceCall\ConferenceDetail.php --> ftp.amfar.com.br /public_html/ZendLibrary/Zend/Service/DeveloperGarden/ConferenceCall ConferenceDetail.php
2011.08.09 17:28 B F:\xampp\htdocs\ZendLibrary\Zend\Service\DeveloperGarden\ConferenceCall\ConferenceSchedule.php --> ftp.amfar.com.br /public_html/ZendLibrary/Zend/Service/DeveloperGarden/ConferenceCall ConferenceSchedule.php
2011.08.09 17:28 B F:\xampp\htdocs\ZendLibrary\Zend\Service\DeveloperGarden\ConferenceCall\Exception.php --> ftp.amfar.com.br /public_html/ZendLibrary/Zend/Service/DeveloperGarden/ConferenceCall Exception.php
2011.08.09 17:28 B F:\xampp\htdocs\ZendLibrary\Zend\Service\DeveloperGarden\ConferenceCall\Participant.php --> ftp.amfar.com.br /public_html/ZendLibrary/Zend/Service/DeveloperGarden/ConferenceCall Participant.php
2011.08.09 17:28 B F:\xampp\htdocs\ZendLibrary\Zend\Service\DeveloperGarden\ConferenceCall\ParticipantDetail.php --> ftp.amfar.com.br /public_html/ZendLibrary/Zend/Service/DeveloperGarden/ConferenceCall ParticipantDetail.php
2011.08.09 17:28 B F:\xampp\htdocs\ZendLibrary\Zend\Service\DeveloperGarden\ConferenceCall\ParticipantStatus.php --> ftp.amfar.com.br /public_html/ZendLibrary/Zend/Service/DeveloperGarden/ConferenceCall ParticipantStatus.php
