2011.06.20 18:31 B F:\xampp\htdocs\zf-tutorial\library\Zend\Captcha\Adapter.php --> ftp.portalridgid.com.br /public_html/zf-tutorial/library/Zend/Captcha Adapter.php
2011.06.20 18:31 B F:\xampp\htdocs\zf-tutorial\library\Zend\Captcha\Base.php --> ftp.portalridgid.com.br /public_html/zf-tutorial/library/Zend/Captcha Base.php
2011.06.20 18:31 B F:\xampp\htdocs\zf-tutorial\library\Zend\Captcha\Dumb.php --> ftp.portalridgid.com.br /public_html/zf-tutorial/library/Zend/Captcha Dumb.php
2011.06.20 18:31 B F:\xampp\htdocs\zf-tutorial\library\Zend\Captcha\Exception.php --> ftp.portalridgid.com.br /public_html/zf-tutorial/library/Zend/Captcha Exception.php
2011.06.20 18:31 B F:\xampp\htdocs\zf-tutorial\library\Zend\Captcha\Figlet.php --> ftp.portalridgid.com.br /public_html/zf-tutorial/library/Zend/Captcha Figlet.php
2011.06.20 18:31 B F:\xampp\htdocs\zf-tutorial\library\Zend\Captcha\Image.php --> ftp.portalridgid.com.br /public_html/zf-tutorial/library/Zend/Captcha Image.php
2011.06.20 18:31 B F:\xampp\htdocs\zf-tutorial\library\Zend\Captcha\ReCaptcha.php --> ftp.portalridgid.com.br /public_html/zf-tutorial/library/Zend/Captcha ReCaptcha.php
2011.06.20 18:31 B F:\xampp\htdocs\zf-tutorial\library\Zend\Captcha\Word.php --> ftp.portalridgid.com.br /public_html/zf-tutorial/library/Zend/Captcha Word.php
2011.06.30 03:44 B F:\xampp\htdocs\zendLibrary\Zend\Captcha\WS_FTP.LOG --> ftp.sbrafh.org.br /sbrafh/Web/zendLibrary/Zend/Captcha WS_FTP.LOG
2011.06.30 03:44 B F:\xampp\htdocs\zendLibrary\Zend\Captcha\Word.php --> ftp.sbrafh.org.br /sbrafh/Web/zendLibrary/Zend/Captcha Word.php
2011.06.30 03:44 B F:\xampp\htdocs\zendLibrary\Zend\Captcha\ReCaptcha.php --> ftp.sbrafh.org.br /sbrafh/Web/zendLibrary/Zend/Captcha ReCaptcha.php
2011.06.30 03:44 B F:\xampp\htdocs\zendLibrary\Zend\Captcha\Image.php --> ftp.sbrafh.org.br /sbrafh/Web/zendLibrary/Zend/Captcha Image.php
2011.06.30 03:44 B F:\xampp\htdocs\zendLibrary\Zend\Captcha\Figlet.php --> ftp.sbrafh.org.br /sbrafh/Web/zendLibrary/Zend/Captcha Figlet.php
2011.06.30 03:44 B F:\xampp\htdocs\zendLibrary\Zend\Captcha\Exception.php --> ftp.sbrafh.org.br /sbrafh/Web/zendLibrary/Zend/Captcha Exception.php
2011.06.30 03:44 B F:\xampp\htdocs\zendLibrary\Zend\Captcha\Dumb.php --> ftp.sbrafh.org.br /sbrafh/Web/zendLibrary/Zend/Captcha Dumb.php
2011.06.30 03:44 B F:\xampp\htdocs\zendLibrary\Zend\Captcha\Base.php --> ftp.sbrafh.org.br /sbrafh/Web/zendLibrary/Zend/Captcha Base.php
2011.06.30 03:44 B F:\xampp\htdocs\zendLibrary\Zend\Captcha\Adapter.php --> ftp.sbrafh.org.br /sbrafh/Web/zendLibrary/Zend/Captcha Adapter.php
2011.07.08 23:44 B F:\xampp\htdocs\zendLibrary\Zend\Captcha\Adapter.php --> ftp.radiofone.com.br /public_html/radiofone/zendLibrary/Zend/Captcha Adapter.php
2011.07.08 23:44 B F:\xampp\htdocs\zendLibrary\Zend\Captcha\Base.php --> ftp.radiofone.com.br /public_html/radiofone/zendLibrary/Zend/Captcha Base.php
2011.07.08 23:44 B F:\xampp\htdocs\zendLibrary\Zend\Captcha\Dumb.php --> ftp.radiofone.com.br /public_html/radiofone/zendLibrary/Zend/Captcha Dumb.php
2011.07.08 23:44 B F:\xampp\htdocs\zendLibrary\Zend\Captcha\Exception.php --> ftp.radiofone.com.br /public_html/radiofone/zendLibrary/Zend/Captcha Exception.php
2011.07.08 23:44 B F:\xampp\htdocs\zendLibrary\Zend\Captcha\Figlet.php --> ftp.radiofone.com.br /public_html/radiofone/zendLibrary/Zend/Captcha Figlet.php
2011.07.08 23:44 B F:\xampp\htdocs\zendLibrary\Zend\Captcha\Image.php --> ftp.radiofone.com.br /public_html/radiofone/zendLibrary/Zend/Captcha Image.php
2011.07.08 23:44 B F:\xampp\htdocs\zendLibrary\Zend\Captcha\ReCaptcha.php --> ftp.radiofone.com.br /public_html/radiofone/zendLibrary/Zend/Captcha ReCaptcha.php
2011.07.08 23:44 B F:\xampp\htdocs\zendLibrary\Zend\Captcha\Word.php --> ftp.radiofone.com.br /public_html/radiofone/zendLibrary/Zend/Captcha Word.php
2011.07.08 23:44 B F:\xampp\htdocs\zendLibrary\Zend\Captcha\WS_FTP.LOG --> ftp.radiofone.com.br /public_html/radiofone/zendLibrary/Zend/Captcha WS_FTP.LOG
2011.07.09 00:45 B F:\xampp\htdocs\zendLibrary\Zend\Captcha\WS_FTP.LOG --> ftp.radiofone.com.br /public_html/radiofone/zendLibrary/Zend/Captcha WS_FTP.LOG
2011.07.26 22:44 B F:\xampp\htdocs\zendLibrary\Zend\Captcha\Adapter.php --> ftp.sobrafo.org.br /public_html/zendLibrary/Zend/Captcha Adapter.php
2011.07.26 22:44 B F:\xampp\htdocs\zendLibrary\Zend\Captcha\Base.php --> ftp.sobrafo.org.br /public_html/zendLibrary/Zend/Captcha Base.php
2011.07.26 22:44 B F:\xampp\htdocs\zendLibrary\Zend\Captcha\Dumb.php --> ftp.sobrafo.org.br /public_html/zendLibrary/Zend/Captcha Dumb.php
2011.07.26 22:44 B F:\xampp\htdocs\zendLibrary\Zend\Captcha\Exception.php --> ftp.sobrafo.org.br /public_html/zendLibrary/Zend/Captcha Exception.php
2011.07.26 22:44 B F:\xampp\htdocs\zendLibrary\Zend\Captcha\Figlet.php --> ftp.sobrafo.org.br /public_html/zendLibrary/Zend/Captcha Figlet.php
2011.07.26 22:44 B F:\xampp\htdocs\zendLibrary\Zend\Captcha\Image.php --> ftp.sobrafo.org.br /public_html/zendLibrary/Zend/Captcha Image.php
2011.07.26 22:44 B F:\xampp\htdocs\zendLibrary\Zend\Captcha\ReCaptcha.php --> ftp.sobrafo.org.br /public_html/zendLibrary/Zend/Captcha ReCaptcha.php
2011.07.26 22:44 B F:\xampp\htdocs\zendLibrary\Zend\Captcha\Word.php --> ftp.sobrafo.org.br /public_html/zendLibrary/Zend/Captcha Word.php
2011.07.26 22:44 B F:\xampp\htdocs\zendLibrary\Zend\Captcha\WS_FTP.LOG --> ftp.sobrafo.org.br /public_html/zendLibrary/Zend/Captcha WS_FTP.LOG
2011.08.05 01:00 B F:\xampp\htdocs\ZendLibrary\Zend\Captcha\WS_FTP.LOG --> ftp.portalridgid.com.br /public_html/zendLibrary/Zend/Captcha WS_FTP.LOG
2011.08.09 16:54 B F:\xampp\htdocs\ZendLibrary\Zend\Captcha\Adapter.php --> ftp.amfar.com.br /public_html/ZendLibrary/Zend/Captcha Adapter.php
2011.08.09 16:54 B F:\xampp\htdocs\ZendLibrary\Zend\Captcha\Base.php --> ftp.amfar.com.br /public_html/ZendLibrary/Zend/Captcha Base.php
2011.08.09 16:54 B F:\xampp\htdocs\ZendLibrary\Zend\Captcha\Dumb.php --> ftp.amfar.com.br /public_html/ZendLibrary/Zend/Captcha Dumb.php
2011.08.09 16:54 B F:\xampp\htdocs\ZendLibrary\Zend\Captcha\Exception.php --> ftp.amfar.com.br /public_html/ZendLibrary/Zend/Captcha Exception.php
2011.08.09 16:54 B F:\xampp\htdocs\ZendLibrary\Zend\Captcha\Figlet.php --> ftp.amfar.com.br /public_html/ZendLibrary/Zend/Captcha Figlet.php
2011.08.09 16:54 B F:\xampp\htdocs\ZendLibrary\Zend\Captcha\Image.php --> ftp.amfar.com.br /public_html/ZendLibrary/Zend/Captcha Image.php
2011.08.09 16:54 B F:\xampp\htdocs\ZendLibrary\Zend\Captcha\ReCaptcha.php --> ftp.amfar.com.br /public_html/ZendLibrary/Zend/Captcha ReCaptcha.php
2011.08.09 16:54 B F:\xampp\htdocs\ZendLibrary\Zend\Captcha\Word.php --> ftp.amfar.com.br /public_html/ZendLibrary/Zend/Captcha Word.php
2011.08.09 16:54 B F:\xampp\htdocs\ZendLibrary\Zend\Captcha\WS_FTP.LOG --> ftp.amfar.com.br /public_html/ZendLibrary/Zend/Captcha WS_FTP.LOG
2011.08.22 20:57 B X:\xampp\htdocs\ZendLibrary\Zend\Captcha\Adapter.php --> ftp.jairodepaula.com.br /jairodepaula/web/ZendLibrary/Zend/Captcha Adapter.php
2011.08.22 20:57 B X:\xampp\htdocs\ZendLibrary\Zend\Captcha\Base.php --> ftp.jairodepaula.com.br /jairodepaula/web/ZendLibrary/Zend/Captcha Base.php
2011.08.22 20:57 B X:\xampp\htdocs\ZendLibrary\Zend\Captcha\Dumb.php --> ftp.jairodepaula.com.br /jairodepaula/web/ZendLibrary/Zend/Captcha Dumb.php
2011.08.22 20:57 B X:\xampp\htdocs\ZendLibrary\Zend\Captcha\Exception.php --> ftp.jairodepaula.com.br /jairodepaula/web/ZendLibrary/Zend/Captcha Exception.php
2011.08.22 20:57 B X:\xampp\htdocs\ZendLibrary\Zend\Captcha\Figlet.php --> ftp.jairodepaula.com.br /jairodepaula/web/ZendLibrary/Zend/Captcha Figlet.php
2011.08.22 20:57 B X:\xampp\htdocs\ZendLibrary\Zend\Captcha\Image.php --> ftp.jairodepaula.com.br /jairodepaula/web/ZendLibrary/Zend/Captcha Image.php
2011.08.22 20:57 B X:\xampp\htdocs\ZendLibrary\Zend\Captcha\ReCaptcha.php --> ftp.jairodepaula.com.br /jairodepaula/web/ZendLibrary/Zend/Captcha ReCaptcha.php
2011.08.22 20:57 B X:\xampp\htdocs\ZendLibrary\Zend\Captcha\Word.php --> ftp.jairodepaula.com.br /jairodepaula/web/ZendLibrary/Zend/Captcha Word.php
2011.08.22 20:57 B X:\xampp\htdocs\ZendLibrary\Zend\Captcha\WS_FTP.LOG --> ftp.jairodepaula.com.br /jairodepaula/web/ZendLibrary/Zend/Captcha WS_FTP.LOG
2011.12.31 14:47 B F:\xampp\htdocs\ZendLibrary\Zend\Captcha\Adapter.php --> ftp.sbrafh.org.br /public_html/ZendLibrary/Zend/Captcha Adapter.php
2011.12.31 14:47 B F:\xampp\htdocs\ZendLibrary\Zend\Captcha\Base.php --> ftp.sbrafh.org.br /public_html/ZendLibrary/Zend/Captcha Base.php
2011.12.31 14:47 B F:\xampp\htdocs\ZendLibrary\Zend\Captcha\Dumb.php --> ftp.sbrafh.org.br /public_html/ZendLibrary/Zend/Captcha Dumb.php
2011.12.31 14:47 B F:\xampp\htdocs\ZendLibrary\Zend\Captcha\Exception.php --> ftp.sbrafh.org.br /public_html/ZendLibrary/Zend/Captcha Exception.php
2011.12.31 14:47 B F:\xampp\htdocs\ZendLibrary\Zend\Captcha\Figlet.php --> ftp.sbrafh.org.br /public_html/ZendLibrary/Zend/Captcha Figlet.php
2011.12.31 14:47 B F:\xampp\htdocs\ZendLibrary\Zend\Captcha\Image.php --> ftp.sbrafh.org.br /public_html/ZendLibrary/Zend/Captcha Image.php
2011.12.31 14:47 B F:\xampp\htdocs\ZendLibrary\Zend\Captcha\ReCaptcha.php --> ftp.sbrafh.org.br /public_html/ZendLibrary/Zend/Captcha ReCaptcha.php
2011.12.31 14:47 B F:\xampp\htdocs\ZendLibrary\Zend\Captcha\Word.php --> ftp.sbrafh.org.br /public_html/ZendLibrary/Zend/Captcha Word.php
2011.12.31 14:47 B F:\xampp\htdocs\ZendLibrary\Zend\Captcha\WS_FTP.LOG --> ftp.sbrafh.org.br /public_html/ZendLibrary/Zend/Captcha WS_FTP.LOG
2012.01.06 03:16 B F:\xampp\htdocs\ZendLibrary\Zend\Captcha\Adapter.php --> ftp461.locaweb.com.br /ridgid/web/ZendLibrary/Zend/Captcha Adapter.php
2012.01.06 03:16 B F:\xampp\htdocs\ZendLibrary\Zend\Captcha\Base.php --> ftp461.locaweb.com.br /ridgid/web/ZendLibrary/Zend/Captcha Base.php
2012.01.06 03:16 B F:\xampp\htdocs\ZendLibrary\Zend\Captcha\Dumb.php --> ftp461.locaweb.com.br /ridgid/web/ZendLibrary/Zend/Captcha Dumb.php
2012.01.06 03:16 B F:\xampp\htdocs\ZendLibrary\Zend\Captcha\Exception.php --> ftp461.locaweb.com.br /ridgid/web/ZendLibrary/Zend/Captcha Exception.php
2012.01.06 03:16 B F:\xampp\htdocs\ZendLibrary\Zend\Captcha\Figlet.php --> ftp461.locaweb.com.br /ridgid/web/ZendLibrary/Zend/Captcha Figlet.php
2012.01.06 03:16 B F:\xampp\htdocs\ZendLibrary\Zend\Captcha\Image.php --> ftp461.locaweb.com.br /ridgid/web/ZendLibrary/Zend/Captcha Image.php
2012.01.06 03:16 B F:\xampp\htdocs\ZendLibrary\Zend\Captcha\ReCaptcha.php --> ftp461.locaweb.com.br /ridgid/web/ZendLibrary/Zend/Captcha ReCaptcha.php
2012.01.06 03:16 B F:\xampp\htdocs\ZendLibrary\Zend\Captcha\Word.php --> ftp461.locaweb.com.br /ridgid/web/ZendLibrary/Zend/Captcha Word.php
2012.01.06 03:16 B F:\xampp\htdocs\ZendLibrary\Zend\Captcha\WS_FTP.LOG --> ftp461.locaweb.com.br /ridgid/web/ZendLibrary/Zend/Captcha WS_FTP.LOG
2012.01.24 17:29 B F:\xampp\htdocs\ZendLibrary\Zend\Captcha\Adapter.php --> graficamarmar.com.br /htdocs/ZendLibrary/Zend/Captcha Adapter.php
2012.01.24 17:29 B F:\xampp\htdocs\ZendLibrary\Zend\Captcha\Base.php --> graficamarmar.com.br /htdocs/ZendLibrary/Zend/Captcha Base.php
2012.01.24 17:29 B F:\xampp\htdocs\ZendLibrary\Zend\Captcha\Dumb.php --> graficamarmar.com.br /htdocs/ZendLibrary/Zend/Captcha Dumb.php
2012.01.24 17:29 B F:\xampp\htdocs\ZendLibrary\Zend\Captcha\Exception.php --> graficamarmar.com.br /htdocs/ZendLibrary/Zend/Captcha Exception.php
2012.01.24 17:29 B F:\xampp\htdocs\ZendLibrary\Zend\Captcha\Figlet.php --> graficamarmar.com.br /htdocs/ZendLibrary/Zend/Captcha Figlet.php
2012.01.24 17:29 B F:\xampp\htdocs\ZendLibrary\Zend\Captcha\Image.php --> graficamarmar.com.br /htdocs/ZendLibrary/Zend/Captcha Image.php
2012.01.24 17:29 B F:\xampp\htdocs\ZendLibrary\Zend\Captcha\ReCaptcha.php --> graficamarmar.com.br /htdocs/ZendLibrary/Zend/Captcha ReCaptcha.php
2012.01.24 17:29 B F:\xampp\htdocs\ZendLibrary\Zend\Captcha\Word.php --> graficamarmar.com.br /htdocs/ZendLibrary/Zend/Captcha Word.php
2012.01.24 17:29 B F:\xampp\htdocs\ZendLibrary\Zend\Captcha\WS_FTP.LOG --> graficamarmar.com.br /htdocs/ZendLibrary/Zend/Captcha WS_FTP.LOG
2012.02.08 17:04 B F:\xampp\htdocs\ZendLibrary\Zend\Captcha\Adapter.php --> graficamarmar.hospedagemdesites.ws /public_html/ZendLibrary/Zend/Captcha Adapter.php
2012.02.08 17:04 B F:\xampp\htdocs\ZendLibrary\Zend\Captcha\Base.php --> graficamarmar.hospedagemdesites.ws /public_html/ZendLibrary/Zend/Captcha Base.php
2012.02.08 17:04 B F:\xampp\htdocs\ZendLibrary\Zend\Captcha\Dumb.php --> graficamarmar.hospedagemdesites.ws /public_html/ZendLibrary/Zend/Captcha Dumb.php
2012.02.08 17:04 B F:\xampp\htdocs\ZendLibrary\Zend\Captcha\Exception.php --> graficamarmar.hospedagemdesites.ws /public_html/ZendLibrary/Zend/Captcha Exception.php
2012.02.08 17:04 B F:\xampp\htdocs\ZendLibrary\Zend\Captcha\Figlet.php --> graficamarmar.hospedagemdesites.ws /public_html/ZendLibrary/Zend/Captcha Figlet.php
2012.02.08 17:04 B F:\xampp\htdocs\ZendLibrary\Zend\Captcha\Image.php --> graficamarmar.hospedagemdesites.ws /public_html/ZendLibrary/Zend/Captcha Image.php
2012.02.08 17:04 B F:\xampp\htdocs\ZendLibrary\Zend\Captcha\ReCaptcha.php --> graficamarmar.hospedagemdesites.ws /public_html/ZendLibrary/Zend/Captcha ReCaptcha.php
2012.02.08 17:04 B F:\xampp\htdocs\ZendLibrary\Zend\Captcha\Word.php --> graficamarmar.hospedagemdesites.ws /public_html/ZendLibrary/Zend/Captcha Word.php
2012.02.08 17:04 B F:\xampp\htdocs\ZendLibrary\Zend\Captcha\WS_FTP.LOG --> graficamarmar.hospedagemdesites.ws /public_html/ZendLibrary/Zend/Captcha WS_FTP.LOG
2012.10.29 14:40 B F:\xampp\htdocs\ZendLibrary\Zend\Captcha\Adapter.php --> 186.202.153.85 /public_html/ZendLibrary/Zend/Captcha Adapter.php
2012.10.29 14:40 B F:\xampp\htdocs\ZendLibrary\Zend\Captcha\Base.php --> 186.202.153.85 /public_html/ZendLibrary/Zend/Captcha Base.php
2012.10.29 14:40 B F:\xampp\htdocs\ZendLibrary\Zend\Captcha\Dumb.php --> 186.202.153.85 /public_html/ZendLibrary/Zend/Captcha Dumb.php
2012.10.29 14:40 B F:\xampp\htdocs\ZendLibrary\Zend\Captcha\Exception.php --> 186.202.153.85 /public_html/ZendLibrary/Zend/Captcha Exception.php
2012.10.29 14:40 B F:\xampp\htdocs\ZendLibrary\Zend\Captcha\Figlet.php --> 186.202.153.85 /public_html/ZendLibrary/Zend/Captcha Figlet.php
2012.10.29 14:40 B F:\xampp\htdocs\ZendLibrary\Zend\Captcha\Image.php --> 186.202.153.85 /public_html/ZendLibrary/Zend/Captcha Image.php
2012.10.29 14:40 B F:\xampp\htdocs\ZendLibrary\Zend\Captcha\ReCaptcha.php --> 186.202.153.85 /public_html/ZendLibrary/Zend/Captcha ReCaptcha.php
2012.10.29 14:40 B F:\xampp\htdocs\ZendLibrary\Zend\Captcha\Word.php --> 186.202.153.85 /public_html/ZendLibrary/Zend/Captcha Word.php
2012.10.29 14:40 B F:\xampp\htdocs\ZendLibrary\Zend\Captcha\WS_FTP.LOG --> 186.202.153.85 /public_html/ZendLibrary/Zend/Captcha WS_FTP.LOG
