2012.09.19 01:05 B F:\xampp\htdocs\html2pdf\html2pdf\_tcpdf_5.0.002\fonts\utils\freetype6.dll --> ftp.sbrafh.org.br /public_html/html2pdf/html2pdf/_tcpdf_5.0.002/fonts/utils freetype6.dll
2012.09.19 01:05 B F:\xampp\htdocs\html2pdf\html2pdf\_tcpdf_5.0.002\fonts\utils\makeallttffonts.php --> ftp.sbrafh.org.br /public_html/html2pdf/html2pdf/_tcpdf_5.0.002/fonts/utils makeallttffonts.php
2012.09.19 01:05 B F:\xampp\htdocs\html2pdf\html2pdf\_tcpdf_5.0.002\fonts\utils\makefont.php --> ftp.sbrafh.org.br /public_html/html2pdf/html2pdf/_tcpdf_5.0.002/fonts/utils makefont.php
2012.09.19 01:05 B F:\xampp\htdocs\html2pdf\html2pdf\_tcpdf_5.0.002\fonts\utils\pfm2afm --> ftp.sbrafh.org.br /public_html/html2pdf/html2pdf/_tcpdf_5.0.002/fonts/utils pfm2afm
2012.09.19 01:05 B F:\xampp\htdocs\html2pdf\html2pdf\_tcpdf_5.0.002\fonts\utils\pfm2afm.exe --> ftp.sbrafh.org.br /public_html/html2pdf/html2pdf/_tcpdf_5.0.002/fonts/utils pfm2afm.exe
2012.09.19 01:05 B F:\xampp\htdocs\html2pdf\html2pdf\_tcpdf_5.0.002\fonts\utils\README.TXT --> ftp.sbrafh.org.br /public_html/html2pdf/html2pdf/_tcpdf_5.0.002/fonts/utils README.TXT
2012.09.19 01:05 B F:\xampp\htdocs\html2pdf\html2pdf\_tcpdf_5.0.002\fonts\utils\ttf2ufm --> ftp.sbrafh.org.br /public_html/html2pdf/html2pdf/_tcpdf_5.0.002/fonts/utils ttf2ufm
2012.09.19 01:05 B F:\xampp\htdocs\html2pdf\html2pdf\_tcpdf_5.0.002\fonts\utils\ttf2ufm.exe --> ftp.sbrafh.org.br /public_html/html2pdf/html2pdf/_tcpdf_5.0.002/fonts/utils ttf2ufm.exe
2012.09.19 01:05 B F:\xampp\htdocs\html2pdf\html2pdf\_tcpdf_5.0.002\fonts\utils\zlib1.dll --> ftp.sbrafh.org.br /public_html/html2pdf/html2pdf/_tcpdf_5.0.002/fonts/utils zlib1.dll
2012.09.19 14:38 B F:\xampp\htdocs\html2pdf\html2pdf\_tcpdf_5.0.002\fonts\utils\calibri.afm --> ftp.sbrafh.org.br /public_html/site/application/classes/html2fpdf/_tcpdf_5.0.002/fonts/utils calibri.afm
2012.09.19 14:39 B F:\xampp\htdocs\html2pdf\html2pdf\_tcpdf_5.0.002\fonts\utils\calibri.t1a --> ftp.sbrafh.org.br /public_html/site/application/classes/html2fpdf/_tcpdf_5.0.002/fonts/utils calibri.t1a
2012.11.23 12:06 B F:\xampp\htdocs\sbrafh\html2pdf\html2pdf\_tcpdf_5.0.002\fonts\utils\calibri.afm --> ftp.jairodepaula.com.br /jairodepaula/web/html2pdf/html2pdf/_tcpdf_5.0.002/fonts/utils calibri.afm
2012.11.23 12:07 B F:\xampp\htdocs\sbrafh\html2pdf\html2pdf\_tcpdf_5.0.002\fonts\utils\calibri.t1a --> ftp.jairodepaula.com.br /jairodepaula/web/html2pdf/html2pdf/_tcpdf_5.0.002/fonts/utils calibri.t1a
2012.11.23 12:08 B F:\xampp\htdocs\sbrafh\html2pdf\html2pdf\_tcpdf_5.0.002\fonts\utils\calibri.ttf --> ftp.jairodepaula.com.br /jairodepaula/web/html2pdf/html2pdf/_tcpdf_5.0.002/fonts/utils calibri.ttf
2012.11.23 12:08 B F:\xampp\htdocs\sbrafh\html2pdf\html2pdf\_tcpdf_5.0.002\fonts\utils\calibri.ufm --> ftp.jairodepaula.com.br /jairodepaula/web/html2pdf/html2pdf/_tcpdf_5.0.002/fonts/utils calibri.ufm
2012.11.23 12:09 B F:\xampp\htdocs\sbrafh\html2pdf\html2pdf\_tcpdf_5.0.002\fonts\utils\calibrib.afm --> ftp.jairodepaula.com.br /jairodepaula/web/html2pdf/html2pdf/_tcpdf_5.0.002/fonts/utils calibrib.afm
2012.11.23 12:10 B F:\xampp\htdocs\sbrafh\html2pdf\html2pdf\_tcpdf_5.0.002\fonts\utils\calibrib.t1a --> ftp.jairodepaula.com.br /jairodepaula/web/html2pdf/html2pdf/_tcpdf_5.0.002/fonts/utils calibrib.t1a
2012.11.23 12:11 B F:\xampp\htdocs\sbrafh\html2pdf\html2pdf\_tcpdf_5.0.002\fonts\utils\calibrib.ttf --> ftp.jairodepaula.com.br /jairodepaula/web/html2pdf/html2pdf/_tcpdf_5.0.002/fonts/utils calibrib.ttf
2012.11.23 12:11 B F:\xampp\htdocs\sbrafh\html2pdf\html2pdf\_tcpdf_5.0.002\fonts\utils\calibrib.ufm --> ftp.jairodepaula.com.br /jairodepaula/web/html2pdf/html2pdf/_tcpdf_5.0.002/fonts/utils calibrib.ufm
2012.11.23 12:12 B F:\xampp\htdocs\sbrafh\html2pdf\html2pdf\_tcpdf_5.0.002\fonts\utils\calibrii.afm --> ftp.jairodepaula.com.br /jairodepaula/web/html2pdf/html2pdf/_tcpdf_5.0.002/fonts/utils calibrii.afm
2012.11.23 12:13 B F:\xampp\htdocs\sbrafh\html2pdf\html2pdf\_tcpdf_5.0.002\fonts\utils\calibrii.t1a --> ftp.jairodepaula.com.br /jairodepaula/web/html2pdf/html2pdf/_tcpdf_5.0.002/fonts/utils calibrii.t1a
2012.11.23 12:14 B F:\xampp\htdocs\sbrafh\html2pdf\html2pdf\_tcpdf_5.0.002\fonts\utils\calibrii.ttf --> ftp.jairodepaula.com.br /jairodepaula/web/html2pdf/html2pdf/_tcpdf_5.0.002/fonts/utils calibrii.ttf
2012.11.23 12:14 B F:\xampp\htdocs\sbrafh\html2pdf\html2pdf\_tcpdf_5.0.002\fonts\utils\calibrii.ufm --> ftp.jairodepaula.com.br /jairodepaula/web/html2pdf/html2pdf/_tcpdf_5.0.002/fonts/utils calibrii.ufm
2012.11.23 12:15 B F:\xampp\htdocs\sbrafh\html2pdf\html2pdf\_tcpdf_5.0.002\fonts\utils\calibriz.afm --> ftp.jairodepaula.com.br /jairodepaula/web/html2pdf/html2pdf/_tcpdf_5.0.002/fonts/utils calibriz.afm
2012.11.23 12:16 B F:\xampp\htdocs\sbrafh\html2pdf\html2pdf\_tcpdf_5.0.002\fonts\utils\calibriz.t1a --> ftp.jairodepaula.com.br /jairodepaula/web/html2pdf/html2pdf/_tcpdf_5.0.002/fonts/utils calibriz.t1a
2012.11.23 12:17 B F:\xampp\htdocs\sbrafh\html2pdf\html2pdf\_tcpdf_5.0.002\fonts\utils\calibriz.ttf --> ftp.jairodepaula.com.br /jairodepaula/web/html2pdf/html2pdf/_tcpdf_5.0.002/fonts/utils calibriz.ttf
2012.11.23 12:17 B F:\xampp\htdocs\sbrafh\html2pdf\html2pdf\_tcpdf_5.0.002\fonts\utils\calibriz.ufm --> ftp.jairodepaula.com.br /jairodepaula/web/html2pdf/html2pdf/_tcpdf_5.0.002/fonts/utils calibriz.ufm
2012.11.23 12:17 B F:\xampp\htdocs\sbrafh\html2pdf\html2pdf\_tcpdf_5.0.002\fonts\utils\digital.afm --> ftp.jairodepaula.com.br /jairodepaula/web/html2pdf/html2pdf/_tcpdf_5.0.002/fonts/utils digital.afm
2012.11.23 12:17 B F:\xampp\htdocs\sbrafh\html2pdf\html2pdf\_tcpdf_5.0.002\fonts\utils\digital.php --> ftp.jairodepaula.com.br /jairodepaula/web/html2pdf/html2pdf/_tcpdf_5.0.002/fonts/utils digital.php
2012.11.23 12:19 B F:\xampp\htdocs\sbrafh\html2pdf\html2pdf\_tcpdf_5.0.002\fonts\utils\digital.t1a --> ftp.jairodepaula.com.br /jairodepaula/web/html2pdf/html2pdf/_tcpdf_5.0.002/fonts/utils digital.t1a
2012.11.23 12:19 B F:\xampp\htdocs\sbrafh\html2pdf\html2pdf\_tcpdf_5.0.002\fonts\utils\digital.ttf --> ftp.jairodepaula.com.br /jairodepaula/web/html2pdf/html2pdf/_tcpdf_5.0.002/fonts/utils digital.ttf
2012.11.23 12:20 B F:\xampp\htdocs\sbrafh\html2pdf\html2pdf\_tcpdf_5.0.002\fonts\utils\digital.ufm --> ftp.jairodepaula.com.br /jairodepaula/web/html2pdf/html2pdf/_tcpdf_5.0.002/fonts/utils digital.ufm
2012.11.23 12:20 B F:\xampp\htdocs\sbrafh\html2pdf\html2pdf\_tcpdf_5.0.002\fonts\utils\digital.z --> ftp.jairodepaula.com.br /jairodepaula/web/html2pdf/html2pdf/_tcpdf_5.0.002/fonts/utils digital.z
2012.11.23 12:20 B F:\xampp\htdocs\sbrafh\html2pdf\html2pdf\_tcpdf_5.0.002\fonts\utils\freetype6.dll --> ftp.jairodepaula.com.br /jairodepaula/web/html2pdf/html2pdf/_tcpdf_5.0.002/fonts/utils freetype6.dll
2012.11.23 12:20 B F:\xampp\htdocs\sbrafh\html2pdf\html2pdf\_tcpdf_5.0.002\fonts\utils\makeallttffonts.php --> ftp.jairodepaula.com.br /jairodepaula/web/html2pdf/html2pdf/_tcpdf_5.0.002/fonts/utils makeallttffonts.php
2012.11.23 12:20 B F:\xampp\htdocs\sbrafh\html2pdf\html2pdf\_tcpdf_5.0.002\fonts\utils\makefont.php --> ftp.jairodepaula.com.br /jairodepaula/web/html2pdf/html2pdf/_tcpdf_5.0.002/fonts/utils makefont.php
2012.11.23 12:20 B F:\xampp\htdocs\sbrafh\html2pdf\html2pdf\_tcpdf_5.0.002\fonts\utils\pfm2afm --> ftp.jairodepaula.com.br /jairodepaula/web/html2pdf/html2pdf/_tcpdf_5.0.002/fonts/utils pfm2afm
2012.11.23 12:20 B F:\xampp\htdocs\sbrafh\html2pdf\html2pdf\_tcpdf_5.0.002\fonts\utils\pfm2afm.exe --> ftp.jairodepaula.com.br /jairodepaula/web/html2pdf/html2pdf/_tcpdf_5.0.002/fonts/utils pfm2afm.exe
2012.11.23 12:20 B F:\xampp\htdocs\sbrafh\html2pdf\html2pdf\_tcpdf_5.0.002\fonts\utils\README.TXT --> ftp.jairodepaula.com.br /jairodepaula/web/html2pdf/html2pdf/_tcpdf_5.0.002/fonts/utils README.TXT
2012.11.23 12:20 B F:\xampp\htdocs\sbrafh\html2pdf\html2pdf\_tcpdf_5.0.002\fonts\utils\ttf2ufm --> ftp.jairodepaula.com.br /jairodepaula/web/html2pdf/html2pdf/_tcpdf_5.0.002/fonts/utils ttf2ufm
2012.11.23 12:20 B F:\xampp\htdocs\sbrafh\html2pdf\html2pdf\_tcpdf_5.0.002\fonts\utils\ttf2ufm.exe --> ftp.jairodepaula.com.br /jairodepaula/web/html2pdf/html2pdf/_tcpdf_5.0.002/fonts/utils ttf2ufm.exe
2012.11.23 12:20 B F:\xampp\htdocs\sbrafh\html2pdf\html2pdf\_tcpdf_5.0.002\fonts\utils\WS_FTP.LOG --> ftp.jairodepaula.com.br /jairodepaula/web/html2pdf/html2pdf/_tcpdf_5.0.002/fonts/utils WS_FTP.LOG
2012.11.23 12:20 B F:\xampp\htdocs\sbrafh\html2pdf\html2pdf\_tcpdf_5.0.002\fonts\utils\zlib1.dll --> ftp.jairodepaula.com.br /jairodepaula/web/html2pdf/html2pdf/_tcpdf_5.0.002/fonts/utils zlib1.dll
