2011.06.20 18:32 B F:\xampp\htdocs\zf-tutorial\library\Zend\Controller\Response\Abstract.php --> ftp.portalridgid.com.br /public_html/zf-tutorial/library/Zend/Controller/Response Abstract.php
2011.06.20 18:32 B F:\xampp\htdocs\zf-tutorial\library\Zend\Controller\Response\Cli.php --> ftp.portalridgid.com.br /public_html/zf-tutorial/library/Zend/Controller/Response Cli.php
2011.06.20 18:32 B F:\xampp\htdocs\zf-tutorial\library\Zend\Controller\Response\Exception.php --> ftp.portalridgid.com.br /public_html/zf-tutorial/library/Zend/Controller/Response Exception.php
2011.06.20 18:32 B F:\xampp\htdocs\zf-tutorial\library\Zend\Controller\Response\Http.php --> ftp.portalridgid.com.br /public_html/zf-tutorial/library/Zend/Controller/Response Http.php
2011.06.20 18:32 B F:\xampp\htdocs\zf-tutorial\library\Zend\Controller\Response\HttpTestCase.php --> ftp.portalridgid.com.br /public_html/zf-tutorial/library/Zend/Controller/Response HttpTestCase.php
2011.06.30 03:42 B F:\xampp\htdocs\zendLibrary\Zend\Controller\Response\WS_FTP.LOG --> ftp.sbrafh.org.br /sbrafh/Web/zendLibrary/Zend/Controller/Response WS_FTP.LOG
2011.06.30 03:42 B F:\xampp\htdocs\zendLibrary\Zend\Controller\Response\Abstract.php --> ftp.sbrafh.org.br /sbrafh/Web/zendLibrary/Zend/Controller/Response Abstract.php
2011.06.30 03:42 B F:\xampp\htdocs\zendLibrary\Zend\Controller\Response\HttpTestCase.php --> ftp.sbrafh.org.br /sbrafh/Web/zendLibrary/Zend/Controller/Response HttpTestCase.php
2011.06.30 03:42 B F:\xampp\htdocs\zendLibrary\Zend\Controller\Response\Http.php --> ftp.sbrafh.org.br /sbrafh/Web/zendLibrary/Zend/Controller/Response Http.php
2011.06.30 03:42 B F:\xampp\htdocs\zendLibrary\Zend\Controller\Response\Exception.php --> ftp.sbrafh.org.br /sbrafh/Web/zendLibrary/Zend/Controller/Response Exception.php
2011.06.30 03:42 B F:\xampp\htdocs\zendLibrary\Zend\Controller\Response\Cli.php --> ftp.sbrafh.org.br /sbrafh/Web/zendLibrary/Zend/Controller/Response Cli.php
2011.07.08 23:45 B F:\xampp\htdocs\zendLibrary\Zend\Controller\Response\Abstract.php --> ftp.radiofone.com.br /public_html/radiofone/zendLibrary/Zend/Controller/Response Abstract.php
2011.07.08 23:45 B F:\xampp\htdocs\zendLibrary\Zend\Controller\Response\Cli.php --> ftp.radiofone.com.br /public_html/radiofone/zendLibrary/Zend/Controller/Response Cli.php
2011.07.08 23:45 B F:\xampp\htdocs\zendLibrary\Zend\Controller\Response\Exception.php --> ftp.radiofone.com.br /public_html/radiofone/zendLibrary/Zend/Controller/Response Exception.php
2011.07.08 23:45 B F:\xampp\htdocs\zendLibrary\Zend\Controller\Response\Http.php --> ftp.radiofone.com.br /public_html/radiofone/zendLibrary/Zend/Controller/Response Http.php
2011.07.08 23:45 B F:\xampp\htdocs\zendLibrary\Zend\Controller\Response\HttpTestCase.php --> ftp.radiofone.com.br /public_html/radiofone/zendLibrary/Zend/Controller/Response HttpTestCase.php
2011.07.08 23:45 B F:\xampp\htdocs\zendLibrary\Zend\Controller\Response\WS_FTP.LOG --> ftp.radiofone.com.br /public_html/radiofone/zendLibrary/Zend/Controller/Response WS_FTP.LOG
2011.07.26 22:46 B F:\xampp\htdocs\zendLibrary\Zend\Controller\Response\Abstract.php --> ftp.sobrafo.org.br /public_html/zendLibrary/Zend/Controller/Response Abstract.php
2011.07.26 22:46 B F:\xampp\htdocs\zendLibrary\Zend\Controller\Response\Cli.php --> ftp.sobrafo.org.br /public_html/zendLibrary/Zend/Controller/Response Cli.php
2011.07.26 22:46 B F:\xampp\htdocs\zendLibrary\Zend\Controller\Response\Exception.php --> ftp.sobrafo.org.br /public_html/zendLibrary/Zend/Controller/Response Exception.php
2011.07.26 22:46 B F:\xampp\htdocs\zendLibrary\Zend\Controller\Response\Http.php --> ftp.sobrafo.org.br /public_html/zendLibrary/Zend/Controller/Response Http.php
2011.07.26 22:46 B F:\xampp\htdocs\zendLibrary\Zend\Controller\Response\HttpTestCase.php --> ftp.sobrafo.org.br /public_html/zendLibrary/Zend/Controller/Response HttpTestCase.php
2011.07.26 22:46 B F:\xampp\htdocs\zendLibrary\Zend\Controller\Response\WS_FTP.LOG --> ftp.sobrafo.org.br /public_html/zendLibrary/Zend/Controller/Response WS_FTP.LOG
2011.08.05 01:02 B F:\xampp\htdocs\ZendLibrary\Zend\Controller\Response\WS_FTP.LOG --> ftp.portalridgid.com.br /public_html/zendLibrary/Zend/Controller/Response WS_FTP.LOG
2011.08.09 16:56 B F:\xampp\htdocs\ZendLibrary\Zend\Controller\Response\Abstract.php --> ftp.amfar.com.br /public_html/ZendLibrary/Zend/Controller/Response Abstract.php
2011.08.09 16:56 B F:\xampp\htdocs\ZendLibrary\Zend\Controller\Response\Cli.php --> ftp.amfar.com.br /public_html/ZendLibrary/Zend/Controller/Response Cli.php
2011.08.09 16:56 B F:\xampp\htdocs\ZendLibrary\Zend\Controller\Response\Exception.php --> ftp.amfar.com.br /public_html/ZendLibrary/Zend/Controller/Response Exception.php
2011.08.09 16:56 B F:\xampp\htdocs\ZendLibrary\Zend\Controller\Response\Http.php --> ftp.amfar.com.br /public_html/ZendLibrary/Zend/Controller/Response Http.php
2011.08.09 16:56 B F:\xampp\htdocs\ZendLibrary\Zend\Controller\Response\HttpTestCase.php --> ftp.amfar.com.br /public_html/ZendLibrary/Zend/Controller/Response HttpTestCase.php
