2011.06.20 18:49 B F:\xampp\htdocs\zf-tutorial\library\Zend\Pdf\Resource\Font\Simple\Standard\Courier.php --> ftp.portalridgid.com.br /public_html/zf-tutorial/library/Zend/Pdf/Resource/Font/Simple/Standard Courier.php
2011.06.20 18:49 B F:\xampp\htdocs\zf-tutorial\library\Zend\Pdf\Resource\Font\Simple\Standard\CourierBold.php --> ftp.portalridgid.com.br /public_html/zf-tutorial/library/Zend/Pdf/Resource/Font/Simple/Standard CourierBold.php
2011.06.20 18:49 B F:\xampp\htdocs\zf-tutorial\library\Zend\Pdf\Resource\Font\Simple\Standard\CourierBoldOblique.php --> ftp.portalridgid.com.br /public_html/zf-tutorial/library/Zend/Pdf/Resource/Font/Simple/Standard CourierBoldOblique.php
2011.06.20 18:49 B F:\xampp\htdocs\zf-tutorial\library\Zend\Pdf\Resource\Font\Simple\Standard\CourierOblique.php --> ftp.portalridgid.com.br /public_html/zf-tutorial/library/Zend/Pdf/Resource/Font/Simple/Standard CourierOblique.php
2011.06.20 18:49 B F:\xampp\htdocs\zf-tutorial\library\Zend\Pdf\Resource\Font\Simple\Standard\Helvetica.php --> ftp.portalridgid.com.br /public_html/zf-tutorial/library/Zend/Pdf/Resource/Font/Simple/Standard Helvetica.php
2011.06.20 18:49 B F:\xampp\htdocs\zf-tutorial\library\Zend\Pdf\Resource\Font\Simple\Standard\HelveticaBold.php --> ftp.portalridgid.com.br /public_html/zf-tutorial/library/Zend/Pdf/Resource/Font/Simple/Standard HelveticaBold.php
2011.06.20 18:49 B F:\xampp\htdocs\zf-tutorial\library\Zend\Pdf\Resource\Font\Simple\Standard\HelveticaBoldOblique.php --> ftp.portalridgid.com.br /public_html/zf-tutorial/library/Zend/Pdf/Resource/Font/Simple/Standard HelveticaBoldOblique.php
2011.06.20 18:49 B F:\xampp\htdocs\zf-tutorial\library\Zend\Pdf\Resource\Font\Simple\Standard\HelveticaOblique.php --> ftp.portalridgid.com.br /public_html/zf-tutorial/library/Zend/Pdf/Resource/Font/Simple/Standard HelveticaOblique.php
2011.06.20 18:49 B F:\xampp\htdocs\zf-tutorial\library\Zend\Pdf\Resource\Font\Simple\Standard\Symbol.php --> ftp.portalridgid.com.br /public_html/zf-tutorial/library/Zend/Pdf/Resource/Font/Simple/Standard Symbol.php
2011.06.20 18:49 B F:\xampp\htdocs\zf-tutorial\library\Zend\Pdf\Resource\Font\Simple\Standard\TimesBold.php --> ftp.portalridgid.com.br /public_html/zf-tutorial/library/Zend/Pdf/Resource/Font/Simple/Standard TimesBold.php
2011.06.20 18:49 B F:\xampp\htdocs\zf-tutorial\library\Zend\Pdf\Resource\Font\Simple\Standard\TimesBoldItalic.php --> ftp.portalridgid.com.br /public_html/zf-tutorial/library/Zend/Pdf/Resource/Font/Simple/Standard TimesBoldItalic.php
2011.06.20 18:49 B F:\xampp\htdocs\zf-tutorial\library\Zend\Pdf\Resource\Font\Simple\Standard\TimesItalic.php --> ftp.portalridgid.com.br /public_html/zf-tutorial/library/Zend/Pdf/Resource/Font/Simple/Standard TimesItalic.php
2011.06.20 18:49 B F:\xampp\htdocs\zf-tutorial\library\Zend\Pdf\Resource\Font\Simple\Standard\TimesRoman.php --> ftp.portalridgid.com.br /public_html/zf-tutorial/library/Zend/Pdf/Resource/Font/Simple/Standard TimesRoman.php
2011.06.20 18:49 B F:\xampp\htdocs\zf-tutorial\library\Zend\Pdf\Resource\Font\Simple\Standard\ZapfDingbats.php --> ftp.portalridgid.com.br /public_html/zf-tutorial/library/Zend/Pdf/Resource/Font/Simple/Standard ZapfDingbats.php
2011.06.30 03:20 B F:\xampp\htdocs\zendLibrary\Zend\Pdf\Resource\Font\Simple\Standard\WS_FTP.LOG --> ftp.sbrafh.org.br /sbrafh/Web/zendLibrary/Zend/Pdf/Resource/Font/Simple/Standard WS_FTP.LOG
2011.06.30 03:20 B F:\xampp\htdocs\zendLibrary\Zend\Pdf\Resource\Font\Simple\Standard\ZapfDingbats.php --> ftp.sbrafh.org.br /sbrafh/Web/zendLibrary/Zend/Pdf/Resource/Font/Simple/Standard ZapfDingbats.php
2011.06.30 03:20 B F:\xampp\htdocs\zendLibrary\Zend\Pdf\Resource\Font\Simple\Standard\TimesRoman.php --> ftp.sbrafh.org.br /sbrafh/Web/zendLibrary/Zend/Pdf/Resource/Font/Simple/Standard TimesRoman.php
2011.06.30 03:20 B F:\xampp\htdocs\zendLibrary\Zend\Pdf\Resource\Font\Simple\Standard\TimesItalic.php --> ftp.sbrafh.org.br /sbrafh/Web/zendLibrary/Zend/Pdf/Resource/Font/Simple/Standard TimesItalic.php
2011.06.30 03:20 B F:\xampp\htdocs\zendLibrary\Zend\Pdf\Resource\Font\Simple\Standard\TimesBoldItalic.php --> ftp.sbrafh.org.br /sbrafh/Web/zendLibrary/Zend/Pdf/Resource/Font/Simple/Standard TimesBoldItalic.php
2011.06.30 03:20 B F:\xampp\htdocs\zendLibrary\Zend\Pdf\Resource\Font\Simple\Standard\TimesBold.php --> ftp.sbrafh.org.br /sbrafh/Web/zendLibrary/Zend/Pdf/Resource/Font/Simple/Standard TimesBold.php
2011.06.30 03:20 B F:\xampp\htdocs\zendLibrary\Zend\Pdf\Resource\Font\Simple\Standard\Symbol.php --> ftp.sbrafh.org.br /sbrafh/Web/zendLibrary/Zend/Pdf/Resource/Font/Simple/Standard Symbol.php
2011.06.30 03:20 B F:\xampp\htdocs\zendLibrary\Zend\Pdf\Resource\Font\Simple\Standard\HelveticaOblique.php --> ftp.sbrafh.org.br /sbrafh/Web/zendLibrary/Zend/Pdf/Resource/Font/Simple/Standard HelveticaOblique.php
2011.06.30 03:20 B F:\xampp\htdocs\zendLibrary\Zend\Pdf\Resource\Font\Simple\Standard\HelveticaBoldOblique.php --> ftp.sbrafh.org.br /sbrafh/Web/zendLibrary/Zend/Pdf/Resource/Font/Simple/Standard HelveticaBoldOblique.php
2011.06.30 03:20 B F:\xampp\htdocs\zendLibrary\Zend\Pdf\Resource\Font\Simple\Standard\HelveticaBold.php --> ftp.sbrafh.org.br /sbrafh/Web/zendLibrary/Zend/Pdf/Resource/Font/Simple/Standard HelveticaBold.php
2011.06.30 03:20 B F:\xampp\htdocs\zendLibrary\Zend\Pdf\Resource\Font\Simple\Standard\Helvetica.php --> ftp.sbrafh.org.br /sbrafh/Web/zendLibrary/Zend/Pdf/Resource/Font/Simple/Standard Helvetica.php
2011.06.30 03:20 B F:\xampp\htdocs\zendLibrary\Zend\Pdf\Resource\Font\Simple\Standard\CourierOblique.php --> ftp.sbrafh.org.br /sbrafh/Web/zendLibrary/Zend/Pdf/Resource/Font/Simple/Standard CourierOblique.php
2011.06.30 03:20 B F:\xampp\htdocs\zendLibrary\Zend\Pdf\Resource\Font\Simple\Standard\CourierBoldOblique.php --> ftp.sbrafh.org.br /sbrafh/Web/zendLibrary/Zend/Pdf/Resource/Font/Simple/Standard CourierBoldOblique.php
2011.06.30 03:20 B F:\xampp\htdocs\zendLibrary\Zend\Pdf\Resource\Font\Simple\Standard\CourierBold.php --> ftp.sbrafh.org.br /sbrafh/Web/zendLibrary/Zend/Pdf/Resource/Font/Simple/Standard CourierBold.php
2011.06.30 03:20 B F:\xampp\htdocs\zendLibrary\Zend\Pdf\Resource\Font\Simple\Standard\Courier.php --> ftp.sbrafh.org.br /sbrafh/Web/zendLibrary/Zend/Pdf/Resource/Font/Simple/Standard Courier.php
2011.07.09 00:15 B F:\xampp\htdocs\zendLibrary\Zend\Pdf\Resource\Font\Simple\Standard\Courier.php --> ftp.radiofone.com.br /public_html/radiofone/zendLibrary/Zend/Pdf/Resource/Font/Simple/Standard Courier.php
2011.07.09 00:15 B F:\xampp\htdocs\zendLibrary\Zend\Pdf\Resource\Font\Simple\Standard\CourierBold.php --> ftp.radiofone.com.br /public_html/radiofone/zendLibrary/Zend/Pdf/Resource/Font/Simple/Standard CourierBold.php
2011.07.09 00:15 B F:\xampp\htdocs\zendLibrary\Zend\Pdf\Resource\Font\Simple\Standard\CourierBoldOblique.php --> ftp.radiofone.com.br /public_html/radiofone/zendLibrary/Zend/Pdf/Resource/Font/Simple/Standard CourierBoldOblique.php
2011.07.09 00:15 B F:\xampp\htdocs\zendLibrary\Zend\Pdf\Resource\Font\Simple\Standard\CourierOblique.php --> ftp.radiofone.com.br /public_html/radiofone/zendLibrary/Zend/Pdf/Resource/Font/Simple/Standard CourierOblique.php
2011.07.09 00:15 B F:\xampp\htdocs\zendLibrary\Zend\Pdf\Resource\Font\Simple\Standard\Helvetica.php --> ftp.radiofone.com.br /public_html/radiofone/zendLibrary/Zend/Pdf/Resource/Font/Simple/Standard Helvetica.php
2011.07.09 00:15 B F:\xampp\htdocs\zendLibrary\Zend\Pdf\Resource\Font\Simple\Standard\HelveticaBold.php --> ftp.radiofone.com.br /public_html/radiofone/zendLibrary/Zend/Pdf/Resource/Font/Simple/Standard HelveticaBold.php
2011.07.09 00:15 B F:\xampp\htdocs\zendLibrary\Zend\Pdf\Resource\Font\Simple\Standard\HelveticaBoldOblique.php --> ftp.radiofone.com.br /public_html/radiofone/zendLibrary/Zend/Pdf/Resource/Font/Simple/Standard HelveticaBoldOblique.php
2011.07.09 00:15 B F:\xampp\htdocs\zendLibrary\Zend\Pdf\Resource\Font\Simple\Standard\HelveticaOblique.php --> ftp.radiofone.com.br /public_html/radiofone/zendLibrary/Zend/Pdf/Resource/Font/Simple/Standard HelveticaOblique.php
2011.07.09 00:15 B F:\xampp\htdocs\zendLibrary\Zend\Pdf\Resource\Font\Simple\Standard\Symbol.php --> ftp.radiofone.com.br /public_html/radiofone/zendLibrary/Zend/Pdf/Resource/Font/Simple/Standard Symbol.php
2011.07.09 00:15 B F:\xampp\htdocs\zendLibrary\Zend\Pdf\Resource\Font\Simple\Standard\TimesBold.php --> ftp.radiofone.com.br /public_html/radiofone/zendLibrary/Zend/Pdf/Resource/Font/Simple/Standard TimesBold.php
2011.07.09 00:15 B F:\xampp\htdocs\zendLibrary\Zend\Pdf\Resource\Font\Simple\Standard\TimesBoldItalic.php --> ftp.radiofone.com.br /public_html/radiofone/zendLibrary/Zend/Pdf/Resource/Font/Simple/Standard TimesBoldItalic.php
2011.07.09 00:15 B F:\xampp\htdocs\zendLibrary\Zend\Pdf\Resource\Font\Simple\Standard\TimesItalic.php --> ftp.radiofone.com.br /public_html/radiofone/zendLibrary/Zend/Pdf/Resource/Font/Simple/Standard TimesItalic.php
2011.07.09 00:15 B F:\xampp\htdocs\zendLibrary\Zend\Pdf\Resource\Font\Simple\Standard\TimesRoman.php --> ftp.radiofone.com.br /public_html/radiofone/zendLibrary/Zend/Pdf/Resource/Font/Simple/Standard TimesRoman.php
2011.07.09 00:15 B F:\xampp\htdocs\zendLibrary\Zend\Pdf\Resource\Font\Simple\Standard\WS_FTP.LOG --> ftp.radiofone.com.br /public_html/radiofone/zendLibrary/Zend/Pdf/Resource/Font/Simple/Standard WS_FTP.LOG
2011.07.09 00:15 B F:\xampp\htdocs\zendLibrary\Zend\Pdf\Resource\Font\Simple\Standard\ZapfDingbats.php --> ftp.radiofone.com.br /public_html/radiofone/zendLibrary/Zend/Pdf/Resource/Font/Simple/Standard ZapfDingbats.php
2011.07.09 00:50 B F:\xampp\htdocs\zendLibrary\Zend\Pdf\Resource\Font\Simple\Standard\WS_FTP.LOG --> ftp.radiofone.com.br /public_html/radiofone/zendLibrary/Zend/Pdf/Resource/Font/Simple/Standard WS_FTP.LOG
2011.07.26 23:04 B F:\xampp\htdocs\zendLibrary\Zend\Pdf\Resource\Font\Simple\Standard\Courier.php --> ftp.sobrafo.org.br /public_html/zendLibrary/Zend/Pdf/Resource/Font/Simple/Standard Courier.php
2011.07.26 23:04 B F:\xampp\htdocs\zendLibrary\Zend\Pdf\Resource\Font\Simple\Standard\CourierBold.php --> ftp.sobrafo.org.br /public_html/zendLibrary/Zend/Pdf/Resource/Font/Simple/Standard CourierBold.php
2011.07.26 23:04 B F:\xampp\htdocs\zendLibrary\Zend\Pdf\Resource\Font\Simple\Standard\CourierBoldOblique.php --> ftp.sobrafo.org.br /public_html/zendLibrary/Zend/Pdf/Resource/Font/Simple/Standard CourierBoldOblique.php
2011.07.26 23:04 B F:\xampp\htdocs\zendLibrary\Zend\Pdf\Resource\Font\Simple\Standard\CourierOblique.php --> ftp.sobrafo.org.br /public_html/zendLibrary/Zend/Pdf/Resource/Font/Simple/Standard CourierOblique.php
2011.07.26 23:04 B F:\xampp\htdocs\zendLibrary\Zend\Pdf\Resource\Font\Simple\Standard\Helvetica.php --> ftp.sobrafo.org.br /public_html/zendLibrary/Zend/Pdf/Resource/Font/Simple/Standard Helvetica.php
2011.07.26 23:04 B F:\xampp\htdocs\zendLibrary\Zend\Pdf\Resource\Font\Simple\Standard\HelveticaBold.php --> ftp.sobrafo.org.br /public_html/zendLibrary/Zend/Pdf/Resource/Font/Simple/Standard HelveticaBold.php
2011.07.26 23:04 B F:\xampp\htdocs\zendLibrary\Zend\Pdf\Resource\Font\Simple\Standard\HelveticaBoldOblique.php --> ftp.sobrafo.org.br /public_html/zendLibrary/Zend/Pdf/Resource/Font/Simple/Standard HelveticaBoldOblique.php
2011.07.26 23:04 B F:\xampp\htdocs\zendLibrary\Zend\Pdf\Resource\Font\Simple\Standard\HelveticaOblique.php --> ftp.sobrafo.org.br /public_html/zendLibrary/Zend/Pdf/Resource/Font/Simple/Standard HelveticaOblique.php
2011.07.26 23:04 B F:\xampp\htdocs\zendLibrary\Zend\Pdf\Resource\Font\Simple\Standard\Symbol.php --> ftp.sobrafo.org.br /public_html/zendLibrary/Zend/Pdf/Resource/Font/Simple/Standard Symbol.php
2011.07.26 23:04 B F:\xampp\htdocs\zendLibrary\Zend\Pdf\Resource\Font\Simple\Standard\TimesBold.php --> ftp.sobrafo.org.br /public_html/zendLibrary/Zend/Pdf/Resource/Font/Simple/Standard TimesBold.php
2011.07.26 23:04 B F:\xampp\htdocs\zendLibrary\Zend\Pdf\Resource\Font\Simple\Standard\TimesBoldItalic.php --> ftp.sobrafo.org.br /public_html/zendLibrary/Zend/Pdf/Resource/Font/Simple/Standard TimesBoldItalic.php
2011.07.26 23:04 B F:\xampp\htdocs\zendLibrary\Zend\Pdf\Resource\Font\Simple\Standard\TimesItalic.php --> ftp.sobrafo.org.br /public_html/zendLibrary/Zend/Pdf/Resource/Font/Simple/Standard TimesItalic.php
2011.07.26 23:04 B F:\xampp\htdocs\zendLibrary\Zend\Pdf\Resource\Font\Simple\Standard\TimesRoman.php --> ftp.sobrafo.org.br /public_html/zendLibrary/Zend/Pdf/Resource/Font/Simple/Standard TimesRoman.php
2011.07.26 23:04 B F:\xampp\htdocs\zendLibrary\Zend\Pdf\Resource\Font\Simple\Standard\WS_FTP.LOG --> ftp.sobrafo.org.br /public_html/zendLibrary/Zend/Pdf/Resource/Font/Simple/Standard WS_FTP.LOG
2011.07.26 23:04 B F:\xampp\htdocs\zendLibrary\Zend\Pdf\Resource\Font\Simple\Standard\ZapfDingbats.php --> ftp.sobrafo.org.br /public_html/zendLibrary/Zend/Pdf/Resource/Font/Simple/Standard ZapfDingbats.php
2011.08.09 17:24 B F:\xampp\htdocs\ZendLibrary\Zend\Pdf\Resource\Font\Simple\Standard\Courier.php --> ftp.amfar.com.br /public_html/ZendLibrary/Zend/Pdf/Resource/Font/Simple/Standard Courier.php
2011.08.09 17:24 B F:\xampp\htdocs\ZendLibrary\Zend\Pdf\Resource\Font\Simple\Standard\CourierBold.php --> ftp.amfar.com.br /public_html/ZendLibrary/Zend/Pdf/Resource/Font/Simple/Standard CourierBold.php
2011.08.09 17:24 B F:\xampp\htdocs\ZendLibrary\Zend\Pdf\Resource\Font\Simple\Standard\CourierBoldOblique.php --> ftp.amfar.com.br /public_html/ZendLibrary/Zend/Pdf/Resource/Font/Simple/Standard CourierBoldOblique.php
2011.08.09 17:24 B F:\xampp\htdocs\ZendLibrary\Zend\Pdf\Resource\Font\Simple\Standard\CourierOblique.php --> ftp.amfar.com.br /public_html/ZendLibrary/Zend/Pdf/Resource/Font/Simple/Standard CourierOblique.php
2011.08.09 17:24 B F:\xampp\htdocs\ZendLibrary\Zend\Pdf\Resource\Font\Simple\Standard\Helvetica.php --> ftp.amfar.com.br /public_html/ZendLibrary/Zend/Pdf/Resource/Font/Simple/Standard Helvetica.php
2011.08.09 17:24 B F:\xampp\htdocs\ZendLibrary\Zend\Pdf\Resource\Font\Simple\Standard\HelveticaBold.php --> ftp.amfar.com.br /public_html/ZendLibrary/Zend/Pdf/Resource/Font/Simple/Standard HelveticaBold.php
2011.08.09 17:24 B F:\xampp\htdocs\ZendLibrary\Zend\Pdf\Resource\Font\Simple\Standard\HelveticaBoldOblique.php --> ftp.amfar.com.br /public_html/ZendLibrary/Zend/Pdf/Resource/Font/Simple/Standard HelveticaBoldOblique.php
2011.08.09 17:24 B F:\xampp\htdocs\ZendLibrary\Zend\Pdf\Resource\Font\Simple\Standard\HelveticaOblique.php --> ftp.amfar.com.br /public_html/ZendLibrary/Zend/Pdf/Resource/Font/Simple/Standard HelveticaOblique.php
2011.08.09 17:24 B F:\xampp\htdocs\ZendLibrary\Zend\Pdf\Resource\Font\Simple\Standard\Symbol.php --> ftp.amfar.com.br /public_html/ZendLibrary/Zend/Pdf/Resource/Font/Simple/Standard Symbol.php
2011.08.09 17:24 B F:\xampp\htdocs\ZendLibrary\Zend\Pdf\Resource\Font\Simple\Standard\TimesBold.php --> ftp.amfar.com.br /public_html/ZendLibrary/Zend/Pdf/Resource/Font/Simple/Standard TimesBold.php
2011.08.09 17:24 B F:\xampp\htdocs\ZendLibrary\Zend\Pdf\Resource\Font\Simple\Standard\TimesBoldItalic.php --> ftp.amfar.com.br /public_html/ZendLibrary/Zend/Pdf/Resource/Font/Simple/Standard TimesBoldItalic.php
2011.08.09 17:24 B F:\xampp\htdocs\ZendLibrary\Zend\Pdf\Resource\Font\Simple\Standard\TimesItalic.php --> ftp.amfar.com.br /public_html/ZendLibrary/Zend/Pdf/Resource/Font/Simple/Standard TimesItalic.php
2011.08.09 17:24 B F:\xampp\htdocs\ZendLibrary\Zend\Pdf\Resource\Font\Simple\Standard\TimesRoman.php --> ftp.amfar.com.br /public_html/ZendLibrary/Zend/Pdf/Resource/Font/Simple/Standard TimesRoman.php
