2011.06.20 18:56 B F:\xampp\htdocs\zf-tutorial\library\Zend\Tool\Project\Provider\Abstract.php --> ftp.portalridgid.com.br /public_html/zf-tutorial/library/Zend/Tool/Project/Provider Abstract.php
2011.06.20 18:57 B F:\xampp\htdocs\zf-tutorial\library\Zend\Tool\Project\Provider\Action.php --> ftp.portalridgid.com.br /public_html/zf-tutorial/library/Zend/Tool/Project/Provider Action.php
2011.06.20 18:57 B F:\xampp\htdocs\zf-tutorial\library\Zend\Tool\Project\Provider\Application.php --> ftp.portalridgid.com.br /public_html/zf-tutorial/library/Zend/Tool/Project/Provider Application.php
2011.06.20 18:57 B F:\xampp\htdocs\zf-tutorial\library\Zend\Tool\Project\Provider\Controller.php --> ftp.portalridgid.com.br /public_html/zf-tutorial/library/Zend/Tool/Project/Provider Controller.php
2011.06.20 18:57 B F:\xampp\htdocs\zf-tutorial\library\Zend\Tool\Project\Provider\DbAdapter.php --> ftp.portalridgid.com.br /public_html/zf-tutorial/library/Zend/Tool/Project/Provider DbAdapter.php
2011.06.20 18:57 B F:\xampp\htdocs\zf-tutorial\library\Zend\Tool\Project\Provider\DbTable.php --> ftp.portalridgid.com.br /public_html/zf-tutorial/library/Zend/Tool/Project/Provider DbTable.php
2011.06.20 18:57 B F:\xampp\htdocs\zf-tutorial\library\Zend\Tool\Project\Provider\Exception.php --> ftp.portalridgid.com.br /public_html/zf-tutorial/library/Zend/Tool/Project/Provider Exception.php
2011.06.20 18:57 B F:\xampp\htdocs\zf-tutorial\library\Zend\Tool\Project\Provider\Form.php --> ftp.portalridgid.com.br /public_html/zf-tutorial/library/Zend/Tool/Project/Provider Form.php
2011.06.20 18:57 B F:\xampp\htdocs\zf-tutorial\library\Zend\Tool\Project\Provider\Layout.php --> ftp.portalridgid.com.br /public_html/zf-tutorial/library/Zend/Tool/Project/Provider Layout.php
2011.06.20 18:57 B F:\xampp\htdocs\zf-tutorial\library\Zend\Tool\Project\Provider\Manifest.php --> ftp.portalridgid.com.br /public_html/zf-tutorial/library/Zend/Tool/Project/Provider Manifest.php
2011.06.20 18:57 B F:\xampp\htdocs\zf-tutorial\library\Zend\Tool\Project\Provider\Model.php --> ftp.portalridgid.com.br /public_html/zf-tutorial/library/Zend/Tool/Project/Provider Model.php
2011.06.20 18:57 B F:\xampp\htdocs\zf-tutorial\library\Zend\Tool\Project\Provider\Module.php --> ftp.portalridgid.com.br /public_html/zf-tutorial/library/Zend/Tool/Project/Provider Module.php
2011.06.20 18:57 B F:\xampp\htdocs\zf-tutorial\library\Zend\Tool\Project\Provider\Profile.php --> ftp.portalridgid.com.br /public_html/zf-tutorial/library/Zend/Tool/Project/Provider Profile.php
2011.06.20 18:57 B F:\xampp\htdocs\zf-tutorial\library\Zend\Tool\Project\Provider\Project.php --> ftp.portalridgid.com.br /public_html/zf-tutorial/library/Zend/Tool/Project/Provider Project.php
2011.06.20 18:57 B F:\xampp\htdocs\zf-tutorial\library\Zend\Tool\Project\Provider\ProjectProvider.php --> ftp.portalridgid.com.br /public_html/zf-tutorial/library/Zend/Tool/Project/Provider ProjectProvider.php
2011.06.20 18:57 B F:\xampp\htdocs\zf-tutorial\library\Zend\Tool\Project\Provider\Test.php --> ftp.portalridgid.com.br /public_html/zf-tutorial/library/Zend/Tool/Project/Provider Test.php
2011.06.20 18:57 B F:\xampp\htdocs\zf-tutorial\library\Zend\Tool\Project\Provider\View.php --> ftp.portalridgid.com.br /public_html/zf-tutorial/library/Zend/Tool/Project/Provider View.php
2011.06.30 03:46 B F:\xampp\htdocs\zendLibrary\Zend\Tool\Project\Provider\WS_FTP.LOG --> ftp.sbrafh.org.br /sbrafh/Web/zendLibrary/Zend/Tool/Project/Provider WS_FTP.LOG
2011.06.30 03:46 B F:\xampp\htdocs\zendLibrary\Zend\Tool\Project\Provider\Controller.php --> ftp.sbrafh.org.br /sbrafh/Web/zendLibrary/Zend/Tool/Project/Provider Controller.php
2011.06.30 03:46 B F:\xampp\htdocs\zendLibrary\Zend\Tool\Project\Provider\View.php --> ftp.sbrafh.org.br /sbrafh/Web/zendLibrary/Zend/Tool/Project/Provider View.php
2011.06.30 03:46 B F:\xampp\htdocs\zendLibrary\Zend\Tool\Project\Provider\Test.php --> ftp.sbrafh.org.br /sbrafh/Web/zendLibrary/Zend/Tool/Project/Provider Test.php
2011.06.30 03:46 B F:\xampp\htdocs\zendLibrary\Zend\Tool\Project\Provider\ProjectProvider.php --> ftp.sbrafh.org.br /sbrafh/Web/zendLibrary/Zend/Tool/Project/Provider ProjectProvider.php
2011.06.30 03:47 B F:\xampp\htdocs\zendLibrary\Zend\Tool\Project\Provider\Project.php --> ftp.sbrafh.org.br /sbrafh/Web/zendLibrary/Zend/Tool/Project/Provider Project.php
2011.06.30 03:47 B F:\xampp\htdocs\zendLibrary\Zend\Tool\Project\Provider\Profile.php --> ftp.sbrafh.org.br /sbrafh/Web/zendLibrary/Zend/Tool/Project/Provider Profile.php
2011.06.30 03:47 B F:\xampp\htdocs\zendLibrary\Zend\Tool\Project\Provider\Module.php --> ftp.sbrafh.org.br /sbrafh/Web/zendLibrary/Zend/Tool/Project/Provider Module.php
2011.06.30 03:47 B F:\xampp\htdocs\zendLibrary\Zend\Tool\Project\Provider\Model.php --> ftp.sbrafh.org.br /sbrafh/Web/zendLibrary/Zend/Tool/Project/Provider Model.php
2011.06.30 03:47 B F:\xampp\htdocs\zendLibrary\Zend\Tool\Project\Provider\Manifest.php --> ftp.sbrafh.org.br /sbrafh/Web/zendLibrary/Zend/Tool/Project/Provider Manifest.php
2011.06.30 03:47 B F:\xampp\htdocs\zendLibrary\Zend\Tool\Project\Provider\Layout.php --> ftp.sbrafh.org.br /sbrafh/Web/zendLibrary/Zend/Tool/Project/Provider Layout.php
2011.06.30 03:47 B F:\xampp\htdocs\zendLibrary\Zend\Tool\Project\Provider\Form.php --> ftp.sbrafh.org.br /sbrafh/Web/zendLibrary/Zend/Tool/Project/Provider Form.php
2011.06.30 03:47 B F:\xampp\htdocs\zendLibrary\Zend\Tool\Project\Provider\Exception.php --> ftp.sbrafh.org.br /sbrafh/Web/zendLibrary/Zend/Tool/Project/Provider Exception.php
2011.06.30 03:47 B F:\xampp\htdocs\zendLibrary\Zend\Tool\Project\Provider\DbTable.php --> ftp.sbrafh.org.br /sbrafh/Web/zendLibrary/Zend/Tool/Project/Provider DbTable.php
2011.06.30 03:47 B F:\xampp\htdocs\zendLibrary\Zend\Tool\Project\Provider\DbAdapter.php --> ftp.sbrafh.org.br /sbrafh/Web/zendLibrary/Zend/Tool/Project/Provider DbAdapter.php
2011.06.30 03:47 B F:\xampp\htdocs\zendLibrary\Zend\Tool\Project\Provider\Application.php --> ftp.sbrafh.org.br /sbrafh/Web/zendLibrary/Zend/Tool/Project/Provider Application.php
2011.06.30 03:47 B F:\xampp\htdocs\zendLibrary\Zend\Tool\Project\Provider\Action.php --> ftp.sbrafh.org.br /sbrafh/Web/zendLibrary/Zend/Tool/Project/Provider Action.php
2011.06.30 03:47 B F:\xampp\htdocs\zendLibrary\Zend\Tool\Project\Provider\Abstract.php --> ftp.sbrafh.org.br /sbrafh/Web/zendLibrary/Zend/Tool/Project/Provider Abstract.php
2011.07.09 00:24 B F:\xampp\htdocs\zendLibrary\Zend\Tool\Project\Provider\Abstract.php --> ftp.radiofone.com.br /public_html/radiofone/zendLibrary/Zend/Tool/Project/Provider Abstract.php
2011.07.09 00:24 B F:\xampp\htdocs\zendLibrary\Zend\Tool\Project\Provider\Action.php --> ftp.radiofone.com.br /public_html/radiofone/zendLibrary/Zend/Tool/Project/Provider Action.php
2011.07.09 00:24 B F:\xampp\htdocs\zendLibrary\Zend\Tool\Project\Provider\Application.php --> ftp.radiofone.com.br /public_html/radiofone/zendLibrary/Zend/Tool/Project/Provider Application.php
2011.07.09 00:24 B F:\xampp\htdocs\zendLibrary\Zend\Tool\Project\Provider\Controller.php --> ftp.radiofone.com.br /public_html/radiofone/zendLibrary/Zend/Tool/Project/Provider Controller.php
2011.07.09 00:24 B F:\xampp\htdocs\zendLibrary\Zend\Tool\Project\Provider\DbAdapter.php --> ftp.radiofone.com.br /public_html/radiofone/zendLibrary/Zend/Tool/Project/Provider DbAdapter.php
2011.07.09 00:24 B F:\xampp\htdocs\zendLibrary\Zend\Tool\Project\Provider\DbTable.php --> ftp.radiofone.com.br /public_html/radiofone/zendLibrary/Zend/Tool/Project/Provider DbTable.php
2011.07.09 00:24 B F:\xampp\htdocs\zendLibrary\Zend\Tool\Project\Provider\Exception.php --> ftp.radiofone.com.br /public_html/radiofone/zendLibrary/Zend/Tool/Project/Provider Exception.php
2011.07.09 00:24 B F:\xampp\htdocs\zendLibrary\Zend\Tool\Project\Provider\Form.php --> ftp.radiofone.com.br /public_html/radiofone/zendLibrary/Zend/Tool/Project/Provider Form.php
2011.07.09 00:24 B F:\xampp\htdocs\zendLibrary\Zend\Tool\Project\Provider\Layout.php --> ftp.radiofone.com.br /public_html/radiofone/zendLibrary/Zend/Tool/Project/Provider Layout.php
2011.07.09 00:24 B F:\xampp\htdocs\zendLibrary\Zend\Tool\Project\Provider\Manifest.php --> ftp.radiofone.com.br /public_html/radiofone/zendLibrary/Zend/Tool/Project/Provider Manifest.php
2011.07.09 00:24 B F:\xampp\htdocs\zendLibrary\Zend\Tool\Project\Provider\Model.php --> ftp.radiofone.com.br /public_html/radiofone/zendLibrary/Zend/Tool/Project/Provider Model.php
2011.07.09 00:24 B F:\xampp\htdocs\zendLibrary\Zend\Tool\Project\Provider\Module.php --> ftp.radiofone.com.br /public_html/radiofone/zendLibrary/Zend/Tool/Project/Provider Module.php
2011.07.09 00:24 B F:\xampp\htdocs\zendLibrary\Zend\Tool\Project\Provider\Profile.php --> ftp.radiofone.com.br /public_html/radiofone/zendLibrary/Zend/Tool/Project/Provider Profile.php
2011.07.09 00:24 B F:\xampp\htdocs\zendLibrary\Zend\Tool\Project\Provider\Project.php --> ftp.radiofone.com.br /public_html/radiofone/zendLibrary/Zend/Tool/Project/Provider Project.php
2011.07.09 00:24 B F:\xampp\htdocs\zendLibrary\Zend\Tool\Project\Provider\ProjectProvider.php --> ftp.radiofone.com.br /public_html/radiofone/zendLibrary/Zend/Tool/Project/Provider ProjectProvider.php
2011.07.09 00:24 B F:\xampp\htdocs\zendLibrary\Zend\Tool\Project\Provider\Test.php --> ftp.radiofone.com.br /public_html/radiofone/zendLibrary/Zend/Tool/Project/Provider Test.php
2011.07.09 00:24 B F:\xampp\htdocs\zendLibrary\Zend\Tool\Project\Provider\View.php --> ftp.radiofone.com.br /public_html/radiofone/zendLibrary/Zend/Tool/Project/Provider View.php
2011.07.09 00:24 B F:\xampp\htdocs\zendLibrary\Zend\Tool\Project\Provider\WS_FTP.LOG --> ftp.radiofone.com.br /public_html/radiofone/zendLibrary/Zend/Tool/Project/Provider WS_FTP.LOG
2011.07.26 23:13 B F:\xampp\htdocs\zendLibrary\Zend\Tool\Project\Provider\Abstract.php --> ftp.sobrafo.org.br /public_html/zendLibrary/Zend/Tool/Project/Provider Abstract.php
2011.07.26 23:13 B F:\xampp\htdocs\zendLibrary\Zend\Tool\Project\Provider\Action.php --> ftp.sobrafo.org.br /public_html/zendLibrary/Zend/Tool/Project/Provider Action.php
2011.07.26 23:13 B F:\xampp\htdocs\zendLibrary\Zend\Tool\Project\Provider\Application.php --> ftp.sobrafo.org.br /public_html/zendLibrary/Zend/Tool/Project/Provider Application.php
2011.07.26 23:13 B F:\xampp\htdocs\zendLibrary\Zend\Tool\Project\Provider\Controller.php --> ftp.sobrafo.org.br /public_html/zendLibrary/Zend/Tool/Project/Provider Controller.php
2011.07.26 23:13 B F:\xampp\htdocs\zendLibrary\Zend\Tool\Project\Provider\DbAdapter.php --> ftp.sobrafo.org.br /public_html/zendLibrary/Zend/Tool/Project/Provider DbAdapter.php
2011.07.26 23:13 B F:\xampp\htdocs\zendLibrary\Zend\Tool\Project\Provider\DbTable.php --> ftp.sobrafo.org.br /public_html/zendLibrary/Zend/Tool/Project/Provider DbTable.php
2011.07.26 23:13 B F:\xampp\htdocs\zendLibrary\Zend\Tool\Project\Provider\Exception.php --> ftp.sobrafo.org.br /public_html/zendLibrary/Zend/Tool/Project/Provider Exception.php
2011.07.26 23:13 B F:\xampp\htdocs\zendLibrary\Zend\Tool\Project\Provider\Form.php --> ftp.sobrafo.org.br /public_html/zendLibrary/Zend/Tool/Project/Provider Form.php
2011.07.26 23:13 B F:\xampp\htdocs\zendLibrary\Zend\Tool\Project\Provider\Layout.php --> ftp.sobrafo.org.br /public_html/zendLibrary/Zend/Tool/Project/Provider Layout.php
2011.07.26 23:13 B F:\xampp\htdocs\zendLibrary\Zend\Tool\Project\Provider\Manifest.php --> ftp.sobrafo.org.br /public_html/zendLibrary/Zend/Tool/Project/Provider Manifest.php
2011.07.26 23:13 B F:\xampp\htdocs\zendLibrary\Zend\Tool\Project\Provider\Model.php --> ftp.sobrafo.org.br /public_html/zendLibrary/Zend/Tool/Project/Provider Model.php
2011.07.26 23:13 B F:\xampp\htdocs\zendLibrary\Zend\Tool\Project\Provider\Module.php --> ftp.sobrafo.org.br /public_html/zendLibrary/Zend/Tool/Project/Provider Module.php
2011.07.26 23:13 B F:\xampp\htdocs\zendLibrary\Zend\Tool\Project\Provider\Profile.php --> ftp.sobrafo.org.br /public_html/zendLibrary/Zend/Tool/Project/Provider Profile.php
2011.07.26 23:13 B F:\xampp\htdocs\zendLibrary\Zend\Tool\Project\Provider\Project.php --> ftp.sobrafo.org.br /public_html/zendLibrary/Zend/Tool/Project/Provider Project.php
2011.07.26 23:13 B F:\xampp\htdocs\zendLibrary\Zend\Tool\Project\Provider\ProjectProvider.php --> ftp.sobrafo.org.br /public_html/zendLibrary/Zend/Tool/Project/Provider ProjectProvider.php
2011.07.26 23:13 B F:\xampp\htdocs\zendLibrary\Zend\Tool\Project\Provider\Test.php --> ftp.sobrafo.org.br /public_html/zendLibrary/Zend/Tool/Project/Provider Test.php
2011.07.26 23:13 B F:\xampp\htdocs\zendLibrary\Zend\Tool\Project\Provider\View.php --> ftp.sobrafo.org.br /public_html/zendLibrary/Zend/Tool/Project/Provider View.php
2011.07.26 23:13 B F:\xampp\htdocs\zendLibrary\Zend\Tool\Project\Provider\WS_FTP.LOG --> ftp.sobrafo.org.br /public_html/zendLibrary/Zend/Tool/Project/Provider WS_FTP.LOG
2011.08.09 17:33 B F:\xampp\htdocs\ZendLibrary\Zend\Tool\Project\Provider\Abstract.php --> ftp.amfar.com.br /public_html/ZendLibrary/Zend/Tool/Project/Provider Abstract.php
2011.08.09 17:33 B F:\xampp\htdocs\ZendLibrary\Zend\Tool\Project\Provider\Action.php --> ftp.amfar.com.br /public_html/ZendLibrary/Zend/Tool/Project/Provider Action.php
2011.08.09 17:33 B F:\xampp\htdocs\ZendLibrary\Zend\Tool\Project\Provider\Application.php --> ftp.amfar.com.br /public_html/ZendLibrary/Zend/Tool/Project/Provider Application.php
2011.08.09 17:33 B F:\xampp\htdocs\ZendLibrary\Zend\Tool\Project\Provider\Controller.php --> ftp.amfar.com.br /public_html/ZendLibrary/Zend/Tool/Project/Provider Controller.php
2011.08.09 17:33 B F:\xampp\htdocs\ZendLibrary\Zend\Tool\Project\Provider\DbAdapter.php --> ftp.amfar.com.br /public_html/ZendLibrary/Zend/Tool/Project/Provider DbAdapter.php
2011.08.09 17:33 B F:\xampp\htdocs\ZendLibrary\Zend\Tool\Project\Provider\DbTable.php --> ftp.amfar.com.br /public_html/ZendLibrary/Zend/Tool/Project/Provider DbTable.php
2011.08.09 17:33 B F:\xampp\htdocs\ZendLibrary\Zend\Tool\Project\Provider\Exception.php --> ftp.amfar.com.br /public_html/ZendLibrary/Zend/Tool/Project/Provider Exception.php
2011.08.09 17:33 B F:\xampp\htdocs\ZendLibrary\Zend\Tool\Project\Provider\Form.php --> ftp.amfar.com.br /public_html/ZendLibrary/Zend/Tool/Project/Provider Form.php
2011.08.09 17:33 B F:\xampp\htdocs\ZendLibrary\Zend\Tool\Project\Provider\Layout.php --> ftp.amfar.com.br /public_html/ZendLibrary/Zend/Tool/Project/Provider Layout.php
2011.08.09 17:33 B F:\xampp\htdocs\ZendLibrary\Zend\Tool\Project\Provider\Manifest.php --> ftp.amfar.com.br /public_html/ZendLibrary/Zend/Tool/Project/Provider Manifest.php
2011.08.09 17:33 B F:\xampp\htdocs\ZendLibrary\Zend\Tool\Project\Provider\Model.php --> ftp.amfar.com.br /public_html/ZendLibrary/Zend/Tool/Project/Provider Model.php
2011.08.09 17:33 B F:\xampp\htdocs\ZendLibrary\Zend\Tool\Project\Provider\Module.php --> ftp.amfar.com.br /public_html/ZendLibrary/Zend/Tool/Project/Provider Module.php
2011.08.09 17:33 B F:\xampp\htdocs\ZendLibrary\Zend\Tool\Project\Provider\Profile.php --> ftp.amfar.com.br /public_html/ZendLibrary/Zend/Tool/Project/Provider Profile.php
2011.08.09 17:33 B F:\xampp\htdocs\ZendLibrary\Zend\Tool\Project\Provider\Project.php --> ftp.amfar.com.br /public_html/ZendLibrary/Zend/Tool/Project/Provider Project.php
2011.08.09 17:33 B F:\xampp\htdocs\ZendLibrary\Zend\Tool\Project\Provider\ProjectProvider.php --> ftp.amfar.com.br /public_html/ZendLibrary/Zend/Tool/Project/Provider ProjectProvider.php
2011.08.09 17:33 B F:\xampp\htdocs\ZendLibrary\Zend\Tool\Project\Provider\Test.php --> ftp.amfar.com.br /public_html/ZendLibrary/Zend/Tool/Project/Provider Test.php
2011.08.09 17:33 B F:\xampp\htdocs\ZendLibrary\Zend\Tool\Project\Provider\View.php --> ftp.amfar.com.br /public_html/ZendLibrary/Zend/Tool/Project/Provider View.php
