2011.06.20 18:38 B F:\xampp\htdocs\zf-tutorial\library\Zend\Gdata\Media\Extension\MediaCategory.php --> ftp.portalridgid.com.br /public_html/zf-tutorial/library/Zend/Gdata/Media/Extension MediaCategory.php
2011.06.20 18:38 B F:\xampp\htdocs\zf-tutorial\library\Zend\Gdata\Media\Extension\MediaContent.php --> ftp.portalridgid.com.br /public_html/zf-tutorial/library/Zend/Gdata/Media/Extension MediaContent.php
2011.06.20 18:38 B F:\xampp\htdocs\zf-tutorial\library\Zend\Gdata\Media\Extension\MediaCopyright.php --> ftp.portalridgid.com.br /public_html/zf-tutorial/library/Zend/Gdata/Media/Extension MediaCopyright.php
2011.06.20 18:38 B F:\xampp\htdocs\zf-tutorial\library\Zend\Gdata\Media\Extension\MediaCredit.php --> ftp.portalridgid.com.br /public_html/zf-tutorial/library/Zend/Gdata/Media/Extension MediaCredit.php
2011.06.20 18:38 B F:\xampp\htdocs\zf-tutorial\library\Zend\Gdata\Media\Extension\MediaDescription.php --> ftp.portalridgid.com.br /public_html/zf-tutorial/library/Zend/Gdata/Media/Extension MediaDescription.php
2011.06.20 18:38 B F:\xampp\htdocs\zf-tutorial\library\Zend\Gdata\Media\Extension\MediaGroup.php --> ftp.portalridgid.com.br /public_html/zf-tutorial/library/Zend/Gdata/Media/Extension MediaGroup.php
2011.06.20 18:38 B F:\xampp\htdocs\zf-tutorial\library\Zend\Gdata\Media\Extension\MediaHash.php --> ftp.portalridgid.com.br /public_html/zf-tutorial/library/Zend/Gdata/Media/Extension MediaHash.php
2011.06.20 18:38 B F:\xampp\htdocs\zf-tutorial\library\Zend\Gdata\Media\Extension\MediaKeywords.php --> ftp.portalridgid.com.br /public_html/zf-tutorial/library/Zend/Gdata/Media/Extension MediaKeywords.php
2011.06.20 18:38 B F:\xampp\htdocs\zf-tutorial\library\Zend\Gdata\Media\Extension\MediaPlayer.php --> ftp.portalridgid.com.br /public_html/zf-tutorial/library/Zend/Gdata/Media/Extension MediaPlayer.php
2011.06.20 18:38 B F:\xampp\htdocs\zf-tutorial\library\Zend\Gdata\Media\Extension\MediaRating.php --> ftp.portalridgid.com.br /public_html/zf-tutorial/library/Zend/Gdata/Media/Extension MediaRating.php
2011.06.20 18:38 B F:\xampp\htdocs\zf-tutorial\library\Zend\Gdata\Media\Extension\MediaRestriction.php --> ftp.portalridgid.com.br /public_html/zf-tutorial/library/Zend/Gdata/Media/Extension MediaRestriction.php
2011.06.20 18:38 B F:\xampp\htdocs\zf-tutorial\library\Zend\Gdata\Media\Extension\MediaText.php --> ftp.portalridgid.com.br /public_html/zf-tutorial/library/Zend/Gdata/Media/Extension MediaText.php
2011.06.20 18:38 B F:\xampp\htdocs\zf-tutorial\library\Zend\Gdata\Media\Extension\MediaThumbnail.php --> ftp.portalridgid.com.br /public_html/zf-tutorial/library/Zend/Gdata/Media/Extension MediaThumbnail.php
2011.06.20 18:38 B F:\xampp\htdocs\zf-tutorial\library\Zend\Gdata\Media\Extension\MediaTitle.php --> ftp.portalridgid.com.br /public_html/zf-tutorial/library/Zend/Gdata/Media/Extension MediaTitle.php
2011.06.30 03:34 B F:\xampp\htdocs\zendLibrary\Zend\Gdata\Media\Extension\WS_FTP.LOG --> ftp.sbrafh.org.br /sbrafh/Web/zendLibrary/Zend/Gdata/Media/Extension WS_FTP.LOG
2011.06.30 03:34 B F:\xampp\htdocs\zendLibrary\Zend\Gdata\Media\Extension\MediaTitle.php --> ftp.sbrafh.org.br /sbrafh/Web/zendLibrary/Zend/Gdata/Media/Extension MediaTitle.php
2011.06.30 03:34 B F:\xampp\htdocs\zendLibrary\Zend\Gdata\Media\Extension\MediaThumbnail.php --> ftp.sbrafh.org.br /sbrafh/Web/zendLibrary/Zend/Gdata/Media/Extension MediaThumbnail.php
2011.06.30 03:34 B F:\xampp\htdocs\zendLibrary\Zend\Gdata\Media\Extension\MediaText.php --> ftp.sbrafh.org.br /sbrafh/Web/zendLibrary/Zend/Gdata/Media/Extension MediaText.php
2011.06.30 03:34 B F:\xampp\htdocs\zendLibrary\Zend\Gdata\Media\Extension\MediaRestriction.php --> ftp.sbrafh.org.br /sbrafh/Web/zendLibrary/Zend/Gdata/Media/Extension MediaRestriction.php
2011.06.30 03:34 B F:\xampp\htdocs\zendLibrary\Zend\Gdata\Media\Extension\MediaRating.php --> ftp.sbrafh.org.br /sbrafh/Web/zendLibrary/Zend/Gdata/Media/Extension MediaRating.php
2011.06.30 03:34 B F:\xampp\htdocs\zendLibrary\Zend\Gdata\Media\Extension\MediaPlayer.php --> ftp.sbrafh.org.br /sbrafh/Web/zendLibrary/Zend/Gdata/Media/Extension MediaPlayer.php
2011.06.30 03:34 B F:\xampp\htdocs\zendLibrary\Zend\Gdata\Media\Extension\MediaKeywords.php --> ftp.sbrafh.org.br /sbrafh/Web/zendLibrary/Zend/Gdata/Media/Extension MediaKeywords.php
2011.06.30 03:34 B F:\xampp\htdocs\zendLibrary\Zend\Gdata\Media\Extension\MediaHash.php --> ftp.sbrafh.org.br /sbrafh/Web/zendLibrary/Zend/Gdata/Media/Extension MediaHash.php
2011.06.30 03:34 B F:\xampp\htdocs\zendLibrary\Zend\Gdata\Media\Extension\MediaGroup.php --> ftp.sbrafh.org.br /sbrafh/Web/zendLibrary/Zend/Gdata/Media/Extension MediaGroup.php
2011.06.30 03:34 B F:\xampp\htdocs\zendLibrary\Zend\Gdata\Media\Extension\MediaDescription.php --> ftp.sbrafh.org.br /sbrafh/Web/zendLibrary/Zend/Gdata/Media/Extension MediaDescription.php
2011.06.30 03:34 B F:\xampp\htdocs\zendLibrary\Zend\Gdata\Media\Extension\MediaCredit.php --> ftp.sbrafh.org.br /sbrafh/Web/zendLibrary/Zend/Gdata/Media/Extension MediaCredit.php
2011.06.30 03:34 B F:\xampp\htdocs\zendLibrary\Zend\Gdata\Media\Extension\MediaCopyright.php --> ftp.sbrafh.org.br /sbrafh/Web/zendLibrary/Zend/Gdata/Media/Extension MediaCopyright.php
2011.06.30 03:34 B F:\xampp\htdocs\zendLibrary\Zend\Gdata\Media\Extension\MediaContent.php --> ftp.sbrafh.org.br /sbrafh/Web/zendLibrary/Zend/Gdata/Media/Extension MediaContent.php
2011.06.30 03:34 B F:\xampp\htdocs\zendLibrary\Zend\Gdata\Media\Extension\MediaCategory.php --> ftp.sbrafh.org.br /sbrafh/Web/zendLibrary/Zend/Gdata/Media/Extension MediaCategory.php
2011.07.08 23:51 B F:\xampp\htdocs\zendLibrary\Zend\Gdata\Media\Extension\MediaCategory.php --> ftp.radiofone.com.br /public_html/radiofone/zendLibrary/Zend/Gdata/Media/Extension MediaCategory.php
2011.07.08 23:51 B F:\xampp\htdocs\zendLibrary\Zend\Gdata\Media\Extension\MediaContent.php --> ftp.radiofone.com.br /public_html/radiofone/zendLibrary/Zend/Gdata/Media/Extension MediaContent.php
2011.07.08 23:51 B F:\xampp\htdocs\zendLibrary\Zend\Gdata\Media\Extension\MediaCopyright.php --> ftp.radiofone.com.br /public_html/radiofone/zendLibrary/Zend/Gdata/Media/Extension MediaCopyright.php
2011.07.08 23:51 B F:\xampp\htdocs\zendLibrary\Zend\Gdata\Media\Extension\MediaCredit.php --> ftp.radiofone.com.br /public_html/radiofone/zendLibrary/Zend/Gdata/Media/Extension MediaCredit.php
2011.07.08 23:51 B F:\xampp\htdocs\zendLibrary\Zend\Gdata\Media\Extension\MediaDescription.php --> ftp.radiofone.com.br /public_html/radiofone/zendLibrary/Zend/Gdata/Media/Extension MediaDescription.php
2011.07.08 23:51 B F:\xampp\htdocs\zendLibrary\Zend\Gdata\Media\Extension\MediaGroup.php --> ftp.radiofone.com.br /public_html/radiofone/zendLibrary/Zend/Gdata/Media/Extension MediaGroup.php
2011.07.08 23:51 B F:\xampp\htdocs\zendLibrary\Zend\Gdata\Media\Extension\MediaHash.php --> ftp.radiofone.com.br /public_html/radiofone/zendLibrary/Zend/Gdata/Media/Extension MediaHash.php
2011.07.08 23:51 B F:\xampp\htdocs\zendLibrary\Zend\Gdata\Media\Extension\MediaKeywords.php --> ftp.radiofone.com.br /public_html/radiofone/zendLibrary/Zend/Gdata/Media/Extension MediaKeywords.php
2011.07.08 23:51 B F:\xampp\htdocs\zendLibrary\Zend\Gdata\Media\Extension\MediaPlayer.php --> ftp.radiofone.com.br /public_html/radiofone/zendLibrary/Zend/Gdata/Media/Extension MediaPlayer.php
2011.07.08 23:51 B F:\xampp\htdocs\zendLibrary\Zend\Gdata\Media\Extension\MediaRating.php --> ftp.radiofone.com.br /public_html/radiofone/zendLibrary/Zend/Gdata/Media/Extension MediaRating.php
2011.07.08 23:51 B F:\xampp\htdocs\zendLibrary\Zend\Gdata\Media\Extension\MediaRestriction.php --> ftp.radiofone.com.br /public_html/radiofone/zendLibrary/Zend/Gdata/Media/Extension MediaRestriction.php
2011.07.08 23:51 B F:\xampp\htdocs\zendLibrary\Zend\Gdata\Media\Extension\MediaText.php --> ftp.radiofone.com.br /public_html/radiofone/zendLibrary/Zend/Gdata/Media/Extension MediaText.php
2011.07.08 23:51 B F:\xampp\htdocs\zendLibrary\Zend\Gdata\Media\Extension\MediaThumbnail.php --> ftp.radiofone.com.br /public_html/radiofone/zendLibrary/Zend/Gdata/Media/Extension MediaThumbnail.php
2011.07.08 23:51 B F:\xampp\htdocs\zendLibrary\Zend\Gdata\Media\Extension\MediaTitle.php --> ftp.radiofone.com.br /public_html/radiofone/zendLibrary/Zend/Gdata/Media/Extension MediaTitle.php
2011.07.08 23:51 B F:\xampp\htdocs\zendLibrary\Zend\Gdata\Media\Extension\WS_FTP.LOG --> ftp.radiofone.com.br /public_html/radiofone/zendLibrary/Zend/Gdata/Media/Extension WS_FTP.LOG
2011.07.09 00:48 B F:\xampp\htdocs\zendLibrary\Zend\Gdata\Media\Extension\WS_FTP.LOG --> ftp.radiofone.com.br /public_html/radiofone/zendLibrary/Zend/Gdata/Media/Extension WS_FTP.LOG
2011.07.26 22:52 B F:\xampp\htdocs\zendLibrary\Zend\Gdata\Media\Extension\MediaCategory.php --> ftp.sobrafo.org.br /public_html/zendLibrary/Zend/Gdata/Media/Extension MediaCategory.php
2011.07.26 22:52 B F:\xampp\htdocs\zendLibrary\Zend\Gdata\Media\Extension\MediaContent.php --> ftp.sobrafo.org.br /public_html/zendLibrary/Zend/Gdata/Media/Extension MediaContent.php
2011.07.26 22:52 B F:\xampp\htdocs\zendLibrary\Zend\Gdata\Media\Extension\MediaCopyright.php --> ftp.sobrafo.org.br /public_html/zendLibrary/Zend/Gdata/Media/Extension MediaCopyright.php
2011.07.26 22:52 B F:\xampp\htdocs\zendLibrary\Zend\Gdata\Media\Extension\MediaCredit.php --> ftp.sobrafo.org.br /public_html/zendLibrary/Zend/Gdata/Media/Extension MediaCredit.php
2011.07.26 22:52 B F:\xampp\htdocs\zendLibrary\Zend\Gdata\Media\Extension\MediaDescription.php --> ftp.sobrafo.org.br /public_html/zendLibrary/Zend/Gdata/Media/Extension MediaDescription.php
2011.07.26 22:52 B F:\xampp\htdocs\zendLibrary\Zend\Gdata\Media\Extension\MediaGroup.php --> ftp.sobrafo.org.br /public_html/zendLibrary/Zend/Gdata/Media/Extension MediaGroup.php
2011.07.26 22:52 B F:\xampp\htdocs\zendLibrary\Zend\Gdata\Media\Extension\MediaHash.php --> ftp.sobrafo.org.br /public_html/zendLibrary/Zend/Gdata/Media/Extension MediaHash.php
2011.07.26 22:52 B F:\xampp\htdocs\zendLibrary\Zend\Gdata\Media\Extension\MediaKeywords.php --> ftp.sobrafo.org.br /public_html/zendLibrary/Zend/Gdata/Media/Extension MediaKeywords.php
2011.07.26 22:52 B F:\xampp\htdocs\zendLibrary\Zend\Gdata\Media\Extension\MediaPlayer.php --> ftp.sobrafo.org.br /public_html/zendLibrary/Zend/Gdata/Media/Extension MediaPlayer.php
2011.07.26 22:52 B F:\xampp\htdocs\zendLibrary\Zend\Gdata\Media\Extension\MediaRating.php --> ftp.sobrafo.org.br /public_html/zendLibrary/Zend/Gdata/Media/Extension MediaRating.php
2011.07.26 22:52 B F:\xampp\htdocs\zendLibrary\Zend\Gdata\Media\Extension\MediaRestriction.php --> ftp.sobrafo.org.br /public_html/zendLibrary/Zend/Gdata/Media/Extension MediaRestriction.php
2011.07.26 22:52 B F:\xampp\htdocs\zendLibrary\Zend\Gdata\Media\Extension\MediaText.php --> ftp.sobrafo.org.br /public_html/zendLibrary/Zend/Gdata/Media/Extension MediaText.php
2011.07.26 22:52 B F:\xampp\htdocs\zendLibrary\Zend\Gdata\Media\Extension\MediaThumbnail.php --> ftp.sobrafo.org.br /public_html/zendLibrary/Zend/Gdata/Media/Extension MediaThumbnail.php
2011.07.26 22:52 B F:\xampp\htdocs\zendLibrary\Zend\Gdata\Media\Extension\MediaTitle.php --> ftp.sobrafo.org.br /public_html/zendLibrary/Zend/Gdata/Media/Extension MediaTitle.php
2011.07.26 22:52 B F:\xampp\htdocs\zendLibrary\Zend\Gdata\Media\Extension\WS_FTP.LOG --> ftp.sobrafo.org.br /public_html/zendLibrary/Zend/Gdata/Media/Extension WS_FTP.LOG
2011.08.09 17:02 B F:\xampp\htdocs\ZendLibrary\Zend\Gdata\Media\Extension\MediaCategory.php --> ftp.amfar.com.br /public_html/ZendLibrary/Zend/Gdata/Media/Extension MediaCategory.php
2011.08.09 17:02 B F:\xampp\htdocs\ZendLibrary\Zend\Gdata\Media\Extension\MediaContent.php --> ftp.amfar.com.br /public_html/ZendLibrary/Zend/Gdata/Media/Extension MediaContent.php
2011.08.09 17:02 B F:\xampp\htdocs\ZendLibrary\Zend\Gdata\Media\Extension\MediaCopyright.php --> ftp.amfar.com.br /public_html/ZendLibrary/Zend/Gdata/Media/Extension MediaCopyright.php
2011.08.09 17:02 B F:\xampp\htdocs\ZendLibrary\Zend\Gdata\Media\Extension\MediaCredit.php --> ftp.amfar.com.br /public_html/ZendLibrary/Zend/Gdata/Media/Extension MediaCredit.php
2011.08.09 17:02 B F:\xampp\htdocs\ZendLibrary\Zend\Gdata\Media\Extension\MediaDescription.php --> ftp.amfar.com.br /public_html/ZendLibrary/Zend/Gdata/Media/Extension MediaDescription.php
2011.08.09 17:02 B F:\xampp\htdocs\ZendLibrary\Zend\Gdata\Media\Extension\MediaGroup.php --> ftp.amfar.com.br /public_html/ZendLibrary/Zend/Gdata/Media/Extension MediaGroup.php
2011.08.09 17:02 B F:\xampp\htdocs\ZendLibrary\Zend\Gdata\Media\Extension\MediaHash.php --> ftp.amfar.com.br /public_html/ZendLibrary/Zend/Gdata/Media/Extension MediaHash.php
2011.08.09 17:02 B F:\xampp\htdocs\ZendLibrary\Zend\Gdata\Media\Extension\MediaKeywords.php --> ftp.amfar.com.br /public_html/ZendLibrary/Zend/Gdata/Media/Extension MediaKeywords.php
2011.08.09 17:02 B F:\xampp\htdocs\ZendLibrary\Zend\Gdata\Media\Extension\MediaPlayer.php --> ftp.amfar.com.br /public_html/ZendLibrary/Zend/Gdata/Media/Extension MediaPlayer.php
2011.08.09 17:02 B F:\xampp\htdocs\ZendLibrary\Zend\Gdata\Media\Extension\MediaRating.php --> ftp.amfar.com.br /public_html/ZendLibrary/Zend/Gdata/Media/Extension MediaRating.php
2011.08.09 17:02 B F:\xampp\htdocs\ZendLibrary\Zend\Gdata\Media\Extension\MediaRestriction.php --> ftp.amfar.com.br /public_html/ZendLibrary/Zend/Gdata/Media/Extension MediaRestriction.php
2011.08.09 17:02 B F:\xampp\htdocs\ZendLibrary\Zend\Gdata\Media\Extension\MediaText.php --> ftp.amfar.com.br /public_html/ZendLibrary/Zend/Gdata/Media/Extension MediaText.php
2011.08.09 17:02 B F:\xampp\htdocs\ZendLibrary\Zend\Gdata\Media\Extension\MediaThumbnail.php --> ftp.amfar.com.br /public_html/ZendLibrary/Zend/Gdata/Media/Extension MediaThumbnail.php
2011.08.09 17:02 B F:\xampp\htdocs\ZendLibrary\Zend\Gdata\Media\Extension\MediaTitle.php --> ftp.amfar.com.br /public_html/ZendLibrary/Zend/Gdata/Media/Extension MediaTitle.php
