2011.06.20 18:30 B F:\xampp\htdocs\zf-tutorial\library\Zend\Application\Resource\Cachemanager.php --> ftp.portalridgid.com.br /public_html/zf-tutorial/library/Zend/Application/Resource Cachemanager.php
2011.06.20 18:30 B F:\xampp\htdocs\zf-tutorial\library\Zend\Application\Resource\Db.php --> ftp.portalridgid.com.br /public_html/zf-tutorial/library/Zend/Application/Resource Db.php
2011.06.20 18:30 B F:\xampp\htdocs\zf-tutorial\library\Zend\Application\Resource\Dojo.php --> ftp.portalridgid.com.br /public_html/zf-tutorial/library/Zend/Application/Resource Dojo.php
2011.06.20 18:30 B F:\xampp\htdocs\zf-tutorial\library\Zend\Application\Resource\Exception.php --> ftp.portalridgid.com.br /public_html/zf-tutorial/library/Zend/Application/Resource Exception.php
2011.06.20 18:30 B F:\xampp\htdocs\zf-tutorial\library\Zend\Application\Resource\Frontcontroller.php --> ftp.portalridgid.com.br /public_html/zf-tutorial/library/Zend/Application/Resource Frontcontroller.php
2011.06.20 18:30 B F:\xampp\htdocs\zf-tutorial\library\Zend\Application\Resource\Layout.php --> ftp.portalridgid.com.br /public_html/zf-tutorial/library/Zend/Application/Resource Layout.php
2011.06.20 18:30 B F:\xampp\htdocs\zf-tutorial\library\Zend\Application\Resource\Locale.php --> ftp.portalridgid.com.br /public_html/zf-tutorial/library/Zend/Application/Resource Locale.php
2011.06.20 18:30 B F:\xampp\htdocs\zf-tutorial\library\Zend\Application\Resource\Log.php --> ftp.portalridgid.com.br /public_html/zf-tutorial/library/Zend/Application/Resource Log.php
2011.06.20 18:30 B F:\xampp\htdocs\zf-tutorial\library\Zend\Application\Resource\Mail.php --> ftp.portalridgid.com.br /public_html/zf-tutorial/library/Zend/Application/Resource Mail.php
2011.06.20 18:30 B F:\xampp\htdocs\zf-tutorial\library\Zend\Application\Resource\Modules.php --> ftp.portalridgid.com.br /public_html/zf-tutorial/library/Zend/Application/Resource Modules.php
2011.06.20 18:30 B F:\xampp\htdocs\zf-tutorial\library\Zend\Application\Resource\Multidb.php --> ftp.portalridgid.com.br /public_html/zf-tutorial/library/Zend/Application/Resource Multidb.php
2011.06.20 18:30 B F:\xampp\htdocs\zf-tutorial\library\Zend\Application\Resource\Navigation.php --> ftp.portalridgid.com.br /public_html/zf-tutorial/library/Zend/Application/Resource Navigation.php
2011.06.20 18:30 B F:\xampp\htdocs\zf-tutorial\library\Zend\Application\Resource\Resource.php --> ftp.portalridgid.com.br /public_html/zf-tutorial/library/Zend/Application/Resource Resource.php
2011.06.20 18:31 B F:\xampp\htdocs\zf-tutorial\library\Zend\Application\Resource\ResourceAbstract.php --> ftp.portalridgid.com.br /public_html/zf-tutorial/library/Zend/Application/Resource ResourceAbstract.php
2011.06.20 18:31 B F:\xampp\htdocs\zf-tutorial\library\Zend\Application\Resource\Router.php --> ftp.portalridgid.com.br /public_html/zf-tutorial/library/Zend/Application/Resource Router.php
2011.06.20 18:31 B F:\xampp\htdocs\zf-tutorial\library\Zend\Application\Resource\Session.php --> ftp.portalridgid.com.br /public_html/zf-tutorial/library/Zend/Application/Resource Session.php
2011.06.20 18:31 B F:\xampp\htdocs\zf-tutorial\library\Zend\Application\Resource\Translate.php --> ftp.portalridgid.com.br /public_html/zf-tutorial/library/Zend/Application/Resource Translate.php
2011.06.20 18:31 B F:\xampp\htdocs\zf-tutorial\library\Zend\Application\Resource\Useragent.php --> ftp.portalridgid.com.br /public_html/zf-tutorial/library/Zend/Application/Resource Useragent.php
2011.06.20 18:31 B F:\xampp\htdocs\zf-tutorial\library\Zend\Application\Resource\View.php --> ftp.portalridgid.com.br /public_html/zf-tutorial/library/Zend/Application/Resource View.php
2011.06.30 03:45 B F:\xampp\htdocs\zendLibrary\Zend\Application\Resource\WS_FTP.LOG --> ftp.sbrafh.org.br /sbrafh/Web/zendLibrary/Zend/Application/Resource WS_FTP.LOG
2011.06.30 03:45 B F:\xampp\htdocs\zendLibrary\Zend\Application\Resource\View.php --> ftp.sbrafh.org.br /sbrafh/Web/zendLibrary/Zend/Application/Resource View.php
2011.06.30 03:45 B F:\xampp\htdocs\zendLibrary\Zend\Application\Resource\Locale.php --> ftp.sbrafh.org.br /sbrafh/Web/zendLibrary/Zend/Application/Resource Locale.php
2011.06.30 03:45 B F:\xampp\htdocs\zendLibrary\Zend\Application\Resource\Useragent.php --> ftp.sbrafh.org.br /sbrafh/Web/zendLibrary/Zend/Application/Resource Useragent.php
2011.06.30 03:45 B F:\xampp\htdocs\zendLibrary\Zend\Application\Resource\Translate.php --> ftp.sbrafh.org.br /sbrafh/Web/zendLibrary/Zend/Application/Resource Translate.php
2011.06.30 03:45 B F:\xampp\htdocs\zendLibrary\Zend\Application\Resource\Session.php --> ftp.sbrafh.org.br /sbrafh/Web/zendLibrary/Zend/Application/Resource Session.php
2011.06.30 03:45 B F:\xampp\htdocs\zendLibrary\Zend\Application\Resource\Router.php --> ftp.sbrafh.org.br /sbrafh/Web/zendLibrary/Zend/Application/Resource Router.php
2011.06.30 03:45 B F:\xampp\htdocs\zendLibrary\Zend\Application\Resource\ResourceAbstract.php --> ftp.sbrafh.org.br /sbrafh/Web/zendLibrary/Zend/Application/Resource ResourceAbstract.php
2011.06.30 03:45 B F:\xampp\htdocs\zendLibrary\Zend\Application\Resource\Resource.php --> ftp.sbrafh.org.br /sbrafh/Web/zendLibrary/Zend/Application/Resource Resource.php
2011.06.30 03:45 B F:\xampp\htdocs\zendLibrary\Zend\Application\Resource\Navigation.php --> ftp.sbrafh.org.br /sbrafh/Web/zendLibrary/Zend/Application/Resource Navigation.php
2011.06.30 03:45 B F:\xampp\htdocs\zendLibrary\Zend\Application\Resource\Multidb.php --> ftp.sbrafh.org.br /sbrafh/Web/zendLibrary/Zend/Application/Resource Multidb.php
2011.06.30 03:45 B F:\xampp\htdocs\zendLibrary\Zend\Application\Resource\Modules.php --> ftp.sbrafh.org.br /sbrafh/Web/zendLibrary/Zend/Application/Resource Modules.php
2011.06.30 03:45 B F:\xampp\htdocs\zendLibrary\Zend\Application\Resource\Mail.php --> ftp.sbrafh.org.br /sbrafh/Web/zendLibrary/Zend/Application/Resource Mail.php
2011.06.30 03:45 B F:\xampp\htdocs\zendLibrary\Zend\Application\Resource\Log.php --> ftp.sbrafh.org.br /sbrafh/Web/zendLibrary/Zend/Application/Resource Log.php
2011.06.30 03:45 B F:\xampp\htdocs\zendLibrary\Zend\Application\Resource\Layout.php --> ftp.sbrafh.org.br /sbrafh/Web/zendLibrary/Zend/Application/Resource Layout.php
2011.06.30 03:45 B F:\xampp\htdocs\zendLibrary\Zend\Application\Resource\Frontcontroller.php --> ftp.sbrafh.org.br /sbrafh/Web/zendLibrary/Zend/Application/Resource Frontcontroller.php
2011.06.30 03:45 B F:\xampp\htdocs\zendLibrary\Zend\Application\Resource\Exception.php --> ftp.sbrafh.org.br /sbrafh/Web/zendLibrary/Zend/Application/Resource Exception.php
2011.06.30 03:45 B F:\xampp\htdocs\zendLibrary\Zend\Application\Resource\Dojo.php --> ftp.sbrafh.org.br /sbrafh/Web/zendLibrary/Zend/Application/Resource Dojo.php
2011.06.30 03:45 B F:\xampp\htdocs\zendLibrary\Zend\Application\Resource\Db.php --> ftp.sbrafh.org.br /sbrafh/Web/zendLibrary/Zend/Application/Resource Db.php
2011.06.30 03:45 B F:\xampp\htdocs\zendLibrary\Zend\Application\Resource\Cachemanager.php --> ftp.sbrafh.org.br /sbrafh/Web/zendLibrary/Zend/Application/Resource Cachemanager.php
2011.07.08 23:43 B F:\xampp\htdocs\zendLibrary\Zend\Application\Resource\Cachemanager.php --> ftp.radiofone.com.br /public_html/radiofone/zendLibrary/Zend/Application/Resource Cachemanager.php
2011.07.08 23:43 B F:\xampp\htdocs\zendLibrary\Zend\Application\Resource\Db.php --> ftp.radiofone.com.br /public_html/radiofone/zendLibrary/Zend/Application/Resource Db.php
2011.07.08 23:43 B F:\xampp\htdocs\zendLibrary\Zend\Application\Resource\Dojo.php --> ftp.radiofone.com.br /public_html/radiofone/zendLibrary/Zend/Application/Resource Dojo.php
2011.07.08 23:43 B F:\xampp\htdocs\zendLibrary\Zend\Application\Resource\Exception.php --> ftp.radiofone.com.br /public_html/radiofone/zendLibrary/Zend/Application/Resource Exception.php
2011.07.08 23:43 B F:\xampp\htdocs\zendLibrary\Zend\Application\Resource\Frontcontroller.php --> ftp.radiofone.com.br /public_html/radiofone/zendLibrary/Zend/Application/Resource Frontcontroller.php
2011.07.08 23:43 B F:\xampp\htdocs\zendLibrary\Zend\Application\Resource\Layout.php --> ftp.radiofone.com.br /public_html/radiofone/zendLibrary/Zend/Application/Resource Layout.php
2011.07.08 23:43 B F:\xampp\htdocs\zendLibrary\Zend\Application\Resource\Locale.php --> ftp.radiofone.com.br /public_html/radiofone/zendLibrary/Zend/Application/Resource Locale.php
2011.07.08 23:43 B F:\xampp\htdocs\zendLibrary\Zend\Application\Resource\Log.php --> ftp.radiofone.com.br /public_html/radiofone/zendLibrary/Zend/Application/Resource Log.php
2011.07.08 23:43 B F:\xampp\htdocs\zendLibrary\Zend\Application\Resource\Mail.php --> ftp.radiofone.com.br /public_html/radiofone/zendLibrary/Zend/Application/Resource Mail.php
2011.07.08 23:43 B F:\xampp\htdocs\zendLibrary\Zend\Application\Resource\Modules.php --> ftp.radiofone.com.br /public_html/radiofone/zendLibrary/Zend/Application/Resource Modules.php
2011.07.08 23:43 B F:\xampp\htdocs\zendLibrary\Zend\Application\Resource\Multidb.php --> ftp.radiofone.com.br /public_html/radiofone/zendLibrary/Zend/Application/Resource Multidb.php
2011.07.08 23:43 B F:\xampp\htdocs\zendLibrary\Zend\Application\Resource\Navigation.php --> ftp.radiofone.com.br /public_html/radiofone/zendLibrary/Zend/Application/Resource Navigation.php
2011.07.08 23:43 B F:\xampp\htdocs\zendLibrary\Zend\Application\Resource\Resource.php --> ftp.radiofone.com.br /public_html/radiofone/zendLibrary/Zend/Application/Resource Resource.php
2011.07.08 23:43 B F:\xampp\htdocs\zendLibrary\Zend\Application\Resource\ResourceAbstract.php --> ftp.radiofone.com.br /public_html/radiofone/zendLibrary/Zend/Application/Resource ResourceAbstract.php
2011.07.08 23:43 B F:\xampp\htdocs\zendLibrary\Zend\Application\Resource\Router.php --> ftp.radiofone.com.br /public_html/radiofone/zendLibrary/Zend/Application/Resource Router.php
2011.07.08 23:43 B F:\xampp\htdocs\zendLibrary\Zend\Application\Resource\Session.php --> ftp.radiofone.com.br /public_html/radiofone/zendLibrary/Zend/Application/Resource Session.php
2011.07.08 23:43 B F:\xampp\htdocs\zendLibrary\Zend\Application\Resource\Translate.php --> ftp.radiofone.com.br /public_html/radiofone/zendLibrary/Zend/Application/Resource Translate.php
2011.07.08 23:43 B F:\xampp\htdocs\zendLibrary\Zend\Application\Resource\Useragent.php --> ftp.radiofone.com.br /public_html/radiofone/zendLibrary/Zend/Application/Resource Useragent.php
2011.07.08 23:43 B F:\xampp\htdocs\zendLibrary\Zend\Application\Resource\View.php --> ftp.radiofone.com.br /public_html/radiofone/zendLibrary/Zend/Application/Resource View.php
2011.07.08 23:43 B F:\xampp\htdocs\zendLibrary\Zend\Application\Resource\WS_FTP.LOG --> ftp.radiofone.com.br /public_html/radiofone/zendLibrary/Zend/Application/Resource WS_FTP.LOG
2011.07.26 22:44 B F:\xampp\htdocs\zendLibrary\Zend\Application\Resource\Cachemanager.php --> ftp.sobrafo.org.br /public_html/zendLibrary/Zend/Application/Resource Cachemanager.php
2011.07.26 22:44 B F:\xampp\htdocs\zendLibrary\Zend\Application\Resource\Db.php --> ftp.sobrafo.org.br /public_html/zendLibrary/Zend/Application/Resource Db.php
2011.07.26 22:44 B F:\xampp\htdocs\zendLibrary\Zend\Application\Resource\Dojo.php --> ftp.sobrafo.org.br /public_html/zendLibrary/Zend/Application/Resource Dojo.php
2011.07.26 22:44 B F:\xampp\htdocs\zendLibrary\Zend\Application\Resource\Exception.php --> ftp.sobrafo.org.br /public_html/zendLibrary/Zend/Application/Resource Exception.php
2011.07.26 22:44 B F:\xampp\htdocs\zendLibrary\Zend\Application\Resource\Frontcontroller.php --> ftp.sobrafo.org.br /public_html/zendLibrary/Zend/Application/Resource Frontcontroller.php
2011.07.26 22:44 B F:\xampp\htdocs\zendLibrary\Zend\Application\Resource\Layout.php --> ftp.sobrafo.org.br /public_html/zendLibrary/Zend/Application/Resource Layout.php
2011.07.26 22:44 B F:\xampp\htdocs\zendLibrary\Zend\Application\Resource\Locale.php --> ftp.sobrafo.org.br /public_html/zendLibrary/Zend/Application/Resource Locale.php
2011.07.26 22:44 B F:\xampp\htdocs\zendLibrary\Zend\Application\Resource\Log.php --> ftp.sobrafo.org.br /public_html/zendLibrary/Zend/Application/Resource Log.php
2011.07.26 22:44 B F:\xampp\htdocs\zendLibrary\Zend\Application\Resource\Mail.php --> ftp.sobrafo.org.br /public_html/zendLibrary/Zend/Application/Resource Mail.php
2011.07.26 22:44 B F:\xampp\htdocs\zendLibrary\Zend\Application\Resource\Modules.php --> ftp.sobrafo.org.br /public_html/zendLibrary/Zend/Application/Resource Modules.php
2011.07.26 22:44 B F:\xampp\htdocs\zendLibrary\Zend\Application\Resource\Multidb.php --> ftp.sobrafo.org.br /public_html/zendLibrary/Zend/Application/Resource Multidb.php
2011.07.26 22:44 B F:\xampp\htdocs\zendLibrary\Zend\Application\Resource\Navigation.php --> ftp.sobrafo.org.br /public_html/zendLibrary/Zend/Application/Resource Navigation.php
2011.07.26 22:44 B F:\xampp\htdocs\zendLibrary\Zend\Application\Resource\Resource.php --> ftp.sobrafo.org.br /public_html/zendLibrary/Zend/Application/Resource Resource.php
2011.07.26 22:44 B F:\xampp\htdocs\zendLibrary\Zend\Application\Resource\ResourceAbstract.php --> ftp.sobrafo.org.br /public_html/zendLibrary/Zend/Application/Resource ResourceAbstract.php
2011.07.26 22:44 B F:\xampp\htdocs\zendLibrary\Zend\Application\Resource\Router.php --> ftp.sobrafo.org.br /public_html/zendLibrary/Zend/Application/Resource Router.php
2011.07.26 22:44 B F:\xampp\htdocs\zendLibrary\Zend\Application\Resource\Session.php --> ftp.sobrafo.org.br /public_html/zendLibrary/Zend/Application/Resource Session.php
2011.07.26 22:44 B F:\xampp\htdocs\zendLibrary\Zend\Application\Resource\Translate.php --> ftp.sobrafo.org.br /public_html/zendLibrary/Zend/Application/Resource Translate.php
2011.07.26 22:44 B F:\xampp\htdocs\zendLibrary\Zend\Application\Resource\Useragent.php --> ftp.sobrafo.org.br /public_html/zendLibrary/Zend/Application/Resource Useragent.php
2011.07.26 22:44 B F:\xampp\htdocs\zendLibrary\Zend\Application\Resource\View.php --> ftp.sobrafo.org.br /public_html/zendLibrary/Zend/Application/Resource View.php
2011.07.26 22:44 B F:\xampp\htdocs\zendLibrary\Zend\Application\Resource\WS_FTP.LOG --> ftp.sobrafo.org.br /public_html/zendLibrary/Zend/Application/Resource WS_FTP.LOG
2011.08.05 00:59 B F:\xampp\htdocs\ZendLibrary\Zend\Application\Resource\WS_FTP.LOG --> ftp.portalridgid.com.br /public_html/zendLibrary/Zend/Application/Resource WS_FTP.LOG
2011.08.09 16:54 B F:\xampp\htdocs\ZendLibrary\Zend\Application\Resource\Cachemanager.php --> ftp.amfar.com.br /public_html/ZendLibrary/Zend/Application/Resource Cachemanager.php
2011.08.09 16:54 B F:\xampp\htdocs\ZendLibrary\Zend\Application\Resource\Db.php --> ftp.amfar.com.br /public_html/ZendLibrary/Zend/Application/Resource Db.php
2011.08.09 16:54 B F:\xampp\htdocs\ZendLibrary\Zend\Application\Resource\Dojo.php --> ftp.amfar.com.br /public_html/ZendLibrary/Zend/Application/Resource Dojo.php
2011.08.09 16:54 B F:\xampp\htdocs\ZendLibrary\Zend\Application\Resource\Exception.php --> ftp.amfar.com.br /public_html/ZendLibrary/Zend/Application/Resource Exception.php
2011.08.09 16:54 B F:\xampp\htdocs\ZendLibrary\Zend\Application\Resource\Frontcontroller.php --> ftp.amfar.com.br /public_html/ZendLibrary/Zend/Application/Resource Frontcontroller.php
2011.08.09 16:54 B F:\xampp\htdocs\ZendLibrary\Zend\Application\Resource\Layout.php --> ftp.amfar.com.br /public_html/ZendLibrary/Zend/Application/Resource Layout.php
2011.08.09 16:54 B F:\xampp\htdocs\ZendLibrary\Zend\Application\Resource\Locale.php --> ftp.amfar.com.br /public_html/ZendLibrary/Zend/Application/Resource Locale.php
2011.08.09 16:54 B F:\xampp\htdocs\ZendLibrary\Zend\Application\Resource\Log.php --> ftp.amfar.com.br /public_html/ZendLibrary/Zend/Application/Resource Log.php
2011.08.09 16:54 B F:\xampp\htdocs\ZendLibrary\Zend\Application\Resource\Mail.php --> ftp.amfar.com.br /public_html/ZendLibrary/Zend/Application/Resource Mail.php
2011.08.09 16:54 B F:\xampp\htdocs\ZendLibrary\Zend\Application\Resource\Modules.php --> ftp.amfar.com.br /public_html/ZendLibrary/Zend/Application/Resource Modules.php
2011.08.09 16:54 B F:\xampp\htdocs\ZendLibrary\Zend\Application\Resource\Multidb.php --> ftp.amfar.com.br /public_html/ZendLibrary/Zend/Application/Resource Multidb.php
2011.08.09 16:54 B F:\xampp\htdocs\ZendLibrary\Zend\Application\Resource\Navigation.php --> ftp.amfar.com.br /public_html/ZendLibrary/Zend/Application/Resource Navigation.php
2011.08.09 16:54 B F:\xampp\htdocs\ZendLibrary\Zend\Application\Resource\Resource.php --> ftp.amfar.com.br /public_html/ZendLibrary/Zend/Application/Resource Resource.php
2011.08.09 16:54 B F:\xampp\htdocs\ZendLibrary\Zend\Application\Resource\ResourceAbstract.php --> ftp.amfar.com.br /public_html/ZendLibrary/Zend/Application/Resource ResourceAbstract.php
2011.08.09 16:54 B F:\xampp\htdocs\ZendLibrary\Zend\Application\Resource\Router.php --> ftp.amfar.com.br /public_html/ZendLibrary/Zend/Application/Resource Router.php
2011.08.09 16:54 B F:\xampp\htdocs\ZendLibrary\Zend\Application\Resource\Session.php --> ftp.amfar.com.br /public_html/ZendLibrary/Zend/Application/Resource Session.php
2011.08.09 16:54 B F:\xampp\htdocs\ZendLibrary\Zend\Application\Resource\Translate.php --> ftp.amfar.com.br /public_html/ZendLibrary/Zend/Application/Resource Translate.php
2011.08.09 16:54 B F:\xampp\htdocs\ZendLibrary\Zend\Application\Resource\Useragent.php --> ftp.amfar.com.br /public_html/ZendLibrary/Zend/Application/Resource Useragent.php
2011.08.09 16:54 B F:\xampp\htdocs\ZendLibrary\Zend\Application\Resource\View.php --> ftp.amfar.com.br /public_html/ZendLibrary/Zend/Application/Resource View.php
2011.08.09 16:54 B F:\xampp\htdocs\ZendLibrary\Zend\Application\Resource\WS_FTP.LOG --> ftp.amfar.com.br /public_html/ZendLibrary/Zend/Application/Resource WS_FTP.LOG
2011.08.22 20:56 B X:\xampp\htdocs\ZendLibrary\Zend\Application\Resource\Cachemanager.php --> ftp.jairodepaula.com.br /jairodepaula/web/ZendLibrary/Zend/Application/Resource Cachemanager.php
2011.08.22 20:56 B X:\xampp\htdocs\ZendLibrary\Zend\Application\Resource\Db.php --> ftp.jairodepaula.com.br /jairodepaula/web/ZendLibrary/Zend/Application/Resource Db.php
2011.08.22 20:56 B X:\xampp\htdocs\ZendLibrary\Zend\Application\Resource\Dojo.php --> ftp.jairodepaula.com.br /jairodepaula/web/ZendLibrary/Zend/Application/Resource Dojo.php
2011.08.22 20:56 B X:\xampp\htdocs\ZendLibrary\Zend\Application\Resource\Exception.php --> ftp.jairodepaula.com.br /jairodepaula/web/ZendLibrary/Zend/Application/Resource Exception.php
2011.08.22 20:56 B X:\xampp\htdocs\ZendLibrary\Zend\Application\Resource\Frontcontroller.php --> ftp.jairodepaula.com.br /jairodepaula/web/ZendLibrary/Zend/Application/Resource Frontcontroller.php
2011.08.22 20:56 B X:\xampp\htdocs\ZendLibrary\Zend\Application\Resource\Layout.php --> ftp.jairodepaula.com.br /jairodepaula/web/ZendLibrary/Zend/Application/Resource Layout.php
2011.08.22 20:56 B X:\xampp\htdocs\ZendLibrary\Zend\Application\Resource\Locale.php --> ftp.jairodepaula.com.br /jairodepaula/web/ZendLibrary/Zend/Application/Resource Locale.php
2011.08.22 20:56 B X:\xampp\htdocs\ZendLibrary\Zend\Application\Resource\Log.php --> ftp.jairodepaula.com.br /jairodepaula/web/ZendLibrary/Zend/Application/Resource Log.php
2011.08.22 20:56 B X:\xampp\htdocs\ZendLibrary\Zend\Application\Resource\Mail.php --> ftp.jairodepaula.com.br /jairodepaula/web/ZendLibrary/Zend/Application/Resource Mail.php
2011.08.22 20:56 B X:\xampp\htdocs\ZendLibrary\Zend\Application\Resource\Modules.php --> ftp.jairodepaula.com.br /jairodepaula/web/ZendLibrary/Zend/Application/Resource Modules.php
2011.08.22 20:56 B X:\xampp\htdocs\ZendLibrary\Zend\Application\Resource\Multidb.php --> ftp.jairodepaula.com.br /jairodepaula/web/ZendLibrary/Zend/Application/Resource Multidb.php
2011.08.22 20:56 B X:\xampp\htdocs\ZendLibrary\Zend\Application\Resource\Navigation.php --> ftp.jairodepaula.com.br /jairodepaula/web/ZendLibrary/Zend/Application/Resource Navigation.php
2011.08.22 20:56 B X:\xampp\htdocs\ZendLibrary\Zend\Application\Resource\Resource.php --> ftp.jairodepaula.com.br /jairodepaula/web/ZendLibrary/Zend/Application/Resource Resource.php
2011.08.22 20:56 B X:\xampp\htdocs\ZendLibrary\Zend\Application\Resource\ResourceAbstract.php --> ftp.jairodepaula.com.br /jairodepaula/web/ZendLibrary/Zend/Application/Resource ResourceAbstract.php
2011.08.22 20:56 B X:\xampp\htdocs\ZendLibrary\Zend\Application\Resource\Router.php --> ftp.jairodepaula.com.br /jairodepaula/web/ZendLibrary/Zend/Application/Resource Router.php
2011.08.22 20:56 B X:\xampp\htdocs\ZendLibrary\Zend\Application\Resource\Session.php --> ftp.jairodepaula.com.br /jairodepaula/web/ZendLibrary/Zend/Application/Resource Session.php
2011.08.22 20:56 B X:\xampp\htdocs\ZendLibrary\Zend\Application\Resource\Translate.php --> ftp.jairodepaula.com.br /jairodepaula/web/ZendLibrary/Zend/Application/Resource Translate.php
2011.08.22 20:56 B X:\xampp\htdocs\ZendLibrary\Zend\Application\Resource\Useragent.php --> ftp.jairodepaula.com.br /jairodepaula/web/ZendLibrary/Zend/Application/Resource Useragent.php
2011.08.22 20:56 B X:\xampp\htdocs\ZendLibrary\Zend\Application\Resource\View.php --> ftp.jairodepaula.com.br /jairodepaula/web/ZendLibrary/Zend/Application/Resource View.php
2011.08.22 20:56 B X:\xampp\htdocs\ZendLibrary\Zend\Application\Resource\WS_FTP.LOG --> ftp.jairodepaula.com.br /jairodepaula/web/ZendLibrary/Zend/Application/Resource WS_FTP.LOG
2011.12.31 14:46 B F:\xampp\htdocs\ZendLibrary\Zend\Application\Resource\Cachemanager.php --> ftp.sbrafh.org.br /public_html/ZendLibrary/Zend/Application/Resource Cachemanager.php
2011.12.31 14:46 B F:\xampp\htdocs\ZendLibrary\Zend\Application\Resource\Db.php --> ftp.sbrafh.org.br /public_html/ZendLibrary/Zend/Application/Resource Db.php
2011.12.31 14:46 B F:\xampp\htdocs\ZendLibrary\Zend\Application\Resource\Dojo.php --> ftp.sbrafh.org.br /public_html/ZendLibrary/Zend/Application/Resource Dojo.php
2011.12.31 14:46 B F:\xampp\htdocs\ZendLibrary\Zend\Application\Resource\Exception.php --> ftp.sbrafh.org.br /public_html/ZendLibrary/Zend/Application/Resource Exception.php
2011.12.31 14:46 B F:\xampp\htdocs\ZendLibrary\Zend\Application\Resource\Frontcontroller.php --> ftp.sbrafh.org.br /public_html/ZendLibrary/Zend/Application/Resource Frontcontroller.php
2011.12.31 14:46 B F:\xampp\htdocs\ZendLibrary\Zend\Application\Resource\Layout.php --> ftp.sbrafh.org.br /public_html/ZendLibrary/Zend/Application/Resource Layout.php
2011.12.31 14:46 B F:\xampp\htdocs\ZendLibrary\Zend\Application\Resource\Locale.php --> ftp.sbrafh.org.br /public_html/ZendLibrary/Zend/Application/Resource Locale.php
2011.12.31 14:46 B F:\xampp\htdocs\ZendLibrary\Zend\Application\Resource\Log.php --> ftp.sbrafh.org.br /public_html/ZendLibrary/Zend/Application/Resource Log.php
2011.12.31 14:46 B F:\xampp\htdocs\ZendLibrary\Zend\Application\Resource\Mail.php --> ftp.sbrafh.org.br /public_html/ZendLibrary/Zend/Application/Resource Mail.php
2011.12.31 14:46 B F:\xampp\htdocs\ZendLibrary\Zend\Application\Resource\Modules.php --> ftp.sbrafh.org.br /public_html/ZendLibrary/Zend/Application/Resource Modules.php
2011.12.31 14:46 B F:\xampp\htdocs\ZendLibrary\Zend\Application\Resource\Multidb.php --> ftp.sbrafh.org.br /public_html/ZendLibrary/Zend/Application/Resource Multidb.php
2011.12.31 14:46 B F:\xampp\htdocs\ZendLibrary\Zend\Application\Resource\Navigation.php --> ftp.sbrafh.org.br /public_html/ZendLibrary/Zend/Application/Resource Navigation.php
2011.12.31 14:46 B F:\xampp\htdocs\ZendLibrary\Zend\Application\Resource\Resource.php --> ftp.sbrafh.org.br /public_html/ZendLibrary/Zend/Application/Resource Resource.php
2011.12.31 14:46 B F:\xampp\htdocs\ZendLibrary\Zend\Application\Resource\ResourceAbstract.php --> ftp.sbrafh.org.br /public_html/ZendLibrary/Zend/Application/Resource ResourceAbstract.php
2011.12.31 14:46 B F:\xampp\htdocs\ZendLibrary\Zend\Application\Resource\Router.php --> ftp.sbrafh.org.br /public_html/ZendLibrary/Zend/Application/Resource Router.php
2011.12.31 14:46 B F:\xampp\htdocs\ZendLibrary\Zend\Application\Resource\Session.php --> ftp.sbrafh.org.br /public_html/ZendLibrary/Zend/Application/Resource Session.php
2011.12.31 14:46 B F:\xampp\htdocs\ZendLibrary\Zend\Application\Resource\Translate.php --> ftp.sbrafh.org.br /public_html/ZendLibrary/Zend/Application/Resource Translate.php
2011.12.31 14:46 B F:\xampp\htdocs\ZendLibrary\Zend\Application\Resource\Useragent.php --> ftp.sbrafh.org.br /public_html/ZendLibrary/Zend/Application/Resource Useragent.php
2011.12.31 14:46 B F:\xampp\htdocs\ZendLibrary\Zend\Application\Resource\View.php --> ftp.sbrafh.org.br /public_html/ZendLibrary/Zend/Application/Resource View.php
2011.12.31 14:46 B F:\xampp\htdocs\ZendLibrary\Zend\Application\Resource\WS_FTP.LOG --> ftp.sbrafh.org.br /public_html/ZendLibrary/Zend/Application/Resource WS_FTP.LOG
2012.01.06 03:15 B F:\xampp\htdocs\ZendLibrary\Zend\Application\Resource\Cachemanager.php --> ftp461.locaweb.com.br /ridgid/web/ZendLibrary/Zend/Application/Resource Cachemanager.php
2012.01.06 03:15 B F:\xampp\htdocs\ZendLibrary\Zend\Application\Resource\Db.php --> ftp461.locaweb.com.br /ridgid/web/ZendLibrary/Zend/Application/Resource Db.php
2012.01.06 03:15 B F:\xampp\htdocs\ZendLibrary\Zend\Application\Resource\Dojo.php --> ftp461.locaweb.com.br /ridgid/web/ZendLibrary/Zend/Application/Resource Dojo.php
2012.01.06 03:15 B F:\xampp\htdocs\ZendLibrary\Zend\Application\Resource\Exception.php --> ftp461.locaweb.com.br /ridgid/web/ZendLibrary/Zend/Application/Resource Exception.php
2012.01.06 03:15 B F:\xampp\htdocs\ZendLibrary\Zend\Application\Resource\Frontcontroller.php --> ftp461.locaweb.com.br /ridgid/web/ZendLibrary/Zend/Application/Resource Frontcontroller.php
2012.01.06 03:15 B F:\xampp\htdocs\ZendLibrary\Zend\Application\Resource\Layout.php --> ftp461.locaweb.com.br /ridgid/web/ZendLibrary/Zend/Application/Resource Layout.php
2012.01.06 03:15 B F:\xampp\htdocs\ZendLibrary\Zend\Application\Resource\Locale.php --> ftp461.locaweb.com.br /ridgid/web/ZendLibrary/Zend/Application/Resource Locale.php
2012.01.06 03:15 B F:\xampp\htdocs\ZendLibrary\Zend\Application\Resource\Log.php --> ftp461.locaweb.com.br /ridgid/web/ZendLibrary/Zend/Application/Resource Log.php
2012.01.06 03:15 B F:\xampp\htdocs\ZendLibrary\Zend\Application\Resource\Mail.php --> ftp461.locaweb.com.br /ridgid/web/ZendLibrary/Zend/Application/Resource Mail.php
2012.01.06 03:15 B F:\xampp\htdocs\ZendLibrary\Zend\Application\Resource\Modules.php --> ftp461.locaweb.com.br /ridgid/web/ZendLibrary/Zend/Application/Resource Modules.php
2012.01.06 03:15 B F:\xampp\htdocs\ZendLibrary\Zend\Application\Resource\Multidb.php --> ftp461.locaweb.com.br /ridgid/web/ZendLibrary/Zend/Application/Resource Multidb.php
2012.01.06 03:15 B F:\xampp\htdocs\ZendLibrary\Zend\Application\Resource\Navigation.php --> ftp461.locaweb.com.br /ridgid/web/ZendLibrary/Zend/Application/Resource Navigation.php
2012.01.06 03:15 B F:\xampp\htdocs\ZendLibrary\Zend\Application\Resource\Resource.php --> ftp461.locaweb.com.br /ridgid/web/ZendLibrary/Zend/Application/Resource Resource.php
2012.01.06 03:15 B F:\xampp\htdocs\ZendLibrary\Zend\Application\Resource\ResourceAbstract.php --> ftp461.locaweb.com.br /ridgid/web/ZendLibrary/Zend/Application/Resource ResourceAbstract.php
2012.01.06 03:15 B F:\xampp\htdocs\ZendLibrary\Zend\Application\Resource\Router.php --> ftp461.locaweb.com.br /ridgid/web/ZendLibrary/Zend/Application/Resource Router.php
2012.01.06 03:15 B F:\xampp\htdocs\ZendLibrary\Zend\Application\Resource\Session.php --> ftp461.locaweb.com.br /ridgid/web/ZendLibrary/Zend/Application/Resource Session.php
2012.01.06 03:15 B F:\xampp\htdocs\ZendLibrary\Zend\Application\Resource\Translate.php --> ftp461.locaweb.com.br /ridgid/web/ZendLibrary/Zend/Application/Resource Translate.php
2012.01.06 03:15 B F:\xampp\htdocs\ZendLibrary\Zend\Application\Resource\Useragent.php --> ftp461.locaweb.com.br /ridgid/web/ZendLibrary/Zend/Application/Resource Useragent.php
2012.01.06 03:15 B F:\xampp\htdocs\ZendLibrary\Zend\Application\Resource\View.php --> ftp461.locaweb.com.br /ridgid/web/ZendLibrary/Zend/Application/Resource View.php
2012.01.06 03:15 B F:\xampp\htdocs\ZendLibrary\Zend\Application\Resource\WS_FTP.LOG --> ftp461.locaweb.com.br /ridgid/web/ZendLibrary/Zend/Application/Resource WS_FTP.LOG
2012.01.24 17:28 B F:\xampp\htdocs\ZendLibrary\Zend\Application\Resource\Cachemanager.php --> graficamarmar.com.br /htdocs/ZendLibrary/Zend/Application/Resource Cachemanager.php
2012.01.24 17:28 B F:\xampp\htdocs\ZendLibrary\Zend\Application\Resource\Db.php --> graficamarmar.com.br /htdocs/ZendLibrary/Zend/Application/Resource Db.php
2012.01.24 17:28 B F:\xampp\htdocs\ZendLibrary\Zend\Application\Resource\Dojo.php --> graficamarmar.com.br /htdocs/ZendLibrary/Zend/Application/Resource Dojo.php
2012.01.24 17:28 B F:\xampp\htdocs\ZendLibrary\Zend\Application\Resource\Exception.php --> graficamarmar.com.br /htdocs/ZendLibrary/Zend/Application/Resource Exception.php
2012.01.24 17:28 B F:\xampp\htdocs\ZendLibrary\Zend\Application\Resource\Frontcontroller.php --> graficamarmar.com.br /htdocs/ZendLibrary/Zend/Application/Resource Frontcontroller.php
2012.01.24 17:28 B F:\xampp\htdocs\ZendLibrary\Zend\Application\Resource\Layout.php --> graficamarmar.com.br /htdocs/ZendLibrary/Zend/Application/Resource Layout.php
2012.01.24 17:28 B F:\xampp\htdocs\ZendLibrary\Zend\Application\Resource\Locale.php --> graficamarmar.com.br /htdocs/ZendLibrary/Zend/Application/Resource Locale.php
2012.01.24 17:28 B F:\xampp\htdocs\ZendLibrary\Zend\Application\Resource\Log.php --> graficamarmar.com.br /htdocs/ZendLibrary/Zend/Application/Resource Log.php
2012.01.24 17:28 B F:\xampp\htdocs\ZendLibrary\Zend\Application\Resource\Mail.php --> graficamarmar.com.br /htdocs/ZendLibrary/Zend/Application/Resource Mail.php
2012.01.24 17:28 B F:\xampp\htdocs\ZendLibrary\Zend\Application\Resource\Modules.php --> graficamarmar.com.br /htdocs/ZendLibrary/Zend/Application/Resource Modules.php
2012.01.24 17:28 B F:\xampp\htdocs\ZendLibrary\Zend\Application\Resource\Multidb.php --> graficamarmar.com.br /htdocs/ZendLibrary/Zend/Application/Resource Multidb.php
2012.01.24 17:28 B F:\xampp\htdocs\ZendLibrary\Zend\Application\Resource\Navigation.php --> graficamarmar.com.br /htdocs/ZendLibrary/Zend/Application/Resource Navigation.php
2012.01.24 17:28 B F:\xampp\htdocs\ZendLibrary\Zend\Application\Resource\Resource.php --> graficamarmar.com.br /htdocs/ZendLibrary/Zend/Application/Resource Resource.php
2012.01.24 17:28 B F:\xampp\htdocs\ZendLibrary\Zend\Application\Resource\ResourceAbstract.php --> graficamarmar.com.br /htdocs/ZendLibrary/Zend/Application/Resource ResourceAbstract.php
2012.01.24 17:28 B F:\xampp\htdocs\ZendLibrary\Zend\Application\Resource\Router.php --> graficamarmar.com.br /htdocs/ZendLibrary/Zend/Application/Resource Router.php
2012.01.24 17:28 B F:\xampp\htdocs\ZendLibrary\Zend\Application\Resource\Session.php --> graficamarmar.com.br /htdocs/ZendLibrary/Zend/Application/Resource Session.php
2012.01.24 17:28 B F:\xampp\htdocs\ZendLibrary\Zend\Application\Resource\Translate.php --> graficamarmar.com.br /htdocs/ZendLibrary/Zend/Application/Resource Translate.php
2012.01.24 17:28 B F:\xampp\htdocs\ZendLibrary\Zend\Application\Resource\Useragent.php --> graficamarmar.com.br /htdocs/ZendLibrary/Zend/Application/Resource Useragent.php
2012.01.24 17:28 B F:\xampp\htdocs\ZendLibrary\Zend\Application\Resource\View.php --> graficamarmar.com.br /htdocs/ZendLibrary/Zend/Application/Resource View.php
2012.01.24 17:28 B F:\xampp\htdocs\ZendLibrary\Zend\Application\Resource\WS_FTP.LOG --> graficamarmar.com.br /htdocs/ZendLibrary/Zend/Application/Resource WS_FTP.LOG
2012.02.08 17:03 B F:\xampp\htdocs\ZendLibrary\Zend\Application\Resource\Cachemanager.php --> graficamarmar.hospedagemdesites.ws /public_html/ZendLibrary/Zend/Application/Resource Cachemanager.php
2012.02.08 17:03 B F:\xampp\htdocs\ZendLibrary\Zend\Application\Resource\Db.php --> graficamarmar.hospedagemdesites.ws /public_html/ZendLibrary/Zend/Application/Resource Db.php
2012.02.08 17:03 B F:\xampp\htdocs\ZendLibrary\Zend\Application\Resource\Dojo.php --> graficamarmar.hospedagemdesites.ws /public_html/ZendLibrary/Zend/Application/Resource Dojo.php
2012.02.08 17:03 B F:\xampp\htdocs\ZendLibrary\Zend\Application\Resource\Exception.php --> graficamarmar.hospedagemdesites.ws /public_html/ZendLibrary/Zend/Application/Resource Exception.php
2012.02.08 17:03 B F:\xampp\htdocs\ZendLibrary\Zend\Application\Resource\Frontcontroller.php --> graficamarmar.hospedagemdesites.ws /public_html/ZendLibrary/Zend/Application/Resource Frontcontroller.php
2012.02.08 17:03 B F:\xampp\htdocs\ZendLibrary\Zend\Application\Resource\Layout.php --> graficamarmar.hospedagemdesites.ws /public_html/ZendLibrary/Zend/Application/Resource Layout.php
2012.02.08 17:03 B F:\xampp\htdocs\ZendLibrary\Zend\Application\Resource\Locale.php --> graficamarmar.hospedagemdesites.ws /public_html/ZendLibrary/Zend/Application/Resource Locale.php
2012.02.08 17:03 B F:\xampp\htdocs\ZendLibrary\Zend\Application\Resource\Log.php --> graficamarmar.hospedagemdesites.ws /public_html/ZendLibrary/Zend/Application/Resource Log.php
2012.02.08 17:03 B F:\xampp\htdocs\ZendLibrary\Zend\Application\Resource\Mail.php --> graficamarmar.hospedagemdesites.ws /public_html/ZendLibrary/Zend/Application/Resource Mail.php
2012.02.08 17:03 B F:\xampp\htdocs\ZendLibrary\Zend\Application\Resource\Modules.php --> graficamarmar.hospedagemdesites.ws /public_html/ZendLibrary/Zend/Application/Resource Modules.php
2012.02.08 17:03 B F:\xampp\htdocs\ZendLibrary\Zend\Application\Resource\Multidb.php --> graficamarmar.hospedagemdesites.ws /public_html/ZendLibrary/Zend/Application/Resource Multidb.php
2012.02.08 17:03 B F:\xampp\htdocs\ZendLibrary\Zend\Application\Resource\Navigation.php --> graficamarmar.hospedagemdesites.ws /public_html/ZendLibrary/Zend/Application/Resource Navigation.php
2012.02.08 17:03 B F:\xampp\htdocs\ZendLibrary\Zend\Application\Resource\Resource.php --> graficamarmar.hospedagemdesites.ws /public_html/ZendLibrary/Zend/Application/Resource Resource.php
2012.02.08 17:03 B F:\xampp\htdocs\ZendLibrary\Zend\Application\Resource\ResourceAbstract.php --> graficamarmar.hospedagemdesites.ws /public_html/ZendLibrary/Zend/Application/Resource ResourceAbstract.php
2012.02.08 17:03 B F:\xampp\htdocs\ZendLibrary\Zend\Application\Resource\Router.php --> graficamarmar.hospedagemdesites.ws /public_html/ZendLibrary/Zend/Application/Resource Router.php
2012.02.08 17:03 B F:\xampp\htdocs\ZendLibrary\Zend\Application\Resource\Session.php --> graficamarmar.hospedagemdesites.ws /public_html/ZendLibrary/Zend/Application/Resource Session.php
2012.02.08 17:03 B F:\xampp\htdocs\ZendLibrary\Zend\Application\Resource\Translate.php --> graficamarmar.hospedagemdesites.ws /public_html/ZendLibrary/Zend/Application/Resource Translate.php
2012.02.08 17:03 B F:\xampp\htdocs\ZendLibrary\Zend\Application\Resource\Useragent.php --> graficamarmar.hospedagemdesites.ws /public_html/ZendLibrary/Zend/Application/Resource Useragent.php
2012.02.08 17:03 B F:\xampp\htdocs\ZendLibrary\Zend\Application\Resource\View.php --> graficamarmar.hospedagemdesites.ws /public_html/ZendLibrary/Zend/Application/Resource View.php
2012.02.08 17:03 B F:\xampp\htdocs\ZendLibrary\Zend\Application\Resource\WS_FTP.LOG --> graficamarmar.hospedagemdesites.ws /public_html/ZendLibrary/Zend/Application/Resource WS_FTP.LOG
2012.10.29 14:39 B F:\xampp\htdocs\ZendLibrary\Zend\Application\Resource\Cachemanager.php --> 186.202.153.85 /public_html/ZendLibrary/Zend/Application/Resource Cachemanager.php
2012.10.29 14:39 B F:\xampp\htdocs\ZendLibrary\Zend\Application\Resource\Db.php --> 186.202.153.85 /public_html/ZendLibrary/Zend/Application/Resource Db.php
2012.10.29 14:39 B F:\xampp\htdocs\ZendLibrary\Zend\Application\Resource\Dojo.php --> 186.202.153.85 /public_html/ZendLibrary/Zend/Application/Resource Dojo.php
2012.10.29 14:39 B F:\xampp\htdocs\ZendLibrary\Zend\Application\Resource\Exception.php --> 186.202.153.85 /public_html/ZendLibrary/Zend/Application/Resource Exception.php
2012.10.29 14:39 B F:\xampp\htdocs\ZendLibrary\Zend\Application\Resource\Frontcontroller.php --> 186.202.153.85 /public_html/ZendLibrary/Zend/Application/Resource Frontcontroller.php
2012.10.29 14:39 B F:\xampp\htdocs\ZendLibrary\Zend\Application\Resource\Layout.php --> 186.202.153.85 /public_html/ZendLibrary/Zend/Application/Resource Layout.php
2012.10.29 14:39 B F:\xampp\htdocs\ZendLibrary\Zend\Application\Resource\Locale.php --> 186.202.153.85 /public_html/ZendLibrary/Zend/Application/Resource Locale.php
2012.10.29 14:39 B F:\xampp\htdocs\ZendLibrary\Zend\Application\Resource\Log.php --> 186.202.153.85 /public_html/ZendLibrary/Zend/Application/Resource Log.php
2012.10.29 14:40 B F:\xampp\htdocs\ZendLibrary\Zend\Application\Resource\Mail.php --> 186.202.153.85 /public_html/ZendLibrary/Zend/Application/Resource Mail.php
2012.10.29 14:40 B F:\xampp\htdocs\ZendLibrary\Zend\Application\Resource\Modules.php --> 186.202.153.85 /public_html/ZendLibrary/Zend/Application/Resource Modules.php
2012.10.29 14:40 B F:\xampp\htdocs\ZendLibrary\Zend\Application\Resource\Multidb.php --> 186.202.153.85 /public_html/ZendLibrary/Zend/Application/Resource Multidb.php
2012.10.29 14:40 B F:\xampp\htdocs\ZendLibrary\Zend\Application\Resource\Navigation.php --> 186.202.153.85 /public_html/ZendLibrary/Zend/Application/Resource Navigation.php
2012.10.29 14:40 B F:\xampp\htdocs\ZendLibrary\Zend\Application\Resource\Resource.php --> 186.202.153.85 /public_html/ZendLibrary/Zend/Application/Resource Resource.php
2012.10.29 14:40 B F:\xampp\htdocs\ZendLibrary\Zend\Application\Resource\ResourceAbstract.php --> 186.202.153.85 /public_html/ZendLibrary/Zend/Application/Resource ResourceAbstract.php
2012.10.29 14:40 B F:\xampp\htdocs\ZendLibrary\Zend\Application\Resource\Router.php --> 186.202.153.85 /public_html/ZendLibrary/Zend/Application/Resource Router.php
2012.10.29 14:40 B F:\xampp\htdocs\ZendLibrary\Zend\Application\Resource\Session.php --> 186.202.153.85 /public_html/ZendLibrary/Zend/Application/Resource Session.php
2012.10.29 14:40 B F:\xampp\htdocs\ZendLibrary\Zend\Application\Resource\Translate.php --> 186.202.153.85 /public_html/ZendLibrary/Zend/Application/Resource Translate.php
2012.10.29 14:40 B F:\xampp\htdocs\ZendLibrary\Zend\Application\Resource\Useragent.php --> 186.202.153.85 /public_html/ZendLibrary/Zend/Application/Resource Useragent.php
2012.10.29 14:40 B F:\xampp\htdocs\ZendLibrary\Zend\Application\Resource\View.php --> 186.202.153.85 /public_html/ZendLibrary/Zend/Application/Resource View.php
2012.10.29 14:40 B F:\xampp\htdocs\ZendLibrary\Zend\Application\Resource\WS_FTP.LOG --> 186.202.153.85 /public_html/ZendLibrary/Zend/Application/Resource WS_FTP.LOG
