2011.06.20 18:56 B F:\xampp\htdocs\zf-tutorial\library\Zend\Tool\Framework\Provider\Abstract.php --> ftp.portalridgid.com.br /public_html/zf-tutorial/library/Zend/Tool/Framework/Provider Abstract.php
2011.06.20 18:56 B F:\xampp\htdocs\zf-tutorial\library\Zend\Tool\Framework\Provider\DocblockManifestable.php --> ftp.portalridgid.com.br /public_html/zf-tutorial/library/Zend/Tool/Framework/Provider DocblockManifestable.php
2011.06.20 18:56 B F:\xampp\htdocs\zf-tutorial\library\Zend\Tool\Framework\Provider\Exception.php --> ftp.portalridgid.com.br /public_html/zf-tutorial/library/Zend/Tool/Framework/Provider Exception.php
2011.06.20 18:56 B F:\xampp\htdocs\zf-tutorial\library\Zend\Tool\Framework\Provider\Initializable.php --> ftp.portalridgid.com.br /public_html/zf-tutorial/library/Zend/Tool/Framework/Provider Initializable.php
2011.06.20 18:56 B F:\xampp\htdocs\zf-tutorial\library\Zend\Tool\Framework\Provider\Interactable.php --> ftp.portalridgid.com.br /public_html/zf-tutorial/library/Zend/Tool/Framework/Provider Interactable.php
2011.06.20 18:56 B F:\xampp\htdocs\zf-tutorial\library\Zend\Tool\Framework\Provider\Interface.php --> ftp.portalridgid.com.br /public_html/zf-tutorial/library/Zend/Tool/Framework/Provider Interface.php
2011.06.20 18:56 B F:\xampp\htdocs\zf-tutorial\library\Zend\Tool\Framework\Provider\Pretendable.php --> ftp.portalridgid.com.br /public_html/zf-tutorial/library/Zend/Tool/Framework/Provider Pretendable.php
2011.06.20 18:56 B F:\xampp\htdocs\zf-tutorial\library\Zend\Tool\Framework\Provider\Repository.php --> ftp.portalridgid.com.br /public_html/zf-tutorial/library/Zend/Tool/Framework/Provider Repository.php
2011.06.20 18:56 B F:\xampp\htdocs\zf-tutorial\library\Zend\Tool\Framework\Provider\Signature.php --> ftp.portalridgid.com.br /public_html/zf-tutorial/library/Zend/Tool/Framework/Provider Signature.php
2011.06.30 03:48 B F:\xampp\htdocs\zendLibrary\Zend\Tool\Framework\Provider\WS_FTP.LOG --> ftp.sbrafh.org.br /sbrafh/Web/zendLibrary/Zend/Tool/Framework/Provider WS_FTP.LOG
2011.06.30 03:48 B F:\xampp\htdocs\zendLibrary\Zend\Tool\Framework\Provider\Signature.php --> ftp.sbrafh.org.br /sbrafh/Web/zendLibrary/Zend/Tool/Framework/Provider Signature.php
2011.06.30 03:48 B F:\xampp\htdocs\zendLibrary\Zend\Tool\Framework\Provider\Repository.php --> ftp.sbrafh.org.br /sbrafh/Web/zendLibrary/Zend/Tool/Framework/Provider Repository.php
2011.06.30 03:48 B F:\xampp\htdocs\zendLibrary\Zend\Tool\Framework\Provider\Pretendable.php --> ftp.sbrafh.org.br /sbrafh/Web/zendLibrary/Zend/Tool/Framework/Provider Pretendable.php
2011.06.30 03:48 B F:\xampp\htdocs\zendLibrary\Zend\Tool\Framework\Provider\Interface.php --> ftp.sbrafh.org.br /sbrafh/Web/zendLibrary/Zend/Tool/Framework/Provider Interface.php
2011.06.30 03:48 B F:\xampp\htdocs\zendLibrary\Zend\Tool\Framework\Provider\Interactable.php --> ftp.sbrafh.org.br /sbrafh/Web/zendLibrary/Zend/Tool/Framework/Provider Interactable.php
2011.06.30 03:48 B F:\xampp\htdocs\zendLibrary\Zend\Tool\Framework\Provider\Initializable.php --> ftp.sbrafh.org.br /sbrafh/Web/zendLibrary/Zend/Tool/Framework/Provider Initializable.php
2011.06.30 03:48 B F:\xampp\htdocs\zendLibrary\Zend\Tool\Framework\Provider\Exception.php --> ftp.sbrafh.org.br /sbrafh/Web/zendLibrary/Zend/Tool/Framework/Provider Exception.php
2011.06.30 03:48 B F:\xampp\htdocs\zendLibrary\Zend\Tool\Framework\Provider\DocblockManifestable.php --> ftp.sbrafh.org.br /sbrafh/Web/zendLibrary/Zend/Tool/Framework/Provider DocblockManifestable.php
2011.06.30 03:48 B F:\xampp\htdocs\zendLibrary\Zend\Tool\Framework\Provider\Abstract.php --> ftp.sbrafh.org.br /sbrafh/Web/zendLibrary/Zend/Tool/Framework/Provider Abstract.php
2011.07.09 00:23 B F:\xampp\htdocs\zendLibrary\Zend\Tool\Framework\Provider\Abstract.php --> ftp.radiofone.com.br /public_html/radiofone/zendLibrary/Zend/Tool/Framework/Provider Abstract.php
2011.07.09 00:23 B F:\xampp\htdocs\zendLibrary\Zend\Tool\Framework\Provider\DocblockManifestable.php --> ftp.radiofone.com.br /public_html/radiofone/zendLibrary/Zend/Tool/Framework/Provider DocblockManifestable.php
2011.07.09 00:23 B F:\xampp\htdocs\zendLibrary\Zend\Tool\Framework\Provider\Exception.php --> ftp.radiofone.com.br /public_html/radiofone/zendLibrary/Zend/Tool/Framework/Provider Exception.php
2011.07.09 00:23 B F:\xampp\htdocs\zendLibrary\Zend\Tool\Framework\Provider\Initializable.php --> ftp.radiofone.com.br /public_html/radiofone/zendLibrary/Zend/Tool/Framework/Provider Initializable.php
2011.07.09 00:23 B F:\xampp\htdocs\zendLibrary\Zend\Tool\Framework\Provider\Interactable.php --> ftp.radiofone.com.br /public_html/radiofone/zendLibrary/Zend/Tool/Framework/Provider Interactable.php
2011.07.09 00:23 B F:\xampp\htdocs\zendLibrary\Zend\Tool\Framework\Provider\Interface.php --> ftp.radiofone.com.br /public_html/radiofone/zendLibrary/Zend/Tool/Framework/Provider Interface.php
2011.07.09 00:23 B F:\xampp\htdocs\zendLibrary\Zend\Tool\Framework\Provider\Pretendable.php --> ftp.radiofone.com.br /public_html/radiofone/zendLibrary/Zend/Tool/Framework/Provider Pretendable.php
2011.07.09 00:23 B F:\xampp\htdocs\zendLibrary\Zend\Tool\Framework\Provider\Repository.php --> ftp.radiofone.com.br /public_html/radiofone/zendLibrary/Zend/Tool/Framework/Provider Repository.php
2011.07.09 00:23 B F:\xampp\htdocs\zendLibrary\Zend\Tool\Framework\Provider\Signature.php --> ftp.radiofone.com.br /public_html/radiofone/zendLibrary/Zend/Tool/Framework/Provider Signature.php
2011.07.09 00:23 B F:\xampp\htdocs\zendLibrary\Zend\Tool\Framework\Provider\WS_FTP.LOG --> ftp.radiofone.com.br /public_html/radiofone/zendLibrary/Zend/Tool/Framework/Provider WS_FTP.LOG
2011.07.09 00:53 B F:\xampp\htdocs\zendLibrary\Zend\Tool\Framework\Provider\WS_FTP.LOG --> ftp.radiofone.com.br /public_html/radiofone/zendLibrary/Zend/Tool/Framework/Provider WS_FTP.LOG
2011.07.26 23:12 B F:\xampp\htdocs\zendLibrary\Zend\Tool\Framework\Provider\Abstract.php --> ftp.sobrafo.org.br /public_html/zendLibrary/Zend/Tool/Framework/Provider Abstract.php
2011.07.26 23:12 B F:\xampp\htdocs\zendLibrary\Zend\Tool\Framework\Provider\DocblockManifestable.php --> ftp.sobrafo.org.br /public_html/zendLibrary/Zend/Tool/Framework/Provider DocblockManifestable.php
2011.07.26 23:12 B F:\xampp\htdocs\zendLibrary\Zend\Tool\Framework\Provider\Exception.php --> ftp.sobrafo.org.br /public_html/zendLibrary/Zend/Tool/Framework/Provider Exception.php
2011.07.26 23:12 B F:\xampp\htdocs\zendLibrary\Zend\Tool\Framework\Provider\Initializable.php --> ftp.sobrafo.org.br /public_html/zendLibrary/Zend/Tool/Framework/Provider Initializable.php
2011.07.26 23:12 B F:\xampp\htdocs\zendLibrary\Zend\Tool\Framework\Provider\Interactable.php --> ftp.sobrafo.org.br /public_html/zendLibrary/Zend/Tool/Framework/Provider Interactable.php
2011.07.26 23:12 B F:\xampp\htdocs\zendLibrary\Zend\Tool\Framework\Provider\Interface.php --> ftp.sobrafo.org.br /public_html/zendLibrary/Zend/Tool/Framework/Provider Interface.php
2011.07.26 23:12 B F:\xampp\htdocs\zendLibrary\Zend\Tool\Framework\Provider\Pretendable.php --> ftp.sobrafo.org.br /public_html/zendLibrary/Zend/Tool/Framework/Provider Pretendable.php
2011.07.26 23:12 B F:\xampp\htdocs\zendLibrary\Zend\Tool\Framework\Provider\Repository.php --> ftp.sobrafo.org.br /public_html/zendLibrary/Zend/Tool/Framework/Provider Repository.php
2011.07.26 23:12 B F:\xampp\htdocs\zendLibrary\Zend\Tool\Framework\Provider\Signature.php --> ftp.sobrafo.org.br /public_html/zendLibrary/Zend/Tool/Framework/Provider Signature.php
2011.07.26 23:12 B F:\xampp\htdocs\zendLibrary\Zend\Tool\Framework\Provider\WS_FTP.LOG --> ftp.sobrafo.org.br /public_html/zendLibrary/Zend/Tool/Framework/Provider WS_FTP.LOG
2011.08.09 17:32 B F:\xampp\htdocs\ZendLibrary\Zend\Tool\Framework\Provider\Abstract.php --> ftp.amfar.com.br /public_html/ZendLibrary/Zend/Tool/Framework/Provider Abstract.php
2011.08.09 17:32 B F:\xampp\htdocs\ZendLibrary\Zend\Tool\Framework\Provider\DocblockManifestable.php --> ftp.amfar.com.br /public_html/ZendLibrary/Zend/Tool/Framework/Provider DocblockManifestable.php
2011.08.09 17:32 B F:\xampp\htdocs\ZendLibrary\Zend\Tool\Framework\Provider\Exception.php --> ftp.amfar.com.br /public_html/ZendLibrary/Zend/Tool/Framework/Provider Exception.php
2011.08.09 17:32 B F:\xampp\htdocs\ZendLibrary\Zend\Tool\Framework\Provider\Initializable.php --> ftp.amfar.com.br /public_html/ZendLibrary/Zend/Tool/Framework/Provider Initializable.php
2011.08.09 17:32 B F:\xampp\htdocs\ZendLibrary\Zend\Tool\Framework\Provider\Interactable.php --> ftp.amfar.com.br /public_html/ZendLibrary/Zend/Tool/Framework/Provider Interactable.php
2011.08.09 17:32 B F:\xampp\htdocs\ZendLibrary\Zend\Tool\Framework\Provider\Interface.php --> ftp.amfar.com.br /public_html/ZendLibrary/Zend/Tool/Framework/Provider Interface.php
2011.08.09 17:32 B F:\xampp\htdocs\ZendLibrary\Zend\Tool\Framework\Provider\Pretendable.php --> ftp.amfar.com.br /public_html/ZendLibrary/Zend/Tool/Framework/Provider Pretendable.php
2011.08.09 17:32 B F:\xampp\htdocs\ZendLibrary\Zend\Tool\Framework\Provider\Repository.php --> ftp.amfar.com.br /public_html/ZendLibrary/Zend/Tool/Framework/Provider Repository.php
2011.08.09 17:32 B F:\xampp\htdocs\ZendLibrary\Zend\Tool\Framework\Provider\Signature.php --> ftp.amfar.com.br /public_html/ZendLibrary/Zend/Tool/Framework/Provider Signature.php
