105.10.20 23:25 B D:\wwwsbrafh\enquete\images\botao_adicionar.gif <-- Portal /public_html/enquete/images botao_adicionar.gif
105.10.20 23:25 B D:\wwwsbrafh\enquete\images\botao_apagar.gif <-- Portal /public_html/enquete/images botao_apagar.gif
105.10.20 23:25 B D:\wwwsbrafh\enquete\images\botao_editar.gif <-- Portal /public_html/enquete/images botao_editar.gif
105.10.20 23:25 B D:\wwwsbrafh\enquete\images\botao_listar.gif <-- Portal /public_html/enquete/images botao_listar.gif
105.10.20 23:25 B D:\wwwsbrafh\enquete\images\enquete.jpg <-- Portal /public_html/enquete/images enquete.jpg
105.10.20 23:25 B D:\wwwsbrafh\enquete\images\logolab_topo.gif <-- Portal /public_html/enquete/images logolab_topo.gif
105.10.20 23:25 B D:\wwwsbrafh\enquete\images\percent.gif <-- Portal /public_html/enquete/images percent.gif
105.10.20 23:25 B D:\wwwsbrafh\enquete\images\resultado.gif <-- Portal /public_html/enquete/images resultado.gif
105.10.20 23:25 B D:\wwwsbrafh\enquete\images\voltar.gif <-- Portal /public_html/enquete/images voltar.gif
105.10.20 23:25 B D:\wwwsbrafh\enquete\images\votar.gif <-- Portal /public_html/enquete/images votar.gif
105.10.20 23:36 B D:\wwwsbrafh\enquete\images\botao_adicionar.gif --> ftp.labgraphic.com.br /public_html/sbrafh/enquete/images botao_adicionar.gif
105.10.20 23:36 B D:\wwwsbrafh\enquete\images\botao_apagar.gif --> ftp.labgraphic.com.br /public_html/sbrafh/enquete/images botao_apagar.gif
105.10.20 23:36 B D:\wwwsbrafh\enquete\images\botao_editar.gif --> ftp.labgraphic.com.br /public_html/sbrafh/enquete/images botao_editar.gif
105.10.20 23:36 B D:\wwwsbrafh\enquete\images\botao_listar.gif --> ftp.labgraphic.com.br /public_html/sbrafh/enquete/images botao_listar.gif
105.10.20 23:36 B D:\wwwsbrafh\enquete\images\enquete.jpg --> ftp.labgraphic.com.br /public_html/sbrafh/enquete/images enquete.jpg
105.10.20 23:36 B D:\wwwsbrafh\enquete\images\logolab_topo.gif --> ftp.labgraphic.com.br /public_html/sbrafh/enquete/images logolab_topo.gif
105.10.20 23:36 B D:\wwwsbrafh\enquete\images\percent.gif --> ftp.labgraphic.com.br /public_html/sbrafh/enquete/images percent.gif
105.10.20 23:36 B D:\wwwsbrafh\enquete\images\resultado.gif --> ftp.labgraphic.com.br /public_html/sbrafh/enquete/images resultado.gif
105.10.20 23:36 B D:\wwwsbrafh\enquete\images\voltar.gif --> ftp.labgraphic.com.br /public_html/sbrafh/enquete/images voltar.gif
105.10.20 23:36 B D:\wwwsbrafh\enquete\images\votar.gif --> ftp.labgraphic.com.br /public_html/sbrafh/enquete/images votar.gif
105.10.20 23:36 B D:\wwwsbrafh\enquete\images\WS_FTP.LOG --> ftp.labgraphic.com.br /public_html/sbrafh/enquete/images WS_FTP.LOG
105.10.21 00:20 B D:\wwwsbrafh\enquete\images\enquete.jpg --> ftp.labgraphic.com.br /public_html/sbrafh/enquete/images enquete.jpg
105.10.21 00:21 B D:\wwwsbrafh\enquete\images\enquete.jpg --> ftp.labgraphic.com.br /public_html/sbrafh/enquete/images enquete.jpg
105.10.21 00:21 B D:\wwwsbrafh\enquete\images\enquete.jpg --> ftp.labgraphic.com.br /public_html/sbrafh/enquete/images enquete.jpg
105.10.21 00:43 B D:\wwwsbrafh\enquete\images\resultado.jpg --> ftp.labgraphic.com.br /public_html/sbrafh/enquete/images resultado.jpg
105.10.24 12:50 B D:\wwwsbrafh\enquete\images\botao_adicionar.gif --> ftp.sbrafh.org.br /public_html/enquete/images botao_adicionar.gif
105.10.24 12:50 B D:\wwwsbrafh\enquete\images\botao_apagar.gif --> ftp.sbrafh.org.br /public_html/enquete/images botao_apagar.gif
105.10.24 12:50 B D:\wwwsbrafh\enquete\images\botao_editar.gif --> ftp.sbrafh.org.br /public_html/enquete/images botao_editar.gif
105.10.24 12:50 B D:\wwwsbrafh\enquete\images\botao_listar.gif --> ftp.sbrafh.org.br /public_html/enquete/images botao_listar.gif
105.10.24 12:50 B D:\wwwsbrafh\enquete\images\enquete.jpg --> ftp.sbrafh.org.br /public_html/enquete/images enquete.jpg
105.10.24 12:50 B D:\wwwsbrafh\enquete\images\logolab_topo.gif --> ftp.sbrafh.org.br /public_html/enquete/images logolab_topo.gif
105.10.24 12:50 B D:\wwwsbrafh\enquete\images\percent.gif --> ftp.sbrafh.org.br /public_html/enquete/images percent.gif
105.10.24 12:50 B D:\wwwsbrafh\enquete\images\resultado.jpg --> ftp.sbrafh.org.br /public_html/enquete/images resultado.jpg
105.10.24 12:50 B D:\wwwsbrafh\enquete\images\voltar.gif --> ftp.sbrafh.org.br /public_html/enquete/images voltar.gif
105.10.24 12:50 B D:\wwwsbrafh\enquete\images\votar.gif --> ftp.sbrafh.org.br /public_html/enquete/images votar.gif
105.10.24 12:50 B D:\wwwsbrafh\enquete\images\WS_FTP.LOG --> ftp.sbrafh.org.br /public_html/enquete/images WS_FTP.LOG
2007.07.25 03:55 B Z:\amfar\enquete\images\botao_adicionar.gif --> ftp635.locaweb.com.br /public_html/enquete/images botao_adicionar.gif
2007.07.25 03:55 B Z:\amfar\enquete\images\botao_apagar.gif --> ftp635.locaweb.com.br /public_html/enquete/images botao_apagar.gif
2007.07.25 03:55 B Z:\amfar\enquete\images\botao_editar.gif --> ftp635.locaweb.com.br /public_html/enquete/images botao_editar.gif
2007.07.25 03:55 B Z:\amfar\enquete\images\botao_listar.gif --> ftp635.locaweb.com.br /public_html/enquete/images botao_listar.gif
2007.07.25 03:55 B Z:\amfar\enquete\images\enquete.jpg --> ftp635.locaweb.com.br /public_html/enquete/images enquete.jpg
2007.07.25 03:55 B Z:\amfar\enquete\images\logolab_topo.gif --> ftp635.locaweb.com.br /public_html/enquete/images logolab_topo.gif
2007.07.25 03:55 B Z:\amfar\enquete\images\percent.gif --> ftp635.locaweb.com.br /public_html/enquete/images percent.gif
2007.07.25 03:55 B Z:\amfar\enquete\images\resultado.jpg --> ftp635.locaweb.com.br /public_html/enquete/images resultado.jpg
2007.07.25 03:55 B Z:\amfar\enquete\images\voltar.gif --> ftp635.locaweb.com.br /public_html/enquete/images voltar.gif
2007.07.25 03:55 B Z:\amfar\enquete\images\votar.gif --> ftp635.locaweb.com.br /public_html/enquete/images votar.gif
