2011.06.20 18:48 B F:\xampp\htdocs\zf-tutorial\library\Zend\Pdf\Element\Array.php --> ftp.portalridgid.com.br /public_html/zf-tutorial/library/Zend/Pdf/Element Array.php
2011.06.20 18:48 B F:\xampp\htdocs\zf-tutorial\library\Zend\Pdf\Element\Boolean.php --> ftp.portalridgid.com.br /public_html/zf-tutorial/library/Zend/Pdf/Element Boolean.php
2011.06.20 18:48 B F:\xampp\htdocs\zf-tutorial\library\Zend\Pdf\Element\Dictionary.php --> ftp.portalridgid.com.br /public_html/zf-tutorial/library/Zend/Pdf/Element Dictionary.php
2011.06.20 18:48 B F:\xampp\htdocs\zf-tutorial\library\Zend\Pdf\Element\Name.php --> ftp.portalridgid.com.br /public_html/zf-tutorial/library/Zend/Pdf/Element Name.php
2011.06.20 18:48 B F:\xampp\htdocs\zf-tutorial\library\Zend\Pdf\Element\Null.php --> ftp.portalridgid.com.br /public_html/zf-tutorial/library/Zend/Pdf/Element Null.php
2011.06.20 18:48 B F:\xampp\htdocs\zf-tutorial\library\Zend\Pdf\Element\Numeric.php --> ftp.portalridgid.com.br /public_html/zf-tutorial/library/Zend/Pdf/Element Numeric.php
2011.06.20 18:48 B F:\xampp\htdocs\zf-tutorial\library\Zend\Pdf\Element\Object.php --> ftp.portalridgid.com.br /public_html/zf-tutorial/library/Zend/Pdf/Element Object.php
2011.06.20 18:48 B F:\xampp\htdocs\zf-tutorial\library\Zend\Pdf\Element\Reference.php --> ftp.portalridgid.com.br /public_html/zf-tutorial/library/Zend/Pdf/Element Reference.php
2011.06.20 18:48 B F:\xampp\htdocs\zf-tutorial\library\Zend\Pdf\Element\Stream.php --> ftp.portalridgid.com.br /public_html/zf-tutorial/library/Zend/Pdf/Element Stream.php
2011.06.20 18:48 B F:\xampp\htdocs\zf-tutorial\library\Zend\Pdf\Element\String.php --> ftp.portalridgid.com.br /public_html/zf-tutorial/library/Zend/Pdf/Element String.php
2011.06.30 03:21 B F:\xampp\htdocs\zendLibrary\Zend\Pdf\Element\WS_FTP.LOG --> ftp.sbrafh.org.br /sbrafh/Web/zendLibrary/Zend/Pdf/Element WS_FTP.LOG
2011.06.30 03:21 B F:\xampp\htdocs\zendLibrary\Zend\Pdf\Element\String.php --> ftp.sbrafh.org.br /sbrafh/Web/zendLibrary/Zend/Pdf/Element String.php
2011.06.30 03:21 B F:\xampp\htdocs\zendLibrary\Zend\Pdf\Element\Stream.php --> ftp.sbrafh.org.br /sbrafh/Web/zendLibrary/Zend/Pdf/Element Stream.php
2011.06.30 03:21 B F:\xampp\htdocs\zendLibrary\Zend\Pdf\Element\Reference.php --> ftp.sbrafh.org.br /sbrafh/Web/zendLibrary/Zend/Pdf/Element Reference.php
2011.06.30 03:21 B F:\xampp\htdocs\zendLibrary\Zend\Pdf\Element\Object.php --> ftp.sbrafh.org.br /sbrafh/Web/zendLibrary/Zend/Pdf/Element Object.php
2011.06.30 03:21 B F:\xampp\htdocs\zendLibrary\Zend\Pdf\Element\Numeric.php --> ftp.sbrafh.org.br /sbrafh/Web/zendLibrary/Zend/Pdf/Element Numeric.php
2011.06.30 03:21 B F:\xampp\htdocs\zendLibrary\Zend\Pdf\Element\Null.php --> ftp.sbrafh.org.br /sbrafh/Web/zendLibrary/Zend/Pdf/Element Null.php
2011.06.30 03:21 B F:\xampp\htdocs\zendLibrary\Zend\Pdf\Element\Name.php --> ftp.sbrafh.org.br /sbrafh/Web/zendLibrary/Zend/Pdf/Element Name.php
2011.06.30 03:21 B F:\xampp\htdocs\zendLibrary\Zend\Pdf\Element\Dictionary.php --> ftp.sbrafh.org.br /sbrafh/Web/zendLibrary/Zend/Pdf/Element Dictionary.php
2011.06.30 03:21 B F:\xampp\htdocs\zendLibrary\Zend\Pdf\Element\Boolean.php --> ftp.sbrafh.org.br /sbrafh/Web/zendLibrary/Zend/Pdf/Element Boolean.php
2011.06.30 03:21 B F:\xampp\htdocs\zendLibrary\Zend\Pdf\Element\Array.php --> ftp.sbrafh.org.br /sbrafh/Web/zendLibrary/Zend/Pdf/Element Array.php
2011.07.09 00:14 B F:\xampp\htdocs\zendLibrary\Zend\Pdf\Element\Array.php --> ftp.radiofone.com.br /public_html/radiofone/zendLibrary/Zend/Pdf/Element Array.php
2011.07.09 00:14 B F:\xampp\htdocs\zendLibrary\Zend\Pdf\Element\Boolean.php --> ftp.radiofone.com.br /public_html/radiofone/zendLibrary/Zend/Pdf/Element Boolean.php
2011.07.09 00:14 B F:\xampp\htdocs\zendLibrary\Zend\Pdf\Element\Dictionary.php --> ftp.radiofone.com.br /public_html/radiofone/zendLibrary/Zend/Pdf/Element Dictionary.php
2011.07.09 00:14 B F:\xampp\htdocs\zendLibrary\Zend\Pdf\Element\Name.php --> ftp.radiofone.com.br /public_html/radiofone/zendLibrary/Zend/Pdf/Element Name.php
2011.07.09 00:14 B F:\xampp\htdocs\zendLibrary\Zend\Pdf\Element\Null.php --> ftp.radiofone.com.br /public_html/radiofone/zendLibrary/Zend/Pdf/Element Null.php
2011.07.09 00:14 B F:\xampp\htdocs\zendLibrary\Zend\Pdf\Element\Numeric.php --> ftp.radiofone.com.br /public_html/radiofone/zendLibrary/Zend/Pdf/Element Numeric.php
2011.07.09 00:14 B F:\xampp\htdocs\zendLibrary\Zend\Pdf\Element\Object.php --> ftp.radiofone.com.br /public_html/radiofone/zendLibrary/Zend/Pdf/Element Object.php
2011.07.09 00:14 B F:\xampp\htdocs\zendLibrary\Zend\Pdf\Element\Reference.php --> ftp.radiofone.com.br /public_html/radiofone/zendLibrary/Zend/Pdf/Element Reference.php
2011.07.09 00:14 B F:\xampp\htdocs\zendLibrary\Zend\Pdf\Element\Stream.php --> ftp.radiofone.com.br /public_html/radiofone/zendLibrary/Zend/Pdf/Element Stream.php
2011.07.09 00:14 B F:\xampp\htdocs\zendLibrary\Zend\Pdf\Element\String.php --> ftp.radiofone.com.br /public_html/radiofone/zendLibrary/Zend/Pdf/Element String.php
2011.07.09 00:14 B F:\xampp\htdocs\zendLibrary\Zend\Pdf\Element\WS_FTP.LOG --> ftp.radiofone.com.br /public_html/radiofone/zendLibrary/Zend/Pdf/Element WS_FTP.LOG
2011.07.26 23:03 B F:\xampp\htdocs\zendLibrary\Zend\Pdf\Element\Array.php --> ftp.sobrafo.org.br /public_html/zendLibrary/Zend/Pdf/Element Array.php
2011.07.26 23:03 B F:\xampp\htdocs\zendLibrary\Zend\Pdf\Element\Boolean.php --> ftp.sobrafo.org.br /public_html/zendLibrary/Zend/Pdf/Element Boolean.php
2011.07.26 23:03 B F:\xampp\htdocs\zendLibrary\Zend\Pdf\Element\Dictionary.php --> ftp.sobrafo.org.br /public_html/zendLibrary/Zend/Pdf/Element Dictionary.php
2011.07.26 23:03 B F:\xampp\htdocs\zendLibrary\Zend\Pdf\Element\Name.php --> ftp.sobrafo.org.br /public_html/zendLibrary/Zend/Pdf/Element Name.php
2011.07.26 23:03 B F:\xampp\htdocs\zendLibrary\Zend\Pdf\Element\Null.php --> ftp.sobrafo.org.br /public_html/zendLibrary/Zend/Pdf/Element Null.php
2011.07.26 23:03 B F:\xampp\htdocs\zendLibrary\Zend\Pdf\Element\Numeric.php --> ftp.sobrafo.org.br /public_html/zendLibrary/Zend/Pdf/Element Numeric.php
2011.07.26 23:03 B F:\xampp\htdocs\zendLibrary\Zend\Pdf\Element\Object.php --> ftp.sobrafo.org.br /public_html/zendLibrary/Zend/Pdf/Element Object.php
2011.07.26 23:03 B F:\xampp\htdocs\zendLibrary\Zend\Pdf\Element\Reference.php --> ftp.sobrafo.org.br /public_html/zendLibrary/Zend/Pdf/Element Reference.php
2011.07.26 23:03 B F:\xampp\htdocs\zendLibrary\Zend\Pdf\Element\Stream.php --> ftp.sobrafo.org.br /public_html/zendLibrary/Zend/Pdf/Element Stream.php
2011.07.26 23:03 B F:\xampp\htdocs\zendLibrary\Zend\Pdf\Element\String.php --> ftp.sobrafo.org.br /public_html/zendLibrary/Zend/Pdf/Element String.php
2011.07.26 23:03 B F:\xampp\htdocs\zendLibrary\Zend\Pdf\Element\WS_FTP.LOG --> ftp.sobrafo.org.br /public_html/zendLibrary/Zend/Pdf/Element WS_FTP.LOG
2011.08.09 17:24 B F:\xampp\htdocs\ZendLibrary\Zend\Pdf\Element\Array.php --> ftp.amfar.com.br /public_html/ZendLibrary/Zend/Pdf/Element Array.php
2011.08.09 17:24 B F:\xampp\htdocs\ZendLibrary\Zend\Pdf\Element\Boolean.php --> ftp.amfar.com.br /public_html/ZendLibrary/Zend/Pdf/Element Boolean.php
2011.08.09 17:24 B F:\xampp\htdocs\ZendLibrary\Zend\Pdf\Element\Dictionary.php --> ftp.amfar.com.br /public_html/ZendLibrary/Zend/Pdf/Element Dictionary.php
2011.08.09 17:24 B F:\xampp\htdocs\ZendLibrary\Zend\Pdf\Element\Name.php --> ftp.amfar.com.br /public_html/ZendLibrary/Zend/Pdf/Element Name.php
2011.08.09 17:24 B F:\xampp\htdocs\ZendLibrary\Zend\Pdf\Element\Null.php --> ftp.amfar.com.br /public_html/ZendLibrary/Zend/Pdf/Element Null.php
2011.08.09 17:24 B F:\xampp\htdocs\ZendLibrary\Zend\Pdf\Element\Numeric.php --> ftp.amfar.com.br /public_html/ZendLibrary/Zend/Pdf/Element Numeric.php
2011.08.09 17:24 B F:\xampp\htdocs\ZendLibrary\Zend\Pdf\Element\Object.php --> ftp.amfar.com.br /public_html/ZendLibrary/Zend/Pdf/Element Object.php
2011.08.09 17:24 B F:\xampp\htdocs\ZendLibrary\Zend\Pdf\Element\Reference.php --> ftp.amfar.com.br /public_html/ZendLibrary/Zend/Pdf/Element Reference.php
2011.08.09 17:24 B F:\xampp\htdocs\ZendLibrary\Zend\Pdf\Element\Stream.php --> ftp.amfar.com.br /public_html/ZendLibrary/Zend/Pdf/Element Stream.php
2011.08.09 17:24 B F:\xampp\htdocs\ZendLibrary\Zend\Pdf\Element\String.php --> ftp.amfar.com.br /public_html/ZendLibrary/Zend/Pdf/Element String.php
