2011.06.20 18:33 B F:\xampp\htdocs\zf-tutorial\library\Zend\Db\Adapter\Db2\Exception.php --> ftp.portalridgid.com.br /public_html/zf-tutorial/library/Zend/Db/Adapter/Db2 Exception.php
2011.06.30 03:42 B F:\xampp\htdocs\zendLibrary\Zend\Db\Adapter\Db2\WS_FTP.LOG --> ftp.sbrafh.org.br /sbrafh/Web/zendLibrary/Zend/Db/Adapter/Db2 WS_FTP.LOG
2011.06.30 03:42 B F:\xampp\htdocs\zendLibrary\Zend\Db\Adapter\Db2\Exception.php --> ftp.sbrafh.org.br /sbrafh/Web/zendLibrary/Zend/Db/Adapter/Db2 Exception.php
2011.07.08 23:46 B F:\xampp\htdocs\zendLibrary\Zend\Db\Adapter\Db2\Exception.php --> ftp.radiofone.com.br /public_html/radiofone/zendLibrary/Zend/Db/Adapter/Db2 Exception.php
2011.07.08 23:46 B F:\xampp\htdocs\zendLibrary\Zend\Db\Adapter\Db2\WS_FTP.LOG --> ftp.radiofone.com.br /public_html/radiofone/zendLibrary/Zend/Db/Adapter/Db2 WS_FTP.LOG
2011.07.09 00:45 B F:\xampp\htdocs\zendLibrary\Zend\Db\Adapter\Db2\WS_FTP.LOG --> ftp.radiofone.com.br /public_html/radiofone/zendLibrary/Zend/Db/Adapter/Db2 WS_FTP.LOG
2011.07.26 22:46 B F:\xampp\htdocs\zendLibrary\Zend\Db\Adapter\Db2\Exception.php --> ftp.sobrafo.org.br /public_html/zendLibrary/Zend/Db/Adapter/Db2 Exception.php
2011.07.26 22:46 B F:\xampp\htdocs\zendLibrary\Zend\Db\Adapter\Db2\WS_FTP.LOG --> ftp.sobrafo.org.br /public_html/zendLibrary/Zend/Db/Adapter/Db2 WS_FTP.LOG
2011.08.09 16:56 B F:\xampp\htdocs\ZendLibrary\Zend\Db\Adapter\Db2\Exception.php --> ftp.amfar.com.br /public_html/ZendLibrary/Zend/Db/Adapter/Db2 Exception.php
2011.08.09 16:56 B F:\xampp\htdocs\ZendLibrary\Zend\Db\Adapter\Db2\WS_FTP.LOG --> ftp.amfar.com.br /public_html/ZendLibrary/Zend/Db/Adapter/Db2 WS_FTP.LOG
2011.08.22 20:59 B X:\xampp\htdocs\ZendLibrary\Zend\Db\Adapter\Db2\Exception.php --> ftp.jairodepaula.com.br /jairodepaula/web/ZendLibrary/Zend/Db/Adapter/Db2 Exception.php
2011.08.22 20:59 B X:\xampp\htdocs\ZendLibrary\Zend\Db\Adapter\Db2\WS_FTP.LOG --> ftp.jairodepaula.com.br /jairodepaula/web/ZendLibrary/Zend/Db/Adapter/Db2 WS_FTP.LOG
2011.12.31 14:48 B F:\xampp\htdocs\ZendLibrary\Zend\Db\Adapter\Db2\Exception.php --> ftp.sbrafh.org.br /public_html/ZendLibrary/Zend/Db/Adapter/Db2 Exception.php
2011.12.31 14:48 B F:\xampp\htdocs\ZendLibrary\Zend\Db\Adapter\Db2\WS_FTP.LOG --> ftp.sbrafh.org.br /public_html/ZendLibrary/Zend/Db/Adapter/Db2 WS_FTP.LOG
2012.01.06 03:18 B F:\xampp\htdocs\ZendLibrary\Zend\Db\Adapter\Db2\Exception.php --> ftp461.locaweb.com.br /ridgid/web/ZendLibrary/Zend/Db/Adapter/Db2 Exception.php
2012.01.06 03:18 B F:\xampp\htdocs\ZendLibrary\Zend\Db\Adapter\Db2\WS_FTP.LOG --> ftp461.locaweb.com.br /ridgid/web/ZendLibrary/Zend/Db/Adapter/Db2 WS_FTP.LOG
2012.01.24 17:33 B F:\xampp\htdocs\ZendLibrary\Zend\Db\Adapter\Db2\Exception.php --> graficamarmar.com.br /htdocs/ZendLibrary/Zend/Db/Adapter/Db2 Exception.php
2012.01.24 17:33 B F:\xampp\htdocs\ZendLibrary\Zend\Db\Adapter\Db2\WS_FTP.LOG --> graficamarmar.com.br /htdocs/ZendLibrary/Zend/Db/Adapter/Db2 WS_FTP.LOG
2012.02.08 17:05 B F:\xampp\htdocs\ZendLibrary\Zend\Db\Adapter\Db2\Exception.php --> graficamarmar.hospedagemdesites.ws /public_html/ZendLibrary/Zend/Db/Adapter/Db2 Exception.php
2012.02.08 17:05 B F:\xampp\htdocs\ZendLibrary\Zend\Db\Adapter\Db2\WS_FTP.LOG --> graficamarmar.hospedagemdesites.ws /public_html/ZendLibrary/Zend/Db/Adapter/Db2 WS_FTP.LOG
2012.10.29 14:42 B F:\xampp\htdocs\ZendLibrary\Zend\Db\Adapter\Db2\Exception.php --> 186.202.153.85 /public_html/ZendLibrary/Zend/Db/Adapter/Db2 Exception.php
2012.10.29 14:42 B F:\xampp\htdocs\ZendLibrary\Zend\Db\Adapter\Db2\WS_FTP.LOG --> 186.202.153.85 /public_html/ZendLibrary/Zend/Db/Adapter/Db2 WS_FTP.LOG
