2011.06.20 18:58 B F:\xampp\htdocs\zf-tutorial\library\Zend\View\Helper\Navigation\Breadcrumbs.php --> ftp.portalridgid.com.br /public_html/zf-tutorial/library/Zend/View/Helper/Navigation Breadcrumbs.php
2011.06.20 18:58 B F:\xampp\htdocs\zf-tutorial\library\Zend\View\Helper\Navigation\Helper.php --> ftp.portalridgid.com.br /public_html/zf-tutorial/library/Zend/View/Helper/Navigation Helper.php
2011.06.20 18:58 B F:\xampp\htdocs\zf-tutorial\library\Zend\View\Helper\Navigation\HelperAbstract.php --> ftp.portalridgid.com.br /public_html/zf-tutorial/library/Zend/View/Helper/Navigation HelperAbstract.php
2011.06.20 18:58 B F:\xampp\htdocs\zf-tutorial\library\Zend\View\Helper\Navigation\Links.php --> ftp.portalridgid.com.br /public_html/zf-tutorial/library/Zend/View/Helper/Navigation Links.php
2011.06.20 18:58 B F:\xampp\htdocs\zf-tutorial\library\Zend\View\Helper\Navigation\Menu.php --> ftp.portalridgid.com.br /public_html/zf-tutorial/library/Zend/View/Helper/Navigation Menu.php
2011.06.20 18:58 B F:\xampp\htdocs\zf-tutorial\library\Zend\View\Helper\Navigation\Sitemap.php --> ftp.portalridgid.com.br /public_html/zf-tutorial/library/Zend/View/Helper/Navigation Sitemap.php
2011.06.30 03:08 B F:\xampp\htdocs\zendLibrary\Zend\View\Helper\Navigation\WS_FTP.LOG --> ftp.sbrafh.org.br /sbrafh/Web/zendLibrary/Zend/View/Helper/Navigation WS_FTP.LOG
2011.06.30 03:08 B F:\xampp\htdocs\zendLibrary\Zend\View\Helper\Navigation\Sitemap.php --> ftp.sbrafh.org.br /sbrafh/Web/zendLibrary/Zend/View/Helper/Navigation Sitemap.php
2011.06.30 03:08 B F:\xampp\htdocs\zendLibrary\Zend\View\Helper\Navigation\Menu.php --> ftp.sbrafh.org.br /sbrafh/Web/zendLibrary/Zend/View/Helper/Navigation Menu.php
2011.06.30 03:08 B F:\xampp\htdocs\zendLibrary\Zend\View\Helper\Navigation\Links.php --> ftp.sbrafh.org.br /sbrafh/Web/zendLibrary/Zend/View/Helper/Navigation Links.php
2011.06.30 03:08 B F:\xampp\htdocs\zendLibrary\Zend\View\Helper\Navigation\HelperAbstract.php --> ftp.sbrafh.org.br /sbrafh/Web/zendLibrary/Zend/View/Helper/Navigation HelperAbstract.php
2011.06.30 03:08 B F:\xampp\htdocs\zendLibrary\Zend\View\Helper\Navigation\Helper.php --> ftp.sbrafh.org.br /sbrafh/Web/zendLibrary/Zend/View/Helper/Navigation Helper.php
2011.06.30 03:08 B F:\xampp\htdocs\zendLibrary\Zend\View\Helper\Navigation\Breadcrumbs.php --> ftp.sbrafh.org.br /sbrafh/Web/zendLibrary/Zend/View/Helper/Navigation Breadcrumbs.php
2011.07.09 00:25 B F:\xampp\htdocs\zendLibrary\Zend\View\Helper\Navigation\Breadcrumbs.php --> ftp.radiofone.com.br /public_html/radiofone/zendLibrary/Zend/View/Helper/Navigation Breadcrumbs.php
2011.07.09 00:25 B F:\xampp\htdocs\zendLibrary\Zend\View\Helper\Navigation\Helper.php --> ftp.radiofone.com.br /public_html/radiofone/zendLibrary/Zend/View/Helper/Navigation Helper.php
2011.07.09 00:25 B F:\xampp\htdocs\zendLibrary\Zend\View\Helper\Navigation\HelperAbstract.php --> ftp.radiofone.com.br /public_html/radiofone/zendLibrary/Zend/View/Helper/Navigation HelperAbstract.php
2011.07.09 00:25 B F:\xampp\htdocs\zendLibrary\Zend\View\Helper\Navigation\Links.php --> ftp.radiofone.com.br /public_html/radiofone/zendLibrary/Zend/View/Helper/Navigation Links.php
2011.07.09 00:25 B F:\xampp\htdocs\zendLibrary\Zend\View\Helper\Navigation\Menu.php --> ftp.radiofone.com.br /public_html/radiofone/zendLibrary/Zend/View/Helper/Navigation Menu.php
2011.07.09 00:25 B F:\xampp\htdocs\zendLibrary\Zend\View\Helper\Navigation\Sitemap.php --> ftp.radiofone.com.br /public_html/radiofone/zendLibrary/Zend/View/Helper/Navigation Sitemap.php
2011.07.09 00:25 B F:\xampp\htdocs\zendLibrary\Zend\View\Helper\Navigation\WS_FTP.LOG --> ftp.radiofone.com.br /public_html/radiofone/zendLibrary/Zend/View/Helper/Navigation WS_FTP.LOG
2011.07.26 23:14 B F:\xampp\htdocs\zendLibrary\Zend\View\Helper\Navigation\Breadcrumbs.php --> ftp.sobrafo.org.br /public_html/zendLibrary/Zend/View/Helper/Navigation Breadcrumbs.php
2011.07.26 23:14 B F:\xampp\htdocs\zendLibrary\Zend\View\Helper\Navigation\Helper.php --> ftp.sobrafo.org.br /public_html/zendLibrary/Zend/View/Helper/Navigation Helper.php
2011.07.26 23:14 B F:\xampp\htdocs\zendLibrary\Zend\View\Helper\Navigation\HelperAbstract.php --> ftp.sobrafo.org.br /public_html/zendLibrary/Zend/View/Helper/Navigation HelperAbstract.php
2011.07.26 23:14 B F:\xampp\htdocs\zendLibrary\Zend\View\Helper\Navigation\Links.php --> ftp.sobrafo.org.br /public_html/zendLibrary/Zend/View/Helper/Navigation Links.php
2011.07.26 23:14 B F:\xampp\htdocs\zendLibrary\Zend\View\Helper\Navigation\Menu.php --> ftp.sobrafo.org.br /public_html/zendLibrary/Zend/View/Helper/Navigation Menu.php
2011.07.26 23:14 B F:\xampp\htdocs\zendLibrary\Zend\View\Helper\Navigation\Sitemap.php --> ftp.sobrafo.org.br /public_html/zendLibrary/Zend/View/Helper/Navigation Sitemap.php
2011.07.26 23:14 B F:\xampp\htdocs\zendLibrary\Zend\View\Helper\Navigation\WS_FTP.LOG --> ftp.sobrafo.org.br /public_html/zendLibrary/Zend/View/Helper/Navigation WS_FTP.LOG
2011.08.09 17:34 B F:\xampp\htdocs\ZendLibrary\Zend\View\Helper\Navigation\Breadcrumbs.php --> ftp.amfar.com.br /public_html/ZendLibrary/Zend/View/Helper/Navigation Breadcrumbs.php
2011.08.09 17:34 B F:\xampp\htdocs\ZendLibrary\Zend\View\Helper\Navigation\Helper.php --> ftp.amfar.com.br /public_html/ZendLibrary/Zend/View/Helper/Navigation Helper.php
2011.08.09 17:34 B F:\xampp\htdocs\ZendLibrary\Zend\View\Helper\Navigation\HelperAbstract.php --> ftp.amfar.com.br /public_html/ZendLibrary/Zend/View/Helper/Navigation HelperAbstract.php
2011.08.09 17:34 B F:\xampp\htdocs\ZendLibrary\Zend\View\Helper\Navigation\Links.php --> ftp.amfar.com.br /public_html/ZendLibrary/Zend/View/Helper/Navigation Links.php
2011.08.09 17:34 B F:\xampp\htdocs\ZendLibrary\Zend\View\Helper\Navigation\Menu.php --> ftp.amfar.com.br /public_html/ZendLibrary/Zend/View/Helper/Navigation Menu.php
2011.08.09 17:34 B F:\xampp\htdocs\ZendLibrary\Zend\View\Helper\Navigation\Sitemap.php --> ftp.amfar.com.br /public_html/ZendLibrary/Zend/View/Helper/Navigation Sitemap.php
2011.08.09 17:34 B F:\xampp\htdocs\ZendLibrary\Zend\View\Helper\Navigation\WS_FTP.LOG --> ftp.amfar.com.br /public_html/ZendLibrary/Zend/View/Helper/Navigation WS_FTP.LOG
2011.08.22 21:36 B X:\xampp\htdocs\ZendLibrary\Zend\View\Helper\Navigation\Breadcrumbs.php --> ftp.jairodepaula.com.br /jairodepaula/web/ZendLibrary/Zend/View/Helper/Navigation Breadcrumbs.php
2011.08.22 21:36 B X:\xampp\htdocs\ZendLibrary\Zend\View\Helper\Navigation\Helper.php --> ftp.jairodepaula.com.br /jairodepaula/web/ZendLibrary/Zend/View/Helper/Navigation Helper.php
2011.08.22 21:36 B X:\xampp\htdocs\ZendLibrary\Zend\View\Helper\Navigation\HelperAbstract.php --> ftp.jairodepaula.com.br /jairodepaula/web/ZendLibrary/Zend/View/Helper/Navigation HelperAbstract.php
2011.08.22 21:36 B X:\xampp\htdocs\ZendLibrary\Zend\View\Helper\Navigation\Links.php --> ftp.jairodepaula.com.br /jairodepaula/web/ZendLibrary/Zend/View/Helper/Navigation Links.php
2011.08.22 21:36 B X:\xampp\htdocs\ZendLibrary\Zend\View\Helper\Navigation\Menu.php --> ftp.jairodepaula.com.br /jairodepaula/web/ZendLibrary/Zend/View/Helper/Navigation Menu.php
2011.08.22 21:36 B X:\xampp\htdocs\ZendLibrary\Zend\View\Helper\Navigation\Sitemap.php --> ftp.jairodepaula.com.br /jairodepaula/web/ZendLibrary/Zend/View/Helper/Navigation Sitemap.php
2011.08.22 21:36 B X:\xampp\htdocs\ZendLibrary\Zend\View\Helper\Navigation\WS_FTP.LOG --> ftp.jairodepaula.com.br /jairodepaula/web/ZendLibrary/Zend/View/Helper/Navigation WS_FTP.LOG
2011.12.31 15:13 B F:\xampp\htdocs\ZendLibrary\Zend\View\Helper\Navigation\Breadcrumbs.php --> ftp.sbrafh.org.br /public_html/ZendLibrary/Zend/View/Helper/Navigation Breadcrumbs.php
2011.12.31 15:13 B F:\xampp\htdocs\ZendLibrary\Zend\View\Helper\Navigation\Helper.php --> ftp.sbrafh.org.br /public_html/ZendLibrary/Zend/View/Helper/Navigation Helper.php
2011.12.31 15:13 B F:\xampp\htdocs\ZendLibrary\Zend\View\Helper\Navigation\HelperAbstract.php --> ftp.sbrafh.org.br /public_html/ZendLibrary/Zend/View/Helper/Navigation HelperAbstract.php
2011.12.31 15:13 B F:\xampp\htdocs\ZendLibrary\Zend\View\Helper\Navigation\Links.php --> ftp.sbrafh.org.br /public_html/ZendLibrary/Zend/View/Helper/Navigation Links.php
2011.12.31 15:13 B F:\xampp\htdocs\ZendLibrary\Zend\View\Helper\Navigation\Menu.php --> ftp.sbrafh.org.br /public_html/ZendLibrary/Zend/View/Helper/Navigation Menu.php
2011.12.31 15:13 B F:\xampp\htdocs\ZendLibrary\Zend\View\Helper\Navigation\Sitemap.php --> ftp.sbrafh.org.br /public_html/ZendLibrary/Zend/View/Helper/Navigation Sitemap.php
2011.12.31 15:13 B F:\xampp\htdocs\ZendLibrary\Zend\View\Helper\Navigation\WS_FTP.LOG --> ftp.sbrafh.org.br /public_html/ZendLibrary/Zend/View/Helper/Navigation WS_FTP.LOG
2012.01.06 03:50 B F:\xampp\htdocs\ZendLibrary\Zend\View\Helper\Navigation\Breadcrumbs.php --> ftp461.locaweb.com.br /ridgid/web/ZendLibrary/Zend/View/Helper/Navigation Breadcrumbs.php
2012.01.06 03:50 B F:\xampp\htdocs\ZendLibrary\Zend\View\Helper\Navigation\Helper.php --> ftp461.locaweb.com.br /ridgid/web/ZendLibrary/Zend/View/Helper/Navigation Helper.php
2012.01.06 03:50 B F:\xampp\htdocs\ZendLibrary\Zend\View\Helper\Navigation\HelperAbstract.php --> ftp461.locaweb.com.br /ridgid/web/ZendLibrary/Zend/View/Helper/Navigation HelperAbstract.php
2012.01.06 03:50 B F:\xampp\htdocs\ZendLibrary\Zend\View\Helper\Navigation\Links.php --> ftp461.locaweb.com.br /ridgid/web/ZendLibrary/Zend/View/Helper/Navigation Links.php
2012.01.06 03:50 B F:\xampp\htdocs\ZendLibrary\Zend\View\Helper\Navigation\Menu.php --> ftp461.locaweb.com.br /ridgid/web/ZendLibrary/Zend/View/Helper/Navigation Menu.php
2012.01.06 03:50 B F:\xampp\htdocs\ZendLibrary\Zend\View\Helper\Navigation\Sitemap.php --> ftp461.locaweb.com.br /ridgid/web/ZendLibrary/Zend/View/Helper/Navigation Sitemap.php
2012.01.06 03:50 B F:\xampp\htdocs\ZendLibrary\Zend\View\Helper\Navigation\WS_FTP.LOG --> ftp461.locaweb.com.br /ridgid/web/ZendLibrary/Zend/View/Helper/Navigation WS_FTP.LOG
2012.01.24 19:20 B F:\xampp\htdocs\ZendLibrary\Zend\View\Helper\Navigation\Breadcrumbs.php --> graficamarmar.com.br /htdocs/ZendLibrary/Zend/View/Helper/Navigation Breadcrumbs.php
2012.01.24 19:20 B F:\xampp\htdocs\ZendLibrary\Zend\View\Helper\Navigation\Helper.php --> graficamarmar.com.br /htdocs/ZendLibrary/Zend/View/Helper/Navigation Helper.php
2012.01.24 19:20 B F:\xampp\htdocs\ZendLibrary\Zend\View\Helper\Navigation\HelperAbstract.php --> graficamarmar.com.br /htdocs/ZendLibrary/Zend/View/Helper/Navigation HelperAbstract.php
2012.01.24 19:20 B F:\xampp\htdocs\ZendLibrary\Zend\View\Helper\Navigation\Links.php --> graficamarmar.com.br /htdocs/ZendLibrary/Zend/View/Helper/Navigation Links.php
2012.01.24 19:20 B F:\xampp\htdocs\ZendLibrary\Zend\View\Helper\Navigation\Menu.php --> graficamarmar.com.br /htdocs/ZendLibrary/Zend/View/Helper/Navigation Menu.php
2012.01.24 19:20 B F:\xampp\htdocs\ZendLibrary\Zend\View\Helper\Navigation\Sitemap.php --> graficamarmar.com.br /htdocs/ZendLibrary/Zend/View/Helper/Navigation Sitemap.php
2012.01.24 19:20 B F:\xampp\htdocs\ZendLibrary\Zend\View\Helper\Navigation\WS_FTP.LOG --> graficamarmar.com.br /htdocs/ZendLibrary/Zend/View/Helper/Navigation WS_FTP.LOG
2012.02.08 17:29 B F:\xampp\htdocs\ZendLibrary\Zend\View\Helper\Navigation\Breadcrumbs.php --> graficamarmar.hospedagemdesites.ws /public_html/ZendLibrary/Zend/View/Helper/Navigation Breadcrumbs.php
2012.02.08 17:29 B F:\xampp\htdocs\ZendLibrary\Zend\View\Helper\Navigation\Helper.php --> graficamarmar.hospedagemdesites.ws /public_html/ZendLibrary/Zend/View/Helper/Navigation Helper.php
2012.02.08 17:29 B F:\xampp\htdocs\ZendLibrary\Zend\View\Helper\Navigation\HelperAbstract.php --> graficamarmar.hospedagemdesites.ws /public_html/ZendLibrary/Zend/View/Helper/Navigation HelperAbstract.php
2012.02.08 17:29 B F:\xampp\htdocs\ZendLibrary\Zend\View\Helper\Navigation\Links.php --> graficamarmar.hospedagemdesites.ws /public_html/ZendLibrary/Zend/View/Helper/Navigation Links.php
2012.02.08 17:29 B F:\xampp\htdocs\ZendLibrary\Zend\View\Helper\Navigation\Menu.php --> graficamarmar.hospedagemdesites.ws /public_html/ZendLibrary/Zend/View/Helper/Navigation Menu.php
2012.02.08 17:29 B F:\xampp\htdocs\ZendLibrary\Zend\View\Helper\Navigation\Sitemap.php --> graficamarmar.hospedagemdesites.ws /public_html/ZendLibrary/Zend/View/Helper/Navigation Sitemap.php
2012.02.08 17:29 B F:\xampp\htdocs\ZendLibrary\Zend\View\Helper\Navigation\WS_FTP.LOG --> graficamarmar.hospedagemdesites.ws /public_html/ZendLibrary/Zend/View/Helper/Navigation WS_FTP.LOG
2012.10.29 15:07 B F:\xampp\htdocs\ZendLibrary\Zend\View\Helper\Navigation\Breadcrumbs.php --> 186.202.153.85 /public_html/ZendLibrary/Zend/View/Helper/Navigation Breadcrumbs.php
2012.10.29 15:07 B F:\xampp\htdocs\ZendLibrary\Zend\View\Helper\Navigation\Helper.php --> 186.202.153.85 /public_html/ZendLibrary/Zend/View/Helper/Navigation Helper.php
2012.10.29 15:07 B F:\xampp\htdocs\ZendLibrary\Zend\View\Helper\Navigation\HelperAbstract.php --> 186.202.153.85 /public_html/ZendLibrary/Zend/View/Helper/Navigation HelperAbstract.php
2012.10.29 15:07 B F:\xampp\htdocs\ZendLibrary\Zend\View\Helper\Navigation\Links.php --> 186.202.153.85 /public_html/ZendLibrary/Zend/View/Helper/Navigation Links.php
2012.10.29 15:07 B F:\xampp\htdocs\ZendLibrary\Zend\View\Helper\Navigation\Menu.php --> 186.202.153.85 /public_html/ZendLibrary/Zend/View/Helper/Navigation Menu.php
2012.10.29 15:07 B F:\xampp\htdocs\ZendLibrary\Zend\View\Helper\Navigation\Sitemap.php --> 186.202.153.85 /public_html/ZendLibrary/Zend/View/Helper/Navigation Sitemap.php
2012.10.29 15:07 B F:\xampp\htdocs\ZendLibrary\Zend\View\Helper\Navigation\WS_FTP.LOG --> 186.202.153.85 /public_html/ZendLibrary/Zend/View/Helper/Navigation WS_FTP.LOG
