2011.06.20 18:54 B F:\xampp\htdocs\zf-tutorial\library\Zend\Soap\Client\Common.php --> ftp.portalridgid.com.br /public_html/zf-tutorial/library/Zend/Soap/Client Common.php
2011.06.20 18:54 B F:\xampp\htdocs\zf-tutorial\library\Zend\Soap\Client\DotNet.php --> ftp.portalridgid.com.br /public_html/zf-tutorial/library/Zend/Soap/Client DotNet.php
2011.06.20 18:54 B F:\xampp\htdocs\zf-tutorial\library\Zend\Soap\Client\Exception.php --> ftp.portalridgid.com.br /public_html/zf-tutorial/library/Zend/Soap/Client Exception.php
2011.06.20 18:54 B F:\xampp\htdocs\zf-tutorial\library\Zend\Soap\Client\Local.php --> ftp.portalridgid.com.br /public_html/zf-tutorial/library/Zend/Soap/Client Local.php
2011.06.30 03:11 B F:\xampp\htdocs\zendLibrary\Zend\Soap\Client\WS_FTP.LOG --> ftp.sbrafh.org.br /sbrafh/Web/zendLibrary/Zend/Soap/Client WS_FTP.LOG
2011.06.30 03:11 B F:\xampp\htdocs\zendLibrary\Zend\Soap\Client\Local.php --> ftp.sbrafh.org.br /sbrafh/Web/zendLibrary/Zend/Soap/Client Local.php
2011.06.30 03:11 B F:\xampp\htdocs\zendLibrary\Zend\Soap\Client\Exception.php --> ftp.sbrafh.org.br /sbrafh/Web/zendLibrary/Zend/Soap/Client Exception.php
2011.06.30 03:11 B F:\xampp\htdocs\zendLibrary\Zend\Soap\Client\DotNet.php --> ftp.sbrafh.org.br /sbrafh/Web/zendLibrary/Zend/Soap/Client DotNet.php
2011.06.30 03:11 B F:\xampp\htdocs\zendLibrary\Zend\Soap\Client\Common.php --> ftp.sbrafh.org.br /sbrafh/Web/zendLibrary/Zend/Soap/Client Common.php
2011.07.09 00:22 B F:\xampp\htdocs\zendLibrary\Zend\Soap\Client\Common.php --> ftp.radiofone.com.br /public_html/radiofone/zendLibrary/Zend/Soap/Client Common.php
2011.07.09 00:22 B F:\xampp\htdocs\zendLibrary\Zend\Soap\Client\DotNet.php --> ftp.radiofone.com.br /public_html/radiofone/zendLibrary/Zend/Soap/Client DotNet.php
2011.07.09 00:22 B F:\xampp\htdocs\zendLibrary\Zend\Soap\Client\Exception.php --> ftp.radiofone.com.br /public_html/radiofone/zendLibrary/Zend/Soap/Client Exception.php
2011.07.09 00:22 B F:\xampp\htdocs\zendLibrary\Zend\Soap\Client\Local.php --> ftp.radiofone.com.br /public_html/radiofone/zendLibrary/Zend/Soap/Client Local.php
2011.07.09 00:22 B F:\xampp\htdocs\zendLibrary\Zend\Soap\Client\WS_FTP.LOG --> ftp.radiofone.com.br /public_html/radiofone/zendLibrary/Zend/Soap/Client WS_FTP.LOG
2011.07.09 00:53 B F:\xampp\htdocs\zendLibrary\Zend\Soap\Client\WS_FTP.LOG --> ftp.radiofone.com.br /public_html/radiofone/zendLibrary/Zend/Soap/Client WS_FTP.LOG
2011.07.26 23:10 B F:\xampp\htdocs\zendLibrary\Zend\Soap\Client\Common.php --> ftp.sobrafo.org.br /public_html/zendLibrary/Zend/Soap/Client Common.php
2011.07.26 23:10 B F:\xampp\htdocs\zendLibrary\Zend\Soap\Client\DotNet.php --> ftp.sobrafo.org.br /public_html/zendLibrary/Zend/Soap/Client DotNet.php
2011.07.26 23:10 B F:\xampp\htdocs\zendLibrary\Zend\Soap\Client\Exception.php --> ftp.sobrafo.org.br /public_html/zendLibrary/Zend/Soap/Client Exception.php
2011.07.26 23:10 B F:\xampp\htdocs\zendLibrary\Zend\Soap\Client\Local.php --> ftp.sobrafo.org.br /public_html/zendLibrary/Zend/Soap/Client Local.php
2011.07.26 23:10 B F:\xampp\htdocs\zendLibrary\Zend\Soap\Client\WS_FTP.LOG --> ftp.sobrafo.org.br /public_html/zendLibrary/Zend/Soap/Client WS_FTP.LOG
2011.08.09 17:31 B F:\xampp\htdocs\ZendLibrary\Zend\Soap\Client\Common.php --> ftp.amfar.com.br /public_html/ZendLibrary/Zend/Soap/Client Common.php
2011.08.09 17:31 B F:\xampp\htdocs\ZendLibrary\Zend\Soap\Client\DotNet.php --> ftp.amfar.com.br /public_html/ZendLibrary/Zend/Soap/Client DotNet.php
2011.08.09 17:31 B F:\xampp\htdocs\ZendLibrary\Zend\Soap\Client\Exception.php --> ftp.amfar.com.br /public_html/ZendLibrary/Zend/Soap/Client Exception.php
2011.08.09 17:31 B F:\xampp\htdocs\ZendLibrary\Zend\Soap\Client\Local.php --> ftp.amfar.com.br /public_html/ZendLibrary/Zend/Soap/Client Local.php
