2011.06.20 18:30 B F:\xampp\htdocs\zf-tutorial\library\Zend\Amf\Value\Messaging\AbstractMessage.php --> ftp.portalridgid.com.br /public_html/zf-tutorial/library/Zend/Amf/Value/Messaging AbstractMessage.php
2011.06.20 18:30 B F:\xampp\htdocs\zf-tutorial\library\Zend\Amf\Value\Messaging\AcknowledgeMessage.php --> ftp.portalridgid.com.br /public_html/zf-tutorial/library/Zend/Amf/Value/Messaging AcknowledgeMessage.php
2011.06.20 18:30 B F:\xampp\htdocs\zf-tutorial\library\Zend\Amf\Value\Messaging\ArrayCollection.php --> ftp.portalridgid.com.br /public_html/zf-tutorial/library/Zend/Amf/Value/Messaging ArrayCollection.php
2011.06.20 18:30 B F:\xampp\htdocs\zf-tutorial\library\Zend\Amf\Value\Messaging\AsyncMessage.php --> ftp.portalridgid.com.br /public_html/zf-tutorial/library/Zend/Amf/Value/Messaging AsyncMessage.php
2011.06.20 18:30 B F:\xampp\htdocs\zf-tutorial\library\Zend\Amf\Value\Messaging\CommandMessage.php --> ftp.portalridgid.com.br /public_html/zf-tutorial/library/Zend/Amf/Value/Messaging CommandMessage.php
2011.06.20 18:30 B F:\xampp\htdocs\zf-tutorial\library\Zend\Amf\Value\Messaging\ErrorMessage.php --> ftp.portalridgid.com.br /public_html/zf-tutorial/library/Zend/Amf/Value/Messaging ErrorMessage.php
2011.06.20 18:30 B F:\xampp\htdocs\zf-tutorial\library\Zend\Amf\Value\Messaging\RemotingMessage.php --> ftp.portalridgid.com.br /public_html/zf-tutorial/library/Zend/Amf/Value/Messaging RemotingMessage.php
2011.06.30 03:46 B F:\xampp\htdocs\zendLibrary\Zend\Amf\Value\Messaging\WS_FTP.LOG --> ftp.sbrafh.org.br /sbrafh/Web/zendLibrary/Zend/Amf/Value/Messaging WS_FTP.LOG
2011.06.30 03:46 B F:\xampp\htdocs\zendLibrary\Zend\Amf\Value\Messaging\RemotingMessage.php --> ftp.sbrafh.org.br /sbrafh/Web/zendLibrary/Zend/Amf/Value/Messaging RemotingMessage.php
2011.06.30 03:46 B F:\xampp\htdocs\zendLibrary\Zend\Amf\Value\Messaging\ErrorMessage.php --> ftp.sbrafh.org.br /sbrafh/Web/zendLibrary/Zend/Amf/Value/Messaging ErrorMessage.php
2011.06.30 03:46 B F:\xampp\htdocs\zendLibrary\Zend\Amf\Value\Messaging\CommandMessage.php --> ftp.sbrafh.org.br /sbrafh/Web/zendLibrary/Zend/Amf/Value/Messaging CommandMessage.php
2011.06.30 03:46 B F:\xampp\htdocs\zendLibrary\Zend\Amf\Value\Messaging\AsyncMessage.php --> ftp.sbrafh.org.br /sbrafh/Web/zendLibrary/Zend/Amf/Value/Messaging AsyncMessage.php
2011.06.30 03:46 B F:\xampp\htdocs\zendLibrary\Zend\Amf\Value\Messaging\ArrayCollection.php --> ftp.sbrafh.org.br /sbrafh/Web/zendLibrary/Zend/Amf/Value/Messaging ArrayCollection.php
2011.06.30 03:46 B F:\xampp\htdocs\zendLibrary\Zend\Amf\Value\Messaging\AcknowledgeMessage.php --> ftp.sbrafh.org.br /sbrafh/Web/zendLibrary/Zend/Amf/Value/Messaging AcknowledgeMessage.php
2011.06.30 03:46 B F:\xampp\htdocs\zendLibrary\Zend\Amf\Value\Messaging\AbstractMessage.php --> ftp.sbrafh.org.br /sbrafh/Web/zendLibrary/Zend/Amf/Value/Messaging AbstractMessage.php
2011.07.08 23:43 B F:\xampp\htdocs\zendLibrary\Zend\Amf\Value\Messaging\AbstractMessage.php --> ftp.radiofone.com.br /public_html/radiofone/zendLibrary/Zend/Amf/Value/Messaging AbstractMessage.php
2011.07.08 23:43 B F:\xampp\htdocs\zendLibrary\Zend\Amf\Value\Messaging\AcknowledgeMessage.php --> ftp.radiofone.com.br /public_html/radiofone/zendLibrary/Zend/Amf/Value/Messaging AcknowledgeMessage.php
2011.07.08 23:43 B F:\xampp\htdocs\zendLibrary\Zend\Amf\Value\Messaging\ArrayCollection.php --> ftp.radiofone.com.br /public_html/radiofone/zendLibrary/Zend/Amf/Value/Messaging ArrayCollection.php
2011.07.08 23:43 B F:\xampp\htdocs\zendLibrary\Zend\Amf\Value\Messaging\AsyncMessage.php --> ftp.radiofone.com.br /public_html/radiofone/zendLibrary/Zend/Amf/Value/Messaging AsyncMessage.php
2011.07.08 23:43 B F:\xampp\htdocs\zendLibrary\Zend\Amf\Value\Messaging\CommandMessage.php --> ftp.radiofone.com.br /public_html/radiofone/zendLibrary/Zend/Amf/Value/Messaging CommandMessage.php
2011.07.08 23:43 B F:\xampp\htdocs\zendLibrary\Zend\Amf\Value\Messaging\ErrorMessage.php --> ftp.radiofone.com.br /public_html/radiofone/zendLibrary/Zend/Amf/Value/Messaging ErrorMessage.php
2011.07.08 23:43 B F:\xampp\htdocs\zendLibrary\Zend\Amf\Value\Messaging\RemotingMessage.php --> ftp.radiofone.com.br /public_html/radiofone/zendLibrary/Zend/Amf/Value/Messaging RemotingMessage.php
2011.07.08 23:43 B F:\xampp\htdocs\zendLibrary\Zend\Amf\Value\Messaging\WS_FTP.LOG --> ftp.radiofone.com.br /public_html/radiofone/zendLibrary/Zend/Amf/Value/Messaging WS_FTP.LOG
2011.07.09 00:44 B F:\xampp\htdocs\zendLibrary\Zend\Amf\Value\Messaging\WS_FTP.LOG --> ftp.radiofone.com.br /public_html/radiofone/zendLibrary/Zend/Amf/Value/Messaging WS_FTP.LOG
2011.07.26 22:43 B F:\xampp\htdocs\zendLibrary\Zend\Amf\Value\Messaging\AbstractMessage.php --> ftp.sobrafo.org.br /public_html/zendLibrary/Zend/Amf/Value/Messaging AbstractMessage.php
2011.07.26 22:43 B F:\xampp\htdocs\zendLibrary\Zend\Amf\Value\Messaging\AcknowledgeMessage.php --> ftp.sobrafo.org.br /public_html/zendLibrary/Zend/Amf/Value/Messaging AcknowledgeMessage.php
2011.07.26 22:43 B F:\xampp\htdocs\zendLibrary\Zend\Amf\Value\Messaging\ArrayCollection.php --> ftp.sobrafo.org.br /public_html/zendLibrary/Zend/Amf/Value/Messaging ArrayCollection.php
2011.07.26 22:43 B F:\xampp\htdocs\zendLibrary\Zend\Amf\Value\Messaging\AsyncMessage.php --> ftp.sobrafo.org.br /public_html/zendLibrary/Zend/Amf/Value/Messaging AsyncMessage.php
2011.07.26 22:43 B F:\xampp\htdocs\zendLibrary\Zend\Amf\Value\Messaging\CommandMessage.php --> ftp.sobrafo.org.br /public_html/zendLibrary/Zend/Amf/Value/Messaging CommandMessage.php
2011.07.26 22:43 B F:\xampp\htdocs\zendLibrary\Zend\Amf\Value\Messaging\ErrorMessage.php --> ftp.sobrafo.org.br /public_html/zendLibrary/Zend/Amf/Value/Messaging ErrorMessage.php
2011.07.26 22:43 B F:\xampp\htdocs\zendLibrary\Zend\Amf\Value\Messaging\RemotingMessage.php --> ftp.sobrafo.org.br /public_html/zendLibrary/Zend/Amf/Value/Messaging RemotingMessage.php
2011.07.26 22:43 B F:\xampp\htdocs\zendLibrary\Zend\Amf\Value\Messaging\WS_FTP.LOG --> ftp.sobrafo.org.br /public_html/zendLibrary/Zend/Amf/Value/Messaging WS_FTP.LOG
2011.08.05 00:59 B F:\xampp\htdocs\ZendLibrary\Zend\Amf\Value\Messaging\WS_FTP.LOG --> ftp.portalridgid.com.br /public_html/zendLibrary/Zend/Amf/Value/Messaging WS_FTP.LOG
2011.08.09 16:53 B F:\xampp\htdocs\ZendLibrary\Zend\Amf\Value\Messaging\AbstractMessage.php --> ftp.amfar.com.br /public_html/ZendLibrary/Zend/Amf/Value/Messaging AbstractMessage.php
2011.08.09 16:53 B F:\xampp\htdocs\ZendLibrary\Zend\Amf\Value\Messaging\AcknowledgeMessage.php --> ftp.amfar.com.br /public_html/ZendLibrary/Zend/Amf/Value/Messaging AcknowledgeMessage.php
2011.08.09 16:53 B F:\xampp\htdocs\ZendLibrary\Zend\Amf\Value\Messaging\ArrayCollection.php --> ftp.amfar.com.br /public_html/ZendLibrary/Zend/Amf/Value/Messaging ArrayCollection.php
2011.08.09 16:53 B F:\xampp\htdocs\ZendLibrary\Zend\Amf\Value\Messaging\AsyncMessage.php --> ftp.amfar.com.br /public_html/ZendLibrary/Zend/Amf/Value/Messaging AsyncMessage.php
2011.08.09 16:53 B F:\xampp\htdocs\ZendLibrary\Zend\Amf\Value\Messaging\CommandMessage.php --> ftp.amfar.com.br /public_html/ZendLibrary/Zend/Amf/Value/Messaging CommandMessage.php
2011.08.09 16:53 B F:\xampp\htdocs\ZendLibrary\Zend\Amf\Value\Messaging\ErrorMessage.php --> ftp.amfar.com.br /public_html/ZendLibrary/Zend/Amf/Value/Messaging ErrorMessage.php
2011.08.09 16:53 B F:\xampp\htdocs\ZendLibrary\Zend\Amf\Value\Messaging\RemotingMessage.php --> ftp.amfar.com.br /public_html/ZendLibrary/Zend/Amf/Value/Messaging RemotingMessage.php
2011.08.09 16:53 B F:\xampp\htdocs\ZendLibrary\Zend\Amf\Value\Messaging\WS_FTP.LOG --> ftp.amfar.com.br /public_html/ZendLibrary/Zend/Amf/Value/Messaging WS_FTP.LOG
2011.08.22 20:55 B X:\xampp\htdocs\ZendLibrary\Zend\Amf\Value\Messaging\AbstractMessage.php --> ftp.jairodepaula.com.br /jairodepaula/web/ZendLibrary/Zend/Amf/Value/Messaging AbstractMessage.php
2011.08.22 20:55 B X:\xampp\htdocs\ZendLibrary\Zend\Amf\Value\Messaging\AcknowledgeMessage.php --> ftp.jairodepaula.com.br /jairodepaula/web/ZendLibrary/Zend/Amf/Value/Messaging AcknowledgeMessage.php
2011.08.22 20:55 B X:\xampp\htdocs\ZendLibrary\Zend\Amf\Value\Messaging\ArrayCollection.php --> ftp.jairodepaula.com.br /jairodepaula/web/ZendLibrary/Zend/Amf/Value/Messaging ArrayCollection.php
2011.08.22 20:55 B X:\xampp\htdocs\ZendLibrary\Zend\Amf\Value\Messaging\AsyncMessage.php --> ftp.jairodepaula.com.br /jairodepaula/web/ZendLibrary/Zend/Amf/Value/Messaging AsyncMessage.php
2011.08.22 20:55 B X:\xampp\htdocs\ZendLibrary\Zend\Amf\Value\Messaging\CommandMessage.php --> ftp.jairodepaula.com.br /jairodepaula/web/ZendLibrary/Zend/Amf/Value/Messaging CommandMessage.php
2011.08.22 20:55 B X:\xampp\htdocs\ZendLibrary\Zend\Amf\Value\Messaging\ErrorMessage.php --> ftp.jairodepaula.com.br /jairodepaula/web/ZendLibrary/Zend/Amf/Value/Messaging ErrorMessage.php
2011.08.22 20:55 B X:\xampp\htdocs\ZendLibrary\Zend\Amf\Value\Messaging\RemotingMessage.php --> ftp.jairodepaula.com.br /jairodepaula/web/ZendLibrary/Zend/Amf/Value/Messaging RemotingMessage.php
2011.08.22 20:55 B X:\xampp\htdocs\ZendLibrary\Zend\Amf\Value\Messaging\WS_FTP.LOG --> ftp.jairodepaula.com.br /jairodepaula/web/ZendLibrary/Zend/Amf/Value/Messaging WS_FTP.LOG
2011.12.31 14:46 B F:\xampp\htdocs\ZendLibrary\Zend\Amf\Value\Messaging\AbstractMessage.php --> ftp.sbrafh.org.br /public_html/ZendLibrary/Zend/Amf/Value/Messaging AbstractMessage.php
2011.12.31 14:46 B F:\xampp\htdocs\ZendLibrary\Zend\Amf\Value\Messaging\AcknowledgeMessage.php --> ftp.sbrafh.org.br /public_html/ZendLibrary/Zend/Amf/Value/Messaging AcknowledgeMessage.php
2011.12.31 14:46 B F:\xampp\htdocs\ZendLibrary\Zend\Amf\Value\Messaging\ArrayCollection.php --> ftp.sbrafh.org.br /public_html/ZendLibrary/Zend/Amf/Value/Messaging ArrayCollection.php
2011.12.31 14:46 B F:\xampp\htdocs\ZendLibrary\Zend\Amf\Value\Messaging\AsyncMessage.php --> ftp.sbrafh.org.br /public_html/ZendLibrary/Zend/Amf/Value/Messaging AsyncMessage.php
2011.12.31 14:46 B F:\xampp\htdocs\ZendLibrary\Zend\Amf\Value\Messaging\CommandMessage.php --> ftp.sbrafh.org.br /public_html/ZendLibrary/Zend/Amf/Value/Messaging CommandMessage.php
2011.12.31 14:46 B F:\xampp\htdocs\ZendLibrary\Zend\Amf\Value\Messaging\ErrorMessage.php --> ftp.sbrafh.org.br /public_html/ZendLibrary/Zend/Amf/Value/Messaging ErrorMessage.php
2011.12.31 14:46 B F:\xampp\htdocs\ZendLibrary\Zend\Amf\Value\Messaging\RemotingMessage.php --> ftp.sbrafh.org.br /public_html/ZendLibrary/Zend/Amf/Value/Messaging RemotingMessage.php
2011.12.31 14:46 B F:\xampp\htdocs\ZendLibrary\Zend\Amf\Value\Messaging\WS_FTP.LOG --> ftp.sbrafh.org.br /public_html/ZendLibrary/Zend/Amf/Value/Messaging WS_FTP.LOG
2012.01.06 03:14 B F:\xampp\htdocs\ZendLibrary\Zend\Amf\Value\Messaging\AbstractMessage.php --> ftp461.locaweb.com.br /ridgid/web/ZendLibrary/Zend/Amf/Value/Messaging AbstractMessage.php
2012.01.06 03:14 B F:\xampp\htdocs\ZendLibrary\Zend\Amf\Value\Messaging\AcknowledgeMessage.php --> ftp461.locaweb.com.br /ridgid/web/ZendLibrary/Zend/Amf/Value/Messaging AcknowledgeMessage.php
2012.01.06 03:14 B F:\xampp\htdocs\ZendLibrary\Zend\Amf\Value\Messaging\ArrayCollection.php --> ftp461.locaweb.com.br /ridgid/web/ZendLibrary/Zend/Amf/Value/Messaging ArrayCollection.php
2012.01.06 03:14 B F:\xampp\htdocs\ZendLibrary\Zend\Amf\Value\Messaging\AsyncMessage.php --> ftp461.locaweb.com.br /ridgid/web/ZendLibrary/Zend/Amf/Value/Messaging AsyncMessage.php
2012.01.06 03:14 B F:\xampp\htdocs\ZendLibrary\Zend\Amf\Value\Messaging\CommandMessage.php --> ftp461.locaweb.com.br /ridgid/web/ZendLibrary/Zend/Amf/Value/Messaging CommandMessage.php
2012.01.06 03:14 B F:\xampp\htdocs\ZendLibrary\Zend\Amf\Value\Messaging\ErrorMessage.php --> ftp461.locaweb.com.br /ridgid/web/ZendLibrary/Zend/Amf/Value/Messaging ErrorMessage.php
2012.01.06 03:14 B F:\xampp\htdocs\ZendLibrary\Zend\Amf\Value\Messaging\RemotingMessage.php --> ftp461.locaweb.com.br /ridgid/web/ZendLibrary/Zend/Amf/Value/Messaging RemotingMessage.php
2012.01.06 03:14 B F:\xampp\htdocs\ZendLibrary\Zend\Amf\Value\Messaging\WS_FTP.LOG --> ftp461.locaweb.com.br /ridgid/web/ZendLibrary/Zend/Amf/Value/Messaging WS_FTP.LOG
2012.01.24 17:27 B F:\xampp\htdocs\ZendLibrary\Zend\Amf\Value\Messaging\AbstractMessage.php --> graficamarmar.com.br /htdocs/ZendLibrary/Zend/Amf/Value/Messaging AbstractMessage.php
2012.01.24 17:27 B F:\xampp\htdocs\ZendLibrary\Zend\Amf\Value\Messaging\AcknowledgeMessage.php --> graficamarmar.com.br /htdocs/ZendLibrary/Zend/Amf/Value/Messaging AcknowledgeMessage.php
2012.01.24 17:27 B F:\xampp\htdocs\ZendLibrary\Zend\Amf\Value\Messaging\ArrayCollection.php --> graficamarmar.com.br /htdocs/ZendLibrary/Zend/Amf/Value/Messaging ArrayCollection.php
2012.01.24 17:27 B F:\xampp\htdocs\ZendLibrary\Zend\Amf\Value\Messaging\AsyncMessage.php --> graficamarmar.com.br /htdocs/ZendLibrary/Zend/Amf/Value/Messaging AsyncMessage.php
2012.01.24 17:27 B F:\xampp\htdocs\ZendLibrary\Zend\Amf\Value\Messaging\CommandMessage.php --> graficamarmar.com.br /htdocs/ZendLibrary/Zend/Amf/Value/Messaging CommandMessage.php
2012.01.24 17:27 B F:\xampp\htdocs\ZendLibrary\Zend\Amf\Value\Messaging\ErrorMessage.php --> graficamarmar.com.br /htdocs/ZendLibrary/Zend/Amf/Value/Messaging ErrorMessage.php
2012.01.24 17:27 B F:\xampp\htdocs\ZendLibrary\Zend\Amf\Value\Messaging\RemotingMessage.php --> graficamarmar.com.br /htdocs/ZendLibrary/Zend/Amf/Value/Messaging RemotingMessage.php
2012.01.24 17:27 B F:\xampp\htdocs\ZendLibrary\Zend\Amf\Value\Messaging\WS_FTP.LOG --> graficamarmar.com.br /htdocs/ZendLibrary/Zend/Amf/Value/Messaging WS_FTP.LOG
2012.02.08 17:03 B F:\xampp\htdocs\ZendLibrary\Zend\Amf\Value\Messaging\AbstractMessage.php --> graficamarmar.hospedagemdesites.ws /public_html/ZendLibrary/Zend/Amf/Value/Messaging AbstractMessage.php
2012.02.08 17:03 B F:\xampp\htdocs\ZendLibrary\Zend\Amf\Value\Messaging\AcknowledgeMessage.php --> graficamarmar.hospedagemdesites.ws /public_html/ZendLibrary/Zend/Amf/Value/Messaging AcknowledgeMessage.php
2012.02.08 17:03 B F:\xampp\htdocs\ZendLibrary\Zend\Amf\Value\Messaging\ArrayCollection.php --> graficamarmar.hospedagemdesites.ws /public_html/ZendLibrary/Zend/Amf/Value/Messaging ArrayCollection.php
2012.02.08 17:03 B F:\xampp\htdocs\ZendLibrary\Zend\Amf\Value\Messaging\AsyncMessage.php --> graficamarmar.hospedagemdesites.ws /public_html/ZendLibrary/Zend/Amf/Value/Messaging AsyncMessage.php
2012.02.08 17:03 B F:\xampp\htdocs\ZendLibrary\Zend\Amf\Value\Messaging\CommandMessage.php --> graficamarmar.hospedagemdesites.ws /public_html/ZendLibrary/Zend/Amf/Value/Messaging CommandMessage.php
2012.02.08 17:03 B F:\xampp\htdocs\ZendLibrary\Zend\Amf\Value\Messaging\ErrorMessage.php --> graficamarmar.hospedagemdesites.ws /public_html/ZendLibrary/Zend/Amf/Value/Messaging ErrorMessage.php
2012.02.08 17:03 B F:\xampp\htdocs\ZendLibrary\Zend\Amf\Value\Messaging\RemotingMessage.php --> graficamarmar.hospedagemdesites.ws /public_html/ZendLibrary/Zend/Amf/Value/Messaging RemotingMessage.php
2012.02.08 17:03 B F:\xampp\htdocs\ZendLibrary\Zend\Amf\Value\Messaging\WS_FTP.LOG --> graficamarmar.hospedagemdesites.ws /public_html/ZendLibrary/Zend/Amf/Value/Messaging WS_FTP.LOG
2012.10.29 14:39 B F:\xampp\htdocs\ZendLibrary\Zend\Amf\Value\Messaging\AbstractMessage.php --> 186.202.153.85 /public_html/ZendLibrary/Zend/Amf/Value/Messaging AbstractMessage.php
2012.10.29 14:39 B F:\xampp\htdocs\ZendLibrary\Zend\Amf\Value\Messaging\AcknowledgeMessage.php --> 186.202.153.85 /public_html/ZendLibrary/Zend/Amf/Value/Messaging AcknowledgeMessage.php
2012.10.29 14:39 B F:\xampp\htdocs\ZendLibrary\Zend\Amf\Value\Messaging\ArrayCollection.php --> 186.202.153.85 /public_html/ZendLibrary/Zend/Amf/Value/Messaging ArrayCollection.php
2012.10.29 14:39 B F:\xampp\htdocs\ZendLibrary\Zend\Amf\Value\Messaging\AsyncMessage.php --> 186.202.153.85 /public_html/ZendLibrary/Zend/Amf/Value/Messaging AsyncMessage.php
2012.10.29 14:39 B F:\xampp\htdocs\ZendLibrary\Zend\Amf\Value\Messaging\CommandMessage.php --> 186.202.153.85 /public_html/ZendLibrary/Zend/Amf/Value/Messaging CommandMessage.php
2012.10.29 14:39 B F:\xampp\htdocs\ZendLibrary\Zend\Amf\Value\Messaging\ErrorMessage.php --> 186.202.153.85 /public_html/ZendLibrary/Zend/Amf/Value/Messaging ErrorMessage.php
2012.10.29 14:39 B F:\xampp\htdocs\ZendLibrary\Zend\Amf\Value\Messaging\RemotingMessage.php --> 186.202.153.85 /public_html/ZendLibrary/Zend/Amf/Value/Messaging RemotingMessage.php
2012.10.29 14:39 B F:\xampp\htdocs\ZendLibrary\Zend\Amf\Value\Messaging\WS_FTP.LOG --> 186.202.153.85 /public_html/ZendLibrary/Zend/Amf/Value/Messaging WS_FTP.LOG
