2011.06.20 18:55 B F:\xampp\htdocs\zf-tutorial\library\Zend\Tag\Cloud\Decorator\Cloud.php --> ftp.portalridgid.com.br /public_html/zf-tutorial/library/Zend/Tag/Cloud/Decorator Cloud.php
2011.06.20 18:55 B F:\xampp\htdocs\zf-tutorial\library\Zend\Tag\Cloud\Decorator\Exception.php --> ftp.portalridgid.com.br /public_html/zf-tutorial/library/Zend/Tag/Cloud/Decorator Exception.php
2011.06.20 18:55 B F:\xampp\htdocs\zf-tutorial\library\Zend\Tag\Cloud\Decorator\HtmlCloud.php --> ftp.portalridgid.com.br /public_html/zf-tutorial/library/Zend/Tag/Cloud/Decorator HtmlCloud.php
2011.06.20 18:55 B F:\xampp\htdocs\zf-tutorial\library\Zend\Tag\Cloud\Decorator\HtmlTag.php --> ftp.portalridgid.com.br /public_html/zf-tutorial/library/Zend/Tag/Cloud/Decorator HtmlTag.php
2011.06.20 18:55 B F:\xampp\htdocs\zf-tutorial\library\Zend\Tag\Cloud\Decorator\Tag.php --> ftp.portalridgid.com.br /public_html/zf-tutorial/library/Zend/Tag/Cloud/Decorator Tag.php
2011.06.30 03:10 B F:\xampp\htdocs\zendLibrary\Zend\Tag\Cloud\Decorator\WS_FTP.LOG --> ftp.sbrafh.org.br /sbrafh/Web/zendLibrary/Zend/Tag/Cloud/Decorator WS_FTP.LOG
2011.06.30 03:10 B F:\xampp\htdocs\zendLibrary\Zend\Tag\Cloud\Decorator\Tag.php --> ftp.sbrafh.org.br /sbrafh/Web/zendLibrary/Zend/Tag/Cloud/Decorator Tag.php
2011.06.30 03:10 B F:\xampp\htdocs\zendLibrary\Zend\Tag\Cloud\Decorator\HtmlTag.php --> ftp.sbrafh.org.br /sbrafh/Web/zendLibrary/Zend/Tag/Cloud/Decorator HtmlTag.php
2011.06.30 03:10 B F:\xampp\htdocs\zendLibrary\Zend\Tag\Cloud\Decorator\HtmlCloud.php --> ftp.sbrafh.org.br /sbrafh/Web/zendLibrary/Zend/Tag/Cloud/Decorator HtmlCloud.php
2011.06.30 03:10 B F:\xampp\htdocs\zendLibrary\Zend\Tag\Cloud\Decorator\Exception.php --> ftp.sbrafh.org.br /sbrafh/Web/zendLibrary/Zend/Tag/Cloud/Decorator Exception.php
2011.06.30 03:10 B F:\xampp\htdocs\zendLibrary\Zend\Tag\Cloud\Decorator\Cloud.php --> ftp.sbrafh.org.br /sbrafh/Web/zendLibrary/Zend/Tag/Cloud/Decorator Cloud.php
2011.07.09 00:22 B F:\xampp\htdocs\zendLibrary\Zend\Tag\Cloud\Decorator\Cloud.php --> ftp.radiofone.com.br /public_html/radiofone/zendLibrary/Zend/Tag/Cloud/Decorator Cloud.php
2011.07.09 00:22 B F:\xampp\htdocs\zendLibrary\Zend\Tag\Cloud\Decorator\Exception.php --> ftp.radiofone.com.br /public_html/radiofone/zendLibrary/Zend/Tag/Cloud/Decorator Exception.php
2011.07.09 00:22 B F:\xampp\htdocs\zendLibrary\Zend\Tag\Cloud\Decorator\HtmlCloud.php --> ftp.radiofone.com.br /public_html/radiofone/zendLibrary/Zend/Tag/Cloud/Decorator HtmlCloud.php
2011.07.09 00:22 B F:\xampp\htdocs\zendLibrary\Zend\Tag\Cloud\Decorator\HtmlTag.php --> ftp.radiofone.com.br /public_html/radiofone/zendLibrary/Zend/Tag/Cloud/Decorator HtmlTag.php
2011.07.09 00:22 B F:\xampp\htdocs\zendLibrary\Zend\Tag\Cloud\Decorator\Tag.php --> ftp.radiofone.com.br /public_html/radiofone/zendLibrary/Zend/Tag/Cloud/Decorator Tag.php
2011.07.09 00:22 B F:\xampp\htdocs\zendLibrary\Zend\Tag\Cloud\Decorator\WS_FTP.LOG --> ftp.radiofone.com.br /public_html/radiofone/zendLibrary/Zend/Tag/Cloud/Decorator WS_FTP.LOG
2011.07.09 00:53 B F:\xampp\htdocs\zendLibrary\Zend\Tag\Cloud\Decorator\WS_FTP.LOG --> ftp.radiofone.com.br /public_html/radiofone/zendLibrary/Zend/Tag/Cloud/Decorator WS_FTP.LOG
2011.07.26 23:11 B F:\xampp\htdocs\zendLibrary\Zend\Tag\Cloud\Decorator\Cloud.php --> ftp.sobrafo.org.br /public_html/zendLibrary/Zend/Tag/Cloud/Decorator Cloud.php
2011.07.26 23:11 B F:\xampp\htdocs\zendLibrary\Zend\Tag\Cloud\Decorator\Exception.php --> ftp.sobrafo.org.br /public_html/zendLibrary/Zend/Tag/Cloud/Decorator Exception.php
2011.07.26 23:11 B F:\xampp\htdocs\zendLibrary\Zend\Tag\Cloud\Decorator\HtmlCloud.php --> ftp.sobrafo.org.br /public_html/zendLibrary/Zend/Tag/Cloud/Decorator HtmlCloud.php
2011.07.26 23:11 B F:\xampp\htdocs\zendLibrary\Zend\Tag\Cloud\Decorator\HtmlTag.php --> ftp.sobrafo.org.br /public_html/zendLibrary/Zend/Tag/Cloud/Decorator HtmlTag.php
2011.07.26 23:11 B F:\xampp\htdocs\zendLibrary\Zend\Tag\Cloud\Decorator\Tag.php --> ftp.sobrafo.org.br /public_html/zendLibrary/Zend/Tag/Cloud/Decorator Tag.php
2011.07.26 23:11 B F:\xampp\htdocs\zendLibrary\Zend\Tag\Cloud\Decorator\WS_FTP.LOG --> ftp.sobrafo.org.br /public_html/zendLibrary/Zend/Tag/Cloud/Decorator WS_FTP.LOG
2011.08.09 17:31 B F:\xampp\htdocs\ZendLibrary\Zend\Tag\Cloud\Decorator\Cloud.php --> ftp.amfar.com.br /public_html/ZendLibrary/Zend/Tag/Cloud/Decorator Cloud.php
2011.08.09 17:31 B F:\xampp\htdocs\ZendLibrary\Zend\Tag\Cloud\Decorator\Exception.php --> ftp.amfar.com.br /public_html/ZendLibrary/Zend/Tag/Cloud/Decorator Exception.php
2011.08.09 17:31 B F:\xampp\htdocs\ZendLibrary\Zend\Tag\Cloud\Decorator\HtmlCloud.php --> ftp.amfar.com.br /public_html/ZendLibrary/Zend/Tag/Cloud/Decorator HtmlCloud.php
2011.08.09 17:31 B F:\xampp\htdocs\ZendLibrary\Zend\Tag\Cloud\Decorator\HtmlTag.php --> ftp.amfar.com.br /public_html/ZendLibrary/Zend/Tag/Cloud/Decorator HtmlTag.php
2011.08.09 17:31 B F:\xampp\htdocs\ZendLibrary\Zend\Tag\Cloud\Decorator\Tag.php --> ftp.amfar.com.br /public_html/ZendLibrary/Zend/Tag/Cloud/Decorator Tag.php
