2011.06.20 18:49 B F:\xampp\htdocs\zf-tutorial\library\Zend\Pdf\Resource\ContentStream.php --> ftp.portalridgid.com.br /public_html/zf-tutorial/library/Zend/Pdf/Resource ContentStream.php
2011.06.20 18:49 B F:\xampp\htdocs\zf-tutorial\library\Zend\Pdf\Resource\Extractor.php --> ftp.portalridgid.com.br /public_html/zf-tutorial/library/Zend/Pdf/Resource Extractor.php
2011.06.20 18:49 B F:\xampp\htdocs\zf-tutorial\library\Zend\Pdf\Resource\Font.php --> ftp.portalridgid.com.br /public_html/zf-tutorial/library/Zend/Pdf/Resource Font.php
2011.06.20 18:49 B F:\xampp\htdocs\zf-tutorial\library\Zend\Pdf\Resource\GraphicsState.php --> ftp.portalridgid.com.br /public_html/zf-tutorial/library/Zend/Pdf/Resource GraphicsState.php
2011.06.20 18:49 B F:\xampp\htdocs\zf-tutorial\library\Zend\Pdf\Resource\Image.php --> ftp.portalridgid.com.br /public_html/zf-tutorial/library/Zend/Pdf/Resource Image.php
2011.06.20 18:49 B F:\xampp\htdocs\zf-tutorial\library\Zend\Pdf\Resource\ImageFactory.php --> ftp.portalridgid.com.br /public_html/zf-tutorial/library/Zend/Pdf/Resource ImageFactory.php
2011.06.20 18:49 B F:\xampp\htdocs\zf-tutorial\library\Zend\Pdf\Resource\Unified.php --> ftp.portalridgid.com.br /public_html/zf-tutorial/library/Zend/Pdf/Resource Unified.php
2011.06.30 03:20 B F:\xampp\htdocs\zendLibrary\Zend\Pdf\Resource\WS_FTP.LOG --> ftp.sbrafh.org.br /sbrafh/Web/zendLibrary/Zend/Pdf/Resource WS_FTP.LOG
2011.06.30 03:20 B F:\xampp\htdocs\zendLibrary\Zend\Pdf\Resource\Unified.php --> ftp.sbrafh.org.br /sbrafh/Web/zendLibrary/Zend/Pdf/Resource Unified.php
2011.06.30 03:20 B F:\xampp\htdocs\zendLibrary\Zend\Pdf\Resource\ImageFactory.php --> ftp.sbrafh.org.br /sbrafh/Web/zendLibrary/Zend/Pdf/Resource ImageFactory.php
2011.06.30 03:20 B F:\xampp\htdocs\zendLibrary\Zend\Pdf\Resource\Image.php --> ftp.sbrafh.org.br /sbrafh/Web/zendLibrary/Zend/Pdf/Resource Image.php
2011.06.30 03:20 B F:\xampp\htdocs\zendLibrary\Zend\Pdf\Resource\GraphicsState.php --> ftp.sbrafh.org.br /sbrafh/Web/zendLibrary/Zend/Pdf/Resource GraphicsState.php
2011.06.30 03:20 B F:\xampp\htdocs\zendLibrary\Zend\Pdf\Resource\Font.php --> ftp.sbrafh.org.br /sbrafh/Web/zendLibrary/Zend/Pdf/Resource Font.php
2011.06.30 03:20 B F:\xampp\htdocs\zendLibrary\Zend\Pdf\Resource\Extractor.php --> ftp.sbrafh.org.br /sbrafh/Web/zendLibrary/Zend/Pdf/Resource Extractor.php
2011.06.30 03:20 B F:\xampp\htdocs\zendLibrary\Zend\Pdf\Resource\ContentStream.php --> ftp.sbrafh.org.br /sbrafh/Web/zendLibrary/Zend/Pdf/Resource ContentStream.php
2011.07.09 00:15 B F:\xampp\htdocs\zendLibrary\Zend\Pdf\Resource\ContentStream.php --> ftp.radiofone.com.br /public_html/radiofone/zendLibrary/Zend/Pdf/Resource ContentStream.php
2011.07.09 00:15 B F:\xampp\htdocs\zendLibrary\Zend\Pdf\Resource\Extractor.php --> ftp.radiofone.com.br /public_html/radiofone/zendLibrary/Zend/Pdf/Resource Extractor.php
2011.07.09 00:15 B F:\xampp\htdocs\zendLibrary\Zend\Pdf\Resource\Font.php --> ftp.radiofone.com.br /public_html/radiofone/zendLibrary/Zend/Pdf/Resource Font.php
2011.07.09 00:15 B F:\xampp\htdocs\zendLibrary\Zend\Pdf\Resource\GraphicsState.php --> ftp.radiofone.com.br /public_html/radiofone/zendLibrary/Zend/Pdf/Resource GraphicsState.php
2011.07.09 00:15 B F:\xampp\htdocs\zendLibrary\Zend\Pdf\Resource\Image.php --> ftp.radiofone.com.br /public_html/radiofone/zendLibrary/Zend/Pdf/Resource Image.php
2011.07.09 00:15 B F:\xampp\htdocs\zendLibrary\Zend\Pdf\Resource\ImageFactory.php --> ftp.radiofone.com.br /public_html/radiofone/zendLibrary/Zend/Pdf/Resource ImageFactory.php
2011.07.09 00:15 B F:\xampp\htdocs\zendLibrary\Zend\Pdf\Resource\Unified.php --> ftp.radiofone.com.br /public_html/radiofone/zendLibrary/Zend/Pdf/Resource Unified.php
2011.07.09 00:15 B F:\xampp\htdocs\zendLibrary\Zend\Pdf\Resource\WS_FTP.LOG --> ftp.radiofone.com.br /public_html/radiofone/zendLibrary/Zend/Pdf/Resource WS_FTP.LOG
2011.07.09 00:50 B F:\xampp\htdocs\zendLibrary\Zend\Pdf\Resource\WS_FTP.LOG --> ftp.radiofone.com.br /public_html/radiofone/zendLibrary/Zend/Pdf/Resource WS_FTP.LOG
2011.07.26 23:04 B F:\xampp\htdocs\zendLibrary\Zend\Pdf\Resource\ContentStream.php --> ftp.sobrafo.org.br /public_html/zendLibrary/Zend/Pdf/Resource ContentStream.php
2011.07.26 23:04 B F:\xampp\htdocs\zendLibrary\Zend\Pdf\Resource\Extractor.php --> ftp.sobrafo.org.br /public_html/zendLibrary/Zend/Pdf/Resource Extractor.php
2011.07.26 23:04 B F:\xampp\htdocs\zendLibrary\Zend\Pdf\Resource\Font.php --> ftp.sobrafo.org.br /public_html/zendLibrary/Zend/Pdf/Resource Font.php
2011.07.26 23:04 B F:\xampp\htdocs\zendLibrary\Zend\Pdf\Resource\GraphicsState.php --> ftp.sobrafo.org.br /public_html/zendLibrary/Zend/Pdf/Resource GraphicsState.php
2011.07.26 23:04 B F:\xampp\htdocs\zendLibrary\Zend\Pdf\Resource\Image.php --> ftp.sobrafo.org.br /public_html/zendLibrary/Zend/Pdf/Resource Image.php
2011.07.26 23:04 B F:\xampp\htdocs\zendLibrary\Zend\Pdf\Resource\ImageFactory.php --> ftp.sobrafo.org.br /public_html/zendLibrary/Zend/Pdf/Resource ImageFactory.php
2011.07.26 23:04 B F:\xampp\htdocs\zendLibrary\Zend\Pdf\Resource\Unified.php --> ftp.sobrafo.org.br /public_html/zendLibrary/Zend/Pdf/Resource Unified.php
2011.07.26 23:04 B F:\xampp\htdocs\zendLibrary\Zend\Pdf\Resource\WS_FTP.LOG --> ftp.sobrafo.org.br /public_html/zendLibrary/Zend/Pdf/Resource WS_FTP.LOG
2011.08.09 17:24 B F:\xampp\htdocs\ZendLibrary\Zend\Pdf\Resource\ContentStream.php --> ftp.amfar.com.br /public_html/ZendLibrary/Zend/Pdf/Resource ContentStream.php
2011.08.09 17:24 B F:\xampp\htdocs\ZendLibrary\Zend\Pdf\Resource\Extractor.php --> ftp.amfar.com.br /public_html/ZendLibrary/Zend/Pdf/Resource Extractor.php
2011.08.09 17:24 B F:\xampp\htdocs\ZendLibrary\Zend\Pdf\Resource\Font.php --> ftp.amfar.com.br /public_html/ZendLibrary/Zend/Pdf/Resource Font.php
2011.08.09 17:24 B F:\xampp\htdocs\ZendLibrary\Zend\Pdf\Resource\GraphicsState.php --> ftp.amfar.com.br /public_html/ZendLibrary/Zend/Pdf/Resource GraphicsState.php
2011.08.09 17:24 B F:\xampp\htdocs\ZendLibrary\Zend\Pdf\Resource\Image.php --> ftp.amfar.com.br /public_html/ZendLibrary/Zend/Pdf/Resource Image.php
2011.08.09 17:24 B F:\xampp\htdocs\ZendLibrary\Zend\Pdf\Resource\ImageFactory.php --> ftp.amfar.com.br /public_html/ZendLibrary/Zend/Pdf/Resource ImageFactory.php
2011.08.09 17:24 B F:\xampp\htdocs\ZendLibrary\Zend\Pdf\Resource\Unified.php --> ftp.amfar.com.br /public_html/ZendLibrary/Zend/Pdf/Resource Unified.php
