2011.06.20 18:33 B F:\xampp\htdocs\zf-tutorial\library\Zend\Dojo\Form\Decorator\AccordionContainer.php --> ftp.portalridgid.com.br /public_html/zf-tutorial/library/Zend/Dojo/Form/Decorator AccordionContainer.php
2011.06.20 18:33 B F:\xampp\htdocs\zf-tutorial\library\Zend\Dojo\Form\Decorator\AccordionPane.php --> ftp.portalridgid.com.br /public_html/zf-tutorial/library/Zend/Dojo/Form/Decorator AccordionPane.php
2011.06.20 18:33 B F:\xampp\htdocs\zf-tutorial\library\Zend\Dojo\Form\Decorator\BorderContainer.php --> ftp.portalridgid.com.br /public_html/zf-tutorial/library/Zend/Dojo/Form/Decorator BorderContainer.php
2011.06.20 18:33 B F:\xampp\htdocs\zf-tutorial\library\Zend\Dojo\Form\Decorator\ContentPane.php --> ftp.portalridgid.com.br /public_html/zf-tutorial/library/Zend/Dojo/Form/Decorator ContentPane.php
2011.06.20 18:33 B F:\xampp\htdocs\zf-tutorial\library\Zend\Dojo\Form\Decorator\DijitContainer.php --> ftp.portalridgid.com.br /public_html/zf-tutorial/library/Zend/Dojo/Form/Decorator DijitContainer.php
2011.06.20 18:33 B F:\xampp\htdocs\zf-tutorial\library\Zend\Dojo\Form\Decorator\DijitElement.php --> ftp.portalridgid.com.br /public_html/zf-tutorial/library/Zend/Dojo/Form/Decorator DijitElement.php
2011.06.20 18:33 B F:\xampp\htdocs\zf-tutorial\library\Zend\Dojo\Form\Decorator\DijitForm.php --> ftp.portalridgid.com.br /public_html/zf-tutorial/library/Zend/Dojo/Form/Decorator DijitForm.php
2011.06.20 18:33 B F:\xampp\htdocs\zf-tutorial\library\Zend\Dojo\Form\Decorator\SplitContainer.php --> ftp.portalridgid.com.br /public_html/zf-tutorial/library/Zend/Dojo/Form/Decorator SplitContainer.php
2011.06.20 18:33 B F:\xampp\htdocs\zf-tutorial\library\Zend\Dojo\Form\Decorator\StackContainer.php --> ftp.portalridgid.com.br /public_html/zf-tutorial/library/Zend/Dojo/Form/Decorator StackContainer.php
2011.06.20 18:33 B F:\xampp\htdocs\zf-tutorial\library\Zend\Dojo\Form\Decorator\TabContainer.php --> ftp.portalridgid.com.br /public_html/zf-tutorial/library/Zend/Dojo/Form/Decorator TabContainer.php
2011.06.30 03:41 B F:\xampp\htdocs\zendLibrary\Zend\Dojo\Form\Decorator\WS_FTP.LOG --> ftp.sbrafh.org.br /sbrafh/Web/zendLibrary/Zend/Dojo/Form/Decorator WS_FTP.LOG
2011.06.30 03:41 B F:\xampp\htdocs\zendLibrary\Zend\Dojo\Form\Decorator\TabContainer.php --> ftp.sbrafh.org.br /sbrafh/Web/zendLibrary/Zend/Dojo/Form/Decorator TabContainer.php
2011.06.30 03:41 B F:\xampp\htdocs\zendLibrary\Zend\Dojo\Form\Decorator\StackContainer.php --> ftp.sbrafh.org.br /sbrafh/Web/zendLibrary/Zend/Dojo/Form/Decorator StackContainer.php
2011.06.30 03:41 B F:\xampp\htdocs\zendLibrary\Zend\Dojo\Form\Decorator\SplitContainer.php --> ftp.sbrafh.org.br /sbrafh/Web/zendLibrary/Zend/Dojo/Form/Decorator SplitContainer.php
2011.06.30 03:41 B F:\xampp\htdocs\zendLibrary\Zend\Dojo\Form\Decorator\DijitForm.php --> ftp.sbrafh.org.br /sbrafh/Web/zendLibrary/Zend/Dojo/Form/Decorator DijitForm.php
2011.06.30 03:41 B F:\xampp\htdocs\zendLibrary\Zend\Dojo\Form\Decorator\DijitElement.php --> ftp.sbrafh.org.br /sbrafh/Web/zendLibrary/Zend/Dojo/Form/Decorator DijitElement.php
2011.06.30 03:41 B F:\xampp\htdocs\zendLibrary\Zend\Dojo\Form\Decorator\DijitContainer.php --> ftp.sbrafh.org.br /sbrafh/Web/zendLibrary/Zend/Dojo/Form/Decorator DijitContainer.php
2011.06.30 03:41 B F:\xampp\htdocs\zendLibrary\Zend\Dojo\Form\Decorator\ContentPane.php --> ftp.sbrafh.org.br /sbrafh/Web/zendLibrary/Zend/Dojo/Form/Decorator ContentPane.php
2011.06.30 03:41 B F:\xampp\htdocs\zendLibrary\Zend\Dojo\Form\Decorator\BorderContainer.php --> ftp.sbrafh.org.br /sbrafh/Web/zendLibrary/Zend/Dojo/Form/Decorator BorderContainer.php
2011.06.30 03:41 B F:\xampp\htdocs\zendLibrary\Zend\Dojo\Form\Decorator\AccordionPane.php --> ftp.sbrafh.org.br /sbrafh/Web/zendLibrary/Zend/Dojo/Form/Decorator AccordionPane.php
2011.06.30 03:41 B F:\xampp\htdocs\zendLibrary\Zend\Dojo\Form\Decorator\AccordionContainer.php --> ftp.sbrafh.org.br /sbrafh/Web/zendLibrary/Zend/Dojo/Form/Decorator AccordionContainer.php
2011.07.08 23:47 B F:\xampp\htdocs\zendLibrary\Zend\Dojo\Form\Decorator\AccordionContainer.php --> ftp.radiofone.com.br /public_html/radiofone/zendLibrary/Zend/Dojo/Form/Decorator AccordionContainer.php
2011.07.08 23:47 B F:\xampp\htdocs\zendLibrary\Zend\Dojo\Form\Decorator\AccordionPane.php --> ftp.radiofone.com.br /public_html/radiofone/zendLibrary/Zend/Dojo/Form/Decorator AccordionPane.php
2011.07.08 23:47 B F:\xampp\htdocs\zendLibrary\Zend\Dojo\Form\Decorator\BorderContainer.php --> ftp.radiofone.com.br /public_html/radiofone/zendLibrary/Zend/Dojo/Form/Decorator BorderContainer.php
2011.07.08 23:47 B F:\xampp\htdocs\zendLibrary\Zend\Dojo\Form\Decorator\ContentPane.php --> ftp.radiofone.com.br /public_html/radiofone/zendLibrary/Zend/Dojo/Form/Decorator ContentPane.php
2011.07.08 23:47 B F:\xampp\htdocs\zendLibrary\Zend\Dojo\Form\Decorator\DijitContainer.php --> ftp.radiofone.com.br /public_html/radiofone/zendLibrary/Zend/Dojo/Form/Decorator DijitContainer.php
2011.07.08 23:47 B F:\xampp\htdocs\zendLibrary\Zend\Dojo\Form\Decorator\DijitElement.php --> ftp.radiofone.com.br /public_html/radiofone/zendLibrary/Zend/Dojo/Form/Decorator DijitElement.php
2011.07.08 23:47 B F:\xampp\htdocs\zendLibrary\Zend\Dojo\Form\Decorator\DijitForm.php --> ftp.radiofone.com.br /public_html/radiofone/zendLibrary/Zend/Dojo/Form/Decorator DijitForm.php
2011.07.08 23:47 B F:\xampp\htdocs\zendLibrary\Zend\Dojo\Form\Decorator\SplitContainer.php --> ftp.radiofone.com.br /public_html/radiofone/zendLibrary/Zend/Dojo/Form/Decorator SplitContainer.php
2011.07.08 23:47 B F:\xampp\htdocs\zendLibrary\Zend\Dojo\Form\Decorator\StackContainer.php --> ftp.radiofone.com.br /public_html/radiofone/zendLibrary/Zend/Dojo/Form/Decorator StackContainer.php
2011.07.08 23:47 B F:\xampp\htdocs\zendLibrary\Zend\Dojo\Form\Decorator\TabContainer.php --> ftp.radiofone.com.br /public_html/radiofone/zendLibrary/Zend/Dojo/Form/Decorator TabContainer.php
2011.07.08 23:47 B F:\xampp\htdocs\zendLibrary\Zend\Dojo\Form\Decorator\WS_FTP.LOG --> ftp.radiofone.com.br /public_html/radiofone/zendLibrary/Zend/Dojo/Form/Decorator WS_FTP.LOG
2011.07.09 00:46 B F:\xampp\htdocs\zendLibrary\Zend\Dojo\Form\Decorator\WS_FTP.LOG --> ftp.radiofone.com.br /public_html/radiofone/zendLibrary/Zend/Dojo/Form/Decorator WS_FTP.LOG
2011.07.26 22:47 B F:\xampp\htdocs\zendLibrary\Zend\Dojo\Form\Decorator\AccordionContainer.php --> ftp.sobrafo.org.br /public_html/zendLibrary/Zend/Dojo/Form/Decorator AccordionContainer.php
2011.07.26 22:47 B F:\xampp\htdocs\zendLibrary\Zend\Dojo\Form\Decorator\AccordionPane.php --> ftp.sobrafo.org.br /public_html/zendLibrary/Zend/Dojo/Form/Decorator AccordionPane.php
2011.07.26 22:47 B F:\xampp\htdocs\zendLibrary\Zend\Dojo\Form\Decorator\BorderContainer.php --> ftp.sobrafo.org.br /public_html/zendLibrary/Zend/Dojo/Form/Decorator BorderContainer.php
2011.07.26 22:47 B F:\xampp\htdocs\zendLibrary\Zend\Dojo\Form\Decorator\ContentPane.php --> ftp.sobrafo.org.br /public_html/zendLibrary/Zend/Dojo/Form/Decorator ContentPane.php
2011.07.26 22:47 B F:\xampp\htdocs\zendLibrary\Zend\Dojo\Form\Decorator\DijitContainer.php --> ftp.sobrafo.org.br /public_html/zendLibrary/Zend/Dojo/Form/Decorator DijitContainer.php
2011.07.26 22:47 B F:\xampp\htdocs\zendLibrary\Zend\Dojo\Form\Decorator\DijitElement.php --> ftp.sobrafo.org.br /public_html/zendLibrary/Zend/Dojo/Form/Decorator DijitElement.php
2011.07.26 22:47 B F:\xampp\htdocs\zendLibrary\Zend\Dojo\Form\Decorator\DijitForm.php --> ftp.sobrafo.org.br /public_html/zendLibrary/Zend/Dojo/Form/Decorator DijitForm.php
2011.07.26 22:47 B F:\xampp\htdocs\zendLibrary\Zend\Dojo\Form\Decorator\SplitContainer.php --> ftp.sobrafo.org.br /public_html/zendLibrary/Zend/Dojo/Form/Decorator SplitContainer.php
2011.07.26 22:47 B F:\xampp\htdocs\zendLibrary\Zend\Dojo\Form\Decorator\StackContainer.php --> ftp.sobrafo.org.br /public_html/zendLibrary/Zend/Dojo/Form/Decorator StackContainer.php
2011.07.26 22:47 B F:\xampp\htdocs\zendLibrary\Zend\Dojo\Form\Decorator\TabContainer.php --> ftp.sobrafo.org.br /public_html/zendLibrary/Zend/Dojo/Form/Decorator TabContainer.php
2011.07.26 22:47 B F:\xampp\htdocs\zendLibrary\Zend\Dojo\Form\Decorator\WS_FTP.LOG --> ftp.sobrafo.org.br /public_html/zendLibrary/Zend/Dojo/Form/Decorator WS_FTP.LOG
2011.08.09 16:57 B F:\xampp\htdocs\ZendLibrary\Zend\Dojo\Form\Decorator\AccordionContainer.php --> ftp.amfar.com.br /public_html/ZendLibrary/Zend/Dojo/Form/Decorator AccordionContainer.php
2011.08.09 16:57 B F:\xampp\htdocs\ZendLibrary\Zend\Dojo\Form\Decorator\AccordionPane.php --> ftp.amfar.com.br /public_html/ZendLibrary/Zend/Dojo/Form/Decorator AccordionPane.php
2011.08.09 16:57 B F:\xampp\htdocs\ZendLibrary\Zend\Dojo\Form\Decorator\BorderContainer.php --> ftp.amfar.com.br /public_html/ZendLibrary/Zend/Dojo/Form/Decorator BorderContainer.php
2011.08.09 16:57 B F:\xampp\htdocs\ZendLibrary\Zend\Dojo\Form\Decorator\ContentPane.php --> ftp.amfar.com.br /public_html/ZendLibrary/Zend/Dojo/Form/Decorator ContentPane.php
2011.08.09 16:57 B F:\xampp\htdocs\ZendLibrary\Zend\Dojo\Form\Decorator\DijitContainer.php --> ftp.amfar.com.br /public_html/ZendLibrary/Zend/Dojo/Form/Decorator DijitContainer.php
2011.08.09 16:57 B F:\xampp\htdocs\ZendLibrary\Zend\Dojo\Form\Decorator\DijitElement.php --> ftp.amfar.com.br /public_html/ZendLibrary/Zend/Dojo/Form/Decorator DijitElement.php
2011.08.09 16:57 B F:\xampp\htdocs\ZendLibrary\Zend\Dojo\Form\Decorator\DijitForm.php --> ftp.amfar.com.br /public_html/ZendLibrary/Zend/Dojo/Form/Decorator DijitForm.php
2011.08.09 16:57 B F:\xampp\htdocs\ZendLibrary\Zend\Dojo\Form\Decorator\SplitContainer.php --> ftp.amfar.com.br /public_html/ZendLibrary/Zend/Dojo/Form/Decorator SplitContainer.php
2011.08.09 16:57 B F:\xampp\htdocs\ZendLibrary\Zend\Dojo\Form\Decorator\StackContainer.php --> ftp.amfar.com.br /public_html/ZendLibrary/Zend/Dojo/Form/Decorator StackContainer.php
2011.08.09 16:57 B F:\xampp\htdocs\ZendLibrary\Zend\Dojo\Form\Decorator\TabContainer.php --> ftp.amfar.com.br /public_html/ZendLibrary/Zend/Dojo/Form/Decorator TabContainer.php
