2012.09.19 01:10 B F:\xampp\htdocs\html2pdf\html2pdf\_tcpdf_5.0.002\2dbarcodes.php --> ftp.sbrafh.org.br /public_html/html2pdf/html2pdf/_tcpdf_5.0.002 2dbarcodes.php
2012.09.19 01:10 B F:\xampp\htdocs\html2pdf\html2pdf\_tcpdf_5.0.002\barcodes.php --> ftp.sbrafh.org.br /public_html/html2pdf/html2pdf/_tcpdf_5.0.002 barcodes.php
2012.09.19 01:10 B F:\xampp\htdocs\html2pdf\html2pdf\_tcpdf_5.0.002\CHANGELOG.TXT --> ftp.sbrafh.org.br /public_html/html2pdf/html2pdf/_tcpdf_5.0.002 CHANGELOG.TXT
2012.09.19 01:10 B F:\xampp\htdocs\html2pdf\html2pdf\_tcpdf_5.0.002\htmlcolors.php --> ftp.sbrafh.org.br /public_html/html2pdf/html2pdf/_tcpdf_5.0.002 htmlcolors.php
2012.09.19 01:10 B F:\xampp\htdocs\html2pdf\html2pdf\_tcpdf_5.0.002\LICENSE.TXT --> ftp.sbrafh.org.br /public_html/html2pdf/html2pdf/_tcpdf_5.0.002 LICENSE.TXT
2012.09.19 01:11 B F:\xampp\htdocs\html2pdf\html2pdf\_tcpdf_5.0.002\qrcode.php --> ftp.sbrafh.org.br /public_html/html2pdf/html2pdf/_tcpdf_5.0.002 qrcode.php
2012.09.19 01:11 B F:\xampp\htdocs\html2pdf\html2pdf\_tcpdf_5.0.002\README.TXT --> ftp.sbrafh.org.br /public_html/html2pdf/html2pdf/_tcpdf_5.0.002 README.TXT
2012.09.19 01:11 B F:\xampp\htdocs\html2pdf\html2pdf\_tcpdf_5.0.002\tcpdf.crt --> ftp.sbrafh.org.br /public_html/html2pdf/html2pdf/_tcpdf_5.0.002 tcpdf.crt
2012.09.19 01:11 B F:\xampp\htdocs\html2pdf\html2pdf\_tcpdf_5.0.002\tcpdf.fdf --> ftp.sbrafh.org.br /public_html/html2pdf/html2pdf/_tcpdf_5.0.002 tcpdf.fdf
2012.09.19 01:11 B F:\xampp\htdocs\html2pdf\html2pdf\_tcpdf_5.0.002\tcpdf.php --> ftp.sbrafh.org.br /public_html/html2pdf/html2pdf/_tcpdf_5.0.002 tcpdf.php
2012.09.19 01:11 B F:\xampp\htdocs\html2pdf\html2pdf\_tcpdf_5.0.002\unicode_data.php --> ftp.sbrafh.org.br /public_html/html2pdf/html2pdf/_tcpdf_5.0.002 unicode_data.php
2012.11.23 12:26 B F:\xampp\htdocs\sbrafh\html2pdf\html2pdf\_tcpdf_5.0.002\2dbarcodes.php --> ftp.jairodepaula.com.br /jairodepaula/web/html2pdf/html2pdf/_tcpdf_5.0.002 2dbarcodes.php
2012.11.23 12:26 B F:\xampp\htdocs\sbrafh\html2pdf\html2pdf\_tcpdf_5.0.002\barcodes.php --> ftp.jairodepaula.com.br /jairodepaula/web/html2pdf/html2pdf/_tcpdf_5.0.002 barcodes.php
2012.11.23 12:27 B F:\xampp\htdocs\sbrafh\html2pdf\html2pdf\_tcpdf_5.0.002\CHANGELOG.TXT --> ftp.jairodepaula.com.br /jairodepaula/web/html2pdf/html2pdf/_tcpdf_5.0.002 CHANGELOG.TXT
2012.11.23 12:27 B F:\xampp\htdocs\sbrafh\html2pdf\html2pdf\_tcpdf_5.0.002\htmlcolors.php --> ftp.jairodepaula.com.br /jairodepaula/web/html2pdf/html2pdf/_tcpdf_5.0.002 htmlcolors.php
2012.11.23 12:27 B F:\xampp\htdocs\sbrafh\html2pdf\html2pdf\_tcpdf_5.0.002\LICENSE.TXT --> ftp.jairodepaula.com.br /jairodepaula/web/html2pdf/html2pdf/_tcpdf_5.0.002 LICENSE.TXT
2012.11.23 12:27 B F:\xampp\htdocs\sbrafh\html2pdf\html2pdf\_tcpdf_5.0.002\qrcode.php --> ftp.jairodepaula.com.br /jairodepaula/web/html2pdf/html2pdf/_tcpdf_5.0.002 qrcode.php
2012.11.23 12:27 B F:\xampp\htdocs\sbrafh\html2pdf\html2pdf\_tcpdf_5.0.002\README.TXT --> ftp.jairodepaula.com.br /jairodepaula/web/html2pdf/html2pdf/_tcpdf_5.0.002 README.TXT
2012.11.23 12:27 B F:\xampp\htdocs\sbrafh\html2pdf\html2pdf\_tcpdf_5.0.002\tcpdf.crt --> ftp.jairodepaula.com.br /jairodepaula/web/html2pdf/html2pdf/_tcpdf_5.0.002 tcpdf.crt
2012.11.23 12:27 B F:\xampp\htdocs\sbrafh\html2pdf\html2pdf\_tcpdf_5.0.002\tcpdf.fdf --> ftp.jairodepaula.com.br /jairodepaula/web/html2pdf/html2pdf/_tcpdf_5.0.002 tcpdf.fdf
2012.11.23 12:27 B F:\xampp\htdocs\sbrafh\html2pdf\html2pdf\_tcpdf_5.0.002\tcpdf.php --> ftp.jairodepaula.com.br /jairodepaula/web/html2pdf/html2pdf/_tcpdf_5.0.002 tcpdf.php
2012.11.23 12:27 B F:\xampp\htdocs\sbrafh\html2pdf\html2pdf\_tcpdf_5.0.002\unicode_data.php --> ftp.jairodepaula.com.br /jairodepaula/web/html2pdf/html2pdf/_tcpdf_5.0.002 unicode_data.php
2012.11.23 12:27 B F:\xampp\htdocs\sbrafh\html2pdf\html2pdf\_tcpdf_5.0.002\WS_FTP.LOG --> ftp.jairodepaula.com.br /jairodepaula/web/html2pdf/html2pdf/_tcpdf_5.0.002 WS_FTP.LOG
