2011.06.20 18:32 B F:\xampp\htdocs\zf-tutorial\library\Zend\Controller\Router\Route\Abstract.php --> ftp.portalridgid.com.br /public_html/zf-tutorial/library/Zend/Controller/Router/Route Abstract.php
2011.06.20 18:32 B F:\xampp\htdocs\zf-tutorial\library\Zend\Controller\Router\Route\Chain.php --> ftp.portalridgid.com.br /public_html/zf-tutorial/library/Zend/Controller/Router/Route Chain.php
2011.06.20 18:32 B F:\xampp\htdocs\zf-tutorial\library\Zend\Controller\Router\Route\Hostname.php --> ftp.portalridgid.com.br /public_html/zf-tutorial/library/Zend/Controller/Router/Route Hostname.php
2011.06.20 18:32 B F:\xampp\htdocs\zf-tutorial\library\Zend\Controller\Router\Route\Interface.php --> ftp.portalridgid.com.br /public_html/zf-tutorial/library/Zend/Controller/Router/Route Interface.php
2011.06.20 18:32 B F:\xampp\htdocs\zf-tutorial\library\Zend\Controller\Router\Route\Module.php --> ftp.portalridgid.com.br /public_html/zf-tutorial/library/Zend/Controller/Router/Route Module.php
2011.06.20 18:32 B F:\xampp\htdocs\zf-tutorial\library\Zend\Controller\Router\Route\Regex.php --> ftp.portalridgid.com.br /public_html/zf-tutorial/library/Zend/Controller/Router/Route Regex.php
2011.06.20 18:32 B F:\xampp\htdocs\zf-tutorial\library\Zend\Controller\Router\Route\Static.php --> ftp.portalridgid.com.br /public_html/zf-tutorial/library/Zend/Controller/Router/Route Static.php
2011.06.30 03:42 B F:\xampp\htdocs\zendLibrary\Zend\Controller\Router\Route\WS_FTP.LOG --> ftp.sbrafh.org.br /sbrafh/Web/zendLibrary/Zend/Controller/Router/Route WS_FTP.LOG
2011.06.30 03:42 B F:\xampp\htdocs\zendLibrary\Zend\Controller\Router\Route\Static.php --> ftp.sbrafh.org.br /sbrafh/Web/zendLibrary/Zend/Controller/Router/Route Static.php
2011.06.30 03:42 B F:\xampp\htdocs\zendLibrary\Zend\Controller\Router\Route\Regex.php --> ftp.sbrafh.org.br /sbrafh/Web/zendLibrary/Zend/Controller/Router/Route Regex.php
2011.06.30 03:42 B F:\xampp\htdocs\zendLibrary\Zend\Controller\Router\Route\Module.php --> ftp.sbrafh.org.br /sbrafh/Web/zendLibrary/Zend/Controller/Router/Route Module.php
2011.06.30 03:42 B F:\xampp\htdocs\zendLibrary\Zend\Controller\Router\Route\Interface.php --> ftp.sbrafh.org.br /sbrafh/Web/zendLibrary/Zend/Controller/Router/Route Interface.php
2011.06.30 03:42 B F:\xampp\htdocs\zendLibrary\Zend\Controller\Router\Route\Hostname.php --> ftp.sbrafh.org.br /sbrafh/Web/zendLibrary/Zend/Controller/Router/Route Hostname.php
2011.06.30 03:42 B F:\xampp\htdocs\zendLibrary\Zend\Controller\Router\Route\Chain.php --> ftp.sbrafh.org.br /sbrafh/Web/zendLibrary/Zend/Controller/Router/Route Chain.php
2011.06.30 03:42 B F:\xampp\htdocs\zendLibrary\Zend\Controller\Router\Route\Abstract.php --> ftp.sbrafh.org.br /sbrafh/Web/zendLibrary/Zend/Controller/Router/Route Abstract.php
2011.07.08 23:45 B F:\xampp\htdocs\zendLibrary\Zend\Controller\Router\Route\Abstract.php --> ftp.radiofone.com.br /public_html/radiofone/zendLibrary/Zend/Controller/Router/Route Abstract.php
2011.07.08 23:45 B F:\xampp\htdocs\zendLibrary\Zend\Controller\Router\Route\Chain.php --> ftp.radiofone.com.br /public_html/radiofone/zendLibrary/Zend/Controller/Router/Route Chain.php
2011.07.08 23:45 B F:\xampp\htdocs\zendLibrary\Zend\Controller\Router\Route\Hostname.php --> ftp.radiofone.com.br /public_html/radiofone/zendLibrary/Zend/Controller/Router/Route Hostname.php
2011.07.08 23:45 B F:\xampp\htdocs\zendLibrary\Zend\Controller\Router\Route\Interface.php --> ftp.radiofone.com.br /public_html/radiofone/zendLibrary/Zend/Controller/Router/Route Interface.php
2011.07.08 23:45 B F:\xampp\htdocs\zendLibrary\Zend\Controller\Router\Route\Module.php --> ftp.radiofone.com.br /public_html/radiofone/zendLibrary/Zend/Controller/Router/Route Module.php
2011.07.08 23:45 B F:\xampp\htdocs\zendLibrary\Zend\Controller\Router\Route\Regex.php --> ftp.radiofone.com.br /public_html/radiofone/zendLibrary/Zend/Controller/Router/Route Regex.php
2011.07.08 23:45 B F:\xampp\htdocs\zendLibrary\Zend\Controller\Router\Route\Static.php --> ftp.radiofone.com.br /public_html/radiofone/zendLibrary/Zend/Controller/Router/Route Static.php
2011.07.08 23:45 B F:\xampp\htdocs\zendLibrary\Zend\Controller\Router\Route\WS_FTP.LOG --> ftp.radiofone.com.br /public_html/radiofone/zendLibrary/Zend/Controller/Router/Route WS_FTP.LOG
2011.07.26 22:46 B F:\xampp\htdocs\zendLibrary\Zend\Controller\Router\Route\Abstract.php --> ftp.sobrafo.org.br /public_html/zendLibrary/Zend/Controller/Router/Route Abstract.php
2011.07.26 22:46 B F:\xampp\htdocs\zendLibrary\Zend\Controller\Router\Route\Chain.php --> ftp.sobrafo.org.br /public_html/zendLibrary/Zend/Controller/Router/Route Chain.php
2011.07.26 22:46 B F:\xampp\htdocs\zendLibrary\Zend\Controller\Router\Route\Hostname.php --> ftp.sobrafo.org.br /public_html/zendLibrary/Zend/Controller/Router/Route Hostname.php
2011.07.26 22:46 B F:\xampp\htdocs\zendLibrary\Zend\Controller\Router\Route\Interface.php --> ftp.sobrafo.org.br /public_html/zendLibrary/Zend/Controller/Router/Route Interface.php
2011.07.26 22:46 B F:\xampp\htdocs\zendLibrary\Zend\Controller\Router\Route\Module.php --> ftp.sobrafo.org.br /public_html/zendLibrary/Zend/Controller/Router/Route Module.php
2011.07.26 22:46 B F:\xampp\htdocs\zendLibrary\Zend\Controller\Router\Route\Regex.php --> ftp.sobrafo.org.br /public_html/zendLibrary/Zend/Controller/Router/Route Regex.php
2011.07.26 22:46 B F:\xampp\htdocs\zendLibrary\Zend\Controller\Router\Route\Static.php --> ftp.sobrafo.org.br /public_html/zendLibrary/Zend/Controller/Router/Route Static.php
2011.07.26 22:46 B F:\xampp\htdocs\zendLibrary\Zend\Controller\Router\Route\WS_FTP.LOG --> ftp.sobrafo.org.br /public_html/zendLibrary/Zend/Controller/Router/Route WS_FTP.LOG
2011.08.05 01:02 B F:\xampp\htdocs\ZendLibrary\Zend\Controller\Router\Route\WS_FTP.LOG --> ftp.portalridgid.com.br /public_html/zendLibrary/Zend/Controller/Router/Route WS_FTP.LOG
2011.08.09 16:56 B F:\xampp\htdocs\ZendLibrary\Zend\Controller\Router\Route\Abstract.php --> ftp.amfar.com.br /public_html/ZendLibrary/Zend/Controller/Router/Route Abstract.php
2011.08.09 16:56 B F:\xampp\htdocs\ZendLibrary\Zend\Controller\Router\Route\Chain.php --> ftp.amfar.com.br /public_html/ZendLibrary/Zend/Controller/Router/Route Chain.php
2011.08.09 16:56 B F:\xampp\htdocs\ZendLibrary\Zend\Controller\Router\Route\Hostname.php --> ftp.amfar.com.br /public_html/ZendLibrary/Zend/Controller/Router/Route Hostname.php
2011.08.09 16:56 B F:\xampp\htdocs\ZendLibrary\Zend\Controller\Router\Route\Interface.php --> ftp.amfar.com.br /public_html/ZendLibrary/Zend/Controller/Router/Route Interface.php
2011.08.09 16:56 B F:\xampp\htdocs\ZendLibrary\Zend\Controller\Router\Route\Module.php --> ftp.amfar.com.br /public_html/ZendLibrary/Zend/Controller/Router/Route Module.php
2011.08.09 16:56 B F:\xampp\htdocs\ZendLibrary\Zend\Controller\Router\Route\Regex.php --> ftp.amfar.com.br /public_html/ZendLibrary/Zend/Controller/Router/Route Regex.php
2011.08.09 16:56 B F:\xampp\htdocs\ZendLibrary\Zend\Controller\Router\Route\Static.php --> ftp.amfar.com.br /public_html/ZendLibrary/Zend/Controller/Router/Route Static.php
