2011.06.20 18:54 B F:\xampp\htdocs\zf-tutorial\library\Zend\Service\Abstract.php --> ftp.portalridgid.com.br /public_html/zf-tutorial/library/Zend/Service Abstract.php
2011.06.20 18:54 B F:\xampp\htdocs\zf-tutorial\library\Zend\Service\Akismet.php --> ftp.portalridgid.com.br /public_html/zf-tutorial/library/Zend/Service Akismet.php
2011.06.20 18:54 B F:\xampp\htdocs\zf-tutorial\library\Zend\Service\Amazon.php --> ftp.portalridgid.com.br /public_html/zf-tutorial/library/Zend/Service Amazon.php
2011.06.20 18:54 B F:\xampp\htdocs\zf-tutorial\library\Zend\Service\Audioscrobbler.php --> ftp.portalridgid.com.br /public_html/zf-tutorial/library/Zend/Service Audioscrobbler.php
2011.06.20 18:54 B F:\xampp\htdocs\zf-tutorial\library\Zend\Service\Delicious.php --> ftp.portalridgid.com.br /public_html/zf-tutorial/library/Zend/Service Delicious.php
2011.06.20 18:54 B F:\xampp\htdocs\zf-tutorial\library\Zend\Service\Exception.php --> ftp.portalridgid.com.br /public_html/zf-tutorial/library/Zend/Service Exception.php
2011.06.20 18:54 B F:\xampp\htdocs\zf-tutorial\library\Zend\Service\Flickr.php --> ftp.portalridgid.com.br /public_html/zf-tutorial/library/Zend/Service Flickr.php
2011.06.20 18:54 B F:\xampp\htdocs\zf-tutorial\library\Zend\Service\LiveDocx.php --> ftp.portalridgid.com.br /public_html/zf-tutorial/library/Zend/Service LiveDocx.php
2011.06.20 18:54 B F:\xampp\htdocs\zf-tutorial\library\Zend\Service\Nirvanix.php --> ftp.portalridgid.com.br /public_html/zf-tutorial/library/Zend/Service Nirvanix.php
2011.06.20 18:54 B F:\xampp\htdocs\zf-tutorial\library\Zend\Service\ReCaptcha.php --> ftp.portalridgid.com.br /public_html/zf-tutorial/library/Zend/Service ReCaptcha.php
2011.06.20 18:54 B F:\xampp\htdocs\zf-tutorial\library\Zend\Service\Simpy.php --> ftp.portalridgid.com.br /public_html/zf-tutorial/library/Zend/Service Simpy.php
2011.06.20 18:54 B F:\xampp\htdocs\zf-tutorial\library\Zend\Service\SlideShare.php --> ftp.portalridgid.com.br /public_html/zf-tutorial/library/Zend/Service SlideShare.php
2011.06.20 18:54 B F:\xampp\htdocs\zf-tutorial\library\Zend\Service\StrikeIron.php --> ftp.portalridgid.com.br /public_html/zf-tutorial/library/Zend/Service StrikeIron.php
2011.06.20 18:54 B F:\xampp\htdocs\zf-tutorial\library\Zend\Service\Technorati.php --> ftp.portalridgid.com.br /public_html/zf-tutorial/library/Zend/Service Technorati.php
2011.06.20 18:54 B F:\xampp\htdocs\zf-tutorial\library\Zend\Service\Twitter.php --> ftp.portalridgid.com.br /public_html/zf-tutorial/library/Zend/Service Twitter.php
2011.06.20 18:54 B F:\xampp\htdocs\zf-tutorial\library\Zend\Service\Yahoo.php --> ftp.portalridgid.com.br /public_html/zf-tutorial/library/Zend/Service Yahoo.php
2011.06.30 03:16 B F:\xampp\htdocs\zendLibrary\Zend\Service\WS_FTP.LOG --> ftp.sbrafh.org.br /sbrafh/Web/zendLibrary/Zend/Service WS_FTP.LOG
2011.06.30 03:16 B F:\xampp\htdocs\zendLibrary\Zend\Service\ReCaptcha.php --> ftp.sbrafh.org.br /sbrafh/Web/zendLibrary/Zend/Service ReCaptcha.php
2011.06.30 03:16 B F:\xampp\htdocs\zendLibrary\Zend\Service\LiveDocx.php --> ftp.sbrafh.org.br /sbrafh/Web/zendLibrary/Zend/Service LiveDocx.php
2011.06.30 03:16 B F:\xampp\htdocs\zendLibrary\Zend\Service\Twitter.php --> ftp.sbrafh.org.br /sbrafh/Web/zendLibrary/Zend/Service Twitter.php
2011.06.30 03:16 B F:\xampp\htdocs\zendLibrary\Zend\Service\Yahoo.php --> ftp.sbrafh.org.br /sbrafh/Web/zendLibrary/Zend/Service Yahoo.php
2011.06.30 03:16 B F:\xampp\htdocs\zendLibrary\Zend\Service\Technorati.php --> ftp.sbrafh.org.br /sbrafh/Web/zendLibrary/Zend/Service Technorati.php
2011.06.30 03:16 B F:\xampp\htdocs\zendLibrary\Zend\Service\StrikeIron.php --> ftp.sbrafh.org.br /sbrafh/Web/zendLibrary/Zend/Service StrikeIron.php
2011.06.30 03:16 B F:\xampp\htdocs\zendLibrary\Zend\Service\SlideShare.php --> ftp.sbrafh.org.br /sbrafh/Web/zendLibrary/Zend/Service SlideShare.php
2011.06.30 03:16 B F:\xampp\htdocs\zendLibrary\Zend\Service\Simpy.php --> ftp.sbrafh.org.br /sbrafh/Web/zendLibrary/Zend/Service Simpy.php
2011.06.30 03:16 B F:\xampp\htdocs\zendLibrary\Zend\Service\Nirvanix.php --> ftp.sbrafh.org.br /sbrafh/Web/zendLibrary/Zend/Service Nirvanix.php
2011.06.30 03:16 B F:\xampp\htdocs\zendLibrary\Zend\Service\Flickr.php --> ftp.sbrafh.org.br /sbrafh/Web/zendLibrary/Zend/Service Flickr.php
2011.06.30 03:16 B F:\xampp\htdocs\zendLibrary\Zend\Service\Exception.php --> ftp.sbrafh.org.br /sbrafh/Web/zendLibrary/Zend/Service Exception.php
2011.06.30 03:16 B F:\xampp\htdocs\zendLibrary\Zend\Service\Delicious.php --> ftp.sbrafh.org.br /sbrafh/Web/zendLibrary/Zend/Service Delicious.php
2011.06.30 03:16 B F:\xampp\htdocs\zendLibrary\Zend\Service\Audioscrobbler.php --> ftp.sbrafh.org.br /sbrafh/Web/zendLibrary/Zend/Service Audioscrobbler.php
2011.06.30 03:16 B F:\xampp\htdocs\zendLibrary\Zend\Service\Amazon.php --> ftp.sbrafh.org.br /sbrafh/Web/zendLibrary/Zend/Service Amazon.php
2011.06.30 03:16 B F:\xampp\htdocs\zendLibrary\Zend\Service\Akismet.php --> ftp.sbrafh.org.br /sbrafh/Web/zendLibrary/Zend/Service Akismet.php
2011.06.30 03:16 B F:\xampp\htdocs\zendLibrary\Zend\Service\Abstract.php --> ftp.sbrafh.org.br /sbrafh/Web/zendLibrary/Zend/Service Abstract.php
2011.07.09 00:21 B F:\xampp\htdocs\zendLibrary\Zend\Service\Abstract.php --> ftp.radiofone.com.br /public_html/radiofone/zendLibrary/Zend/Service Abstract.php
2011.07.09 00:21 B F:\xampp\htdocs\zendLibrary\Zend\Service\Akismet.php --> ftp.radiofone.com.br /public_html/radiofone/zendLibrary/Zend/Service Akismet.php
2011.07.09 00:21 B F:\xampp\htdocs\zendLibrary\Zend\Service\Amazon.php --> ftp.radiofone.com.br /public_html/radiofone/zendLibrary/Zend/Service Amazon.php
2011.07.09 00:21 B F:\xampp\htdocs\zendLibrary\Zend\Service\Audioscrobbler.php --> ftp.radiofone.com.br /public_html/radiofone/zendLibrary/Zend/Service Audioscrobbler.php
2011.07.09 00:21 B F:\xampp\htdocs\zendLibrary\Zend\Service\Delicious.php --> ftp.radiofone.com.br /public_html/radiofone/zendLibrary/Zend/Service Delicious.php
2011.07.09 00:21 B F:\xampp\htdocs\zendLibrary\Zend\Service\Exception.php --> ftp.radiofone.com.br /public_html/radiofone/zendLibrary/Zend/Service Exception.php
2011.07.09 00:21 B F:\xampp\htdocs\zendLibrary\Zend\Service\Flickr.php --> ftp.radiofone.com.br /public_html/radiofone/zendLibrary/Zend/Service Flickr.php
2011.07.09 00:21 B F:\xampp\htdocs\zendLibrary\Zend\Service\LiveDocx.php --> ftp.radiofone.com.br /public_html/radiofone/zendLibrary/Zend/Service LiveDocx.php
2011.07.09 00:21 B F:\xampp\htdocs\zendLibrary\Zend\Service\Nirvanix.php --> ftp.radiofone.com.br /public_html/radiofone/zendLibrary/Zend/Service Nirvanix.php
2011.07.09 00:21 B F:\xampp\htdocs\zendLibrary\Zend\Service\ReCaptcha.php --> ftp.radiofone.com.br /public_html/radiofone/zendLibrary/Zend/Service ReCaptcha.php
2011.07.09 00:21 B F:\xampp\htdocs\zendLibrary\Zend\Service\Simpy.php --> ftp.radiofone.com.br /public_html/radiofone/zendLibrary/Zend/Service Simpy.php
2011.07.09 00:21 B F:\xampp\htdocs\zendLibrary\Zend\Service\SlideShare.php --> ftp.radiofone.com.br /public_html/radiofone/zendLibrary/Zend/Service SlideShare.php
2011.07.09 00:21 B F:\xampp\htdocs\zendLibrary\Zend\Service\StrikeIron.php --> ftp.radiofone.com.br /public_html/radiofone/zendLibrary/Zend/Service StrikeIron.php
2011.07.09 00:21 B F:\xampp\htdocs\zendLibrary\Zend\Service\Technorati.php --> ftp.radiofone.com.br /public_html/radiofone/zendLibrary/Zend/Service Technorati.php
2011.07.09 00:21 B F:\xampp\htdocs\zendLibrary\Zend\Service\Twitter.php --> ftp.radiofone.com.br /public_html/radiofone/zendLibrary/Zend/Service Twitter.php
2011.07.09 00:21 B F:\xampp\htdocs\zendLibrary\Zend\Service\WS_FTP.LOG --> ftp.radiofone.com.br /public_html/radiofone/zendLibrary/Zend/Service WS_FTP.LOG
2011.07.09 00:21 B F:\xampp\htdocs\zendLibrary\Zend\Service\Yahoo.php --> ftp.radiofone.com.br /public_html/radiofone/zendLibrary/Zend/Service Yahoo.php
2011.07.26 23:10 B F:\xampp\htdocs\zendLibrary\Zend\Service\Abstract.php --> ftp.sobrafo.org.br /public_html/zendLibrary/Zend/Service Abstract.php
2011.07.26 23:10 B F:\xampp\htdocs\zendLibrary\Zend\Service\Akismet.php --> ftp.sobrafo.org.br /public_html/zendLibrary/Zend/Service Akismet.php
2011.07.26 23:10 B F:\xampp\htdocs\zendLibrary\Zend\Service\Amazon.php --> ftp.sobrafo.org.br /public_html/zendLibrary/Zend/Service Amazon.php
2011.07.26 23:10 B F:\xampp\htdocs\zendLibrary\Zend\Service\Audioscrobbler.php --> ftp.sobrafo.org.br /public_html/zendLibrary/Zend/Service Audioscrobbler.php
2011.07.26 23:10 B F:\xampp\htdocs\zendLibrary\Zend\Service\Delicious.php --> ftp.sobrafo.org.br /public_html/zendLibrary/Zend/Service Delicious.php
2011.07.26 23:10 B F:\xampp\htdocs\zendLibrary\Zend\Service\Exception.php --> ftp.sobrafo.org.br /public_html/zendLibrary/Zend/Service Exception.php
2011.07.26 23:10 B F:\xampp\htdocs\zendLibrary\Zend\Service\Flickr.php --> ftp.sobrafo.org.br /public_html/zendLibrary/Zend/Service Flickr.php
2011.07.26 23:10 B F:\xampp\htdocs\zendLibrary\Zend\Service\LiveDocx.php --> ftp.sobrafo.org.br /public_html/zendLibrary/Zend/Service LiveDocx.php
2011.07.26 23:10 B F:\xampp\htdocs\zendLibrary\Zend\Service\Nirvanix.php --> ftp.sobrafo.org.br /public_html/zendLibrary/Zend/Service Nirvanix.php
2011.07.26 23:10 B F:\xampp\htdocs\zendLibrary\Zend\Service\ReCaptcha.php --> ftp.sobrafo.org.br /public_html/zendLibrary/Zend/Service ReCaptcha.php
2011.07.26 23:10 B F:\xampp\htdocs\zendLibrary\Zend\Service\Simpy.php --> ftp.sobrafo.org.br /public_html/zendLibrary/Zend/Service Simpy.php
2011.07.26 23:10 B F:\xampp\htdocs\zendLibrary\Zend\Service\SlideShare.php --> ftp.sobrafo.org.br /public_html/zendLibrary/Zend/Service SlideShare.php
2011.07.26 23:10 B F:\xampp\htdocs\zendLibrary\Zend\Service\StrikeIron.php --> ftp.sobrafo.org.br /public_html/zendLibrary/Zend/Service StrikeIron.php
2011.07.26 23:10 B F:\xampp\htdocs\zendLibrary\Zend\Service\Technorati.php --> ftp.sobrafo.org.br /public_html/zendLibrary/Zend/Service Technorati.php
2011.07.26 23:10 B F:\xampp\htdocs\zendLibrary\Zend\Service\Twitter.php --> ftp.sobrafo.org.br /public_html/zendLibrary/Zend/Service Twitter.php
2011.07.26 23:10 B F:\xampp\htdocs\zendLibrary\Zend\Service\WS_FTP.LOG --> ftp.sobrafo.org.br /public_html/zendLibrary/Zend/Service WS_FTP.LOG
2011.07.26 23:10 B F:\xampp\htdocs\zendLibrary\Zend\Service\Yahoo.php --> ftp.sobrafo.org.br /public_html/zendLibrary/Zend/Service Yahoo.php
2011.08.09 17:30 B F:\xampp\htdocs\ZendLibrary\Zend\Service\Abstract.php --> ftp.amfar.com.br /public_html/ZendLibrary/Zend/Service Abstract.php
2011.08.09 17:30 B F:\xampp\htdocs\ZendLibrary\Zend\Service\Akismet.php --> ftp.amfar.com.br /public_html/ZendLibrary/Zend/Service Akismet.php
2011.08.09 17:30 B F:\xampp\htdocs\ZendLibrary\Zend\Service\Amazon.php --> ftp.amfar.com.br /public_html/ZendLibrary/Zend/Service Amazon.php
2011.08.09 17:30 B F:\xampp\htdocs\ZendLibrary\Zend\Service\Audioscrobbler.php --> ftp.amfar.com.br /public_html/ZendLibrary/Zend/Service Audioscrobbler.php
2011.08.09 17:30 B F:\xampp\htdocs\ZendLibrary\Zend\Service\Delicious.php --> ftp.amfar.com.br /public_html/ZendLibrary/Zend/Service Delicious.php
2011.08.09 17:30 B F:\xampp\htdocs\ZendLibrary\Zend\Service\Exception.php --> ftp.amfar.com.br /public_html/ZendLibrary/Zend/Service Exception.php
2011.08.09 17:30 B F:\xampp\htdocs\ZendLibrary\Zend\Service\Flickr.php --> ftp.amfar.com.br /public_html/ZendLibrary/Zend/Service Flickr.php
2011.08.09 17:30 B F:\xampp\htdocs\ZendLibrary\Zend\Service\LiveDocx.php --> ftp.amfar.com.br /public_html/ZendLibrary/Zend/Service LiveDocx.php
2011.08.09 17:30 B F:\xampp\htdocs\ZendLibrary\Zend\Service\Nirvanix.php --> ftp.amfar.com.br /public_html/ZendLibrary/Zend/Service Nirvanix.php
2011.08.09 17:30 B F:\xampp\htdocs\ZendLibrary\Zend\Service\ReCaptcha.php --> ftp.amfar.com.br /public_html/ZendLibrary/Zend/Service ReCaptcha.php
2011.08.09 17:30 B F:\xampp\htdocs\ZendLibrary\Zend\Service\Simpy.php --> ftp.amfar.com.br /public_html/ZendLibrary/Zend/Service Simpy.php
2011.08.09 17:30 B F:\xampp\htdocs\ZendLibrary\Zend\Service\SlideShare.php --> ftp.amfar.com.br /public_html/ZendLibrary/Zend/Service SlideShare.php
2011.08.09 17:30 B F:\xampp\htdocs\ZendLibrary\Zend\Service\StrikeIron.php --> ftp.amfar.com.br /public_html/ZendLibrary/Zend/Service StrikeIron.php
2011.08.09 17:30 B F:\xampp\htdocs\ZendLibrary\Zend\Service\Technorati.php --> ftp.amfar.com.br /public_html/ZendLibrary/Zend/Service Technorati.php
2011.08.09 17:30 B F:\xampp\htdocs\ZendLibrary\Zend\Service\Twitter.php --> ftp.amfar.com.br /public_html/ZendLibrary/Zend/Service Twitter.php
