2011.06.20 18:55 B F:\xampp\htdocs\zf-tutorial\library\Zend\Tool\Framework\Client\Interactive\InputHandler.php --> ftp.portalridgid.com.br /public_html/zf-tutorial/library/Zend/Tool/Framework/Client/Interactive InputHandler.php
2011.06.20 18:55 B F:\xampp\htdocs\zf-tutorial\library\Zend\Tool\Framework\Client\Interactive\InputInterface.php --> ftp.portalridgid.com.br /public_html/zf-tutorial/library/Zend/Tool/Framework/Client/Interactive InputInterface.php
2011.06.20 18:55 B F:\xampp\htdocs\zf-tutorial\library\Zend\Tool\Framework\Client\Interactive\InputRequest.php --> ftp.portalridgid.com.br /public_html/zf-tutorial/library/Zend/Tool/Framework/Client/Interactive InputRequest.php
2011.06.20 18:55 B F:\xampp\htdocs\zf-tutorial\library\Zend\Tool\Framework\Client\Interactive\InputResponse.php --> ftp.portalridgid.com.br /public_html/zf-tutorial/library/Zend/Tool/Framework/Client/Interactive InputResponse.php
2011.06.20 18:55 B F:\xampp\htdocs\zf-tutorial\library\Zend\Tool\Framework\Client\Interactive\OutputInterface.php --> ftp.portalridgid.com.br /public_html/zf-tutorial/library/Zend/Tool/Framework/Client/Interactive OutputInterface.php
2011.06.30 03:48 B F:\xampp\htdocs\zendLibrary\Zend\Tool\Framework\Client\Interactive\WS_FTP.LOG --> ftp.sbrafh.org.br /sbrafh/Web/zendLibrary/Zend/Tool/Framework/Client/Interactive WS_FTP.LOG
2011.06.30 03:48 B F:\xampp\htdocs\zendLibrary\Zend\Tool\Framework\Client\Interactive\OutputInterface.php --> ftp.sbrafh.org.br /sbrafh/Web/zendLibrary/Zend/Tool/Framework/Client/Interactive OutputInterface.php
2011.06.30 03:48 B F:\xampp\htdocs\zendLibrary\Zend\Tool\Framework\Client\Interactive\InputResponse.php --> ftp.sbrafh.org.br /sbrafh/Web/zendLibrary/Zend/Tool/Framework/Client/Interactive InputResponse.php
2011.06.30 03:48 B F:\xampp\htdocs\zendLibrary\Zend\Tool\Framework\Client\Interactive\InputRequest.php --> ftp.sbrafh.org.br /sbrafh/Web/zendLibrary/Zend/Tool/Framework/Client/Interactive InputRequest.php
2011.06.30 03:48 B F:\xampp\htdocs\zendLibrary\Zend\Tool\Framework\Client\Interactive\InputInterface.php --> ftp.sbrafh.org.br /sbrafh/Web/zendLibrary/Zend/Tool/Framework/Client/Interactive InputInterface.php
2011.06.30 03:48 B F:\xampp\htdocs\zendLibrary\Zend\Tool\Framework\Client\Interactive\InputHandler.php --> ftp.sbrafh.org.br /sbrafh/Web/zendLibrary/Zend/Tool/Framework/Client/Interactive InputHandler.php
2011.07.09 00:23 B F:\xampp\htdocs\zendLibrary\Zend\Tool\Framework\Client\Interactive\InputHandler.php --> ftp.radiofone.com.br /public_html/radiofone/zendLibrary/Zend/Tool/Framework/Client/Interactive InputHandler.php
2011.07.09 00:23 B F:\xampp\htdocs\zendLibrary\Zend\Tool\Framework\Client\Interactive\InputInterface.php --> ftp.radiofone.com.br /public_html/radiofone/zendLibrary/Zend/Tool/Framework/Client/Interactive InputInterface.php
2011.07.09 00:23 B F:\xampp\htdocs\zendLibrary\Zend\Tool\Framework\Client\Interactive\InputRequest.php --> ftp.radiofone.com.br /public_html/radiofone/zendLibrary/Zend/Tool/Framework/Client/Interactive InputRequest.php
2011.07.09 00:23 B F:\xampp\htdocs\zendLibrary\Zend\Tool\Framework\Client\Interactive\InputResponse.php --> ftp.radiofone.com.br /public_html/radiofone/zendLibrary/Zend/Tool/Framework/Client/Interactive InputResponse.php
2011.07.09 00:23 B F:\xampp\htdocs\zendLibrary\Zend\Tool\Framework\Client\Interactive\OutputInterface.php --> ftp.radiofone.com.br /public_html/radiofone/zendLibrary/Zend/Tool/Framework/Client/Interactive OutputInterface.php
2011.07.09 00:23 B F:\xampp\htdocs\zendLibrary\Zend\Tool\Framework\Client\Interactive\WS_FTP.LOG --> ftp.radiofone.com.br /public_html/radiofone/zendLibrary/Zend/Tool/Framework/Client/Interactive WS_FTP.LOG
2011.07.09 00:53 B F:\xampp\htdocs\zendLibrary\Zend\Tool\Framework\Client\Interactive\WS_FTP.LOG --> ftp.radiofone.com.br /public_html/radiofone/zendLibrary/Zend/Tool/Framework/Client/Interactive WS_FTP.LOG
2011.07.26 23:11 B F:\xampp\htdocs\zendLibrary\Zend\Tool\Framework\Client\Interactive\InputHandler.php --> ftp.sobrafo.org.br /public_html/zendLibrary/Zend/Tool/Framework/Client/Interactive InputHandler.php
2011.07.26 23:11 B F:\xampp\htdocs\zendLibrary\Zend\Tool\Framework\Client\Interactive\InputInterface.php --> ftp.sobrafo.org.br /public_html/zendLibrary/Zend/Tool/Framework/Client/Interactive InputInterface.php
2011.07.26 23:11 B F:\xampp\htdocs\zendLibrary\Zend\Tool\Framework\Client\Interactive\InputRequest.php --> ftp.sobrafo.org.br /public_html/zendLibrary/Zend/Tool/Framework/Client/Interactive InputRequest.php
2011.07.26 23:11 B F:\xampp\htdocs\zendLibrary\Zend\Tool\Framework\Client\Interactive\InputResponse.php --> ftp.sobrafo.org.br /public_html/zendLibrary/Zend/Tool/Framework/Client/Interactive InputResponse.php
2011.07.26 23:11 B F:\xampp\htdocs\zendLibrary\Zend\Tool\Framework\Client\Interactive\OutputInterface.php --> ftp.sobrafo.org.br /public_html/zendLibrary/Zend/Tool/Framework/Client/Interactive OutputInterface.php
2011.07.26 23:11 B F:\xampp\htdocs\zendLibrary\Zend\Tool\Framework\Client\Interactive\WS_FTP.LOG --> ftp.sobrafo.org.br /public_html/zendLibrary/Zend/Tool/Framework/Client/Interactive WS_FTP.LOG
2011.08.09 17:32 B F:\xampp\htdocs\ZendLibrary\Zend\Tool\Framework\Client\Interactive\InputHandler.php --> ftp.amfar.com.br /public_html/ZendLibrary/Zend/Tool/Framework/Client/Interactive InputHandler.php
2011.08.09 17:32 B F:\xampp\htdocs\ZendLibrary\Zend\Tool\Framework\Client\Interactive\InputInterface.php --> ftp.amfar.com.br /public_html/ZendLibrary/Zend/Tool/Framework/Client/Interactive InputInterface.php
2011.08.09 17:32 B F:\xampp\htdocs\ZendLibrary\Zend\Tool\Framework\Client\Interactive\InputRequest.php --> ftp.amfar.com.br /public_html/ZendLibrary/Zend/Tool/Framework/Client/Interactive InputRequest.php
2011.08.09 17:32 B F:\xampp\htdocs\ZendLibrary\Zend\Tool\Framework\Client\Interactive\InputResponse.php --> ftp.amfar.com.br /public_html/ZendLibrary/Zend/Tool/Framework/Client/Interactive InputResponse.php
2011.08.09 17:32 B F:\xampp\htdocs\ZendLibrary\Zend\Tool\Framework\Client\Interactive\OutputInterface.php --> ftp.amfar.com.br /public_html/ZendLibrary/Zend/Tool/Framework/Client/Interactive OutputInterface.php
