2011.06.20 18:31 B F:\xampp\htdocs\zf-tutorial\library\Zend\Cache\Frontend\Capture.php --> ftp.portalridgid.com.br /public_html/zf-tutorial/library/Zend/Cache/Frontend Capture.php
2011.06.20 18:31 B F:\xampp\htdocs\zf-tutorial\library\Zend\Cache\Frontend\Class.php --> ftp.portalridgid.com.br /public_html/zf-tutorial/library/Zend/Cache/Frontend Class.php
2011.06.20 18:31 B F:\xampp\htdocs\zf-tutorial\library\Zend\Cache\Frontend\File.php --> ftp.portalridgid.com.br /public_html/zf-tutorial/library/Zend/Cache/Frontend File.php
2011.06.20 18:31 B F:\xampp\htdocs\zf-tutorial\library\Zend\Cache\Frontend\Function.php --> ftp.portalridgid.com.br /public_html/zf-tutorial/library/Zend/Cache/Frontend Function.php
2011.06.20 18:31 B F:\xampp\htdocs\zf-tutorial\library\Zend\Cache\Frontend\Output.php --> ftp.portalridgid.com.br /public_html/zf-tutorial/library/Zend/Cache/Frontend Output.php
2011.06.20 18:31 B F:\xampp\htdocs\zf-tutorial\library\Zend\Cache\Frontend\Page.php --> ftp.portalridgid.com.br /public_html/zf-tutorial/library/Zend/Cache/Frontend Page.php
2011.06.30 03:44 B F:\xampp\htdocs\zendLibrary\Zend\Cache\Frontend\WS_FTP.LOG --> ftp.sbrafh.org.br /sbrafh/Web/zendLibrary/Zend/Cache/Frontend WS_FTP.LOG
2011.06.30 03:44 B F:\xampp\htdocs\zendLibrary\Zend\Cache\Frontend\File.php --> ftp.sbrafh.org.br /sbrafh/Web/zendLibrary/Zend/Cache/Frontend File.php
2011.06.30 03:44 B F:\xampp\htdocs\zendLibrary\Zend\Cache\Frontend\Page.php --> ftp.sbrafh.org.br /sbrafh/Web/zendLibrary/Zend/Cache/Frontend Page.php
2011.06.30 03:44 B F:\xampp\htdocs\zendLibrary\Zend\Cache\Frontend\Output.php --> ftp.sbrafh.org.br /sbrafh/Web/zendLibrary/Zend/Cache/Frontend Output.php
2011.06.30 03:44 B F:\xampp\htdocs\zendLibrary\Zend\Cache\Frontend\Function.php --> ftp.sbrafh.org.br /sbrafh/Web/zendLibrary/Zend/Cache/Frontend Function.php
2011.06.30 03:44 B F:\xampp\htdocs\zendLibrary\Zend\Cache\Frontend\Class.php --> ftp.sbrafh.org.br /sbrafh/Web/zendLibrary/Zend/Cache/Frontend Class.php
2011.06.30 03:44 B F:\xampp\htdocs\zendLibrary\Zend\Cache\Frontend\Capture.php --> ftp.sbrafh.org.br /sbrafh/Web/zendLibrary/Zend/Cache/Frontend Capture.php
2011.07.08 23:44 B F:\xampp\htdocs\zendLibrary\Zend\Cache\Frontend\Capture.php --> ftp.radiofone.com.br /public_html/radiofone/zendLibrary/Zend/Cache/Frontend Capture.php
2011.07.08 23:44 B F:\xampp\htdocs\zendLibrary\Zend\Cache\Frontend\Class.php --> ftp.radiofone.com.br /public_html/radiofone/zendLibrary/Zend/Cache/Frontend Class.php
2011.07.08 23:44 B F:\xampp\htdocs\zendLibrary\Zend\Cache\Frontend\File.php --> ftp.radiofone.com.br /public_html/radiofone/zendLibrary/Zend/Cache/Frontend File.php
2011.07.08 23:44 B F:\xampp\htdocs\zendLibrary\Zend\Cache\Frontend\Function.php --> ftp.radiofone.com.br /public_html/radiofone/zendLibrary/Zend/Cache/Frontend Function.php
2011.07.08 23:44 B F:\xampp\htdocs\zendLibrary\Zend\Cache\Frontend\Output.php --> ftp.radiofone.com.br /public_html/radiofone/zendLibrary/Zend/Cache/Frontend Output.php
2011.07.08 23:44 B F:\xampp\htdocs\zendLibrary\Zend\Cache\Frontend\Page.php --> ftp.radiofone.com.br /public_html/radiofone/zendLibrary/Zend/Cache/Frontend Page.php
2011.07.08 23:44 B F:\xampp\htdocs\zendLibrary\Zend\Cache\Frontend\WS_FTP.LOG --> ftp.radiofone.com.br /public_html/radiofone/zendLibrary/Zend/Cache/Frontend WS_FTP.LOG
2011.07.09 00:45 B F:\xampp\htdocs\zendLibrary\Zend\Cache\Frontend\WS_FTP.LOG --> ftp.radiofone.com.br /public_html/radiofone/zendLibrary/Zend/Cache/Frontend WS_FTP.LOG
2011.07.26 22:44 B F:\xampp\htdocs\zendLibrary\Zend\Cache\Frontend\Capture.php --> ftp.sobrafo.org.br /public_html/zendLibrary/Zend/Cache/Frontend Capture.php
2011.07.26 22:44 B F:\xampp\htdocs\zendLibrary\Zend\Cache\Frontend\Class.php --> ftp.sobrafo.org.br /public_html/zendLibrary/Zend/Cache/Frontend Class.php
2011.07.26 22:44 B F:\xampp\htdocs\zendLibrary\Zend\Cache\Frontend\File.php --> ftp.sobrafo.org.br /public_html/zendLibrary/Zend/Cache/Frontend File.php
2011.07.26 22:44 B F:\xampp\htdocs\zendLibrary\Zend\Cache\Frontend\Function.php --> ftp.sobrafo.org.br /public_html/zendLibrary/Zend/Cache/Frontend Function.php
2011.07.26 22:44 B F:\xampp\htdocs\zendLibrary\Zend\Cache\Frontend\Output.php --> ftp.sobrafo.org.br /public_html/zendLibrary/Zend/Cache/Frontend Output.php
2011.07.26 22:44 B F:\xampp\htdocs\zendLibrary\Zend\Cache\Frontend\Page.php --> ftp.sobrafo.org.br /public_html/zendLibrary/Zend/Cache/Frontend Page.php
2011.07.26 22:44 B F:\xampp\htdocs\zendLibrary\Zend\Cache\Frontend\WS_FTP.LOG --> ftp.sobrafo.org.br /public_html/zendLibrary/Zend/Cache/Frontend WS_FTP.LOG
2011.08.05 01:00 B F:\xampp\htdocs\ZendLibrary\Zend\Cache\Frontend\WS_FTP.LOG --> ftp.portalridgid.com.br /public_html/zendLibrary/Zend/Cache/Frontend WS_FTP.LOG
2011.08.09 16:54 B F:\xampp\htdocs\ZendLibrary\Zend\Cache\Frontend\Capture.php --> ftp.amfar.com.br /public_html/ZendLibrary/Zend/Cache/Frontend Capture.php
2011.08.09 16:54 B F:\xampp\htdocs\ZendLibrary\Zend\Cache\Frontend\Class.php --> ftp.amfar.com.br /public_html/ZendLibrary/Zend/Cache/Frontend Class.php
2011.08.09 16:54 B F:\xampp\htdocs\ZendLibrary\Zend\Cache\Frontend\File.php --> ftp.amfar.com.br /public_html/ZendLibrary/Zend/Cache/Frontend File.php
2011.08.09 16:54 B F:\xampp\htdocs\ZendLibrary\Zend\Cache\Frontend\Function.php --> ftp.amfar.com.br /public_html/ZendLibrary/Zend/Cache/Frontend Function.php
2011.08.09 16:54 B F:\xampp\htdocs\ZendLibrary\Zend\Cache\Frontend\Output.php --> ftp.amfar.com.br /public_html/ZendLibrary/Zend/Cache/Frontend Output.php
2011.08.09 16:54 B F:\xampp\htdocs\ZendLibrary\Zend\Cache\Frontend\Page.php --> ftp.amfar.com.br /public_html/ZendLibrary/Zend/Cache/Frontend Page.php
2011.08.09 16:54 B F:\xampp\htdocs\ZendLibrary\Zend\Cache\Frontend\WS_FTP.LOG --> ftp.amfar.com.br /public_html/ZendLibrary/Zend/Cache/Frontend WS_FTP.LOG
2011.08.22 20:57 B X:\xampp\htdocs\ZendLibrary\Zend\Cache\Frontend\Capture.php --> ftp.jairodepaula.com.br /jairodepaula/web/ZendLibrary/Zend/Cache/Frontend Capture.php
2011.08.22 20:57 B X:\xampp\htdocs\ZendLibrary\Zend\Cache\Frontend\Class.php --> ftp.jairodepaula.com.br /jairodepaula/web/ZendLibrary/Zend/Cache/Frontend Class.php
2011.08.22 20:57 B X:\xampp\htdocs\ZendLibrary\Zend\Cache\Frontend\File.php --> ftp.jairodepaula.com.br /jairodepaula/web/ZendLibrary/Zend/Cache/Frontend File.php
2011.08.22 20:57 B X:\xampp\htdocs\ZendLibrary\Zend\Cache\Frontend\Function.php --> ftp.jairodepaula.com.br /jairodepaula/web/ZendLibrary/Zend/Cache/Frontend Function.php
2011.08.22 20:57 B X:\xampp\htdocs\ZendLibrary\Zend\Cache\Frontend\Output.php --> ftp.jairodepaula.com.br /jairodepaula/web/ZendLibrary/Zend/Cache/Frontend Output.php
2011.08.22 20:57 B X:\xampp\htdocs\ZendLibrary\Zend\Cache\Frontend\Page.php --> ftp.jairodepaula.com.br /jairodepaula/web/ZendLibrary/Zend/Cache/Frontend Page.php
2011.08.22 20:57 B X:\xampp\htdocs\ZendLibrary\Zend\Cache\Frontend\WS_FTP.LOG --> ftp.jairodepaula.com.br /jairodepaula/web/ZendLibrary/Zend/Cache/Frontend WS_FTP.LOG
2011.12.31 14:47 B F:\xampp\htdocs\ZendLibrary\Zend\Cache\Frontend\Capture.php --> ftp.sbrafh.org.br /public_html/ZendLibrary/Zend/Cache/Frontend Capture.php
2011.12.31 14:47 B F:\xampp\htdocs\ZendLibrary\Zend\Cache\Frontend\Class.php --> ftp.sbrafh.org.br /public_html/ZendLibrary/Zend/Cache/Frontend Class.php
2011.12.31 14:47 B F:\xampp\htdocs\ZendLibrary\Zend\Cache\Frontend\File.php --> ftp.sbrafh.org.br /public_html/ZendLibrary/Zend/Cache/Frontend File.php
2011.12.31 14:47 B F:\xampp\htdocs\ZendLibrary\Zend\Cache\Frontend\Function.php --> ftp.sbrafh.org.br /public_html/ZendLibrary/Zend/Cache/Frontend Function.php
2011.12.31 14:47 B F:\xampp\htdocs\ZendLibrary\Zend\Cache\Frontend\Output.php --> ftp.sbrafh.org.br /public_html/ZendLibrary/Zend/Cache/Frontend Output.php
2011.12.31 14:47 B F:\xampp\htdocs\ZendLibrary\Zend\Cache\Frontend\Page.php --> ftp.sbrafh.org.br /public_html/ZendLibrary/Zend/Cache/Frontend Page.php
2011.12.31 14:47 B F:\xampp\htdocs\ZendLibrary\Zend\Cache\Frontend\WS_FTP.LOG --> ftp.sbrafh.org.br /public_html/ZendLibrary/Zend/Cache/Frontend WS_FTP.LOG
2012.01.06 03:16 B F:\xampp\htdocs\ZendLibrary\Zend\Cache\Frontend\Capture.php --> ftp461.locaweb.com.br /ridgid/web/ZendLibrary/Zend/Cache/Frontend Capture.php
2012.01.06 03:16 B F:\xampp\htdocs\ZendLibrary\Zend\Cache\Frontend\Class.php --> ftp461.locaweb.com.br /ridgid/web/ZendLibrary/Zend/Cache/Frontend Class.php
2012.01.06 03:16 B F:\xampp\htdocs\ZendLibrary\Zend\Cache\Frontend\File.php --> ftp461.locaweb.com.br /ridgid/web/ZendLibrary/Zend/Cache/Frontend File.php
2012.01.06 03:16 B F:\xampp\htdocs\ZendLibrary\Zend\Cache\Frontend\Function.php --> ftp461.locaweb.com.br /ridgid/web/ZendLibrary/Zend/Cache/Frontend Function.php
2012.01.06 03:16 B F:\xampp\htdocs\ZendLibrary\Zend\Cache\Frontend\Output.php --> ftp461.locaweb.com.br /ridgid/web/ZendLibrary/Zend/Cache/Frontend Output.php
2012.01.06 03:16 B F:\xampp\htdocs\ZendLibrary\Zend\Cache\Frontend\Page.php --> ftp461.locaweb.com.br /ridgid/web/ZendLibrary/Zend/Cache/Frontend Page.php
2012.01.06 03:16 B F:\xampp\htdocs\ZendLibrary\Zend\Cache\Frontend\WS_FTP.LOG --> ftp461.locaweb.com.br /ridgid/web/ZendLibrary/Zend/Cache/Frontend WS_FTP.LOG
2012.01.24 17:29 B F:\xampp\htdocs\ZendLibrary\Zend\Cache\Frontend\Capture.php --> graficamarmar.com.br /htdocs/ZendLibrary/Zend/Cache/Frontend Capture.php
2012.01.24 17:29 B F:\xampp\htdocs\ZendLibrary\Zend\Cache\Frontend\Class.php --> graficamarmar.com.br /htdocs/ZendLibrary/Zend/Cache/Frontend Class.php
2012.01.24 17:29 B F:\xampp\htdocs\ZendLibrary\Zend\Cache\Frontend\File.php --> graficamarmar.com.br /htdocs/ZendLibrary/Zend/Cache/Frontend File.php
2012.01.24 17:29 B F:\xampp\htdocs\ZendLibrary\Zend\Cache\Frontend\Function.php --> graficamarmar.com.br /htdocs/ZendLibrary/Zend/Cache/Frontend Function.php
2012.01.24 17:29 B F:\xampp\htdocs\ZendLibrary\Zend\Cache\Frontend\Output.php --> graficamarmar.com.br /htdocs/ZendLibrary/Zend/Cache/Frontend Output.php
2012.01.24 17:29 B F:\xampp\htdocs\ZendLibrary\Zend\Cache\Frontend\Page.php --> graficamarmar.com.br /htdocs/ZendLibrary/Zend/Cache/Frontend Page.php
2012.01.24 17:29 B F:\xampp\htdocs\ZendLibrary\Zend\Cache\Frontend\WS_FTP.LOG --> graficamarmar.com.br /htdocs/ZendLibrary/Zend/Cache/Frontend WS_FTP.LOG
2012.02.08 17:04 B F:\xampp\htdocs\ZendLibrary\Zend\Cache\Frontend\Capture.php --> graficamarmar.hospedagemdesites.ws /public_html/ZendLibrary/Zend/Cache/Frontend Capture.php
2012.02.08 17:04 B F:\xampp\htdocs\ZendLibrary\Zend\Cache\Frontend\Class.php --> graficamarmar.hospedagemdesites.ws /public_html/ZendLibrary/Zend/Cache/Frontend Class.php
2012.02.08 17:04 B F:\xampp\htdocs\ZendLibrary\Zend\Cache\Frontend\File.php --> graficamarmar.hospedagemdesites.ws /public_html/ZendLibrary/Zend/Cache/Frontend File.php
2012.02.08 17:04 B F:\xampp\htdocs\ZendLibrary\Zend\Cache\Frontend\Function.php --> graficamarmar.hospedagemdesites.ws /public_html/ZendLibrary/Zend/Cache/Frontend Function.php
2012.02.08 17:04 B F:\xampp\htdocs\ZendLibrary\Zend\Cache\Frontend\Output.php --> graficamarmar.hospedagemdesites.ws /public_html/ZendLibrary/Zend/Cache/Frontend Output.php
2012.02.08 17:04 B F:\xampp\htdocs\ZendLibrary\Zend\Cache\Frontend\Page.php --> graficamarmar.hospedagemdesites.ws /public_html/ZendLibrary/Zend/Cache/Frontend Page.php
2012.02.08 17:04 B F:\xampp\htdocs\ZendLibrary\Zend\Cache\Frontend\WS_FTP.LOG --> graficamarmar.hospedagemdesites.ws /public_html/ZendLibrary/Zend/Cache/Frontend WS_FTP.LOG
2012.10.29 14:40 B F:\xampp\htdocs\ZendLibrary\Zend\Cache\Frontend\Capture.php --> 186.202.153.85 /public_html/ZendLibrary/Zend/Cache/Frontend Capture.php
2012.10.29 14:40 B F:\xampp\htdocs\ZendLibrary\Zend\Cache\Frontend\Class.php --> 186.202.153.85 /public_html/ZendLibrary/Zend/Cache/Frontend Class.php
2012.10.29 14:40 B F:\xampp\htdocs\ZendLibrary\Zend\Cache\Frontend\File.php --> 186.202.153.85 /public_html/ZendLibrary/Zend/Cache/Frontend File.php
2012.10.29 14:40 B F:\xampp\htdocs\ZendLibrary\Zend\Cache\Frontend\Function.php --> 186.202.153.85 /public_html/ZendLibrary/Zend/Cache/Frontend Function.php
2012.10.29 14:40 B F:\xampp\htdocs\ZendLibrary\Zend\Cache\Frontend\Output.php --> 186.202.153.85 /public_html/ZendLibrary/Zend/Cache/Frontend Output.php
2012.10.29 14:40 B F:\xampp\htdocs\ZendLibrary\Zend\Cache\Frontend\Page.php --> 186.202.153.85 /public_html/ZendLibrary/Zend/Cache/Frontend Page.php
2012.10.29 14:40 B F:\xampp\htdocs\ZendLibrary\Zend\Cache\Frontend\WS_FTP.LOG --> 186.202.153.85 /public_html/ZendLibrary/Zend/Cache/Frontend WS_FTP.LOG
