2011.06.20 18:34 B F:\xampp\htdocs\zf-tutorial\library\Zend\Feed\Builder\Entry.php --> ftp.portalridgid.com.br /public_html/zf-tutorial/library/Zend/Feed/Builder Entry.php
2011.06.20 18:34 B F:\xampp\htdocs\zf-tutorial\library\Zend\Feed\Builder\Exception.php --> ftp.portalridgid.com.br /public_html/zf-tutorial/library/Zend/Feed/Builder Exception.php
2011.06.20 18:34 B F:\xampp\htdocs\zf-tutorial\library\Zend\Feed\Builder\Header.php --> ftp.portalridgid.com.br /public_html/zf-tutorial/library/Zend/Feed/Builder Header.php
2011.06.20 18:34 B F:\xampp\htdocs\zf-tutorial\library\Zend\Feed\Builder\Interface.php --> ftp.portalridgid.com.br /public_html/zf-tutorial/library/Zend/Feed/Builder Interface.php
2011.06.30 03:40 B F:\xampp\htdocs\zendLibrary\Zend\Feed\Builder\WS_FTP.LOG --> ftp.sbrafh.org.br /sbrafh/Web/zendLibrary/Zend/Feed/Builder WS_FTP.LOG
2011.06.30 03:40 B F:\xampp\htdocs\zendLibrary\Zend\Feed\Builder\Interface.php --> ftp.sbrafh.org.br /sbrafh/Web/zendLibrary/Zend/Feed/Builder Interface.php
2011.06.30 03:40 B F:\xampp\htdocs\zendLibrary\Zend\Feed\Builder\Header.php --> ftp.sbrafh.org.br /sbrafh/Web/zendLibrary/Zend/Feed/Builder Header.php
2011.06.30 03:40 B F:\xampp\htdocs\zendLibrary\Zend\Feed\Builder\Exception.php --> ftp.sbrafh.org.br /sbrafh/Web/zendLibrary/Zend/Feed/Builder Exception.php
2011.06.30 03:40 B F:\xampp\htdocs\zendLibrary\Zend\Feed\Builder\Entry.php --> ftp.sbrafh.org.br /sbrafh/Web/zendLibrary/Zend/Feed/Builder Entry.php
2011.07.08 23:47 B F:\xampp\htdocs\zendLibrary\Zend\Feed\Builder\Entry.php --> ftp.radiofone.com.br /public_html/radiofone/zendLibrary/Zend/Feed/Builder Entry.php
2011.07.08 23:47 B F:\xampp\htdocs\zendLibrary\Zend\Feed\Builder\Exception.php --> ftp.radiofone.com.br /public_html/radiofone/zendLibrary/Zend/Feed/Builder Exception.php
2011.07.08 23:47 B F:\xampp\htdocs\zendLibrary\Zend\Feed\Builder\Header.php --> ftp.radiofone.com.br /public_html/radiofone/zendLibrary/Zend/Feed/Builder Header.php
2011.07.08 23:47 B F:\xampp\htdocs\zendLibrary\Zend\Feed\Builder\Interface.php --> ftp.radiofone.com.br /public_html/radiofone/zendLibrary/Zend/Feed/Builder Interface.php
2011.07.08 23:47 B F:\xampp\htdocs\zendLibrary\Zend\Feed\Builder\WS_FTP.LOG --> ftp.radiofone.com.br /public_html/radiofone/zendLibrary/Zend/Feed/Builder WS_FTP.LOG
2011.07.26 22:48 B F:\xampp\htdocs\zendLibrary\Zend\Feed\Builder\Entry.php --> ftp.sobrafo.org.br /public_html/zendLibrary/Zend/Feed/Builder Entry.php
2011.07.26 22:48 B F:\xampp\htdocs\zendLibrary\Zend\Feed\Builder\Exception.php --> ftp.sobrafo.org.br /public_html/zendLibrary/Zend/Feed/Builder Exception.php
2011.07.26 22:48 B F:\xampp\htdocs\zendLibrary\Zend\Feed\Builder\Header.php --> ftp.sobrafo.org.br /public_html/zendLibrary/Zend/Feed/Builder Header.php
2011.07.26 22:48 B F:\xampp\htdocs\zendLibrary\Zend\Feed\Builder\Interface.php --> ftp.sobrafo.org.br /public_html/zendLibrary/Zend/Feed/Builder Interface.php
2011.07.26 22:48 B F:\xampp\htdocs\zendLibrary\Zend\Feed\Builder\WS_FTP.LOG --> ftp.sobrafo.org.br /public_html/zendLibrary/Zend/Feed/Builder WS_FTP.LOG
2011.08.09 16:58 B F:\xampp\htdocs\ZendLibrary\Zend\Feed\Builder\Entry.php --> ftp.amfar.com.br /public_html/ZendLibrary/Zend/Feed/Builder Entry.php
2011.08.09 16:58 B F:\xampp\htdocs\ZendLibrary\Zend\Feed\Builder\Exception.php --> ftp.amfar.com.br /public_html/ZendLibrary/Zend/Feed/Builder Exception.php
2011.08.09 16:58 B F:\xampp\htdocs\ZendLibrary\Zend\Feed\Builder\Header.php --> ftp.amfar.com.br /public_html/ZendLibrary/Zend/Feed/Builder Header.php
2011.08.09 16:58 B F:\xampp\htdocs\ZendLibrary\Zend\Feed\Builder\Interface.php --> ftp.amfar.com.br /public_html/ZendLibrary/Zend/Feed/Builder Interface.php
