2011.06.20 18:52 B F:\xampp\htdocs\zf-tutorial\library\Zend\Service\DeveloperGarden\Response\IpLocation\CityType.php --> ftp.portalridgid.com.br /public_html/zf-tutorial/library/Zend/Service/DeveloperGarden/Response/IpLocation CityType.php
2011.06.20 18:52 B F:\xampp\htdocs\zf-tutorial\library\Zend\Service\DeveloperGarden\Response\IpLocation\GeoCoordinatesType.php --> ftp.portalridgid.com.br /public_html/zf-tutorial/library/Zend/Service/DeveloperGarden/Response/IpLocation GeoCoordinatesType.php
2011.06.20 18:52 B F:\xampp\htdocs\zf-tutorial\library\Zend\Service\DeveloperGarden\Response\IpLocation\IPAddressLocationType.php --> ftp.portalridgid.com.br /public_html/zf-tutorial/library/Zend/Service/DeveloperGarden/Response/IpLocation IPAddressLocationType.php
2011.06.20 18:52 B F:\xampp\htdocs\zf-tutorial\library\Zend\Service\DeveloperGarden\Response\IpLocation\LocateIPResponse.php --> ftp.portalridgid.com.br /public_html/zf-tutorial/library/Zend/Service/DeveloperGarden/Response/IpLocation LocateIPResponse.php
2011.06.20 18:52 B F:\xampp\htdocs\zf-tutorial\library\Zend\Service\DeveloperGarden\Response\IpLocation\LocateIPResponseType.php --> ftp.portalridgid.com.br /public_html/zf-tutorial/library/Zend/Service/DeveloperGarden/Response/IpLocation LocateIPResponseType.php
2011.06.20 18:52 B F:\xampp\htdocs\zf-tutorial\library\Zend\Service\DeveloperGarden\Response\IpLocation\RegionType.php --> ftp.portalridgid.com.br /public_html/zf-tutorial/library/Zend/Service/DeveloperGarden/Response/IpLocation RegionType.php
2011.06.30 03:14 B F:\xampp\htdocs\zendLibrary\Zend\Service\DeveloperGarden\Response\IpLocation\WS_FTP.LOG --> ftp.sbrafh.org.br /sbrafh/Web/zendLibrary/Zend/Service/DeveloperGarden/Response/IpLocation WS_FTP.LOG
2011.06.30 03:14 B F:\xampp\htdocs\zendLibrary\Zend\Service\DeveloperGarden\Response\IpLocation\RegionType.php --> ftp.sbrafh.org.br /sbrafh/Web/zendLibrary/Zend/Service/DeveloperGarden/Response/IpLocation RegionType.php
2011.06.30 03:14 B F:\xampp\htdocs\zendLibrary\Zend\Service\DeveloperGarden\Response\IpLocation\LocateIPResponseType.php --> ftp.sbrafh.org.br /sbrafh/Web/zendLibrary/Zend/Service/DeveloperGarden/Response/IpLocation LocateIPResponseType.php
2011.06.30 03:14 B F:\xampp\htdocs\zendLibrary\Zend\Service\DeveloperGarden\Response\IpLocation\LocateIPResponse.php --> ftp.sbrafh.org.br /sbrafh/Web/zendLibrary/Zend/Service/DeveloperGarden/Response/IpLocation LocateIPResponse.php
2011.06.30 03:14 B F:\xampp\htdocs\zendLibrary\Zend\Service\DeveloperGarden\Response\IpLocation\IPAddressLocationType.php --> ftp.sbrafh.org.br /sbrafh/Web/zendLibrary/Zend/Service/DeveloperGarden/Response/IpLocation IPAddressLocationType.php
2011.06.30 03:14 B F:\xampp\htdocs\zendLibrary\Zend\Service\DeveloperGarden\Response\IpLocation\GeoCoordinatesType.php --> ftp.sbrafh.org.br /sbrafh/Web/zendLibrary/Zend/Service/DeveloperGarden/Response/IpLocation GeoCoordinatesType.php
2011.06.30 03:14 B F:\xampp\htdocs\zendLibrary\Zend\Service\DeveloperGarden\Response\IpLocation\CityType.php --> ftp.sbrafh.org.br /sbrafh/Web/zendLibrary/Zend/Service/DeveloperGarden/Response/IpLocation CityType.php
2011.07.09 00:19 B F:\xampp\htdocs\zendLibrary\Zend\Service\DeveloperGarden\Response\IpLocation\CityType.php --> ftp.radiofone.com.br /public_html/radiofone/zendLibrary/Zend/Service/DeveloperGarden/Response/IpLocation CityType.php
2011.07.09 00:19 B F:\xampp\htdocs\zendLibrary\Zend\Service\DeveloperGarden\Response\IpLocation\GeoCoordinatesType.php --> ftp.radiofone.com.br /public_html/radiofone/zendLibrary/Zend/Service/DeveloperGarden/Response/IpLocation GeoCoordinatesType.php
2011.07.09 00:19 B F:\xampp\htdocs\zendLibrary\Zend\Service\DeveloperGarden\Response\IpLocation\IPAddressLocationType.php --> ftp.radiofone.com.br /public_html/radiofone/zendLibrary/Zend/Service/DeveloperGarden/Response/IpLocation IPAddressLocationType.php
2011.07.09 00:19 B F:\xampp\htdocs\zendLibrary\Zend\Service\DeveloperGarden\Response\IpLocation\LocateIPResponse.php --> ftp.radiofone.com.br /public_html/radiofone/zendLibrary/Zend/Service/DeveloperGarden/Response/IpLocation LocateIPResponse.php
2011.07.09 00:19 B F:\xampp\htdocs\zendLibrary\Zend\Service\DeveloperGarden\Response\IpLocation\LocateIPResponseType.php --> ftp.radiofone.com.br /public_html/radiofone/zendLibrary/Zend/Service/DeveloperGarden/Response/IpLocation LocateIPResponseType.php
2011.07.09 00:19 B F:\xampp\htdocs\zendLibrary\Zend\Service\DeveloperGarden\Response\IpLocation\RegionType.php --> ftp.radiofone.com.br /public_html/radiofone/zendLibrary/Zend/Service/DeveloperGarden/Response/IpLocation RegionType.php
2011.07.09 00:19 B F:\xampp\htdocs\zendLibrary\Zend\Service\DeveloperGarden\Response\IpLocation\WS_FTP.LOG --> ftp.radiofone.com.br /public_html/radiofone/zendLibrary/Zend/Service/DeveloperGarden/Response/IpLocation WS_FTP.LOG
2011.07.09 00:52 B F:\xampp\htdocs\zendLibrary\Zend\Service\DeveloperGarden\Response\IpLocation\WS_FTP.LOG --> ftp.radiofone.com.br /public_html/radiofone/zendLibrary/Zend/Service/DeveloperGarden/Response/IpLocation WS_FTP.LOG
2011.07.26 23:08 B F:\xampp\htdocs\zendLibrary\Zend\Service\DeveloperGarden\Response\IpLocation\CityType.php --> ftp.sobrafo.org.br /public_html/zendLibrary/Zend/Service/DeveloperGarden/Response/IpLocation CityType.php
2011.07.26 23:08 B F:\xampp\htdocs\zendLibrary\Zend\Service\DeveloperGarden\Response\IpLocation\GeoCoordinatesType.php --> ftp.sobrafo.org.br /public_html/zendLibrary/Zend/Service/DeveloperGarden/Response/IpLocation GeoCoordinatesType.php
2011.07.26 23:08 B F:\xampp\htdocs\zendLibrary\Zend\Service\DeveloperGarden\Response\IpLocation\IPAddressLocationType.php --> ftp.sobrafo.org.br /public_html/zendLibrary/Zend/Service/DeveloperGarden/Response/IpLocation IPAddressLocationType.php
2011.07.26 23:08 B F:\xampp\htdocs\zendLibrary\Zend\Service\DeveloperGarden\Response\IpLocation\LocateIPResponse.php --> ftp.sobrafo.org.br /public_html/zendLibrary/Zend/Service/DeveloperGarden/Response/IpLocation LocateIPResponse.php
2011.07.26 23:08 B F:\xampp\htdocs\zendLibrary\Zend\Service\DeveloperGarden\Response\IpLocation\LocateIPResponseType.php --> ftp.sobrafo.org.br /public_html/zendLibrary/Zend/Service/DeveloperGarden/Response/IpLocation LocateIPResponseType.php
2011.07.26 23:08 B F:\xampp\htdocs\zendLibrary\Zend\Service\DeveloperGarden\Response\IpLocation\RegionType.php --> ftp.sobrafo.org.br /public_html/zendLibrary/Zend/Service/DeveloperGarden/Response/IpLocation RegionType.php
2011.07.26 23:08 B F:\xampp\htdocs\zendLibrary\Zend\Service\DeveloperGarden\Response\IpLocation\WS_FTP.LOG --> ftp.sobrafo.org.br /public_html/zendLibrary/Zend/Service/DeveloperGarden/Response/IpLocation WS_FTP.LOG
2011.08.09 17:28 B F:\xampp\htdocs\ZendLibrary\Zend\Service\DeveloperGarden\Response\IpLocation\CityType.php --> ftp.amfar.com.br /public_html/ZendLibrary/Zend/Service/DeveloperGarden/Response/IpLocation CityType.php
2011.08.09 17:28 B F:\xampp\htdocs\ZendLibrary\Zend\Service\DeveloperGarden\Response\IpLocation\GeoCoordinatesType.php --> ftp.amfar.com.br /public_html/ZendLibrary/Zend/Service/DeveloperGarden/Response/IpLocation GeoCoordinatesType.php
2011.08.09 17:28 B F:\xampp\htdocs\ZendLibrary\Zend\Service\DeveloperGarden\Response\IpLocation\IPAddressLocationType.php --> ftp.amfar.com.br /public_html/ZendLibrary/Zend/Service/DeveloperGarden/Response/IpLocation IPAddressLocationType.php
2011.08.09 17:28 B F:\xampp\htdocs\ZendLibrary\Zend\Service\DeveloperGarden\Response\IpLocation\LocateIPResponse.php --> ftp.amfar.com.br /public_html/ZendLibrary/Zend/Service/DeveloperGarden/Response/IpLocation LocateIPResponse.php
2011.08.09 17:28 B F:\xampp\htdocs\ZendLibrary\Zend\Service\DeveloperGarden\Response\IpLocation\LocateIPResponseType.php --> ftp.amfar.com.br /public_html/ZendLibrary/Zend/Service/DeveloperGarden/Response/IpLocation LocateIPResponseType.php
2011.08.09 17:28 B F:\xampp\htdocs\ZendLibrary\Zend\Service\DeveloperGarden\Response\IpLocation\RegionType.php --> ftp.amfar.com.br /public_html/ZendLibrary/Zend/Service/DeveloperGarden/Response/IpLocation RegionType.php
