2011.06.20 18:58 B F:\xampp\htdocs\zf-tutorial\library\Zend\View\Helper\Placeholder\Container.php --> ftp.portalridgid.com.br /public_html/zf-tutorial/library/Zend/View/Helper/Placeholder Container.php
2011.06.20 18:58 B F:\xampp\htdocs\zf-tutorial\library\Zend\View\Helper\Placeholder\Registry.php --> ftp.portalridgid.com.br /public_html/zf-tutorial/library/Zend/View/Helper/Placeholder Registry.php
2011.06.30 03:08 B F:\xampp\htdocs\zendLibrary\Zend\View\Helper\Placeholder\WS_FTP.LOG --> ftp.sbrafh.org.br /sbrafh/Web/zendLibrary/Zend/View/Helper/Placeholder WS_FTP.LOG
2011.06.30 03:08 B F:\xampp\htdocs\zendLibrary\Zend\View\Helper\Placeholder\Registry.php --> ftp.sbrafh.org.br /sbrafh/Web/zendLibrary/Zend/View/Helper/Placeholder Registry.php
2011.06.30 03:08 B F:\xampp\htdocs\zendLibrary\Zend\View\Helper\Placeholder\Container.php --> ftp.sbrafh.org.br /sbrafh/Web/zendLibrary/Zend/View/Helper/Placeholder Container.php
2011.07.09 00:26 B F:\xampp\htdocs\zendLibrary\Zend\View\Helper\Placeholder\Container.php --> ftp.radiofone.com.br /public_html/radiofone/zendLibrary/Zend/View/Helper/Placeholder Container.php
2011.07.09 00:26 B F:\xampp\htdocs\zendLibrary\Zend\View\Helper\Placeholder\Registry.php --> ftp.radiofone.com.br /public_html/radiofone/zendLibrary/Zend/View/Helper/Placeholder Registry.php
2011.07.09 00:26 B F:\xampp\htdocs\zendLibrary\Zend\View\Helper\Placeholder\WS_FTP.LOG --> ftp.radiofone.com.br /public_html/radiofone/zendLibrary/Zend/View/Helper/Placeholder WS_FTP.LOG
2011.07.09 00:54 B F:\xampp\htdocs\zendLibrary\Zend\View\Helper\Placeholder\WS_FTP.LOG --> ftp.radiofone.com.br /public_html/radiofone/zendLibrary/Zend/View/Helper/Placeholder WS_FTP.LOG
2011.07.26 23:14 B F:\xampp\htdocs\zendLibrary\Zend\View\Helper\Placeholder\Container.php --> ftp.sobrafo.org.br /public_html/zendLibrary/Zend/View/Helper/Placeholder Container.php
2011.07.26 23:14 B F:\xampp\htdocs\zendLibrary\Zend\View\Helper\Placeholder\Registry.php --> ftp.sobrafo.org.br /public_html/zendLibrary/Zend/View/Helper/Placeholder Registry.php
2011.07.26 23:14 B F:\xampp\htdocs\zendLibrary\Zend\View\Helper\Placeholder\WS_FTP.LOG --> ftp.sobrafo.org.br /public_html/zendLibrary/Zend/View/Helper/Placeholder WS_FTP.LOG
2011.08.09 17:34 B F:\xampp\htdocs\ZendLibrary\Zend\View\Helper\Placeholder\Container.php --> ftp.amfar.com.br /public_html/ZendLibrary/Zend/View/Helper/Placeholder Container.php
2011.08.09 17:34 B F:\xampp\htdocs\ZendLibrary\Zend\View\Helper\Placeholder\Registry.php --> ftp.amfar.com.br /public_html/ZendLibrary/Zend/View/Helper/Placeholder Registry.php
2011.08.09 17:34 B F:\xampp\htdocs\ZendLibrary\Zend\View\Helper\Placeholder\WS_FTP.LOG --> ftp.amfar.com.br /public_html/ZendLibrary/Zend/View/Helper/Placeholder WS_FTP.LOG
2011.08.22 21:36 B X:\xampp\htdocs\ZendLibrary\Zend\View\Helper\Placeholder\Container.php --> ftp.jairodepaula.com.br /jairodepaula/web/ZendLibrary/Zend/View/Helper/Placeholder Container.php
2011.08.22 21:36 B X:\xampp\htdocs\ZendLibrary\Zend\View\Helper\Placeholder\Registry.php --> ftp.jairodepaula.com.br /jairodepaula/web/ZendLibrary/Zend/View/Helper/Placeholder Registry.php
2011.08.22 21:36 B X:\xampp\htdocs\ZendLibrary\Zend\View\Helper\Placeholder\WS_FTP.LOG --> ftp.jairodepaula.com.br /jairodepaula/web/ZendLibrary/Zend/View/Helper/Placeholder WS_FTP.LOG
2011.12.31 15:13 B F:\xampp\htdocs\ZendLibrary\Zend\View\Helper\Placeholder\Container.php --> ftp.sbrafh.org.br /public_html/ZendLibrary/Zend/View/Helper/Placeholder Container.php
2011.12.31 15:13 B F:\xampp\htdocs\ZendLibrary\Zend\View\Helper\Placeholder\Registry.php --> ftp.sbrafh.org.br /public_html/ZendLibrary/Zend/View/Helper/Placeholder Registry.php
2011.12.31 15:13 B F:\xampp\htdocs\ZendLibrary\Zend\View\Helper\Placeholder\WS_FTP.LOG --> ftp.sbrafh.org.br /public_html/ZendLibrary/Zend/View/Helper/Placeholder WS_FTP.LOG
2012.01.06 03:51 B F:\xampp\htdocs\ZendLibrary\Zend\View\Helper\Placeholder\Container.php --> ftp461.locaweb.com.br /ridgid/web/ZendLibrary/Zend/View/Helper/Placeholder Container.php
2012.01.06 03:51 B F:\xampp\htdocs\ZendLibrary\Zend\View\Helper\Placeholder\Registry.php --> ftp461.locaweb.com.br /ridgid/web/ZendLibrary/Zend/View/Helper/Placeholder Registry.php
2012.01.06 03:51 B F:\xampp\htdocs\ZendLibrary\Zend\View\Helper\Placeholder\WS_FTP.LOG --> ftp461.locaweb.com.br /ridgid/web/ZendLibrary/Zend/View/Helper/Placeholder WS_FTP.LOG
2012.01.24 19:20 B F:\xampp\htdocs\ZendLibrary\Zend\View\Helper\Placeholder\Container.php --> graficamarmar.com.br /htdocs/ZendLibrary/Zend/View/Helper/Placeholder Container.php
2012.01.24 19:20 B F:\xampp\htdocs\ZendLibrary\Zend\View\Helper\Placeholder\Registry.php --> graficamarmar.com.br /htdocs/ZendLibrary/Zend/View/Helper/Placeholder Registry.php
2012.01.24 19:20 B F:\xampp\htdocs\ZendLibrary\Zend\View\Helper\Placeholder\WS_FTP.LOG --> graficamarmar.com.br /htdocs/ZendLibrary/Zend/View/Helper/Placeholder WS_FTP.LOG
2012.02.08 17:29 B F:\xampp\htdocs\ZendLibrary\Zend\View\Helper\Placeholder\Container.php --> graficamarmar.hospedagemdesites.ws /public_html/ZendLibrary/Zend/View/Helper/Placeholder Container.php
2012.02.08 17:29 B F:\xampp\htdocs\ZendLibrary\Zend\View\Helper\Placeholder\Registry.php --> graficamarmar.hospedagemdesites.ws /public_html/ZendLibrary/Zend/View/Helper/Placeholder Registry.php
2012.02.08 17:29 B F:\xampp\htdocs\ZendLibrary\Zend\View\Helper\Placeholder\WS_FTP.LOG --> graficamarmar.hospedagemdesites.ws /public_html/ZendLibrary/Zend/View/Helper/Placeholder WS_FTP.LOG
2012.10.29 15:07 B F:\xampp\htdocs\ZendLibrary\Zend\View\Helper\Placeholder\Container.php --> 186.202.153.85 /public_html/ZendLibrary/Zend/View/Helper/Placeholder Container.php
2012.10.29 15:07 B F:\xampp\htdocs\ZendLibrary\Zend\View\Helper\Placeholder\Registry.php --> 186.202.153.85 /public_html/ZendLibrary/Zend/View/Helper/Placeholder Registry.php
2012.10.29 15:07 B F:\xampp\htdocs\ZendLibrary\Zend\View\Helper\Placeholder\WS_FTP.LOG --> 186.202.153.85 /public_html/ZendLibrary/Zend/View/Helper/Placeholder WS_FTP.LOG
